[2025-04-03T10:28:36.454+0000] {processor.py:161} INFO - Started process (PID=79) to work on /opt/airflow/dags/fetch_data_and_upload_to_gcs.py
[2025-04-03T10:28:36.456+0000] {processor.py:830} INFO - Processing file /opt/airflow/dags/fetch_data_and_upload_to_gcs.py for tasks to queue
[2025-04-03T10:28:36.460+0000] {logging_mixin.py:188} INFO - [2025-04-03T10:28:36.459+0000] {dagbag.py:540} INFO - Filling up the DagBag from /opt/airflow/dags/fetch_data_and_upload_to_gcs.py
[2025-04-03T10:28:36.475+0000] {processor.py:840} INFO - DAG(s) 'fetch_data_and_upload_to_gcs' retrieved from /opt/airflow/dags/fetch_data_and_upload_to_gcs.py
[2025-04-03T10:28:36.741+0000] {logging_mixin.py:188} INFO - [2025-04-03T10:28:36.740+0000] {dag.py:3047} INFO - Sync 1 DAGs
[2025-04-03T10:28:36.781+0000] {logging_mixin.py:188} INFO - [2025-04-03T10:28:36.780+0000] {dag.py:3834} INFO - Setting next_dagrun for fetch_data_and_upload_to_gcs to None, run_after=None
[2025-04-03T10:28:36.845+0000] {processor.py:183} INFO - Processing /opt/airflow/dags/fetch_data_and_upload_to_gcs.py took 0.397 seconds
[2025-04-03T10:29:07.619+0000] {processor.py:161} INFO - Started process (PID=140) to work on /opt/airflow/dags/fetch_data_and_upload_to_gcs.py
[2025-04-03T10:29:07.621+0000] {processor.py:830} INFO - Processing file /opt/airflow/dags/fetch_data_and_upload_to_gcs.py for tasks to queue
[2025-04-03T10:29:07.624+0000] {logging_mixin.py:188} INFO - [2025-04-03T10:29:07.623+0000] {dagbag.py:540} INFO - Filling up the DagBag from /opt/airflow/dags/fetch_data_and_upload_to_gcs.py
[2025-04-03T10:29:07.630+0000] {processor.py:840} INFO - DAG(s) 'fetch_data_and_upload_to_gcs' retrieved from /opt/airflow/dags/fetch_data_and_upload_to_gcs.py
[2025-04-03T10:29:07.661+0000] {logging_mixin.py:188} INFO - [2025-04-03T10:29:07.660+0000] {dag.py:3047} INFO - Sync 1 DAGs
[2025-04-03T10:29:07.680+0000] {logging_mixin.py:188} INFO - [2025-04-03T10:29:07.680+0000] {dag.py:3834} INFO - Setting next_dagrun for fetch_data_and_upload_to_gcs to None, run_after=None
[2025-04-03T10:29:07.712+0000] {processor.py:183} INFO - Processing /opt/airflow/dags/fetch_data_and_upload_to_gcs.py took 0.098 seconds
[2025-04-03T10:29:38.100+0000] {processor.py:161} INFO - Started process (PID=201) to work on /opt/airflow/dags/fetch_data_and_upload_to_gcs.py
[2025-04-03T10:29:38.101+0000] {processor.py:830} INFO - Processing file /opt/airflow/dags/fetch_data_and_upload_to_gcs.py for tasks to queue
[2025-04-03T10:29:38.103+0000] {logging_mixin.py:188} INFO - [2025-04-03T10:29:38.103+0000] {dagbag.py:540} INFO - Filling up the DagBag from /opt/airflow/dags/fetch_data_and_upload_to_gcs.py
[2025-04-03T10:29:38.110+0000] {processor.py:840} INFO - DAG(s) 'fetch_data_and_upload_to_gcs' retrieved from /opt/airflow/dags/fetch_data_and_upload_to_gcs.py
[2025-04-03T10:29:38.138+0000] {logging_mixin.py:188} INFO - [2025-04-03T10:29:38.137+0000] {dag.py:3047} INFO - Sync 1 DAGs
[2025-04-03T10:29:38.152+0000] {logging_mixin.py:188} INFO - [2025-04-03T10:29:38.151+0000] {dag.py:3834} INFO - Setting next_dagrun for fetch_data_and_upload_to_gcs to None, run_after=None
[2025-04-03T10:29:38.179+0000] {processor.py:183} INFO - Processing /opt/airflow/dags/fetch_data_and_upload_to_gcs.py took 0.083 seconds
[2025-04-03T10:30:08.459+0000] {processor.py:161} INFO - Started process (PID=262) to work on /opt/airflow/dags/fetch_data_and_upload_to_gcs.py
[2025-04-03T10:30:08.461+0000] {processor.py:830} INFO - Processing file /opt/airflow/dags/fetch_data_and_upload_to_gcs.py for tasks to queue
[2025-04-03T10:30:08.464+0000] {logging_mixin.py:188} INFO - [2025-04-03T10:30:08.463+0000] {dagbag.py:540} INFO - Filling up the DagBag from /opt/airflow/dags/fetch_data_and_upload_to_gcs.py
[2025-04-03T10:30:08.474+0000] {processor.py:840} INFO - DAG(s) 'fetch_data_and_upload_to_gcs' retrieved from /opt/airflow/dags/fetch_data_and_upload_to_gcs.py
[2025-04-03T10:30:08.502+0000] {logging_mixin.py:188} INFO - [2025-04-03T10:30:08.501+0000] {dag.py:3047} INFO - Sync 1 DAGs
[2025-04-03T10:30:08.526+0000] {logging_mixin.py:188} INFO - [2025-04-03T10:30:08.526+0000] {dag.py:3834} INFO - Setting next_dagrun for fetch_data_and_upload_to_gcs to None, run_after=None
[2025-04-03T10:30:08.564+0000] {processor.py:183} INFO - Processing /opt/airflow/dags/fetch_data_and_upload_to_gcs.py took 0.111 seconds
[2025-04-03T10:30:38.930+0000] {processor.py:161} INFO - Started process (PID=324) to work on /opt/airflow/dags/fetch_data_and_upload_to_gcs.py
[2025-04-03T10:30:38.932+0000] {processor.py:830} INFO - Processing file /opt/airflow/dags/fetch_data_and_upload_to_gcs.py for tasks to queue
[2025-04-03T10:30:38.934+0000] {logging_mixin.py:188} INFO - [2025-04-03T10:30:38.934+0000] {dagbag.py:540} INFO - Filling up the DagBag from /opt/airflow/dags/fetch_data_and_upload_to_gcs.py
[2025-04-03T10:30:38.941+0000] {processor.py:840} INFO - DAG(s) 'fetch_data_and_upload_to_gcs' retrieved from /opt/airflow/dags/fetch_data_and_upload_to_gcs.py
[2025-04-03T10:30:38.971+0000] {logging_mixin.py:188} INFO - [2025-04-03T10:30:38.970+0000] {dag.py:3047} INFO - Sync 1 DAGs
[2025-04-03T10:30:38.986+0000] {logging_mixin.py:188} INFO - [2025-04-03T10:30:38.985+0000] {dag.py:3834} INFO - Setting next_dagrun for fetch_data_and_upload_to_gcs to None, run_after=None
[2025-04-03T10:30:39.014+0000] {processor.py:183} INFO - Processing /opt/airflow/dags/fetch_data_and_upload_to_gcs.py took 0.088 seconds
[2025-04-03T10:31:09.419+0000] {processor.py:161} INFO - Started process (PID=385) to work on /opt/airflow/dags/fetch_data_and_upload_to_gcs.py
[2025-04-03T10:31:09.421+0000] {processor.py:830} INFO - Processing file /opt/airflow/dags/fetch_data_and_upload_to_gcs.py for tasks to queue
[2025-04-03T10:31:09.424+0000] {logging_mixin.py:188} INFO - [2025-04-03T10:31:09.424+0000] {dagbag.py:540} INFO - Filling up the DagBag from /opt/airflow/dags/fetch_data_and_upload_to_gcs.py
[2025-04-03T10:31:09.432+0000] {processor.py:840} INFO - DAG(s) 'fetch_data_and_upload_to_gcs' retrieved from /opt/airflow/dags/fetch_data_and_upload_to_gcs.py
[2025-04-03T10:31:09.463+0000] {logging_mixin.py:188} INFO - [2025-04-03T10:31:09.462+0000] {dag.py:3047} INFO - Sync 1 DAGs
[2025-04-03T10:31:09.479+0000] {logging_mixin.py:188} INFO - [2025-04-03T10:31:09.478+0000] {dag.py:3834} INFO - Setting next_dagrun for fetch_data_and_upload_to_gcs to None, run_after=None
[2025-04-03T10:31:09.507+0000] {processor.py:183} INFO - Processing /opt/airflow/dags/fetch_data_and_upload_to_gcs.py took 0.094 seconds
[2025-04-03T10:31:39.623+0000] {processor.py:161} INFO - Started process (PID=446) to work on /opt/airflow/dags/fetch_data_and_upload_to_gcs.py
[2025-04-03T10:31:39.625+0000] {processor.py:830} INFO - Processing file /opt/airflow/dags/fetch_data_and_upload_to_gcs.py for tasks to queue
[2025-04-03T10:31:39.627+0000] {logging_mixin.py:188} INFO - [2025-04-03T10:31:39.627+0000] {dagbag.py:540} INFO - Filling up the DagBag from /opt/airflow/dags/fetch_data_and_upload_to_gcs.py
[2025-04-03T10:31:39.634+0000] {processor.py:840} INFO - DAG(s) 'fetch_data_and_upload_to_gcs' retrieved from /opt/airflow/dags/fetch_data_and_upload_to_gcs.py
[2025-04-03T10:31:39.663+0000] {logging_mixin.py:188} INFO - [2025-04-03T10:31:39.662+0000] {dag.py:3047} INFO - Sync 1 DAGs
[2025-04-03T10:31:39.676+0000] {logging_mixin.py:188} INFO - [2025-04-03T10:31:39.676+0000] {dag.py:3834} INFO - Setting next_dagrun for fetch_data_and_upload_to_gcs to None, run_after=None
[2025-04-03T10:31:39.703+0000] {processor.py:183} INFO - Processing /opt/airflow/dags/fetch_data_and_upload_to_gcs.py took 0.084 seconds
[2025-04-03T10:32:09.747+0000] {processor.py:161} INFO - Started process (PID=507) to work on /opt/airflow/dags/fetch_data_and_upload_to_gcs.py
[2025-04-03T10:32:09.748+0000] {processor.py:830} INFO - Processing file /opt/airflow/dags/fetch_data_and_upload_to_gcs.py for tasks to queue
[2025-04-03T10:32:09.751+0000] {logging_mixin.py:188} INFO - [2025-04-03T10:32:09.750+0000] {dagbag.py:540} INFO - Filling up the DagBag from /opt/airflow/dags/fetch_data_and_upload_to_gcs.py
[2025-04-03T10:32:09.757+0000] {processor.py:840} INFO - DAG(s) 'fetch_data_and_upload_to_gcs' retrieved from /opt/airflow/dags/fetch_data_and_upload_to_gcs.py
[2025-04-03T10:32:09.784+0000] {logging_mixin.py:188} INFO - [2025-04-03T10:32:09.783+0000] {dag.py:3047} INFO - Sync 1 DAGs
[2025-04-03T10:32:09.798+0000] {logging_mixin.py:188} INFO - [2025-04-03T10:32:09.798+0000] {dag.py:3834} INFO - Setting next_dagrun for fetch_data_and_upload_to_gcs to None, run_after=None
[2025-04-03T10:32:09.823+0000] {processor.py:183} INFO - Processing /opt/airflow/dags/fetch_data_and_upload_to_gcs.py took 0.080 seconds
[2025-04-03T10:32:40.819+0000] {processor.py:161} INFO - Started process (PID=568) to work on /opt/airflow/dags/fetch_data_and_upload_to_gcs.py
[2025-04-03T10:32:40.820+0000] {processor.py:830} INFO - Processing file /opt/airflow/dags/fetch_data_and_upload_to_gcs.py for tasks to queue
[2025-04-03T10:32:40.823+0000] {logging_mixin.py:188} INFO - [2025-04-03T10:32:40.822+0000] {dagbag.py:540} INFO - Filling up the DagBag from /opt/airflow/dags/fetch_data_and_upload_to_gcs.py
[2025-04-03T10:32:40.830+0000] {processor.py:840} INFO - DAG(s) 'fetch_data_and_upload_to_gcs' retrieved from /opt/airflow/dags/fetch_data_and_upload_to_gcs.py
[2025-04-03T10:32:40.857+0000] {logging_mixin.py:188} INFO - [2025-04-03T10:32:40.856+0000] {dag.py:3047} INFO - Sync 1 DAGs
[2025-04-03T10:32:40.871+0000] {logging_mixin.py:188} INFO - [2025-04-03T10:32:40.871+0000] {dag.py:3834} INFO - Setting next_dagrun for fetch_data_and_upload_to_gcs to None, run_after=None
[2025-04-03T10:32:40.899+0000] {processor.py:183} INFO - Processing /opt/airflow/dags/fetch_data_and_upload_to_gcs.py took 0.084 seconds
[2025-04-03T10:33:11.778+0000] {processor.py:161} INFO - Started process (PID=629) to work on /opt/airflow/dags/fetch_data_and_upload_to_gcs.py
[2025-04-03T10:33:11.780+0000] {processor.py:830} INFO - Processing file /opt/airflow/dags/fetch_data_and_upload_to_gcs.py for tasks to queue
[2025-04-03T10:33:11.783+0000] {logging_mixin.py:188} INFO - [2025-04-03T10:33:11.782+0000] {dagbag.py:540} INFO - Filling up the DagBag from /opt/airflow/dags/fetch_data_and_upload_to_gcs.py
[2025-04-03T10:33:11.790+0000] {processor.py:840} INFO - DAG(s) 'fetch_data_and_upload_to_gcs' retrieved from /opt/airflow/dags/fetch_data_and_upload_to_gcs.py
[2025-04-03T10:33:11.818+0000] {logging_mixin.py:188} INFO - [2025-04-03T10:33:11.818+0000] {dag.py:3047} INFO - Sync 1 DAGs
[2025-04-03T10:33:11.833+0000] {logging_mixin.py:188} INFO - [2025-04-03T10:33:11.833+0000] {dag.py:3834} INFO - Setting next_dagrun for fetch_data_and_upload_to_gcs to None, run_after=None
[2025-04-03T10:33:11.858+0000] {processor.py:183} INFO - Processing /opt/airflow/dags/fetch_data_and_upload_to_gcs.py took 0.083 seconds
[2025-04-03T10:33:42.136+0000] {processor.py:161} INFO - Started process (PID=696) to work on /opt/airflow/dags/fetch_data_and_upload_to_gcs.py
[2025-04-03T10:33:42.139+0000] {processor.py:830} INFO - Processing file /opt/airflow/dags/fetch_data_and_upload_to_gcs.py for tasks to queue
[2025-04-03T10:33:42.141+0000] {logging_mixin.py:188} INFO - [2025-04-03T10:33:42.141+0000] {dagbag.py:540} INFO - Filling up the DagBag from /opt/airflow/dags/fetch_data_and_upload_to_gcs.py
[2025-04-03T10:33:42.148+0000] {processor.py:840} INFO - DAG(s) 'fetch_data_and_upload_to_gcs' retrieved from /opt/airflow/dags/fetch_data_and_upload_to_gcs.py
[2025-04-03T10:33:42.177+0000] {logging_mixin.py:188} INFO - [2025-04-03T10:33:42.177+0000] {dag.py:3047} INFO - Sync 1 DAGs
[2025-04-03T10:33:42.191+0000] {logging_mixin.py:188} INFO - [2025-04-03T10:33:42.190+0000] {dag.py:3834} INFO - Setting next_dagrun for fetch_data_and_upload_to_gcs to None, run_after=None
[2025-04-03T10:33:42.217+0000] {processor.py:183} INFO - Processing /opt/airflow/dags/fetch_data_and_upload_to_gcs.py took 0.085 seconds
[2025-04-03T10:34:12.341+0000] {processor.py:161} INFO - Started process (PID=757) to work on /opt/airflow/dags/fetch_data_and_upload_to_gcs.py
[2025-04-03T10:34:12.344+0000] {processor.py:830} INFO - Processing file /opt/airflow/dags/fetch_data_and_upload_to_gcs.py for tasks to queue
[2025-04-03T10:34:12.346+0000] {logging_mixin.py:188} INFO - [2025-04-03T10:34:12.346+0000] {dagbag.py:540} INFO - Filling up the DagBag from /opt/airflow/dags/fetch_data_and_upload_to_gcs.py
[2025-04-03T10:34:12.353+0000] {processor.py:840} INFO - DAG(s) 'fetch_data_and_upload_to_gcs' retrieved from /opt/airflow/dags/fetch_data_and_upload_to_gcs.py
[2025-04-03T10:34:12.386+0000] {logging_mixin.py:188} INFO - [2025-04-03T10:34:12.385+0000] {dag.py:3047} INFO - Sync 1 DAGs
[2025-04-03T10:34:12.401+0000] {logging_mixin.py:188} INFO - [2025-04-03T10:34:12.400+0000] {dag.py:3834} INFO - Setting next_dagrun for fetch_data_and_upload_to_gcs to None, run_after=None
[2025-04-03T10:34:12.429+0000] {processor.py:183} INFO - Processing /opt/airflow/dags/fetch_data_and_upload_to_gcs.py took 0.091 seconds
[2025-04-03T10:34:42.833+0000] {processor.py:161} INFO - Started process (PID=818) to work on /opt/airflow/dags/fetch_data_and_upload_to_gcs.py
[2025-04-03T10:34:42.835+0000] {processor.py:830} INFO - Processing file /opt/airflow/dags/fetch_data_and_upload_to_gcs.py for tasks to queue
[2025-04-03T10:34:42.839+0000] {logging_mixin.py:188} INFO - [2025-04-03T10:34:42.838+0000] {dagbag.py:540} INFO - Filling up the DagBag from /opt/airflow/dags/fetch_data_and_upload_to_gcs.py
[2025-04-03T10:34:42.845+0000] {processor.py:840} INFO - DAG(s) 'fetch_data_and_upload_to_gcs' retrieved from /opt/airflow/dags/fetch_data_and_upload_to_gcs.py
[2025-04-03T10:34:42.872+0000] {logging_mixin.py:188} INFO - [2025-04-03T10:34:42.871+0000] {dag.py:3047} INFO - Sync 1 DAGs
[2025-04-03T10:34:42.886+0000] {logging_mixin.py:188} INFO - [2025-04-03T10:34:42.886+0000] {dag.py:3834} INFO - Setting next_dagrun for fetch_data_and_upload_to_gcs to None, run_after=None
[2025-04-03T10:34:42.912+0000] {processor.py:183} INFO - Processing /opt/airflow/dags/fetch_data_and_upload_to_gcs.py took 0.083 seconds
[2025-04-03T10:35:13.887+0000] {processor.py:161} INFO - Started process (PID=879) to work on /opt/airflow/dags/fetch_data_and_upload_to_gcs.py
[2025-04-03T10:35:13.889+0000] {processor.py:830} INFO - Processing file /opt/airflow/dags/fetch_data_and_upload_to_gcs.py for tasks to queue
[2025-04-03T10:35:13.891+0000] {logging_mixin.py:188} INFO - [2025-04-03T10:35:13.890+0000] {dagbag.py:540} INFO - Filling up the DagBag from /opt/airflow/dags/fetch_data_and_upload_to_gcs.py
[2025-04-03T10:35:13.899+0000] {processor.py:840} INFO - DAG(s) 'fetch_data_and_upload_to_gcs' retrieved from /opt/airflow/dags/fetch_data_and_upload_to_gcs.py
[2025-04-03T10:35:13.927+0000] {logging_mixin.py:188} INFO - [2025-04-03T10:35:13.926+0000] {dag.py:3047} INFO - Sync 1 DAGs
[2025-04-03T10:35:13.943+0000] {logging_mixin.py:188} INFO - [2025-04-03T10:35:13.943+0000] {dag.py:3834} INFO - Setting next_dagrun for fetch_data_and_upload_to_gcs to None, run_after=None
[2025-04-03T10:35:13.971+0000] {processor.py:183} INFO - Processing /opt/airflow/dags/fetch_data_and_upload_to_gcs.py took 0.087 seconds
[2025-04-03T10:35:44.125+0000] {processor.py:161} INFO - Started process (PID=940) to work on /opt/airflow/dags/fetch_data_and_upload_to_gcs.py
[2025-04-03T10:35:44.127+0000] {processor.py:830} INFO - Processing file /opt/airflow/dags/fetch_data_and_upload_to_gcs.py for tasks to queue
[2025-04-03T10:35:44.129+0000] {logging_mixin.py:188} INFO - [2025-04-03T10:35:44.129+0000] {dagbag.py:540} INFO - Filling up the DagBag from /opt/airflow/dags/fetch_data_and_upload_to_gcs.py
[2025-04-03T10:35:44.136+0000] {processor.py:840} INFO - DAG(s) 'fetch_data_and_upload_to_gcs' retrieved from /opt/airflow/dags/fetch_data_and_upload_to_gcs.py
[2025-04-03T10:35:44.162+0000] {logging_mixin.py:188} INFO - [2025-04-03T10:35:44.162+0000] {dag.py:3047} INFO - Sync 1 DAGs
[2025-04-03T10:35:44.181+0000] {logging_mixin.py:188} INFO - [2025-04-03T10:35:44.181+0000] {dag.py:3834} INFO - Setting next_dagrun for fetch_data_and_upload_to_gcs to None, run_after=None
[2025-04-03T10:35:44.207+0000] {processor.py:183} INFO - Processing /opt/airflow/dags/fetch_data_and_upload_to_gcs.py took 0.085 seconds
[2025-04-03T10:36:14.316+0000] {processor.py:161} INFO - Started process (PID=1001) to work on /opt/airflow/dags/fetch_data_and_upload_to_gcs.py
[2025-04-03T10:36:14.317+0000] {processor.py:830} INFO - Processing file /opt/airflow/dags/fetch_data_and_upload_to_gcs.py for tasks to queue
[2025-04-03T10:36:14.320+0000] {logging_mixin.py:188} INFO - [2025-04-03T10:36:14.319+0000] {dagbag.py:540} INFO - Filling up the DagBag from /opt/airflow/dags/fetch_data_and_upload_to_gcs.py
[2025-04-03T10:36:14.326+0000] {processor.py:840} INFO - DAG(s) 'fetch_data_and_upload_to_gcs' retrieved from /opt/airflow/dags/fetch_data_and_upload_to_gcs.py
[2025-04-03T10:36:14.348+0000] {logging_mixin.py:188} INFO - [2025-04-03T10:36:14.347+0000] {dag.py:3047} INFO - Sync 1 DAGs
[2025-04-03T10:36:14.362+0000] {logging_mixin.py:188} INFO - [2025-04-03T10:36:14.361+0000] {dag.py:3834} INFO - Setting next_dagrun for fetch_data_and_upload_to_gcs to None, run_after=None
[2025-04-03T10:36:14.385+0000] {processor.py:183} INFO - Processing /opt/airflow/dags/fetch_data_and_upload_to_gcs.py took 0.073 seconds
[2025-04-03T10:36:44.660+0000] {processor.py:161} INFO - Started process (PID=1062) to work on /opt/airflow/dags/fetch_data_and_upload_to_gcs.py
[2025-04-03T10:36:44.662+0000] {processor.py:830} INFO - Processing file /opt/airflow/dags/fetch_data_and_upload_to_gcs.py for tasks to queue
[2025-04-03T10:36:44.665+0000] {logging_mixin.py:188} INFO - [2025-04-03T10:36:44.665+0000] {dagbag.py:540} INFO - Filling up the DagBag from /opt/airflow/dags/fetch_data_and_upload_to_gcs.py
[2025-04-03T10:36:44.677+0000] {processor.py:840} INFO - DAG(s) 'fetch_data_and_upload_to_gcs' retrieved from /opt/airflow/dags/fetch_data_and_upload_to_gcs.py
[2025-04-03T10:36:44.707+0000] {logging_mixin.py:188} INFO - [2025-04-03T10:36:44.706+0000] {dag.py:3047} INFO - Sync 1 DAGs
[2025-04-03T10:36:44.726+0000] {logging_mixin.py:188} INFO - [2025-04-03T10:36:44.726+0000] {dag.py:3834} INFO - Setting next_dagrun for fetch_data_and_upload_to_gcs to None, run_after=None
[2025-04-03T10:36:44.749+0000] {processor.py:183} INFO - Processing /opt/airflow/dags/fetch_data_and_upload_to_gcs.py took 0.095 seconds
[2025-04-03T10:37:15.057+0000] {processor.py:161} INFO - Started process (PID=1123) to work on /opt/airflow/dags/fetch_data_and_upload_to_gcs.py
[2025-04-03T10:37:15.059+0000] {processor.py:830} INFO - Processing file /opt/airflow/dags/fetch_data_and_upload_to_gcs.py for tasks to queue
[2025-04-03T10:37:15.061+0000] {logging_mixin.py:188} INFO - [2025-04-03T10:37:15.061+0000] {dagbag.py:540} INFO - Filling up the DagBag from /opt/airflow/dags/fetch_data_and_upload_to_gcs.py
[2025-04-03T10:37:15.069+0000] {processor.py:840} INFO - DAG(s) 'fetch_data_and_upload_to_gcs' retrieved from /opt/airflow/dags/fetch_data_and_upload_to_gcs.py
[2025-04-03T10:37:15.096+0000] {logging_mixin.py:188} INFO - [2025-04-03T10:37:15.095+0000] {dag.py:3047} INFO - Sync 1 DAGs
[2025-04-03T10:37:15.110+0000] {logging_mixin.py:188} INFO - [2025-04-03T10:37:15.110+0000] {dag.py:3834} INFO - Setting next_dagrun for fetch_data_and_upload_to_gcs to None, run_after=None
[2025-04-03T10:37:15.135+0000] {processor.py:183} INFO - Processing /opt/airflow/dags/fetch_data_and_upload_to_gcs.py took 0.081 seconds
[2025-04-03T10:37:45.240+0000] {processor.py:161} INFO - Started process (PID=1184) to work on /opt/airflow/dags/fetch_data_and_upload_to_gcs.py
[2025-04-03T10:37:45.241+0000] {processor.py:830} INFO - Processing file /opt/airflow/dags/fetch_data_and_upload_to_gcs.py for tasks to queue
[2025-04-03T10:37:45.244+0000] {logging_mixin.py:188} INFO - [2025-04-03T10:37:45.243+0000] {dagbag.py:540} INFO - Filling up the DagBag from /opt/airflow/dags/fetch_data_and_upload_to_gcs.py
[2025-04-03T10:37:45.250+0000] {processor.py:840} INFO - DAG(s) 'fetch_data_and_upload_to_gcs' retrieved from /opt/airflow/dags/fetch_data_and_upload_to_gcs.py
[2025-04-03T10:37:45.274+0000] {logging_mixin.py:188} INFO - [2025-04-03T10:37:45.274+0000] {dag.py:3047} INFO - Sync 1 DAGs
[2025-04-03T10:37:45.287+0000] {logging_mixin.py:188} INFO - [2025-04-03T10:37:45.287+0000] {dag.py:3834} INFO - Setting next_dagrun for fetch_data_and_upload_to_gcs to None, run_after=None
[2025-04-03T10:37:45.309+0000] {processor.py:183} INFO - Processing /opt/airflow/dags/fetch_data_and_upload_to_gcs.py took 0.073 seconds
[2025-04-03T10:38:15.571+0000] {processor.py:161} INFO - Started process (PID=1245) to work on /opt/airflow/dags/fetch_data_and_upload_to_gcs.py
[2025-04-03T10:38:15.573+0000] {processor.py:830} INFO - Processing file /opt/airflow/dags/fetch_data_and_upload_to_gcs.py for tasks to queue
[2025-04-03T10:38:15.575+0000] {logging_mixin.py:188} INFO - [2025-04-03T10:38:15.574+0000] {dagbag.py:540} INFO - Filling up the DagBag from /opt/airflow/dags/fetch_data_and_upload_to_gcs.py
[2025-04-03T10:38:15.581+0000] {processor.py:840} INFO - DAG(s) 'fetch_data_and_upload_to_gcs' retrieved from /opt/airflow/dags/fetch_data_and_upload_to_gcs.py
[2025-04-03T10:38:15.606+0000] {logging_mixin.py:188} INFO - [2025-04-03T10:38:15.605+0000] {dag.py:3047} INFO - Sync 1 DAGs
[2025-04-03T10:38:15.618+0000] {logging_mixin.py:188} INFO - [2025-04-03T10:38:15.618+0000] {dag.py:3834} INFO - Setting next_dagrun for fetch_data_and_upload_to_gcs to None, run_after=None
[2025-04-03T10:38:15.641+0000] {processor.py:183} INFO - Processing /opt/airflow/dags/fetch_data_and_upload_to_gcs.py took 0.074 seconds
[2025-04-03T10:38:45.983+0000] {processor.py:161} INFO - Started process (PID=1313) to work on /opt/airflow/dags/fetch_data_and_upload_to_gcs.py
[2025-04-03T10:38:45.984+0000] {processor.py:830} INFO - Processing file /opt/airflow/dags/fetch_data_and_upload_to_gcs.py for tasks to queue
[2025-04-03T10:38:45.986+0000] {logging_mixin.py:188} INFO - [2025-04-03T10:38:45.986+0000] {dagbag.py:540} INFO - Filling up the DagBag from /opt/airflow/dags/fetch_data_and_upload_to_gcs.py
[2025-04-03T10:38:45.993+0000] {processor.py:840} INFO - DAG(s) 'fetch_data_and_upload_to_gcs' retrieved from /opt/airflow/dags/fetch_data_and_upload_to_gcs.py
[2025-04-03T10:38:46.014+0000] {logging_mixin.py:188} INFO - [2025-04-03T10:38:46.013+0000] {dag.py:3047} INFO - Sync 1 DAGs
[2025-04-03T10:38:46.028+0000] {logging_mixin.py:188} INFO - [2025-04-03T10:38:46.028+0000] {dag.py:3834} INFO - Setting next_dagrun for fetch_data_and_upload_to_gcs to None, run_after=None
[2025-04-03T10:38:46.054+0000] {processor.py:183} INFO - Processing /opt/airflow/dags/fetch_data_and_upload_to_gcs.py took 0.075 seconds
[2025-04-03T10:39:16.201+0000] {processor.py:161} INFO - Started process (PID=1374) to work on /opt/airflow/dags/fetch_data_and_upload_to_gcs.py
[2025-04-03T10:39:16.202+0000] {processor.py:830} INFO - Processing file /opt/airflow/dags/fetch_data_and_upload_to_gcs.py for tasks to queue
[2025-04-03T10:39:16.207+0000] {logging_mixin.py:188} INFO - [2025-04-03T10:39:16.205+0000] {dagbag.py:540} INFO - Filling up the DagBag from /opt/airflow/dags/fetch_data_and_upload_to_gcs.py
[2025-04-03T10:39:16.219+0000] {processor.py:840} INFO - DAG(s) 'fetch_data_and_upload_to_gcs' retrieved from /opt/airflow/dags/fetch_data_and_upload_to_gcs.py
[2025-04-03T10:39:16.255+0000] {logging_mixin.py:188} INFO - [2025-04-03T10:39:16.254+0000] {dag.py:3047} INFO - Sync 1 DAGs
[2025-04-03T10:39:16.278+0000] {logging_mixin.py:188} INFO - [2025-04-03T10:39:16.278+0000] {dag.py:3834} INFO - Setting next_dagrun for fetch_data_and_upload_to_gcs to None, run_after=None
[2025-04-03T10:39:16.306+0000] {processor.py:183} INFO - Processing /opt/airflow/dags/fetch_data_and_upload_to_gcs.py took 0.112 seconds
[2025-04-03T10:39:46.589+0000] {processor.py:161} INFO - Started process (PID=1435) to work on /opt/airflow/dags/fetch_data_and_upload_to_gcs.py
[2025-04-03T10:39:46.590+0000] {processor.py:830} INFO - Processing file /opt/airflow/dags/fetch_data_and_upload_to_gcs.py for tasks to queue
[2025-04-03T10:39:46.593+0000] {logging_mixin.py:188} INFO - [2025-04-03T10:39:46.592+0000] {dagbag.py:540} INFO - Filling up the DagBag from /opt/airflow/dags/fetch_data_and_upload_to_gcs.py
[2025-04-03T10:39:46.602+0000] {processor.py:840} INFO - DAG(s) 'fetch_data_and_upload_to_gcs' retrieved from /opt/airflow/dags/fetch_data_and_upload_to_gcs.py
[2025-04-03T10:39:46.627+0000] {logging_mixin.py:188} INFO - [2025-04-03T10:39:46.626+0000] {dag.py:3047} INFO - Sync 1 DAGs
[2025-04-03T10:39:46.643+0000] {logging_mixin.py:188} INFO - [2025-04-03T10:39:46.643+0000] {dag.py:3834} INFO - Setting next_dagrun for fetch_data_and_upload_to_gcs to None, run_after=None
[2025-04-03T10:39:46.665+0000] {processor.py:183} INFO - Processing /opt/airflow/dags/fetch_data_and_upload_to_gcs.py took 0.081 seconds
[2025-04-03T10:40:17.652+0000] {processor.py:161} INFO - Started process (PID=1496) to work on /opt/airflow/dags/fetch_data_and_upload_to_gcs.py
[2025-04-03T10:40:17.653+0000] {processor.py:830} INFO - Processing file /opt/airflow/dags/fetch_data_and_upload_to_gcs.py for tasks to queue
[2025-04-03T10:40:17.656+0000] {logging_mixin.py:188} INFO - [2025-04-03T10:40:17.656+0000] {dagbag.py:540} INFO - Filling up the DagBag from /opt/airflow/dags/fetch_data_and_upload_to_gcs.py
[2025-04-03T10:40:17.664+0000] {processor.py:840} INFO - DAG(s) 'fetch_data_and_upload_to_gcs' retrieved from /opt/airflow/dags/fetch_data_and_upload_to_gcs.py
[2025-04-03T10:40:17.706+0000] {logging_mixin.py:188} INFO - [2025-04-03T10:40:17.705+0000] {dag.py:3047} INFO - Sync 1 DAGs
[2025-04-03T10:40:17.727+0000] {logging_mixin.py:188} INFO - [2025-04-03T10:40:17.726+0000] {dag.py:3834} INFO - Setting next_dagrun for fetch_data_and_upload_to_gcs to None, run_after=None
[2025-04-03T10:40:17.763+0000] {processor.py:183} INFO - Processing /opt/airflow/dags/fetch_data_and_upload_to_gcs.py took 0.118 seconds
[2025-04-03T10:40:47.989+0000] {processor.py:161} INFO - Started process (PID=1557) to work on /opt/airflow/dags/fetch_data_and_upload_to_gcs.py
[2025-04-03T10:40:47.990+0000] {processor.py:830} INFO - Processing file /opt/airflow/dags/fetch_data_and_upload_to_gcs.py for tasks to queue
[2025-04-03T10:40:47.992+0000] {logging_mixin.py:188} INFO - [2025-04-03T10:40:47.992+0000] {dagbag.py:540} INFO - Filling up the DagBag from /opt/airflow/dags/fetch_data_and_upload_to_gcs.py
[2025-04-03T10:40:48.000+0000] {processor.py:840} INFO - DAG(s) 'fetch_data_and_upload_to_gcs' retrieved from /opt/airflow/dags/fetch_data_and_upload_to_gcs.py
[2025-04-03T10:40:48.024+0000] {logging_mixin.py:188} INFO - [2025-04-03T10:40:48.023+0000] {dag.py:3047} INFO - Sync 1 DAGs
[2025-04-03T10:40:48.040+0000] {logging_mixin.py:188} INFO - [2025-04-03T10:40:48.040+0000] {dag.py:3834} INFO - Setting next_dagrun for fetch_data_and_upload_to_gcs to None, run_after=None
[2025-04-03T10:40:48.066+0000] {processor.py:183} INFO - Processing /opt/airflow/dags/fetch_data_and_upload_to_gcs.py took 0.082 seconds
[2025-04-03T10:41:18.105+0000] {processor.py:161} INFO - Started process (PID=1618) to work on /opt/airflow/dags/fetch_data_and_upload_to_gcs.py
[2025-04-03T10:41:18.106+0000] {processor.py:830} INFO - Processing file /opt/airflow/dags/fetch_data_and_upload_to_gcs.py for tasks to queue
[2025-04-03T10:41:18.109+0000] {logging_mixin.py:188} INFO - [2025-04-03T10:41:18.108+0000] {dagbag.py:540} INFO - Filling up the DagBag from /opt/airflow/dags/fetch_data_and_upload_to_gcs.py
[2025-04-03T10:41:18.115+0000] {processor.py:840} INFO - DAG(s) 'fetch_data_and_upload_to_gcs' retrieved from /opt/airflow/dags/fetch_data_and_upload_to_gcs.py
[2025-04-03T10:41:18.139+0000] {logging_mixin.py:188} INFO - [2025-04-03T10:41:18.138+0000] {dag.py:3047} INFO - Sync 1 DAGs
[2025-04-03T10:41:18.155+0000] {logging_mixin.py:188} INFO - [2025-04-03T10:41:18.155+0000] {dag.py:3834} INFO - Setting next_dagrun for fetch_data_and_upload_to_gcs to None, run_after=None
[2025-04-03T10:41:18.178+0000] {processor.py:183} INFO - Processing /opt/airflow/dags/fetch_data_and_upload_to_gcs.py took 0.078 seconds
[2025-04-03T10:41:48.491+0000] {processor.py:161} INFO - Started process (PID=1679) to work on /opt/airflow/dags/fetch_data_and_upload_to_gcs.py
[2025-04-03T10:41:48.492+0000] {processor.py:830} INFO - Processing file /opt/airflow/dags/fetch_data_and_upload_to_gcs.py for tasks to queue
[2025-04-03T10:41:48.495+0000] {logging_mixin.py:188} INFO - [2025-04-03T10:41:48.495+0000] {dagbag.py:540} INFO - Filling up the DagBag from /opt/airflow/dags/fetch_data_and_upload_to_gcs.py
[2025-04-03T10:41:48.502+0000] {processor.py:840} INFO - DAG(s) 'fetch_data_and_upload_to_gcs' retrieved from /opt/airflow/dags/fetch_data_and_upload_to_gcs.py
[2025-04-03T10:41:48.527+0000] {logging_mixin.py:188} INFO - [2025-04-03T10:41:48.527+0000] {dag.py:3047} INFO - Sync 1 DAGs
[2025-04-03T10:41:48.541+0000] {logging_mixin.py:188} INFO - [2025-04-03T10:41:48.541+0000] {dag.py:3834} INFO - Setting next_dagrun for fetch_data_and_upload_to_gcs to None, run_after=None
[2025-04-03T10:41:48.563+0000] {processor.py:183} INFO - Processing /opt/airflow/dags/fetch_data_and_upload_to_gcs.py took 0.077 seconds
[2025-04-03T10:42:18.918+0000] {processor.py:161} INFO - Started process (PID=1740) to work on /opt/airflow/dags/fetch_data_and_upload_to_gcs.py
[2025-04-03T10:42:18.920+0000] {processor.py:830} INFO - Processing file /opt/airflow/dags/fetch_data_and_upload_to_gcs.py for tasks to queue
[2025-04-03T10:42:18.922+0000] {logging_mixin.py:188} INFO - [2025-04-03T10:42:18.922+0000] {dagbag.py:540} INFO - Filling up the DagBag from /opt/airflow/dags/fetch_data_and_upload_to_gcs.py
[2025-04-03T10:42:18.928+0000] {processor.py:840} INFO - DAG(s) 'fetch_data_and_upload_to_gcs' retrieved from /opt/airflow/dags/fetch_data_and_upload_to_gcs.py
[2025-04-03T10:42:18.949+0000] {logging_mixin.py:188} INFO - [2025-04-03T10:42:18.948+0000] {dag.py:3047} INFO - Sync 1 DAGs
[2025-04-03T10:42:18.964+0000] {logging_mixin.py:188} INFO - [2025-04-03T10:42:18.963+0000] {dag.py:3834} INFO - Setting next_dagrun for fetch_data_and_upload_to_gcs to None, run_after=None
[2025-04-03T10:42:18.999+0000] {processor.py:183} INFO - Processing /opt/airflow/dags/fetch_data_and_upload_to_gcs.py took 0.086 seconds
[2025-04-03T10:42:49.834+0000] {processor.py:161} INFO - Started process (PID=1803) to work on /opt/airflow/dags/fetch_data_and_upload_to_gcs.py
[2025-04-03T10:42:49.836+0000] {processor.py:830} INFO - Processing file /opt/airflow/dags/fetch_data_and_upload_to_gcs.py for tasks to queue
[2025-04-03T10:42:49.838+0000] {logging_mixin.py:188} INFO - [2025-04-03T10:42:49.838+0000] {dagbag.py:540} INFO - Filling up the DagBag from /opt/airflow/dags/fetch_data_and_upload_to_gcs.py
[2025-04-03T10:42:49.845+0000] {processor.py:840} INFO - DAG(s) 'fetch_data_and_upload_to_gcs' retrieved from /opt/airflow/dags/fetch_data_and_upload_to_gcs.py
[2025-04-03T10:42:49.926+0000] {logging_mixin.py:188} INFO - [2025-04-03T10:42:49.925+0000] {dag.py:3047} INFO - Sync 1 DAGs
[2025-04-03T10:42:49.980+0000] {logging_mixin.py:188} INFO - [2025-04-03T10:42:49.979+0000] {dag.py:3834} INFO - Setting next_dagrun for fetch_data_and_upload_to_gcs to None, run_after=None
[2025-04-03T10:42:50.023+0000] {processor.py:183} INFO - Processing /opt/airflow/dags/fetch_data_and_upload_to_gcs.py took 0.193 seconds
[2025-04-03T10:43:20.516+0000] {processor.py:161} INFO - Started process (PID=1864) to work on /opt/airflow/dags/fetch_data_and_upload_to_gcs.py
[2025-04-03T10:43:20.517+0000] {processor.py:830} INFO - Processing file /opt/airflow/dags/fetch_data_and_upload_to_gcs.py for tasks to queue
[2025-04-03T10:43:20.520+0000] {logging_mixin.py:188} INFO - [2025-04-03T10:43:20.519+0000] {dagbag.py:540} INFO - Filling up the DagBag from /opt/airflow/dags/fetch_data_and_upload_to_gcs.py
[2025-04-03T10:43:20.527+0000] {processor.py:840} INFO - DAG(s) 'fetch_data_and_upload_to_gcs' retrieved from /opt/airflow/dags/fetch_data_and_upload_to_gcs.py
[2025-04-03T10:43:20.551+0000] {logging_mixin.py:188} INFO - [2025-04-03T10:43:20.550+0000] {dag.py:3047} INFO - Sync 1 DAGs
[2025-04-03T10:43:20.569+0000] {logging_mixin.py:188} INFO - [2025-04-03T10:43:20.569+0000] {dag.py:3834} INFO - Setting next_dagrun for fetch_data_and_upload_to_gcs to None, run_after=None
[2025-04-03T10:43:20.606+0000] {processor.py:183} INFO - Processing /opt/airflow/dags/fetch_data_and_upload_to_gcs.py took 0.095 seconds
[2025-04-03T10:43:51.450+0000] {processor.py:161} INFO - Started process (PID=1931) to work on /opt/airflow/dags/fetch_data_and_upload_to_gcs.py
[2025-04-03T10:43:51.452+0000] {processor.py:830} INFO - Processing file /opt/airflow/dags/fetch_data_and_upload_to_gcs.py for tasks to queue
[2025-04-03T10:43:51.455+0000] {logging_mixin.py:188} INFO - [2025-04-03T10:43:51.454+0000] {dagbag.py:540} INFO - Filling up the DagBag from /opt/airflow/dags/fetch_data_and_upload_to_gcs.py
[2025-04-03T10:43:51.462+0000] {processor.py:840} INFO - DAG(s) 'fetch_data_and_upload_to_gcs' retrieved from /opt/airflow/dags/fetch_data_and_upload_to_gcs.py
[2025-04-03T10:43:51.484+0000] {logging_mixin.py:188} INFO - [2025-04-03T10:43:51.484+0000] {dag.py:3047} INFO - Sync 1 DAGs
[2025-04-03T10:43:51.501+0000] {logging_mixin.py:188} INFO - [2025-04-03T10:43:51.501+0000] {dag.py:3834} INFO - Setting next_dagrun for fetch_data_and_upload_to_gcs to None, run_after=None
[2025-04-03T10:43:51.526+0000] {processor.py:183} INFO - Processing /opt/airflow/dags/fetch_data_and_upload_to_gcs.py took 0.080 seconds
[2025-04-03T10:44:21.676+0000] {processor.py:161} INFO - Started process (PID=1992) to work on /opt/airflow/dags/fetch_data_and_upload_to_gcs.py
[2025-04-03T10:44:21.678+0000] {processor.py:830} INFO - Processing file /opt/airflow/dags/fetch_data_and_upload_to_gcs.py for tasks to queue
[2025-04-03T10:44:21.680+0000] {logging_mixin.py:188} INFO - [2025-04-03T10:44:21.679+0000] {dagbag.py:540} INFO - Filling up the DagBag from /opt/airflow/dags/fetch_data_and_upload_to_gcs.py
[2025-04-03T10:44:21.687+0000] {processor.py:840} INFO - DAG(s) 'fetch_data_and_upload_to_gcs' retrieved from /opt/airflow/dags/fetch_data_and_upload_to_gcs.py
[2025-04-03T10:44:21.709+0000] {logging_mixin.py:188} INFO - [2025-04-03T10:44:21.709+0000] {dag.py:3047} INFO - Sync 1 DAGs
[2025-04-03T10:44:21.726+0000] {logging_mixin.py:188} INFO - [2025-04-03T10:44:21.726+0000] {dag.py:3834} INFO - Setting next_dagrun for fetch_data_and_upload_to_gcs to None, run_after=None
[2025-04-03T10:44:21.749+0000] {processor.py:183} INFO - Processing /opt/airflow/dags/fetch_data_and_upload_to_gcs.py took 0.077 seconds
[2025-04-03T10:44:52.085+0000] {processor.py:161} INFO - Started process (PID=2053) to work on /opt/airflow/dags/fetch_data_and_upload_to_gcs.py
[2025-04-03T10:44:52.086+0000] {processor.py:830} INFO - Processing file /opt/airflow/dags/fetch_data_and_upload_to_gcs.py for tasks to queue
[2025-04-03T10:44:52.088+0000] {logging_mixin.py:188} INFO - [2025-04-03T10:44:52.088+0000] {dagbag.py:540} INFO - Filling up the DagBag from /opt/airflow/dags/fetch_data_and_upload_to_gcs.py
[2025-04-03T10:44:52.095+0000] {processor.py:840} INFO - DAG(s) 'fetch_data_and_upload_to_gcs' retrieved from /opt/airflow/dags/fetch_data_and_upload_to_gcs.py
[2025-04-03T10:44:52.119+0000] {logging_mixin.py:188} INFO - [2025-04-03T10:44:52.119+0000] {dag.py:3047} INFO - Sync 1 DAGs
[2025-04-03T10:44:52.133+0000] {logging_mixin.py:188} INFO - [2025-04-03T10:44:52.133+0000] {dag.py:3834} INFO - Setting next_dagrun for fetch_data_and_upload_to_gcs to None, run_after=None
[2025-04-03T10:44:52.156+0000] {processor.py:183} INFO - Processing /opt/airflow/dags/fetch_data_and_upload_to_gcs.py took 0.075 seconds
[2025-04-03T10:45:22.610+0000] {processor.py:161} INFO - Started process (PID=2114) to work on /opt/airflow/dags/fetch_data_and_upload_to_gcs.py
[2025-04-03T10:45:22.611+0000] {processor.py:830} INFO - Processing file /opt/airflow/dags/fetch_data_and_upload_to_gcs.py for tasks to queue
[2025-04-03T10:45:22.613+0000] {logging_mixin.py:188} INFO - [2025-04-03T10:45:22.613+0000] {dagbag.py:540} INFO - Filling up the DagBag from /opt/airflow/dags/fetch_data_and_upload_to_gcs.py
[2025-04-03T10:45:22.620+0000] {processor.py:840} INFO - DAG(s) 'fetch_data_and_upload_to_gcs' retrieved from /opt/airflow/dags/fetch_data_and_upload_to_gcs.py
[2025-04-03T10:45:22.640+0000] {logging_mixin.py:188} INFO - [2025-04-03T10:45:22.639+0000] {dag.py:3047} INFO - Sync 1 DAGs
[2025-04-03T10:45:22.653+0000] {logging_mixin.py:188} INFO - [2025-04-03T10:45:22.653+0000] {dag.py:3834} INFO - Setting next_dagrun for fetch_data_and_upload_to_gcs to None, run_after=None
[2025-04-03T10:45:22.678+0000] {processor.py:183} INFO - Processing /opt/airflow/dags/fetch_data_and_upload_to_gcs.py took 0.072 seconds
[2025-04-03T10:45:52.865+0000] {processor.py:161} INFO - Started process (PID=2175) to work on /opt/airflow/dags/fetch_data_and_upload_to_gcs.py
[2025-04-03T10:45:52.866+0000] {processor.py:830} INFO - Processing file /opt/airflow/dags/fetch_data_and_upload_to_gcs.py for tasks to queue
[2025-04-03T10:45:52.869+0000] {logging_mixin.py:188} INFO - [2025-04-03T10:45:52.868+0000] {dagbag.py:540} INFO - Filling up the DagBag from /opt/airflow/dags/fetch_data_and_upload_to_gcs.py
[2025-04-03T10:45:52.875+0000] {processor.py:840} INFO - DAG(s) 'fetch_data_and_upload_to_gcs' retrieved from /opt/airflow/dags/fetch_data_and_upload_to_gcs.py
[2025-04-03T10:45:52.906+0000] {logging_mixin.py:188} INFO - [2025-04-03T10:45:52.905+0000] {dag.py:3047} INFO - Sync 1 DAGs
[2025-04-03T10:45:52.929+0000] {logging_mixin.py:188} INFO - [2025-04-03T10:45:52.929+0000] {dag.py:3834} INFO - Setting next_dagrun for fetch_data_and_upload_to_gcs to None, run_after=None
[2025-04-03T10:45:52.959+0000] {processor.py:183} INFO - Processing /opt/airflow/dags/fetch_data_and_upload_to_gcs.py took 0.099 seconds
[2025-04-03T10:46:23.902+0000] {processor.py:161} INFO - Started process (PID=2236) to work on /opt/airflow/dags/fetch_data_and_upload_to_gcs.py
[2025-04-03T10:46:23.904+0000] {processor.py:830} INFO - Processing file /opt/airflow/dags/fetch_data_and_upload_to_gcs.py for tasks to queue
[2025-04-03T10:46:23.906+0000] {logging_mixin.py:188} INFO - [2025-04-03T10:46:23.906+0000] {dagbag.py:540} INFO - Filling up the DagBag from /opt/airflow/dags/fetch_data_and_upload_to_gcs.py
[2025-04-03T10:46:23.913+0000] {processor.py:840} INFO - DAG(s) 'fetch_data_and_upload_to_gcs' retrieved from /opt/airflow/dags/fetch_data_and_upload_to_gcs.py
[2025-04-03T10:46:23.937+0000] {logging_mixin.py:188} INFO - [2025-04-03T10:46:23.937+0000] {dag.py:3047} INFO - Sync 1 DAGs
[2025-04-03T10:46:23.952+0000] {logging_mixin.py:188} INFO - [2025-04-03T10:46:23.952+0000] {dag.py:3834} INFO - Setting next_dagrun for fetch_data_and_upload_to_gcs to None, run_after=None
[2025-04-03T10:46:23.978+0000] {processor.py:183} INFO - Processing /opt/airflow/dags/fetch_data_and_upload_to_gcs.py took 0.081 seconds
[2025-04-03T10:46:54.383+0000] {processor.py:161} INFO - Started process (PID=2297) to work on /opt/airflow/dags/fetch_data_and_upload_to_gcs.py
[2025-04-03T10:46:54.386+0000] {processor.py:830} INFO - Processing file /opt/airflow/dags/fetch_data_and_upload_to_gcs.py for tasks to queue
[2025-04-03T10:46:54.389+0000] {logging_mixin.py:188} INFO - [2025-04-03T10:46:54.389+0000] {dagbag.py:540} INFO - Filling up the DagBag from /opt/airflow/dags/fetch_data_and_upload_to_gcs.py
[2025-04-03T10:46:54.400+0000] {processor.py:840} INFO - DAG(s) 'fetch_data_and_upload_to_gcs' retrieved from /opt/airflow/dags/fetch_data_and_upload_to_gcs.py
[2025-04-03T10:46:54.434+0000] {logging_mixin.py:188} INFO - [2025-04-03T10:46:54.433+0000] {dag.py:3047} INFO - Sync 1 DAGs
[2025-04-03T10:46:54.448+0000] {logging_mixin.py:188} INFO - [2025-04-03T10:46:54.447+0000] {dag.py:3834} INFO - Setting next_dagrun for fetch_data_and_upload_to_gcs to None, run_after=None
[2025-04-03T10:46:54.473+0000] {processor.py:183} INFO - Processing /opt/airflow/dags/fetch_data_and_upload_to_gcs.py took 0.095 seconds
[2025-04-03T10:47:24.690+0000] {processor.py:161} INFO - Started process (PID=2358) to work on /opt/airflow/dags/fetch_data_and_upload_to_gcs.py
[2025-04-03T10:47:24.692+0000] {processor.py:830} INFO - Processing file /opt/airflow/dags/fetch_data_and_upload_to_gcs.py for tasks to queue
[2025-04-03T10:47:24.696+0000] {logging_mixin.py:188} INFO - [2025-04-03T10:47:24.695+0000] {dagbag.py:540} INFO - Filling up the DagBag from /opt/airflow/dags/fetch_data_and_upload_to_gcs.py
[2025-04-03T10:47:24.703+0000] {processor.py:840} INFO - DAG(s) 'fetch_data_and_upload_to_gcs' retrieved from /opt/airflow/dags/fetch_data_and_upload_to_gcs.py
[2025-04-03T10:47:24.731+0000] {logging_mixin.py:188} INFO - [2025-04-03T10:47:24.730+0000] {dag.py:3047} INFO - Sync 1 DAGs
[2025-04-03T10:47:24.754+0000] {logging_mixin.py:188} INFO - [2025-04-03T10:47:24.753+0000] {dag.py:3834} INFO - Setting next_dagrun for fetch_data_and_upload_to_gcs to None, run_after=None
[2025-04-03T10:47:24.782+0000] {processor.py:183} INFO - Processing /opt/airflow/dags/fetch_data_and_upload_to_gcs.py took 0.096 seconds
[2025-04-03T10:47:55.583+0000] {processor.py:161} INFO - Started process (PID=2419) to work on /opt/airflow/dags/fetch_data_and_upload_to_gcs.py
[2025-04-03T10:47:55.586+0000] {processor.py:830} INFO - Processing file /opt/airflow/dags/fetch_data_and_upload_to_gcs.py for tasks to queue
[2025-04-03T10:47:55.588+0000] {logging_mixin.py:188} INFO - [2025-04-03T10:47:55.588+0000] {dagbag.py:540} INFO - Filling up the DagBag from /opt/airflow/dags/fetch_data_and_upload_to_gcs.py
[2025-04-03T10:47:55.595+0000] {processor.py:840} INFO - DAG(s) 'fetch_data_and_upload_to_gcs' retrieved from /opt/airflow/dags/fetch_data_and_upload_to_gcs.py
[2025-04-03T10:47:55.624+0000] {logging_mixin.py:188} INFO - [2025-04-03T10:47:55.624+0000] {dag.py:3047} INFO - Sync 1 DAGs
[2025-04-03T10:47:55.642+0000] {logging_mixin.py:188} INFO - [2025-04-03T10:47:55.641+0000] {dag.py:3834} INFO - Setting next_dagrun for fetch_data_and_upload_to_gcs to None, run_after=None
[2025-04-03T10:47:55.667+0000] {processor.py:183} INFO - Processing /opt/airflow/dags/fetch_data_and_upload_to_gcs.py took 0.088 seconds
[2025-04-03T10:48:25.723+0000] {processor.py:161} INFO - Started process (PID=2480) to work on /opt/airflow/dags/fetch_data_and_upload_to_gcs.py
[2025-04-03T10:48:25.726+0000] {processor.py:830} INFO - Processing file /opt/airflow/dags/fetch_data_and_upload_to_gcs.py for tasks to queue
[2025-04-03T10:48:25.729+0000] {logging_mixin.py:188} INFO - [2025-04-03T10:48:25.728+0000] {dagbag.py:540} INFO - Filling up the DagBag from /opt/airflow/dags/fetch_data_and_upload_to_gcs.py
[2025-04-03T10:48:25.735+0000] {processor.py:840} INFO - DAG(s) 'fetch_data_and_upload_to_gcs' retrieved from /opt/airflow/dags/fetch_data_and_upload_to_gcs.py
[2025-04-03T10:48:25.762+0000] {logging_mixin.py:188} INFO - [2025-04-03T10:48:25.762+0000] {dag.py:3047} INFO - Sync 1 DAGs
[2025-04-03T10:48:25.778+0000] {logging_mixin.py:188} INFO - [2025-04-03T10:48:25.777+0000] {dag.py:3834} INFO - Setting next_dagrun for fetch_data_and_upload_to_gcs to None, run_after=None
[2025-04-03T10:48:25.803+0000] {processor.py:183} INFO - Processing /opt/airflow/dags/fetch_data_and_upload_to_gcs.py took 0.085 seconds
[2025-04-03T10:48:56.614+0000] {processor.py:161} INFO - Started process (PID=2548) to work on /opt/airflow/dags/fetch_data_and_upload_to_gcs.py
[2025-04-03T10:48:56.615+0000] {processor.py:830} INFO - Processing file /opt/airflow/dags/fetch_data_and_upload_to_gcs.py for tasks to queue
[2025-04-03T10:48:56.617+0000] {logging_mixin.py:188} INFO - [2025-04-03T10:48:56.617+0000] {dagbag.py:540} INFO - Filling up the DagBag from /opt/airflow/dags/fetch_data_and_upload_to_gcs.py
[2025-04-03T10:48:56.624+0000] {processor.py:840} INFO - DAG(s) 'fetch_data_and_upload_to_gcs' retrieved from /opt/airflow/dags/fetch_data_and_upload_to_gcs.py
[2025-04-03T10:48:56.649+0000] {logging_mixin.py:188} INFO - [2025-04-03T10:48:56.649+0000] {dag.py:3047} INFO - Sync 1 DAGs
[2025-04-03T10:48:56.663+0000] {logging_mixin.py:188} INFO - [2025-04-03T10:48:56.663+0000] {dag.py:3834} INFO - Setting next_dagrun for fetch_data_and_upload_to_gcs to None, run_after=None
[2025-04-03T10:48:56.692+0000] {processor.py:183} INFO - Processing /opt/airflow/dags/fetch_data_and_upload_to_gcs.py took 0.083 seconds
[2025-04-03T10:49:26.972+0000] {processor.py:161} INFO - Started process (PID=2609) to work on /opt/airflow/dags/fetch_data_and_upload_to_gcs.py
[2025-04-03T10:49:26.974+0000] {processor.py:830} INFO - Processing file /opt/airflow/dags/fetch_data_and_upload_to_gcs.py for tasks to queue
[2025-04-03T10:49:26.977+0000] {logging_mixin.py:188} INFO - [2025-04-03T10:49:26.976+0000] {dagbag.py:540} INFO - Filling up the DagBag from /opt/airflow/dags/fetch_data_and_upload_to_gcs.py
[2025-04-03T10:49:26.985+0000] {processor.py:840} INFO - DAG(s) 'fetch_data_and_upload_to_gcs' retrieved from /opt/airflow/dags/fetch_data_and_upload_to_gcs.py
[2025-04-03T10:49:27.009+0000] {logging_mixin.py:188} INFO - [2025-04-03T10:49:27.008+0000] {dag.py:3047} INFO - Sync 1 DAGs
[2025-04-03T10:49:27.024+0000] {logging_mixin.py:188} INFO - [2025-04-03T10:49:27.024+0000] {dag.py:3834} INFO - Setting next_dagrun for fetch_data_and_upload_to_gcs to None, run_after=None
[2025-04-03T10:49:27.048+0000] {processor.py:183} INFO - Processing /opt/airflow/dags/fetch_data_and_upload_to_gcs.py took 0.081 seconds
[2025-04-03T10:49:57.757+0000] {processor.py:161} INFO - Started process (PID=2670) to work on /opt/airflow/dags/fetch_data_and_upload_to_gcs.py
[2025-04-03T10:49:57.759+0000] {processor.py:830} INFO - Processing file /opt/airflow/dags/fetch_data_and_upload_to_gcs.py for tasks to queue
[2025-04-03T10:49:57.762+0000] {logging_mixin.py:188} INFO - [2025-04-03T10:49:57.761+0000] {dagbag.py:540} INFO - Filling up the DagBag from /opt/airflow/dags/fetch_data_and_upload_to_gcs.py
[2025-04-03T10:49:57.769+0000] {processor.py:840} INFO - DAG(s) 'fetch_data_and_upload_to_gcs' retrieved from /opt/airflow/dags/fetch_data_and_upload_to_gcs.py
[2025-04-03T10:49:57.797+0000] {logging_mixin.py:188} INFO - [2025-04-03T10:49:57.796+0000] {dag.py:3047} INFO - Sync 1 DAGs
[2025-04-03T10:49:57.810+0000] {logging_mixin.py:188} INFO - [2025-04-03T10:49:57.810+0000] {dag.py:3834} INFO - Setting next_dagrun for fetch_data_and_upload_to_gcs to None, run_after=None
[2025-04-03T10:49:57.833+0000] {processor.py:183} INFO - Processing /opt/airflow/dags/fetch_data_and_upload_to_gcs.py took 0.084 seconds
[2025-04-03T10:50:28.701+0000] {processor.py:161} INFO - Started process (PID=2731) to work on /opt/airflow/dags/fetch_data_and_upload_to_gcs.py
[2025-04-03T10:50:28.703+0000] {processor.py:830} INFO - Processing file /opt/airflow/dags/fetch_data_and_upload_to_gcs.py for tasks to queue
[2025-04-03T10:50:28.706+0000] {logging_mixin.py:188} INFO - [2025-04-03T10:50:28.705+0000] {dagbag.py:540} INFO - Filling up the DagBag from /opt/airflow/dags/fetch_data_and_upload_to_gcs.py
[2025-04-03T10:50:28.717+0000] {processor.py:840} INFO - DAG(s) 'fetch_data_and_upload_to_gcs' retrieved from /opt/airflow/dags/fetch_data_and_upload_to_gcs.py
[2025-04-03T10:50:28.750+0000] {logging_mixin.py:188} INFO - [2025-04-03T10:50:28.749+0000] {dag.py:3047} INFO - Sync 1 DAGs
[2025-04-03T10:50:28.770+0000] {logging_mixin.py:188} INFO - [2025-04-03T10:50:28.769+0000] {dag.py:3834} INFO - Setting next_dagrun for fetch_data_and_upload_to_gcs to None, run_after=None
[2025-04-03T10:50:28.805+0000] {processor.py:183} INFO - Processing /opt/airflow/dags/fetch_data_and_upload_to_gcs.py took 0.108 seconds
[2025-04-03T10:50:59.556+0000] {processor.py:161} INFO - Started process (PID=2792) to work on /opt/airflow/dags/fetch_data_and_upload_to_gcs.py
[2025-04-03T10:50:59.558+0000] {processor.py:830} INFO - Processing file /opt/airflow/dags/fetch_data_and_upload_to_gcs.py for tasks to queue
[2025-04-03T10:50:59.562+0000] {logging_mixin.py:188} INFO - [2025-04-03T10:50:59.561+0000] {dagbag.py:540} INFO - Filling up the DagBag from /opt/airflow/dags/fetch_data_and_upload_to_gcs.py
[2025-04-03T10:50:59.570+0000] {processor.py:840} INFO - DAG(s) 'fetch_data_and_upload_to_gcs' retrieved from /opt/airflow/dags/fetch_data_and_upload_to_gcs.py
[2025-04-03T10:50:59.598+0000] {logging_mixin.py:188} INFO - [2025-04-03T10:50:59.598+0000] {dag.py:3047} INFO - Sync 1 DAGs
[2025-04-03T10:50:59.618+0000] {logging_mixin.py:188} INFO - [2025-04-03T10:50:59.618+0000] {dag.py:3834} INFO - Setting next_dagrun for fetch_data_and_upload_to_gcs to None, run_after=None
[2025-04-03T10:50:59.650+0000] {processor.py:183} INFO - Processing /opt/airflow/dags/fetch_data_and_upload_to_gcs.py took 0.100 seconds
[2025-04-03T10:51:30.280+0000] {processor.py:161} INFO - Started process (PID=2853) to work on /opt/airflow/dags/fetch_data_and_upload_to_gcs.py
[2025-04-03T10:51:30.282+0000] {processor.py:830} INFO - Processing file /opt/airflow/dags/fetch_data_and_upload_to_gcs.py for tasks to queue
[2025-04-03T10:51:30.284+0000] {logging_mixin.py:188} INFO - [2025-04-03T10:51:30.284+0000] {dagbag.py:540} INFO - Filling up the DagBag from /opt/airflow/dags/fetch_data_and_upload_to_gcs.py
[2025-04-03T10:51:30.290+0000] {processor.py:840} INFO - DAG(s) 'fetch_data_and_upload_to_gcs' retrieved from /opt/airflow/dags/fetch_data_and_upload_to_gcs.py
[2025-04-03T10:51:30.315+0000] {logging_mixin.py:188} INFO - [2025-04-03T10:51:30.315+0000] {dag.py:3047} INFO - Sync 1 DAGs
[2025-04-03T10:51:30.328+0000] {logging_mixin.py:188} INFO - [2025-04-03T10:51:30.328+0000] {dag.py:3834} INFO - Setting next_dagrun for fetch_data_and_upload_to_gcs to None, run_after=None
[2025-04-03T10:51:30.355+0000] {processor.py:183} INFO - Processing /opt/airflow/dags/fetch_data_and_upload_to_gcs.py took 0.079 seconds
[2025-04-03T10:52:00.919+0000] {processor.py:161} INFO - Started process (PID=2914) to work on /opt/airflow/dags/fetch_data_and_upload_to_gcs.py
[2025-04-03T10:52:00.923+0000] {processor.py:830} INFO - Processing file /opt/airflow/dags/fetch_data_and_upload_to_gcs.py for tasks to queue
[2025-04-03T10:52:00.926+0000] {logging_mixin.py:188} INFO - [2025-04-03T10:52:00.926+0000] {dagbag.py:540} INFO - Filling up the DagBag from /opt/airflow/dags/fetch_data_and_upload_to_gcs.py
[2025-04-03T10:52:00.936+0000] {processor.py:840} INFO - DAG(s) 'fetch_data_and_upload_to_gcs' retrieved from /opt/airflow/dags/fetch_data_and_upload_to_gcs.py
[2025-04-03T10:52:00.972+0000] {logging_mixin.py:188} INFO - [2025-04-03T10:52:00.971+0000] {dag.py:3047} INFO - Sync 1 DAGs
[2025-04-03T10:52:00.999+0000] {logging_mixin.py:188} INFO - [2025-04-03T10:52:00.998+0000] {dag.py:3834} INFO - Setting next_dagrun for fetch_data_and_upload_to_gcs to None, run_after=None
[2025-04-03T10:52:01.049+0000] {processor.py:183} INFO - Processing /opt/airflow/dags/fetch_data_and_upload_to_gcs.py took 0.135 seconds
[2025-04-03T10:52:31.409+0000] {processor.py:161} INFO - Started process (PID=2975) to work on /opt/airflow/dags/fetch_data_and_upload_to_gcs.py
[2025-04-03T10:52:31.410+0000] {processor.py:830} INFO - Processing file /opt/airflow/dags/fetch_data_and_upload_to_gcs.py for tasks to queue
[2025-04-03T10:52:31.413+0000] {logging_mixin.py:188} INFO - [2025-04-03T10:52:31.412+0000] {dagbag.py:540} INFO - Filling up the DagBag from /opt/airflow/dags/fetch_data_and_upload_to_gcs.py
[2025-04-03T10:52:31.420+0000] {processor.py:840} INFO - DAG(s) 'fetch_data_and_upload_to_gcs' retrieved from /opt/airflow/dags/fetch_data_and_upload_to_gcs.py
[2025-04-03T10:52:31.447+0000] {logging_mixin.py:188} INFO - [2025-04-03T10:52:31.446+0000] {dag.py:3047} INFO - Sync 1 DAGs
[2025-04-03T10:52:31.462+0000] {logging_mixin.py:188} INFO - [2025-04-03T10:52:31.462+0000] {dag.py:3834} INFO - Setting next_dagrun for fetch_data_and_upload_to_gcs to None, run_after=None
[2025-04-03T10:52:31.491+0000] {processor.py:183} INFO - Processing /opt/airflow/dags/fetch_data_and_upload_to_gcs.py took 0.086 seconds
[2025-04-03T10:53:01.664+0000] {processor.py:161} INFO - Started process (PID=3036) to work on /opt/airflow/dags/fetch_data_and_upload_to_gcs.py
[2025-04-03T10:53:01.666+0000] {processor.py:830} INFO - Processing file /opt/airflow/dags/fetch_data_and_upload_to_gcs.py for tasks to queue
[2025-04-03T10:53:01.668+0000] {logging_mixin.py:188} INFO - [2025-04-03T10:53:01.668+0000] {dagbag.py:540} INFO - Filling up the DagBag from /opt/airflow/dags/fetch_data_and_upload_to_gcs.py
[2025-04-03T10:53:01.675+0000] {processor.py:840} INFO - DAG(s) 'fetch_data_and_upload_to_gcs' retrieved from /opt/airflow/dags/fetch_data_and_upload_to_gcs.py
[2025-04-03T10:53:01.703+0000] {logging_mixin.py:188} INFO - [2025-04-03T10:53:01.702+0000] {dag.py:3047} INFO - Sync 1 DAGs
[2025-04-03T10:53:01.727+0000] {logging_mixin.py:188} INFO - [2025-04-03T10:53:01.726+0000] {dag.py:3834} INFO - Setting next_dagrun for fetch_data_and_upload_to_gcs to None, run_after=None
[2025-04-03T10:53:01.779+0000] {processor.py:183} INFO - Processing /opt/airflow/dags/fetch_data_and_upload_to_gcs.py took 0.120 seconds
[2025-04-03T10:53:32.270+0000] {processor.py:161} INFO - Started process (PID=3098) to work on /opt/airflow/dags/fetch_data_and_upload_to_gcs.py
[2025-04-03T10:53:32.272+0000] {processor.py:830} INFO - Processing file /opt/airflow/dags/fetch_data_and_upload_to_gcs.py for tasks to queue
[2025-04-03T10:53:32.275+0000] {logging_mixin.py:188} INFO - [2025-04-03T10:53:32.274+0000] {dagbag.py:540} INFO - Filling up the DagBag from /opt/airflow/dags/fetch_data_and_upload_to_gcs.py
[2025-04-03T10:53:32.283+0000] {processor.py:840} INFO - DAG(s) 'fetch_data_and_upload_to_gcs' retrieved from /opt/airflow/dags/fetch_data_and_upload_to_gcs.py
[2025-04-03T10:53:32.310+0000] {logging_mixin.py:188} INFO - [2025-04-03T10:53:32.309+0000] {dag.py:3047} INFO - Sync 1 DAGs
[2025-04-03T10:53:32.327+0000] {logging_mixin.py:188} INFO - [2025-04-03T10:53:32.327+0000] {dag.py:3834} INFO - Setting next_dagrun for fetch_data_and_upload_to_gcs to None, run_after=None
[2025-04-03T10:53:32.358+0000] {processor.py:183} INFO - Processing /opt/airflow/dags/fetch_data_and_upload_to_gcs.py took 0.092 seconds
[2025-04-03T10:54:02.459+0000] {processor.py:161} INFO - Started process (PID=3165) to work on /opt/airflow/dags/fetch_data_and_upload_to_gcs.py
[2025-04-03T10:54:02.462+0000] {processor.py:830} INFO - Processing file /opt/airflow/dags/fetch_data_and_upload_to_gcs.py for tasks to queue
[2025-04-03T10:54:02.464+0000] {logging_mixin.py:188} INFO - [2025-04-03T10:54:02.464+0000] {dagbag.py:540} INFO - Filling up the DagBag from /opt/airflow/dags/fetch_data_and_upload_to_gcs.py
[2025-04-03T10:54:02.472+0000] {processor.py:840} INFO - DAG(s) 'fetch_data_and_upload_to_gcs' retrieved from /opt/airflow/dags/fetch_data_and_upload_to_gcs.py
[2025-04-03T10:54:02.499+0000] {logging_mixin.py:188} INFO - [2025-04-03T10:54:02.499+0000] {dag.py:3047} INFO - Sync 1 DAGs
[2025-04-03T10:54:02.514+0000] {logging_mixin.py:188} INFO - [2025-04-03T10:54:02.514+0000] {dag.py:3834} INFO - Setting next_dagrun for fetch_data_and_upload_to_gcs to None, run_after=None
[2025-04-03T10:54:02.546+0000] {processor.py:183} INFO - Processing /opt/airflow/dags/fetch_data_and_upload_to_gcs.py took 0.091 seconds
[2025-04-03T10:54:33.013+0000] {processor.py:161} INFO - Started process (PID=3226) to work on /opt/airflow/dags/fetch_data_and_upload_to_gcs.py
[2025-04-03T10:54:33.014+0000] {processor.py:830} INFO - Processing file /opt/airflow/dags/fetch_data_and_upload_to_gcs.py for tasks to queue
[2025-04-03T10:54:33.017+0000] {logging_mixin.py:188} INFO - [2025-04-03T10:54:33.016+0000] {dagbag.py:540} INFO - Filling up the DagBag from /opt/airflow/dags/fetch_data_and_upload_to_gcs.py
[2025-04-03T10:54:33.024+0000] {processor.py:840} INFO - DAG(s) 'fetch_data_and_upload_to_gcs' retrieved from /opt/airflow/dags/fetch_data_and_upload_to_gcs.py
[2025-04-03T10:54:33.055+0000] {logging_mixin.py:188} INFO - [2025-04-03T10:54:33.055+0000] {dag.py:3047} INFO - Sync 1 DAGs
[2025-04-03T10:54:33.073+0000] {logging_mixin.py:188} INFO - [2025-04-03T10:54:33.072+0000] {dag.py:3834} INFO - Setting next_dagrun for fetch_data_and_upload_to_gcs to None, run_after=None
[2025-04-03T10:54:33.106+0000] {processor.py:183} INFO - Processing /opt/airflow/dags/fetch_data_and_upload_to_gcs.py took 0.099 seconds
[2025-04-03T10:55:03.581+0000] {processor.py:161} INFO - Started process (PID=3287) to work on /opt/airflow/dags/fetch_data_and_upload_to_gcs.py
[2025-04-03T10:55:03.583+0000] {processor.py:830} INFO - Processing file /opt/airflow/dags/fetch_data_and_upload_to_gcs.py for tasks to queue
[2025-04-03T10:55:03.585+0000] {logging_mixin.py:188} INFO - [2025-04-03T10:55:03.584+0000] {dagbag.py:540} INFO - Filling up the DagBag from /opt/airflow/dags/fetch_data_and_upload_to_gcs.py
[2025-04-03T10:55:03.592+0000] {processor.py:840} INFO - DAG(s) 'fetch_data_and_upload_to_gcs' retrieved from /opt/airflow/dags/fetch_data_and_upload_to_gcs.py
[2025-04-03T10:55:03.619+0000] {logging_mixin.py:188} INFO - [2025-04-03T10:55:03.618+0000] {dag.py:3047} INFO - Sync 1 DAGs
[2025-04-03T10:55:03.633+0000] {logging_mixin.py:188} INFO - [2025-04-03T10:55:03.632+0000] {dag.py:3834} INFO - Setting next_dagrun for fetch_data_and_upload_to_gcs to None, run_after=None
[2025-04-03T10:55:03.663+0000] {processor.py:183} INFO - Processing /opt/airflow/dags/fetch_data_and_upload_to_gcs.py took 0.086 seconds
[2025-04-03T10:55:33.753+0000] {processor.py:161} INFO - Started process (PID=3348) to work on /opt/airflow/dags/fetch_data_and_upload_to_gcs.py
[2025-04-03T10:55:33.755+0000] {processor.py:830} INFO - Processing file /opt/airflow/dags/fetch_data_and_upload_to_gcs.py for tasks to queue
[2025-04-03T10:55:33.758+0000] {logging_mixin.py:188} INFO - [2025-04-03T10:55:33.758+0000] {dagbag.py:540} INFO - Filling up the DagBag from /opt/airflow/dags/fetch_data_and_upload_to_gcs.py
[2025-04-03T10:55:33.766+0000] {processor.py:840} INFO - DAG(s) 'fetch_data_and_upload_to_gcs' retrieved from /opt/airflow/dags/fetch_data_and_upload_to_gcs.py
[2025-04-03T10:55:33.792+0000] {logging_mixin.py:188} INFO - [2025-04-03T10:55:33.791+0000] {dag.py:3047} INFO - Sync 1 DAGs
[2025-04-03T10:55:33.806+0000] {logging_mixin.py:188} INFO - [2025-04-03T10:55:33.806+0000] {dag.py:3834} INFO - Setting next_dagrun for fetch_data_and_upload_to_gcs to None, run_after=None
[2025-04-03T10:55:33.841+0000] {processor.py:183} INFO - Processing /opt/airflow/dags/fetch_data_and_upload_to_gcs.py took 0.092 seconds
[2025-04-03T10:56:04.235+0000] {processor.py:161} INFO - Started process (PID=3409) to work on /opt/airflow/dags/fetch_data_and_upload_to_gcs.py
[2025-04-03T10:56:04.237+0000] {processor.py:830} INFO - Processing file /opt/airflow/dags/fetch_data_and_upload_to_gcs.py for tasks to queue
[2025-04-03T10:56:04.239+0000] {logging_mixin.py:188} INFO - [2025-04-03T10:56:04.238+0000] {dagbag.py:540} INFO - Filling up the DagBag from /opt/airflow/dags/fetch_data_and_upload_to_gcs.py
[2025-04-03T10:56:04.248+0000] {processor.py:840} INFO - DAG(s) 'fetch_data_and_upload_to_gcs' retrieved from /opt/airflow/dags/fetch_data_and_upload_to_gcs.py
[2025-04-03T10:56:04.275+0000] {logging_mixin.py:188} INFO - [2025-04-03T10:56:04.274+0000] {dag.py:3047} INFO - Sync 1 DAGs
[2025-04-03T10:56:04.291+0000] {logging_mixin.py:188} INFO - [2025-04-03T10:56:04.291+0000] {dag.py:3834} INFO - Setting next_dagrun for fetch_data_and_upload_to_gcs to None, run_after=None
[2025-04-03T10:56:04.325+0000] {processor.py:183} INFO - Processing /opt/airflow/dags/fetch_data_and_upload_to_gcs.py took 0.096 seconds
[2025-04-03T10:56:34.521+0000] {processor.py:161} INFO - Started process (PID=3469) to work on /opt/airflow/dags/fetch_data_and_upload_to_gcs.py
[2025-04-03T10:56:34.524+0000] {processor.py:830} INFO - Processing file /opt/airflow/dags/fetch_data_and_upload_to_gcs.py for tasks to queue
[2025-04-03T10:56:34.526+0000] {logging_mixin.py:188} INFO - [2025-04-03T10:56:34.526+0000] {dagbag.py:540} INFO - Filling up the DagBag from /opt/airflow/dags/fetch_data_and_upload_to_gcs.py
[2025-04-03T10:56:34.537+0000] {processor.py:840} INFO - DAG(s) 'fetch_data_and_upload_to_gcs' retrieved from /opt/airflow/dags/fetch_data_and_upload_to_gcs.py
[2025-04-03T10:56:34.569+0000] {logging_mixin.py:188} INFO - [2025-04-03T10:56:34.569+0000] {dag.py:3047} INFO - Sync 1 DAGs
[2025-04-03T10:56:34.584+0000] {logging_mixin.py:188} INFO - [2025-04-03T10:56:34.584+0000] {dag.py:3834} INFO - Setting next_dagrun for fetch_data_and_upload_to_gcs to None, run_after=None
[2025-04-03T10:56:34.611+0000] {processor.py:183} INFO - Processing /opt/airflow/dags/fetch_data_and_upload_to_gcs.py took 0.094 seconds
[2025-04-03T10:57:05.215+0000] {processor.py:161} INFO - Started process (PID=3529) to work on /opt/airflow/dags/fetch_data_and_upload_to_gcs.py
[2025-04-03T10:57:05.217+0000] {processor.py:830} INFO - Processing file /opt/airflow/dags/fetch_data_and_upload_to_gcs.py for tasks to queue
[2025-04-03T10:57:05.219+0000] {logging_mixin.py:188} INFO - [2025-04-03T10:57:05.219+0000] {dagbag.py:540} INFO - Filling up the DagBag from /opt/airflow/dags/fetch_data_and_upload_to_gcs.py
[2025-04-03T10:57:05.225+0000] {processor.py:840} INFO - DAG(s) 'fetch_data_and_upload_to_gcs' retrieved from /opt/airflow/dags/fetch_data_and_upload_to_gcs.py
[2025-04-03T10:57:05.246+0000] {logging_mixin.py:188} INFO - [2025-04-03T10:57:05.245+0000] {dag.py:3047} INFO - Sync 1 DAGs
[2025-04-03T10:57:05.261+0000] {logging_mixin.py:188} INFO - [2025-04-03T10:57:05.260+0000] {dag.py:3834} INFO - Setting next_dagrun for fetch_data_and_upload_to_gcs to None, run_after=None
[2025-04-03T10:57:05.288+0000] {processor.py:183} INFO - Processing /opt/airflow/dags/fetch_data_and_upload_to_gcs.py took 0.077 seconds
[2025-04-03T10:57:35.609+0000] {processor.py:161} INFO - Started process (PID=3590) to work on /opt/airflow/dags/fetch_data_and_upload_to_gcs.py
[2025-04-03T10:57:35.611+0000] {processor.py:830} INFO - Processing file /opt/airflow/dags/fetch_data_and_upload_to_gcs.py for tasks to queue
[2025-04-03T10:57:35.613+0000] {logging_mixin.py:188} INFO - [2025-04-03T10:57:35.613+0000] {dagbag.py:540} INFO - Filling up the DagBag from /opt/airflow/dags/fetch_data_and_upload_to_gcs.py
[2025-04-03T10:57:35.619+0000] {processor.py:840} INFO - DAG(s) 'fetch_data_and_upload_to_gcs' retrieved from /opt/airflow/dags/fetch_data_and_upload_to_gcs.py
[2025-04-03T10:57:35.643+0000] {logging_mixin.py:188} INFO - [2025-04-03T10:57:35.642+0000] {dag.py:3047} INFO - Sync 1 DAGs
[2025-04-03T10:57:35.659+0000] {logging_mixin.py:188} INFO - [2025-04-03T10:57:35.658+0000] {dag.py:3834} INFO - Setting next_dagrun for fetch_data_and_upload_to_gcs to None, run_after=None
[2025-04-03T10:57:35.685+0000] {processor.py:183} INFO - Processing /opt/airflow/dags/fetch_data_and_upload_to_gcs.py took 0.080 seconds
[2025-04-03T10:58:06.127+0000] {processor.py:161} INFO - Started process (PID=3651) to work on /opt/airflow/dags/fetch_data_and_upload_to_gcs.py
[2025-04-03T10:58:06.131+0000] {processor.py:830} INFO - Processing file /opt/airflow/dags/fetch_data_and_upload_to_gcs.py for tasks to queue
[2025-04-03T10:58:06.158+0000] {logging_mixin.py:188} INFO - [2025-04-03T10:58:06.143+0000] {dagbag.py:540} INFO - Filling up the DagBag from /opt/airflow/dags/fetch_data_and_upload_to_gcs.py
[2025-04-03T10:58:06.187+0000] {processor.py:840} INFO - DAG(s) 'fetch_data_and_upload_to_gcs' retrieved from /opt/airflow/dags/fetch_data_and_upload_to_gcs.py
[2025-04-03T10:58:06.224+0000] {logging_mixin.py:188} INFO - [2025-04-03T10:58:06.224+0000] {dag.py:3047} INFO - Sync 1 DAGs
[2025-04-03T10:58:06.259+0000] {logging_mixin.py:188} INFO - [2025-04-03T10:58:06.259+0000] {dag.py:3834} INFO - Setting next_dagrun for fetch_data_and_upload_to_gcs to None, run_after=None
[2025-04-03T10:58:06.286+0000] {processor.py:183} INFO - Processing /opt/airflow/dags/fetch_data_and_upload_to_gcs.py took 0.178 seconds
[2025-04-03T10:58:37.309+0000] {processor.py:161} INFO - Started process (PID=3712) to work on /opt/airflow/dags/fetch_data_and_upload_to_gcs.py
[2025-04-03T10:58:37.312+0000] {processor.py:830} INFO - Processing file /opt/airflow/dags/fetch_data_and_upload_to_gcs.py for tasks to queue
[2025-04-03T10:58:37.314+0000] {logging_mixin.py:188} INFO - [2025-04-03T10:58:37.314+0000] {dagbag.py:540} INFO - Filling up the DagBag from /opt/airflow/dags/fetch_data_and_upload_to_gcs.py
[2025-04-03T10:58:37.321+0000] {processor.py:840} INFO - DAG(s) 'fetch_data_and_upload_to_gcs' retrieved from /opt/airflow/dags/fetch_data_and_upload_to_gcs.py
[2025-04-03T10:58:37.348+0000] {logging_mixin.py:188} INFO - [2025-04-03T10:58:37.347+0000] {dag.py:3047} INFO - Sync 1 DAGs
[2025-04-03T10:58:37.362+0000] {logging_mixin.py:188} INFO - [2025-04-03T10:58:37.362+0000] {dag.py:3834} INFO - Setting next_dagrun for fetch_data_and_upload_to_gcs to None, run_after=None
[2025-04-03T10:58:37.388+0000] {processor.py:183} INFO - Processing /opt/airflow/dags/fetch_data_and_upload_to_gcs.py took 0.085 seconds
[2025-04-03T10:59:07.495+0000] {processor.py:161} INFO - Started process (PID=3773) to work on /opt/airflow/dags/fetch_data_and_upload_to_gcs.py
[2025-04-03T10:59:07.496+0000] {processor.py:830} INFO - Processing file /opt/airflow/dags/fetch_data_and_upload_to_gcs.py for tasks to queue
[2025-04-03T10:59:07.499+0000] {logging_mixin.py:188} INFO - [2025-04-03T10:59:07.498+0000] {dagbag.py:540} INFO - Filling up the DagBag from /opt/airflow/dags/fetch_data_and_upload_to_gcs.py
[2025-04-03T10:59:07.505+0000] {processor.py:840} INFO - DAG(s) 'fetch_data_and_upload_to_gcs' retrieved from /opt/airflow/dags/fetch_data_and_upload_to_gcs.py
[2025-04-03T10:59:07.535+0000] {logging_mixin.py:188} INFO - [2025-04-03T10:59:07.533+0000] {dag.py:3047} INFO - Sync 1 DAGs
[2025-04-03T10:59:07.551+0000] {logging_mixin.py:188} INFO - [2025-04-03T10:59:07.551+0000] {dag.py:3834} INFO - Setting next_dagrun for fetch_data_and_upload_to_gcs to None, run_after=None
[2025-04-03T10:59:07.578+0000] {processor.py:183} INFO - Processing /opt/airflow/dags/fetch_data_and_upload_to_gcs.py took 0.088 seconds
[2025-04-03T10:59:37.845+0000] {processor.py:161} INFO - Started process (PID=3840) to work on /opt/airflow/dags/fetch_data_and_upload_to_gcs.py
[2025-04-03T10:59:37.847+0000] {processor.py:830} INFO - Processing file /opt/airflow/dags/fetch_data_and_upload_to_gcs.py for tasks to queue
[2025-04-03T10:59:37.849+0000] {logging_mixin.py:188} INFO - [2025-04-03T10:59:37.849+0000] {dagbag.py:540} INFO - Filling up the DagBag from /opt/airflow/dags/fetch_data_and_upload_to_gcs.py
[2025-04-03T10:59:37.856+0000] {processor.py:840} INFO - DAG(s) 'fetch_data_and_upload_to_gcs' retrieved from /opt/airflow/dags/fetch_data_and_upload_to_gcs.py
[2025-04-03T10:59:37.885+0000] {logging_mixin.py:188} INFO - [2025-04-03T10:59:37.884+0000] {dag.py:3047} INFO - Sync 1 DAGs
[2025-04-03T10:59:37.898+0000] {logging_mixin.py:188} INFO - [2025-04-03T10:59:37.898+0000] {dag.py:3834} INFO - Setting next_dagrun for fetch_data_and_upload_to_gcs to None, run_after=None
[2025-04-03T10:59:37.924+0000] {processor.py:183} INFO - Processing /opt/airflow/dags/fetch_data_and_upload_to_gcs.py took 0.083 seconds
[2025-04-03T11:00:08.823+0000] {processor.py:161} INFO - Started process (PID=3901) to work on /opt/airflow/dags/fetch_data_and_upload_to_gcs.py
[2025-04-03T11:00:08.825+0000] {processor.py:830} INFO - Processing file /opt/airflow/dags/fetch_data_and_upload_to_gcs.py for tasks to queue
[2025-04-03T11:00:08.828+0000] {logging_mixin.py:188} INFO - [2025-04-03T11:00:08.828+0000] {dagbag.py:540} INFO - Filling up the DagBag from /opt/airflow/dags/fetch_data_and_upload_to_gcs.py
[2025-04-03T11:00:08.836+0000] {processor.py:840} INFO - DAG(s) 'fetch_data_and_upload_to_gcs' retrieved from /opt/airflow/dags/fetch_data_and_upload_to_gcs.py
[2025-04-03T11:00:08.866+0000] {logging_mixin.py:188} INFO - [2025-04-03T11:00:08.865+0000] {dag.py:3047} INFO - Sync 1 DAGs
[2025-04-03T11:00:08.883+0000] {logging_mixin.py:188} INFO - [2025-04-03T11:00:08.883+0000] {dag.py:3834} INFO - Setting next_dagrun for fetch_data_and_upload_to_gcs to None, run_after=None
[2025-04-03T11:00:08.914+0000] {processor.py:183} INFO - Processing /opt/airflow/dags/fetch_data_and_upload_to_gcs.py took 0.096 seconds
[2025-04-03T11:00:39.238+0000] {processor.py:161} INFO - Started process (PID=3962) to work on /opt/airflow/dags/fetch_data_and_upload_to_gcs.py
[2025-04-03T11:00:39.241+0000] {processor.py:830} INFO - Processing file /opt/airflow/dags/fetch_data_and_upload_to_gcs.py for tasks to queue
[2025-04-03T11:00:39.243+0000] {logging_mixin.py:188} INFO - [2025-04-03T11:00:39.243+0000] {dagbag.py:540} INFO - Filling up the DagBag from /opt/airflow/dags/fetch_data_and_upload_to_gcs.py
[2025-04-03T11:00:39.251+0000] {processor.py:840} INFO - DAG(s) 'fetch_data_and_upload_to_gcs' retrieved from /opt/airflow/dags/fetch_data_and_upload_to_gcs.py
[2025-04-03T11:00:39.278+0000] {logging_mixin.py:188} INFO - [2025-04-03T11:00:39.278+0000] {dag.py:3047} INFO - Sync 1 DAGs
[2025-04-03T11:00:39.294+0000] {logging_mixin.py:188} INFO - [2025-04-03T11:00:39.294+0000] {dag.py:3834} INFO - Setting next_dagrun for fetch_data_and_upload_to_gcs to None, run_after=None
[2025-04-03T11:00:39.319+0000] {processor.py:183} INFO - Processing /opt/airflow/dags/fetch_data_and_upload_to_gcs.py took 0.084 seconds
[2025-04-03T11:01:09.437+0000] {processor.py:161} INFO - Started process (PID=4023) to work on /opt/airflow/dags/fetch_data_and_upload_to_gcs.py
[2025-04-03T11:01:09.440+0000] {processor.py:830} INFO - Processing file /opt/airflow/dags/fetch_data_and_upload_to_gcs.py for tasks to queue
[2025-04-03T11:01:09.443+0000] {logging_mixin.py:188} INFO - [2025-04-03T11:01:09.442+0000] {dagbag.py:540} INFO - Filling up the DagBag from /opt/airflow/dags/fetch_data_and_upload_to_gcs.py
[2025-04-03T11:01:09.450+0000] {processor.py:840} INFO - DAG(s) 'fetch_data_and_upload_to_gcs' retrieved from /opt/airflow/dags/fetch_data_and_upload_to_gcs.py
[2025-04-03T11:01:09.476+0000] {logging_mixin.py:188} INFO - [2025-04-03T11:01:09.476+0000] {dag.py:3047} INFO - Sync 1 DAGs
[2025-04-03T11:01:09.494+0000] {logging_mixin.py:188} INFO - [2025-04-03T11:01:09.494+0000] {dag.py:3834} INFO - Setting next_dagrun for fetch_data_and_upload_to_gcs to None, run_after=None
[2025-04-03T11:01:09.517+0000] {processor.py:183} INFO - Processing /opt/airflow/dags/fetch_data_and_upload_to_gcs.py took 0.085 seconds
[2025-04-03T11:01:39.606+0000] {processor.py:161} INFO - Started process (PID=4084) to work on /opt/airflow/dags/fetch_data_and_upload_to_gcs.py
[2025-04-03T11:01:39.608+0000] {processor.py:830} INFO - Processing file /opt/airflow/dags/fetch_data_and_upload_to_gcs.py for tasks to queue
[2025-04-03T11:01:39.611+0000] {logging_mixin.py:188} INFO - [2025-04-03T11:01:39.610+0000] {dagbag.py:540} INFO - Filling up the DagBag from /opt/airflow/dags/fetch_data_and_upload_to_gcs.py
[2025-04-03T11:01:39.621+0000] {processor.py:840} INFO - DAG(s) 'fetch_data_and_upload_to_gcs' retrieved from /opt/airflow/dags/fetch_data_and_upload_to_gcs.py
[2025-04-03T11:01:39.651+0000] {logging_mixin.py:188} INFO - [2025-04-03T11:01:39.650+0000] {dag.py:3047} INFO - Sync 1 DAGs
[2025-04-03T11:01:39.664+0000] {logging_mixin.py:188} INFO - [2025-04-03T11:01:39.664+0000] {dag.py:3834} INFO - Setting next_dagrun for fetch_data_and_upload_to_gcs to None, run_after=None
[2025-04-03T11:01:39.694+0000] {processor.py:183} INFO - Processing /opt/airflow/dags/fetch_data_and_upload_to_gcs.py took 0.093 seconds
[2025-04-03T11:02:10.419+0000] {processor.py:161} INFO - Started process (PID=4145) to work on /opt/airflow/dags/fetch_data_and_upload_to_gcs.py
[2025-04-03T11:02:10.421+0000] {processor.py:830} INFO - Processing file /opt/airflow/dags/fetch_data_and_upload_to_gcs.py for tasks to queue
[2025-04-03T11:02:10.425+0000] {logging_mixin.py:188} INFO - [2025-04-03T11:02:10.424+0000] {dagbag.py:540} INFO - Filling up the DagBag from /opt/airflow/dags/fetch_data_and_upload_to_gcs.py
[2025-04-03T11:02:10.433+0000] {processor.py:840} INFO - DAG(s) 'fetch_data_and_upload_to_gcs' retrieved from /opt/airflow/dags/fetch_data_and_upload_to_gcs.py
[2025-04-03T11:02:10.460+0000] {logging_mixin.py:188} INFO - [2025-04-03T11:02:10.459+0000] {dag.py:3047} INFO - Sync 1 DAGs
[2025-04-03T11:02:10.477+0000] {logging_mixin.py:188} INFO - [2025-04-03T11:02:10.477+0000] {dag.py:3834} INFO - Setting next_dagrun for fetch_data_and_upload_to_gcs to None, run_after=None
[2025-04-03T11:02:10.505+0000] {processor.py:183} INFO - Processing /opt/airflow/dags/fetch_data_and_upload_to_gcs.py took 0.090 seconds
[2025-04-03T11:02:40.629+0000] {processor.py:161} INFO - Started process (PID=4206) to work on /opt/airflow/dags/fetch_data_and_upload_to_gcs.py
[2025-04-03T11:02:40.631+0000] {processor.py:830} INFO - Processing file /opt/airflow/dags/fetch_data_and_upload_to_gcs.py for tasks to queue
[2025-04-03T11:02:40.634+0000] {logging_mixin.py:188} INFO - [2025-04-03T11:02:40.633+0000] {dagbag.py:540} INFO - Filling up the DagBag from /opt/airflow/dags/fetch_data_and_upload_to_gcs.py
[2025-04-03T11:02:40.642+0000] {processor.py:840} INFO - DAG(s) 'fetch_data_and_upload_to_gcs' retrieved from /opt/airflow/dags/fetch_data_and_upload_to_gcs.py
[2025-04-03T11:02:40.666+0000] {logging_mixin.py:188} INFO - [2025-04-03T11:02:40.665+0000] {dag.py:3047} INFO - Sync 1 DAGs
[2025-04-03T11:02:40.681+0000] {logging_mixin.py:188} INFO - [2025-04-03T11:02:40.681+0000] {dag.py:3834} INFO - Setting next_dagrun for fetch_data_and_upload_to_gcs to None, run_after=None
[2025-04-03T11:02:40.704+0000] {processor.py:183} INFO - Processing /opt/airflow/dags/fetch_data_and_upload_to_gcs.py took 0.080 seconds
[2025-04-03T11:03:11.171+0000] {processor.py:161} INFO - Started process (PID=4267) to work on /opt/airflow/dags/fetch_data_and_upload_to_gcs.py
[2025-04-03T11:03:11.173+0000] {processor.py:830} INFO - Processing file /opt/airflow/dags/fetch_data_and_upload_to_gcs.py for tasks to queue
[2025-04-03T11:03:11.178+0000] {logging_mixin.py:188} INFO - [2025-04-03T11:03:11.177+0000] {dagbag.py:540} INFO - Filling up the DagBag from /opt/airflow/dags/fetch_data_and_upload_to_gcs.py
[2025-04-03T11:03:11.191+0000] {processor.py:840} INFO - DAG(s) 'fetch_data_and_upload_to_gcs' retrieved from /opt/airflow/dags/fetch_data_and_upload_to_gcs.py
[2025-04-03T11:03:11.237+0000] {logging_mixin.py:188} INFO - [2025-04-03T11:03:11.236+0000] {dag.py:3047} INFO - Sync 1 DAGs
[2025-04-03T11:03:11.269+0000] {logging_mixin.py:188} INFO - [2025-04-03T11:03:11.269+0000] {dag.py:3834} INFO - Setting next_dagrun for fetch_data_and_upload_to_gcs to None, run_after=None
[2025-04-03T11:03:11.310+0000] {processor.py:183} INFO - Processing /opt/airflow/dags/fetch_data_and_upload_to_gcs.py took 0.146 seconds
[2025-04-03T11:03:41.725+0000] {processor.py:161} INFO - Started process (PID=4328) to work on /opt/airflow/dags/fetch_data_and_upload_to_gcs.py
[2025-04-03T11:03:41.727+0000] {processor.py:830} INFO - Processing file /opt/airflow/dags/fetch_data_and_upload_to_gcs.py for tasks to queue
[2025-04-03T11:03:41.729+0000] {logging_mixin.py:188} INFO - [2025-04-03T11:03:41.729+0000] {dagbag.py:540} INFO - Filling up the DagBag from /opt/airflow/dags/fetch_data_and_upload_to_gcs.py
[2025-04-03T11:03:41.735+0000] {processor.py:840} INFO - DAG(s) 'fetch_data_and_upload_to_gcs' retrieved from /opt/airflow/dags/fetch_data_and_upload_to_gcs.py
[2025-04-03T11:03:41.756+0000] {logging_mixin.py:188} INFO - [2025-04-03T11:03:41.756+0000] {dag.py:3047} INFO - Sync 1 DAGs
[2025-04-03T11:03:41.770+0000] {logging_mixin.py:188} INFO - [2025-04-03T11:03:41.770+0000] {dag.py:3834} INFO - Setting next_dagrun for fetch_data_and_upload_to_gcs to None, run_after=None
[2025-04-03T11:03:41.793+0000] {processor.py:183} INFO - Processing /opt/airflow/dags/fetch_data_and_upload_to_gcs.py took 0.072 seconds
[2025-04-03T11:04:12.326+0000] {processor.py:161} INFO - Started process (PID=4389) to work on /opt/airflow/dags/fetch_data_and_upload_to_gcs.py
[2025-04-03T11:04:12.328+0000] {processor.py:830} INFO - Processing file /opt/airflow/dags/fetch_data_and_upload_to_gcs.py for tasks to queue
[2025-04-03T11:04:12.330+0000] {logging_mixin.py:188} INFO - [2025-04-03T11:04:12.329+0000] {dagbag.py:540} INFO - Filling up the DagBag from /opt/airflow/dags/fetch_data_and_upload_to_gcs.py
[2025-04-03T11:04:12.338+0000] {processor.py:840} INFO - DAG(s) 'fetch_data_and_upload_to_gcs' retrieved from /opt/airflow/dags/fetch_data_and_upload_to_gcs.py
[2025-04-03T11:04:12.361+0000] {logging_mixin.py:188} INFO - [2025-04-03T11:04:12.361+0000] {dag.py:3047} INFO - Sync 1 DAGs
[2025-04-03T11:04:12.377+0000] {logging_mixin.py:188} INFO - [2025-04-03T11:04:12.377+0000] {dag.py:3834} INFO - Setting next_dagrun for fetch_data_and_upload_to_gcs to None, run_after=None
[2025-04-03T11:04:12.402+0000] {processor.py:183} INFO - Processing /opt/airflow/dags/fetch_data_and_upload_to_gcs.py took 0.079 seconds
[2025-04-03T11:04:42.500+0000] {processor.py:161} INFO - Started process (PID=4456) to work on /opt/airflow/dags/fetch_data_and_upload_to_gcs.py
[2025-04-03T11:04:42.502+0000] {processor.py:830} INFO - Processing file /opt/airflow/dags/fetch_data_and_upload_to_gcs.py for tasks to queue
[2025-04-03T11:04:42.505+0000] {logging_mixin.py:188} INFO - [2025-04-03T11:04:42.504+0000] {dagbag.py:540} INFO - Filling up the DagBag from /opt/airflow/dags/fetch_data_and_upload_to_gcs.py
[2025-04-03T11:04:42.513+0000] {processor.py:840} INFO - DAG(s) 'fetch_data_and_upload_to_gcs' retrieved from /opt/airflow/dags/fetch_data_and_upload_to_gcs.py
[2025-04-03T11:04:42.537+0000] {logging_mixin.py:188} INFO - [2025-04-03T11:04:42.537+0000] {dag.py:3047} INFO - Sync 1 DAGs
[2025-04-03T11:04:42.553+0000] {logging_mixin.py:188} INFO - [2025-04-03T11:04:42.553+0000] {dag.py:3834} INFO - Setting next_dagrun for fetch_data_and_upload_to_gcs to None, run_after=None
[2025-04-03T11:04:42.579+0000] {processor.py:183} INFO - Processing /opt/airflow/dags/fetch_data_and_upload_to_gcs.py took 0.082 seconds
[2025-04-03T11:05:12.880+0000] {processor.py:161} INFO - Started process (PID=4517) to work on /opt/airflow/dags/fetch_data_and_upload_to_gcs.py
[2025-04-03T11:05:12.881+0000] {processor.py:830} INFO - Processing file /opt/airflow/dags/fetch_data_and_upload_to_gcs.py for tasks to queue
[2025-04-03T11:05:12.883+0000] {logging_mixin.py:188} INFO - [2025-04-03T11:05:12.883+0000] {dagbag.py:540} INFO - Filling up the DagBag from /opt/airflow/dags/fetch_data_and_upload_to_gcs.py
[2025-04-03T11:05:12.890+0000] {processor.py:840} INFO - DAG(s) 'fetch_data_and_upload_to_gcs' retrieved from /opt/airflow/dags/fetch_data_and_upload_to_gcs.py
[2025-04-03T11:05:12.912+0000] {logging_mixin.py:188} INFO - [2025-04-03T11:05:12.912+0000] {dag.py:3047} INFO - Sync 1 DAGs
[2025-04-03T11:05:12.928+0000] {logging_mixin.py:188} INFO - [2025-04-03T11:05:12.927+0000] {dag.py:3834} INFO - Setting next_dagrun for fetch_data_and_upload_to_gcs to None, run_after=None
[2025-04-03T11:05:12.953+0000] {processor.py:183} INFO - Processing /opt/airflow/dags/fetch_data_and_upload_to_gcs.py took 0.077 seconds
[2025-04-03T11:05:43.039+0000] {processor.py:161} INFO - Started process (PID=4578) to work on /opt/airflow/dags/fetch_data_and_upload_to_gcs.py
[2025-04-03T11:05:43.040+0000] {processor.py:830} INFO - Processing file /opt/airflow/dags/fetch_data_and_upload_to_gcs.py for tasks to queue
[2025-04-03T11:05:43.042+0000] {logging_mixin.py:188} INFO - [2025-04-03T11:05:43.041+0000] {dagbag.py:540} INFO - Filling up the DagBag from /opt/airflow/dags/fetch_data_and_upload_to_gcs.py
[2025-04-03T11:05:43.048+0000] {processor.py:840} INFO - DAG(s) 'fetch_data_and_upload_to_gcs' retrieved from /opt/airflow/dags/fetch_data_and_upload_to_gcs.py
[2025-04-03T11:05:43.071+0000] {logging_mixin.py:188} INFO - [2025-04-03T11:05:43.071+0000] {dag.py:3047} INFO - Sync 1 DAGs
[2025-04-03T11:05:43.086+0000] {logging_mixin.py:188} INFO - [2025-04-03T11:05:43.086+0000] {dag.py:3834} INFO - Setting next_dagrun for fetch_data_and_upload_to_gcs to None, run_after=None
[2025-04-03T11:05:43.109+0000] {processor.py:183} INFO - Processing /opt/airflow/dags/fetch_data_and_upload_to_gcs.py took 0.075 seconds
[2025-04-03T11:06:13.513+0000] {processor.py:161} INFO - Started process (PID=4639) to work on /opt/airflow/dags/fetch_data_and_upload_to_gcs.py
[2025-04-03T11:06:13.514+0000] {processor.py:830} INFO - Processing file /opt/airflow/dags/fetch_data_and_upload_to_gcs.py for tasks to queue
[2025-04-03T11:06:13.516+0000] {logging_mixin.py:188} INFO - [2025-04-03T11:06:13.516+0000] {dagbag.py:540} INFO - Filling up the DagBag from /opt/airflow/dags/fetch_data_and_upload_to_gcs.py
[2025-04-03T11:06:13.523+0000] {processor.py:840} INFO - DAG(s) 'fetch_data_and_upload_to_gcs' retrieved from /opt/airflow/dags/fetch_data_and_upload_to_gcs.py
[2025-04-03T11:06:13.546+0000] {logging_mixin.py:188} INFO - [2025-04-03T11:06:13.545+0000] {dag.py:3047} INFO - Sync 1 DAGs
[2025-04-03T11:06:13.560+0000] {logging_mixin.py:188} INFO - [2025-04-03T11:06:13.560+0000] {dag.py:3834} INFO - Setting next_dagrun for fetch_data_and_upload_to_gcs to None, run_after=None
[2025-04-03T11:06:13.584+0000] {processor.py:183} INFO - Processing /opt/airflow/dags/fetch_data_and_upload_to_gcs.py took 0.075 seconds
[2025-04-03T11:06:44.123+0000] {processor.py:161} INFO - Started process (PID=4701) to work on /opt/airflow/dags/fetch_data_and_upload_to_gcs.py
[2025-04-03T11:06:44.125+0000] {processor.py:830} INFO - Processing file /opt/airflow/dags/fetch_data_and_upload_to_gcs.py for tasks to queue
[2025-04-03T11:06:44.128+0000] {logging_mixin.py:188} INFO - [2025-04-03T11:06:44.128+0000] {dagbag.py:540} INFO - Filling up the DagBag from /opt/airflow/dags/fetch_data_and_upload_to_gcs.py
[2025-04-03T11:06:44.136+0000] {processor.py:840} INFO - DAG(s) 'fetch_data_and_upload_to_gcs' retrieved from /opt/airflow/dags/fetch_data_and_upload_to_gcs.py
[2025-04-03T11:06:44.171+0000] {logging_mixin.py:188} INFO - [2025-04-03T11:06:44.170+0000] {dag.py:3047} INFO - Sync 1 DAGs
[2025-04-03T11:06:44.196+0000] {logging_mixin.py:188} INFO - [2025-04-03T11:06:44.196+0000] {dag.py:3834} INFO - Setting next_dagrun for fetch_data_and_upload_to_gcs to None, run_after=None
[2025-04-03T11:06:44.231+0000] {processor.py:183} INFO - Processing /opt/airflow/dags/fetch_data_and_upload_to_gcs.py took 0.114 seconds
[2025-04-03T11:07:14.286+0000] {processor.py:161} INFO - Started process (PID=4762) to work on /opt/airflow/dags/fetch_data_and_upload_to_gcs.py
[2025-04-03T11:07:14.288+0000] {processor.py:830} INFO - Processing file /opt/airflow/dags/fetch_data_and_upload_to_gcs.py for tasks to queue
[2025-04-03T11:07:14.290+0000] {logging_mixin.py:188} INFO - [2025-04-03T11:07:14.290+0000] {dagbag.py:540} INFO - Filling up the DagBag from /opt/airflow/dags/fetch_data_and_upload_to_gcs.py
[2025-04-03T11:07:14.298+0000] {processor.py:840} INFO - DAG(s) 'fetch_data_and_upload_to_gcs' retrieved from /opt/airflow/dags/fetch_data_and_upload_to_gcs.py
[2025-04-03T11:07:14.327+0000] {logging_mixin.py:188} INFO - [2025-04-03T11:07:14.326+0000] {dag.py:3047} INFO - Sync 1 DAGs
[2025-04-03T11:07:14.345+0000] {logging_mixin.py:188} INFO - [2025-04-03T11:07:14.345+0000] {dag.py:3834} INFO - Setting next_dagrun for fetch_data_and_upload_to_gcs to None, run_after=None
[2025-04-03T11:07:14.370+0000] {processor.py:183} INFO - Processing /opt/airflow/dags/fetch_data_and_upload_to_gcs.py took 0.090 seconds
[2025-04-03T11:07:44.728+0000] {processor.py:161} INFO - Started process (PID=4823) to work on /opt/airflow/dags/fetch_data_and_upload_to_gcs.py
[2025-04-03T11:07:44.729+0000] {processor.py:830} INFO - Processing file /opt/airflow/dags/fetch_data_and_upload_to_gcs.py for tasks to queue
[2025-04-03T11:07:44.731+0000] {logging_mixin.py:188} INFO - [2025-04-03T11:07:44.730+0000] {dagbag.py:540} INFO - Filling up the DagBag from /opt/airflow/dags/fetch_data_and_upload_to_gcs.py
[2025-04-03T11:07:44.737+0000] {processor.py:840} INFO - DAG(s) 'fetch_data_and_upload_to_gcs' retrieved from /opt/airflow/dags/fetch_data_and_upload_to_gcs.py
[2025-04-03T11:07:44.760+0000] {logging_mixin.py:188} INFO - [2025-04-03T11:07:44.759+0000] {dag.py:3047} INFO - Sync 1 DAGs
[2025-04-03T11:07:44.773+0000] {logging_mixin.py:188} INFO - [2025-04-03T11:07:44.773+0000] {dag.py:3834} INFO - Setting next_dagrun for fetch_data_and_upload_to_gcs to None, run_after=None
[2025-04-03T11:07:44.797+0000] {processor.py:183} INFO - Processing /opt/airflow/dags/fetch_data_and_upload_to_gcs.py took 0.073 seconds
[2025-04-03T11:08:14.993+0000] {processor.py:161} INFO - Started process (PID=4884) to work on /opt/airflow/dags/fetch_data_and_upload_to_gcs.py
[2025-04-03T11:08:14.995+0000] {processor.py:830} INFO - Processing file /opt/airflow/dags/fetch_data_and_upload_to_gcs.py for tasks to queue
[2025-04-03T11:08:14.997+0000] {logging_mixin.py:188} INFO - [2025-04-03T11:08:14.997+0000] {dagbag.py:540} INFO - Filling up the DagBag from /opt/airflow/dags/fetch_data_and_upload_to_gcs.py
[2025-04-03T11:08:15.005+0000] {processor.py:840} INFO - DAG(s) 'fetch_data_and_upload_to_gcs' retrieved from /opt/airflow/dags/fetch_data_and_upload_to_gcs.py
[2025-04-03T11:08:15.027+0000] {logging_mixin.py:188} INFO - [2025-04-03T11:08:15.026+0000] {dag.py:3047} INFO - Sync 1 DAGs
[2025-04-03T11:08:15.042+0000] {logging_mixin.py:188} INFO - [2025-04-03T11:08:15.041+0000] {dag.py:3834} INFO - Setting next_dagrun for fetch_data_and_upload_to_gcs to None, run_after=None
[2025-04-03T11:08:15.065+0000] {processor.py:183} INFO - Processing /opt/airflow/dags/fetch_data_and_upload_to_gcs.py took 0.075 seconds
[2025-04-03T11:08:45.305+0000] {processor.py:161} INFO - Started process (PID=4945) to work on /opt/airflow/dags/fetch_data_and_upload_to_gcs.py
[2025-04-03T11:08:45.306+0000] {processor.py:830} INFO - Processing file /opt/airflow/dags/fetch_data_and_upload_to_gcs.py for tasks to queue
[2025-04-03T11:08:45.309+0000] {logging_mixin.py:188} INFO - [2025-04-03T11:08:45.308+0000] {dagbag.py:540} INFO - Filling up the DagBag from /opt/airflow/dags/fetch_data_and_upload_to_gcs.py
[2025-04-03T11:08:45.316+0000] {processor.py:840} INFO - DAG(s) 'fetch_data_and_upload_to_gcs' retrieved from /opt/airflow/dags/fetch_data_and_upload_to_gcs.py
[2025-04-03T11:08:45.339+0000] {logging_mixin.py:188} INFO - [2025-04-03T11:08:45.338+0000] {dag.py:3047} INFO - Sync 1 DAGs
[2025-04-03T11:08:45.352+0000] {logging_mixin.py:188} INFO - [2025-04-03T11:08:45.352+0000] {dag.py:3834} INFO - Setting next_dagrun for fetch_data_and_upload_to_gcs to None, run_after=None
[2025-04-03T11:08:45.376+0000] {processor.py:183} INFO - Processing /opt/airflow/dags/fetch_data_and_upload_to_gcs.py took 0.075 seconds
[2025-04-03T11:09:15.790+0000] {processor.py:161} INFO - Started process (PID=5006) to work on /opt/airflow/dags/fetch_data_and_upload_to_gcs.py
[2025-04-03T11:09:15.793+0000] {processor.py:830} INFO - Processing file /opt/airflow/dags/fetch_data_and_upload_to_gcs.py for tasks to queue
[2025-04-03T11:09:15.797+0000] {logging_mixin.py:188} INFO - [2025-04-03T11:09:15.796+0000] {dagbag.py:540} INFO - Filling up the DagBag from /opt/airflow/dags/fetch_data_and_upload_to_gcs.py
[2025-04-03T11:09:15.812+0000] {processor.py:840} INFO - DAG(s) 'fetch_data_and_upload_to_gcs' retrieved from /opt/airflow/dags/fetch_data_and_upload_to_gcs.py
[2025-04-03T11:09:15.887+0000] {logging_mixin.py:188} INFO - [2025-04-03T11:09:15.884+0000] {dag.py:3047} INFO - Sync 1 DAGs
[2025-04-03T11:09:15.947+0000] {logging_mixin.py:188} INFO - [2025-04-03T11:09:15.946+0000] {dag.py:3834} INFO - Setting next_dagrun for fetch_data_and_upload_to_gcs to None, run_after=None
[2025-04-03T11:09:16.019+0000] {processor.py:183} INFO - Processing /opt/airflow/dags/fetch_data_and_upload_to_gcs.py took 0.237 seconds
