[2025-04-03T10:28:36.489+0000] {processor.py:161} INFO - Started process (PID=80) to work on /opt/airflow/dags/load_csv_to_bq.py
[2025-04-03T10:28:36.491+0000] {processor.py:830} INFO - Processing file /opt/airflow/dags/load_csv_to_bq.py for tasks to queue
[2025-04-03T10:28:36.495+0000] {logging_mixin.py:188} INFO - [2025-04-03T10:28:36.494+0000] {dagbag.py:540} INFO - Filling up the DagBag from /opt/airflow/dags/load_csv_to_bq.py
[2025-04-03T10:28:36.530+0000] {processor.py:840} INFO - DAG(s) 'load_csv_to_bq' retrieved from /opt/airflow/dags/load_csv_to_bq.py
[2025-04-03T10:28:36.837+0000] {logging_mixin.py:188} INFO - [2025-04-03T10:28:36.836+0000] {dag.py:3047} INFO - Sync 1 DAGs
[2025-04-03T10:28:36.868+0000] {logging_mixin.py:188} INFO - [2025-04-03T10:28:36.868+0000] {dag.py:3834} INFO - Setting next_dagrun for load_csv_to_bq to None, run_after=None
[2025-04-03T10:28:36.915+0000] {processor.py:183} INFO - Processing /opt/airflow/dags/load_csv_to_bq.py took 0.433 seconds
[2025-04-03T10:29:07.627+0000] {processor.py:161} INFO - Started process (PID=141) to work on /opt/airflow/dags/load_csv_to_bq.py
[2025-04-03T10:29:07.628+0000] {processor.py:830} INFO - Processing file /opt/airflow/dags/load_csv_to_bq.py for tasks to queue
[2025-04-03T10:29:07.630+0000] {logging_mixin.py:188} INFO - [2025-04-03T10:29:07.630+0000] {dagbag.py:540} INFO - Filling up the DagBag from /opt/airflow/dags/load_csv_to_bq.py
[2025-04-03T10:29:07.644+0000] {processor.py:840} INFO - DAG(s) 'load_csv_to_bq' retrieved from /opt/airflow/dags/load_csv_to_bq.py
[2025-04-03T10:29:07.676+0000] {logging_mixin.py:188} INFO - [2025-04-03T10:29:07.675+0000] {dag.py:3047} INFO - Sync 1 DAGs
[2025-04-03T10:29:07.694+0000] {logging_mixin.py:188} INFO - [2025-04-03T10:29:07.693+0000] {dag.py:3834} INFO - Setting next_dagrun for load_csv_to_bq to None, run_after=None
[2025-04-03T10:29:07.729+0000] {processor.py:183} INFO - Processing /opt/airflow/dags/load_csv_to_bq.py took 0.107 seconds
[2025-04-03T10:29:38.107+0000] {processor.py:161} INFO - Started process (PID=202) to work on /opt/airflow/dags/load_csv_to_bq.py
[2025-04-03T10:29:38.108+0000] {processor.py:830} INFO - Processing file /opt/airflow/dags/load_csv_to_bq.py for tasks to queue
[2025-04-03T10:29:38.110+0000] {logging_mixin.py:188} INFO - [2025-04-03T10:29:38.110+0000] {dagbag.py:540} INFO - Filling up the DagBag from /opt/airflow/dags/load_csv_to_bq.py
[2025-04-03T10:29:38.122+0000] {processor.py:840} INFO - DAG(s) 'load_csv_to_bq' retrieved from /opt/airflow/dags/load_csv_to_bq.py
[2025-04-03T10:29:38.147+0000] {logging_mixin.py:188} INFO - [2025-04-03T10:29:38.147+0000] {dag.py:3047} INFO - Sync 1 DAGs
[2025-04-03T10:29:38.163+0000] {logging_mixin.py:188} INFO - [2025-04-03T10:29:38.163+0000] {dag.py:3834} INFO - Setting next_dagrun for load_csv_to_bq to None, run_after=None
[2025-04-03T10:29:38.190+0000] {processor.py:183} INFO - Processing /opt/airflow/dags/load_csv_to_bq.py took 0.088 seconds
[2025-04-03T10:30:08.467+0000] {processor.py:161} INFO - Started process (PID=263) to work on /opt/airflow/dags/load_csv_to_bq.py
[2025-04-03T10:30:08.469+0000] {processor.py:830} INFO - Processing file /opt/airflow/dags/load_csv_to_bq.py for tasks to queue
[2025-04-03T10:30:08.472+0000] {logging_mixin.py:188} INFO - [2025-04-03T10:30:08.472+0000] {dagbag.py:540} INFO - Filling up the DagBag from /opt/airflow/dags/load_csv_to_bq.py
[2025-04-03T10:30:08.486+0000] {processor.py:840} INFO - DAG(s) 'load_csv_to_bq' retrieved from /opt/airflow/dags/load_csv_to_bq.py
[2025-04-03T10:30:08.518+0000] {logging_mixin.py:188} INFO - [2025-04-03T10:30:08.517+0000] {dag.py:3047} INFO - Sync 1 DAGs
[2025-04-03T10:30:08.545+0000] {logging_mixin.py:188} INFO - [2025-04-03T10:30:08.544+0000] {dag.py:3834} INFO - Setting next_dagrun for load_csv_to_bq to None, run_after=None
[2025-04-03T10:30:08.581+0000] {processor.py:183} INFO - Processing /opt/airflow/dags/load_csv_to_bq.py took 0.120 seconds
[2025-04-03T10:30:38.937+0000] {processor.py:161} INFO - Started process (PID=325) to work on /opt/airflow/dags/load_csv_to_bq.py
[2025-04-03T10:30:38.939+0000] {processor.py:830} INFO - Processing file /opt/airflow/dags/load_csv_to_bq.py for tasks to queue
[2025-04-03T10:30:38.941+0000] {logging_mixin.py:188} INFO - [2025-04-03T10:30:38.940+0000] {dagbag.py:540} INFO - Filling up the DagBag from /opt/airflow/dags/load_csv_to_bq.py
[2025-04-03T10:30:38.952+0000] {processor.py:840} INFO - DAG(s) 'load_csv_to_bq' retrieved from /opt/airflow/dags/load_csv_to_bq.py
[2025-04-03T10:30:38.980+0000] {logging_mixin.py:188} INFO - [2025-04-03T10:30:38.979+0000] {dag.py:3047} INFO - Sync 1 DAGs
[2025-04-03T10:30:38.994+0000] {logging_mixin.py:188} INFO - [2025-04-03T10:30:38.994+0000] {dag.py:3834} INFO - Setting next_dagrun for load_csv_to_bq to None, run_after=None
[2025-04-03T10:30:39.024+0000] {processor.py:183} INFO - Processing /opt/airflow/dags/load_csv_to_bq.py took 0.092 seconds
[2025-04-03T10:31:09.425+0000] {processor.py:161} INFO - Started process (PID=386) to work on /opt/airflow/dags/load_csv_to_bq.py
[2025-04-03T10:31:09.427+0000] {processor.py:830} INFO - Processing file /opt/airflow/dags/load_csv_to_bq.py for tasks to queue
[2025-04-03T10:31:09.429+0000] {logging_mixin.py:188} INFO - [2025-04-03T10:31:09.428+0000] {dagbag.py:540} INFO - Filling up the DagBag from /opt/airflow/dags/load_csv_to_bq.py
[2025-04-03T10:31:09.442+0000] {processor.py:840} INFO - DAG(s) 'load_csv_to_bq' retrieved from /opt/airflow/dags/load_csv_to_bq.py
[2025-04-03T10:31:09.473+0000] {logging_mixin.py:188} INFO - [2025-04-03T10:31:09.473+0000] {dag.py:3047} INFO - Sync 1 DAGs
[2025-04-03T10:31:09.489+0000] {logging_mixin.py:188} INFO - [2025-04-03T10:31:09.489+0000] {dag.py:3834} INFO - Setting next_dagrun for load_csv_to_bq to None, run_after=None
[2025-04-03T10:31:09.517+0000] {processor.py:183} INFO - Processing /opt/airflow/dags/load_csv_to_bq.py took 0.097 seconds
[2025-04-03T10:31:39.630+0000] {processor.py:161} INFO - Started process (PID=447) to work on /opt/airflow/dags/load_csv_to_bq.py
[2025-04-03T10:31:39.632+0000] {processor.py:830} INFO - Processing file /opt/airflow/dags/load_csv_to_bq.py for tasks to queue
[2025-04-03T10:31:39.634+0000] {logging_mixin.py:188} INFO - [2025-04-03T10:31:39.633+0000] {dagbag.py:540} INFO - Filling up the DagBag from /opt/airflow/dags/load_csv_to_bq.py
[2025-04-03T10:31:39.646+0000] {processor.py:840} INFO - DAG(s) 'load_csv_to_bq' retrieved from /opt/airflow/dags/load_csv_to_bq.py
[2025-04-03T10:31:39.673+0000] {logging_mixin.py:188} INFO - [2025-04-03T10:31:39.672+0000] {dag.py:3047} INFO - Sync 1 DAGs
[2025-04-03T10:31:39.687+0000] {logging_mixin.py:188} INFO - [2025-04-03T10:31:39.687+0000] {dag.py:3834} INFO - Setting next_dagrun for load_csv_to_bq to None, run_after=None
[2025-04-03T10:31:39.716+0000] {processor.py:183} INFO - Processing /opt/airflow/dags/load_csv_to_bq.py took 0.090 seconds
[2025-04-03T10:32:09.753+0000] {processor.py:161} INFO - Started process (PID=508) to work on /opt/airflow/dags/load_csv_to_bq.py
[2025-04-03T10:32:09.755+0000] {processor.py:830} INFO - Processing file /opt/airflow/dags/load_csv_to_bq.py for tasks to queue
[2025-04-03T10:32:09.758+0000] {logging_mixin.py:188} INFO - [2025-04-03T10:32:09.757+0000] {dagbag.py:540} INFO - Filling up the DagBag from /opt/airflow/dags/load_csv_to_bq.py
[2025-04-03T10:32:09.771+0000] {processor.py:840} INFO - DAG(s) 'load_csv_to_bq' retrieved from /opt/airflow/dags/load_csv_to_bq.py
[2025-04-03T10:32:09.794+0000] {logging_mixin.py:188} INFO - [2025-04-03T10:32:09.793+0000] {dag.py:3047} INFO - Sync 1 DAGs
[2025-04-03T10:32:09.807+0000] {logging_mixin.py:188} INFO - [2025-04-03T10:32:09.806+0000] {dag.py:3834} INFO - Setting next_dagrun for load_csv_to_bq to None, run_after=None
[2025-04-03T10:32:09.833+0000] {processor.py:183} INFO - Processing /opt/airflow/dags/load_csv_to_bq.py took 0.084 seconds
[2025-04-03T10:32:40.826+0000] {processor.py:161} INFO - Started process (PID=569) to work on /opt/airflow/dags/load_csv_to_bq.py
[2025-04-03T10:32:40.827+0000] {processor.py:830} INFO - Processing file /opt/airflow/dags/load_csv_to_bq.py for tasks to queue
[2025-04-03T10:32:40.830+0000] {logging_mixin.py:188} INFO - [2025-04-03T10:32:40.829+0000] {dagbag.py:540} INFO - Filling up the DagBag from /opt/airflow/dags/load_csv_to_bq.py
[2025-04-03T10:32:40.842+0000] {processor.py:840} INFO - DAG(s) 'load_csv_to_bq' retrieved from /opt/airflow/dags/load_csv_to_bq.py
[2025-04-03T10:32:40.867+0000] {logging_mixin.py:188} INFO - [2025-04-03T10:32:40.866+0000] {dag.py:3047} INFO - Sync 1 DAGs
[2025-04-03T10:32:40.881+0000] {logging_mixin.py:188} INFO - [2025-04-03T10:32:40.881+0000] {dag.py:3834} INFO - Setting next_dagrun for load_csv_to_bq to None, run_after=None
[2025-04-03T10:32:40.910+0000] {processor.py:183} INFO - Processing /opt/airflow/dags/load_csv_to_bq.py took 0.090 seconds
[2025-04-03T10:33:11.786+0000] {processor.py:161} INFO - Started process (PID=630) to work on /opt/airflow/dags/load_csv_to_bq.py
[2025-04-03T10:33:11.787+0000] {processor.py:830} INFO - Processing file /opt/airflow/dags/load_csv_to_bq.py for tasks to queue
[2025-04-03T10:33:11.790+0000] {logging_mixin.py:188} INFO - [2025-04-03T10:33:11.789+0000] {dagbag.py:540} INFO - Filling up the DagBag from /opt/airflow/dags/load_csv_to_bq.py
[2025-04-03T10:33:11.803+0000] {processor.py:840} INFO - DAG(s) 'load_csv_to_bq' retrieved from /opt/airflow/dags/load_csv_to_bq.py
[2025-04-03T10:33:11.827+0000] {logging_mixin.py:188} INFO - [2025-04-03T10:33:11.827+0000] {dag.py:3047} INFO - Sync 1 DAGs
[2025-04-03T10:33:11.842+0000] {logging_mixin.py:188} INFO - [2025-04-03T10:33:11.841+0000] {dag.py:3834} INFO - Setting next_dagrun for load_csv_to_bq to None, run_after=None
[2025-04-03T10:33:11.869+0000] {processor.py:183} INFO - Processing /opt/airflow/dags/load_csv_to_bq.py took 0.089 seconds
[2025-04-03T10:33:42.143+0000] {processor.py:161} INFO - Started process (PID=697) to work on /opt/airflow/dags/load_csv_to_bq.py
[2025-04-03T10:33:42.145+0000] {processor.py:830} INFO - Processing file /opt/airflow/dags/load_csv_to_bq.py for tasks to queue
[2025-04-03T10:33:42.147+0000] {logging_mixin.py:188} INFO - [2025-04-03T10:33:42.147+0000] {dagbag.py:540} INFO - Filling up the DagBag from /opt/airflow/dags/load_csv_to_bq.py
[2025-04-03T10:33:42.159+0000] {processor.py:840} INFO - DAG(s) 'load_csv_to_bq' retrieved from /opt/airflow/dags/load_csv_to_bq.py
[2025-04-03T10:33:42.184+0000] {logging_mixin.py:188} INFO - [2025-04-03T10:33:42.184+0000] {dag.py:3047} INFO - Sync 1 DAGs
[2025-04-03T10:33:42.199+0000] {logging_mixin.py:188} INFO - [2025-04-03T10:33:42.199+0000] {dag.py:3834} INFO - Setting next_dagrun for load_csv_to_bq to None, run_after=None
[2025-04-03T10:33:42.224+0000] {processor.py:183} INFO - Processing /opt/airflow/dags/load_csv_to_bq.py took 0.085 seconds
[2025-04-03T10:34:12.347+0000] {processor.py:161} INFO - Started process (PID=758) to work on /opt/airflow/dags/load_csv_to_bq.py
[2025-04-03T10:34:12.349+0000] {processor.py:830} INFO - Processing file /opt/airflow/dags/load_csv_to_bq.py for tasks to queue
[2025-04-03T10:34:12.351+0000] {logging_mixin.py:188} INFO - [2025-04-03T10:34:12.351+0000] {dagbag.py:540} INFO - Filling up the DagBag from /opt/airflow/dags/load_csv_to_bq.py
[2025-04-03T10:34:12.364+0000] {processor.py:840} INFO - DAG(s) 'load_csv_to_bq' retrieved from /opt/airflow/dags/load_csv_to_bq.py
[2025-04-03T10:34:12.392+0000] {logging_mixin.py:188} INFO - [2025-04-03T10:34:12.391+0000] {dag.py:3047} INFO - Sync 1 DAGs
[2025-04-03T10:34:12.406+0000] {logging_mixin.py:188} INFO - [2025-04-03T10:34:12.406+0000] {dag.py:3834} INFO - Setting next_dagrun for load_csv_to_bq to None, run_after=None
[2025-04-03T10:34:12.435+0000] {processor.py:183} INFO - Processing /opt/airflow/dags/load_csv_to_bq.py took 0.091 seconds
[2025-04-03T10:34:42.841+0000] {processor.py:161} INFO - Started process (PID=819) to work on /opt/airflow/dags/load_csv_to_bq.py
[2025-04-03T10:34:42.843+0000] {processor.py:830} INFO - Processing file /opt/airflow/dags/load_csv_to_bq.py for tasks to queue
[2025-04-03T10:34:42.845+0000] {logging_mixin.py:188} INFO - [2025-04-03T10:34:42.844+0000] {dagbag.py:540} INFO - Filling up the DagBag from /opt/airflow/dags/load_csv_to_bq.py
[2025-04-03T10:34:42.857+0000] {processor.py:840} INFO - DAG(s) 'load_csv_to_bq' retrieved from /opt/airflow/dags/load_csv_to_bq.py
[2025-04-03T10:34:42.882+0000] {logging_mixin.py:188} INFO - [2025-04-03T10:34:42.881+0000] {dag.py:3047} INFO - Sync 1 DAGs
[2025-04-03T10:34:42.897+0000] {logging_mixin.py:188} INFO - [2025-04-03T10:34:42.896+0000] {dag.py:3834} INFO - Setting next_dagrun for load_csv_to_bq to None, run_after=None
[2025-04-03T10:34:42.923+0000] {processor.py:183} INFO - Processing /opt/airflow/dags/load_csv_to_bq.py took 0.087 seconds
[2025-04-03T10:35:13.892+0000] {processor.py:161} INFO - Started process (PID=880) to work on /opt/airflow/dags/load_csv_to_bq.py
[2025-04-03T10:35:13.894+0000] {processor.py:830} INFO - Processing file /opt/airflow/dags/load_csv_to_bq.py for tasks to queue
[2025-04-03T10:35:13.897+0000] {logging_mixin.py:188} INFO - [2025-04-03T10:35:13.896+0000] {dagbag.py:540} INFO - Filling up the DagBag from /opt/airflow/dags/load_csv_to_bq.py
[2025-04-03T10:35:13.910+0000] {processor.py:840} INFO - DAG(s) 'load_csv_to_bq' retrieved from /opt/airflow/dags/load_csv_to_bq.py
[2025-04-03T10:35:13.937+0000] {logging_mixin.py:188} INFO - [2025-04-03T10:35:13.936+0000] {dag.py:3047} INFO - Sync 1 DAGs
[2025-04-03T10:35:13.950+0000] {logging_mixin.py:188} INFO - [2025-04-03T10:35:13.950+0000] {dag.py:3834} INFO - Setting next_dagrun for load_csv_to_bq to None, run_after=None
[2025-04-03T10:35:13.980+0000] {processor.py:183} INFO - Processing /opt/airflow/dags/load_csv_to_bq.py took 0.091 seconds
[2025-04-03T10:35:44.132+0000] {processor.py:161} INFO - Started process (PID=941) to work on /opt/airflow/dags/load_csv_to_bq.py
[2025-04-03T10:35:44.133+0000] {processor.py:830} INFO - Processing file /opt/airflow/dags/load_csv_to_bq.py for tasks to queue
[2025-04-03T10:35:44.135+0000] {logging_mixin.py:188} INFO - [2025-04-03T10:35:44.135+0000] {dagbag.py:540} INFO - Filling up the DagBag from /opt/airflow/dags/load_csv_to_bq.py
[2025-04-03T10:35:44.146+0000] {processor.py:840} INFO - DAG(s) 'load_csv_to_bq' retrieved from /opt/airflow/dags/load_csv_to_bq.py
[2025-04-03T10:35:44.175+0000] {logging_mixin.py:188} INFO - [2025-04-03T10:35:44.174+0000] {dag.py:3047} INFO - Sync 1 DAGs
[2025-04-03T10:35:44.191+0000] {logging_mixin.py:188} INFO - [2025-04-03T10:35:44.190+0000] {dag.py:3834} INFO - Setting next_dagrun for load_csv_to_bq to None, run_after=None
[2025-04-03T10:35:44.217+0000] {processor.py:183} INFO - Processing /opt/airflow/dags/load_csv_to_bq.py took 0.090 seconds
[2025-04-03T10:36:14.322+0000] {processor.py:161} INFO - Started process (PID=1002) to work on /opt/airflow/dags/load_csv_to_bq.py
[2025-04-03T10:36:14.324+0000] {processor.py:830} INFO - Processing file /opt/airflow/dags/load_csv_to_bq.py for tasks to queue
[2025-04-03T10:36:14.326+0000] {logging_mixin.py:188} INFO - [2025-04-03T10:36:14.325+0000] {dagbag.py:540} INFO - Filling up the DagBag from /opt/airflow/dags/load_csv_to_bq.py
[2025-04-03T10:36:14.336+0000] {processor.py:840} INFO - DAG(s) 'load_csv_to_bq' retrieved from /opt/airflow/dags/load_csv_to_bq.py
[2025-04-03T10:36:14.358+0000] {logging_mixin.py:188} INFO - [2025-04-03T10:36:14.357+0000] {dag.py:3047} INFO - Sync 1 DAGs
[2025-04-03T10:36:14.372+0000] {logging_mixin.py:188} INFO - [2025-04-03T10:36:14.372+0000] {dag.py:3834} INFO - Setting next_dagrun for load_csv_to_bq to None, run_after=None
[2025-04-03T10:36:14.396+0000] {processor.py:183} INFO - Processing /opt/airflow/dags/load_csv_to_bq.py took 0.078 seconds
[2025-04-03T10:36:44.684+0000] {processor.py:161} INFO - Started process (PID=1063) to work on /opt/airflow/dags/load_csv_to_bq.py
[2025-04-03T10:36:44.686+0000] {processor.py:830} INFO - Processing file /opt/airflow/dags/load_csv_to_bq.py for tasks to queue
[2025-04-03T10:36:44.689+0000] {logging_mixin.py:188} INFO - [2025-04-03T10:36:44.688+0000] {dagbag.py:540} INFO - Filling up the DagBag from /opt/airflow/dags/load_csv_to_bq.py
[2025-04-03T10:36:44.706+0000] {processor.py:840} INFO - DAG(s) 'load_csv_to_bq' retrieved from /opt/airflow/dags/load_csv_to_bq.py
[2025-04-03T10:36:44.734+0000] {logging_mixin.py:188} INFO - [2025-04-03T10:36:44.733+0000] {dag.py:3047} INFO - Sync 1 DAGs
[2025-04-03T10:36:44.748+0000] {logging_mixin.py:188} INFO - [2025-04-03T10:36:44.748+0000] {dag.py:3834} INFO - Setting next_dagrun for load_csv_to_bq to None, run_after=None
[2025-04-03T10:36:44.774+0000] {processor.py:183} INFO - Processing /opt/airflow/dags/load_csv_to_bq.py took 0.096 seconds
[2025-04-03T10:37:15.063+0000] {processor.py:161} INFO - Started process (PID=1124) to work on /opt/airflow/dags/load_csv_to_bq.py
[2025-04-03T10:37:15.065+0000] {processor.py:830} INFO - Processing file /opt/airflow/dags/load_csv_to_bq.py for tasks to queue
[2025-04-03T10:37:15.067+0000] {logging_mixin.py:188} INFO - [2025-04-03T10:37:15.066+0000] {dagbag.py:540} INFO - Filling up the DagBag from /opt/airflow/dags/load_csv_to_bq.py
[2025-04-03T10:37:15.078+0000] {processor.py:840} INFO - DAG(s) 'load_csv_to_bq' retrieved from /opt/airflow/dags/load_csv_to_bq.py
[2025-04-03T10:37:15.104+0000] {logging_mixin.py:188} INFO - [2025-04-03T10:37:15.103+0000] {dag.py:3047} INFO - Sync 1 DAGs
[2025-04-03T10:37:15.116+0000] {logging_mixin.py:188} INFO - [2025-04-03T10:37:15.116+0000] {dag.py:3834} INFO - Setting next_dagrun for load_csv_to_bq to None, run_after=None
[2025-04-03T10:37:15.142+0000] {processor.py:183} INFO - Processing /opt/airflow/dags/load_csv_to_bq.py took 0.083 seconds
[2025-04-03T10:37:45.246+0000] {processor.py:161} INFO - Started process (PID=1185) to work on /opt/airflow/dags/load_csv_to_bq.py
[2025-04-03T10:37:45.247+0000] {processor.py:830} INFO - Processing file /opt/airflow/dags/load_csv_to_bq.py for tasks to queue
[2025-04-03T10:37:45.249+0000] {logging_mixin.py:188} INFO - [2025-04-03T10:37:45.249+0000] {dagbag.py:540} INFO - Filling up the DagBag from /opt/airflow/dags/load_csv_to_bq.py
[2025-04-03T10:37:45.260+0000] {processor.py:840} INFO - DAG(s) 'load_csv_to_bq' retrieved from /opt/airflow/dags/load_csv_to_bq.py
[2025-04-03T10:37:45.282+0000] {logging_mixin.py:188} INFO - [2025-04-03T10:37:45.282+0000] {dag.py:3047} INFO - Sync 1 DAGs
[2025-04-03T10:37:45.295+0000] {logging_mixin.py:188} INFO - [2025-04-03T10:37:45.295+0000] {dag.py:3834} INFO - Setting next_dagrun for load_csv_to_bq to None, run_after=None
[2025-04-03T10:37:45.318+0000] {processor.py:183} INFO - Processing /opt/airflow/dags/load_csv_to_bq.py took 0.076 seconds
[2025-04-03T10:38:15.577+0000] {processor.py:161} INFO - Started process (PID=1246) to work on /opt/airflow/dags/load_csv_to_bq.py
[2025-04-03T10:38:15.579+0000] {processor.py:830} INFO - Processing file /opt/airflow/dags/load_csv_to_bq.py for tasks to queue
[2025-04-03T10:38:15.581+0000] {logging_mixin.py:188} INFO - [2025-04-03T10:38:15.580+0000] {dagbag.py:540} INFO - Filling up the DagBag from /opt/airflow/dags/load_csv_to_bq.py
[2025-04-03T10:38:15.591+0000] {processor.py:840} INFO - DAG(s) 'load_csv_to_bq' retrieved from /opt/airflow/dags/load_csv_to_bq.py
[2025-04-03T10:38:15.613+0000] {logging_mixin.py:188} INFO - [2025-04-03T10:38:15.613+0000] {dag.py:3047} INFO - Sync 1 DAGs
[2025-04-03T10:38:15.626+0000] {logging_mixin.py:188} INFO - [2025-04-03T10:38:15.625+0000] {dag.py:3834} INFO - Setting next_dagrun for load_csv_to_bq to None, run_after=None
[2025-04-03T10:38:15.648+0000] {processor.py:183} INFO - Processing /opt/airflow/dags/load_csv_to_bq.py took 0.075 seconds
[2025-04-03T10:38:45.999+0000] {processor.py:161} INFO - Started process (PID=1314) to work on /opt/airflow/dags/load_csv_to_bq.py
[2025-04-03T10:38:46.000+0000] {processor.py:830} INFO - Processing file /opt/airflow/dags/load_csv_to_bq.py for tasks to queue
[2025-04-03T10:38:46.002+0000] {logging_mixin.py:188} INFO - [2025-04-03T10:38:46.002+0000] {dagbag.py:540} INFO - Filling up the DagBag from /opt/airflow/dags/load_csv_to_bq.py
[2025-04-03T10:38:46.012+0000] {processor.py:840} INFO - DAG(s) 'load_csv_to_bq' retrieved from /opt/airflow/dags/load_csv_to_bq.py
[2025-04-03T10:38:46.037+0000] {logging_mixin.py:188} INFO - [2025-04-03T10:38:46.036+0000] {dag.py:3047} INFO - Sync 1 DAGs
[2025-04-03T10:38:46.052+0000] {logging_mixin.py:188} INFO - [2025-04-03T10:38:46.052+0000] {dag.py:3834} INFO - Setting next_dagrun for load_csv_to_bq to None, run_after=None
[2025-04-03T10:38:46.081+0000] {processor.py:183} INFO - Processing /opt/airflow/dags/load_csv_to_bq.py took 0.086 seconds
[2025-04-03T10:39:16.228+0000] {processor.py:161} INFO - Started process (PID=1375) to work on /opt/airflow/dags/load_csv_to_bq.py
[2025-04-03T10:39:16.231+0000] {processor.py:830} INFO - Processing file /opt/airflow/dags/load_csv_to_bq.py for tasks to queue
[2025-04-03T10:39:16.233+0000] {logging_mixin.py:188} INFO - [2025-04-03T10:39:16.233+0000] {dagbag.py:540} INFO - Filling up the DagBag from /opt/airflow/dags/load_csv_to_bq.py
[2025-04-03T10:39:16.252+0000] {processor.py:840} INFO - DAG(s) 'load_csv_to_bq' retrieved from /opt/airflow/dags/load_csv_to_bq.py
[2025-04-03T10:39:16.285+0000] {logging_mixin.py:188} INFO - [2025-04-03T10:39:16.285+0000] {dag.py:3047} INFO - Sync 1 DAGs
[2025-04-03T10:39:16.302+0000] {logging_mixin.py:188} INFO - [2025-04-03T10:39:16.302+0000] {dag.py:3834} INFO - Setting next_dagrun for load_csv_to_bq to None, run_after=None
[2025-04-03T10:39:16.330+0000] {processor.py:183} INFO - Processing /opt/airflow/dags/load_csv_to_bq.py took 0.109 seconds
[2025-04-03T10:39:46.605+0000] {processor.py:161} INFO - Started process (PID=1436) to work on /opt/airflow/dags/load_csv_to_bq.py
[2025-04-03T10:39:46.606+0000] {processor.py:830} INFO - Processing file /opt/airflow/dags/load_csv_to_bq.py for tasks to queue
[2025-04-03T10:39:46.609+0000] {logging_mixin.py:188} INFO - [2025-04-03T10:39:46.608+0000] {dagbag.py:540} INFO - Filling up the DagBag from /opt/airflow/dags/load_csv_to_bq.py
[2025-04-03T10:39:46.622+0000] {processor.py:840} INFO - DAG(s) 'load_csv_to_bq' retrieved from /opt/airflow/dags/load_csv_to_bq.py
[2025-04-03T10:39:46.646+0000] {logging_mixin.py:188} INFO - [2025-04-03T10:39:46.645+0000] {dag.py:3047} INFO - Sync 1 DAGs
[2025-04-03T10:39:46.659+0000] {logging_mixin.py:188} INFO - [2025-04-03T10:39:46.659+0000] {dag.py:3834} INFO - Setting next_dagrun for load_csv_to_bq to None, run_after=None
[2025-04-03T10:39:46.685+0000] {processor.py:183} INFO - Processing /opt/airflow/dags/load_csv_to_bq.py took 0.084 seconds
[2025-04-03T10:40:17.682+0000] {processor.py:161} INFO - Started process (PID=1497) to work on /opt/airflow/dags/load_csv_to_bq.py
[2025-04-03T10:40:17.686+0000] {processor.py:830} INFO - Processing file /opt/airflow/dags/load_csv_to_bq.py for tasks to queue
[2025-04-03T10:40:17.691+0000] {logging_mixin.py:188} INFO - [2025-04-03T10:40:17.690+0000] {dagbag.py:540} INFO - Filling up the DagBag from /opt/airflow/dags/load_csv_to_bq.py
[2025-04-03T10:40:17.708+0000] {processor.py:840} INFO - DAG(s) 'load_csv_to_bq' retrieved from /opt/airflow/dags/load_csv_to_bq.py
[2025-04-03T10:40:17.745+0000] {logging_mixin.py:188} INFO - [2025-04-03T10:40:17.744+0000] {dag.py:3047} INFO - Sync 1 DAGs
[2025-04-03T10:40:17.766+0000] {logging_mixin.py:188} INFO - [2025-04-03T10:40:17.766+0000] {dag.py:3834} INFO - Setting next_dagrun for load_csv_to_bq to None, run_after=None
[2025-04-03T10:40:17.799+0000] {processor.py:183} INFO - Processing /opt/airflow/dags/load_csv_to_bq.py took 0.124 seconds
[2025-04-03T10:40:48.009+0000] {processor.py:161} INFO - Started process (PID=1558) to work on /opt/airflow/dags/load_csv_to_bq.py
[2025-04-03T10:40:48.010+0000] {processor.py:830} INFO - Processing file /opt/airflow/dags/load_csv_to_bq.py for tasks to queue
[2025-04-03T10:40:48.013+0000] {logging_mixin.py:188} INFO - [2025-04-03T10:40:48.012+0000] {dagbag.py:540} INFO - Filling up the DagBag from /opt/airflow/dags/load_csv_to_bq.py
[2025-04-03T10:40:48.023+0000] {processor.py:840} INFO - DAG(s) 'load_csv_to_bq' retrieved from /opt/airflow/dags/load_csv_to_bq.py
[2025-04-03T10:40:48.049+0000] {logging_mixin.py:188} INFO - [2025-04-03T10:40:48.048+0000] {dag.py:3047} INFO - Sync 1 DAGs
[2025-04-03T10:40:48.064+0000] {logging_mixin.py:188} INFO - [2025-04-03T10:40:48.064+0000] {dag.py:3834} INFO - Setting next_dagrun for load_csv_to_bq to None, run_after=None
[2025-04-03T10:40:48.090+0000] {processor.py:183} INFO - Processing /opt/airflow/dags/load_csv_to_bq.py took 0.086 seconds
[2025-04-03T10:41:18.126+0000] {processor.py:161} INFO - Started process (PID=1619) to work on /opt/airflow/dags/load_csv_to_bq.py
[2025-04-03T10:41:18.127+0000] {processor.py:830} INFO - Processing file /opt/airflow/dags/load_csv_to_bq.py for tasks to queue
[2025-04-03T10:41:18.129+0000] {logging_mixin.py:188} INFO - [2025-04-03T10:41:18.129+0000] {dagbag.py:540} INFO - Filling up the DagBag from /opt/airflow/dags/load_csv_to_bq.py
[2025-04-03T10:41:18.141+0000] {processor.py:840} INFO - DAG(s) 'load_csv_to_bq' retrieved from /opt/airflow/dags/load_csv_to_bq.py
[2025-04-03T10:41:18.164+0000] {logging_mixin.py:188} INFO - [2025-04-03T10:41:18.164+0000] {dag.py:3047} INFO - Sync 1 DAGs
[2025-04-03T10:41:18.179+0000] {logging_mixin.py:188} INFO - [2025-04-03T10:41:18.179+0000] {dag.py:3834} INFO - Setting next_dagrun for load_csv_to_bq to None, run_after=None
[2025-04-03T10:41:18.201+0000] {processor.py:183} INFO - Processing /opt/airflow/dags/load_csv_to_bq.py took 0.079 seconds
[2025-04-03T10:41:48.577+0000] {processor.py:161} INFO - Started process (PID=1680) to work on /opt/airflow/dags/load_csv_to_bq.py
[2025-04-03T10:41:48.579+0000] {processor.py:830} INFO - Processing file /opt/airflow/dags/load_csv_to_bq.py for tasks to queue
[2025-04-03T10:41:48.581+0000] {logging_mixin.py:188} INFO - [2025-04-03T10:41:48.580+0000] {dagbag.py:540} INFO - Filling up the DagBag from /opt/airflow/dags/load_csv_to_bq.py
[2025-04-03T10:41:48.591+0000] {processor.py:840} INFO - DAG(s) 'load_csv_to_bq' retrieved from /opt/airflow/dags/load_csv_to_bq.py
[2025-04-03T10:41:48.613+0000] {logging_mixin.py:188} INFO - [2025-04-03T10:41:48.613+0000] {dag.py:3047} INFO - Sync 1 DAGs
[2025-04-03T10:41:48.634+0000] {logging_mixin.py:188} INFO - [2025-04-03T10:41:48.634+0000] {dag.py:3834} INFO - Setting next_dagrun for load_csv_to_bq to None, run_after=None
[2025-04-03T10:41:48.663+0000] {processor.py:183} INFO - Processing /opt/airflow/dags/load_csv_to_bq.py took 0.089 seconds
[2025-04-03T10:42:18.935+0000] {processor.py:161} INFO - Started process (PID=1741) to work on /opt/airflow/dags/load_csv_to_bq.py
[2025-04-03T10:42:18.936+0000] {processor.py:830} INFO - Processing file /opt/airflow/dags/load_csv_to_bq.py for tasks to queue
[2025-04-03T10:42:18.939+0000] {logging_mixin.py:188} INFO - [2025-04-03T10:42:18.938+0000] {dagbag.py:540} INFO - Filling up the DagBag from /opt/airflow/dags/load_csv_to_bq.py
[2025-04-03T10:42:18.949+0000] {processor.py:840} INFO - DAG(s) 'load_csv_to_bq' retrieved from /opt/airflow/dags/load_csv_to_bq.py
[2025-04-03T10:42:18.975+0000] {logging_mixin.py:188} INFO - [2025-04-03T10:42:18.974+0000] {dag.py:3047} INFO - Sync 1 DAGs
[2025-04-03T10:42:19.004+0000] {logging_mixin.py:188} INFO - [2025-04-03T10:42:19.003+0000] {dag.py:3834} INFO - Setting next_dagrun for load_csv_to_bq to None, run_after=None
[2025-04-03T10:42:19.043+0000] {processor.py:183} INFO - Processing /opt/airflow/dags/load_csv_to_bq.py took 0.112 seconds
[2025-04-03T10:42:50.042+0000] {processor.py:161} INFO - Started process (PID=1804) to work on /opt/airflow/dags/load_csv_to_bq.py
[2025-04-03T10:42:50.044+0000] {processor.py:830} INFO - Processing file /opt/airflow/dags/load_csv_to_bq.py for tasks to queue
[2025-04-03T10:42:50.046+0000] {logging_mixin.py:188} INFO - [2025-04-03T10:42:50.046+0000] {dagbag.py:540} INFO - Filling up the DagBag from /opt/airflow/dags/load_csv_to_bq.py
[2025-04-03T10:42:50.056+0000] {processor.py:840} INFO - DAG(s) 'load_csv_to_bq' retrieved from /opt/airflow/dags/load_csv_to_bq.py
[2025-04-03T10:42:50.083+0000] {logging_mixin.py:188} INFO - [2025-04-03T10:42:50.082+0000] {dag.py:3047} INFO - Sync 1 DAGs
[2025-04-03T10:42:50.102+0000] {logging_mixin.py:188} INFO - [2025-04-03T10:42:50.101+0000] {dag.py:3834} INFO - Setting next_dagrun for load_csv_to_bq to None, run_after=None
[2025-04-03T10:42:50.129+0000] {processor.py:183} INFO - Processing /opt/airflow/dags/load_csv_to_bq.py took 0.091 seconds
[2025-04-03T10:43:20.633+0000] {processor.py:161} INFO - Started process (PID=1865) to work on /opt/airflow/dags/load_csv_to_bq.py
[2025-04-03T10:43:20.635+0000] {processor.py:830} INFO - Processing file /opt/airflow/dags/load_csv_to_bq.py for tasks to queue
[2025-04-03T10:43:20.639+0000] {logging_mixin.py:188} INFO - [2025-04-03T10:43:20.638+0000] {dagbag.py:540} INFO - Filling up the DagBag from /opt/airflow/dags/load_csv_to_bq.py
[2025-04-03T10:43:20.650+0000] {processor.py:840} INFO - DAG(s) 'load_csv_to_bq' retrieved from /opt/airflow/dags/load_csv_to_bq.py
[2025-04-03T10:43:20.672+0000] {logging_mixin.py:188} INFO - [2025-04-03T10:43:20.672+0000] {dag.py:3047} INFO - Sync 1 DAGs
[2025-04-03T10:43:20.686+0000] {logging_mixin.py:188} INFO - [2025-04-03T10:43:20.685+0000] {dag.py:3834} INFO - Setting next_dagrun for load_csv_to_bq to None, run_after=None
[2025-04-03T10:43:20.709+0000] {processor.py:183} INFO - Processing /opt/airflow/dags/load_csv_to_bq.py took 0.080 seconds
[2025-04-03T10:43:51.468+0000] {processor.py:161} INFO - Started process (PID=1932) to work on /opt/airflow/dags/load_csv_to_bq.py
[2025-04-03T10:43:51.470+0000] {processor.py:830} INFO - Processing file /opt/airflow/dags/load_csv_to_bq.py for tasks to queue
[2025-04-03T10:43:51.472+0000] {logging_mixin.py:188} INFO - [2025-04-03T10:43:51.472+0000] {dagbag.py:540} INFO - Filling up the DagBag from /opt/airflow/dags/load_csv_to_bq.py
[2025-04-03T10:43:51.483+0000] {processor.py:840} INFO - DAG(s) 'load_csv_to_bq' retrieved from /opt/airflow/dags/load_csv_to_bq.py
[2025-04-03T10:43:51.507+0000] {logging_mixin.py:188} INFO - [2025-04-03T10:43:51.507+0000] {dag.py:3047} INFO - Sync 1 DAGs
[2025-04-03T10:43:51.523+0000] {logging_mixin.py:188} INFO - [2025-04-03T10:43:51.523+0000] {dag.py:3834} INFO - Setting next_dagrun for load_csv_to_bq to None, run_after=None
[2025-04-03T10:43:51.549+0000] {processor.py:183} INFO - Processing /opt/airflow/dags/load_csv_to_bq.py took 0.085 seconds
[2025-04-03T10:44:21.692+0000] {processor.py:161} INFO - Started process (PID=1993) to work on /opt/airflow/dags/load_csv_to_bq.py
[2025-04-03T10:44:21.693+0000] {processor.py:830} INFO - Processing file /opt/airflow/dags/load_csv_to_bq.py for tasks to queue
[2025-04-03T10:44:21.695+0000] {logging_mixin.py:188} INFO - [2025-04-03T10:44:21.695+0000] {dagbag.py:540} INFO - Filling up the DagBag from /opt/airflow/dags/load_csv_to_bq.py
[2025-04-03T10:44:21.707+0000] {processor.py:840} INFO - DAG(s) 'load_csv_to_bq' retrieved from /opt/airflow/dags/load_csv_to_bq.py
[2025-04-03T10:44:21.732+0000] {logging_mixin.py:188} INFO - [2025-04-03T10:44:21.731+0000] {dag.py:3047} INFO - Sync 1 DAGs
[2025-04-03T10:44:21.746+0000] {logging_mixin.py:188} INFO - [2025-04-03T10:44:21.746+0000] {dag.py:3834} INFO - Setting next_dagrun for load_csv_to_bq to None, run_after=None
[2025-04-03T10:44:21.771+0000] {processor.py:183} INFO - Processing /opt/airflow/dags/load_csv_to_bq.py took 0.083 seconds
[2025-04-03T10:44:52.091+0000] {processor.py:161} INFO - Started process (PID=2054) to work on /opt/airflow/dags/load_csv_to_bq.py
[2025-04-03T10:44:52.093+0000] {processor.py:830} INFO - Processing file /opt/airflow/dags/load_csv_to_bq.py for tasks to queue
[2025-04-03T10:44:52.095+0000] {logging_mixin.py:188} INFO - [2025-04-03T10:44:52.095+0000] {dagbag.py:540} INFO - Filling up the DagBag from /opt/airflow/dags/load_csv_to_bq.py
[2025-04-03T10:44:52.107+0000] {processor.py:840} INFO - DAG(s) 'load_csv_to_bq' retrieved from /opt/airflow/dags/load_csv_to_bq.py
[2025-04-03T10:44:52.130+0000] {logging_mixin.py:188} INFO - [2025-04-03T10:44:52.129+0000] {dag.py:3047} INFO - Sync 1 DAGs
[2025-04-03T10:44:52.143+0000] {logging_mixin.py:188} INFO - [2025-04-03T10:44:52.143+0000] {dag.py:3834} INFO - Setting next_dagrun for load_csv_to_bq to None, run_after=None
[2025-04-03T10:44:52.168+0000] {processor.py:183} INFO - Processing /opt/airflow/dags/load_csv_to_bq.py took 0.081 seconds
[2025-04-03T10:45:22.622+0000] {processor.py:161} INFO - Started process (PID=2115) to work on /opt/airflow/dags/load_csv_to_bq.py
[2025-04-03T10:45:22.623+0000] {processor.py:830} INFO - Processing file /opt/airflow/dags/load_csv_to_bq.py for tasks to queue
[2025-04-03T10:45:22.625+0000] {logging_mixin.py:188} INFO - [2025-04-03T10:45:22.625+0000] {dagbag.py:540} INFO - Filling up the DagBag from /opt/airflow/dags/load_csv_to_bq.py
[2025-04-03T10:45:22.635+0000] {processor.py:840} INFO - DAG(s) 'load_csv_to_bq' retrieved from /opt/airflow/dags/load_csv_to_bq.py
[2025-04-03T10:45:22.657+0000] {logging_mixin.py:188} INFO - [2025-04-03T10:45:22.657+0000] {dag.py:3047} INFO - Sync 1 DAGs
[2025-04-03T10:45:22.671+0000] {logging_mixin.py:188} INFO - [2025-04-03T10:45:22.670+0000] {dag.py:3834} INFO - Setting next_dagrun for load_csv_to_bq to None, run_after=None
[2025-04-03T10:45:22.696+0000] {processor.py:183} INFO - Processing /opt/airflow/dags/load_csv_to_bq.py took 0.078 seconds
[2025-04-03T10:45:52.870+0000] {processor.py:161} INFO - Started process (PID=2176) to work on /opt/airflow/dags/load_csv_to_bq.py
[2025-04-03T10:45:52.872+0000] {processor.py:830} INFO - Processing file /opt/airflow/dags/load_csv_to_bq.py for tasks to queue
[2025-04-03T10:45:52.874+0000] {logging_mixin.py:188} INFO - [2025-04-03T10:45:52.874+0000] {dagbag.py:540} INFO - Filling up the DagBag from /opt/airflow/dags/load_csv_to_bq.py
[2025-04-03T10:45:52.886+0000] {processor.py:840} INFO - DAG(s) 'load_csv_to_bq' retrieved from /opt/airflow/dags/load_csv_to_bq.py
[2025-04-03T10:45:52.927+0000] {logging_mixin.py:188} INFO - [2025-04-03T10:45:52.926+0000] {dag.py:3047} INFO - Sync 1 DAGs
[2025-04-03T10:45:52.946+0000] {logging_mixin.py:188} INFO - [2025-04-03T10:45:52.946+0000] {dag.py:3834} INFO - Setting next_dagrun for load_csv_to_bq to None, run_after=None
[2025-04-03T10:45:52.980+0000] {processor.py:183} INFO - Processing /opt/airflow/dags/load_csv_to_bq.py took 0.114 seconds
[2025-04-03T10:46:23.908+0000] {processor.py:161} INFO - Started process (PID=2237) to work on /opt/airflow/dags/load_csv_to_bq.py
[2025-04-03T10:46:23.909+0000] {processor.py:830} INFO - Processing file /opt/airflow/dags/load_csv_to_bq.py for tasks to queue
[2025-04-03T10:46:23.911+0000] {logging_mixin.py:188} INFO - [2025-04-03T10:46:23.911+0000] {dagbag.py:540} INFO - Filling up the DagBag from /opt/airflow/dags/load_csv_to_bq.py
[2025-04-03T10:46:23.922+0000] {processor.py:840} INFO - DAG(s) 'load_csv_to_bq' retrieved from /opt/airflow/dags/load_csv_to_bq.py
[2025-04-03T10:46:23.947+0000] {logging_mixin.py:188} INFO - [2025-04-03T10:46:23.946+0000] {dag.py:3047} INFO - Sync 1 DAGs
[2025-04-03T10:46:23.960+0000] {logging_mixin.py:188} INFO - [2025-04-03T10:46:23.960+0000] {dag.py:3834} INFO - Setting next_dagrun for load_csv_to_bq to None, run_after=None
[2025-04-03T10:46:23.989+0000] {processor.py:183} INFO - Processing /opt/airflow/dags/load_csv_to_bq.py took 0.085 seconds
[2025-04-03T10:46:54.390+0000] {processor.py:161} INFO - Started process (PID=2298) to work on /opt/airflow/dags/load_csv_to_bq.py
[2025-04-03T10:46:54.391+0000] {processor.py:830} INFO - Processing file /opt/airflow/dags/load_csv_to_bq.py for tasks to queue
[2025-04-03T10:46:54.394+0000] {logging_mixin.py:188} INFO - [2025-04-03T10:46:54.393+0000] {dagbag.py:540} INFO - Filling up the DagBag from /opt/airflow/dags/load_csv_to_bq.py
[2025-04-03T10:46:54.406+0000] {processor.py:840} INFO - DAG(s) 'load_csv_to_bq' retrieved from /opt/airflow/dags/load_csv_to_bq.py
[2025-04-03T10:46:54.435+0000] {logging_mixin.py:188} INFO - [2025-04-03T10:46:54.434+0000] {dag.py:3047} INFO - Sync 1 DAGs
[2025-04-03T10:46:54.448+0000] {logging_mixin.py:188} INFO - [2025-04-03T10:46:54.447+0000] {dag.py:3834} INFO - Setting next_dagrun for load_csv_to_bq to None, run_after=None
[2025-04-03T10:46:54.474+0000] {processor.py:183} INFO - Processing /opt/airflow/dags/load_csv_to_bq.py took 0.088 seconds
[2025-04-03T10:47:24.698+0000] {processor.py:161} INFO - Started process (PID=2359) to work on /opt/airflow/dags/load_csv_to_bq.py
[2025-04-03T10:47:24.700+0000] {processor.py:830} INFO - Processing file /opt/airflow/dags/load_csv_to_bq.py for tasks to queue
[2025-04-03T10:47:24.704+0000] {logging_mixin.py:188} INFO - [2025-04-03T10:47:24.703+0000] {dagbag.py:540} INFO - Filling up the DagBag from /opt/airflow/dags/load_csv_to_bq.py
[2025-04-03T10:47:24.716+0000] {processor.py:840} INFO - DAG(s) 'load_csv_to_bq' retrieved from /opt/airflow/dags/load_csv_to_bq.py
[2025-04-03T10:47:24.747+0000] {logging_mixin.py:188} INFO - [2025-04-03T10:47:24.746+0000] {dag.py:3047} INFO - Sync 1 DAGs
[2025-04-03T10:47:24.764+0000] {logging_mixin.py:188} INFO - [2025-04-03T10:47:24.764+0000] {dag.py:3834} INFO - Setting next_dagrun for load_csv_to_bq to None, run_after=None
[2025-04-03T10:47:24.791+0000] {processor.py:183} INFO - Processing /opt/airflow/dags/load_csv_to_bq.py took 0.097 seconds
[2025-04-03T10:47:55.590+0000] {processor.py:161} INFO - Started process (PID=2420) to work on /opt/airflow/dags/load_csv_to_bq.py
[2025-04-03T10:47:55.592+0000] {processor.py:830} INFO - Processing file /opt/airflow/dags/load_csv_to_bq.py for tasks to queue
[2025-04-03T10:47:55.594+0000] {logging_mixin.py:188} INFO - [2025-04-03T10:47:55.594+0000] {dagbag.py:540} INFO - Filling up the DagBag from /opt/airflow/dags/load_csv_to_bq.py
[2025-04-03T10:47:55.607+0000] {processor.py:840} INFO - DAG(s) 'load_csv_to_bq' retrieved from /opt/airflow/dags/load_csv_to_bq.py
[2025-04-03T10:47:55.632+0000] {logging_mixin.py:188} INFO - [2025-04-03T10:47:55.631+0000] {dag.py:3047} INFO - Sync 1 DAGs
[2025-04-03T10:47:55.650+0000] {logging_mixin.py:188} INFO - [2025-04-03T10:47:55.649+0000] {dag.py:3834} INFO - Setting next_dagrun for load_csv_to_bq to None, run_after=None
[2025-04-03T10:47:55.677+0000] {processor.py:183} INFO - Processing /opt/airflow/dags/load_csv_to_bq.py took 0.091 seconds
[2025-04-03T10:48:25.730+0000] {processor.py:161} INFO - Started process (PID=2481) to work on /opt/airflow/dags/load_csv_to_bq.py
[2025-04-03T10:48:25.731+0000] {processor.py:830} INFO - Processing file /opt/airflow/dags/load_csv_to_bq.py for tasks to queue
[2025-04-03T10:48:25.734+0000] {logging_mixin.py:188} INFO - [2025-04-03T10:48:25.733+0000] {dagbag.py:540} INFO - Filling up the DagBag from /opt/airflow/dags/load_csv_to_bq.py
[2025-04-03T10:48:25.744+0000] {processor.py:840} INFO - DAG(s) 'load_csv_to_bq' retrieved from /opt/airflow/dags/load_csv_to_bq.py
[2025-04-03T10:48:25.772+0000] {logging_mixin.py:188} INFO - [2025-04-03T10:48:25.772+0000] {dag.py:3047} INFO - Sync 1 DAGs
[2025-04-03T10:48:25.786+0000] {logging_mixin.py:188} INFO - [2025-04-03T10:48:25.785+0000] {dag.py:3834} INFO - Setting next_dagrun for load_csv_to_bq to None, run_after=None
[2025-04-03T10:48:25.813+0000] {processor.py:183} INFO - Processing /opt/airflow/dags/load_csv_to_bq.py took 0.088 seconds
[2025-04-03T10:48:56.618+0000] {processor.py:161} INFO - Started process (PID=2549) to work on /opt/airflow/dags/load_csv_to_bq.py
[2025-04-03T10:48:56.620+0000] {processor.py:830} INFO - Processing file /opt/airflow/dags/load_csv_to_bq.py for tasks to queue
[2025-04-03T10:48:56.622+0000] {logging_mixin.py:188} INFO - [2025-04-03T10:48:56.622+0000] {dagbag.py:540} INFO - Filling up the DagBag from /opt/airflow/dags/load_csv_to_bq.py
[2025-04-03T10:48:56.633+0000] {processor.py:840} INFO - DAG(s) 'load_csv_to_bq' retrieved from /opt/airflow/dags/load_csv_to_bq.py
[2025-04-03T10:48:56.656+0000] {logging_mixin.py:188} INFO - [2025-04-03T10:48:56.656+0000] {dag.py:3047} INFO - Sync 1 DAGs
[2025-04-03T10:48:56.672+0000] {logging_mixin.py:188} INFO - [2025-04-03T10:48:56.672+0000] {dag.py:3834} INFO - Setting next_dagrun for load_csv_to_bq to None, run_after=None
[2025-04-03T10:48:56.704+0000] {processor.py:183} INFO - Processing /opt/airflow/dags/load_csv_to_bq.py took 0.089 seconds
[2025-04-03T10:49:26.979+0000] {processor.py:161} INFO - Started process (PID=2610) to work on /opt/airflow/dags/load_csv_to_bq.py
[2025-04-03T10:49:26.980+0000] {processor.py:830} INFO - Processing file /opt/airflow/dags/load_csv_to_bq.py for tasks to queue
[2025-04-03T10:49:26.983+0000] {logging_mixin.py:188} INFO - [2025-04-03T10:49:26.982+0000] {dagbag.py:540} INFO - Filling up the DagBag from /opt/airflow/dags/load_csv_to_bq.py
[2025-04-03T10:49:26.995+0000] {processor.py:840} INFO - DAG(s) 'load_csv_to_bq' retrieved from /opt/airflow/dags/load_csv_to_bq.py
[2025-04-03T10:49:27.019+0000] {logging_mixin.py:188} INFO - [2025-04-03T10:49:27.019+0000] {dag.py:3047} INFO - Sync 1 DAGs
[2025-04-03T10:49:27.033+0000] {logging_mixin.py:188} INFO - [2025-04-03T10:49:27.033+0000] {dag.py:3834} INFO - Setting next_dagrun for load_csv_to_bq to None, run_after=None
[2025-04-03T10:49:27.062+0000] {processor.py:183} INFO - Processing /opt/airflow/dags/load_csv_to_bq.py took 0.088 seconds
[2025-04-03T10:49:57.763+0000] {processor.py:161} INFO - Started process (PID=2671) to work on /opt/airflow/dags/load_csv_to_bq.py
[2025-04-03T10:49:57.764+0000] {processor.py:830} INFO - Processing file /opt/airflow/dags/load_csv_to_bq.py for tasks to queue
[2025-04-03T10:49:57.767+0000] {logging_mixin.py:188} INFO - [2025-04-03T10:49:57.766+0000] {dagbag.py:540} INFO - Filling up the DagBag from /opt/airflow/dags/load_csv_to_bq.py
[2025-04-03T10:49:57.781+0000] {processor.py:840} INFO - DAG(s) 'load_csv_to_bq' retrieved from /opt/airflow/dags/load_csv_to_bq.py
[2025-04-03T10:49:57.805+0000] {logging_mixin.py:188} INFO - [2025-04-03T10:49:57.804+0000] {dag.py:3047} INFO - Sync 1 DAGs
[2025-04-03T10:49:57.818+0000] {logging_mixin.py:188} INFO - [2025-04-03T10:49:57.818+0000] {dag.py:3834} INFO - Setting next_dagrun for load_csv_to_bq to None, run_after=None
[2025-04-03T10:49:57.842+0000] {processor.py:183} INFO - Processing /opt/airflow/dags/load_csv_to_bq.py took 0.084 seconds
[2025-04-03T10:50:28.710+0000] {processor.py:161} INFO - Started process (PID=2732) to work on /opt/airflow/dags/load_csv_to_bq.py
[2025-04-03T10:50:28.711+0000] {processor.py:830} INFO - Processing file /opt/airflow/dags/load_csv_to_bq.py for tasks to queue
[2025-04-03T10:50:28.715+0000] {logging_mixin.py:188} INFO - [2025-04-03T10:50:28.714+0000] {dagbag.py:540} INFO - Filling up the DagBag from /opt/airflow/dags/load_csv_to_bq.py
[2025-04-03T10:50:28.732+0000] {processor.py:840} INFO - DAG(s) 'load_csv_to_bq' retrieved from /opt/airflow/dags/load_csv_to_bq.py
[2025-04-03T10:50:28.764+0000] {logging_mixin.py:188} INFO - [2025-04-03T10:50:28.763+0000] {dag.py:3047} INFO - Sync 1 DAGs
[2025-04-03T10:50:28.785+0000] {logging_mixin.py:188} INFO - [2025-04-03T10:50:28.784+0000] {dag.py:3834} INFO - Setting next_dagrun for load_csv_to_bq to None, run_after=None
[2025-04-03T10:50:28.820+0000] {processor.py:183} INFO - Processing /opt/airflow/dags/load_csv_to_bq.py took 0.114 seconds
[2025-04-03T10:50:59.565+0000] {processor.py:161} INFO - Started process (PID=2793) to work on /opt/airflow/dags/load_csv_to_bq.py
[2025-04-03T10:50:59.567+0000] {processor.py:830} INFO - Processing file /opt/airflow/dags/load_csv_to_bq.py for tasks to queue
[2025-04-03T10:50:59.569+0000] {logging_mixin.py:188} INFO - [2025-04-03T10:50:59.569+0000] {dagbag.py:540} INFO - Filling up the DagBag from /opt/airflow/dags/load_csv_to_bq.py
[2025-04-03T10:50:59.581+0000] {processor.py:840} INFO - DAG(s) 'load_csv_to_bq' retrieved from /opt/airflow/dags/load_csv_to_bq.py
[2025-04-03T10:50:59.611+0000] {logging_mixin.py:188} INFO - [2025-04-03T10:50:59.611+0000] {dag.py:3047} INFO - Sync 1 DAGs
[2025-04-03T10:50:59.631+0000] {logging_mixin.py:188} INFO - [2025-04-03T10:50:59.631+0000] {dag.py:3834} INFO - Setting next_dagrun for load_csv_to_bq to None, run_after=None
[2025-04-03T10:50:59.661+0000] {processor.py:183} INFO - Processing /opt/airflow/dags/load_csv_to_bq.py took 0.102 seconds
[2025-04-03T10:51:30.288+0000] {processor.py:161} INFO - Started process (PID=2854) to work on /opt/airflow/dags/load_csv_to_bq.py
[2025-04-03T10:51:30.290+0000] {processor.py:830} INFO - Processing file /opt/airflow/dags/load_csv_to_bq.py for tasks to queue
[2025-04-03T10:51:30.292+0000] {logging_mixin.py:188} INFO - [2025-04-03T10:51:30.292+0000] {dagbag.py:540} INFO - Filling up the DagBag from /opt/airflow/dags/load_csv_to_bq.py
[2025-04-03T10:51:30.304+0000] {processor.py:840} INFO - DAG(s) 'load_csv_to_bq' retrieved from /opt/airflow/dags/load_csv_to_bq.py
[2025-04-03T10:51:30.328+0000] {logging_mixin.py:188} INFO - [2025-04-03T10:51:30.327+0000] {dag.py:3047} INFO - Sync 1 DAGs
[2025-04-03T10:51:30.341+0000] {logging_mixin.py:188} INFO - [2025-04-03T10:51:30.341+0000] {dag.py:3834} INFO - Setting next_dagrun for load_csv_to_bq to None, run_after=None
[2025-04-03T10:51:30.370+0000] {processor.py:183} INFO - Processing /opt/airflow/dags/load_csv_to_bq.py took 0.087 seconds
[2025-04-03T10:52:00.929+0000] {processor.py:161} INFO - Started process (PID=2915) to work on /opt/airflow/dags/load_csv_to_bq.py
[2025-04-03T10:52:00.930+0000] {processor.py:830} INFO - Processing file /opt/airflow/dags/load_csv_to_bq.py for tasks to queue
[2025-04-03T10:52:00.933+0000] {logging_mixin.py:188} INFO - [2025-04-03T10:52:00.932+0000] {dagbag.py:540} INFO - Filling up the DagBag from /opt/airflow/dags/load_csv_to_bq.py
[2025-04-03T10:52:00.948+0000] {processor.py:840} INFO - DAG(s) 'load_csv_to_bq' retrieved from /opt/airflow/dags/load_csv_to_bq.py
[2025-04-03T10:52:00.983+0000] {logging_mixin.py:188} INFO - [2025-04-03T10:52:00.982+0000] {dag.py:3047} INFO - Sync 1 DAGs
[2025-04-03T10:52:01.015+0000] {logging_mixin.py:188} INFO - [2025-04-03T10:52:01.015+0000] {dag.py:3834} INFO - Setting next_dagrun for load_csv_to_bq to None, run_after=None
[2025-04-03T10:52:01.069+0000] {processor.py:183} INFO - Processing /opt/airflow/dags/load_csv_to_bq.py took 0.147 seconds
[2025-04-03T10:52:31.417+0000] {processor.py:161} INFO - Started process (PID=2976) to work on /opt/airflow/dags/load_csv_to_bq.py
[2025-04-03T10:52:31.418+0000] {processor.py:830} INFO - Processing file /opt/airflow/dags/load_csv_to_bq.py for tasks to queue
[2025-04-03T10:52:31.420+0000] {logging_mixin.py:188} INFO - [2025-04-03T10:52:31.420+0000] {dagbag.py:540} INFO - Filling up the DagBag from /opt/airflow/dags/load_csv_to_bq.py
[2025-04-03T10:52:31.431+0000] {processor.py:840} INFO - DAG(s) 'load_csv_to_bq' retrieved from /opt/airflow/dags/load_csv_to_bq.py
[2025-04-03T10:52:31.459+0000] {logging_mixin.py:188} INFO - [2025-04-03T10:52:31.459+0000] {dag.py:3047} INFO - Sync 1 DAGs
[2025-04-03T10:52:31.475+0000] {logging_mixin.py:188} INFO - [2025-04-03T10:52:31.475+0000] {dag.py:3834} INFO - Setting next_dagrun for load_csv_to_bq to None, run_after=None
[2025-04-03T10:52:31.504+0000] {processor.py:183} INFO - Processing /opt/airflow/dags/load_csv_to_bq.py took 0.092 seconds
[2025-04-03T10:53:01.670+0000] {processor.py:161} INFO - Started process (PID=3037) to work on /opt/airflow/dags/load_csv_to_bq.py
[2025-04-03T10:53:01.672+0000] {processor.py:830} INFO - Processing file /opt/airflow/dags/load_csv_to_bq.py for tasks to queue
[2025-04-03T10:53:01.674+0000] {logging_mixin.py:188} INFO - [2025-04-03T10:53:01.674+0000] {dagbag.py:540} INFO - Filling up the DagBag from /opt/airflow/dags/load_csv_to_bq.py
[2025-04-03T10:53:01.687+0000] {processor.py:840} INFO - DAG(s) 'load_csv_to_bq' retrieved from /opt/airflow/dags/load_csv_to_bq.py
[2025-04-03T10:53:01.721+0000] {logging_mixin.py:188} INFO - [2025-04-03T10:53:01.720+0000] {dag.py:3047} INFO - Sync 1 DAGs
[2025-04-03T10:53:01.747+0000] {logging_mixin.py:188} INFO - [2025-04-03T10:53:01.747+0000] {dag.py:3834} INFO - Setting next_dagrun for load_csv_to_bq to None, run_after=None
[2025-04-03T10:53:01.802+0000] {processor.py:183} INFO - Processing /opt/airflow/dags/load_csv_to_bq.py took 0.136 seconds
[2025-04-03T10:53:32.278+0000] {processor.py:161} INFO - Started process (PID=3099) to work on /opt/airflow/dags/load_csv_to_bq.py
[2025-04-03T10:53:32.281+0000] {processor.py:830} INFO - Processing file /opt/airflow/dags/load_csv_to_bq.py for tasks to queue
[2025-04-03T10:53:32.283+0000] {logging_mixin.py:188} INFO - [2025-04-03T10:53:32.282+0000] {dagbag.py:540} INFO - Filling up the DagBag from /opt/airflow/dags/load_csv_to_bq.py
[2025-04-03T10:53:32.293+0000] {processor.py:840} INFO - DAG(s) 'load_csv_to_bq' retrieved from /opt/airflow/dags/load_csv_to_bq.py
[2025-04-03T10:53:32.322+0000] {logging_mixin.py:188} INFO - [2025-04-03T10:53:32.321+0000] {dag.py:3047} INFO - Sync 1 DAGs
[2025-04-03T10:53:32.338+0000] {logging_mixin.py:188} INFO - [2025-04-03T10:53:32.338+0000] {dag.py:3834} INFO - Setting next_dagrun for load_csv_to_bq to None, run_after=None
[2025-04-03T10:53:32.369+0000] {processor.py:183} INFO - Processing /opt/airflow/dags/load_csv_to_bq.py took 0.095 seconds
[2025-04-03T10:54:02.465+0000] {processor.py:161} INFO - Started process (PID=3166) to work on /opt/airflow/dags/load_csv_to_bq.py
[2025-04-03T10:54:02.467+0000] {processor.py:830} INFO - Processing file /opt/airflow/dags/load_csv_to_bq.py for tasks to queue
[2025-04-03T10:54:02.470+0000] {logging_mixin.py:188} INFO - [2025-04-03T10:54:02.469+0000] {dagbag.py:540} INFO - Filling up the DagBag from /opt/airflow/dags/load_csv_to_bq.py
[2025-04-03T10:54:02.483+0000] {processor.py:840} INFO - DAG(s) 'load_csv_to_bq' retrieved from /opt/airflow/dags/load_csv_to_bq.py
[2025-04-03T10:54:02.508+0000] {logging_mixin.py:188} INFO - [2025-04-03T10:54:02.508+0000] {dag.py:3047} INFO - Sync 1 DAGs
[2025-04-03T10:54:02.525+0000] {logging_mixin.py:188} INFO - [2025-04-03T10:54:02.525+0000] {dag.py:3834} INFO - Setting next_dagrun for load_csv_to_bq to None, run_after=None
[2025-04-03T10:54:02.561+0000] {processor.py:183} INFO - Processing /opt/airflow/dags/load_csv_to_bq.py took 0.100 seconds
[2025-04-03T10:54:33.019+0000] {processor.py:161} INFO - Started process (PID=3227) to work on /opt/airflow/dags/load_csv_to_bq.py
[2025-04-03T10:54:33.021+0000] {processor.py:830} INFO - Processing file /opt/airflow/dags/load_csv_to_bq.py for tasks to queue
[2025-04-03T10:54:33.024+0000] {logging_mixin.py:188} INFO - [2025-04-03T10:54:33.024+0000] {dagbag.py:540} INFO - Filling up the DagBag from /opt/airflow/dags/load_csv_to_bq.py
[2025-04-03T10:54:33.040+0000] {processor.py:840} INFO - DAG(s) 'load_csv_to_bq' retrieved from /opt/airflow/dags/load_csv_to_bq.py
[2025-04-03T10:54:33.070+0000] {logging_mixin.py:188} INFO - [2025-04-03T10:54:33.069+0000] {dag.py:3047} INFO - Sync 1 DAGs
[2025-04-03T10:54:33.088+0000] {logging_mixin.py:188} INFO - [2025-04-03T10:54:33.087+0000] {dag.py:3834} INFO - Setting next_dagrun for load_csv_to_bq to None, run_after=None
[2025-04-03T10:54:33.298+0000] {processor.py:183} INFO - Processing /opt/airflow/dags/load_csv_to_bq.py took 0.283 seconds
[2025-04-03T10:55:03.587+0000] {processor.py:161} INFO - Started process (PID=3288) to work on /opt/airflow/dags/load_csv_to_bq.py
[2025-04-03T10:55:03.588+0000] {processor.py:830} INFO - Processing file /opt/airflow/dags/load_csv_to_bq.py for tasks to queue
[2025-04-03T10:55:03.590+0000] {logging_mixin.py:188} INFO - [2025-04-03T10:55:03.590+0000] {dagbag.py:540} INFO - Filling up the DagBag from /opt/airflow/dags/load_csv_to_bq.py
[2025-04-03T10:55:03.602+0000] {processor.py:840} INFO - DAG(s) 'load_csv_to_bq' retrieved from /opt/airflow/dags/load_csv_to_bq.py
[2025-04-03T10:55:03.626+0000] {logging_mixin.py:188} INFO - [2025-04-03T10:55:03.626+0000] {dag.py:3047} INFO - Sync 1 DAGs
[2025-04-03T10:55:03.642+0000] {logging_mixin.py:188} INFO - [2025-04-03T10:55:03.642+0000] {dag.py:3834} INFO - Setting next_dagrun for load_csv_to_bq to None, run_after=None
[2025-04-03T10:55:03.837+0000] {processor.py:183} INFO - Processing /opt/airflow/dags/load_csv_to_bq.py took 0.254 seconds
[2025-04-03T10:55:33.863+0000] {processor.py:161} INFO - Started process (PID=3349) to work on /opt/airflow/dags/load_csv_to_bq.py
[2025-04-03T10:55:33.865+0000] {processor.py:830} INFO - Processing file /opt/airflow/dags/load_csv_to_bq.py for tasks to queue
[2025-04-03T10:55:33.868+0000] {logging_mixin.py:188} INFO - [2025-04-03T10:55:33.867+0000] {dagbag.py:540} INFO - Filling up the DagBag from /opt/airflow/dags/load_csv_to_bq.py
[2025-04-03T10:55:33.879+0000] {processor.py:840} INFO - DAG(s) 'load_csv_to_bq' retrieved from /opt/airflow/dags/load_csv_to_bq.py
[2025-04-03T10:55:33.904+0000] {logging_mixin.py:188} INFO - [2025-04-03T10:55:33.903+0000] {dag.py:3047} INFO - Sync 1 DAGs
[2025-04-03T10:55:33.918+0000] {logging_mixin.py:188} INFO - [2025-04-03T10:55:33.918+0000] {dag.py:3834} INFO - Setting next_dagrun for load_csv_to_bq to None, run_after=None
[2025-04-03T10:55:34.084+0000] {processor.py:183} INFO - Processing /opt/airflow/dags/load_csv_to_bq.py took 0.224 seconds
[2025-04-03T10:56:04.352+0000] {processor.py:161} INFO - Started process (PID=3410) to work on /opt/airflow/dags/load_csv_to_bq.py
[2025-04-03T10:56:04.355+0000] {processor.py:830} INFO - Processing file /opt/airflow/dags/load_csv_to_bq.py for tasks to queue
[2025-04-03T10:56:04.358+0000] {logging_mixin.py:188} INFO - [2025-04-03T10:56:04.358+0000] {dagbag.py:540} INFO - Filling up the DagBag from /opt/airflow/dags/load_csv_to_bq.py
[2025-04-03T10:56:04.369+0000] {processor.py:840} INFO - DAG(s) 'load_csv_to_bq' retrieved from /opt/airflow/dags/load_csv_to_bq.py
[2025-04-03T10:56:04.392+0000] {logging_mixin.py:188} INFO - [2025-04-03T10:56:04.391+0000] {dag.py:3047} INFO - Sync 1 DAGs
[2025-04-03T10:56:04.406+0000] {logging_mixin.py:188} INFO - [2025-04-03T10:56:04.405+0000] {dag.py:3834} INFO - Setting next_dagrun for load_csv_to_bq to None, run_after=None
[2025-04-03T10:56:04.589+0000] {processor.py:183} INFO - Processing /opt/airflow/dags/load_csv_to_bq.py took 0.242 seconds
[2025-04-03T10:56:34.911+0000] {processor.py:161} INFO - Started process (PID=3471) to work on /opt/airflow/dags/load_csv_to_bq.py
[2025-04-03T10:56:34.913+0000] {processor.py:830} INFO - Processing file /opt/airflow/dags/load_csv_to_bq.py for tasks to queue
[2025-04-03T10:56:34.916+0000] {logging_mixin.py:188} INFO - [2025-04-03T10:56:34.916+0000] {dagbag.py:540} INFO - Filling up the DagBag from /opt/airflow/dags/load_csv_to_bq.py
[2025-04-03T10:56:34.930+0000] {processor.py:840} INFO - DAG(s) 'load_csv_to_bq' retrieved from /opt/airflow/dags/load_csv_to_bq.py
[2025-04-03T10:56:34.964+0000] {logging_mixin.py:188} INFO - [2025-04-03T10:56:34.964+0000] {dag.py:3047} INFO - Sync 1 DAGs
[2025-04-03T10:56:34.980+0000] {logging_mixin.py:188} INFO - [2025-04-03T10:56:34.980+0000] {dag.py:3834} INFO - Setting next_dagrun for load_csv_to_bq to None, run_after=None
[2025-04-03T10:56:35.157+0000] {processor.py:183} INFO - Processing /opt/airflow/dags/load_csv_to_bq.py took 0.251 seconds
[2025-04-03T10:57:05.371+0000] {processor.py:161} INFO - Started process (PID=3532) to work on /opt/airflow/dags/load_csv_to_bq.py
[2025-04-03T10:57:05.372+0000] {processor.py:830} INFO - Processing file /opt/airflow/dags/load_csv_to_bq.py for tasks to queue
[2025-04-03T10:57:05.375+0000] {logging_mixin.py:188} INFO - [2025-04-03T10:57:05.374+0000] {dagbag.py:540} INFO - Filling up the DagBag from /opt/airflow/dags/load_csv_to_bq.py
[2025-04-03T10:57:05.386+0000] {processor.py:840} INFO - DAG(s) 'load_csv_to_bq' retrieved from /opt/airflow/dags/load_csv_to_bq.py
[2025-04-03T10:57:05.413+0000] {logging_mixin.py:188} INFO - [2025-04-03T10:57:05.412+0000] {dag.py:3047} INFO - Sync 1 DAGs
[2025-04-03T10:57:05.444+0000] {logging_mixin.py:188} INFO - [2025-04-03T10:57:05.443+0000] {dag.py:3834} INFO - Setting next_dagrun for load_csv_to_bq to None, run_after=None
[2025-04-03T10:57:05.506+0000] {processor.py:183} INFO - Processing /opt/airflow/dags/load_csv_to_bq.py took 0.142 seconds
[2025-04-03T10:57:35.868+0000] {processor.py:161} INFO - Started process (PID=3593) to work on /opt/airflow/dags/load_csv_to_bq.py
[2025-04-03T10:57:35.870+0000] {processor.py:830} INFO - Processing file /opt/airflow/dags/load_csv_to_bq.py for tasks to queue
[2025-04-03T10:57:35.872+0000] {logging_mixin.py:188} INFO - [2025-04-03T10:57:35.872+0000] {dagbag.py:540} INFO - Filling up the DagBag from /opt/airflow/dags/load_csv_to_bq.py
[2025-04-03T10:57:35.886+0000] {processor.py:840} INFO - DAG(s) 'load_csv_to_bq' retrieved from /opt/airflow/dags/load_csv_to_bq.py
[2025-04-03T10:57:35.910+0000] {logging_mixin.py:188} INFO - [2025-04-03T10:57:35.909+0000] {dag.py:3047} INFO - Sync 1 DAGs
[2025-04-03T10:57:35.923+0000] {logging_mixin.py:188} INFO - [2025-04-03T10:57:35.923+0000] {dag.py:3834} INFO - Setting next_dagrun for load_csv_to_bq to None, run_after=None
[2025-04-03T10:57:35.945+0000] {processor.py:183} INFO - Processing /opt/airflow/dags/load_csv_to_bq.py took 0.081 seconds
[2025-04-03T10:58:06.366+0000] {processor.py:161} INFO - Started process (PID=3654) to work on /opt/airflow/dags/load_csv_to_bq.py
[2025-04-03T10:58:06.368+0000] {processor.py:830} INFO - Processing file /opt/airflow/dags/load_csv_to_bq.py for tasks to queue
[2025-04-03T10:58:06.371+0000] {logging_mixin.py:188} INFO - [2025-04-03T10:58:06.370+0000] {dagbag.py:540} INFO - Filling up the DagBag from /opt/airflow/dags/load_csv_to_bq.py
[2025-04-03T10:58:06.387+0000] {processor.py:840} INFO - DAG(s) 'load_csv_to_bq' retrieved from /opt/airflow/dags/load_csv_to_bq.py
[2025-04-03T10:58:06.419+0000] {logging_mixin.py:188} INFO - [2025-04-03T10:58:06.418+0000] {dag.py:3047} INFO - Sync 1 DAGs
[2025-04-03T10:58:06.436+0000] {logging_mixin.py:188} INFO - [2025-04-03T10:58:06.435+0000] {dag.py:3834} INFO - Setting next_dagrun for load_csv_to_bq to None, run_after=None
[2025-04-03T10:58:06.464+0000] {processor.py:183} INFO - Processing /opt/airflow/dags/load_csv_to_bq.py took 0.102 seconds
[2025-04-03T10:58:37.315+0000] {processor.py:161} INFO - Started process (PID=3713) to work on /opt/airflow/dags/load_csv_to_bq.py
[2025-04-03T10:58:37.316+0000] {processor.py:830} INFO - Processing file /opt/airflow/dags/load_csv_to_bq.py for tasks to queue
[2025-04-03T10:58:37.318+0000] {logging_mixin.py:188} INFO - [2025-04-03T10:58:37.318+0000] {dagbag.py:540} INFO - Filling up the DagBag from /opt/airflow/dags/load_csv_to_bq.py
[2025-04-03T10:58:37.331+0000] {processor.py:840} INFO - DAG(s) 'load_csv_to_bq' retrieved from /opt/airflow/dags/load_csv_to_bq.py
[2025-04-03T10:58:37.354+0000] {logging_mixin.py:188} INFO - [2025-04-03T10:58:37.354+0000] {dag.py:3047} INFO - Sync 1 DAGs
[2025-04-03T10:58:37.369+0000] {logging_mixin.py:188} INFO - [2025-04-03T10:58:37.368+0000] {dag.py:3834} INFO - Setting next_dagrun for load_csv_to_bq to None, run_after=None
[2025-04-03T10:58:37.395+0000] {processor.py:183} INFO - Processing /opt/airflow/dags/load_csv_to_bq.py took 0.084 seconds
[2025-04-03T10:59:07.501+0000] {processor.py:161} INFO - Started process (PID=3774) to work on /opt/airflow/dags/load_csv_to_bq.py
[2025-04-03T10:59:07.502+0000] {processor.py:830} INFO - Processing file /opt/airflow/dags/load_csv_to_bq.py for tasks to queue
[2025-04-03T10:59:07.504+0000] {logging_mixin.py:188} INFO - [2025-04-03T10:59:07.504+0000] {dagbag.py:540} INFO - Filling up the DagBag from /opt/airflow/dags/load_csv_to_bq.py
[2025-04-03T10:59:07.516+0000] {processor.py:840} INFO - DAG(s) 'load_csv_to_bq' retrieved from /opt/airflow/dags/load_csv_to_bq.py
[2025-04-03T10:59:07.545+0000] {logging_mixin.py:188} INFO - [2025-04-03T10:59:07.544+0000] {dag.py:3047} INFO - Sync 1 DAGs
[2025-04-03T10:59:07.558+0000] {logging_mixin.py:188} INFO - [2025-04-03T10:59:07.558+0000] {dag.py:3834} INFO - Setting next_dagrun for load_csv_to_bq to None, run_after=None
[2025-04-03T10:59:07.586+0000] {processor.py:183} INFO - Processing /opt/airflow/dags/load_csv_to_bq.py took 0.089 seconds
[2025-04-03T10:59:37.851+0000] {processor.py:161} INFO - Started process (PID=3841) to work on /opt/airflow/dags/load_csv_to_bq.py
[2025-04-03T10:59:37.853+0000] {processor.py:830} INFO - Processing file /opt/airflow/dags/load_csv_to_bq.py for tasks to queue
[2025-04-03T10:59:37.855+0000] {logging_mixin.py:188} INFO - [2025-04-03T10:59:37.855+0000] {dagbag.py:540} INFO - Filling up the DagBag from /opt/airflow/dags/load_csv_to_bq.py
[2025-04-03T10:59:37.867+0000] {processor.py:840} INFO - DAG(s) 'load_csv_to_bq' retrieved from /opt/airflow/dags/load_csv_to_bq.py
[2025-04-03T10:59:37.892+0000] {logging_mixin.py:188} INFO - [2025-04-03T10:59:37.891+0000] {dag.py:3047} INFO - Sync 1 DAGs
[2025-04-03T10:59:37.906+0000] {logging_mixin.py:188} INFO - [2025-04-03T10:59:37.905+0000] {dag.py:3834} INFO - Setting next_dagrun for load_csv_to_bq to None, run_after=None
[2025-04-03T10:59:37.936+0000] {processor.py:183} INFO - Processing /opt/airflow/dags/load_csv_to_bq.py took 0.089 seconds
[2025-04-03T11:00:08.831+0000] {processor.py:161} INFO - Started process (PID=3902) to work on /opt/airflow/dags/load_csv_to_bq.py
[2025-04-03T11:00:08.833+0000] {processor.py:830} INFO - Processing file /opt/airflow/dags/load_csv_to_bq.py for tasks to queue
[2025-04-03T11:00:08.836+0000] {logging_mixin.py:188} INFO - [2025-04-03T11:00:08.836+0000] {dagbag.py:540} INFO - Filling up the DagBag from /opt/airflow/dags/load_csv_to_bq.py
[2025-04-03T11:00:08.851+0000] {processor.py:840} INFO - DAG(s) 'load_csv_to_bq' retrieved from /opt/airflow/dags/load_csv_to_bq.py
[2025-04-03T11:00:08.882+0000] {logging_mixin.py:188} INFO - [2025-04-03T11:00:08.882+0000] {dag.py:3047} INFO - Sync 1 DAGs
[2025-04-03T11:00:08.899+0000] {logging_mixin.py:188} INFO - [2025-04-03T11:00:08.898+0000] {dag.py:3834} INFO - Setting next_dagrun for load_csv_to_bq to None, run_after=None
[2025-04-03T11:00:08.929+0000] {processor.py:183} INFO - Processing /opt/airflow/dags/load_csv_to_bq.py took 0.102 seconds
[2025-04-03T11:00:39.244+0000] {processor.py:161} INFO - Started process (PID=3963) to work on /opt/airflow/dags/load_csv_to_bq.py
[2025-04-03T11:00:39.246+0000] {processor.py:830} INFO - Processing file /opt/airflow/dags/load_csv_to_bq.py for tasks to queue
[2025-04-03T11:00:39.248+0000] {logging_mixin.py:188} INFO - [2025-04-03T11:00:39.248+0000] {dagbag.py:540} INFO - Filling up the DagBag from /opt/airflow/dags/load_csv_to_bq.py
[2025-04-03T11:00:39.259+0000] {processor.py:840} INFO - DAG(s) 'load_csv_to_bq' retrieved from /opt/airflow/dags/load_csv_to_bq.py
[2025-04-03T11:00:39.286+0000] {logging_mixin.py:188} INFO - [2025-04-03T11:00:39.285+0000] {dag.py:3047} INFO - Sync 1 DAGs
[2025-04-03T11:00:39.299+0000] {logging_mixin.py:188} INFO - [2025-04-03T11:00:39.299+0000] {dag.py:3834} INFO - Setting next_dagrun for load_csv_to_bq to None, run_after=None
[2025-04-03T11:00:39.326+0000] {processor.py:183} INFO - Processing /opt/airflow/dags/load_csv_to_bq.py took 0.085 seconds
[2025-04-03T11:01:09.443+0000] {processor.py:161} INFO - Started process (PID=4024) to work on /opt/airflow/dags/load_csv_to_bq.py
[2025-04-03T11:01:09.444+0000] {processor.py:830} INFO - Processing file /opt/airflow/dags/load_csv_to_bq.py for tasks to queue
[2025-04-03T11:01:09.446+0000] {logging_mixin.py:188} INFO - [2025-04-03T11:01:09.446+0000] {dagbag.py:540} INFO - Filling up the DagBag from /opt/airflow/dags/load_csv_to_bq.py
[2025-04-03T11:01:09.457+0000] {processor.py:840} INFO - DAG(s) 'load_csv_to_bq' retrieved from /opt/airflow/dags/load_csv_to_bq.py
[2025-04-03T11:01:09.486+0000] {logging_mixin.py:188} INFO - [2025-04-03T11:01:09.486+0000] {dag.py:3047} INFO - Sync 1 DAGs
[2025-04-03T11:01:09.500+0000] {logging_mixin.py:188} INFO - [2025-04-03T11:01:09.499+0000] {dag.py:3834} INFO - Setting next_dagrun for load_csv_to_bq to None, run_after=None
[2025-04-03T11:01:09.526+0000] {processor.py:183} INFO - Processing /opt/airflow/dags/load_csv_to_bq.py took 0.087 seconds
[2025-04-03T11:01:39.613+0000] {processor.py:161} INFO - Started process (PID=4085) to work on /opt/airflow/dags/load_csv_to_bq.py
[2025-04-03T11:01:39.614+0000] {processor.py:830} INFO - Processing file /opt/airflow/dags/load_csv_to_bq.py for tasks to queue
[2025-04-03T11:01:39.618+0000] {logging_mixin.py:188} INFO - [2025-04-03T11:01:39.617+0000] {dagbag.py:540} INFO - Filling up the DagBag from /opt/airflow/dags/load_csv_to_bq.py
[2025-04-03T11:01:39.631+0000] {processor.py:840} INFO - DAG(s) 'load_csv_to_bq' retrieved from /opt/airflow/dags/load_csv_to_bq.py
[2025-04-03T11:01:39.658+0000] {logging_mixin.py:188} INFO - [2025-04-03T11:01:39.658+0000] {dag.py:3047} INFO - Sync 1 DAGs
[2025-04-03T11:01:39.673+0000] {logging_mixin.py:188} INFO - [2025-04-03T11:01:39.673+0000] {dag.py:3834} INFO - Setting next_dagrun for load_csv_to_bq to None, run_after=None
[2025-04-03T11:01:39.702+0000] {processor.py:183} INFO - Processing /opt/airflow/dags/load_csv_to_bq.py took 0.093 seconds
[2025-04-03T11:02:10.428+0000] {processor.py:161} INFO - Started process (PID=4146) to work on /opt/airflow/dags/load_csv_to_bq.py
[2025-04-03T11:02:10.430+0000] {processor.py:830} INFO - Processing file /opt/airflow/dags/load_csv_to_bq.py for tasks to queue
[2025-04-03T11:02:10.433+0000] {logging_mixin.py:188} INFO - [2025-04-03T11:02:10.432+0000] {dagbag.py:540} INFO - Filling up the DagBag from /opt/airflow/dags/load_csv_to_bq.py
[2025-04-03T11:02:10.447+0000] {processor.py:840} INFO - DAG(s) 'load_csv_to_bq' retrieved from /opt/airflow/dags/load_csv_to_bq.py
[2025-04-03T11:02:10.473+0000] {logging_mixin.py:188} INFO - [2025-04-03T11:02:10.472+0000] {dag.py:3047} INFO - Sync 1 DAGs
[2025-04-03T11:02:10.488+0000] {logging_mixin.py:188} INFO - [2025-04-03T11:02:10.487+0000] {dag.py:3834} INFO - Setting next_dagrun for load_csv_to_bq to None, run_after=None
[2025-04-03T11:02:10.517+0000] {processor.py:183} INFO - Processing /opt/airflow/dags/load_csv_to_bq.py took 0.094 seconds
[2025-04-03T11:02:40.728+0000] {processor.py:161} INFO - Started process (PID=4207) to work on /opt/airflow/dags/load_csv_to_bq.py
[2025-04-03T11:02:40.729+0000] {processor.py:830} INFO - Processing file /opt/airflow/dags/load_csv_to_bq.py for tasks to queue
[2025-04-03T11:02:40.731+0000] {logging_mixin.py:188} INFO - [2025-04-03T11:02:40.731+0000] {dagbag.py:540} INFO - Filling up the DagBag from /opt/airflow/dags/load_csv_to_bq.py
[2025-04-03T11:02:40.742+0000] {processor.py:840} INFO - DAG(s) 'load_csv_to_bq' retrieved from /opt/airflow/dags/load_csv_to_bq.py
[2025-04-03T11:02:40.767+0000] {logging_mixin.py:188} INFO - [2025-04-03T11:02:40.766+0000] {dag.py:3047} INFO - Sync 1 DAGs
[2025-04-03T11:02:40.783+0000] {logging_mixin.py:188} INFO - [2025-04-03T11:02:40.783+0000] {dag.py:3834} INFO - Setting next_dagrun for load_csv_to_bq to None, run_after=None
[2025-04-03T11:02:40.808+0000] {processor.py:183} INFO - Processing /opt/airflow/dags/load_csv_to_bq.py took 0.086 seconds
[2025-04-03T11:03:11.198+0000] {processor.py:161} INFO - Started process (PID=4268) to work on /opt/airflow/dags/load_csv_to_bq.py
[2025-04-03T11:03:11.201+0000] {processor.py:830} INFO - Processing file /opt/airflow/dags/load_csv_to_bq.py for tasks to queue
[2025-04-03T11:03:11.205+0000] {logging_mixin.py:188} INFO - [2025-04-03T11:03:11.205+0000] {dagbag.py:540} INFO - Filling up the DagBag from /opt/airflow/dags/load_csv_to_bq.py
[2025-04-03T11:03:11.228+0000] {processor.py:840} INFO - DAG(s) 'load_csv_to_bq' retrieved from /opt/airflow/dags/load_csv_to_bq.py
[2025-04-03T11:03:11.271+0000] {logging_mixin.py:188} INFO - [2025-04-03T11:03:11.270+0000] {dag.py:3047} INFO - Sync 1 DAGs
[2025-04-03T11:03:11.299+0000] {logging_mixin.py:188} INFO - [2025-04-03T11:03:11.298+0000] {dag.py:3834} INFO - Setting next_dagrun for load_csv_to_bq to None, run_after=None
[2025-04-03T11:03:11.354+0000] {processor.py:183} INFO - Processing /opt/airflow/dags/load_csv_to_bq.py took 0.166 seconds
[2025-04-03T11:03:41.740+0000] {processor.py:161} INFO - Started process (PID=4329) to work on /opt/airflow/dags/load_csv_to_bq.py
[2025-04-03T11:03:41.742+0000] {processor.py:830} INFO - Processing file /opt/airflow/dags/load_csv_to_bq.py for tasks to queue
[2025-04-03T11:03:41.744+0000] {logging_mixin.py:188} INFO - [2025-04-03T11:03:41.744+0000] {dagbag.py:540} INFO - Filling up the DagBag from /opt/airflow/dags/load_csv_to_bq.py
[2025-04-03T11:03:41.755+0000] {processor.py:840} INFO - DAG(s) 'load_csv_to_bq' retrieved from /opt/airflow/dags/load_csv_to_bq.py
[2025-04-03T11:03:41.776+0000] {logging_mixin.py:188} INFO - [2025-04-03T11:03:41.776+0000] {dag.py:3047} INFO - Sync 1 DAGs
[2025-04-03T11:03:41.793+0000] {logging_mixin.py:188} INFO - [2025-04-03T11:03:41.793+0000] {dag.py:3834} INFO - Setting next_dagrun for load_csv_to_bq to None, run_after=None
[2025-04-03T11:03:41.817+0000] {processor.py:183} INFO - Processing /opt/airflow/dags/load_csv_to_bq.py took 0.080 seconds
[2025-04-03T11:04:12.342+0000] {processor.py:161} INFO - Started process (PID=4390) to work on /opt/airflow/dags/load_csv_to_bq.py
[2025-04-03T11:04:12.344+0000] {processor.py:830} INFO - Processing file /opt/airflow/dags/load_csv_to_bq.py for tasks to queue
[2025-04-03T11:04:12.346+0000] {logging_mixin.py:188} INFO - [2025-04-03T11:04:12.346+0000] {dagbag.py:540} INFO - Filling up the DagBag from /opt/airflow/dags/load_csv_to_bq.py
[2025-04-03T11:04:12.359+0000] {processor.py:840} INFO - DAG(s) 'load_csv_to_bq' retrieved from /opt/airflow/dags/load_csv_to_bq.py
[2025-04-03T11:04:12.382+0000] {logging_mixin.py:188} INFO - [2025-04-03T11:04:12.382+0000] {dag.py:3047} INFO - Sync 1 DAGs
[2025-04-03T11:04:12.398+0000] {logging_mixin.py:188} INFO - [2025-04-03T11:04:12.398+0000] {dag.py:3834} INFO - Setting next_dagrun for load_csv_to_bq to None, run_after=None
[2025-04-03T11:04:12.428+0000] {processor.py:183} INFO - Processing /opt/airflow/dags/load_csv_to_bq.py took 0.090 seconds
[2025-04-03T11:04:42.603+0000] {processor.py:161} INFO - Started process (PID=4457) to work on /opt/airflow/dags/load_csv_to_bq.py
[2025-04-03T11:04:42.604+0000] {processor.py:830} INFO - Processing file /opt/airflow/dags/load_csv_to_bq.py for tasks to queue
[2025-04-03T11:04:42.607+0000] {logging_mixin.py:188} INFO - [2025-04-03T11:04:42.606+0000] {dagbag.py:540} INFO - Filling up the DagBag from /opt/airflow/dags/load_csv_to_bq.py
[2025-04-03T11:04:42.617+0000] {processor.py:840} INFO - DAG(s) 'load_csv_to_bq' retrieved from /opt/airflow/dags/load_csv_to_bq.py
[2025-04-03T11:04:42.642+0000] {logging_mixin.py:188} INFO - [2025-04-03T11:04:42.642+0000] {dag.py:3047} INFO - Sync 1 DAGs
[2025-04-03T11:04:42.658+0000] {logging_mixin.py:188} INFO - [2025-04-03T11:04:42.658+0000] {dag.py:3834} INFO - Setting next_dagrun for load_csv_to_bq to None, run_after=None
[2025-04-03T11:04:42.687+0000] {processor.py:183} INFO - Processing /opt/airflow/dags/load_csv_to_bq.py took 0.087 seconds
[2025-04-03T11:05:12.894+0000] {processor.py:161} INFO - Started process (PID=4518) to work on /opt/airflow/dags/load_csv_to_bq.py
[2025-04-03T11:05:12.895+0000] {processor.py:830} INFO - Processing file /opt/airflow/dags/load_csv_to_bq.py for tasks to queue
[2025-04-03T11:05:12.898+0000] {logging_mixin.py:188} INFO - [2025-04-03T11:05:12.897+0000] {dagbag.py:540} INFO - Filling up the DagBag from /opt/airflow/dags/load_csv_to_bq.py
[2025-04-03T11:05:12.911+0000] {processor.py:840} INFO - DAG(s) 'load_csv_to_bq' retrieved from /opt/airflow/dags/load_csv_to_bq.py
[2025-04-03T11:05:12.935+0000] {logging_mixin.py:188} INFO - [2025-04-03T11:05:12.934+0000] {dag.py:3047} INFO - Sync 1 DAGs
[2025-04-03T11:05:12.951+0000] {logging_mixin.py:188} INFO - [2025-04-03T11:05:12.951+0000] {dag.py:3834} INFO - Setting next_dagrun for load_csv_to_bq to None, run_after=None
[2025-04-03T11:05:12.977+0000] {processor.py:183} INFO - Processing /opt/airflow/dags/load_csv_to_bq.py took 0.087 seconds
[2025-04-03T11:05:43.132+0000] {processor.py:161} INFO - Started process (PID=4579) to work on /opt/airflow/dags/load_csv_to_bq.py
[2025-04-03T11:05:43.133+0000] {processor.py:830} INFO - Processing file /opt/airflow/dags/load_csv_to_bq.py for tasks to queue
[2025-04-03T11:05:43.135+0000] {logging_mixin.py:188} INFO - [2025-04-03T11:05:43.135+0000] {dagbag.py:540} INFO - Filling up the DagBag from /opt/airflow/dags/load_csv_to_bq.py
[2025-04-03T11:05:43.146+0000] {processor.py:840} INFO - DAG(s) 'load_csv_to_bq' retrieved from /opt/airflow/dags/load_csv_to_bq.py
[2025-04-03T11:05:43.171+0000] {logging_mixin.py:188} INFO - [2025-04-03T11:05:43.170+0000] {dag.py:3047} INFO - Sync 1 DAGs
[2025-04-03T11:05:43.187+0000] {logging_mixin.py:188} INFO - [2025-04-03T11:05:43.186+0000] {dag.py:3834} INFO - Setting next_dagrun for load_csv_to_bq to None, run_after=None
[2025-04-03T11:05:43.209+0000] {processor.py:183} INFO - Processing /opt/airflow/dags/load_csv_to_bq.py took 0.081 seconds
[2025-04-03T11:06:13.607+0000] {processor.py:161} INFO - Started process (PID=4640) to work on /opt/airflow/dags/load_csv_to_bq.py
[2025-04-03T11:06:13.609+0000] {processor.py:830} INFO - Processing file /opt/airflow/dags/load_csv_to_bq.py for tasks to queue
[2025-04-03T11:06:13.612+0000] {logging_mixin.py:188} INFO - [2025-04-03T11:06:13.612+0000] {dagbag.py:540} INFO - Filling up the DagBag from /opt/airflow/dags/load_csv_to_bq.py
[2025-04-03T11:06:13.623+0000] {processor.py:840} INFO - DAG(s) 'load_csv_to_bq' retrieved from /opt/airflow/dags/load_csv_to_bq.py
[2025-04-03T11:06:13.649+0000] {logging_mixin.py:188} INFO - [2025-04-03T11:06:13.648+0000] {dag.py:3047} INFO - Sync 1 DAGs
[2025-04-03T11:06:13.664+0000] {logging_mixin.py:188} INFO - [2025-04-03T11:06:13.664+0000] {dag.py:3834} INFO - Setting next_dagrun for load_csv_to_bq to None, run_after=None
[2025-04-03T11:06:13.689+0000] {processor.py:183} INFO - Processing /opt/airflow/dags/load_csv_to_bq.py took 0.086 seconds
[2025-04-03T11:06:44.145+0000] {processor.py:161} INFO - Started process (PID=4702) to work on /opt/airflow/dags/load_csv_to_bq.py
[2025-04-03T11:06:44.147+0000] {processor.py:830} INFO - Processing file /opt/airflow/dags/load_csv_to_bq.py for tasks to queue
[2025-04-03T11:06:44.151+0000] {logging_mixin.py:188} INFO - [2025-04-03T11:06:44.150+0000] {dagbag.py:540} INFO - Filling up the DagBag from /opt/airflow/dags/load_csv_to_bq.py
[2025-04-03T11:06:44.177+0000] {processor.py:840} INFO - DAG(s) 'load_csv_to_bq' retrieved from /opt/airflow/dags/load_csv_to_bq.py
[2025-04-03T11:06:44.217+0000] {logging_mixin.py:188} INFO - [2025-04-03T11:06:44.216+0000] {dag.py:3047} INFO - Sync 1 DAGs
[2025-04-03T11:06:44.240+0000] {logging_mixin.py:188} INFO - [2025-04-03T11:06:44.240+0000] {dag.py:3834} INFO - Setting next_dagrun for load_csv_to_bq to None, run_after=None
[2025-04-03T11:06:44.272+0000] {processor.py:183} INFO - Processing /opt/airflow/dags/load_csv_to_bq.py took 0.134 seconds
[2025-04-03T11:07:14.304+0000] {processor.py:161} INFO - Started process (PID=4763) to work on /opt/airflow/dags/load_csv_to_bq.py
[2025-04-03T11:07:14.306+0000] {processor.py:830} INFO - Processing file /opt/airflow/dags/load_csv_to_bq.py for tasks to queue
[2025-04-03T11:07:14.309+0000] {logging_mixin.py:188} INFO - [2025-04-03T11:07:14.308+0000] {dagbag.py:540} INFO - Filling up the DagBag from /opt/airflow/dags/load_csv_to_bq.py
[2025-04-03T11:07:14.323+0000] {processor.py:840} INFO - DAG(s) 'load_csv_to_bq' retrieved from /opt/airflow/dags/load_csv_to_bq.py
[2025-04-03T11:07:14.352+0000] {logging_mixin.py:188} INFO - [2025-04-03T11:07:14.351+0000] {dag.py:3047} INFO - Sync 1 DAGs
[2025-04-03T11:07:14.369+0000] {logging_mixin.py:188} INFO - [2025-04-03T11:07:14.368+0000] {dag.py:3834} INFO - Setting next_dagrun for load_csv_to_bq to None, run_after=None
[2025-04-03T11:07:14.398+0000] {processor.py:183} INFO - Processing /opt/airflow/dags/load_csv_to_bq.py took 0.100 seconds
[2025-04-03T11:07:44.818+0000] {processor.py:161} INFO - Started process (PID=4824) to work on /opt/airflow/dags/load_csv_to_bq.py
[2025-04-03T11:07:44.819+0000] {processor.py:830} INFO - Processing file /opt/airflow/dags/load_csv_to_bq.py for tasks to queue
[2025-04-03T11:07:44.821+0000] {logging_mixin.py:188} INFO - [2025-04-03T11:07:44.821+0000] {dagbag.py:540} INFO - Filling up the DagBag from /opt/airflow/dags/load_csv_to_bq.py
[2025-04-03T11:07:44.831+0000] {processor.py:840} INFO - DAG(s) 'load_csv_to_bq' retrieved from /opt/airflow/dags/load_csv_to_bq.py
[2025-04-03T11:07:44.852+0000] {logging_mixin.py:188} INFO - [2025-04-03T11:07:44.852+0000] {dag.py:3047} INFO - Sync 1 DAGs
[2025-04-03T11:07:44.866+0000] {logging_mixin.py:188} INFO - [2025-04-03T11:07:44.866+0000] {dag.py:3834} INFO - Setting next_dagrun for load_csv_to_bq to None, run_after=None
[2025-04-03T11:07:44.888+0000] {processor.py:183} INFO - Processing /opt/airflow/dags/load_csv_to_bq.py took 0.075 seconds
[2025-04-03T11:08:15.089+0000] {processor.py:161} INFO - Started process (PID=4885) to work on /opt/airflow/dags/load_csv_to_bq.py
[2025-04-03T11:08:15.090+0000] {processor.py:830} INFO - Processing file /opt/airflow/dags/load_csv_to_bq.py for tasks to queue
[2025-04-03T11:08:15.093+0000] {logging_mixin.py:188} INFO - [2025-04-03T11:08:15.093+0000] {dagbag.py:540} INFO - Filling up the DagBag from /opt/airflow/dags/load_csv_to_bq.py
[2025-04-03T11:08:15.104+0000] {processor.py:840} INFO - DAG(s) 'load_csv_to_bq' retrieved from /opt/airflow/dags/load_csv_to_bq.py
[2025-04-03T11:08:15.127+0000] {logging_mixin.py:188} INFO - [2025-04-03T11:08:15.127+0000] {dag.py:3047} INFO - Sync 1 DAGs
[2025-04-03T11:08:15.142+0000] {logging_mixin.py:188} INFO - [2025-04-03T11:08:15.142+0000] {dag.py:3834} INFO - Setting next_dagrun for load_csv_to_bq to None, run_after=None
[2025-04-03T11:08:15.168+0000] {processor.py:183} INFO - Processing /opt/airflow/dags/load_csv_to_bq.py took 0.083 seconds
[2025-04-03T11:08:45.397+0000] {processor.py:161} INFO - Started process (PID=4946) to work on /opt/airflow/dags/load_csv_to_bq.py
[2025-04-03T11:08:45.398+0000] {processor.py:830} INFO - Processing file /opt/airflow/dags/load_csv_to_bq.py for tasks to queue
[2025-04-03T11:08:45.400+0000] {logging_mixin.py:188} INFO - [2025-04-03T11:08:45.399+0000] {dagbag.py:540} INFO - Filling up the DagBag from /opt/airflow/dags/load_csv_to_bq.py
[2025-04-03T11:08:45.411+0000] {processor.py:840} INFO - DAG(s) 'load_csv_to_bq' retrieved from /opt/airflow/dags/load_csv_to_bq.py
[2025-04-03T11:08:45.436+0000] {logging_mixin.py:188} INFO - [2025-04-03T11:08:45.435+0000] {dag.py:3047} INFO - Sync 1 DAGs
[2025-04-03T11:08:45.449+0000] {logging_mixin.py:188} INFO - [2025-04-03T11:08:45.449+0000] {dag.py:3834} INFO - Setting next_dagrun for load_csv_to_bq to None, run_after=None
[2025-04-03T11:08:45.474+0000] {processor.py:183} INFO - Processing /opt/airflow/dags/load_csv_to_bq.py took 0.080 seconds
[2025-04-03T11:09:15.830+0000] {processor.py:161} INFO - Started process (PID=5007) to work on /opt/airflow/dags/load_csv_to_bq.py
[2025-04-03T11:09:15.833+0000] {processor.py:830} INFO - Processing file /opt/airflow/dags/load_csv_to_bq.py for tasks to queue
[2025-04-03T11:09:15.841+0000] {logging_mixin.py:188} INFO - [2025-04-03T11:09:15.839+0000] {dagbag.py:540} INFO - Filling up the DagBag from /opt/airflow/dags/load_csv_to_bq.py
[2025-04-03T11:09:15.869+0000] {processor.py:840} INFO - DAG(s) 'load_csv_to_bq' retrieved from /opt/airflow/dags/load_csv_to_bq.py
[2025-04-03T11:09:15.940+0000] {logging_mixin.py:188} INFO - [2025-04-03T11:09:15.938+0000] {dag.py:3047} INFO - Sync 1 DAGs
[2025-04-03T11:09:15.991+0000] {logging_mixin.py:188} INFO - [2025-04-03T11:09:15.990+0000] {dag.py:3834} INFO - Setting next_dagrun for load_csv_to_bq to None, run_after=None
[2025-04-03T11:09:16.061+0000] {processor.py:183} INFO - Processing /opt/airflow/dags/load_csv_to_bq.py took 0.245 seconds
