[2025-04-03T10:28:36.076+0000] {processor.py:161} INFO - Started process (PID=78) to work on /opt/airflow/dags/step_four.py
[2025-04-03T10:28:36.080+0000] {processor.py:830} INFO - Processing file /opt/airflow/dags/step_four.py for tasks to queue
[2025-04-03T10:28:36.088+0000] {logging_mixin.py:188} INFO - [2025-04-03T10:28:36.086+0000] {dagbag.py:540} INFO - Filling up the DagBag from /opt/airflow/dags/step_four.py
[2025-04-03T10:28:36.133+0000] {processor.py:840} INFO - DAG(s) 'clean_and_move_to_final_table' retrieved from /opt/airflow/dags/step_four.py
[2025-04-03T10:28:36.380+0000] {logging_mixin.py:188} INFO - [2025-04-03T10:28:36.379+0000] {dag.py:3047} INFO - Sync 1 DAGs
[2025-04-03T10:28:36.400+0000] {logging_mixin.py:188} INFO - [2025-04-03T10:28:36.400+0000] {dag.py:3834} INFO - Setting next_dagrun for clean_and_move_to_final_table to None, run_after=None
[2025-04-03T10:28:36.437+0000] {processor.py:183} INFO - Processing /opt/airflow/dags/step_four.py took 0.374 seconds
[2025-04-03T10:29:06.611+0000] {processor.py:161} INFO - Started process (PID=139) to work on /opt/airflow/dags/step_four.py
[2025-04-03T10:29:06.613+0000] {processor.py:830} INFO - Processing file /opt/airflow/dags/step_four.py for tasks to queue
[2025-04-03T10:29:06.615+0000] {logging_mixin.py:188} INFO - [2025-04-03T10:29:06.615+0000] {dagbag.py:540} INFO - Filling up the DagBag from /opt/airflow/dags/step_four.py
[2025-04-03T10:29:06.621+0000] {processor.py:840} INFO - DAG(s) 'clean_and_move_to_final_table' retrieved from /opt/airflow/dags/step_four.py
[2025-04-03T10:29:06.647+0000] {logging_mixin.py:188} INFO - [2025-04-03T10:29:06.646+0000] {dag.py:3047} INFO - Sync 1 DAGs
[2025-04-03T10:29:06.662+0000] {logging_mixin.py:188} INFO - [2025-04-03T10:29:06.661+0000] {dag.py:3834} INFO - Setting next_dagrun for clean_and_move_to_final_table to None, run_after=None
[2025-04-03T10:29:06.685+0000] {processor.py:183} INFO - Processing /opt/airflow/dags/step_four.py took 0.079 seconds
[2025-04-03T10:29:37.088+0000] {processor.py:161} INFO - Started process (PID=200) to work on /opt/airflow/dags/step_four.py
[2025-04-03T10:29:37.089+0000] {processor.py:830} INFO - Processing file /opt/airflow/dags/step_four.py for tasks to queue
[2025-04-03T10:29:37.091+0000] {logging_mixin.py:188} INFO - [2025-04-03T10:29:37.091+0000] {dagbag.py:540} INFO - Filling up the DagBag from /opt/airflow/dags/step_four.py
[2025-04-03T10:29:37.097+0000] {processor.py:840} INFO - DAG(s) 'clean_and_move_to_final_table' retrieved from /opt/airflow/dags/step_four.py
[2025-04-03T10:29:37.120+0000] {logging_mixin.py:188} INFO - [2025-04-03T10:29:37.120+0000] {dag.py:3047} INFO - Sync 1 DAGs
[2025-04-03T10:29:37.136+0000] {logging_mixin.py:188} INFO - [2025-04-03T10:29:37.135+0000] {dag.py:3834} INFO - Setting next_dagrun for clean_and_move_to_final_table to None, run_after=None
[2025-04-03T10:29:37.166+0000] {processor.py:183} INFO - Processing /opt/airflow/dags/step_four.py took 0.082 seconds
[2025-04-03T10:30:07.443+0000] {processor.py:161} INFO - Started process (PID=261) to work on /opt/airflow/dags/step_four.py
[2025-04-03T10:30:07.444+0000] {processor.py:830} INFO - Processing file /opt/airflow/dags/step_four.py for tasks to queue
[2025-04-03T10:30:07.447+0000] {logging_mixin.py:188} INFO - [2025-04-03T10:30:07.446+0000] {dagbag.py:540} INFO - Filling up the DagBag from /opt/airflow/dags/step_four.py
[2025-04-03T10:30:07.454+0000] {processor.py:840} INFO - DAG(s) 'clean_and_move_to_final_table' retrieved from /opt/airflow/dags/step_four.py
[2025-04-03T10:30:07.479+0000] {logging_mixin.py:188} INFO - [2025-04-03T10:30:07.478+0000] {dag.py:3047} INFO - Sync 1 DAGs
[2025-04-03T10:30:07.506+0000] {logging_mixin.py:188} INFO - [2025-04-03T10:30:07.506+0000] {dag.py:3834} INFO - Setting next_dagrun for clean_and_move_to_final_table to None, run_after=None
[2025-04-03T10:30:07.541+0000] {processor.py:183} INFO - Processing /opt/airflow/dags/step_four.py took 0.102 seconds
[2025-04-03T10:30:37.915+0000] {processor.py:161} INFO - Started process (PID=323) to work on /opt/airflow/dags/step_four.py
[2025-04-03T10:30:37.917+0000] {processor.py:830} INFO - Processing file /opt/airflow/dags/step_four.py for tasks to queue
[2025-04-03T10:30:37.919+0000] {logging_mixin.py:188} INFO - [2025-04-03T10:30:37.918+0000] {dagbag.py:540} INFO - Filling up the DagBag from /opt/airflow/dags/step_four.py
[2025-04-03T10:30:37.925+0000] {processor.py:840} INFO - DAG(s) 'clean_and_move_to_final_table' retrieved from /opt/airflow/dags/step_four.py
[2025-04-03T10:30:37.947+0000] {logging_mixin.py:188} INFO - [2025-04-03T10:30:37.947+0000] {dag.py:3047} INFO - Sync 1 DAGs
[2025-04-03T10:30:37.960+0000] {logging_mixin.py:188} INFO - [2025-04-03T10:30:37.959+0000] {dag.py:3834} INFO - Setting next_dagrun for clean_and_move_to_final_table to None, run_after=None
[2025-04-03T10:30:37.983+0000] {processor.py:183} INFO - Processing /opt/airflow/dags/step_four.py took 0.072 seconds
[2025-04-03T10:31:08.398+0000] {processor.py:161} INFO - Started process (PID=384) to work on /opt/airflow/dags/step_four.py
[2025-04-03T10:31:08.400+0000] {processor.py:830} INFO - Processing file /opt/airflow/dags/step_four.py for tasks to queue
[2025-04-03T10:31:08.402+0000] {logging_mixin.py:188} INFO - [2025-04-03T10:31:08.401+0000] {dagbag.py:540} INFO - Filling up the DagBag from /opt/airflow/dags/step_four.py
[2025-04-03T10:31:08.408+0000] {processor.py:840} INFO - DAG(s) 'clean_and_move_to_final_table' retrieved from /opt/airflow/dags/step_four.py
[2025-04-03T10:31:08.430+0000] {logging_mixin.py:188} INFO - [2025-04-03T10:31:08.429+0000] {dag.py:3047} INFO - Sync 1 DAGs
[2025-04-03T10:31:08.442+0000] {logging_mixin.py:188} INFO - [2025-04-03T10:31:08.442+0000] {dag.py:3834} INFO - Setting next_dagrun for clean_and_move_to_final_table to None, run_after=None
[2025-04-03T10:31:08.463+0000] {processor.py:183} INFO - Processing /opt/airflow/dags/step_four.py took 0.070 seconds
[2025-04-03T10:31:38.611+0000] {processor.py:161} INFO - Started process (PID=445) to work on /opt/airflow/dags/step_four.py
[2025-04-03T10:31:38.613+0000] {processor.py:830} INFO - Processing file /opt/airflow/dags/step_four.py for tasks to queue
[2025-04-03T10:31:38.615+0000] {logging_mixin.py:188} INFO - [2025-04-03T10:31:38.615+0000] {dagbag.py:540} INFO - Filling up the DagBag from /opt/airflow/dags/step_four.py
[2025-04-03T10:31:38.623+0000] {processor.py:840} INFO - DAG(s) 'clean_and_move_to_final_table' retrieved from /opt/airflow/dags/step_four.py
[2025-04-03T10:31:38.648+0000] {logging_mixin.py:188} INFO - [2025-04-03T10:31:38.647+0000] {dag.py:3047} INFO - Sync 1 DAGs
[2025-04-03T10:31:38.664+0000] {logging_mixin.py:188} INFO - [2025-04-03T10:31:38.663+0000] {dag.py:3834} INFO - Setting next_dagrun for clean_and_move_to_final_table to None, run_after=None
[2025-04-03T10:31:38.686+0000] {processor.py:183} INFO - Processing /opt/airflow/dags/step_four.py took 0.079 seconds
[2025-04-03T10:32:08.728+0000] {processor.py:161} INFO - Started process (PID=506) to work on /opt/airflow/dags/step_four.py
[2025-04-03T10:32:08.730+0000] {processor.py:830} INFO - Processing file /opt/airflow/dags/step_four.py for tasks to queue
[2025-04-03T10:32:08.734+0000] {logging_mixin.py:188} INFO - [2025-04-03T10:32:08.733+0000] {dagbag.py:540} INFO - Filling up the DagBag from /opt/airflow/dags/step_four.py
[2025-04-03T10:32:08.745+0000] {processor.py:840} INFO - DAG(s) 'clean_and_move_to_final_table' retrieved from /opt/airflow/dags/step_four.py
[2025-04-03T10:32:08.773+0000] {logging_mixin.py:188} INFO - [2025-04-03T10:32:08.772+0000] {dag.py:3047} INFO - Sync 1 DAGs
[2025-04-03T10:32:08.791+0000] {logging_mixin.py:188} INFO - [2025-04-03T10:32:08.791+0000] {dag.py:3834} INFO - Setting next_dagrun for clean_and_move_to_final_table to None, run_after=None
[2025-04-03T10:32:08.816+0000] {processor.py:183} INFO - Processing /opt/airflow/dags/step_four.py took 0.092 seconds
[2025-04-03T10:32:39.722+0000] {processor.py:161} INFO - Started process (PID=567) to work on /opt/airflow/dags/step_four.py
[2025-04-03T10:32:39.724+0000] {processor.py:830} INFO - Processing file /opt/airflow/dags/step_four.py for tasks to queue
[2025-04-03T10:32:39.727+0000] {logging_mixin.py:188} INFO - [2025-04-03T10:32:39.727+0000] {dagbag.py:540} INFO - Filling up the DagBag from /opt/airflow/dags/step_four.py
[2025-04-03T10:32:39.738+0000] {processor.py:840} INFO - DAG(s) 'clean_and_move_to_final_table' retrieved from /opt/airflow/dags/step_four.py
[2025-04-03T10:32:39.762+0000] {logging_mixin.py:188} INFO - [2025-04-03T10:32:39.761+0000] {dag.py:3047} INFO - Sync 1 DAGs
[2025-04-03T10:32:39.777+0000] {logging_mixin.py:188} INFO - [2025-04-03T10:32:39.777+0000] {dag.py:3834} INFO - Setting next_dagrun for clean_and_move_to_final_table to None, run_after=None
[2025-04-03T10:32:39.800+0000] {processor.py:183} INFO - Processing /opt/airflow/dags/step_four.py took 0.081 seconds
[2025-04-03T10:33:10.684+0000] {processor.py:161} INFO - Started process (PID=628) to work on /opt/airflow/dags/step_four.py
[2025-04-03T10:33:10.685+0000] {processor.py:830} INFO - Processing file /opt/airflow/dags/step_four.py for tasks to queue
[2025-04-03T10:33:10.688+0000] {logging_mixin.py:188} INFO - [2025-04-03T10:33:10.688+0000] {dagbag.py:540} INFO - Filling up the DagBag from /opt/airflow/dags/step_four.py
[2025-04-03T10:33:10.695+0000] {processor.py:840} INFO - DAG(s) 'clean_and_move_to_final_table' retrieved from /opt/airflow/dags/step_four.py
[2025-04-03T10:33:10.717+0000] {logging_mixin.py:188} INFO - [2025-04-03T10:33:10.716+0000] {dag.py:3047} INFO - Sync 1 DAGs
[2025-04-03T10:33:10.733+0000] {logging_mixin.py:188} INFO - [2025-04-03T10:33:10.733+0000] {dag.py:3834} INFO - Setting next_dagrun for clean_and_move_to_final_table to None, run_after=None
[2025-04-03T10:33:10.761+0000] {processor.py:183} INFO - Processing /opt/airflow/dags/step_four.py took 0.082 seconds
[2025-04-03T10:33:41.048+0000] {processor.py:161} INFO - Started process (PID=695) to work on /opt/airflow/dags/step_four.py
[2025-04-03T10:33:41.050+0000] {processor.py:830} INFO - Processing file /opt/airflow/dags/step_four.py for tasks to queue
[2025-04-03T10:33:41.053+0000] {logging_mixin.py:188} INFO - [2025-04-03T10:33:41.052+0000] {dagbag.py:540} INFO - Filling up the DagBag from /opt/airflow/dags/step_four.py
[2025-04-03T10:33:41.060+0000] {processor.py:840} INFO - DAG(s) 'clean_and_move_to_final_table' retrieved from /opt/airflow/dags/step_four.py
[2025-04-03T10:33:41.083+0000] {logging_mixin.py:188} INFO - [2025-04-03T10:33:41.083+0000] {dag.py:3047} INFO - Sync 1 DAGs
[2025-04-03T10:33:41.097+0000] {logging_mixin.py:188} INFO - [2025-04-03T10:33:41.097+0000] {dag.py:3834} INFO - Setting next_dagrun for clean_and_move_to_final_table to None, run_after=None
[2025-04-03T10:33:41.121+0000] {processor.py:183} INFO - Processing /opt/airflow/dags/step_four.py took 0.077 seconds
[2025-04-03T10:34:11.241+0000] {processor.py:161} INFO - Started process (PID=756) to work on /opt/airflow/dags/step_four.py
[2025-04-03T10:34:11.243+0000] {processor.py:830} INFO - Processing file /opt/airflow/dags/step_four.py for tasks to queue
[2025-04-03T10:34:11.246+0000] {logging_mixin.py:188} INFO - [2025-04-03T10:34:11.245+0000] {dagbag.py:540} INFO - Filling up the DagBag from /opt/airflow/dags/step_four.py
[2025-04-03T10:34:11.257+0000] {processor.py:840} INFO - DAG(s) 'clean_and_move_to_final_table' retrieved from /opt/airflow/dags/step_four.py
[2025-04-03T10:34:11.293+0000] {logging_mixin.py:188} INFO - [2025-04-03T10:34:11.292+0000] {dag.py:3047} INFO - Sync 1 DAGs
[2025-04-03T10:34:11.308+0000] {logging_mixin.py:188} INFO - [2025-04-03T10:34:11.308+0000] {dag.py:3834} INFO - Setting next_dagrun for clean_and_move_to_final_table to None, run_after=None
[2025-04-03T10:34:11.329+0000] {processor.py:183} INFO - Processing /opt/airflow/dags/step_four.py took 0.092 seconds
[2025-04-03T10:34:41.815+0000] {processor.py:161} INFO - Started process (PID=817) to work on /opt/airflow/dags/step_four.py
[2025-04-03T10:34:41.816+0000] {processor.py:830} INFO - Processing file /opt/airflow/dags/step_four.py for tasks to queue
[2025-04-03T10:34:41.818+0000] {logging_mixin.py:188} INFO - [2025-04-03T10:34:41.818+0000] {dagbag.py:540} INFO - Filling up the DagBag from /opt/airflow/dags/step_four.py
[2025-04-03T10:34:41.826+0000] {processor.py:840} INFO - DAG(s) 'clean_and_move_to_final_table' retrieved from /opt/airflow/dags/step_four.py
[2025-04-03T10:34:41.850+0000] {logging_mixin.py:188} INFO - [2025-04-03T10:34:41.849+0000] {dag.py:3047} INFO - Sync 1 DAGs
[2025-04-03T10:34:41.866+0000] {logging_mixin.py:188} INFO - [2025-04-03T10:34:41.865+0000] {dag.py:3834} INFO - Setting next_dagrun for clean_and_move_to_final_table to None, run_after=None
[2025-04-03T10:34:41.892+0000] {processor.py:183} INFO - Processing /opt/airflow/dags/step_four.py took 0.080 seconds
[2025-04-03T10:35:12.799+0000] {processor.py:161} INFO - Started process (PID=878) to work on /opt/airflow/dags/step_four.py
[2025-04-03T10:35:12.800+0000] {processor.py:830} INFO - Processing file /opt/airflow/dags/step_four.py for tasks to queue
[2025-04-03T10:35:12.802+0000] {logging_mixin.py:188} INFO - [2025-04-03T10:35:12.802+0000] {dagbag.py:540} INFO - Filling up the DagBag from /opt/airflow/dags/step_four.py
[2025-04-03T10:35:12.809+0000] {processor.py:840} INFO - DAG(s) 'clean_and_move_to_final_table' retrieved from /opt/airflow/dags/step_four.py
[2025-04-03T10:35:12.831+0000] {logging_mixin.py:188} INFO - [2025-04-03T10:35:12.830+0000] {dag.py:3047} INFO - Sync 1 DAGs
[2025-04-03T10:35:12.844+0000] {logging_mixin.py:188} INFO - [2025-04-03T10:35:12.844+0000] {dag.py:3834} INFO - Setting next_dagrun for clean_and_move_to_final_table to None, run_after=None
[2025-04-03T10:35:12.869+0000] {processor.py:183} INFO - Processing /opt/airflow/dags/step_four.py took 0.074 seconds
[2025-04-03T10:35:43.116+0000] {processor.py:161} INFO - Started process (PID=939) to work on /opt/airflow/dags/step_four.py
[2025-04-03T10:35:43.118+0000] {processor.py:830} INFO - Processing file /opt/airflow/dags/step_four.py for tasks to queue
[2025-04-03T10:35:43.120+0000] {logging_mixin.py:188} INFO - [2025-04-03T10:35:43.120+0000] {dagbag.py:540} INFO - Filling up the DagBag from /opt/airflow/dags/step_four.py
[2025-04-03T10:35:43.128+0000] {processor.py:840} INFO - DAG(s) 'clean_and_move_to_final_table' retrieved from /opt/airflow/dags/step_four.py
[2025-04-03T10:35:43.153+0000] {logging_mixin.py:188} INFO - [2025-04-03T10:35:43.152+0000] {dag.py:3047} INFO - Sync 1 DAGs
[2025-04-03T10:35:43.168+0000] {logging_mixin.py:188} INFO - [2025-04-03T10:35:43.167+0000] {dag.py:3834} INFO - Setting next_dagrun for clean_and_move_to_final_table to None, run_after=None
[2025-04-03T10:35:43.191+0000] {processor.py:183} INFO - Processing /opt/airflow/dags/step_four.py took 0.079 seconds
[2025-04-03T10:36:14.216+0000] {processor.py:161} INFO - Started process (PID=1000) to work on /opt/airflow/dags/step_four.py
[2025-04-03T10:36:14.218+0000] {processor.py:830} INFO - Processing file /opt/airflow/dags/step_four.py for tasks to queue
[2025-04-03T10:36:14.221+0000] {logging_mixin.py:188} INFO - [2025-04-03T10:36:14.220+0000] {dagbag.py:540} INFO - Filling up the DagBag from /opt/airflow/dags/step_four.py
[2025-04-03T10:36:14.229+0000] {processor.py:840} INFO - DAG(s) 'clean_and_move_to_final_table' retrieved from /opt/airflow/dags/step_four.py
[2025-04-03T10:36:14.252+0000] {logging_mixin.py:188} INFO - [2025-04-03T10:36:14.252+0000] {dag.py:3047} INFO - Sync 1 DAGs
[2025-04-03T10:36:14.267+0000] {logging_mixin.py:188} INFO - [2025-04-03T10:36:14.267+0000] {dag.py:3834} INFO - Setting next_dagrun for clean_and_move_to_final_table to None, run_after=None
[2025-04-03T10:36:14.292+0000] {processor.py:183} INFO - Processing /opt/airflow/dags/step_four.py took 0.081 seconds
[2025-04-03T10:36:44.566+0000] {processor.py:161} INFO - Started process (PID=1061) to work on /opt/airflow/dags/step_four.py
[2025-04-03T10:36:44.568+0000] {processor.py:830} INFO - Processing file /opt/airflow/dags/step_four.py for tasks to queue
[2025-04-03T10:36:44.571+0000] {logging_mixin.py:188} INFO - [2025-04-03T10:36:44.570+0000] {dagbag.py:540} INFO - Filling up the DagBag from /opt/airflow/dags/step_four.py
[2025-04-03T10:36:44.578+0000] {processor.py:840} INFO - DAG(s) 'clean_and_move_to_final_table' retrieved from /opt/airflow/dags/step_four.py
[2025-04-03T10:36:44.601+0000] {logging_mixin.py:188} INFO - [2025-04-03T10:36:44.601+0000] {dag.py:3047} INFO - Sync 1 DAGs
[2025-04-03T10:36:44.620+0000] {logging_mixin.py:188} INFO - [2025-04-03T10:36:44.620+0000] {dag.py:3834} INFO - Setting next_dagrun for clean_and_move_to_final_table to None, run_after=None
[2025-04-03T10:36:44.650+0000] {processor.py:183} INFO - Processing /opt/airflow/dags/step_four.py took 0.088 seconds
[2025-04-03T10:37:14.967+0000] {processor.py:161} INFO - Started process (PID=1122) to work on /opt/airflow/dags/step_four.py
[2025-04-03T10:37:14.968+0000] {processor.py:830} INFO - Processing file /opt/airflow/dags/step_four.py for tasks to queue
[2025-04-03T10:37:14.970+0000] {logging_mixin.py:188} INFO - [2025-04-03T10:37:14.970+0000] {dagbag.py:540} INFO - Filling up the DagBag from /opt/airflow/dags/step_four.py
[2025-04-03T10:37:14.977+0000] {processor.py:840} INFO - DAG(s) 'clean_and_move_to_final_table' retrieved from /opt/airflow/dags/step_four.py
[2025-04-03T10:37:15.001+0000] {logging_mixin.py:188} INFO - [2025-04-03T10:37:15.001+0000] {dag.py:3047} INFO - Sync 1 DAGs
[2025-04-03T10:37:15.014+0000] {logging_mixin.py:188} INFO - [2025-04-03T10:37:15.014+0000] {dag.py:3834} INFO - Setting next_dagrun for clean_and_move_to_final_table to None, run_after=None
[2025-04-03T10:37:15.036+0000] {processor.py:183} INFO - Processing /opt/airflow/dags/step_four.py took 0.073 seconds
[2025-04-03T10:37:45.145+0000] {processor.py:161} INFO - Started process (PID=1183) to work on /opt/airflow/dags/step_four.py
[2025-04-03T10:37:45.146+0000] {processor.py:830} INFO - Processing file /opt/airflow/dags/step_four.py for tasks to queue
[2025-04-03T10:37:45.148+0000] {logging_mixin.py:188} INFO - [2025-04-03T10:37:45.148+0000] {dagbag.py:540} INFO - Filling up the DagBag from /opt/airflow/dags/step_four.py
[2025-04-03T10:37:45.155+0000] {processor.py:840} INFO - DAG(s) 'clean_and_move_to_final_table' retrieved from /opt/airflow/dags/step_four.py
[2025-04-03T10:37:45.180+0000] {logging_mixin.py:188} INFO - [2025-04-03T10:37:45.179+0000] {dag.py:3047} INFO - Sync 1 DAGs
[2025-04-03T10:37:45.193+0000] {logging_mixin.py:188} INFO - [2025-04-03T10:37:45.193+0000] {dag.py:3834} INFO - Setting next_dagrun for clean_and_move_to_final_table to None, run_after=None
[2025-04-03T10:37:45.219+0000] {processor.py:183} INFO - Processing /opt/airflow/dags/step_four.py took 0.078 seconds
[2025-04-03T10:38:15.475+0000] {processor.py:161} INFO - Started process (PID=1244) to work on /opt/airflow/dags/step_four.py
[2025-04-03T10:38:15.477+0000] {processor.py:830} INFO - Processing file /opt/airflow/dags/step_four.py for tasks to queue
[2025-04-03T10:38:15.480+0000] {logging_mixin.py:188} INFO - [2025-04-03T10:38:15.480+0000] {dagbag.py:540} INFO - Filling up the DagBag from /opt/airflow/dags/step_four.py
[2025-04-03T10:38:15.487+0000] {processor.py:840} INFO - DAG(s) 'clean_and_move_to_final_table' retrieved from /opt/airflow/dags/step_four.py
[2025-04-03T10:38:15.512+0000] {logging_mixin.py:188} INFO - [2025-04-03T10:38:15.511+0000] {dag.py:3047} INFO - Sync 1 DAGs
[2025-04-03T10:38:15.525+0000] {logging_mixin.py:188} INFO - [2025-04-03T10:38:15.525+0000] {dag.py:3834} INFO - Setting next_dagrun for clean_and_move_to_final_table to None, run_after=None
[2025-04-03T10:38:15.549+0000] {processor.py:183} INFO - Processing /opt/airflow/dags/step_four.py took 0.077 seconds
[2025-04-03T10:38:45.901+0000] {processor.py:161} INFO - Started process (PID=1312) to work on /opt/airflow/dags/step_four.py
[2025-04-03T10:38:45.903+0000] {processor.py:830} INFO - Processing file /opt/airflow/dags/step_four.py for tasks to queue
[2025-04-03T10:38:45.905+0000] {logging_mixin.py:188} INFO - [2025-04-03T10:38:45.904+0000] {dagbag.py:540} INFO - Filling up the DagBag from /opt/airflow/dags/step_four.py
[2025-04-03T10:38:45.914+0000] {processor.py:840} INFO - DAG(s) 'clean_and_move_to_final_table' retrieved from /opt/airflow/dags/step_four.py
[2025-04-03T10:38:45.938+0000] {logging_mixin.py:188} INFO - [2025-04-03T10:38:45.937+0000] {dag.py:3047} INFO - Sync 1 DAGs
[2025-04-03T10:38:45.952+0000] {logging_mixin.py:188} INFO - [2025-04-03T10:38:45.951+0000] {dag.py:3834} INFO - Setting next_dagrun for clean_and_move_to_final_table to None, run_after=None
[2025-04-03T10:38:45.975+0000] {processor.py:183} INFO - Processing /opt/airflow/dags/step_four.py took 0.078 seconds
[2025-04-03T10:39:16.094+0000] {processor.py:161} INFO - Started process (PID=1373) to work on /opt/airflow/dags/step_four.py
[2025-04-03T10:39:16.097+0000] {processor.py:830} INFO - Processing file /opt/airflow/dags/step_four.py for tasks to queue
[2025-04-03T10:39:16.100+0000] {logging_mixin.py:188} INFO - [2025-04-03T10:39:16.099+0000] {dagbag.py:540} INFO - Filling up the DagBag from /opt/airflow/dags/step_four.py
[2025-04-03T10:39:16.108+0000] {processor.py:840} INFO - DAG(s) 'clean_and_move_to_final_table' retrieved from /opt/airflow/dags/step_four.py
[2025-04-03T10:39:16.136+0000] {logging_mixin.py:188} INFO - [2025-04-03T10:39:16.135+0000] {dag.py:3047} INFO - Sync 1 DAGs
[2025-04-03T10:39:16.153+0000] {logging_mixin.py:188} INFO - [2025-04-03T10:39:16.153+0000] {dag.py:3834} INFO - Setting next_dagrun for clean_and_move_to_final_table to None, run_after=None
[2025-04-03T10:39:16.188+0000] {processor.py:183} INFO - Processing /opt/airflow/dags/step_four.py took 0.098 seconds
[2025-04-03T10:39:46.503+0000] {processor.py:161} INFO - Started process (PID=1434) to work on /opt/airflow/dags/step_four.py
[2025-04-03T10:39:46.504+0000] {processor.py:830} INFO - Processing file /opt/airflow/dags/step_four.py for tasks to queue
[2025-04-03T10:39:46.506+0000] {logging_mixin.py:188} INFO - [2025-04-03T10:39:46.506+0000] {dagbag.py:540} INFO - Filling up the DagBag from /opt/airflow/dags/step_four.py
[2025-04-03T10:39:46.513+0000] {processor.py:840} INFO - DAG(s) 'clean_and_move_to_final_table' retrieved from /opt/airflow/dags/step_four.py
[2025-04-03T10:39:46.535+0000] {logging_mixin.py:188} INFO - [2025-04-03T10:39:46.534+0000] {dag.py:3047} INFO - Sync 1 DAGs
[2025-04-03T10:39:46.548+0000] {logging_mixin.py:188} INFO - [2025-04-03T10:39:46.548+0000] {dag.py:3834} INFO - Setting next_dagrun for clean_and_move_to_final_table to None, run_after=None
[2025-04-03T10:39:46.575+0000] {processor.py:183} INFO - Processing /opt/airflow/dags/step_four.py took 0.076 seconds
[2025-04-03T10:40:17.492+0000] {processor.py:161} INFO - Started process (PID=1495) to work on /opt/airflow/dags/step_four.py
[2025-04-03T10:40:17.495+0000] {processor.py:830} INFO - Processing file /opt/airflow/dags/step_four.py for tasks to queue
[2025-04-03T10:40:17.502+0000] {logging_mixin.py:188} INFO - [2025-04-03T10:40:17.500+0000] {dagbag.py:540} INFO - Filling up the DagBag from /opt/airflow/dags/step_four.py
[2025-04-03T10:40:17.528+0000] {processor.py:840} INFO - DAG(s) 'clean_and_move_to_final_table' retrieved from /opt/airflow/dags/step_four.py
[2025-04-03T10:40:17.576+0000] {logging_mixin.py:188} INFO - [2025-04-03T10:40:17.575+0000] {dag.py:3047} INFO - Sync 1 DAGs
[2025-04-03T10:40:17.602+0000] {logging_mixin.py:188} INFO - [2025-04-03T10:40:17.601+0000] {dag.py:3834} INFO - Setting next_dagrun for clean_and_move_to_final_table to None, run_after=None
[2025-04-03T10:40:17.643+0000] {processor.py:183} INFO - Processing /opt/airflow/dags/step_four.py took 0.160 seconds
[2025-04-03T10:40:47.896+0000] {processor.py:161} INFO - Started process (PID=1556) to work on /opt/airflow/dags/step_four.py
[2025-04-03T10:40:47.898+0000] {processor.py:830} INFO - Processing file /opt/airflow/dags/step_four.py for tasks to queue
[2025-04-03T10:40:47.902+0000] {logging_mixin.py:188} INFO - [2025-04-03T10:40:47.901+0000] {dagbag.py:540} INFO - Filling up the DagBag from /opt/airflow/dags/step_four.py
[2025-04-03T10:40:47.910+0000] {processor.py:840} INFO - DAG(s) 'clean_and_move_to_final_table' retrieved from /opt/airflow/dags/step_four.py
[2025-04-03T10:40:47.939+0000] {logging_mixin.py:188} INFO - [2025-04-03T10:40:47.938+0000] {dag.py:3047} INFO - Sync 1 DAGs
[2025-04-03T10:40:47.956+0000] {logging_mixin.py:188} INFO - [2025-04-03T10:40:47.955+0000] {dag.py:3834} INFO - Setting next_dagrun for clean_and_move_to_final_table to None, run_after=None
[2025-04-03T10:40:47.980+0000] {processor.py:183} INFO - Processing /opt/airflow/dags/step_four.py took 0.089 seconds
[2025-04-03T10:41:18.019+0000] {processor.py:161} INFO - Started process (PID=1617) to work on /opt/airflow/dags/step_four.py
[2025-04-03T10:41:18.021+0000] {processor.py:830} INFO - Processing file /opt/airflow/dags/step_four.py for tasks to queue
[2025-04-03T10:41:18.023+0000] {logging_mixin.py:188} INFO - [2025-04-03T10:41:18.023+0000] {dagbag.py:540} INFO - Filling up the DagBag from /opt/airflow/dags/step_four.py
[2025-04-03T10:41:18.030+0000] {processor.py:840} INFO - DAG(s) 'clean_and_move_to_final_table' retrieved from /opt/airflow/dags/step_four.py
[2025-04-03T10:41:18.054+0000] {logging_mixin.py:188} INFO - [2025-04-03T10:41:18.054+0000] {dag.py:3047} INFO - Sync 1 DAGs
[2025-04-03T10:41:18.071+0000] {logging_mixin.py:188} INFO - [2025-04-03T10:41:18.071+0000] {dag.py:3834} INFO - Setting next_dagrun for clean_and_move_to_final_table to None, run_after=None
[2025-04-03T10:41:18.098+0000] {processor.py:183} INFO - Processing /opt/airflow/dags/step_four.py took 0.083 seconds
[2025-04-03T10:41:48.484+0000] {processor.py:161} INFO - Started process (PID=1678) to work on /opt/airflow/dags/step_four.py
[2025-04-03T10:41:48.486+0000] {processor.py:830} INFO - Processing file /opt/airflow/dags/step_four.py for tasks to queue
[2025-04-03T10:41:48.488+0000] {logging_mixin.py:188} INFO - [2025-04-03T10:41:48.487+0000] {dagbag.py:540} INFO - Filling up the DagBag from /opt/airflow/dags/step_four.py
[2025-04-03T10:41:48.495+0000] {processor.py:840} INFO - DAG(s) 'clean_and_move_to_final_table' retrieved from /opt/airflow/dags/step_four.py
[2025-04-03T10:41:48.521+0000] {logging_mixin.py:188} INFO - [2025-04-03T10:41:48.520+0000] {dag.py:3047} INFO - Sync 1 DAGs
[2025-04-03T10:41:48.534+0000] {logging_mixin.py:188} INFO - [2025-04-03T10:41:48.534+0000] {dag.py:3834} INFO - Setting next_dagrun for clean_and_move_to_final_table to None, run_after=None
[2025-04-03T10:41:48.556+0000] {processor.py:183} INFO - Processing /opt/airflow/dags/step_four.py took 0.076 seconds
[2025-04-03T10:42:18.838+0000] {processor.py:161} INFO - Started process (PID=1739) to work on /opt/airflow/dags/step_four.py
[2025-04-03T10:42:18.839+0000] {processor.py:830} INFO - Processing file /opt/airflow/dags/step_four.py for tasks to queue
[2025-04-03T10:42:18.841+0000] {logging_mixin.py:188} INFO - [2025-04-03T10:42:18.841+0000] {dagbag.py:540} INFO - Filling up the DagBag from /opt/airflow/dags/step_four.py
[2025-04-03T10:42:18.848+0000] {processor.py:840} INFO - DAG(s) 'clean_and_move_to_final_table' retrieved from /opt/airflow/dags/step_four.py
[2025-04-03T10:42:18.871+0000] {logging_mixin.py:188} INFO - [2025-04-03T10:42:18.871+0000] {dag.py:3047} INFO - Sync 1 DAGs
[2025-04-03T10:42:18.884+0000] {logging_mixin.py:188} INFO - [2025-04-03T10:42:18.884+0000] {dag.py:3834} INFO - Setting next_dagrun for clean_and_move_to_final_table to None, run_after=None
[2025-04-03T10:42:18.908+0000] {processor.py:183} INFO - Processing /opt/airflow/dags/step_four.py took 0.075 seconds
[2025-04-03T10:42:49.828+0000] {processor.py:161} INFO - Started process (PID=1802) to work on /opt/airflow/dags/step_four.py
[2025-04-03T10:42:49.830+0000] {processor.py:830} INFO - Processing file /opt/airflow/dags/step_four.py for tasks to queue
[2025-04-03T10:42:49.832+0000] {logging_mixin.py:188} INFO - [2025-04-03T10:42:49.832+0000] {dagbag.py:540} INFO - Filling up the DagBag from /opt/airflow/dags/step_four.py
[2025-04-03T10:42:49.839+0000] {processor.py:840} INFO - DAG(s) 'clean_and_move_to_final_table' retrieved from /opt/airflow/dags/step_four.py
[2025-04-03T10:42:49.878+0000] {logging_mixin.py:188} INFO - [2025-04-03T10:42:49.878+0000] {dag.py:3047} INFO - Sync 1 DAGs
[2025-04-03T10:42:49.953+0000] {logging_mixin.py:188} INFO - [2025-04-03T10:42:49.952+0000] {dag.py:3834} INFO - Setting next_dagrun for clean_and_move_to_final_table to None, run_after=None
[2025-04-03T10:42:50.011+0000] {processor.py:183} INFO - Processing /opt/airflow/dags/step_four.py took 0.188 seconds
[2025-04-03T10:43:20.507+0000] {processor.py:161} INFO - Started process (PID=1863) to work on /opt/airflow/dags/step_four.py
[2025-04-03T10:43:20.509+0000] {processor.py:830} INFO - Processing file /opt/airflow/dags/step_four.py for tasks to queue
[2025-04-03T10:43:20.511+0000] {logging_mixin.py:188} INFO - [2025-04-03T10:43:20.511+0000] {dagbag.py:540} INFO - Filling up the DagBag from /opt/airflow/dags/step_four.py
[2025-04-03T10:43:20.520+0000] {processor.py:840} INFO - DAG(s) 'clean_and_move_to_final_table' retrieved from /opt/airflow/dags/step_four.py
[2025-04-03T10:43:20.545+0000] {logging_mixin.py:188} INFO - [2025-04-03T10:43:20.545+0000] {dag.py:3047} INFO - Sync 1 DAGs
[2025-04-03T10:43:20.562+0000] {logging_mixin.py:188} INFO - [2025-04-03T10:43:20.562+0000] {dag.py:3834} INFO - Setting next_dagrun for clean_and_move_to_final_table to None, run_after=None
[2025-04-03T10:43:20.596+0000] {processor.py:183} INFO - Processing /opt/airflow/dags/step_four.py took 0.093 seconds
[2025-04-03T10:43:51.360+0000] {processor.py:161} INFO - Started process (PID=1930) to work on /opt/airflow/dags/step_four.py
[2025-04-03T10:43:51.362+0000] {processor.py:830} INFO - Processing file /opt/airflow/dags/step_four.py for tasks to queue
[2025-04-03T10:43:51.365+0000] {logging_mixin.py:188} INFO - [2025-04-03T10:43:51.365+0000] {dagbag.py:540} INFO - Filling up the DagBag from /opt/airflow/dags/step_four.py
[2025-04-03T10:43:51.373+0000] {processor.py:840} INFO - DAG(s) 'clean_and_move_to_final_table' retrieved from /opt/airflow/dags/step_four.py
[2025-04-03T10:43:51.404+0000] {logging_mixin.py:188} INFO - [2025-04-03T10:43:51.403+0000] {dag.py:3047} INFO - Sync 1 DAGs
[2025-04-03T10:43:51.420+0000] {logging_mixin.py:188} INFO - [2025-04-03T10:43:51.420+0000] {dag.py:3834} INFO - Setting next_dagrun for clean_and_move_to_final_table to None, run_after=None
[2025-04-03T10:43:51.444+0000] {processor.py:183} INFO - Processing /opt/airflow/dags/step_four.py took 0.089 seconds
[2025-04-03T10:44:21.574+0000] {processor.py:161} INFO - Started process (PID=1991) to work on /opt/airflow/dags/step_four.py
[2025-04-03T10:44:21.576+0000] {processor.py:830} INFO - Processing file /opt/airflow/dags/step_four.py for tasks to queue
[2025-04-03T10:44:21.579+0000] {logging_mixin.py:188} INFO - [2025-04-03T10:44:21.579+0000] {dagbag.py:540} INFO - Filling up the DagBag from /opt/airflow/dags/step_four.py
[2025-04-03T10:44:21.591+0000] {processor.py:840} INFO - DAG(s) 'clean_and_move_to_final_table' retrieved from /opt/airflow/dags/step_four.py
[2025-04-03T10:44:21.620+0000] {logging_mixin.py:188} INFO - [2025-04-03T10:44:21.620+0000] {dag.py:3047} INFO - Sync 1 DAGs
[2025-04-03T10:44:21.638+0000] {logging_mixin.py:188} INFO - [2025-04-03T10:44:21.637+0000] {dag.py:3834} INFO - Setting next_dagrun for clean_and_move_to_final_table to None, run_after=None
[2025-04-03T10:44:21.666+0000] {processor.py:183} INFO - Processing /opt/airflow/dags/step_four.py took 0.099 seconds
[2025-04-03T10:44:51.991+0000] {processor.py:161} INFO - Started process (PID=2052) to work on /opt/airflow/dags/step_four.py
[2025-04-03T10:44:51.993+0000] {processor.py:830} INFO - Processing file /opt/airflow/dags/step_four.py for tasks to queue
[2025-04-03T10:44:51.995+0000] {logging_mixin.py:188} INFO - [2025-04-03T10:44:51.994+0000] {dagbag.py:540} INFO - Filling up the DagBag from /opt/airflow/dags/step_four.py
[2025-04-03T10:44:52.001+0000] {processor.py:840} INFO - DAG(s) 'clean_and_move_to_final_table' retrieved from /opt/airflow/dags/step_four.py
[2025-04-03T10:44:52.025+0000] {logging_mixin.py:188} INFO - [2025-04-03T10:44:52.024+0000] {dag.py:3047} INFO - Sync 1 DAGs
[2025-04-03T10:44:52.039+0000] {logging_mixin.py:188} INFO - [2025-04-03T10:44:52.039+0000] {dag.py:3834} INFO - Setting next_dagrun for clean_and_move_to_final_table to None, run_after=None
[2025-04-03T10:44:52.064+0000] {processor.py:183} INFO - Processing /opt/airflow/dags/step_four.py took 0.077 seconds
[2025-04-03T10:45:22.529+0000] {processor.py:161} INFO - Started process (PID=2113) to work on /opt/airflow/dags/step_four.py
[2025-04-03T10:45:22.530+0000] {processor.py:830} INFO - Processing file /opt/airflow/dags/step_four.py for tasks to queue
[2025-04-03T10:45:22.533+0000] {logging_mixin.py:188} INFO - [2025-04-03T10:45:22.532+0000] {dagbag.py:540} INFO - Filling up the DagBag from /opt/airflow/dags/step_four.py
[2025-04-03T10:45:22.539+0000] {processor.py:840} INFO - DAG(s) 'clean_and_move_to_final_table' retrieved from /opt/airflow/dags/step_four.py
[2025-04-03T10:45:22.563+0000] {logging_mixin.py:188} INFO - [2025-04-03T10:45:22.562+0000] {dag.py:3047} INFO - Sync 1 DAGs
[2025-04-03T10:45:22.576+0000] {logging_mixin.py:188} INFO - [2025-04-03T10:45:22.576+0000] {dag.py:3834} INFO - Setting next_dagrun for clean_and_move_to_final_table to None, run_after=None
[2025-04-03T10:45:22.599+0000] {processor.py:183} INFO - Processing /opt/airflow/dags/step_four.py took 0.074 seconds
[2025-04-03T10:45:52.778+0000] {processor.py:161} INFO - Started process (PID=2174) to work on /opt/airflow/dags/step_four.py
[2025-04-03T10:45:52.780+0000] {processor.py:830} INFO - Processing file /opt/airflow/dags/step_four.py for tasks to queue
[2025-04-03T10:45:52.782+0000] {logging_mixin.py:188} INFO - [2025-04-03T10:45:52.781+0000] {dagbag.py:540} INFO - Filling up the DagBag from /opt/airflow/dags/step_four.py
[2025-04-03T10:45:52.788+0000] {processor.py:840} INFO - DAG(s) 'clean_and_move_to_final_table' retrieved from /opt/airflow/dags/step_four.py
[2025-04-03T10:45:52.810+0000] {logging_mixin.py:188} INFO - [2025-04-03T10:45:52.810+0000] {dag.py:3047} INFO - Sync 1 DAGs
[2025-04-03T10:45:52.823+0000] {logging_mixin.py:188} INFO - [2025-04-03T10:45:52.822+0000] {dag.py:3834} INFO - Setting next_dagrun for clean_and_move_to_final_table to None, run_after=None
[2025-04-03T10:45:52.844+0000] {processor.py:183} INFO - Processing /opt/airflow/dags/step_four.py took 0.070 seconds
[2025-04-03T10:46:22.892+0000] {processor.py:161} INFO - Started process (PID=2235) to work on /opt/airflow/dags/step_four.py
[2025-04-03T10:46:22.893+0000] {processor.py:830} INFO - Processing file /opt/airflow/dags/step_four.py for tasks to queue
[2025-04-03T10:46:22.895+0000] {logging_mixin.py:188} INFO - [2025-04-03T10:46:22.895+0000] {dagbag.py:540} INFO - Filling up the DagBag from /opt/airflow/dags/step_four.py
[2025-04-03T10:46:22.902+0000] {processor.py:840} INFO - DAG(s) 'clean_and_move_to_final_table' retrieved from /opt/airflow/dags/step_four.py
[2025-04-03T10:46:22.927+0000] {logging_mixin.py:188} INFO - [2025-04-03T10:46:22.927+0000] {dag.py:3047} INFO - Sync 1 DAGs
[2025-04-03T10:46:22.940+0000] {logging_mixin.py:188} INFO - [2025-04-03T10:46:22.940+0000] {dag.py:3834} INFO - Setting next_dagrun for clean_and_move_to_final_table to None, run_after=None
[2025-04-03T10:46:22.962+0000] {processor.py:183} INFO - Processing /opt/airflow/dags/step_four.py took 0.074 seconds
[2025-04-03T10:46:53.373+0000] {processor.py:161} INFO - Started process (PID=2296) to work on /opt/airflow/dags/step_four.py
[2025-04-03T10:46:53.374+0000] {processor.py:830} INFO - Processing file /opt/airflow/dags/step_four.py for tasks to queue
[2025-04-03T10:46:53.377+0000] {logging_mixin.py:188} INFO - [2025-04-03T10:46:53.376+0000] {dagbag.py:540} INFO - Filling up the DagBag from /opt/airflow/dags/step_four.py
[2025-04-03T10:46:53.383+0000] {processor.py:840} INFO - DAG(s) 'clean_and_move_to_final_table' retrieved from /opt/airflow/dags/step_four.py
[2025-04-03T10:46:53.406+0000] {logging_mixin.py:188} INFO - [2025-04-03T10:46:53.405+0000] {dag.py:3047} INFO - Sync 1 DAGs
[2025-04-03T10:46:53.418+0000] {logging_mixin.py:188} INFO - [2025-04-03T10:46:53.418+0000] {dag.py:3834} INFO - Setting next_dagrun for clean_and_move_to_final_table to None, run_after=None
[2025-04-03T10:46:53.438+0000] {processor.py:183} INFO - Processing /opt/airflow/dags/step_four.py took 0.069 seconds
[2025-04-03T10:47:23.593+0000] {processor.py:161} INFO - Started process (PID=2357) to work on /opt/airflow/dags/step_four.py
[2025-04-03T10:47:23.595+0000] {processor.py:830} INFO - Processing file /opt/airflow/dags/step_four.py for tasks to queue
[2025-04-03T10:47:23.597+0000] {logging_mixin.py:188} INFO - [2025-04-03T10:47:23.597+0000] {dagbag.py:540} INFO - Filling up the DagBag from /opt/airflow/dags/step_four.py
[2025-04-03T10:47:23.606+0000] {processor.py:840} INFO - DAG(s) 'clean_and_move_to_final_table' retrieved from /opt/airflow/dags/step_four.py
[2025-04-03T10:47:23.634+0000] {logging_mixin.py:188} INFO - [2025-04-03T10:47:23.634+0000] {dag.py:3047} INFO - Sync 1 DAGs
[2025-04-03T10:47:23.649+0000] {logging_mixin.py:188} INFO - [2025-04-03T10:47:23.649+0000] {dag.py:3834} INFO - Setting next_dagrun for clean_and_move_to_final_table to None, run_after=None
[2025-04-03T10:47:23.680+0000] {processor.py:183} INFO - Processing /opt/airflow/dags/step_four.py took 0.091 seconds
[2025-04-03T10:47:54.386+0000] {processor.py:161} INFO - Started process (PID=2418) to work on /opt/airflow/dags/step_four.py
[2025-04-03T10:47:54.389+0000] {processor.py:830} INFO - Processing file /opt/airflow/dags/step_four.py for tasks to queue
[2025-04-03T10:47:54.393+0000] {logging_mixin.py:188} INFO - [2025-04-03T10:47:54.393+0000] {dagbag.py:540} INFO - Filling up the DagBag from /opt/airflow/dags/step_four.py
[2025-04-03T10:47:54.416+0000] {processor.py:840} INFO - DAG(s) 'clean_and_move_to_final_table' retrieved from /opt/airflow/dags/step_four.py
[2025-04-03T10:47:54.482+0000] {logging_mixin.py:188} INFO - [2025-04-03T10:47:54.481+0000] {dag.py:3047} INFO - Sync 1 DAGs
[2025-04-03T10:47:54.520+0000] {logging_mixin.py:188} INFO - [2025-04-03T10:47:54.520+0000] {dag.py:3834} INFO - Setting next_dagrun for clean_and_move_to_final_table to None, run_after=None
[2025-04-03T10:47:54.597+0000] {processor.py:183} INFO - Processing /opt/airflow/dags/step_four.py took 0.221 seconds
[2025-04-03T10:48:24.705+0000] {processor.py:161} INFO - Started process (PID=2479) to work on /opt/airflow/dags/step_four.py
[2025-04-03T10:48:24.707+0000] {processor.py:830} INFO - Processing file /opt/airflow/dags/step_four.py for tasks to queue
[2025-04-03T10:48:24.709+0000] {logging_mixin.py:188} INFO - [2025-04-03T10:48:24.708+0000] {dagbag.py:540} INFO - Filling up the DagBag from /opt/airflow/dags/step_four.py
[2025-04-03T10:48:24.715+0000] {processor.py:840} INFO - DAG(s) 'clean_and_move_to_final_table' retrieved from /opt/airflow/dags/step_four.py
[2025-04-03T10:48:24.738+0000] {logging_mixin.py:188} INFO - [2025-04-03T10:48:24.738+0000] {dag.py:3047} INFO - Sync 1 DAGs
[2025-04-03T10:48:24.752+0000] {logging_mixin.py:188} INFO - [2025-04-03T10:48:24.751+0000] {dag.py:3834} INFO - Setting next_dagrun for clean_and_move_to_final_table to None, run_after=None
[2025-04-03T10:48:24.779+0000] {processor.py:183} INFO - Processing /opt/airflow/dags/step_four.py took 0.077 seconds
[2025-04-03T10:48:55.501+0000] {processor.py:161} INFO - Started process (PID=2540) to work on /opt/airflow/dags/step_four.py
[2025-04-03T10:48:55.503+0000] {processor.py:830} INFO - Processing file /opt/airflow/dags/step_four.py for tasks to queue
[2025-04-03T10:48:55.506+0000] {logging_mixin.py:188} INFO - [2025-04-03T10:48:55.505+0000] {dagbag.py:540} INFO - Filling up the DagBag from /opt/airflow/dags/step_four.py
[2025-04-03T10:48:55.517+0000] {processor.py:840} INFO - DAG(s) 'clean_and_move_to_final_table' retrieved from /opt/airflow/dags/step_four.py
[2025-04-03T10:48:55.546+0000] {logging_mixin.py:188} INFO - [2025-04-03T10:48:55.545+0000] {dag.py:3047} INFO - Sync 1 DAGs
[2025-04-03T10:48:55.570+0000] {logging_mixin.py:188} INFO - [2025-04-03T10:48:55.570+0000] {dag.py:3834} INFO - Setting next_dagrun for clean_and_move_to_final_table to None, run_after=None
[2025-04-03T10:48:55.602+0000] {processor.py:183} INFO - Processing /opt/airflow/dags/step_four.py took 0.105 seconds
[2025-04-03T10:49:25.863+0000] {processor.py:161} INFO - Started process (PID=2608) to work on /opt/airflow/dags/step_four.py
[2025-04-03T10:49:25.866+0000] {processor.py:830} INFO - Processing file /opt/airflow/dags/step_four.py for tasks to queue
[2025-04-03T10:49:25.869+0000] {logging_mixin.py:188} INFO - [2025-04-03T10:49:25.869+0000] {dagbag.py:540} INFO - Filling up the DagBag from /opt/airflow/dags/step_four.py
[2025-04-03T10:49:25.879+0000] {processor.py:840} INFO - DAG(s) 'clean_and_move_to_final_table' retrieved from /opt/airflow/dags/step_four.py
[2025-04-03T10:49:25.904+0000] {logging_mixin.py:188} INFO - [2025-04-03T10:49:25.904+0000] {dag.py:3047} INFO - Sync 1 DAGs
[2025-04-03T10:49:25.917+0000] {logging_mixin.py:188} INFO - [2025-04-03T10:49:25.917+0000] {dag.py:3834} INFO - Setting next_dagrun for clean_and_move_to_final_table to None, run_after=None
[2025-04-03T10:49:25.944+0000] {processor.py:183} INFO - Processing /opt/airflow/dags/step_four.py took 0.085 seconds
[2025-04-03T10:49:56.603+0000] {processor.py:161} INFO - Started process (PID=2667) to work on /opt/airflow/dags/step_four.py
[2025-04-03T10:49:56.605+0000] {processor.py:830} INFO - Processing file /opt/airflow/dags/step_four.py for tasks to queue
[2025-04-03T10:49:56.607+0000] {logging_mixin.py:188} INFO - [2025-04-03T10:49:56.607+0000] {dagbag.py:540} INFO - Filling up the DagBag from /opt/airflow/dags/step_four.py
[2025-04-03T10:49:56.614+0000] {processor.py:840} INFO - DAG(s) 'clean_and_move_to_final_table' retrieved from /opt/airflow/dags/step_four.py
[2025-04-03T10:49:56.639+0000] {logging_mixin.py:188} INFO - [2025-04-03T10:49:56.639+0000] {dag.py:3047} INFO - Sync 1 DAGs
[2025-04-03T10:49:56.653+0000] {logging_mixin.py:188} INFO - [2025-04-03T10:49:56.653+0000] {dag.py:3834} INFO - Setting next_dagrun for clean_and_move_to_final_table to None, run_after=None
[2025-04-03T10:49:56.679+0000] {processor.py:183} INFO - Processing /opt/airflow/dags/step_four.py took 0.081 seconds
[2025-04-03T10:50:27.471+0000] {processor.py:161} INFO - Started process (PID=2728) to work on /opt/airflow/dags/step_four.py
[2025-04-03T10:50:27.473+0000] {processor.py:830} INFO - Processing file /opt/airflow/dags/step_four.py for tasks to queue
[2025-04-03T10:50:27.477+0000] {logging_mixin.py:188} INFO - [2025-04-03T10:50:27.476+0000] {dagbag.py:540} INFO - Filling up the DagBag from /opt/airflow/dags/step_four.py
[2025-04-03T10:50:27.490+0000] {processor.py:840} INFO - DAG(s) 'clean_and_move_to_final_table' retrieved from /opt/airflow/dags/step_four.py
[2025-04-03T10:50:27.527+0000] {logging_mixin.py:188} INFO - [2025-04-03T10:50:27.526+0000] {dag.py:3047} INFO - Sync 1 DAGs
[2025-04-03T10:50:27.546+0000] {logging_mixin.py:188} INFO - [2025-04-03T10:50:27.546+0000] {dag.py:3834} INFO - Setting next_dagrun for clean_and_move_to_final_table to None, run_after=None
[2025-04-03T10:50:27.572+0000] {processor.py:183} INFO - Processing /opt/airflow/dags/step_four.py took 0.108 seconds
[2025-04-03T10:50:58.424+0000] {processor.py:161} INFO - Started process (PID=2789) to work on /opt/airflow/dags/step_four.py
[2025-04-03T10:50:58.426+0000] {processor.py:830} INFO - Processing file /opt/airflow/dags/step_four.py for tasks to queue
[2025-04-03T10:50:58.428+0000] {logging_mixin.py:188} INFO - [2025-04-03T10:50:58.427+0000] {dagbag.py:540} INFO - Filling up the DagBag from /opt/airflow/dags/step_four.py
[2025-04-03T10:50:58.434+0000] {processor.py:840} INFO - DAG(s) 'clean_and_move_to_final_table' retrieved from /opt/airflow/dags/step_four.py
[2025-04-03T10:50:58.458+0000] {logging_mixin.py:188} INFO - [2025-04-03T10:50:58.457+0000] {dag.py:3047} INFO - Sync 1 DAGs
[2025-04-03T10:50:58.471+0000] {logging_mixin.py:188} INFO - [2025-04-03T10:50:58.470+0000] {dag.py:3834} INFO - Setting next_dagrun for clean_and_move_to_final_table to None, run_after=None
[2025-04-03T10:50:58.493+0000] {processor.py:183} INFO - Processing /opt/airflow/dags/step_four.py took 0.072 seconds
[2025-04-03T10:51:29.152+0000] {processor.py:161} INFO - Started process (PID=2850) to work on /opt/airflow/dags/step_four.py
[2025-04-03T10:51:29.153+0000] {processor.py:830} INFO - Processing file /opt/airflow/dags/step_four.py for tasks to queue
[2025-04-03T10:51:29.156+0000] {logging_mixin.py:188} INFO - [2025-04-03T10:51:29.155+0000] {dagbag.py:540} INFO - Filling up the DagBag from /opt/airflow/dags/step_four.py
[2025-04-03T10:51:29.164+0000] {processor.py:840} INFO - DAG(s) 'clean_and_move_to_final_table' retrieved from /opt/airflow/dags/step_four.py
[2025-04-03T10:51:29.187+0000] {logging_mixin.py:188} INFO - [2025-04-03T10:51:29.186+0000] {dag.py:3047} INFO - Sync 1 DAGs
[2025-04-03T10:51:29.202+0000] {logging_mixin.py:188} INFO - [2025-04-03T10:51:29.202+0000] {dag.py:3834} INFO - Setting next_dagrun for clean_and_move_to_final_table to None, run_after=None
[2025-04-03T10:51:29.229+0000] {processor.py:183} INFO - Processing /opt/airflow/dags/step_four.py took 0.081 seconds
[2025-04-03T10:51:59.663+0000] {processor.py:161} INFO - Started process (PID=2911) to work on /opt/airflow/dags/step_four.py
[2025-04-03T10:51:59.665+0000] {processor.py:830} INFO - Processing file /opt/airflow/dags/step_four.py for tasks to queue
[2025-04-03T10:51:59.668+0000] {logging_mixin.py:188} INFO - [2025-04-03T10:51:59.667+0000] {dagbag.py:540} INFO - Filling up the DagBag from /opt/airflow/dags/step_four.py
[2025-04-03T10:51:59.675+0000] {processor.py:840} INFO - DAG(s) 'clean_and_move_to_final_table' retrieved from /opt/airflow/dags/step_four.py
[2025-04-03T10:51:59.700+0000] {logging_mixin.py:188} INFO - [2025-04-03T10:51:59.699+0000] {dag.py:3047} INFO - Sync 1 DAGs
[2025-04-03T10:51:59.716+0000] {logging_mixin.py:188} INFO - [2025-04-03T10:51:59.716+0000] {dag.py:3834} INFO - Setting next_dagrun for clean_and_move_to_final_table to None, run_after=None
[2025-04-03T10:51:59.755+0000] {processor.py:183} INFO - Processing /opt/airflow/dags/step_four.py took 0.096 seconds
[2025-04-03T10:52:30.278+0000] {processor.py:161} INFO - Started process (PID=2972) to work on /opt/airflow/dags/step_four.py
[2025-04-03T10:52:30.280+0000] {processor.py:830} INFO - Processing file /opt/airflow/dags/step_four.py for tasks to queue
[2025-04-03T10:52:30.283+0000] {logging_mixin.py:188} INFO - [2025-04-03T10:52:30.282+0000] {dagbag.py:540} INFO - Filling up the DagBag from /opt/airflow/dags/step_four.py
[2025-04-03T10:52:30.291+0000] {processor.py:840} INFO - DAG(s) 'clean_and_move_to_final_table' retrieved from /opt/airflow/dags/step_four.py
[2025-04-03T10:52:30.316+0000] {logging_mixin.py:188} INFO - [2025-04-03T10:52:30.316+0000] {dag.py:3047} INFO - Sync 1 DAGs
[2025-04-03T10:52:30.330+0000] {logging_mixin.py:188} INFO - [2025-04-03T10:52:30.330+0000] {dag.py:3834} INFO - Setting next_dagrun for clean_and_move_to_final_table to None, run_after=None
[2025-04-03T10:52:30.352+0000] {processor.py:183} INFO - Processing /opt/airflow/dags/step_four.py took 0.079 seconds
[2025-04-03T10:53:00.513+0000] {processor.py:161} INFO - Started process (PID=3033) to work on /opt/airflow/dags/step_four.py
[2025-04-03T10:53:00.514+0000] {processor.py:830} INFO - Processing file /opt/airflow/dags/step_four.py for tasks to queue
[2025-04-03T10:53:00.517+0000] {logging_mixin.py:188} INFO - [2025-04-03T10:53:00.516+0000] {dagbag.py:540} INFO - Filling up the DagBag from /opt/airflow/dags/step_four.py
[2025-04-03T10:53:00.523+0000] {processor.py:840} INFO - DAG(s) 'clean_and_move_to_final_table' retrieved from /opt/airflow/dags/step_four.py
[2025-04-03T10:53:00.547+0000] {logging_mixin.py:188} INFO - [2025-04-03T10:53:00.546+0000] {dag.py:3047} INFO - Sync 1 DAGs
[2025-04-03T10:53:00.563+0000] {logging_mixin.py:188} INFO - [2025-04-03T10:53:00.563+0000] {dag.py:3834} INFO - Setting next_dagrun for clean_and_move_to_final_table to None, run_after=None
[2025-04-03T10:53:00.595+0000] {processor.py:183} INFO - Processing /opt/airflow/dags/step_four.py took 0.088 seconds
[2025-04-03T10:53:31.004+0000] {processor.py:161} INFO - Started process (PID=3095) to work on /opt/airflow/dags/step_four.py
[2025-04-03T10:53:31.006+0000] {processor.py:830} INFO - Processing file /opt/airflow/dags/step_four.py for tasks to queue
[2025-04-03T10:53:31.008+0000] {logging_mixin.py:188} INFO - [2025-04-03T10:53:31.008+0000] {dagbag.py:540} INFO - Filling up the DagBag from /opt/airflow/dags/step_four.py
[2025-04-03T10:53:31.017+0000] {processor.py:840} INFO - DAG(s) 'clean_and_move_to_final_table' retrieved from /opt/airflow/dags/step_four.py
[2025-04-03T10:53:31.046+0000] {logging_mixin.py:188} INFO - [2025-04-03T10:53:31.045+0000] {dag.py:3047} INFO - Sync 1 DAGs
[2025-04-03T10:53:31.064+0000] {logging_mixin.py:188} INFO - [2025-04-03T10:53:31.064+0000] {dag.py:3834} INFO - Setting next_dagrun for clean_and_move_to_final_table to None, run_after=None
[2025-04-03T10:53:31.097+0000] {processor.py:183} INFO - Processing /opt/airflow/dags/step_four.py took 0.099 seconds
[2025-04-03T10:54:01.327+0000] {processor.py:161} INFO - Started process (PID=3156) to work on /opt/airflow/dags/step_four.py
[2025-04-03T10:54:01.329+0000] {processor.py:830} INFO - Processing file /opt/airflow/dags/step_four.py for tasks to queue
[2025-04-03T10:54:01.331+0000] {logging_mixin.py:188} INFO - [2025-04-03T10:54:01.330+0000] {dagbag.py:540} INFO - Filling up the DagBag from /opt/airflow/dags/step_four.py
[2025-04-03T10:54:01.338+0000] {processor.py:840} INFO - DAG(s) 'clean_and_move_to_final_table' retrieved from /opt/airflow/dags/step_four.py
[2025-04-03T10:54:01.365+0000] {logging_mixin.py:188} INFO - [2025-04-03T10:54:01.364+0000] {dag.py:3047} INFO - Sync 1 DAGs
[2025-04-03T10:54:01.380+0000] {logging_mixin.py:188} INFO - [2025-04-03T10:54:01.380+0000] {dag.py:3834} INFO - Setting next_dagrun for clean_and_move_to_final_table to None, run_after=None
[2025-04-03T10:54:01.402+0000] {processor.py:183} INFO - Processing /opt/airflow/dags/step_four.py took 0.082 seconds
[2025-04-03T10:54:31.567+0000] {processor.py:161} INFO - Started process (PID=3223) to work on /opt/airflow/dags/step_four.py
[2025-04-03T10:54:31.568+0000] {processor.py:830} INFO - Processing file /opt/airflow/dags/step_four.py for tasks to queue
[2025-04-03T10:54:31.571+0000] {logging_mixin.py:188} INFO - [2025-04-03T10:54:31.570+0000] {dagbag.py:540} INFO - Filling up the DagBag from /opt/airflow/dags/step_four.py
[2025-04-03T10:54:31.579+0000] {processor.py:840} INFO - DAG(s) 'clean_and_move_to_final_table' retrieved from /opt/airflow/dags/step_four.py
[2025-04-03T10:54:31.609+0000] {logging_mixin.py:188} INFO - [2025-04-03T10:54:31.608+0000] {dag.py:3047} INFO - Sync 1 DAGs
[2025-04-03T10:54:31.632+0000] {logging_mixin.py:188} INFO - [2025-04-03T10:54:31.632+0000] {dag.py:3834} INFO - Setting next_dagrun for clean_and_move_to_final_table to None, run_after=None
[2025-04-03T10:54:31.669+0000] {processor.py:183} INFO - Processing /opt/airflow/dags/step_four.py took 0.107 seconds
[2025-04-03T10:55:02.068+0000] {processor.py:161} INFO - Started process (PID=3284) to work on /opt/airflow/dags/step_four.py
[2025-04-03T10:55:02.070+0000] {processor.py:830} INFO - Processing file /opt/airflow/dags/step_four.py for tasks to queue
[2025-04-03T10:55:02.072+0000] {logging_mixin.py:188} INFO - [2025-04-03T10:55:02.072+0000] {dagbag.py:540} INFO - Filling up the DagBag from /opt/airflow/dags/step_four.py
[2025-04-03T10:55:02.080+0000] {processor.py:840} INFO - DAG(s) 'clean_and_move_to_final_table' retrieved from /opt/airflow/dags/step_four.py
[2025-04-03T10:55:02.134+0000] {logging_mixin.py:188} INFO - [2025-04-03T10:55:02.133+0000] {dag.py:3047} INFO - Sync 1 DAGs
[2025-04-03T10:55:02.185+0000] {logging_mixin.py:188} INFO - [2025-04-03T10:55:02.184+0000] {dag.py:3834} INFO - Setting next_dagrun for clean_and_move_to_final_table to None, run_after=None
[2025-04-03T10:55:02.242+0000] {processor.py:183} INFO - Processing /opt/airflow/dags/step_four.py took 0.179 seconds
[2025-04-03T10:55:33.203+0000] {processor.py:161} INFO - Started process (PID=3345) to work on /opt/airflow/dags/step_four.py
[2025-04-03T10:55:33.204+0000] {processor.py:830} INFO - Processing file /opt/airflow/dags/step_four.py for tasks to queue
[2025-04-03T10:55:33.207+0000] {logging_mixin.py:188} INFO - [2025-04-03T10:55:33.207+0000] {dagbag.py:540} INFO - Filling up the DagBag from /opt/airflow/dags/step_four.py
[2025-04-03T10:55:33.216+0000] {processor.py:840} INFO - DAG(s) 'clean_and_move_to_final_table' retrieved from /opt/airflow/dags/step_four.py
[2025-04-03T10:55:33.242+0000] {logging_mixin.py:188} INFO - [2025-04-03T10:55:33.241+0000] {dag.py:3047} INFO - Sync 1 DAGs
[2025-04-03T10:55:33.256+0000] {logging_mixin.py:188} INFO - [2025-04-03T10:55:33.256+0000] {dag.py:3834} INFO - Setting next_dagrun for clean_and_move_to_final_table to None, run_after=None
[2025-04-03T10:55:33.288+0000] {processor.py:183} INFO - Processing /opt/airflow/dags/step_four.py took 0.090 seconds
[2025-04-03T10:56:03.852+0000] {processor.py:161} INFO - Started process (PID=3406) to work on /opt/airflow/dags/step_four.py
[2025-04-03T10:56:03.853+0000] {processor.py:830} INFO - Processing file /opt/airflow/dags/step_four.py for tasks to queue
[2025-04-03T10:56:03.856+0000] {logging_mixin.py:188} INFO - [2025-04-03T10:56:03.855+0000] {dagbag.py:540} INFO - Filling up the DagBag from /opt/airflow/dags/step_four.py
[2025-04-03T10:56:03.863+0000] {processor.py:840} INFO - DAG(s) 'clean_and_move_to_final_table' retrieved from /opt/airflow/dags/step_four.py
[2025-04-03T10:56:03.891+0000] {logging_mixin.py:188} INFO - [2025-04-03T10:56:03.890+0000] {dag.py:3047} INFO - Sync 1 DAGs
[2025-04-03T10:56:03.906+0000] {logging_mixin.py:188} INFO - [2025-04-03T10:56:03.906+0000] {dag.py:3834} INFO - Setting next_dagrun for clean_and_move_to_final_table to None, run_after=None
[2025-04-03T10:56:03.937+0000] {processor.py:183} INFO - Processing /opt/airflow/dags/step_four.py took 0.091 seconds
[2025-04-03T10:56:34.210+0000] {processor.py:161} INFO - Started process (PID=3467) to work on /opt/airflow/dags/step_four.py
[2025-04-03T10:56:34.212+0000] {processor.py:830} INFO - Processing file /opt/airflow/dags/step_four.py for tasks to queue
[2025-04-03T10:56:34.214+0000] {logging_mixin.py:188} INFO - [2025-04-03T10:56:34.214+0000] {dagbag.py:540} INFO - Filling up the DagBag from /opt/airflow/dags/step_four.py
[2025-04-03T10:56:34.222+0000] {processor.py:840} INFO - DAG(s) 'clean_and_move_to_final_table' retrieved from /opt/airflow/dags/step_four.py
[2025-04-03T10:56:34.250+0000] {logging_mixin.py:188} INFO - [2025-04-03T10:56:34.249+0000] {dag.py:3047} INFO - Sync 1 DAGs
[2025-04-03T10:56:34.266+0000] {logging_mixin.py:188} INFO - [2025-04-03T10:56:34.266+0000] {dag.py:3834} INFO - Setting next_dagrun for clean_and_move_to_final_table to None, run_after=None
[2025-04-03T10:56:34.300+0000] {processor.py:183} INFO - Processing /opt/airflow/dags/step_four.py took 0.095 seconds
[2025-04-03T10:57:05.113+0000] {processor.py:161} INFO - Started process (PID=3528) to work on /opt/airflow/dags/step_four.py
[2025-04-03T10:57:05.115+0000] {processor.py:830} INFO - Processing file /opt/airflow/dags/step_four.py for tasks to queue
[2025-04-03T10:57:05.117+0000] {logging_mixin.py:188} INFO - [2025-04-03T10:57:05.117+0000] {dagbag.py:540} INFO - Filling up the DagBag from /opt/airflow/dags/step_four.py
[2025-04-03T10:57:05.125+0000] {processor.py:840} INFO - DAG(s) 'clean_and_move_to_final_table' retrieved from /opt/airflow/dags/step_four.py
[2025-04-03T10:57:05.151+0000] {logging_mixin.py:188} INFO - [2025-04-03T10:57:05.150+0000] {dag.py:3047} INFO - Sync 1 DAGs
[2025-04-03T10:57:05.165+0000] {logging_mixin.py:188} INFO - [2025-04-03T10:57:05.165+0000] {dag.py:3834} INFO - Setting next_dagrun for clean_and_move_to_final_table to None, run_after=None
[2025-04-03T10:57:05.194+0000] {processor.py:183} INFO - Processing /opt/airflow/dags/step_four.py took 0.085 seconds
[2025-04-03T10:57:35.495+0000] {processor.py:161} INFO - Started process (PID=3589) to work on /opt/airflow/dags/step_four.py
[2025-04-03T10:57:35.496+0000] {processor.py:830} INFO - Processing file /opt/airflow/dags/step_four.py for tasks to queue
[2025-04-03T10:57:35.499+0000] {logging_mixin.py:188} INFO - [2025-04-03T10:57:35.498+0000] {dagbag.py:540} INFO - Filling up the DagBag from /opt/airflow/dags/step_four.py
[2025-04-03T10:57:35.508+0000] {processor.py:840} INFO - DAG(s) 'clean_and_move_to_final_table' retrieved from /opt/airflow/dags/step_four.py
[2025-04-03T10:57:35.537+0000] {logging_mixin.py:188} INFO - [2025-04-03T10:57:35.536+0000] {dag.py:3047} INFO - Sync 1 DAGs
[2025-04-03T10:57:35.555+0000] {logging_mixin.py:188} INFO - [2025-04-03T10:57:35.554+0000] {dag.py:3834} INFO - Setting next_dagrun for clean_and_move_to_final_table to None, run_after=None
[2025-04-03T10:57:35.585+0000] {processor.py:183} INFO - Processing /opt/airflow/dags/step_four.py took 0.095 seconds
[2025-04-03T10:58:05.948+0000] {processor.py:161} INFO - Started process (PID=3650) to work on /opt/airflow/dags/step_four.py
[2025-04-03T10:58:05.949+0000] {processor.py:830} INFO - Processing file /opt/airflow/dags/step_four.py for tasks to queue
[2025-04-03T10:58:05.952+0000] {logging_mixin.py:188} INFO - [2025-04-03T10:58:05.951+0000] {dagbag.py:540} INFO - Filling up the DagBag from /opt/airflow/dags/step_four.py
[2025-04-03T10:58:05.961+0000] {processor.py:840} INFO - DAG(s) 'clean_and_move_to_final_table' retrieved from /opt/airflow/dags/step_four.py
[2025-04-03T10:58:05.988+0000] {logging_mixin.py:188} INFO - [2025-04-03T10:58:05.987+0000] {dag.py:3047} INFO - Sync 1 DAGs
[2025-04-03T10:58:06.009+0000] {logging_mixin.py:188} INFO - [2025-04-03T10:58:06.008+0000] {dag.py:3834} INFO - Setting next_dagrun for clean_and_move_to_final_table to None, run_after=None
[2025-04-03T10:58:06.040+0000] {processor.py:183} INFO - Processing /opt/airflow/dags/step_four.py took 0.098 seconds
[2025-04-03T10:58:36.198+0000] {processor.py:161} INFO - Started process (PID=3711) to work on /opt/airflow/dags/step_four.py
[2025-04-03T10:58:36.199+0000] {processor.py:830} INFO - Processing file /opt/airflow/dags/step_four.py for tasks to queue
[2025-04-03T10:58:36.203+0000] {logging_mixin.py:188} INFO - [2025-04-03T10:58:36.202+0000] {dagbag.py:540} INFO - Filling up the DagBag from /opt/airflow/dags/step_four.py
[2025-04-03T10:58:36.211+0000] {processor.py:840} INFO - DAG(s) 'clean_and_move_to_final_table' retrieved from /opt/airflow/dags/step_four.py
[2025-04-03T10:58:36.236+0000] {logging_mixin.py:188} INFO - [2025-04-03T10:58:36.235+0000] {dag.py:3047} INFO - Sync 1 DAGs
[2025-04-03T10:58:36.250+0000] {logging_mixin.py:188} INFO - [2025-04-03T10:58:36.250+0000] {dag.py:3834} INFO - Setting next_dagrun for clean_and_move_to_final_table to None, run_after=None
[2025-04-03T10:58:36.278+0000] {processor.py:183} INFO - Processing /opt/airflow/dags/step_four.py took 0.083 seconds
[2025-04-03T10:59:06.382+0000] {processor.py:161} INFO - Started process (PID=3772) to work on /opt/airflow/dags/step_four.py
[2025-04-03T10:59:06.383+0000] {processor.py:830} INFO - Processing file /opt/airflow/dags/step_four.py for tasks to queue
[2025-04-03T10:59:06.386+0000] {logging_mixin.py:188} INFO - [2025-04-03T10:59:06.386+0000] {dagbag.py:540} INFO - Filling up the DagBag from /opt/airflow/dags/step_four.py
[2025-04-03T10:59:06.395+0000] {processor.py:840} INFO - DAG(s) 'clean_and_move_to_final_table' retrieved from /opt/airflow/dags/step_four.py
[2025-04-03T10:59:06.421+0000] {logging_mixin.py:188} INFO - [2025-04-03T10:59:06.420+0000] {dag.py:3047} INFO - Sync 1 DAGs
[2025-04-03T10:59:06.435+0000] {logging_mixin.py:188} INFO - [2025-04-03T10:59:06.434+0000] {dag.py:3834} INFO - Setting next_dagrun for clean_and_move_to_final_table to None, run_after=None
[2025-04-03T10:59:06.462+0000] {processor.py:183} INFO - Processing /opt/airflow/dags/step_four.py took 0.084 seconds
[2025-04-03T10:59:36.722+0000] {processor.py:161} INFO - Started process (PID=3839) to work on /opt/airflow/dags/step_four.py
[2025-04-03T10:59:36.724+0000] {processor.py:830} INFO - Processing file /opt/airflow/dags/step_four.py for tasks to queue
[2025-04-03T10:59:36.727+0000] {logging_mixin.py:188} INFO - [2025-04-03T10:59:36.726+0000] {dagbag.py:540} INFO - Filling up the DagBag from /opt/airflow/dags/step_four.py
[2025-04-03T10:59:36.735+0000] {processor.py:840} INFO - DAG(s) 'clean_and_move_to_final_table' retrieved from /opt/airflow/dags/step_four.py
[2025-04-03T10:59:36.765+0000] {logging_mixin.py:188} INFO - [2025-04-03T10:59:36.764+0000] {dag.py:3047} INFO - Sync 1 DAGs
[2025-04-03T10:59:36.780+0000] {logging_mixin.py:188} INFO - [2025-04-03T10:59:36.780+0000] {dag.py:3834} INFO - Setting next_dagrun for clean_and_move_to_final_table to None, run_after=None
[2025-04-03T10:59:36.819+0000] {processor.py:183} INFO - Processing /opt/airflow/dags/step_four.py took 0.102 seconds
[2025-04-03T11:00:07.522+0000] {processor.py:161} INFO - Started process (PID=3900) to work on /opt/airflow/dags/step_four.py
[2025-04-03T11:00:07.537+0000] {processor.py:830} INFO - Processing file /opt/airflow/dags/step_four.py for tasks to queue
[2025-04-03T11:00:07.542+0000] {logging_mixin.py:188} INFO - [2025-04-03T11:00:07.541+0000] {dagbag.py:540} INFO - Filling up the DagBag from /opt/airflow/dags/step_four.py
[2025-04-03T11:00:07.598+0000] {processor.py:840} INFO - DAG(s) 'clean_and_move_to_final_table' retrieved from /opt/airflow/dags/step_four.py
[2025-04-03T11:00:07.670+0000] {logging_mixin.py:188} INFO - [2025-04-03T11:00:07.669+0000] {dag.py:3047} INFO - Sync 1 DAGs
[2025-04-03T11:00:07.723+0000] {logging_mixin.py:188} INFO - [2025-04-03T11:00:07.723+0000] {dag.py:3834} INFO - Setting next_dagrun for clean_and_move_to_final_table to None, run_after=None
[2025-04-03T11:00:07.766+0000] {processor.py:183} INFO - Processing /opt/airflow/dags/step_four.py took 0.269 seconds
[2025-04-03T11:00:38.125+0000] {processor.py:161} INFO - Started process (PID=3961) to work on /opt/airflow/dags/step_four.py
[2025-04-03T11:00:38.127+0000] {processor.py:830} INFO - Processing file /opt/airflow/dags/step_four.py for tasks to queue
[2025-04-03T11:00:38.129+0000] {logging_mixin.py:188} INFO - [2025-04-03T11:00:38.129+0000] {dagbag.py:540} INFO - Filling up the DagBag from /opt/airflow/dags/step_four.py
[2025-04-03T11:00:38.136+0000] {processor.py:840} INFO - DAG(s) 'clean_and_move_to_final_table' retrieved from /opt/airflow/dags/step_four.py
[2025-04-03T11:00:38.163+0000] {logging_mixin.py:188} INFO - [2025-04-03T11:00:38.162+0000] {dag.py:3047} INFO - Sync 1 DAGs
[2025-04-03T11:00:38.177+0000] {logging_mixin.py:188} INFO - [2025-04-03T11:00:38.177+0000] {dag.py:3834} INFO - Setting next_dagrun for clean_and_move_to_final_table to None, run_after=None
[2025-04-03T11:00:38.202+0000] {processor.py:183} INFO - Processing /opt/airflow/dags/step_four.py took 0.081 seconds
[2025-04-03T11:01:08.314+0000] {processor.py:161} INFO - Started process (PID=4022) to work on /opt/airflow/dags/step_four.py
[2025-04-03T11:01:08.316+0000] {processor.py:830} INFO - Processing file /opt/airflow/dags/step_four.py for tasks to queue
[2025-04-03T11:01:08.318+0000] {logging_mixin.py:188} INFO - [2025-04-03T11:01:08.318+0000] {dagbag.py:540} INFO - Filling up the DagBag from /opt/airflow/dags/step_four.py
[2025-04-03T11:01:08.327+0000] {processor.py:840} INFO - DAG(s) 'clean_and_move_to_final_table' retrieved from /opt/airflow/dags/step_four.py
[2025-04-03T11:01:08.353+0000] {logging_mixin.py:188} INFO - [2025-04-03T11:01:08.352+0000] {dag.py:3047} INFO - Sync 1 DAGs
[2025-04-03T11:01:08.369+0000] {logging_mixin.py:188} INFO - [2025-04-03T11:01:08.368+0000] {dag.py:3834} INFO - Setting next_dagrun for clean_and_move_to_final_table to None, run_after=None
[2025-04-03T11:01:08.396+0000] {processor.py:183} INFO - Processing /opt/airflow/dags/step_four.py took 0.086 seconds
[2025-04-03T11:01:38.488+0000] {processor.py:161} INFO - Started process (PID=4083) to work on /opt/airflow/dags/step_four.py
[2025-04-03T11:01:38.489+0000] {processor.py:830} INFO - Processing file /opt/airflow/dags/step_four.py for tasks to queue
[2025-04-03T11:01:38.492+0000] {logging_mixin.py:188} INFO - [2025-04-03T11:01:38.491+0000] {dagbag.py:540} INFO - Filling up the DagBag from /opt/airflow/dags/step_four.py
[2025-04-03T11:01:38.501+0000] {processor.py:840} INFO - DAG(s) 'clean_and_move_to_final_table' retrieved from /opt/airflow/dags/step_four.py
[2025-04-03T11:01:38.528+0000] {logging_mixin.py:188} INFO - [2025-04-03T11:01:38.528+0000] {dag.py:3047} INFO - Sync 1 DAGs
[2025-04-03T11:01:38.542+0000] {logging_mixin.py:188} INFO - [2025-04-03T11:01:38.542+0000] {dag.py:3834} INFO - Setting next_dagrun for clean_and_move_to_final_table to None, run_after=None
[2025-04-03T11:01:38.572+0000] {processor.py:183} INFO - Processing /opt/airflow/dags/step_four.py took 0.088 seconds
[2025-04-03T11:02:09.397+0000] {processor.py:161} INFO - Started process (PID=4144) to work on /opt/airflow/dags/step_four.py
[2025-04-03T11:02:09.399+0000] {processor.py:830} INFO - Processing file /opt/airflow/dags/step_four.py for tasks to queue
[2025-04-03T11:02:09.401+0000] {logging_mixin.py:188} INFO - [2025-04-03T11:02:09.401+0000] {dagbag.py:540} INFO - Filling up the DagBag from /opt/airflow/dags/step_four.py
[2025-04-03T11:02:09.413+0000] {processor.py:840} INFO - DAG(s) 'clean_and_move_to_final_table' retrieved from /opt/airflow/dags/step_four.py
[2025-04-03T11:02:09.457+0000] {logging_mixin.py:188} INFO - [2025-04-03T11:02:09.457+0000] {dag.py:3047} INFO - Sync 1 DAGs
[2025-04-03T11:02:09.486+0000] {logging_mixin.py:188} INFO - [2025-04-03T11:02:09.485+0000] {dag.py:3834} INFO - Setting next_dagrun for clean_and_move_to_final_table to None, run_after=None
[2025-04-03T11:02:09.518+0000] {processor.py:183} INFO - Processing /opt/airflow/dags/step_four.py took 0.124 seconds
[2025-04-03T11:02:40.524+0000] {processor.py:161} INFO - Started process (PID=4205) to work on /opt/airflow/dags/step_four.py
[2025-04-03T11:02:40.526+0000] {processor.py:830} INFO - Processing file /opt/airflow/dags/step_four.py for tasks to queue
[2025-04-03T11:02:40.528+0000] {logging_mixin.py:188} INFO - [2025-04-03T11:02:40.528+0000] {dagbag.py:540} INFO - Filling up the DagBag from /opt/airflow/dags/step_four.py
[2025-04-03T11:02:40.536+0000] {processor.py:840} INFO - DAG(s) 'clean_and_move_to_final_table' retrieved from /opt/airflow/dags/step_four.py
[2025-04-03T11:02:40.561+0000] {logging_mixin.py:188} INFO - [2025-04-03T11:02:40.561+0000] {dag.py:3047} INFO - Sync 1 DAGs
[2025-04-03T11:02:40.577+0000] {logging_mixin.py:188} INFO - [2025-04-03T11:02:40.576+0000] {dag.py:3834} INFO - Setting next_dagrun for clean_and_move_to_final_table to None, run_after=None
[2025-04-03T11:02:40.604+0000] {processor.py:183} INFO - Processing /opt/airflow/dags/step_four.py took 0.085 seconds
[2025-04-03T11:03:10.988+0000] {processor.py:161} INFO - Started process (PID=4266) to work on /opt/airflow/dags/step_four.py
[2025-04-03T11:03:10.990+0000] {processor.py:830} INFO - Processing file /opt/airflow/dags/step_four.py for tasks to queue
[2025-04-03T11:03:10.996+0000] {logging_mixin.py:188} INFO - [2025-04-03T11:03:10.995+0000] {dagbag.py:540} INFO - Filling up the DagBag from /opt/airflow/dags/step_four.py
[2025-04-03T11:03:11.007+0000] {processor.py:840} INFO - DAG(s) 'clean_and_move_to_final_table' retrieved from /opt/airflow/dags/step_four.py
[2025-04-03T11:03:11.052+0000] {logging_mixin.py:188} INFO - [2025-04-03T11:03:11.051+0000] {dag.py:3047} INFO - Sync 1 DAGs
[2025-04-03T11:03:11.088+0000] {logging_mixin.py:188} INFO - [2025-04-03T11:03:11.087+0000] {dag.py:3834} INFO - Setting next_dagrun for clean_and_move_to_final_table to None, run_after=None
[2025-04-03T11:03:11.132+0000] {processor.py:183} INFO - Processing /opt/airflow/dags/step_four.py took 0.153 seconds
[2025-04-03T11:03:41.608+0000] {processor.py:161} INFO - Started process (PID=4327) to work on /opt/airflow/dags/step_four.py
[2025-04-03T11:03:41.609+0000] {processor.py:830} INFO - Processing file /opt/airflow/dags/step_four.py for tasks to queue
[2025-04-03T11:03:41.611+0000] {logging_mixin.py:188} INFO - [2025-04-03T11:03:41.611+0000] {dagbag.py:540} INFO - Filling up the DagBag from /opt/airflow/dags/step_four.py
[2025-04-03T11:03:41.619+0000] {processor.py:840} INFO - DAG(s) 'clean_and_move_to_final_table' retrieved from /opt/airflow/dags/step_four.py
[2025-04-03T11:03:41.646+0000] {logging_mixin.py:188} INFO - [2025-04-03T11:03:41.645+0000] {dag.py:3047} INFO - Sync 1 DAGs
[2025-04-03T11:03:41.662+0000] {logging_mixin.py:188} INFO - [2025-04-03T11:03:41.662+0000] {dag.py:3834} INFO - Setting next_dagrun for clean_and_move_to_final_table to None, run_after=None
[2025-04-03T11:03:41.695+0000] {processor.py:183} INFO - Processing /opt/airflow/dags/step_four.py took 0.092 seconds
[2025-04-03T11:04:12.203+0000] {processor.py:161} INFO - Started process (PID=4388) to work on /opt/airflow/dags/step_four.py
[2025-04-03T11:04:12.205+0000] {processor.py:830} INFO - Processing file /opt/airflow/dags/step_four.py for tasks to queue
[2025-04-03T11:04:12.208+0000] {logging_mixin.py:188} INFO - [2025-04-03T11:04:12.208+0000] {dagbag.py:540} INFO - Filling up the DagBag from /opt/airflow/dags/step_four.py
[2025-04-03T11:04:12.217+0000] {processor.py:840} INFO - DAG(s) 'clean_and_move_to_final_table' retrieved from /opt/airflow/dags/step_four.py
[2025-04-03T11:04:12.246+0000] {logging_mixin.py:188} INFO - [2025-04-03T11:04:12.246+0000] {dag.py:3047} INFO - Sync 1 DAGs
[2025-04-03T11:04:12.270+0000] {logging_mixin.py:188} INFO - [2025-04-03T11:04:12.269+0000] {dag.py:3834} INFO - Setting next_dagrun for clean_and_move_to_final_table to None, run_after=None
[2025-04-03T11:04:12.302+0000] {processor.py:183} INFO - Processing /opt/airflow/dags/step_four.py took 0.103 seconds
[2025-04-03T11:04:42.375+0000] {processor.py:161} INFO - Started process (PID=4455) to work on /opt/airflow/dags/step_four.py
[2025-04-03T11:04:42.376+0000] {processor.py:830} INFO - Processing file /opt/airflow/dags/step_four.py for tasks to queue
[2025-04-03T11:04:42.379+0000] {logging_mixin.py:188} INFO - [2025-04-03T11:04:42.378+0000] {dagbag.py:540} INFO - Filling up the DagBag from /opt/airflow/dags/step_four.py
[2025-04-03T11:04:42.388+0000] {processor.py:840} INFO - DAG(s) 'clean_and_move_to_final_table' retrieved from /opt/airflow/dags/step_four.py
[2025-04-03T11:04:42.417+0000] {logging_mixin.py:188} INFO - [2025-04-03T11:04:42.416+0000] {dag.py:3047} INFO - Sync 1 DAGs
[2025-04-03T11:04:42.435+0000] {logging_mixin.py:188} INFO - [2025-04-03T11:04:42.435+0000] {dag.py:3834} INFO - Setting next_dagrun for clean_and_move_to_final_table to None, run_after=None
[2025-04-03T11:04:42.468+0000] {processor.py:183} INFO - Processing /opt/airflow/dags/step_four.py took 0.098 seconds
[2025-04-03T11:05:12.768+0000] {processor.py:161} INFO - Started process (PID=4516) to work on /opt/airflow/dags/step_four.py
[2025-04-03T11:05:12.770+0000] {processor.py:830} INFO - Processing file /opt/airflow/dags/step_four.py for tasks to queue
[2025-04-03T11:05:12.773+0000] {logging_mixin.py:188} INFO - [2025-04-03T11:05:12.772+0000] {dagbag.py:540} INFO - Filling up the DagBag from /opt/airflow/dags/step_four.py
[2025-04-03T11:05:12.781+0000] {processor.py:840} INFO - DAG(s) 'clean_and_move_to_final_table' retrieved from /opt/airflow/dags/step_four.py
[2025-04-03T11:05:12.810+0000] {logging_mixin.py:188} INFO - [2025-04-03T11:05:12.810+0000] {dag.py:3047} INFO - Sync 1 DAGs
[2025-04-03T11:05:12.829+0000] {logging_mixin.py:188} INFO - [2025-04-03T11:05:12.829+0000] {dag.py:3834} INFO - Setting next_dagrun for clean_and_move_to_final_table to None, run_after=None
[2025-04-03T11:05:12.858+0000] {processor.py:183} INFO - Processing /opt/airflow/dags/step_four.py took 0.094 seconds
[2025-04-03T11:05:42.938+0000] {processor.py:161} INFO - Started process (PID=4577) to work on /opt/airflow/dags/step_four.py
[2025-04-03T11:05:42.939+0000] {processor.py:830} INFO - Processing file /opt/airflow/dags/step_four.py for tasks to queue
[2025-04-03T11:05:42.941+0000] {logging_mixin.py:188} INFO - [2025-04-03T11:05:42.941+0000] {dagbag.py:540} INFO - Filling up the DagBag from /opt/airflow/dags/step_four.py
[2025-04-03T11:05:42.950+0000] {processor.py:840} INFO - DAG(s) 'clean_and_move_to_final_table' retrieved from /opt/airflow/dags/step_four.py
[2025-04-03T11:05:42.974+0000] {logging_mixin.py:188} INFO - [2025-04-03T11:05:42.974+0000] {dag.py:3047} INFO - Sync 1 DAGs
[2025-04-03T11:05:42.988+0000] {logging_mixin.py:188} INFO - [2025-04-03T11:05:42.988+0000] {dag.py:3834} INFO - Setting next_dagrun for clean_and_move_to_final_table to None, run_after=None
[2025-04-03T11:05:43.016+0000] {processor.py:183} INFO - Processing /opt/airflow/dags/step_four.py took 0.083 seconds
[2025-04-03T11:06:13.404+0000] {processor.py:161} INFO - Started process (PID=4638) to work on /opt/airflow/dags/step_four.py
[2025-04-03T11:06:13.405+0000] {processor.py:830} INFO - Processing file /opt/airflow/dags/step_four.py for tasks to queue
[2025-04-03T11:06:13.409+0000] {logging_mixin.py:188} INFO - [2025-04-03T11:06:13.408+0000] {dagbag.py:540} INFO - Filling up the DagBag from /opt/airflow/dags/step_four.py
[2025-04-03T11:06:13.418+0000] {processor.py:840} INFO - DAG(s) 'clean_and_move_to_final_table' retrieved from /opt/airflow/dags/step_four.py
[2025-04-03T11:06:13.447+0000] {logging_mixin.py:188} INFO - [2025-04-03T11:06:13.446+0000] {dag.py:3047} INFO - Sync 1 DAGs
[2025-04-03T11:06:13.461+0000] {logging_mixin.py:188} INFO - [2025-04-03T11:06:13.461+0000] {dag.py:3834} INFO - Setting next_dagrun for clean_and_move_to_final_table to None, run_after=None
[2025-04-03T11:06:13.490+0000] {processor.py:183} INFO - Processing /opt/airflow/dags/step_four.py took 0.090 seconds
[2025-04-03T11:06:43.873+0000] {processor.py:161} INFO - Started process (PID=4700) to work on /opt/airflow/dags/step_four.py
[2025-04-03T11:06:43.886+0000] {processor.py:830} INFO - Processing file /opt/airflow/dags/step_four.py for tasks to queue
[2025-04-03T11:06:43.900+0000] {logging_mixin.py:188} INFO - [2025-04-03T11:06:43.898+0000] {dagbag.py:540} INFO - Filling up the DagBag from /opt/airflow/dags/step_four.py
[2025-04-03T11:06:43.938+0000] {processor.py:840} INFO - DAG(s) 'clean_and_move_to_final_table' retrieved from /opt/airflow/dags/step_four.py
[2025-04-03T11:06:44.029+0000] {logging_mixin.py:188} INFO - [2025-04-03T11:06:44.028+0000] {dag.py:3047} INFO - Sync 1 DAGs
[2025-04-03T11:06:44.054+0000] {logging_mixin.py:188} INFO - [2025-04-03T11:06:44.054+0000] {dag.py:3834} INFO - Setting next_dagrun for clean_and_move_to_final_table to None, run_after=None
[2025-04-03T11:06:44.088+0000] {processor.py:183} INFO - Processing /opt/airflow/dags/step_four.py took 0.240 seconds
[2025-04-03T11:07:14.156+0000] {processor.py:161} INFO - Started process (PID=4761) to work on /opt/airflow/dags/step_four.py
[2025-04-03T11:07:14.160+0000] {processor.py:830} INFO - Processing file /opt/airflow/dags/step_four.py for tasks to queue
[2025-04-03T11:07:14.164+0000] {logging_mixin.py:188} INFO - [2025-04-03T11:07:14.163+0000] {dagbag.py:540} INFO - Filling up the DagBag from /opt/airflow/dags/step_four.py
[2025-04-03T11:07:14.175+0000] {processor.py:840} INFO - DAG(s) 'clean_and_move_to_final_table' retrieved from /opt/airflow/dags/step_four.py
[2025-04-03T11:07:14.209+0000] {logging_mixin.py:188} INFO - [2025-04-03T11:07:14.208+0000] {dag.py:3047} INFO - Sync 1 DAGs
[2025-04-03T11:07:14.225+0000] {logging_mixin.py:188} INFO - [2025-04-03T11:07:14.225+0000] {dag.py:3834} INFO - Setting next_dagrun for clean_and_move_to_final_table to None, run_after=None
[2025-04-03T11:07:14.258+0000] {processor.py:183} INFO - Processing /opt/airflow/dags/step_four.py took 0.109 seconds
[2025-04-03T11:07:44.632+0000] {processor.py:161} INFO - Started process (PID=4822) to work on /opt/airflow/dags/step_four.py
[2025-04-03T11:07:44.633+0000] {processor.py:830} INFO - Processing file /opt/airflow/dags/step_four.py for tasks to queue
[2025-04-03T11:07:44.635+0000] {logging_mixin.py:188} INFO - [2025-04-03T11:07:44.635+0000] {dagbag.py:540} INFO - Filling up the DagBag from /opt/airflow/dags/step_four.py
[2025-04-03T11:07:44.644+0000] {processor.py:840} INFO - DAG(s) 'clean_and_move_to_final_table' retrieved from /opt/airflow/dags/step_four.py
[2025-04-03T11:07:44.668+0000] {logging_mixin.py:188} INFO - [2025-04-03T11:07:44.668+0000] {dag.py:3047} INFO - Sync 1 DAGs
[2025-04-03T11:07:44.681+0000] {logging_mixin.py:188} INFO - [2025-04-03T11:07:44.681+0000] {dag.py:3834} INFO - Setting next_dagrun for clean_and_move_to_final_table to None, run_after=None
[2025-04-03T11:07:44.706+0000] {processor.py:183} INFO - Processing /opt/airflow/dags/step_four.py took 0.078 seconds
[2025-04-03T11:08:14.892+0000] {processor.py:161} INFO - Started process (PID=4883) to work on /opt/airflow/dags/step_four.py
[2025-04-03T11:08:14.894+0000] {processor.py:830} INFO - Processing file /opt/airflow/dags/step_four.py for tasks to queue
[2025-04-03T11:08:14.897+0000] {logging_mixin.py:188} INFO - [2025-04-03T11:08:14.896+0000] {dagbag.py:540} INFO - Filling up the DagBag from /opt/airflow/dags/step_four.py
[2025-04-03T11:08:14.906+0000] {processor.py:840} INFO - DAG(s) 'clean_and_move_to_final_table' retrieved from /opt/airflow/dags/step_four.py
[2025-04-03T11:08:14.936+0000] {logging_mixin.py:188} INFO - [2025-04-03T11:08:14.935+0000] {dag.py:3047} INFO - Sync 1 DAGs
[2025-04-03T11:08:14.949+0000] {logging_mixin.py:188} INFO - [2025-04-03T11:08:14.949+0000] {dag.py:3834} INFO - Setting next_dagrun for clean_and_move_to_final_table to None, run_after=None
[2025-04-03T11:08:14.972+0000] {processor.py:183} INFO - Processing /opt/airflow/dags/step_four.py took 0.087 seconds
[2025-04-03T11:08:45.202+0000] {processor.py:161} INFO - Started process (PID=4944) to work on /opt/airflow/dags/step_four.py
[2025-04-03T11:08:45.203+0000] {processor.py:830} INFO - Processing file /opt/airflow/dags/step_four.py for tasks to queue
[2025-04-03T11:08:45.206+0000] {logging_mixin.py:188} INFO - [2025-04-03T11:08:45.206+0000] {dagbag.py:540} INFO - Filling up the DagBag from /opt/airflow/dags/step_four.py
[2025-04-03T11:08:45.213+0000] {processor.py:840} INFO - DAG(s) 'clean_and_move_to_final_table' retrieved from /opt/airflow/dags/step_four.py
[2025-04-03T11:08:45.242+0000] {logging_mixin.py:188} INFO - [2025-04-03T11:08:45.241+0000] {dag.py:3047} INFO - Sync 1 DAGs
[2025-04-03T11:08:45.255+0000] {logging_mixin.py:188} INFO - [2025-04-03T11:08:45.255+0000] {dag.py:3834} INFO - Setting next_dagrun for clean_and_move_to_final_table to None, run_after=None
[2025-04-03T11:08:45.282+0000] {processor.py:183} INFO - Processing /opt/airflow/dags/step_four.py took 0.083 seconds
[2025-04-03T11:09:15.553+0000] {processor.py:161} INFO - Started process (PID=5005) to work on /opt/airflow/dags/step_four.py
[2025-04-03T11:09:15.560+0000] {processor.py:830} INFO - Processing file /opt/airflow/dags/step_four.py for tasks to queue
[2025-04-03T11:09:15.564+0000] {logging_mixin.py:188} INFO - [2025-04-03T11:09:15.563+0000] {dagbag.py:540} INFO - Filling up the DagBag from /opt/airflow/dags/step_four.py
[2025-04-03T11:09:15.586+0000] {processor.py:840} INFO - DAG(s) 'clean_and_move_to_final_table' retrieved from /opt/airflow/dags/step_four.py
[2025-04-03T11:09:15.663+0000] {logging_mixin.py:188} INFO - [2025-04-03T11:09:15.662+0000] {dag.py:3047} INFO - Sync 1 DAGs
[2025-04-03T11:09:15.695+0000] {logging_mixin.py:188} INFO - [2025-04-03T11:09:15.694+0000] {dag.py:3834} INFO - Setting next_dagrun for clean_and_move_to_final_table to None, run_after=None
[2025-04-03T11:09:15.743+0000] {processor.py:183} INFO - Processing /opt/airflow/dags/step_four.py took 0.214 seconds
