[2025-04-03T10:28:36.018+0000] {processor.py:161} INFO - Started process (PID=77) to work on /opt/airflow/dags/step_two.py
[2025-04-03T10:28:36.021+0000] {processor.py:830} INFO - Processing file /opt/airflow/dags/step_two.py for tasks to queue
[2025-04-03T10:28:36.040+0000] {logging_mixin.py:188} INFO - [2025-04-03T10:28:36.033+0000] {dagbag.py:540} INFO - Filling up the DagBag from /opt/airflow/dags/step_two.py
[2025-04-03T10:28:36.092+0000] {processor.py:840} INFO - DAG(s) 'load_raw_data_to_bq' retrieved from /opt/airflow/dags/step_two.py
[2025-04-03T10:28:36.356+0000] {logging_mixin.py:188} INFO - [2025-04-03T10:28:36.356+0000] {dag.py:3047} INFO - Sync 1 DAGs
[2025-04-03T10:28:36.381+0000] {logging_mixin.py:188} INFO - [2025-04-03T10:28:36.380+0000] {dag.py:3834} INFO - Setting next_dagrun for load_raw_data_to_bq to None, run_after=None
[2025-04-03T10:28:36.415+0000] {processor.py:183} INFO - Processing /opt/airflow/dags/step_two.py took 0.416 seconds
[2025-04-03T10:29:06.499+0000] {processor.py:161} INFO - Started process (PID=138) to work on /opt/airflow/dags/step_two.py
[2025-04-03T10:29:06.501+0000] {processor.py:830} INFO - Processing file /opt/airflow/dags/step_two.py for tasks to queue
[2025-04-03T10:29:06.504+0000] {logging_mixin.py:188} INFO - [2025-04-03T10:29:06.503+0000] {dagbag.py:540} INFO - Filling up the DagBag from /opt/airflow/dags/step_two.py
[2025-04-03T10:29:06.511+0000] {processor.py:840} INFO - DAG(s) 'load_raw_data_to_bq' retrieved from /opt/airflow/dags/step_two.py
[2025-04-03T10:29:06.542+0000] {logging_mixin.py:188} INFO - [2025-04-03T10:29:06.541+0000] {dag.py:3047} INFO - Sync 1 DAGs
[2025-04-03T10:29:06.558+0000] {logging_mixin.py:188} INFO - [2025-04-03T10:29:06.557+0000] {dag.py:3834} INFO - Setting next_dagrun for load_raw_data_to_bq to None, run_after=None
[2025-04-03T10:29:06.588+0000] {processor.py:183} INFO - Processing /opt/airflow/dags/step_two.py took 0.092 seconds
[2025-04-03T10:29:36.985+0000] {processor.py:161} INFO - Started process (PID=199) to work on /opt/airflow/dags/step_two.py
[2025-04-03T10:29:36.986+0000] {processor.py:830} INFO - Processing file /opt/airflow/dags/step_two.py for tasks to queue
[2025-04-03T10:29:36.989+0000] {logging_mixin.py:188} INFO - [2025-04-03T10:29:36.988+0000] {dagbag.py:540} INFO - Filling up the DagBag from /opt/airflow/dags/step_two.py
[2025-04-03T10:29:36.996+0000] {processor.py:840} INFO - DAG(s) 'load_raw_data_to_bq' retrieved from /opt/airflow/dags/step_two.py
[2025-04-03T10:29:37.022+0000] {logging_mixin.py:188} INFO - [2025-04-03T10:29:37.022+0000] {dag.py:3047} INFO - Sync 1 DAGs
[2025-04-03T10:29:37.036+0000] {logging_mixin.py:188} INFO - [2025-04-03T10:29:37.036+0000] {dag.py:3834} INFO - Setting next_dagrun for load_raw_data_to_bq to None, run_after=None
[2025-04-03T10:29:37.066+0000] {processor.py:183} INFO - Processing /opt/airflow/dags/step_two.py took 0.085 seconds
[2025-04-03T10:30:07.333+0000] {processor.py:161} INFO - Started process (PID=260) to work on /opt/airflow/dags/step_two.py
[2025-04-03T10:30:07.334+0000] {processor.py:830} INFO - Processing file /opt/airflow/dags/step_two.py for tasks to queue
[2025-04-03T10:30:07.337+0000] {logging_mixin.py:188} INFO - [2025-04-03T10:30:07.337+0000] {dagbag.py:540} INFO - Filling up the DagBag from /opt/airflow/dags/step_two.py
[2025-04-03T10:30:07.345+0000] {processor.py:840} INFO - DAG(s) 'load_raw_data_to_bq' retrieved from /opt/airflow/dags/step_two.py
[2025-04-03T10:30:07.375+0000] {logging_mixin.py:188} INFO - [2025-04-03T10:30:07.374+0000] {dag.py:3047} INFO - Sync 1 DAGs
[2025-04-03T10:30:07.395+0000] {logging_mixin.py:188} INFO - [2025-04-03T10:30:07.395+0000] {dag.py:3834} INFO - Setting next_dagrun for load_raw_data_to_bq to None, run_after=None
[2025-04-03T10:30:07.427+0000] {processor.py:183} INFO - Processing /opt/airflow/dags/step_two.py took 0.100 seconds
[2025-04-03T10:30:37.823+0000] {processor.py:161} INFO - Started process (PID=322) to work on /opt/airflow/dags/step_two.py
[2025-04-03T10:30:37.825+0000] {processor.py:830} INFO - Processing file /opt/airflow/dags/step_two.py for tasks to queue
[2025-04-03T10:30:37.828+0000] {logging_mixin.py:188} INFO - [2025-04-03T10:30:37.827+0000] {dagbag.py:540} INFO - Filling up the DagBag from /opt/airflow/dags/step_two.py
[2025-04-03T10:30:37.835+0000] {processor.py:840} INFO - DAG(s) 'load_raw_data_to_bq' retrieved from /opt/airflow/dags/step_two.py
[2025-04-03T10:30:37.858+0000] {logging_mixin.py:188} INFO - [2025-04-03T10:30:37.858+0000] {dag.py:3047} INFO - Sync 1 DAGs
[2025-04-03T10:30:37.875+0000] {logging_mixin.py:188} INFO - [2025-04-03T10:30:37.875+0000] {dag.py:3834} INFO - Setting next_dagrun for load_raw_data_to_bq to None, run_after=None
[2025-04-03T10:30:37.898+0000] {processor.py:183} INFO - Processing /opt/airflow/dags/step_two.py took 0.079 seconds
[2025-04-03T10:31:08.297+0000] {processor.py:161} INFO - Started process (PID=383) to work on /opt/airflow/dags/step_two.py
[2025-04-03T10:31:08.299+0000] {processor.py:830} INFO - Processing file /opt/airflow/dags/step_two.py for tasks to queue
[2025-04-03T10:31:08.301+0000] {logging_mixin.py:188} INFO - [2025-04-03T10:31:08.300+0000] {dagbag.py:540} INFO - Filling up the DagBag from /opt/airflow/dags/step_two.py
[2025-04-03T10:31:08.310+0000] {processor.py:840} INFO - DAG(s) 'load_raw_data_to_bq' retrieved from /opt/airflow/dags/step_two.py
[2025-04-03T10:31:08.336+0000] {logging_mixin.py:188} INFO - [2025-04-03T10:31:08.335+0000] {dag.py:3047} INFO - Sync 1 DAGs
[2025-04-03T10:31:08.352+0000] {logging_mixin.py:188} INFO - [2025-04-03T10:31:08.352+0000] {dag.py:3834} INFO - Setting next_dagrun for load_raw_data_to_bq to None, run_after=None
[2025-04-03T10:31:08.384+0000] {processor.py:183} INFO - Processing /opt/airflow/dags/step_two.py took 0.092 seconds
[2025-04-03T10:31:38.506+0000] {processor.py:161} INFO - Started process (PID=444) to work on /opt/airflow/dags/step_two.py
[2025-04-03T10:31:38.507+0000] {processor.py:830} INFO - Processing file /opt/airflow/dags/step_two.py for tasks to queue
[2025-04-03T10:31:38.510+0000] {logging_mixin.py:188} INFO - [2025-04-03T10:31:38.509+0000] {dagbag.py:540} INFO - Filling up the DagBag from /opt/airflow/dags/step_two.py
[2025-04-03T10:31:38.517+0000] {processor.py:840} INFO - DAG(s) 'load_raw_data_to_bq' retrieved from /opt/airflow/dags/step_two.py
[2025-04-03T10:31:38.541+0000] {logging_mixin.py:188} INFO - [2025-04-03T10:31:38.541+0000] {dag.py:3047} INFO - Sync 1 DAGs
[2025-04-03T10:31:38.559+0000] {logging_mixin.py:188} INFO - [2025-04-03T10:31:38.559+0000] {dag.py:3834} INFO - Setting next_dagrun for load_raw_data_to_bq to None, run_after=None
[2025-04-03T10:31:38.591+0000] {processor.py:183} INFO - Processing /opt/airflow/dags/step_two.py took 0.089 seconds
[2025-04-03T10:32:08.632+0000] {processor.py:161} INFO - Started process (PID=505) to work on /opt/airflow/dags/step_two.py
[2025-04-03T10:32:08.634+0000] {processor.py:830} INFO - Processing file /opt/airflow/dags/step_two.py for tasks to queue
[2025-04-03T10:32:08.636+0000] {logging_mixin.py:188} INFO - [2025-04-03T10:32:08.635+0000] {dagbag.py:540} INFO - Filling up the DagBag from /opt/airflow/dags/step_two.py
[2025-04-03T10:32:08.642+0000] {processor.py:840} INFO - DAG(s) 'load_raw_data_to_bq' retrieved from /opt/airflow/dags/step_two.py
[2025-04-03T10:32:08.668+0000] {logging_mixin.py:188} INFO - [2025-04-03T10:32:08.667+0000] {dag.py:3047} INFO - Sync 1 DAGs
[2025-04-03T10:32:08.684+0000] {logging_mixin.py:188} INFO - [2025-04-03T10:32:08.684+0000] {dag.py:3834} INFO - Setting next_dagrun for load_raw_data_to_bq to None, run_after=None
[2025-04-03T10:32:08.710+0000] {processor.py:183} INFO - Processing /opt/airflow/dags/step_two.py took 0.083 seconds
[2025-04-03T10:32:39.710+0000] {processor.py:161} INFO - Started process (PID=566) to work on /opt/airflow/dags/step_two.py
[2025-04-03T10:32:39.711+0000] {processor.py:830} INFO - Processing file /opt/airflow/dags/step_two.py for tasks to queue
[2025-04-03T10:32:39.713+0000] {logging_mixin.py:188} INFO - [2025-04-03T10:32:39.713+0000] {dagbag.py:540} INFO - Filling up the DagBag from /opt/airflow/dags/step_two.py
[2025-04-03T10:32:39.719+0000] {processor.py:840} INFO - DAG(s) 'load_raw_data_to_bq' retrieved from /opt/airflow/dags/step_two.py
[2025-04-03T10:32:39.746+0000] {logging_mixin.py:188} INFO - [2025-04-03T10:32:39.745+0000] {dag.py:3047} INFO - Sync 1 DAGs
[2025-04-03T10:32:39.760+0000] {logging_mixin.py:188} INFO - [2025-04-03T10:32:39.759+0000] {dag.py:3834} INFO - Setting next_dagrun for load_raw_data_to_bq to None, run_after=None
[2025-04-03T10:32:39.784+0000] {processor.py:183} INFO - Processing /opt/airflow/dags/step_two.py took 0.077 seconds
[2025-04-03T10:33:10.671+0000] {processor.py:161} INFO - Started process (PID=627) to work on /opt/airflow/dags/step_two.py
[2025-04-03T10:33:10.673+0000] {processor.py:830} INFO - Processing file /opt/airflow/dags/step_two.py for tasks to queue
[2025-04-03T10:33:10.675+0000] {logging_mixin.py:188} INFO - [2025-04-03T10:33:10.674+0000] {dagbag.py:540} INFO - Filling up the DagBag from /opt/airflow/dags/step_two.py
[2025-04-03T10:33:10.681+0000] {processor.py:840} INFO - DAG(s) 'load_raw_data_to_bq' retrieved from /opt/airflow/dags/step_two.py
[2025-04-03T10:33:10.706+0000] {logging_mixin.py:188} INFO - [2025-04-03T10:33:10.705+0000] {dag.py:3047} INFO - Sync 1 DAGs
[2025-04-03T10:33:10.719+0000] {logging_mixin.py:188} INFO - [2025-04-03T10:33:10.718+0000] {dag.py:3834} INFO - Setting next_dagrun for load_raw_data_to_bq to None, run_after=None
[2025-04-03T10:33:10.748+0000] {processor.py:183} INFO - Processing /opt/airflow/dags/step_two.py took 0.080 seconds
[2025-04-03T10:33:41.031+0000] {processor.py:161} INFO - Started process (PID=694) to work on /opt/airflow/dags/step_two.py
[2025-04-03T10:33:41.032+0000] {processor.py:830} INFO - Processing file /opt/airflow/dags/step_two.py for tasks to queue
[2025-04-03T10:33:41.037+0000] {logging_mixin.py:188} INFO - [2025-04-03T10:33:41.036+0000] {dagbag.py:540} INFO - Filling up the DagBag from /opt/airflow/dags/step_two.py
[2025-04-03T10:33:41.045+0000] {processor.py:840} INFO - DAG(s) 'load_raw_data_to_bq' retrieved from /opt/airflow/dags/step_two.py
[2025-04-03T10:33:41.068+0000] {logging_mixin.py:188} INFO - [2025-04-03T10:33:41.067+0000] {dag.py:3047} INFO - Sync 1 DAGs
[2025-04-03T10:33:41.083+0000] {logging_mixin.py:188} INFO - [2025-04-03T10:33:41.083+0000] {dag.py:3834} INFO - Setting next_dagrun for load_raw_data_to_bq to None, run_after=None
[2025-04-03T10:33:41.106+0000] {processor.py:183} INFO - Processing /opt/airflow/dags/step_two.py took 0.079 seconds
[2025-04-03T10:34:11.227+0000] {processor.py:161} INFO - Started process (PID=755) to work on /opt/airflow/dags/step_two.py
[2025-04-03T10:34:11.229+0000] {processor.py:830} INFO - Processing file /opt/airflow/dags/step_two.py for tasks to queue
[2025-04-03T10:34:11.231+0000] {logging_mixin.py:188} INFO - [2025-04-03T10:34:11.230+0000] {dagbag.py:540} INFO - Filling up the DagBag from /opt/airflow/dags/step_two.py
[2025-04-03T10:34:11.237+0000] {processor.py:840} INFO - DAG(s) 'load_raw_data_to_bq' retrieved from /opt/airflow/dags/step_two.py
[2025-04-03T10:34:11.270+0000] {logging_mixin.py:188} INFO - [2025-04-03T10:34:11.269+0000] {dag.py:3047} INFO - Sync 1 DAGs
[2025-04-03T10:34:11.289+0000] {logging_mixin.py:188} INFO - [2025-04-03T10:34:11.288+0000] {dag.py:3834} INFO - Setting next_dagrun for load_raw_data_to_bq to None, run_after=None
[2025-04-03T10:34:11.313+0000] {processor.py:183} INFO - Processing /opt/airflow/dags/step_two.py took 0.089 seconds
[2025-04-03T10:34:41.717+0000] {processor.py:161} INFO - Started process (PID=816) to work on /opt/airflow/dags/step_two.py
[2025-04-03T10:34:41.719+0000] {processor.py:830} INFO - Processing file /opt/airflow/dags/step_two.py for tasks to queue
[2025-04-03T10:34:41.722+0000] {logging_mixin.py:188} INFO - [2025-04-03T10:34:41.721+0000] {dagbag.py:540} INFO - Filling up the DagBag from /opt/airflow/dags/step_two.py
[2025-04-03T10:34:41.730+0000] {processor.py:840} INFO - DAG(s) 'load_raw_data_to_bq' retrieved from /opt/airflow/dags/step_two.py
[2025-04-03T10:34:41.759+0000] {logging_mixin.py:188} INFO - [2025-04-03T10:34:41.758+0000] {dag.py:3047} INFO - Sync 1 DAGs
[2025-04-03T10:34:41.774+0000] {logging_mixin.py:188} INFO - [2025-04-03T10:34:41.773+0000] {dag.py:3834} INFO - Setting next_dagrun for load_raw_data_to_bq to None, run_after=None
[2025-04-03T10:34:41.795+0000] {processor.py:183} INFO - Processing /opt/airflow/dags/step_two.py took 0.084 seconds
[2025-04-03T10:35:12.787+0000] {processor.py:161} INFO - Started process (PID=877) to work on /opt/airflow/dags/step_two.py
[2025-04-03T10:35:12.788+0000] {processor.py:830} INFO - Processing file /opt/airflow/dags/step_two.py for tasks to queue
[2025-04-03T10:35:12.790+0000] {logging_mixin.py:188} INFO - [2025-04-03T10:35:12.790+0000] {dagbag.py:540} INFO - Filling up the DagBag from /opt/airflow/dags/step_two.py
[2025-04-03T10:35:12.797+0000] {processor.py:840} INFO - DAG(s) 'load_raw_data_to_bq' retrieved from /opt/airflow/dags/step_two.py
[2025-04-03T10:35:12.817+0000] {logging_mixin.py:188} INFO - [2025-04-03T10:35:12.817+0000] {dag.py:3047} INFO - Sync 1 DAGs
[2025-04-03T10:35:12.830+0000] {logging_mixin.py:188} INFO - [2025-04-03T10:35:12.830+0000] {dag.py:3834} INFO - Setting next_dagrun for load_raw_data_to_bq to None, run_after=None
[2025-04-03T10:35:12.853+0000] {processor.py:183} INFO - Processing /opt/airflow/dags/step_two.py took 0.070 seconds
[2025-04-03T10:35:43.023+0000] {processor.py:161} INFO - Started process (PID=938) to work on /opt/airflow/dags/step_two.py
[2025-04-03T10:35:43.025+0000] {processor.py:830} INFO - Processing file /opt/airflow/dags/step_two.py for tasks to queue
[2025-04-03T10:35:43.027+0000] {logging_mixin.py:188} INFO - [2025-04-03T10:35:43.027+0000] {dagbag.py:540} INFO - Filling up the DagBag from /opt/airflow/dags/step_two.py
[2025-04-03T10:35:43.034+0000] {processor.py:840} INFO - DAG(s) 'load_raw_data_to_bq' retrieved from /opt/airflow/dags/step_two.py
[2025-04-03T10:35:43.055+0000] {logging_mixin.py:188} INFO - [2025-04-03T10:35:43.054+0000] {dag.py:3047} INFO - Sync 1 DAGs
[2025-04-03T10:35:43.069+0000] {logging_mixin.py:188} INFO - [2025-04-03T10:35:43.068+0000] {dag.py:3834} INFO - Setting next_dagrun for load_raw_data_to_bq to None, run_after=None
[2025-04-03T10:35:43.092+0000] {processor.py:183} INFO - Processing /opt/airflow/dags/step_two.py took 0.072 seconds
[2025-04-03T10:36:14.109+0000] {processor.py:161} INFO - Started process (PID=999) to work on /opt/airflow/dags/step_two.py
[2025-04-03T10:36:14.111+0000] {processor.py:830} INFO - Processing file /opt/airflow/dags/step_two.py for tasks to queue
[2025-04-03T10:36:14.114+0000] {logging_mixin.py:188} INFO - [2025-04-03T10:36:14.114+0000] {dagbag.py:540} INFO - Filling up the DagBag from /opt/airflow/dags/step_two.py
[2025-04-03T10:36:14.125+0000] {processor.py:840} INFO - DAG(s) 'load_raw_data_to_bq' retrieved from /opt/airflow/dags/step_two.py
[2025-04-03T10:36:14.149+0000] {logging_mixin.py:188} INFO - [2025-04-03T10:36:14.148+0000] {dag.py:3047} INFO - Sync 1 DAGs
[2025-04-03T10:36:14.164+0000] {logging_mixin.py:188} INFO - [2025-04-03T10:36:14.164+0000] {dag.py:3834} INFO - Setting next_dagrun for load_raw_data_to_bq to None, run_after=None
[2025-04-03T10:36:14.190+0000] {processor.py:183} INFO - Processing /opt/airflow/dags/step_two.py took 0.085 seconds
[2025-04-03T10:36:44.552+0000] {processor.py:161} INFO - Started process (PID=1060) to work on /opt/airflow/dags/step_two.py
[2025-04-03T10:36:44.554+0000] {processor.py:830} INFO - Processing file /opt/airflow/dags/step_two.py for tasks to queue
[2025-04-03T10:36:44.556+0000] {logging_mixin.py:188} INFO - [2025-04-03T10:36:44.555+0000] {dagbag.py:540} INFO - Filling up the DagBag from /opt/airflow/dags/step_two.py
[2025-04-03T10:36:44.562+0000] {processor.py:840} INFO - DAG(s) 'load_raw_data_to_bq' retrieved from /opt/airflow/dags/step_two.py
[2025-04-03T10:36:44.584+0000] {logging_mixin.py:188} INFO - [2025-04-03T10:36:44.583+0000] {dag.py:3047} INFO - Sync 1 DAGs
[2025-04-03T10:36:44.600+0000] {logging_mixin.py:188} INFO - [2025-04-03T10:36:44.600+0000] {dag.py:3834} INFO - Setting next_dagrun for load_raw_data_to_bq to None, run_after=None
[2025-04-03T10:36:44.630+0000] {processor.py:183} INFO - Processing /opt/airflow/dags/step_two.py took 0.082 seconds
[2025-04-03T10:37:14.880+0000] {processor.py:161} INFO - Started process (PID=1121) to work on /opt/airflow/dags/step_two.py
[2025-04-03T10:37:14.882+0000] {processor.py:830} INFO - Processing file /opt/airflow/dags/step_two.py for tasks to queue
[2025-04-03T10:37:14.884+0000] {logging_mixin.py:188} INFO - [2025-04-03T10:37:14.883+0000] {dagbag.py:540} INFO - Filling up the DagBag from /opt/airflow/dags/step_two.py
[2025-04-03T10:37:14.891+0000] {processor.py:840} INFO - DAG(s) 'load_raw_data_to_bq' retrieved from /opt/airflow/dags/step_two.py
[2025-04-03T10:37:14.913+0000] {logging_mixin.py:188} INFO - [2025-04-03T10:37:14.912+0000] {dag.py:3047} INFO - Sync 1 DAGs
[2025-04-03T10:37:14.926+0000] {logging_mixin.py:188} INFO - [2025-04-03T10:37:14.926+0000] {dag.py:3834} INFO - Setting next_dagrun for load_raw_data_to_bq to None, run_after=None
[2025-04-03T10:37:14.945+0000] {processor.py:183} INFO - Processing /opt/airflow/dags/step_two.py took 0.069 seconds
[2025-04-03T10:37:45.053+0000] {processor.py:161} INFO - Started process (PID=1182) to work on /opt/airflow/dags/step_two.py
[2025-04-03T10:37:45.054+0000] {processor.py:830} INFO - Processing file /opt/airflow/dags/step_two.py for tasks to queue
[2025-04-03T10:37:45.057+0000] {logging_mixin.py:188} INFO - [2025-04-03T10:37:45.056+0000] {dagbag.py:540} INFO - Filling up the DagBag from /opt/airflow/dags/step_two.py
[2025-04-03T10:37:45.064+0000] {processor.py:840} INFO - DAG(s) 'load_raw_data_to_bq' retrieved from /opt/airflow/dags/step_two.py
[2025-04-03T10:37:45.088+0000] {logging_mixin.py:188} INFO - [2025-04-03T10:37:45.088+0000] {dag.py:3047} INFO - Sync 1 DAGs
[2025-04-03T10:37:45.101+0000] {logging_mixin.py:188} INFO - [2025-04-03T10:37:45.101+0000] {dag.py:3834} INFO - Setting next_dagrun for load_raw_data_to_bq to None, run_after=None
[2025-04-03T10:37:45.123+0000] {processor.py:183} INFO - Processing /opt/airflow/dags/step_two.py took 0.076 seconds
[2025-04-03T10:38:15.390+0000] {processor.py:161} INFO - Started process (PID=1243) to work on /opt/airflow/dags/step_two.py
[2025-04-03T10:38:15.392+0000] {processor.py:830} INFO - Processing file /opt/airflow/dags/step_two.py for tasks to queue
[2025-04-03T10:38:15.395+0000] {logging_mixin.py:188} INFO - [2025-04-03T10:38:15.394+0000] {dagbag.py:540} INFO - Filling up the DagBag from /opt/airflow/dags/step_two.py
[2025-04-03T10:38:15.401+0000] {processor.py:840} INFO - DAG(s) 'load_raw_data_to_bq' retrieved from /opt/airflow/dags/step_two.py
[2025-04-03T10:38:15.422+0000] {logging_mixin.py:188} INFO - [2025-04-03T10:38:15.421+0000] {dag.py:3047} INFO - Sync 1 DAGs
[2025-04-03T10:38:15.434+0000] {logging_mixin.py:188} INFO - [2025-04-03T10:38:15.434+0000] {dag.py:3834} INFO - Setting next_dagrun for load_raw_data_to_bq to None, run_after=None
[2025-04-03T10:38:15.454+0000] {processor.py:183} INFO - Processing /opt/airflow/dags/step_two.py took 0.068 seconds
[2025-04-03T10:38:45.886+0000] {processor.py:161} INFO - Started process (PID=1311) to work on /opt/airflow/dags/step_two.py
[2025-04-03T10:38:45.888+0000] {processor.py:830} INFO - Processing file /opt/airflow/dags/step_two.py for tasks to queue
[2025-04-03T10:38:45.890+0000] {logging_mixin.py:188} INFO - [2025-04-03T10:38:45.890+0000] {dagbag.py:540} INFO - Filling up the DagBag from /opt/airflow/dags/step_two.py
[2025-04-03T10:38:45.896+0000] {processor.py:840} INFO - DAG(s) 'load_raw_data_to_bq' retrieved from /opt/airflow/dags/step_two.py
[2025-04-03T10:38:45.922+0000] {logging_mixin.py:188} INFO - [2025-04-03T10:38:45.921+0000] {dag.py:3047} INFO - Sync 1 DAGs
[2025-04-03T10:38:45.936+0000] {logging_mixin.py:188} INFO - [2025-04-03T10:38:45.936+0000] {dag.py:3834} INFO - Setting next_dagrun for load_raw_data_to_bq to None, run_after=None
[2025-04-03T10:38:45.960+0000] {processor.py:183} INFO - Processing /opt/airflow/dags/step_two.py took 0.077 seconds
[2025-04-03T10:39:16.081+0000] {processor.py:161} INFO - Started process (PID=1372) to work on /opt/airflow/dags/step_two.py
[2025-04-03T10:39:16.082+0000] {processor.py:830} INFO - Processing file /opt/airflow/dags/step_two.py for tasks to queue
[2025-04-03T10:39:16.084+0000] {logging_mixin.py:188} INFO - [2025-04-03T10:39:16.084+0000] {dagbag.py:540} INFO - Filling up the DagBag from /opt/airflow/dags/step_two.py
[2025-04-03T10:39:16.092+0000] {processor.py:840} INFO - DAG(s) 'load_raw_data_to_bq' retrieved from /opt/airflow/dags/step_two.py
[2025-04-03T10:39:16.121+0000] {logging_mixin.py:188} INFO - [2025-04-03T10:39:16.121+0000] {dag.py:3047} INFO - Sync 1 DAGs
[2025-04-03T10:39:16.138+0000] {logging_mixin.py:188} INFO - [2025-04-03T10:39:16.138+0000] {dag.py:3834} INFO - Setting next_dagrun for load_raw_data_to_bq to None, run_after=None
[2025-04-03T10:39:16.166+0000] {processor.py:183} INFO - Processing /opt/airflow/dags/step_two.py took 0.090 seconds
[2025-04-03T10:39:46.490+0000] {processor.py:161} INFO - Started process (PID=1433) to work on /opt/airflow/dags/step_two.py
[2025-04-03T10:39:46.491+0000] {processor.py:830} INFO - Processing file /opt/airflow/dags/step_two.py for tasks to queue
[2025-04-03T10:39:46.494+0000] {logging_mixin.py:188} INFO - [2025-04-03T10:39:46.493+0000] {dagbag.py:540} INFO - Filling up the DagBag from /opt/airflow/dags/step_two.py
[2025-04-03T10:39:46.500+0000] {processor.py:840} INFO - DAG(s) 'load_raw_data_to_bq' retrieved from /opt/airflow/dags/step_two.py
[2025-04-03T10:39:46.521+0000] {logging_mixin.py:188} INFO - [2025-04-03T10:39:46.521+0000] {dag.py:3047} INFO - Sync 1 DAGs
[2025-04-03T10:39:46.534+0000] {logging_mixin.py:188} INFO - [2025-04-03T10:39:46.534+0000] {dag.py:3834} INFO - Setting next_dagrun for load_raw_data_to_bq to None, run_after=None
[2025-04-03T10:39:46.559+0000] {processor.py:183} INFO - Processing /opt/airflow/dags/step_two.py took 0.073 seconds
[2025-04-03T10:40:17.445+0000] {processor.py:161} INFO - Started process (PID=1494) to work on /opt/airflow/dags/step_two.py
[2025-04-03T10:40:17.449+0000] {processor.py:830} INFO - Processing file /opt/airflow/dags/step_two.py for tasks to queue
[2025-04-03T10:40:17.463+0000] {logging_mixin.py:188} INFO - [2025-04-03T10:40:17.462+0000] {dagbag.py:540} INFO - Filling up the DagBag from /opt/airflow/dags/step_two.py
[2025-04-03T10:40:17.486+0000] {processor.py:840} INFO - DAG(s) 'load_raw_data_to_bq' retrieved from /opt/airflow/dags/step_two.py
[2025-04-03T10:40:17.547+0000] {logging_mixin.py:188} INFO - [2025-04-03T10:40:17.546+0000] {dag.py:3047} INFO - Sync 1 DAGs
[2025-04-03T10:40:17.573+0000] {logging_mixin.py:188} INFO - [2025-04-03T10:40:17.572+0000] {dag.py:3834} INFO - Setting next_dagrun for load_raw_data_to_bq to None, run_after=None
[2025-04-03T10:40:17.612+0000] {processor.py:183} INFO - Processing /opt/airflow/dags/step_two.py took 0.183 seconds
[2025-04-03T10:40:47.880+0000] {processor.py:161} INFO - Started process (PID=1555) to work on /opt/airflow/dags/step_two.py
[2025-04-03T10:40:47.881+0000] {processor.py:830} INFO - Processing file /opt/airflow/dags/step_two.py for tasks to queue
[2025-04-03T10:40:47.884+0000] {logging_mixin.py:188} INFO - [2025-04-03T10:40:47.883+0000] {dagbag.py:540} INFO - Filling up the DagBag from /opt/airflow/dags/step_two.py
[2025-04-03T10:40:47.892+0000] {processor.py:840} INFO - DAG(s) 'load_raw_data_to_bq' retrieved from /opt/airflow/dags/step_two.py
[2025-04-03T10:40:47.921+0000] {logging_mixin.py:188} INFO - [2025-04-03T10:40:47.920+0000] {dag.py:3047} INFO - Sync 1 DAGs
[2025-04-03T10:40:47.937+0000] {logging_mixin.py:188} INFO - [2025-04-03T10:40:47.937+0000] {dag.py:3834} INFO - Setting next_dagrun for load_raw_data_to_bq to None, run_after=None
[2025-04-03T10:40:47.963+0000] {processor.py:183} INFO - Processing /opt/airflow/dags/step_two.py took 0.088 seconds
[2025-04-03T10:41:18.007+0000] {processor.py:161} INFO - Started process (PID=1616) to work on /opt/airflow/dags/step_two.py
[2025-04-03T10:41:18.008+0000] {processor.py:830} INFO - Processing file /opt/airflow/dags/step_two.py for tasks to queue
[2025-04-03T10:41:18.010+0000] {logging_mixin.py:188} INFO - [2025-04-03T10:41:18.010+0000] {dagbag.py:540} INFO - Filling up the DagBag from /opt/airflow/dags/step_two.py
[2025-04-03T10:41:18.017+0000] {processor.py:840} INFO - DAG(s) 'load_raw_data_to_bq' retrieved from /opt/airflow/dags/step_two.py
[2025-04-03T10:41:18.039+0000] {logging_mixin.py:188} INFO - [2025-04-03T10:41:18.039+0000] {dag.py:3047} INFO - Sync 1 DAGs
[2025-04-03T10:41:18.054+0000] {logging_mixin.py:188} INFO - [2025-04-03T10:41:18.053+0000] {dag.py:3834} INFO - Setting next_dagrun for load_raw_data_to_bq to None, run_after=None
[2025-04-03T10:41:18.078+0000] {processor.py:183} INFO - Processing /opt/airflow/dags/step_two.py took 0.075 seconds
[2025-04-03T10:41:48.388+0000] {processor.py:161} INFO - Started process (PID=1677) to work on /opt/airflow/dags/step_two.py
[2025-04-03T10:41:48.389+0000] {processor.py:830} INFO - Processing file /opt/airflow/dags/step_two.py for tasks to queue
[2025-04-03T10:41:48.391+0000] {logging_mixin.py:188} INFO - [2025-04-03T10:41:48.391+0000] {dagbag.py:540} INFO - Filling up the DagBag from /opt/airflow/dags/step_two.py
[2025-04-03T10:41:48.398+0000] {processor.py:840} INFO - DAG(s) 'load_raw_data_to_bq' retrieved from /opt/airflow/dags/step_two.py
[2025-04-03T10:41:48.421+0000] {logging_mixin.py:188} INFO - [2025-04-03T10:41:48.421+0000] {dag.py:3047} INFO - Sync 1 DAGs
[2025-04-03T10:41:48.436+0000] {logging_mixin.py:188} INFO - [2025-04-03T10:41:48.436+0000] {dag.py:3834} INFO - Setting next_dagrun for load_raw_data_to_bq to None, run_after=None
[2025-04-03T10:41:48.460+0000] {processor.py:183} INFO - Processing /opt/airflow/dags/step_two.py took 0.078 seconds
[2025-04-03T10:42:18.822+0000] {processor.py:161} INFO - Started process (PID=1738) to work on /opt/airflow/dags/step_two.py
[2025-04-03T10:42:18.824+0000] {processor.py:830} INFO - Processing file /opt/airflow/dags/step_two.py for tasks to queue
[2025-04-03T10:42:18.826+0000] {logging_mixin.py:188} INFO - [2025-04-03T10:42:18.826+0000] {dagbag.py:540} INFO - Filling up the DagBag from /opt/airflow/dags/step_two.py
[2025-04-03T10:42:18.832+0000] {processor.py:840} INFO - DAG(s) 'load_raw_data_to_bq' retrieved from /opt/airflow/dags/step_two.py
[2025-04-03T10:42:18.855+0000] {logging_mixin.py:188} INFO - [2025-04-03T10:42:18.854+0000] {dag.py:3047} INFO - Sync 1 DAGs
[2025-04-03T10:42:18.870+0000] {logging_mixin.py:188} INFO - [2025-04-03T10:42:18.869+0000] {dag.py:3834} INFO - Setting next_dagrun for load_raw_data_to_bq to None, run_after=None
[2025-04-03T10:42:18.893+0000] {processor.py:183} INFO - Processing /opt/airflow/dags/step_two.py took 0.074 seconds
[2025-04-03T10:42:49.733+0000] {processor.py:161} INFO - Started process (PID=1801) to work on /opt/airflow/dags/step_two.py
[2025-04-03T10:42:49.735+0000] {processor.py:830} INFO - Processing file /opt/airflow/dags/step_two.py for tasks to queue
[2025-04-03T10:42:49.738+0000] {logging_mixin.py:188} INFO - [2025-04-03T10:42:49.738+0000] {dagbag.py:540} INFO - Filling up the DagBag from /opt/airflow/dags/step_two.py
[2025-04-03T10:42:49.746+0000] {processor.py:840} INFO - DAG(s) 'load_raw_data_to_bq' retrieved from /opt/airflow/dags/step_two.py
[2025-04-03T10:42:49.768+0000] {logging_mixin.py:188} INFO - [2025-04-03T10:42:49.768+0000] {dag.py:3047} INFO - Sync 1 DAGs
[2025-04-03T10:42:49.783+0000] {logging_mixin.py:188} INFO - [2025-04-03T10:42:49.783+0000] {dag.py:3834} INFO - Setting next_dagrun for load_raw_data_to_bq to None, run_after=None
[2025-04-03T10:42:49.803+0000] {processor.py:183} INFO - Processing /opt/airflow/dags/step_two.py took 0.075 seconds
[2025-04-03T10:43:20.414+0000] {processor.py:161} INFO - Started process (PID=1862) to work on /opt/airflow/dags/step_two.py
[2025-04-03T10:43:20.415+0000] {processor.py:830} INFO - Processing file /opt/airflow/dags/step_two.py for tasks to queue
[2025-04-03T10:43:20.418+0000] {logging_mixin.py:188} INFO - [2025-04-03T10:43:20.417+0000] {dagbag.py:540} INFO - Filling up the DagBag from /opt/airflow/dags/step_two.py
[2025-04-03T10:43:20.424+0000] {processor.py:840} INFO - DAG(s) 'load_raw_data_to_bq' retrieved from /opt/airflow/dags/step_two.py
[2025-04-03T10:43:20.448+0000] {logging_mixin.py:188} INFO - [2025-04-03T10:43:20.447+0000] {dag.py:3047} INFO - Sync 1 DAGs
[2025-04-03T10:43:20.461+0000] {logging_mixin.py:188} INFO - [2025-04-03T10:43:20.461+0000] {dag.py:3834} INFO - Setting next_dagrun for load_raw_data_to_bq to None, run_after=None
[2025-04-03T10:43:20.486+0000] {processor.py:183} INFO - Processing /opt/airflow/dags/step_two.py took 0.077 seconds
[2025-04-03T10:43:51.343+0000] {processor.py:161} INFO - Started process (PID=1929) to work on /opt/airflow/dags/step_two.py
[2025-04-03T10:43:51.344+0000] {processor.py:830} INFO - Processing file /opt/airflow/dags/step_two.py for tasks to queue
[2025-04-03T10:43:51.347+0000] {logging_mixin.py:188} INFO - [2025-04-03T10:43:51.346+0000] {dagbag.py:540} INFO - Filling up the DagBag from /opt/airflow/dags/step_two.py
[2025-04-03T10:43:51.356+0000] {processor.py:840} INFO - DAG(s) 'load_raw_data_to_bq' retrieved from /opt/airflow/dags/step_two.py
[2025-04-03T10:43:51.382+0000] {logging_mixin.py:188} INFO - [2025-04-03T10:43:51.381+0000] {dag.py:3047} INFO - Sync 1 DAGs
[2025-04-03T10:43:51.403+0000] {logging_mixin.py:188} INFO - [2025-04-03T10:43:51.402+0000] {dag.py:3834} INFO - Setting next_dagrun for load_raw_data_to_bq to None, run_after=None
[2025-04-03T10:43:51.427+0000] {processor.py:183} INFO - Processing /opt/airflow/dags/step_two.py took 0.088 seconds
[2025-04-03T10:44:21.558+0000] {processor.py:161} INFO - Started process (PID=1990) to work on /opt/airflow/dags/step_two.py
[2025-04-03T10:44:21.561+0000] {processor.py:830} INFO - Processing file /opt/airflow/dags/step_two.py for tasks to queue
[2025-04-03T10:44:21.565+0000] {logging_mixin.py:188} INFO - [2025-04-03T10:44:21.564+0000] {dagbag.py:540} INFO - Filling up the DagBag from /opt/airflow/dags/step_two.py
[2025-04-03T10:44:21.576+0000] {processor.py:840} INFO - DAG(s) 'load_raw_data_to_bq' retrieved from /opt/airflow/dags/step_two.py
[2025-04-03T10:44:21.602+0000] {logging_mixin.py:188} INFO - [2025-04-03T10:44:21.602+0000] {dag.py:3047} INFO - Sync 1 DAGs
[2025-04-03T10:44:21.621+0000] {logging_mixin.py:188} INFO - [2025-04-03T10:44:21.621+0000] {dag.py:3834} INFO - Setting next_dagrun for load_raw_data_to_bq to None, run_after=None
[2025-04-03T10:44:21.651+0000] {processor.py:183} INFO - Processing /opt/airflow/dags/step_two.py took 0.099 seconds
[2025-04-03T10:44:51.898+0000] {processor.py:161} INFO - Started process (PID=2051) to work on /opt/airflow/dags/step_two.py
[2025-04-03T10:44:51.900+0000] {processor.py:830} INFO - Processing file /opt/airflow/dags/step_two.py for tasks to queue
[2025-04-03T10:44:51.903+0000] {logging_mixin.py:188} INFO - [2025-04-03T10:44:51.902+0000] {dagbag.py:540} INFO - Filling up the DagBag from /opt/airflow/dags/step_two.py
[2025-04-03T10:44:51.910+0000] {processor.py:840} INFO - DAG(s) 'load_raw_data_to_bq' retrieved from /opt/airflow/dags/step_two.py
[2025-04-03T10:44:51.935+0000] {logging_mixin.py:188} INFO - [2025-04-03T10:44:51.934+0000] {dag.py:3047} INFO - Sync 1 DAGs
[2025-04-03T10:44:51.947+0000] {logging_mixin.py:188} INFO - [2025-04-03T10:44:51.947+0000] {dag.py:3834} INFO - Setting next_dagrun for load_raw_data_to_bq to None, run_after=None
[2025-04-03T10:44:51.970+0000] {processor.py:183} INFO - Processing /opt/airflow/dags/step_two.py took 0.078 seconds
[2025-04-03T10:45:22.515+0000] {processor.py:161} INFO - Started process (PID=2112) to work on /opt/airflow/dags/step_two.py
[2025-04-03T10:45:22.517+0000] {processor.py:830} INFO - Processing file /opt/airflow/dags/step_two.py for tasks to queue
[2025-04-03T10:45:22.519+0000] {logging_mixin.py:188} INFO - [2025-04-03T10:45:22.518+0000] {dagbag.py:540} INFO - Filling up the DagBag from /opt/airflow/dags/step_two.py
[2025-04-03T10:45:22.526+0000] {processor.py:840} INFO - DAG(s) 'load_raw_data_to_bq' retrieved from /opt/airflow/dags/step_two.py
[2025-04-03T10:45:22.551+0000] {logging_mixin.py:188} INFO - [2025-04-03T10:45:22.550+0000] {dag.py:3047} INFO - Sync 1 DAGs
[2025-04-03T10:45:22.565+0000] {logging_mixin.py:188} INFO - [2025-04-03T10:45:22.564+0000] {dag.py:3834} INFO - Setting next_dagrun for load_raw_data_to_bq to None, run_after=None
[2025-04-03T10:45:22.588+0000] {processor.py:183} INFO - Processing /opt/airflow/dags/step_two.py took 0.076 seconds
[2025-04-03T10:45:52.688+0000] {processor.py:161} INFO - Started process (PID=2173) to work on /opt/airflow/dags/step_two.py
[2025-04-03T10:45:52.689+0000] {processor.py:830} INFO - Processing file /opt/airflow/dags/step_two.py for tasks to queue
[2025-04-03T10:45:52.691+0000] {logging_mixin.py:188} INFO - [2025-04-03T10:45:52.691+0000] {dagbag.py:540} INFO - Filling up the DagBag from /opt/airflow/dags/step_two.py
[2025-04-03T10:45:52.697+0000] {processor.py:840} INFO - DAG(s) 'load_raw_data_to_bq' retrieved from /opt/airflow/dags/step_two.py
[2025-04-03T10:45:52.720+0000] {logging_mixin.py:188} INFO - [2025-04-03T10:45:52.720+0000] {dag.py:3047} INFO - Sync 1 DAGs
[2025-04-03T10:45:52.733+0000] {logging_mixin.py:188} INFO - [2025-04-03T10:45:52.733+0000] {dag.py:3834} INFO - Setting next_dagrun for load_raw_data_to_bq to None, run_after=None
[2025-04-03T10:45:52.757+0000] {processor.py:183} INFO - Processing /opt/airflow/dags/step_two.py took 0.073 seconds
[2025-04-03T10:46:22.888+0000] {processor.py:161} INFO - Started process (PID=2234) to work on /opt/airflow/dags/step_two.py
[2025-04-03T10:46:22.889+0000] {processor.py:830} INFO - Processing file /opt/airflow/dags/step_two.py for tasks to queue
[2025-04-03T10:46:22.892+0000] {logging_mixin.py:188} INFO - [2025-04-03T10:46:22.892+0000] {dagbag.py:540} INFO - Filling up the DagBag from /opt/airflow/dags/step_two.py
[2025-04-03T10:46:22.898+0000] {processor.py:840} INFO - DAG(s) 'load_raw_data_to_bq' retrieved from /opt/airflow/dags/step_two.py
[2025-04-03T10:46:22.925+0000] {logging_mixin.py:188} INFO - [2025-04-03T10:46:22.925+0000] {dag.py:3047} INFO - Sync 1 DAGs
[2025-04-03T10:46:22.938+0000] {logging_mixin.py:188} INFO - [2025-04-03T10:46:22.938+0000] {dag.py:3834} INFO - Setting next_dagrun for load_raw_data_to_bq to None, run_after=None
[2025-04-03T10:46:22.959+0000] {processor.py:183} INFO - Processing /opt/airflow/dags/step_two.py took 0.076 seconds
[2025-04-03T10:46:53.285+0000] {processor.py:161} INFO - Started process (PID=2295) to work on /opt/airflow/dags/step_two.py
[2025-04-03T10:46:53.286+0000] {processor.py:830} INFO - Processing file /opt/airflow/dags/step_two.py for tasks to queue
[2025-04-03T10:46:53.288+0000] {logging_mixin.py:188} INFO - [2025-04-03T10:46:53.288+0000] {dagbag.py:540} INFO - Filling up the DagBag from /opt/airflow/dags/step_two.py
[2025-04-03T10:46:53.295+0000] {processor.py:840} INFO - DAG(s) 'load_raw_data_to_bq' retrieved from /opt/airflow/dags/step_two.py
[2025-04-03T10:46:53.318+0000] {logging_mixin.py:188} INFO - [2025-04-03T10:46:53.317+0000] {dag.py:3047} INFO - Sync 1 DAGs
[2025-04-03T10:46:53.331+0000] {logging_mixin.py:188} INFO - [2025-04-03T10:46:53.331+0000] {dag.py:3834} INFO - Setting next_dagrun for load_raw_data_to_bq to None, run_after=None
[2025-04-03T10:46:53.353+0000] {processor.py:183} INFO - Processing /opt/airflow/dags/step_two.py took 0.073 seconds
[2025-04-03T10:47:23.575+0000] {processor.py:161} INFO - Started process (PID=2356) to work on /opt/airflow/dags/step_two.py
[2025-04-03T10:47:23.577+0000] {processor.py:830} INFO - Processing file /opt/airflow/dags/step_two.py for tasks to queue
[2025-04-03T10:47:23.579+0000] {logging_mixin.py:188} INFO - [2025-04-03T10:47:23.579+0000] {dagbag.py:540} INFO - Filling up the DagBag from /opt/airflow/dags/step_two.py
[2025-04-03T10:47:23.587+0000] {processor.py:840} INFO - DAG(s) 'load_raw_data_to_bq' retrieved from /opt/airflow/dags/step_two.py
[2025-04-03T10:47:23.613+0000] {logging_mixin.py:188} INFO - [2025-04-03T10:47:23.612+0000] {dag.py:3047} INFO - Sync 1 DAGs
[2025-04-03T10:47:23.630+0000] {logging_mixin.py:188} INFO - [2025-04-03T10:47:23.630+0000] {dag.py:3834} INFO - Setting next_dagrun for load_raw_data_to_bq to None, run_after=None
[2025-04-03T10:47:23.656+0000] {processor.py:183} INFO - Processing /opt/airflow/dags/step_two.py took 0.086 seconds
[2025-04-03T10:47:54.352+0000] {processor.py:161} INFO - Started process (PID=2417) to work on /opt/airflow/dags/step_two.py
[2025-04-03T10:47:54.355+0000] {processor.py:830} INFO - Processing file /opt/airflow/dags/step_two.py for tasks to queue
[2025-04-03T10:47:54.369+0000] {logging_mixin.py:188} INFO - [2025-04-03T10:47:54.368+0000] {dagbag.py:540} INFO - Filling up the DagBag from /opt/airflow/dags/step_two.py
[2025-04-03T10:47:54.384+0000] {processor.py:840} INFO - DAG(s) 'load_raw_data_to_bq' retrieved from /opt/airflow/dags/step_two.py
[2025-04-03T10:47:54.430+0000] {logging_mixin.py:188} INFO - [2025-04-03T10:47:54.429+0000] {dag.py:3047} INFO - Sync 1 DAGs
[2025-04-03T10:47:54.476+0000] {logging_mixin.py:188} INFO - [2025-04-03T10:47:54.475+0000] {dag.py:3834} INFO - Setting next_dagrun for load_raw_data_to_bq to None, run_after=None
[2025-04-03T10:47:54.536+0000] {processor.py:183} INFO - Processing /opt/airflow/dags/step_two.py took 0.202 seconds
[2025-04-03T10:48:24.621+0000] {processor.py:161} INFO - Started process (PID=2478) to work on /opt/airflow/dags/step_two.py
[2025-04-03T10:48:24.623+0000] {processor.py:830} INFO - Processing file /opt/airflow/dags/step_two.py for tasks to queue
[2025-04-03T10:48:24.625+0000] {logging_mixin.py:188} INFO - [2025-04-03T10:48:24.625+0000] {dagbag.py:540} INFO - Filling up the DagBag from /opt/airflow/dags/step_two.py
[2025-04-03T10:48:24.632+0000] {processor.py:840} INFO - DAG(s) 'load_raw_data_to_bq' retrieved from /opt/airflow/dags/step_two.py
[2025-04-03T10:48:24.653+0000] {logging_mixin.py:188} INFO - [2025-04-03T10:48:24.652+0000] {dag.py:3047} INFO - Sync 1 DAGs
[2025-04-03T10:48:24.666+0000] {logging_mixin.py:188} INFO - [2025-04-03T10:48:24.665+0000] {dag.py:3834} INFO - Setting next_dagrun for load_raw_data_to_bq to None, run_after=None
[2025-04-03T10:48:24.686+0000] {processor.py:183} INFO - Processing /opt/airflow/dags/step_two.py took 0.069 seconds
[2025-04-03T10:48:55.484+0000] {processor.py:161} INFO - Started process (PID=2539) to work on /opt/airflow/dags/step_two.py
[2025-04-03T10:48:55.486+0000] {processor.py:830} INFO - Processing file /opt/airflow/dags/step_two.py for tasks to queue
[2025-04-03T10:48:55.489+0000] {logging_mixin.py:188} INFO - [2025-04-03T10:48:55.488+0000] {dagbag.py:540} INFO - Filling up the DagBag from /opt/airflow/dags/step_two.py
[2025-04-03T10:48:55.500+0000] {processor.py:840} INFO - DAG(s) 'load_raw_data_to_bq' retrieved from /opt/airflow/dags/step_two.py
[2025-04-03T10:48:55.532+0000] {logging_mixin.py:188} INFO - [2025-04-03T10:48:55.531+0000] {dag.py:3047} INFO - Sync 1 DAGs
[2025-04-03T10:48:55.551+0000] {logging_mixin.py:188} INFO - [2025-04-03T10:48:55.550+0000] {dag.py:3834} INFO - Setting next_dagrun for load_raw_data_to_bq to None, run_after=None
[2025-04-03T10:48:55.583+0000] {processor.py:183} INFO - Processing /opt/airflow/dags/step_two.py took 0.102 seconds
[2025-04-03T10:49:25.858+0000] {processor.py:161} INFO - Started process (PID=2607) to work on /opt/airflow/dags/step_two.py
[2025-04-03T10:49:25.859+0000] {processor.py:830} INFO - Processing file /opt/airflow/dags/step_two.py for tasks to queue
[2025-04-03T10:49:25.861+0000] {logging_mixin.py:188} INFO - [2025-04-03T10:49:25.861+0000] {dagbag.py:540} INFO - Filling up the DagBag from /opt/airflow/dags/step_two.py
[2025-04-03T10:49:25.871+0000] {processor.py:840} INFO - DAG(s) 'load_raw_data_to_bq' retrieved from /opt/airflow/dags/step_two.py
[2025-04-03T10:49:25.896+0000] {logging_mixin.py:188} INFO - [2025-04-03T10:49:25.896+0000] {dag.py:3047} INFO - Sync 1 DAGs
[2025-04-03T10:49:25.911+0000] {logging_mixin.py:188} INFO - [2025-04-03T10:49:25.911+0000] {dag.py:3834} INFO - Setting next_dagrun for load_raw_data_to_bq to None, run_after=None
[2025-04-03T10:49:25.938+0000] {processor.py:183} INFO - Processing /opt/airflow/dags/step_two.py took 0.085 seconds
[2025-04-03T10:49:56.513+0000] {processor.py:161} INFO - Started process (PID=2666) to work on /opt/airflow/dags/step_two.py
[2025-04-03T10:49:56.515+0000] {processor.py:830} INFO - Processing file /opt/airflow/dags/step_two.py for tasks to queue
[2025-04-03T10:49:56.518+0000] {logging_mixin.py:188} INFO - [2025-04-03T10:49:56.517+0000] {dagbag.py:540} INFO - Filling up the DagBag from /opt/airflow/dags/step_two.py
[2025-04-03T10:49:56.526+0000] {processor.py:840} INFO - DAG(s) 'load_raw_data_to_bq' retrieved from /opt/airflow/dags/step_two.py
[2025-04-03T10:49:56.547+0000] {logging_mixin.py:188} INFO - [2025-04-03T10:49:56.546+0000] {dag.py:3047} INFO - Sync 1 DAGs
[2025-04-03T10:49:56.560+0000] {logging_mixin.py:188} INFO - [2025-04-03T10:49:56.559+0000] {dag.py:3834} INFO - Setting next_dagrun for load_raw_data_to_bq to None, run_after=None
[2025-04-03T10:49:56.582+0000] {processor.py:183} INFO - Processing /opt/airflow/dags/step_two.py took 0.075 seconds
[2025-04-03T10:50:27.453+0000] {processor.py:161} INFO - Started process (PID=2727) to work on /opt/airflow/dags/step_two.py
[2025-04-03T10:50:27.455+0000] {processor.py:830} INFO - Processing file /opt/airflow/dags/step_two.py for tasks to queue
[2025-04-03T10:50:27.457+0000] {logging_mixin.py:188} INFO - [2025-04-03T10:50:27.457+0000] {dagbag.py:540} INFO - Filling up the DagBag from /opt/airflow/dags/step_two.py
[2025-04-03T10:50:27.466+0000] {processor.py:840} INFO - DAG(s) 'load_raw_data_to_bq' retrieved from /opt/airflow/dags/step_two.py
[2025-04-03T10:50:27.507+0000] {logging_mixin.py:188} INFO - [2025-04-03T10:50:27.506+0000] {dag.py:3047} INFO - Sync 1 DAGs
[2025-04-03T10:50:27.527+0000] {logging_mixin.py:188} INFO - [2025-04-03T10:50:27.527+0000] {dag.py:3834} INFO - Setting next_dagrun for load_raw_data_to_bq to None, run_after=None
[2025-04-03T10:50:27.557+0000] {processor.py:183} INFO - Processing /opt/airflow/dags/step_two.py took 0.108 seconds
[2025-04-03T10:50:58.338+0000] {processor.py:161} INFO - Started process (PID=2788) to work on /opt/airflow/dags/step_two.py
[2025-04-03T10:50:58.340+0000] {processor.py:830} INFO - Processing file /opt/airflow/dags/step_two.py for tasks to queue
[2025-04-03T10:50:58.343+0000] {logging_mixin.py:188} INFO - [2025-04-03T10:50:58.342+0000] {dagbag.py:540} INFO - Filling up the DagBag from /opt/airflow/dags/step_two.py
[2025-04-03T10:50:58.350+0000] {processor.py:840} INFO - DAG(s) 'load_raw_data_to_bq' retrieved from /opt/airflow/dags/step_two.py
[2025-04-03T10:50:58.371+0000] {logging_mixin.py:188} INFO - [2025-04-03T10:50:58.370+0000] {dag.py:3047} INFO - Sync 1 DAGs
[2025-04-03T10:50:58.383+0000] {logging_mixin.py:188} INFO - [2025-04-03T10:50:58.383+0000] {dag.py:3834} INFO - Setting next_dagrun for load_raw_data_to_bq to None, run_after=None
[2025-04-03T10:50:58.404+0000] {processor.py:183} INFO - Processing /opt/airflow/dags/step_two.py took 0.073 seconds
[2025-04-03T10:51:29.066+0000] {processor.py:161} INFO - Started process (PID=2849) to work on /opt/airflow/dags/step_two.py
[2025-04-03T10:51:29.067+0000] {processor.py:830} INFO - Processing file /opt/airflow/dags/step_two.py for tasks to queue
[2025-04-03T10:51:29.070+0000] {logging_mixin.py:188} INFO - [2025-04-03T10:51:29.069+0000] {dagbag.py:540} INFO - Filling up the DagBag from /opt/airflow/dags/step_two.py
[2025-04-03T10:51:29.077+0000] {processor.py:840} INFO - DAG(s) 'load_raw_data_to_bq' retrieved from /opt/airflow/dags/step_two.py
[2025-04-03T10:51:29.098+0000] {logging_mixin.py:188} INFO - [2025-04-03T10:51:29.097+0000] {dag.py:3047} INFO - Sync 1 DAGs
[2025-04-03T10:51:29.110+0000] {logging_mixin.py:188} INFO - [2025-04-03T10:51:29.110+0000] {dag.py:3834} INFO - Setting next_dagrun for load_raw_data_to_bq to None, run_after=None
[2025-04-03T10:51:29.132+0000] {processor.py:183} INFO - Processing /opt/airflow/dags/step_two.py took 0.071 seconds
[2025-04-03T10:51:59.647+0000] {processor.py:161} INFO - Started process (PID=2910) to work on /opt/airflow/dags/step_two.py
[2025-04-03T10:51:59.648+0000] {processor.py:830} INFO - Processing file /opt/airflow/dags/step_two.py for tasks to queue
[2025-04-03T10:51:59.651+0000] {logging_mixin.py:188} INFO - [2025-04-03T10:51:59.650+0000] {dagbag.py:540} INFO - Filling up the DagBag from /opt/airflow/dags/step_two.py
[2025-04-03T10:51:59.659+0000] {processor.py:840} INFO - DAG(s) 'load_raw_data_to_bq' retrieved from /opt/airflow/dags/step_two.py
[2025-04-03T10:51:59.683+0000] {logging_mixin.py:188} INFO - [2025-04-03T10:51:59.683+0000] {dag.py:3047} INFO - Sync 1 DAGs
[2025-04-03T10:51:59.698+0000] {logging_mixin.py:188} INFO - [2025-04-03T10:51:59.698+0000] {dag.py:3834} INFO - Setting next_dagrun for load_raw_data_to_bq to None, run_after=None
[2025-04-03T10:51:59.727+0000] {processor.py:183} INFO - Processing /opt/airflow/dags/step_two.py took 0.084 seconds
[2025-04-03T10:52:30.187+0000] {processor.py:161} INFO - Started process (PID=2971) to work on /opt/airflow/dags/step_two.py
[2025-04-03T10:52:30.188+0000] {processor.py:830} INFO - Processing file /opt/airflow/dags/step_two.py for tasks to queue
[2025-04-03T10:52:30.191+0000] {logging_mixin.py:188} INFO - [2025-04-03T10:52:30.190+0000] {dagbag.py:540} INFO - Filling up the DagBag from /opt/airflow/dags/step_two.py
[2025-04-03T10:52:30.198+0000] {processor.py:840} INFO - DAG(s) 'load_raw_data_to_bq' retrieved from /opt/airflow/dags/step_two.py
[2025-04-03T10:52:30.221+0000] {logging_mixin.py:188} INFO - [2025-04-03T10:52:30.220+0000] {dag.py:3047} INFO - Sync 1 DAGs
[2025-04-03T10:52:30.234+0000] {logging_mixin.py:188} INFO - [2025-04-03T10:52:30.234+0000] {dag.py:3834} INFO - Setting next_dagrun for load_raw_data_to_bq to None, run_after=None
[2025-04-03T10:52:30.255+0000] {processor.py:183} INFO - Processing /opt/airflow/dags/step_two.py took 0.073 seconds
[2025-04-03T10:53:00.418+0000] {processor.py:161} INFO - Started process (PID=3032) to work on /opt/airflow/dags/step_two.py
[2025-04-03T10:53:00.419+0000] {processor.py:830} INFO - Processing file /opt/airflow/dags/step_two.py for tasks to queue
[2025-04-03T10:53:00.421+0000] {logging_mixin.py:188} INFO - [2025-04-03T10:53:00.421+0000] {dagbag.py:540} INFO - Filling up the DagBag from /opt/airflow/dags/step_two.py
[2025-04-03T10:53:00.428+0000] {processor.py:840} INFO - DAG(s) 'load_raw_data_to_bq' retrieved from /opt/airflow/dags/step_two.py
[2025-04-03T10:53:00.453+0000] {logging_mixin.py:188} INFO - [2025-04-03T10:53:00.452+0000] {dag.py:3047} INFO - Sync 1 DAGs
[2025-04-03T10:53:00.467+0000] {logging_mixin.py:188} INFO - [2025-04-03T10:53:00.466+0000] {dag.py:3834} INFO - Setting next_dagrun for load_raw_data_to_bq to None, run_after=None
[2025-04-03T10:53:00.490+0000] {processor.py:183} INFO - Processing /opt/airflow/dags/step_two.py took 0.077 seconds
[2025-04-03T10:53:30.983+0000] {processor.py:161} INFO - Started process (PID=3094) to work on /opt/airflow/dags/step_two.py
[2025-04-03T10:53:30.984+0000] {processor.py:830} INFO - Processing file /opt/airflow/dags/step_two.py for tasks to queue
[2025-04-03T10:53:30.987+0000] {logging_mixin.py:188} INFO - [2025-04-03T10:53:30.986+0000] {dagbag.py:540} INFO - Filling up the DagBag from /opt/airflow/dags/step_two.py
[2025-04-03T10:53:30.996+0000] {processor.py:840} INFO - DAG(s) 'load_raw_data_to_bq' retrieved from /opt/airflow/dags/step_two.py
[2025-04-03T10:53:31.025+0000] {logging_mixin.py:188} INFO - [2025-04-03T10:53:31.024+0000] {dag.py:3047} INFO - Sync 1 DAGs
[2025-04-03T10:53:31.043+0000] {logging_mixin.py:188} INFO - [2025-04-03T10:53:31.043+0000] {dag.py:3834} INFO - Setting next_dagrun for load_raw_data_to_bq to None, run_after=None
[2025-04-03T10:53:31.077+0000] {processor.py:183} INFO - Processing /opt/airflow/dags/step_two.py took 0.099 seconds
[2025-04-03T10:54:01.212+0000] {processor.py:161} INFO - Started process (PID=3155) to work on /opt/airflow/dags/step_two.py
[2025-04-03T10:54:01.213+0000] {processor.py:830} INFO - Processing file /opt/airflow/dags/step_two.py for tasks to queue
[2025-04-03T10:54:01.218+0000] {logging_mixin.py:188} INFO - [2025-04-03T10:54:01.218+0000] {dagbag.py:540} INFO - Filling up the DagBag from /opt/airflow/dags/step_two.py
[2025-04-03T10:54:01.226+0000] {processor.py:840} INFO - DAG(s) 'load_raw_data_to_bq' retrieved from /opt/airflow/dags/step_two.py
[2025-04-03T10:54:01.258+0000] {logging_mixin.py:188} INFO - [2025-04-03T10:54:01.257+0000] {dag.py:3047} INFO - Sync 1 DAGs
[2025-04-03T10:54:01.274+0000] {logging_mixin.py:188} INFO - [2025-04-03T10:54:01.274+0000] {dag.py:3834} INFO - Setting next_dagrun for load_raw_data_to_bq to None, run_after=None
[2025-04-03T10:54:01.300+0000] {processor.py:183} INFO - Processing /opt/airflow/dags/step_two.py took 0.092 seconds
[2025-04-03T10:54:31.440+0000] {processor.py:161} INFO - Started process (PID=3222) to work on /opt/airflow/dags/step_two.py
[2025-04-03T10:54:31.442+0000] {processor.py:830} INFO - Processing file /opt/airflow/dags/step_two.py for tasks to queue
[2025-04-03T10:54:31.445+0000] {logging_mixin.py:188} INFO - [2025-04-03T10:54:31.444+0000] {dagbag.py:540} INFO - Filling up the DagBag from /opt/airflow/dags/step_two.py
[2025-04-03T10:54:31.455+0000] {processor.py:840} INFO - DAG(s) 'load_raw_data_to_bq' retrieved from /opt/airflow/dags/step_two.py
[2025-04-03T10:54:31.488+0000] {logging_mixin.py:188} INFO - [2025-04-03T10:54:31.487+0000] {dag.py:3047} INFO - Sync 1 DAGs
[2025-04-03T10:54:31.506+0000] {logging_mixin.py:188} INFO - [2025-04-03T10:54:31.506+0000] {dag.py:3834} INFO - Setting next_dagrun for load_raw_data_to_bq to None, run_after=None
[2025-04-03T10:54:31.538+0000] {processor.py:183} INFO - Processing /opt/airflow/dags/step_two.py took 0.104 seconds
[2025-04-03T10:55:01.970+0000] {processor.py:161} INFO - Started process (PID=3283) to work on /opt/airflow/dags/step_two.py
[2025-04-03T10:55:01.971+0000] {processor.py:830} INFO - Processing file /opt/airflow/dags/step_two.py for tasks to queue
[2025-04-03T10:55:01.973+0000] {logging_mixin.py:188} INFO - [2025-04-03T10:55:01.973+0000] {dagbag.py:540} INFO - Filling up the DagBag from /opt/airflow/dags/step_two.py
[2025-04-03T10:55:01.980+0000] {processor.py:840} INFO - DAG(s) 'load_raw_data_to_bq' retrieved from /opt/airflow/dags/step_two.py
[2025-04-03T10:55:02.001+0000] {logging_mixin.py:188} INFO - [2025-04-03T10:55:02.001+0000] {dag.py:3047} INFO - Sync 1 DAGs
[2025-04-03T10:55:02.015+0000] {logging_mixin.py:188} INFO - [2025-04-03T10:55:02.014+0000] {dag.py:3834} INFO - Setting next_dagrun for load_raw_data_to_bq to None, run_after=None
[2025-04-03T10:55:02.042+0000] {processor.py:183} INFO - Processing /opt/airflow/dags/step_two.py took 0.076 seconds
[2025-04-03T10:55:32.087+0000] {processor.py:161} INFO - Started process (PID=3343) to work on /opt/airflow/dags/step_two.py
[2025-04-03T10:55:32.089+0000] {processor.py:830} INFO - Processing file /opt/airflow/dags/step_two.py for tasks to queue
[2025-04-03T10:55:32.092+0000] {logging_mixin.py:188} INFO - [2025-04-03T10:55:32.091+0000] {dagbag.py:540} INFO - Filling up the DagBag from /opt/airflow/dags/step_two.py
[2025-04-03T10:55:32.099+0000] {processor.py:840} INFO - DAG(s) 'load_raw_data_to_bq' retrieved from /opt/airflow/dags/step_two.py
[2025-04-03T10:55:32.125+0000] {logging_mixin.py:188} INFO - [2025-04-03T10:55:32.124+0000] {dag.py:3047} INFO - Sync 1 DAGs
[2025-04-03T10:55:32.142+0000] {logging_mixin.py:188} INFO - [2025-04-03T10:55:32.142+0000] {dag.py:3834} INFO - Setting next_dagrun for load_raw_data_to_bq to None, run_after=None
[2025-04-03T10:55:32.169+0000] {processor.py:183} INFO - Processing /opt/airflow/dags/step_two.py took 0.087 seconds
[2025-04-03T10:56:02.713+0000] {processor.py:161} INFO - Started process (PID=3404) to work on /opt/airflow/dags/step_two.py
[2025-04-03T10:56:02.715+0000] {processor.py:830} INFO - Processing file /opt/airflow/dags/step_two.py for tasks to queue
[2025-04-03T10:56:02.717+0000] {logging_mixin.py:188} INFO - [2025-04-03T10:56:02.717+0000] {dagbag.py:540} INFO - Filling up the DagBag from /opt/airflow/dags/step_two.py
[2025-04-03T10:56:02.725+0000] {processor.py:840} INFO - DAG(s) 'load_raw_data_to_bq' retrieved from /opt/airflow/dags/step_two.py
[2025-04-03T10:56:02.752+0000] {logging_mixin.py:188} INFO - [2025-04-03T10:56:02.751+0000] {dag.py:3047} INFO - Sync 1 DAGs
[2025-04-03T10:56:02.770+0000] {logging_mixin.py:188} INFO - [2025-04-03T10:56:02.770+0000] {dag.py:3834} INFO - Setting next_dagrun for load_raw_data_to_bq to None, run_after=None
[2025-04-03T10:56:02.801+0000] {processor.py:183} INFO - Processing /opt/airflow/dags/step_two.py took 0.092 seconds
[2025-04-03T10:56:33.186+0000] {processor.py:161} INFO - Started process (PID=3465) to work on /opt/airflow/dags/step_two.py
[2025-04-03T10:56:33.187+0000] {processor.py:830} INFO - Processing file /opt/airflow/dags/step_two.py for tasks to queue
[2025-04-03T10:56:33.190+0000] {logging_mixin.py:188} INFO - [2025-04-03T10:56:33.189+0000] {dagbag.py:540} INFO - Filling up the DagBag from /opt/airflow/dags/step_two.py
[2025-04-03T10:56:33.198+0000] {processor.py:840} INFO - DAG(s) 'load_raw_data_to_bq' retrieved from /opt/airflow/dags/step_two.py
[2025-04-03T10:56:33.224+0000] {logging_mixin.py:188} INFO - [2025-04-03T10:56:33.224+0000] {dag.py:3047} INFO - Sync 1 DAGs
[2025-04-03T10:56:33.239+0000] {logging_mixin.py:188} INFO - [2025-04-03T10:56:33.239+0000] {dag.py:3834} INFO - Setting next_dagrun for load_raw_data_to_bq to None, run_after=None
[2025-04-03T10:56:33.270+0000] {processor.py:183} INFO - Processing /opt/airflow/dags/step_two.py took 0.089 seconds
[2025-04-03T10:57:03.983+0000] {processor.py:161} INFO - Started process (PID=3526) to work on /opt/airflow/dags/step_two.py
[2025-04-03T10:57:03.985+0000] {processor.py:830} INFO - Processing file /opt/airflow/dags/step_two.py for tasks to queue
[2025-04-03T10:57:03.988+0000] {logging_mixin.py:188} INFO - [2025-04-03T10:57:03.988+0000] {dagbag.py:540} INFO - Filling up the DagBag from /opt/airflow/dags/step_two.py
[2025-04-03T10:57:03.998+0000] {processor.py:840} INFO - DAG(s) 'load_raw_data_to_bq' retrieved from /opt/airflow/dags/step_two.py
[2025-04-03T10:57:04.029+0000] {logging_mixin.py:188} INFO - [2025-04-03T10:57:04.028+0000] {dag.py:3047} INFO - Sync 1 DAGs
[2025-04-03T10:57:04.049+0000] {logging_mixin.py:188} INFO - [2025-04-03T10:57:04.048+0000] {dag.py:3834} INFO - Setting next_dagrun for load_raw_data_to_bq to None, run_after=None
[2025-04-03T10:57:04.082+0000] {processor.py:183} INFO - Processing /opt/airflow/dags/step_two.py took 0.107 seconds
[2025-04-03T10:57:34.460+0000] {processor.py:161} INFO - Started process (PID=3587) to work on /opt/airflow/dags/step_two.py
[2025-04-03T10:57:34.462+0000] {processor.py:830} INFO - Processing file /opt/airflow/dags/step_two.py for tasks to queue
[2025-04-03T10:57:34.464+0000] {logging_mixin.py:188} INFO - [2025-04-03T10:57:34.464+0000] {dagbag.py:540} INFO - Filling up the DagBag from /opt/airflow/dags/step_two.py
[2025-04-03T10:57:34.471+0000] {processor.py:840} INFO - DAG(s) 'load_raw_data_to_bq' retrieved from /opt/airflow/dags/step_two.py
[2025-04-03T10:57:34.499+0000] {logging_mixin.py:188} INFO - [2025-04-03T10:57:34.498+0000] {dag.py:3047} INFO - Sync 1 DAGs
[2025-04-03T10:57:34.516+0000] {logging_mixin.py:188} INFO - [2025-04-03T10:57:34.516+0000] {dag.py:3834} INFO - Setting next_dagrun for load_raw_data_to_bq to None, run_after=None
[2025-04-03T10:57:34.545+0000] {processor.py:183} INFO - Processing /opt/airflow/dags/step_two.py took 0.089 seconds
[2025-04-03T10:58:04.822+0000] {processor.py:161} INFO - Started process (PID=3648) to work on /opt/airflow/dags/step_two.py
[2025-04-03T10:58:04.824+0000] {processor.py:830} INFO - Processing file /opt/airflow/dags/step_two.py for tasks to queue
[2025-04-03T10:58:04.827+0000] {logging_mixin.py:188} INFO - [2025-04-03T10:58:04.827+0000] {dagbag.py:540} INFO - Filling up the DagBag from /opt/airflow/dags/step_two.py
[2025-04-03T10:58:04.834+0000] {processor.py:840} INFO - DAG(s) 'load_raw_data_to_bq' retrieved from /opt/airflow/dags/step_two.py
[2025-04-03T10:58:04.867+0000] {logging_mixin.py:188} INFO - [2025-04-03T10:58:04.867+0000] {dag.py:3047} INFO - Sync 1 DAGs
[2025-04-03T10:58:04.888+0000] {logging_mixin.py:188} INFO - [2025-04-03T10:58:04.888+0000] {dag.py:3834} INFO - Setting next_dagrun for load_raw_data_to_bq to None, run_after=None
[2025-04-03T10:58:04.914+0000] {processor.py:183} INFO - Processing /opt/airflow/dags/step_two.py took 0.096 seconds
[2025-04-03T10:58:35.066+0000] {processor.py:161} INFO - Started process (PID=3709) to work on /opt/airflow/dags/step_two.py
[2025-04-03T10:58:35.068+0000] {processor.py:830} INFO - Processing file /opt/airflow/dags/step_two.py for tasks to queue
[2025-04-03T10:58:35.070+0000] {logging_mixin.py:188} INFO - [2025-04-03T10:58:35.070+0000] {dagbag.py:540} INFO - Filling up the DagBag from /opt/airflow/dags/step_two.py
[2025-04-03T10:58:35.077+0000] {processor.py:840} INFO - DAG(s) 'load_raw_data_to_bq' retrieved from /opt/airflow/dags/step_two.py
[2025-04-03T10:58:35.103+0000] {logging_mixin.py:188} INFO - [2025-04-03T10:58:35.103+0000] {dag.py:3047} INFO - Sync 1 DAGs
[2025-04-03T10:58:35.125+0000] {logging_mixin.py:188} INFO - [2025-04-03T10:58:35.125+0000] {dag.py:3834} INFO - Setting next_dagrun for load_raw_data_to_bq to None, run_after=None
[2025-04-03T10:58:35.155+0000] {processor.py:183} INFO - Processing /opt/airflow/dags/step_two.py took 0.093 seconds
[2025-04-03T10:59:05.363+0000] {processor.py:161} INFO - Started process (PID=3770) to work on /opt/airflow/dags/step_two.py
[2025-04-03T10:59:05.365+0000] {processor.py:830} INFO - Processing file /opt/airflow/dags/step_two.py for tasks to queue
[2025-04-03T10:59:05.368+0000] {logging_mixin.py:188} INFO - [2025-04-03T10:59:05.368+0000] {dagbag.py:540} INFO - Filling up the DagBag from /opt/airflow/dags/step_two.py
[2025-04-03T10:59:05.377+0000] {processor.py:840} INFO - DAG(s) 'load_raw_data_to_bq' retrieved from /opt/airflow/dags/step_two.py
[2025-04-03T10:59:05.406+0000] {logging_mixin.py:188} INFO - [2025-04-03T10:59:05.406+0000] {dag.py:3047} INFO - Sync 1 DAGs
[2025-04-03T10:59:05.424+0000] {logging_mixin.py:188} INFO - [2025-04-03T10:59:05.423+0000] {dag.py:3834} INFO - Setting next_dagrun for load_raw_data_to_bq to None, run_after=None
[2025-04-03T10:59:05.455+0000] {processor.py:183} INFO - Processing /opt/airflow/dags/step_two.py took 0.096 seconds
[2025-04-03T10:59:35.701+0000] {processor.py:161} INFO - Started process (PID=3837) to work on /opt/airflow/dags/step_two.py
[2025-04-03T10:59:35.703+0000] {processor.py:830} INFO - Processing file /opt/airflow/dags/step_two.py for tasks to queue
[2025-04-03T10:59:35.707+0000] {logging_mixin.py:188} INFO - [2025-04-03T10:59:35.706+0000] {dagbag.py:540} INFO - Filling up the DagBag from /opt/airflow/dags/step_two.py
[2025-04-03T10:59:35.714+0000] {processor.py:840} INFO - DAG(s) 'load_raw_data_to_bq' retrieved from /opt/airflow/dags/step_two.py
[2025-04-03T10:59:35.742+0000] {logging_mixin.py:188} INFO - [2025-04-03T10:59:35.740+0000] {dag.py:3047} INFO - Sync 1 DAGs
[2025-04-03T10:59:35.760+0000] {logging_mixin.py:188} INFO - [2025-04-03T10:59:35.760+0000] {dag.py:3834} INFO - Setting next_dagrun for load_raw_data_to_bq to None, run_after=None
[2025-04-03T10:59:35.790+0000] {processor.py:183} INFO - Processing /opt/airflow/dags/step_two.py took 0.092 seconds
[2025-04-03T11:00:06.466+0000] {processor.py:161} INFO - Started process (PID=3898) to work on /opt/airflow/dags/step_two.py
[2025-04-03T11:00:06.467+0000] {processor.py:830} INFO - Processing file /opt/airflow/dags/step_two.py for tasks to queue
[2025-04-03T11:00:06.471+0000] {logging_mixin.py:188} INFO - [2025-04-03T11:00:06.470+0000] {dagbag.py:540} INFO - Filling up the DagBag from /opt/airflow/dags/step_two.py
[2025-04-03T11:00:06.479+0000] {processor.py:840} INFO - DAG(s) 'load_raw_data_to_bq' retrieved from /opt/airflow/dags/step_two.py
[2025-04-03T11:00:06.509+0000] {logging_mixin.py:188} INFO - [2025-04-03T11:00:06.508+0000] {dag.py:3047} INFO - Sync 1 DAGs
[2025-04-03T11:00:06.528+0000] {logging_mixin.py:188} INFO - [2025-04-03T11:00:06.528+0000] {dag.py:3834} INFO - Setting next_dagrun for load_raw_data_to_bq to None, run_after=None
[2025-04-03T11:00:06.577+0000] {processor.py:183} INFO - Processing /opt/airflow/dags/step_two.py took 0.115 seconds
[2025-04-03T11:00:36.999+0000] {processor.py:161} INFO - Started process (PID=3959) to work on /opt/airflow/dags/step_two.py
[2025-04-03T11:00:37.001+0000] {processor.py:830} INFO - Processing file /opt/airflow/dags/step_two.py for tasks to queue
[2025-04-03T11:00:37.004+0000] {logging_mixin.py:188} INFO - [2025-04-03T11:00:37.003+0000] {dagbag.py:540} INFO - Filling up the DagBag from /opt/airflow/dags/step_two.py
[2025-04-03T11:00:37.011+0000] {processor.py:840} INFO - DAG(s) 'load_raw_data_to_bq' retrieved from /opt/airflow/dags/step_two.py
[2025-04-03T11:00:37.038+0000] {logging_mixin.py:188} INFO - [2025-04-03T11:00:37.037+0000] {dag.py:3047} INFO - Sync 1 DAGs
[2025-04-03T11:00:37.052+0000] {logging_mixin.py:188} INFO - [2025-04-03T11:00:37.052+0000] {dag.py:3834} INFO - Setting next_dagrun for load_raw_data_to_bq to None, run_after=None
[2025-04-03T11:00:37.081+0000] {processor.py:183} INFO - Processing /opt/airflow/dags/step_two.py took 0.086 seconds
[2025-04-03T11:01:07.203+0000] {processor.py:161} INFO - Started process (PID=4020) to work on /opt/airflow/dags/step_two.py
[2025-04-03T11:01:07.204+0000] {processor.py:830} INFO - Processing file /opt/airflow/dags/step_two.py for tasks to queue
[2025-04-03T11:01:07.207+0000] {logging_mixin.py:188} INFO - [2025-04-03T11:01:07.207+0000] {dagbag.py:540} INFO - Filling up the DagBag from /opt/airflow/dags/step_two.py
[2025-04-03T11:01:07.214+0000] {processor.py:840} INFO - DAG(s) 'load_raw_data_to_bq' retrieved from /opt/airflow/dags/step_two.py
[2025-04-03T11:01:07.238+0000] {logging_mixin.py:188} INFO - [2025-04-03T11:01:07.238+0000] {dag.py:3047} INFO - Sync 1 DAGs
[2025-04-03T11:01:07.253+0000] {logging_mixin.py:188} INFO - [2025-04-03T11:01:07.253+0000] {dag.py:3834} INFO - Setting next_dagrun for load_raw_data_to_bq to None, run_after=None
[2025-04-03T11:01:07.279+0000] {processor.py:183} INFO - Processing /opt/airflow/dags/step_two.py took 0.081 seconds
[2025-04-03T11:01:37.372+0000] {processor.py:161} INFO - Started process (PID=4081) to work on /opt/airflow/dags/step_two.py
[2025-04-03T11:01:37.374+0000] {processor.py:830} INFO - Processing file /opt/airflow/dags/step_two.py for tasks to queue
[2025-04-03T11:01:37.377+0000] {logging_mixin.py:188} INFO - [2025-04-03T11:01:37.377+0000] {dagbag.py:540} INFO - Filling up the DagBag from /opt/airflow/dags/step_two.py
[2025-04-03T11:01:37.388+0000] {processor.py:840} INFO - DAG(s) 'load_raw_data_to_bq' retrieved from /opt/airflow/dags/step_two.py
[2025-04-03T11:01:37.417+0000] {logging_mixin.py:188} INFO - [2025-04-03T11:01:37.416+0000] {dag.py:3047} INFO - Sync 1 DAGs
[2025-04-03T11:01:37.432+0000] {logging_mixin.py:188} INFO - [2025-04-03T11:01:37.431+0000] {dag.py:3834} INFO - Setting next_dagrun for load_raw_data_to_bq to None, run_after=None
[2025-04-03T11:01:37.457+0000] {processor.py:183} INFO - Processing /opt/airflow/dags/step_two.py took 0.090 seconds
[2025-04-03T11:02:08.283+0000] {processor.py:161} INFO - Started process (PID=4142) to work on /opt/airflow/dags/step_two.py
[2025-04-03T11:02:08.284+0000] {processor.py:830} INFO - Processing file /opt/airflow/dags/step_two.py for tasks to queue
[2025-04-03T11:02:08.287+0000] {logging_mixin.py:188} INFO - [2025-04-03T11:02:08.287+0000] {dagbag.py:540} INFO - Filling up the DagBag from /opt/airflow/dags/step_two.py
[2025-04-03T11:02:08.297+0000] {processor.py:840} INFO - DAG(s) 'load_raw_data_to_bq' retrieved from /opt/airflow/dags/step_two.py
[2025-04-03T11:02:08.327+0000] {logging_mixin.py:188} INFO - [2025-04-03T11:02:08.326+0000] {dag.py:3047} INFO - Sync 1 DAGs
[2025-04-03T11:02:08.343+0000] {logging_mixin.py:188} INFO - [2025-04-03T11:02:08.342+0000] {dag.py:3834} INFO - Setting next_dagrun for load_raw_data_to_bq to None, run_after=None
[2025-04-03T11:02:08.369+0000] {processor.py:183} INFO - Processing /opt/airflow/dags/step_two.py took 0.091 seconds
[2025-04-03T11:02:38.399+0000] {processor.py:161} INFO - Started process (PID=4203) to work on /opt/airflow/dags/step_two.py
[2025-04-03T11:02:38.400+0000] {processor.py:830} INFO - Processing file /opt/airflow/dags/step_two.py for tasks to queue
[2025-04-03T11:02:38.403+0000] {logging_mixin.py:188} INFO - [2025-04-03T11:02:38.402+0000] {dagbag.py:540} INFO - Filling up the DagBag from /opt/airflow/dags/step_two.py
[2025-04-03T11:02:38.412+0000] {processor.py:840} INFO - DAG(s) 'load_raw_data_to_bq' retrieved from /opt/airflow/dags/step_two.py
[2025-04-03T11:02:38.439+0000] {logging_mixin.py:188} INFO - [2025-04-03T11:02:38.438+0000] {dag.py:3047} INFO - Sync 1 DAGs
[2025-04-03T11:02:38.454+0000] {logging_mixin.py:188} INFO - [2025-04-03T11:02:38.453+0000] {dag.py:3834} INFO - Setting next_dagrun for load_raw_data_to_bq to None, run_after=None
[2025-04-03T11:02:38.484+0000] {processor.py:183} INFO - Processing /opt/airflow/dags/step_two.py took 0.089 seconds
[2025-04-03T11:03:08.948+0000] {processor.py:161} INFO - Started process (PID=4264) to work on /opt/airflow/dags/step_two.py
[2025-04-03T11:03:08.949+0000] {processor.py:830} INFO - Processing file /opt/airflow/dags/step_two.py for tasks to queue
[2025-04-03T11:03:08.953+0000] {logging_mixin.py:188} INFO - [2025-04-03T11:03:08.953+0000] {dagbag.py:540} INFO - Filling up the DagBag from /opt/airflow/dags/step_two.py
[2025-04-03T11:03:08.961+0000] {processor.py:840} INFO - DAG(s) 'load_raw_data_to_bq' retrieved from /opt/airflow/dags/step_two.py
[2025-04-03T11:03:08.990+0000] {logging_mixin.py:188} INFO - [2025-04-03T11:03:08.989+0000] {dag.py:3047} INFO - Sync 1 DAGs
[2025-04-03T11:03:09.008+0000] {logging_mixin.py:188} INFO - [2025-04-03T11:03:09.008+0000] {dag.py:3834} INFO - Setting next_dagrun for load_raw_data_to_bq to None, run_after=None
[2025-04-03T11:03:09.033+0000] {processor.py:183} INFO - Processing /opt/airflow/dags/step_two.py took 0.090 seconds
[2025-04-03T11:03:39.474+0000] {processor.py:161} INFO - Started process (PID=4325) to work on /opt/airflow/dags/step_two.py
[2025-04-03T11:03:39.476+0000] {processor.py:830} INFO - Processing file /opt/airflow/dags/step_two.py for tasks to queue
[2025-04-03T11:03:39.478+0000] {logging_mixin.py:188} INFO - [2025-04-03T11:03:39.478+0000] {dagbag.py:540} INFO - Filling up the DagBag from /opt/airflow/dags/step_two.py
[2025-04-03T11:03:39.486+0000] {processor.py:840} INFO - DAG(s) 'load_raw_data_to_bq' retrieved from /opt/airflow/dags/step_two.py
[2025-04-03T11:03:39.513+0000] {logging_mixin.py:188} INFO - [2025-04-03T11:03:39.513+0000] {dag.py:3047} INFO - Sync 1 DAGs
[2025-04-03T11:03:39.528+0000] {logging_mixin.py:188} INFO - [2025-04-03T11:03:39.528+0000] {dag.py:3834} INFO - Setting next_dagrun for load_raw_data_to_bq to None, run_after=None
[2025-04-03T11:03:39.558+0000] {processor.py:183} INFO - Processing /opt/airflow/dags/step_two.py took 0.088 seconds
[2025-04-03T11:04:10.073+0000] {processor.py:161} INFO - Started process (PID=4386) to work on /opt/airflow/dags/step_two.py
[2025-04-03T11:04:10.074+0000] {processor.py:830} INFO - Processing file /opt/airflow/dags/step_two.py for tasks to queue
[2025-04-03T11:04:10.077+0000] {logging_mixin.py:188} INFO - [2025-04-03T11:04:10.076+0000] {dagbag.py:540} INFO - Filling up the DagBag from /opt/airflow/dags/step_two.py
[2025-04-03T11:04:10.084+0000] {processor.py:840} INFO - DAG(s) 'load_raw_data_to_bq' retrieved from /opt/airflow/dags/step_two.py
[2025-04-03T11:04:10.115+0000] {logging_mixin.py:188} INFO - [2025-04-03T11:04:10.114+0000] {dag.py:3047} INFO - Sync 1 DAGs
[2025-04-03T11:04:10.130+0000] {logging_mixin.py:188} INFO - [2025-04-03T11:04:10.130+0000] {dag.py:3834} INFO - Setting next_dagrun for load_raw_data_to_bq to None, run_after=None
[2025-04-03T11:04:10.160+0000] {processor.py:183} INFO - Processing /opt/airflow/dags/step_two.py took 0.091 seconds
[2025-04-03T11:04:40.243+0000] {processor.py:161} INFO - Started process (PID=4447) to work on /opt/airflow/dags/step_two.py
[2025-04-03T11:04:40.245+0000] {processor.py:830} INFO - Processing file /opt/airflow/dags/step_two.py for tasks to queue
[2025-04-03T11:04:40.248+0000] {logging_mixin.py:188} INFO - [2025-04-03T11:04:40.247+0000] {dagbag.py:540} INFO - Filling up the DagBag from /opt/airflow/dags/step_two.py
[2025-04-03T11:04:40.256+0000] {processor.py:840} INFO - DAG(s) 'load_raw_data_to_bq' retrieved from /opt/airflow/dags/step_two.py
[2025-04-03T11:04:40.286+0000] {logging_mixin.py:188} INFO - [2025-04-03T11:04:40.285+0000] {dag.py:3047} INFO - Sync 1 DAGs
[2025-04-03T11:04:40.302+0000] {logging_mixin.py:188} INFO - [2025-04-03T11:04:40.301+0000] {dag.py:3834} INFO - Setting next_dagrun for load_raw_data_to_bq to None, run_after=None
[2025-04-03T11:04:40.329+0000] {processor.py:183} INFO - Processing /opt/airflow/dags/step_two.py took 0.093 seconds
[2025-04-03T11:05:10.736+0000] {processor.py:161} INFO - Started process (PID=4514) to work on /opt/airflow/dags/step_two.py
[2025-04-03T11:05:10.737+0000] {processor.py:830} INFO - Processing file /opt/airflow/dags/step_two.py for tasks to queue
[2025-04-03T11:05:10.739+0000] {logging_mixin.py:188} INFO - [2025-04-03T11:05:10.739+0000] {dagbag.py:540} INFO - Filling up the DagBag from /opt/airflow/dags/step_two.py
[2025-04-03T11:05:10.747+0000] {processor.py:840} INFO - DAG(s) 'load_raw_data_to_bq' retrieved from /opt/airflow/dags/step_two.py
[2025-04-03T11:05:10.772+0000] {logging_mixin.py:188} INFO - [2025-04-03T11:05:10.772+0000] {dag.py:3047} INFO - Sync 1 DAGs
[2025-04-03T11:05:10.787+0000] {logging_mixin.py:188} INFO - [2025-04-03T11:05:10.787+0000] {dag.py:3834} INFO - Setting next_dagrun for load_raw_data_to_bq to None, run_after=None
[2025-04-03T11:05:10.814+0000] {processor.py:183} INFO - Processing /opt/airflow/dags/step_two.py took 0.081 seconds
[2025-04-03T11:05:40.896+0000] {processor.py:161} INFO - Started process (PID=4575) to work on /opt/airflow/dags/step_two.py
[2025-04-03T11:05:40.897+0000] {processor.py:830} INFO - Processing file /opt/airflow/dags/step_two.py for tasks to queue
[2025-04-03T11:05:40.900+0000] {logging_mixin.py:188} INFO - [2025-04-03T11:05:40.900+0000] {dagbag.py:540} INFO - Filling up the DagBag from /opt/airflow/dags/step_two.py
[2025-04-03T11:05:40.908+0000] {processor.py:840} INFO - DAG(s) 'load_raw_data_to_bq' retrieved from /opt/airflow/dags/step_two.py
[2025-04-03T11:05:40.934+0000] {logging_mixin.py:188} INFO - [2025-04-03T11:05:40.934+0000] {dag.py:3047} INFO - Sync 1 DAGs
[2025-04-03T11:05:40.950+0000] {logging_mixin.py:188} INFO - [2025-04-03T11:05:40.950+0000] {dag.py:3834} INFO - Setting next_dagrun for load_raw_data_to_bq to None, run_after=None
[2025-04-03T11:05:40.976+0000] {processor.py:183} INFO - Processing /opt/airflow/dags/step_two.py took 0.085 seconds
[2025-04-03T11:06:11.282+0000] {processor.py:161} INFO - Started process (PID=4636) to work on /opt/airflow/dags/step_two.py
[2025-04-03T11:06:11.283+0000] {processor.py:830} INFO - Processing file /opt/airflow/dags/step_two.py for tasks to queue
[2025-04-03T11:06:11.286+0000] {logging_mixin.py:188} INFO - [2025-04-03T11:06:11.285+0000] {dagbag.py:540} INFO - Filling up the DagBag from /opt/airflow/dags/step_two.py
[2025-04-03T11:06:11.295+0000] {processor.py:840} INFO - DAG(s) 'load_raw_data_to_bq' retrieved from /opt/airflow/dags/step_two.py
[2025-04-03T11:06:11.320+0000] {logging_mixin.py:188} INFO - [2025-04-03T11:06:11.319+0000] {dag.py:3047} INFO - Sync 1 DAGs
[2025-04-03T11:06:11.335+0000] {logging_mixin.py:188} INFO - [2025-04-03T11:06:11.335+0000] {dag.py:3834} INFO - Setting next_dagrun for load_raw_data_to_bq to None, run_after=None
[2025-04-03T11:06:11.362+0000] {processor.py:183} INFO - Processing /opt/airflow/dags/step_two.py took 0.085 seconds
[2025-04-03T11:06:41.538+0000] {processor.py:161} INFO - Started process (PID=4698) to work on /opt/airflow/dags/step_two.py
[2025-04-03T11:06:41.543+0000] {processor.py:830} INFO - Processing file /opt/airflow/dags/step_two.py for tasks to queue
[2025-04-03T11:06:41.551+0000] {logging_mixin.py:188} INFO - [2025-04-03T11:06:41.550+0000] {dagbag.py:540} INFO - Filling up the DagBag from /opt/airflow/dags/step_two.py
[2025-04-03T11:06:41.578+0000] {processor.py:840} INFO - DAG(s) 'load_raw_data_to_bq' retrieved from /opt/airflow/dags/step_two.py
[2025-04-03T11:06:41.650+0000] {logging_mixin.py:188} INFO - [2025-04-03T11:06:41.649+0000] {dag.py:3047} INFO - Sync 1 DAGs
[2025-04-03T11:06:41.700+0000] {logging_mixin.py:188} INFO - [2025-04-03T11:06:41.699+0000] {dag.py:3834} INFO - Setting next_dagrun for load_raw_data_to_bq to None, run_after=None
[2025-04-03T11:06:41.795+0000] {processor.py:183} INFO - Processing /opt/airflow/dags/step_two.py took 0.272 seconds
[2025-04-03T11:07:12.125+0000] {processor.py:161} INFO - Started process (PID=4759) to work on /opt/airflow/dags/step_two.py
[2025-04-03T11:07:12.126+0000] {processor.py:830} INFO - Processing file /opt/airflow/dags/step_two.py for tasks to queue
[2025-04-03T11:07:12.129+0000] {logging_mixin.py:188} INFO - [2025-04-03T11:07:12.128+0000] {dagbag.py:540} INFO - Filling up the DagBag from /opt/airflow/dags/step_two.py
[2025-04-03T11:07:12.137+0000] {processor.py:840} INFO - DAG(s) 'load_raw_data_to_bq' retrieved from /opt/airflow/dags/step_two.py
[2025-04-03T11:07:12.163+0000] {logging_mixin.py:188} INFO - [2025-04-03T11:07:12.162+0000] {dag.py:3047} INFO - Sync 1 DAGs
[2025-04-03T11:07:12.176+0000] {logging_mixin.py:188} INFO - [2025-04-03T11:07:12.176+0000] {dag.py:3834} INFO - Setting next_dagrun for load_raw_data_to_bq to None, run_after=None
[2025-04-03T11:07:12.202+0000] {processor.py:183} INFO - Processing /opt/airflow/dags/step_two.py took 0.082 seconds
[2025-04-03T11:07:42.600+0000] {processor.py:161} INFO - Started process (PID=4820) to work on /opt/airflow/dags/step_two.py
[2025-04-03T11:07:42.602+0000] {processor.py:830} INFO - Processing file /opt/airflow/dags/step_two.py for tasks to queue
[2025-04-03T11:07:42.604+0000] {logging_mixin.py:188} INFO - [2025-04-03T11:07:42.604+0000] {dagbag.py:540} INFO - Filling up the DagBag from /opt/airflow/dags/step_two.py
[2025-04-03T11:07:42.611+0000] {processor.py:840} INFO - DAG(s) 'load_raw_data_to_bq' retrieved from /opt/airflow/dags/step_two.py
[2025-04-03T11:07:42.636+0000] {logging_mixin.py:188} INFO - [2025-04-03T11:07:42.635+0000] {dag.py:3047} INFO - Sync 1 DAGs
[2025-04-03T11:07:42.650+0000] {logging_mixin.py:188} INFO - [2025-04-03T11:07:42.649+0000] {dag.py:3834} INFO - Setting next_dagrun for load_raw_data_to_bq to None, run_after=None
[2025-04-03T11:07:42.675+0000] {processor.py:183} INFO - Processing /opt/airflow/dags/step_two.py took 0.078 seconds
[2025-04-03T11:08:12.755+0000] {processor.py:161} INFO - Started process (PID=4881) to work on /opt/airflow/dags/step_two.py
[2025-04-03T11:08:12.757+0000] {processor.py:830} INFO - Processing file /opt/airflow/dags/step_two.py for tasks to queue
[2025-04-03T11:08:12.760+0000] {logging_mixin.py:188} INFO - [2025-04-03T11:08:12.759+0000] {dagbag.py:540} INFO - Filling up the DagBag from /opt/airflow/dags/step_two.py
[2025-04-03T11:08:12.769+0000] {processor.py:840} INFO - DAG(s) 'load_raw_data_to_bq' retrieved from /opt/airflow/dags/step_two.py
[2025-04-03T11:08:12.799+0000] {logging_mixin.py:188} INFO - [2025-04-03T11:08:12.799+0000] {dag.py:3047} INFO - Sync 1 DAGs
[2025-04-03T11:08:12.818+0000] {logging_mixin.py:188} INFO - [2025-04-03T11:08:12.818+0000] {dag.py:3834} INFO - Setting next_dagrun for load_raw_data_to_bq to None, run_after=None
[2025-04-03T11:08:12.848+0000] {processor.py:183} INFO - Processing /opt/airflow/dags/step_two.py took 0.099 seconds
[2025-04-03T11:08:43.069+0000] {processor.py:161} INFO - Started process (PID=4942) to work on /opt/airflow/dags/step_two.py
[2025-04-03T11:08:43.070+0000] {processor.py:830} INFO - Processing file /opt/airflow/dags/step_two.py for tasks to queue
[2025-04-03T11:08:43.074+0000] {logging_mixin.py:188} INFO - [2025-04-03T11:08:43.074+0000] {dagbag.py:540} INFO - Filling up the DagBag from /opt/airflow/dags/step_two.py
[2025-04-03T11:08:43.081+0000] {processor.py:840} INFO - DAG(s) 'load_raw_data_to_bq' retrieved from /opt/airflow/dags/step_two.py
[2025-04-03T11:08:43.107+0000] {logging_mixin.py:188} INFO - [2025-04-03T11:08:43.107+0000] {dag.py:3047} INFO - Sync 1 DAGs
[2025-04-03T11:08:43.121+0000] {logging_mixin.py:188} INFO - [2025-04-03T11:08:43.121+0000] {dag.py:3834} INFO - Setting next_dagrun for load_raw_data_to_bq to None, run_after=None
[2025-04-03T11:08:43.150+0000] {processor.py:183} INFO - Processing /opt/airflow/dags/step_two.py took 0.085 seconds
[2025-04-03T11:09:13.368+0000] {processor.py:161} INFO - Started process (PID=5003) to work on /opt/airflow/dags/step_two.py
[2025-04-03T11:09:13.369+0000] {processor.py:830} INFO - Processing file /opt/airflow/dags/step_two.py for tasks to queue
[2025-04-03T11:09:13.371+0000] {logging_mixin.py:188} INFO - [2025-04-03T11:09:13.371+0000] {dagbag.py:540} INFO - Filling up the DagBag from /opt/airflow/dags/step_two.py
[2025-04-03T11:09:13.381+0000] {processor.py:840} INFO - DAG(s) 'load_raw_data_to_bq' retrieved from /opt/airflow/dags/step_two.py
[2025-04-03T11:09:13.407+0000] {logging_mixin.py:188} INFO - [2025-04-03T11:09:13.406+0000] {dag.py:3047} INFO - Sync 1 DAGs
[2025-04-03T11:09:13.423+0000] {logging_mixin.py:188} INFO - [2025-04-03T11:09:13.423+0000] {dag.py:3834} INFO - Setting next_dagrun for load_raw_data_to_bq to None, run_after=None
[2025-04-03T11:09:13.452+0000] {processor.py:183} INFO - Processing /opt/airflow/dags/step_two.py took 0.088 seconds
