[2025-04-08T10:10:41.657+0000] {processor.py:161} INFO - Started process (PID=64) to work on /opt/airflow/dags/fetch_data_and_upload_to_gcs.py
[2025-04-08T10:10:41.659+0000] {processor.py:830} INFO - Processing file /opt/airflow/dags/fetch_data_and_upload_to_gcs.py for tasks to queue
[2025-04-08T10:10:41.663+0000] {logging_mixin.py:188} INFO - [2025-04-08T10:10:41.662+0000] {dagbag.py:540} INFO - Filling up the DagBag from /opt/airflow/dags/fetch_data_and_upload_to_gcs.py
[2025-04-08T10:10:41.680+0000] {processor.py:840} INFO - DAG(s) 'fetch_data_and_upload_to_gcs' retrieved from /opt/airflow/dags/fetch_data_and_upload_to_gcs.py
[2025-04-08T10:10:41.873+0000] {logging_mixin.py:188} INFO - [2025-04-08T10:10:41.871+0000] {dag.py:3047} INFO - Sync 1 DAGs
[2025-04-08T10:10:41.897+0000] {logging_mixin.py:188} INFO - [2025-04-08T10:10:41.897+0000] {dag.py:3834} INFO - Setting next_dagrun for fetch_data_and_upload_to_gcs to None, run_after=None
[2025-04-08T10:10:41.936+0000] {processor.py:183} INFO - Processing /opt/airflow/dags/fetch_data_and_upload_to_gcs.py took 0.286 seconds
[2025-04-08T10:11:11.964+0000] {processor.py:161} INFO - Started process (PID=126) to work on /opt/airflow/dags/fetch_data_and_upload_to_gcs.py
[2025-04-08T10:11:11.966+0000] {processor.py:830} INFO - Processing file /opt/airflow/dags/fetch_data_and_upload_to_gcs.py for tasks to queue
[2025-04-08T10:11:11.967+0000] {logging_mixin.py:188} INFO - [2025-04-08T10:11:11.967+0000] {dagbag.py:540} INFO - Filling up the DagBag from /opt/airflow/dags/fetch_data_and_upload_to_gcs.py
[2025-04-08T10:11:11.973+0000] {processor.py:840} INFO - DAG(s) 'fetch_data_and_upload_to_gcs' retrieved from /opt/airflow/dags/fetch_data_and_upload_to_gcs.py
[2025-04-08T10:11:11.992+0000] {logging_mixin.py:188} INFO - [2025-04-08T10:11:11.992+0000] {dag.py:3047} INFO - Sync 1 DAGs
[2025-04-08T10:11:12.003+0000] {logging_mixin.py:188} INFO - [2025-04-08T10:11:12.003+0000] {dag.py:3834} INFO - Setting next_dagrun for fetch_data_and_upload_to_gcs to None, run_after=None
[2025-04-08T10:11:12.027+0000] {processor.py:183} INFO - Processing /opt/airflow/dags/fetch_data_and_upload_to_gcs.py took 0.065 seconds
[2025-04-08T10:11:42.795+0000] {processor.py:161} INFO - Started process (PID=194) to work on /opt/airflow/dags/fetch_data_and_upload_to_gcs.py
[2025-04-08T10:11:42.796+0000] {processor.py:830} INFO - Processing file /opt/airflow/dags/fetch_data_and_upload_to_gcs.py for tasks to queue
[2025-04-08T10:11:42.798+0000] {logging_mixin.py:188} INFO - [2025-04-08T10:11:42.798+0000] {dagbag.py:540} INFO - Filling up the DagBag from /opt/airflow/dags/fetch_data_and_upload_to_gcs.py
[2025-04-08T10:11:42.804+0000] {processor.py:840} INFO - DAG(s) 'fetch_data_and_upload_to_gcs' retrieved from /opt/airflow/dags/fetch_data_and_upload_to_gcs.py
[2025-04-08T10:11:42.823+0000] {logging_mixin.py:188} INFO - [2025-04-08T10:11:42.822+0000] {dag.py:3047} INFO - Sync 1 DAGs
[2025-04-08T10:11:42.834+0000] {logging_mixin.py:188} INFO - [2025-04-08T10:11:42.834+0000] {dag.py:3834} INFO - Setting next_dagrun for fetch_data_and_upload_to_gcs to None, run_after=None
[2025-04-08T10:11:42.853+0000] {processor.py:183} INFO - Processing /opt/airflow/dags/fetch_data_and_upload_to_gcs.py took 0.062 seconds
[2025-04-08T10:12:13.918+0000] {processor.py:161} INFO - Started process (PID=256) to work on /opt/airflow/dags/fetch_data_and_upload_to_gcs.py
[2025-04-08T10:12:13.919+0000] {processor.py:830} INFO - Processing file /opt/airflow/dags/fetch_data_and_upload_to_gcs.py for tasks to queue
[2025-04-08T10:12:13.922+0000] {logging_mixin.py:188} INFO - [2025-04-08T10:12:13.922+0000] {dagbag.py:540} INFO - Filling up the DagBag from /opt/airflow/dags/fetch_data_and_upload_to_gcs.py
[2025-04-08T10:12:13.929+0000] {processor.py:840} INFO - DAG(s) 'fetch_data_and_upload_to_gcs' retrieved from /opt/airflow/dags/fetch_data_and_upload_to_gcs.py
[2025-04-08T10:12:13.956+0000] {logging_mixin.py:188} INFO - [2025-04-08T10:12:13.956+0000] {dag.py:3047} INFO - Sync 1 DAGs
[2025-04-08T10:12:13.976+0000] {logging_mixin.py:188} INFO - [2025-04-08T10:12:13.975+0000] {dag.py:3834} INFO - Setting next_dagrun for fetch_data_and_upload_to_gcs to None, run_after=None
[2025-04-08T10:12:14.001+0000] {processor.py:183} INFO - Processing /opt/airflow/dags/fetch_data_and_upload_to_gcs.py took 0.087 seconds
[2025-04-08T10:12:44.115+0000] {processor.py:161} INFO - Started process (PID=318) to work on /opt/airflow/dags/fetch_data_and_upload_to_gcs.py
[2025-04-08T10:12:44.116+0000] {processor.py:830} INFO - Processing file /opt/airflow/dags/fetch_data_and_upload_to_gcs.py for tasks to queue
[2025-04-08T10:12:44.119+0000] {logging_mixin.py:188} INFO - [2025-04-08T10:12:44.119+0000] {dagbag.py:540} INFO - Filling up the DagBag from /opt/airflow/dags/fetch_data_and_upload_to_gcs.py
[2025-04-08T10:12:44.128+0000] {processor.py:840} INFO - DAG(s) 'fetch_data_and_upload_to_gcs' retrieved from /opt/airflow/dags/fetch_data_and_upload_to_gcs.py
[2025-04-08T10:12:44.151+0000] {logging_mixin.py:188} INFO - [2025-04-08T10:12:44.151+0000] {dag.py:3047} INFO - Sync 1 DAGs
[2025-04-08T10:12:44.165+0000] {logging_mixin.py:188} INFO - [2025-04-08T10:12:44.165+0000] {dag.py:3834} INFO - Setting next_dagrun for fetch_data_and_upload_to_gcs to None, run_after=None
[2025-04-08T10:12:44.189+0000] {processor.py:183} INFO - Processing /opt/airflow/dags/fetch_data_and_upload_to_gcs.py took 0.078 seconds
[2025-04-08T10:13:14.725+0000] {processor.py:161} INFO - Started process (PID=380) to work on /opt/airflow/dags/fetch_data_and_upload_to_gcs.py
[2025-04-08T10:13:14.726+0000] {processor.py:830} INFO - Processing file /opt/airflow/dags/fetch_data_and_upload_to_gcs.py for tasks to queue
[2025-04-08T10:13:14.728+0000] {logging_mixin.py:188} INFO - [2025-04-08T10:13:14.728+0000] {dagbag.py:540} INFO - Filling up the DagBag from /opt/airflow/dags/fetch_data_and_upload_to_gcs.py
[2025-04-08T10:13:14.734+0000] {processor.py:840} INFO - DAG(s) 'fetch_data_and_upload_to_gcs' retrieved from /opt/airflow/dags/fetch_data_and_upload_to_gcs.py
[2025-04-08T10:13:14.754+0000] {logging_mixin.py:188} INFO - [2025-04-08T10:13:14.754+0000] {dag.py:3047} INFO - Sync 1 DAGs
[2025-04-08T10:13:14.768+0000] {logging_mixin.py:188} INFO - [2025-04-08T10:13:14.768+0000] {dag.py:3834} INFO - Setting next_dagrun for fetch_data_and_upload_to_gcs to None, run_after=None
[2025-04-08T10:13:14.789+0000] {processor.py:183} INFO - Processing /opt/airflow/dags/fetch_data_and_upload_to_gcs.py took 0.067 seconds
[2025-04-08T10:13:44.927+0000] {processor.py:161} INFO - Started process (PID=442) to work on /opt/airflow/dags/fetch_data_and_upload_to_gcs.py
[2025-04-08T10:13:44.928+0000] {processor.py:830} INFO - Processing file /opt/airflow/dags/fetch_data_and_upload_to_gcs.py for tasks to queue
[2025-04-08T10:13:44.930+0000] {logging_mixin.py:188} INFO - [2025-04-08T10:13:44.930+0000] {dagbag.py:540} INFO - Filling up the DagBag from /opt/airflow/dags/fetch_data_and_upload_to_gcs.py
[2025-04-08T10:13:44.936+0000] {processor.py:840} INFO - DAG(s) 'fetch_data_and_upload_to_gcs' retrieved from /opt/airflow/dags/fetch_data_and_upload_to_gcs.py
[2025-04-08T10:13:44.956+0000] {logging_mixin.py:188} INFO - [2025-04-08T10:13:44.955+0000] {dag.py:3047} INFO - Sync 1 DAGs
[2025-04-08T10:13:44.969+0000] {logging_mixin.py:188} INFO - [2025-04-08T10:13:44.969+0000] {dag.py:3834} INFO - Setting next_dagrun for fetch_data_and_upload_to_gcs to None, run_after=None
[2025-04-08T10:13:44.989+0000] {processor.py:183} INFO - Processing /opt/airflow/dags/fetch_data_and_upload_to_gcs.py took 0.066 seconds
