[2025-04-08T10:10:41.969+0000] {processor.py:161} INFO - Started process (PID=65) to work on /opt/airflow/dags/load_csv_to_bq.py
[2025-04-08T10:10:41.970+0000] {processor.py:830} INFO - Processing file /opt/airflow/dags/load_csv_to_bq.py for tasks to queue
[2025-04-08T10:10:41.974+0000] {logging_mixin.py:188} INFO - [2025-04-08T10:10:41.973+0000] {dagbag.py:540} INFO - Filling up the DagBag from /opt/airflow/dags/load_csv_to_bq.py
[2025-04-08T10:10:41.996+0000] {processor.py:840} INFO - DAG(s) 'load_csv_to_bq' retrieved from /opt/airflow/dags/load_csv_to_bq.py
[2025-04-08T10:10:42.207+0000] {logging_mixin.py:188} INFO - [2025-04-08T10:10:42.206+0000] {dag.py:3047} INFO - Sync 1 DAGs
[2025-04-08T10:10:42.231+0000] {logging_mixin.py:188} INFO - [2025-04-08T10:10:42.231+0000] {dag.py:3834} INFO - Setting next_dagrun for load_csv_to_bq to None, run_after=None
[2025-04-08T10:10:42.278+0000] {processor.py:183} INFO - Processing /opt/airflow/dags/load_csv_to_bq.py took 0.314 seconds
[2025-04-08T10:11:12.974+0000] {processor.py:161} INFO - Started process (PID=133) to work on /opt/airflow/dags/load_csv_to_bq.py
[2025-04-08T10:11:12.975+0000] {processor.py:830} INFO - Processing file /opt/airflow/dags/load_csv_to_bq.py for tasks to queue
[2025-04-08T10:11:12.977+0000] {logging_mixin.py:188} INFO - [2025-04-08T10:11:12.977+0000] {dagbag.py:540} INFO - Filling up the DagBag from /opt/airflow/dags/load_csv_to_bq.py
[2025-04-08T10:11:12.990+0000] {processor.py:840} INFO - DAG(s) 'load_csv_to_bq' retrieved from /opt/airflow/dags/load_csv_to_bq.py
[2025-04-08T10:11:13.014+0000] {logging_mixin.py:188} INFO - [2025-04-08T10:11:13.014+0000] {dag.py:3047} INFO - Sync 1 DAGs
[2025-04-08T10:11:13.031+0000] {logging_mixin.py:188} INFO - [2025-04-08T10:11:13.030+0000] {dag.py:3834} INFO - Setting next_dagrun for load_csv_to_bq to None, run_after=None
[2025-04-08T10:11:13.055+0000] {processor.py:183} INFO - Processing /opt/airflow/dags/load_csv_to_bq.py took 0.084 seconds
[2025-04-08T10:11:43.863+0000] {processor.py:161} INFO - Started process (PID=195) to work on /opt/airflow/dags/load_csv_to_bq.py
[2025-04-08T10:11:43.864+0000] {processor.py:830} INFO - Processing file /opt/airflow/dags/load_csv_to_bq.py for tasks to queue
[2025-04-08T10:11:43.867+0000] {logging_mixin.py:188} INFO - [2025-04-08T10:11:43.866+0000] {dagbag.py:540} INFO - Filling up the DagBag from /opt/airflow/dags/load_csv_to_bq.py
[2025-04-08T10:11:43.875+0000] {processor.py:840} INFO - DAG(s) 'load_csv_to_bq' retrieved from /opt/airflow/dags/load_csv_to_bq.py
[2025-04-08T10:11:43.898+0000] {logging_mixin.py:188} INFO - [2025-04-08T10:11:43.897+0000] {dag.py:3047} INFO - Sync 1 DAGs
[2025-04-08T10:11:43.910+0000] {logging_mixin.py:188} INFO - [2025-04-08T10:11:43.909+0000] {dag.py:3834} INFO - Setting next_dagrun for load_csv_to_bq to None, run_after=None
[2025-04-08T10:11:43.934+0000] {processor.py:183} INFO - Processing /opt/airflow/dags/load_csv_to_bq.py took 0.076 seconds
[2025-04-08T10:12:13.990+0000] {processor.py:161} INFO - Started process (PID=257) to work on /opt/airflow/dags/load_csv_to_bq.py
[2025-04-08T10:12:13.992+0000] {processor.py:830} INFO - Processing file /opt/airflow/dags/load_csv_to_bq.py for tasks to queue
[2025-04-08T10:12:13.994+0000] {logging_mixin.py:188} INFO - [2025-04-08T10:12:13.994+0000] {dagbag.py:540} INFO - Filling up the DagBag from /opt/airflow/dags/load_csv_to_bq.py
[2025-04-08T10:12:14.006+0000] {processor.py:840} INFO - DAG(s) 'load_csv_to_bq' retrieved from /opt/airflow/dags/load_csv_to_bq.py
[2025-04-08T10:12:14.029+0000] {logging_mixin.py:188} INFO - [2025-04-08T10:12:14.028+0000] {dag.py:3047} INFO - Sync 1 DAGs
[2025-04-08T10:12:14.043+0000] {logging_mixin.py:188} INFO - [2025-04-08T10:12:14.043+0000] {dag.py:3834} INFO - Setting next_dagrun for load_csv_to_bq to None, run_after=None
[2025-04-08T10:12:14.070+0000] {processor.py:183} INFO - Processing /opt/airflow/dags/load_csv_to_bq.py took 0.083 seconds
[2025-04-08T10:12:44.188+0000] {processor.py:161} INFO - Started process (PID=319) to work on /opt/airflow/dags/load_csv_to_bq.py
[2025-04-08T10:12:44.190+0000] {processor.py:830} INFO - Processing file /opt/airflow/dags/load_csv_to_bq.py for tasks to queue
[2025-04-08T10:12:44.192+0000] {logging_mixin.py:188} INFO - [2025-04-08T10:12:44.192+0000] {dagbag.py:540} INFO - Filling up the DagBag from /opt/airflow/dags/load_csv_to_bq.py
[2025-04-08T10:12:44.203+0000] {processor.py:840} INFO - DAG(s) 'load_csv_to_bq' retrieved from /opt/airflow/dags/load_csv_to_bq.py
[2025-04-08T10:12:44.227+0000] {logging_mixin.py:188} INFO - [2025-04-08T10:12:44.226+0000] {dag.py:3047} INFO - Sync 1 DAGs
[2025-04-08T10:12:44.242+0000] {logging_mixin.py:188} INFO - [2025-04-08T10:12:44.241+0000] {dag.py:3834} INFO - Setting next_dagrun for load_csv_to_bq to None, run_after=None
[2025-04-08T10:12:44.264+0000] {processor.py:183} INFO - Processing /opt/airflow/dags/load_csv_to_bq.py took 0.080 seconds
[2025-04-08T10:13:14.782+0000] {processor.py:161} INFO - Started process (PID=381) to work on /opt/airflow/dags/load_csv_to_bq.py
[2025-04-08T10:13:14.784+0000] {processor.py:830} INFO - Processing file /opt/airflow/dags/load_csv_to_bq.py for tasks to queue
[2025-04-08T10:13:14.786+0000] {logging_mixin.py:188} INFO - [2025-04-08T10:13:14.785+0000] {dagbag.py:540} INFO - Filling up the DagBag from /opt/airflow/dags/load_csv_to_bq.py
[2025-04-08T10:13:14.796+0000] {processor.py:840} INFO - DAG(s) 'load_csv_to_bq' retrieved from /opt/airflow/dags/load_csv_to_bq.py
[2025-04-08T10:13:14.815+0000] {logging_mixin.py:188} INFO - [2025-04-08T10:13:14.814+0000] {dag.py:3047} INFO - Sync 1 DAGs
[2025-04-08T10:13:14.826+0000] {logging_mixin.py:188} INFO - [2025-04-08T10:13:14.826+0000] {dag.py:3834} INFO - Setting next_dagrun for load_csv_to_bq to None, run_after=None
[2025-04-08T10:13:14.846+0000] {processor.py:183} INFO - Processing /opt/airflow/dags/load_csv_to_bq.py took 0.067 seconds
[2025-04-08T10:13:44.983+0000] {processor.py:161} INFO - Started process (PID=443) to work on /opt/airflow/dags/load_csv_to_bq.py
[2025-04-08T10:13:44.985+0000] {processor.py:830} INFO - Processing file /opt/airflow/dags/load_csv_to_bq.py for tasks to queue
[2025-04-08T10:13:44.987+0000] {logging_mixin.py:188} INFO - [2025-04-08T10:13:44.986+0000] {dagbag.py:540} INFO - Filling up the DagBag from /opt/airflow/dags/load_csv_to_bq.py
[2025-04-08T10:13:44.997+0000] {processor.py:840} INFO - DAG(s) 'load_csv_to_bq' retrieved from /opt/airflow/dags/load_csv_to_bq.py
[2025-04-08T10:13:45.019+0000] {logging_mixin.py:188} INFO - [2025-04-08T10:13:45.018+0000] {dag.py:3047} INFO - Sync 1 DAGs
[2025-04-08T10:13:45.035+0000] {logging_mixin.py:188} INFO - [2025-04-08T10:13:45.035+0000] {dag.py:3834} INFO - Setting next_dagrun for load_csv_to_bq to None, run_after=None
[2025-04-08T10:13:45.060+0000] {processor.py:183} INFO - Processing /opt/airflow/dags/load_csv_to_bq.py took 0.080 seconds
