[2025-04-08T10:10:40.533+0000] {processor.py:161} INFO - Started process (PID=59) to work on /opt/airflow/dags/step_five.py
[2025-04-08T10:10:40.535+0000] {processor.py:830} INFO - Processing file /opt/airflow/dags/step_five.py for tasks to queue
[2025-04-08T10:10:40.541+0000] {logging_mixin.py:188} INFO - [2025-04-08T10:10:40.540+0000] {dagbag.py:540} INFO - Filling up the DagBag from /opt/airflow/dags/step_five.py
[2025-04-08T10:10:40.585+0000] {processor.py:840} INFO - DAG(s) 'load_external_and_raw_data_to_bq' retrieved from /opt/airflow/dags/step_five.py
[2025-04-08T10:10:41.040+0000] {logging_mixin.py:188} INFO - [2025-04-08T10:10:41.039+0000] {dag.py:3047} INFO - Sync 1 DAGs
[2025-04-08T10:10:41.065+0000] {logging_mixin.py:188} INFO - [2025-04-08T10:10:41.065+0000] {dag.py:3834} INFO - Setting next_dagrun for load_external_and_raw_data_to_bq to None, run_after=None
[2025-04-08T10:10:41.109+0000] {processor.py:183} INFO - Processing /opt/airflow/dags/step_five.py took 0.589 seconds
[2025-04-08T10:11:11.714+0000] {processor.py:161} INFO - Started process (PID=121) to work on /opt/airflow/dags/step_five.py
[2025-04-08T10:11:11.715+0000] {processor.py:830} INFO - Processing file /opt/airflow/dags/step_five.py for tasks to queue
[2025-04-08T10:11:11.717+0000] {logging_mixin.py:188} INFO - [2025-04-08T10:11:11.717+0000] {dagbag.py:540} INFO - Filling up the DagBag from /opt/airflow/dags/step_five.py
[2025-04-08T10:11:11.724+0000] {processor.py:840} INFO - DAG(s) 'load_external_and_raw_data_to_bq' retrieved from /opt/airflow/dags/step_five.py
[2025-04-08T10:11:11.747+0000] {logging_mixin.py:188} INFO - [2025-04-08T10:11:11.746+0000] {dag.py:3047} INFO - Sync 1 DAGs
[2025-04-08T10:11:11.758+0000] {logging_mixin.py:188} INFO - [2025-04-08T10:11:11.758+0000] {dag.py:3834} INFO - Setting next_dagrun for load_external_and_raw_data_to_bq to None, run_after=None
[2025-04-08T10:11:11.783+0000] {processor.py:183} INFO - Processing /opt/airflow/dags/step_five.py took 0.073 seconds
[2025-04-08T10:11:42.604+0000] {processor.py:161} INFO - Started process (PID=189) to work on /opt/airflow/dags/step_five.py
[2025-04-08T10:11:42.607+0000] {processor.py:830} INFO - Processing file /opt/airflow/dags/step_five.py for tasks to queue
[2025-04-08T10:11:42.609+0000] {logging_mixin.py:188} INFO - [2025-04-08T10:11:42.609+0000] {dagbag.py:540} INFO - Filling up the DagBag from /opt/airflow/dags/step_five.py
[2025-04-08T10:11:42.615+0000] {processor.py:840} INFO - DAG(s) 'load_external_and_raw_data_to_bq' retrieved from /opt/airflow/dags/step_five.py
[2025-04-08T10:11:42.638+0000] {logging_mixin.py:188} INFO - [2025-04-08T10:11:42.638+0000] {dag.py:3047} INFO - Sync 1 DAGs
[2025-04-08T10:11:42.649+0000] {logging_mixin.py:188} INFO - [2025-04-08T10:11:42.649+0000] {dag.py:3834} INFO - Setting next_dagrun for load_external_and_raw_data_to_bq to None, run_after=None
[2025-04-08T10:11:42.673+0000] {processor.py:183} INFO - Processing /opt/airflow/dags/step_five.py took 0.074 seconds
[2025-04-08T10:12:13.587+0000] {processor.py:161} INFO - Started process (PID=251) to work on /opt/airflow/dags/step_five.py
[2025-04-08T10:12:13.590+0000] {processor.py:830} INFO - Processing file /opt/airflow/dags/step_five.py for tasks to queue
[2025-04-08T10:12:13.618+0000] {logging_mixin.py:188} INFO - [2025-04-08T10:12:13.617+0000] {dagbag.py:540} INFO - Filling up the DagBag from /opt/airflow/dags/step_five.py
[2025-04-08T10:12:13.628+0000] {processor.py:840} INFO - DAG(s) 'load_external_and_raw_data_to_bq' retrieved from /opt/airflow/dags/step_five.py
[2025-04-08T10:12:13.672+0000] {logging_mixin.py:188} INFO - [2025-04-08T10:12:13.671+0000] {dag.py:3047} INFO - Sync 1 DAGs
[2025-04-08T10:12:13.693+0000] {logging_mixin.py:188} INFO - [2025-04-08T10:12:13.692+0000] {dag.py:3834} INFO - Setting next_dagrun for load_external_and_raw_data_to_bq to None, run_after=None
[2025-04-08T10:12:13.727+0000] {processor.py:183} INFO - Processing /opt/airflow/dags/step_five.py took 0.155 seconds
[2025-04-08T10:12:43.894+0000] {processor.py:161} INFO - Started process (PID=313) to work on /opt/airflow/dags/step_five.py
[2025-04-08T10:12:43.897+0000] {processor.py:830} INFO - Processing file /opt/airflow/dags/step_five.py for tasks to queue
[2025-04-08T10:12:43.900+0000] {logging_mixin.py:188} INFO - [2025-04-08T10:12:43.899+0000] {dagbag.py:540} INFO - Filling up the DagBag from /opt/airflow/dags/step_five.py
[2025-04-08T10:12:43.907+0000] {processor.py:840} INFO - DAG(s) 'load_external_and_raw_data_to_bq' retrieved from /opt/airflow/dags/step_five.py
[2025-04-08T10:12:43.935+0000] {logging_mixin.py:188} INFO - [2025-04-08T10:12:43.934+0000] {dag.py:3047} INFO - Sync 1 DAGs
[2025-04-08T10:12:43.952+0000] {logging_mixin.py:188} INFO - [2025-04-08T10:12:43.951+0000] {dag.py:3834} INFO - Setting next_dagrun for load_external_and_raw_data_to_bq to None, run_after=None
[2025-04-08T10:12:43.978+0000] {processor.py:183} INFO - Processing /opt/airflow/dags/step_five.py took 0.089 seconds
[2025-04-08T10:13:14.528+0000] {processor.py:161} INFO - Started process (PID=375) to work on /opt/airflow/dags/step_five.py
[2025-04-08T10:13:14.530+0000] {processor.py:830} INFO - Processing file /opt/airflow/dags/step_five.py for tasks to queue
[2025-04-08T10:13:14.532+0000] {logging_mixin.py:188} INFO - [2025-04-08T10:13:14.532+0000] {dagbag.py:540} INFO - Filling up the DagBag from /opt/airflow/dags/step_five.py
[2025-04-08T10:13:14.537+0000] {processor.py:840} INFO - DAG(s) 'load_external_and_raw_data_to_bq' retrieved from /opt/airflow/dags/step_five.py
[2025-04-08T10:13:14.561+0000] {logging_mixin.py:188} INFO - [2025-04-08T10:13:14.560+0000] {dag.py:3047} INFO - Sync 1 DAGs
[2025-04-08T10:13:14.572+0000] {logging_mixin.py:188} INFO - [2025-04-08T10:13:14.571+0000] {dag.py:3834} INFO - Setting next_dagrun for load_external_and_raw_data_to_bq to None, run_after=None
[2025-04-08T10:13:14.596+0000] {processor.py:183} INFO - Processing /opt/airflow/dags/step_five.py took 0.072 seconds
[2025-04-08T10:13:44.709+0000] {processor.py:161} INFO - Started process (PID=437) to work on /opt/airflow/dags/step_five.py
[2025-04-08T10:13:44.710+0000] {processor.py:830} INFO - Processing file /opt/airflow/dags/step_five.py for tasks to queue
[2025-04-08T10:13:44.714+0000] {logging_mixin.py:188} INFO - [2025-04-08T10:13:44.714+0000] {dagbag.py:540} INFO - Filling up the DagBag from /opt/airflow/dags/step_five.py
[2025-04-08T10:13:44.721+0000] {processor.py:840} INFO - DAG(s) 'load_external_and_raw_data_to_bq' retrieved from /opt/airflow/dags/step_five.py
[2025-04-08T10:13:44.749+0000] {logging_mixin.py:188} INFO - [2025-04-08T10:13:44.749+0000] {dag.py:3047} INFO - Sync 1 DAGs
[2025-04-08T10:13:44.766+0000] {logging_mixin.py:188} INFO - [2025-04-08T10:13:44.766+0000] {dag.py:3834} INFO - Setting next_dagrun for load_external_and_raw_data_to_bq to None, run_after=None
[2025-04-08T10:13:44.794+0000] {processor.py:183} INFO - Processing /opt/airflow/dags/step_five.py took 0.089 seconds
