[2025-04-08T10:10:41.294+0000] {processor.py:161} INFO - Started process (PID=62) to work on /opt/airflow/dags/step_two.py
[2025-04-08T10:10:41.296+0000] {processor.py:830} INFO - Processing file /opt/airflow/dags/step_two.py for tasks to queue
[2025-04-08T10:10:41.300+0000] {logging_mixin.py:188} INFO - [2025-04-08T10:10:41.299+0000] {dagbag.py:540} INFO - Filling up the DagBag from /opt/airflow/dags/step_two.py
[2025-04-08T10:10:41.321+0000] {processor.py:840} INFO - DAG(s) 'load_raw_data_to_bq' retrieved from /opt/airflow/dags/step_two.py
[2025-04-08T10:10:41.558+0000] {logging_mixin.py:188} INFO - [2025-04-08T10:10:41.557+0000] {dag.py:3047} INFO - Sync 1 DAGs
[2025-04-08T10:10:41.578+0000] {logging_mixin.py:188} INFO - [2025-04-08T10:10:41.577+0000] {dag.py:3834} INFO - Setting next_dagrun for load_raw_data_to_bq to None, run_after=None
[2025-04-08T10:10:41.619+0000] {processor.py:183} INFO - Processing /opt/airflow/dags/step_two.py took 0.332 seconds
[2025-04-08T10:11:11.826+0000] {processor.py:161} INFO - Started process (PID=124) to work on /opt/airflow/dags/step_two.py
[2025-04-08T10:11:11.827+0000] {processor.py:830} INFO - Processing file /opt/airflow/dags/step_two.py for tasks to queue
[2025-04-08T10:11:11.829+0000] {logging_mixin.py:188} INFO - [2025-04-08T10:11:11.829+0000] {dagbag.py:540} INFO - Filling up the DagBag from /opt/airflow/dags/step_two.py
[2025-04-08T10:11:11.835+0000] {processor.py:840} INFO - DAG(s) 'load_raw_data_to_bq' retrieved from /opt/airflow/dags/step_two.py
[2025-04-08T10:11:11.855+0000] {logging_mixin.py:188} INFO - [2025-04-08T10:11:11.854+0000] {dag.py:3047} INFO - Sync 1 DAGs
[2025-04-08T10:11:11.867+0000] {logging_mixin.py:188} INFO - [2025-04-08T10:11:11.866+0000] {dag.py:3834} INFO - Setting next_dagrun for load_raw_data_to_bq to None, run_after=None
[2025-04-08T10:11:11.887+0000] {processor.py:183} INFO - Processing /opt/airflow/dags/step_two.py took 0.065 seconds
[2025-04-08T10:11:42.713+0000] {processor.py:161} INFO - Started process (PID=192) to work on /opt/airflow/dags/step_two.py
[2025-04-08T10:11:42.714+0000] {processor.py:830} INFO - Processing file /opt/airflow/dags/step_two.py for tasks to queue
[2025-04-08T10:11:42.716+0000] {logging_mixin.py:188} INFO - [2025-04-08T10:11:42.716+0000] {dagbag.py:540} INFO - Filling up the DagBag from /opt/airflow/dags/step_two.py
[2025-04-08T10:11:42.722+0000] {processor.py:840} INFO - DAG(s) 'load_raw_data_to_bq' retrieved from /opt/airflow/dags/step_two.py
[2025-04-08T10:11:42.741+0000] {logging_mixin.py:188} INFO - [2025-04-08T10:11:42.741+0000] {dag.py:3047} INFO - Sync 1 DAGs
[2025-04-08T10:11:42.753+0000] {logging_mixin.py:188} INFO - [2025-04-08T10:11:42.753+0000] {dag.py:3834} INFO - Setting next_dagrun for load_raw_data_to_bq to None, run_after=None
[2025-04-08T10:11:42.774+0000] {processor.py:183} INFO - Processing /opt/airflow/dags/step_two.py took 0.065 seconds
[2025-04-08T10:12:13.812+0000] {processor.py:161} INFO - Started process (PID=254) to work on /opt/airflow/dags/step_two.py
[2025-04-08T10:12:13.814+0000] {processor.py:830} INFO - Processing file /opt/airflow/dags/step_two.py for tasks to queue
[2025-04-08T10:12:13.817+0000] {logging_mixin.py:188} INFO - [2025-04-08T10:12:13.816+0000] {dagbag.py:540} INFO - Filling up the DagBag from /opt/airflow/dags/step_two.py
[2025-04-08T10:12:13.825+0000] {processor.py:840} INFO - DAG(s) 'load_raw_data_to_bq' retrieved from /opt/airflow/dags/step_two.py
[2025-04-08T10:12:13.850+0000] {logging_mixin.py:188} INFO - [2025-04-08T10:12:13.849+0000] {dag.py:3047} INFO - Sync 1 DAGs
[2025-04-08T10:12:13.864+0000] {logging_mixin.py:188} INFO - [2025-04-08T10:12:13.864+0000] {dag.py:3834} INFO - Setting next_dagrun for load_raw_data_to_bq to None, run_after=None
[2025-04-08T10:12:13.891+0000] {processor.py:183} INFO - Processing /opt/airflow/dags/step_two.py took 0.084 seconds
[2025-04-08T10:12:44.021+0000] {processor.py:161} INFO - Started process (PID=316) to work on /opt/airflow/dags/step_two.py
[2025-04-08T10:12:44.022+0000] {processor.py:830} INFO - Processing file /opt/airflow/dags/step_two.py for tasks to queue
[2025-04-08T10:12:44.025+0000] {logging_mixin.py:188} INFO - [2025-04-08T10:12:44.024+0000] {dagbag.py:540} INFO - Filling up the DagBag from /opt/airflow/dags/step_two.py
[2025-04-08T10:12:44.030+0000] {processor.py:840} INFO - DAG(s) 'load_raw_data_to_bq' retrieved from /opt/airflow/dags/step_two.py
[2025-04-08T10:12:44.053+0000] {logging_mixin.py:188} INFO - [2025-04-08T10:12:44.053+0000] {dag.py:3047} INFO - Sync 1 DAGs
[2025-04-08T10:12:44.067+0000] {logging_mixin.py:188} INFO - [2025-04-08T10:12:44.067+0000] {dag.py:3834} INFO - Setting next_dagrun for load_raw_data_to_bq to None, run_after=None
[2025-04-08T10:12:44.090+0000] {processor.py:183} INFO - Processing /opt/airflow/dags/step_two.py took 0.074 seconds
[2025-04-08T10:13:14.639+0000] {processor.py:161} INFO - Started process (PID=378) to work on /opt/airflow/dags/step_two.py
[2025-04-08T10:13:14.640+0000] {processor.py:830} INFO - Processing file /opt/airflow/dags/step_two.py for tasks to queue
[2025-04-08T10:13:14.642+0000] {logging_mixin.py:188} INFO - [2025-04-08T10:13:14.642+0000] {dagbag.py:540} INFO - Filling up the DagBag from /opt/airflow/dags/step_two.py
[2025-04-08T10:13:14.648+0000] {processor.py:840} INFO - DAG(s) 'load_raw_data_to_bq' retrieved from /opt/airflow/dags/step_two.py
[2025-04-08T10:13:14.668+0000] {logging_mixin.py:188} INFO - [2025-04-08T10:13:14.667+0000] {dag.py:3047} INFO - Sync 1 DAGs
[2025-04-08T10:13:14.680+0000] {logging_mixin.py:188} INFO - [2025-04-08T10:13:14.680+0000] {dag.py:3834} INFO - Setting next_dagrun for load_raw_data_to_bq to None, run_after=None
[2025-04-08T10:13:14.703+0000] {processor.py:183} INFO - Processing /opt/airflow/dags/step_two.py took 0.068 seconds
[2025-04-08T10:13:44.838+0000] {processor.py:161} INFO - Started process (PID=440) to work on /opt/airflow/dags/step_two.py
[2025-04-08T10:13:44.839+0000] {processor.py:830} INFO - Processing file /opt/airflow/dags/step_two.py for tasks to queue
[2025-04-08T10:13:44.841+0000] {logging_mixin.py:188} INFO - [2025-04-08T10:13:44.841+0000] {dagbag.py:540} INFO - Filling up the DagBag from /opt/airflow/dags/step_two.py
[2025-04-08T10:13:44.848+0000] {processor.py:840} INFO - DAG(s) 'load_raw_data_to_bq' retrieved from /opt/airflow/dags/step_two.py
[2025-04-08T10:13:44.870+0000] {logging_mixin.py:188} INFO - [2025-04-08T10:13:44.869+0000] {dag.py:3047} INFO - Sync 1 DAGs
[2025-04-08T10:13:44.884+0000] {logging_mixin.py:188} INFO - [2025-04-08T10:13:44.884+0000] {dag.py:3834} INFO - Setting next_dagrun for load_raw_data_to_bq to None, run_after=None
[2025-04-08T10:13:44.905+0000] {processor.py:183} INFO - Processing /opt/airflow/dags/step_two.py took 0.071 seconds
