[2025-04-09T08:37:55.594+0000] {processor.py:161} INFO - Started process (PID=112) to work on /home/airflow/.local/lib/python3.10/site-packages/airflow/example_dags/plugins/listener_plugin.py
[2025-04-09T08:37:55.596+0000] {processor.py:830} INFO - Processing file /home/airflow/.local/lib/python3.10/site-packages/airflow/example_dags/plugins/listener_plugin.py for tasks to queue
[2025-04-09T08:37:55.601+0000] {logging_mixin.py:188} INFO - [2025-04-09T08:37:55.600+0000] {dagbag.py:540} INFO - Filling up the DagBag from /home/airflow/.local/lib/python3.10/site-packages/airflow/example_dags/plugins/listener_plugin.py
[2025-04-09T08:37:55.607+0000] {processor.py:842} WARNING - No viable dags retrieved from /home/airflow/.local/lib/python3.10/site-packages/airflow/example_dags/plugins/listener_plugin.py
[2025-04-09T08:37:55.632+0000] {processor.py:183} INFO - Processing /home/airflow/.local/lib/python3.10/site-packages/airflow/example_dags/plugins/listener_plugin.py took 0.044 seconds
[2025-04-09T08:38:26.835+0000] {processor.py:161} INFO - Started process (PID=174) to work on /home/airflow/.local/lib/python3.10/site-packages/airflow/example_dags/plugins/listener_plugin.py
[2025-04-09T08:38:26.838+0000] {processor.py:830} INFO - Processing file /home/airflow/.local/lib/python3.10/site-packages/airflow/example_dags/plugins/listener_plugin.py for tasks to queue
[2025-04-09T08:38:26.842+0000] {logging_mixin.py:188} INFO - [2025-04-09T08:38:26.841+0000] {dagbag.py:540} INFO - Filling up the DagBag from /home/airflow/.local/lib/python3.10/site-packages/airflow/example_dags/plugins/listener_plugin.py
[2025-04-09T08:38:26.853+0000] {processor.py:842} WARNING - No viable dags retrieved from /home/airflow/.local/lib/python3.10/site-packages/airflow/example_dags/plugins/listener_plugin.py
[2025-04-09T08:38:26.898+0000] {processor.py:183} INFO - Processing /home/airflow/.local/lib/python3.10/site-packages/airflow/example_dags/plugins/listener_plugin.py took 0.072 seconds
[2025-04-09T08:38:57.622+0000] {processor.py:161} INFO - Started process (PID=236) to work on /home/airflow/.local/lib/python3.10/site-packages/airflow/example_dags/plugins/listener_plugin.py
[2025-04-09T08:38:57.624+0000] {processor.py:830} INFO - Processing file /home/airflow/.local/lib/python3.10/site-packages/airflow/example_dags/plugins/listener_plugin.py for tasks to queue
[2025-04-09T08:38:57.630+0000] {logging_mixin.py:188} INFO - [2025-04-09T08:38:57.629+0000] {dagbag.py:540} INFO - Filling up the DagBag from /home/airflow/.local/lib/python3.10/site-packages/airflow/example_dags/plugins/listener_plugin.py
[2025-04-09T08:38:57.635+0000] {processor.py:842} WARNING - No viable dags retrieved from /home/airflow/.local/lib/python3.10/site-packages/airflow/example_dags/plugins/listener_plugin.py
[2025-04-09T08:38:57.668+0000] {processor.py:183} INFO - Processing /home/airflow/.local/lib/python3.10/site-packages/airflow/example_dags/plugins/listener_plugin.py took 0.055 seconds
[2025-04-09T08:39:28.229+0000] {processor.py:161} INFO - Started process (PID=298) to work on /home/airflow/.local/lib/python3.10/site-packages/airflow/example_dags/plugins/listener_plugin.py
[2025-04-09T08:39:28.232+0000] {processor.py:830} INFO - Processing file /home/airflow/.local/lib/python3.10/site-packages/airflow/example_dags/plugins/listener_plugin.py for tasks to queue
[2025-04-09T08:39:28.236+0000] {logging_mixin.py:188} INFO - [2025-04-09T08:39:28.235+0000] {dagbag.py:540} INFO - Filling up the DagBag from /home/airflow/.local/lib/python3.10/site-packages/airflow/example_dags/plugins/listener_plugin.py
[2025-04-09T08:39:28.241+0000] {processor.py:842} WARNING - No viable dags retrieved from /home/airflow/.local/lib/python3.10/site-packages/airflow/example_dags/plugins/listener_plugin.py
[2025-04-09T08:39:28.266+0000] {processor.py:183} INFO - Processing /home/airflow/.local/lib/python3.10/site-packages/airflow/example_dags/plugins/listener_plugin.py took 0.047 seconds
[2025-04-09T08:39:58.405+0000] {processor.py:161} INFO - Started process (PID=360) to work on /home/airflow/.local/lib/python3.10/site-packages/airflow/example_dags/plugins/listener_plugin.py
[2025-04-09T08:39:58.406+0000] {processor.py:830} INFO - Processing file /home/airflow/.local/lib/python3.10/site-packages/airflow/example_dags/plugins/listener_plugin.py for tasks to queue
[2025-04-09T08:39:58.408+0000] {logging_mixin.py:188} INFO - [2025-04-09T08:39:58.408+0000] {dagbag.py:540} INFO - Filling up the DagBag from /home/airflow/.local/lib/python3.10/site-packages/airflow/example_dags/plugins/listener_plugin.py
[2025-04-09T08:39:58.411+0000] {processor.py:842} WARNING - No viable dags retrieved from /home/airflow/.local/lib/python3.10/site-packages/airflow/example_dags/plugins/listener_plugin.py
[2025-04-09T08:39:58.427+0000] {processor.py:183} INFO - Processing /home/airflow/.local/lib/python3.10/site-packages/airflow/example_dags/plugins/listener_plugin.py took 0.025 seconds
[2025-04-09T08:40:29.381+0000] {processor.py:161} INFO - Started process (PID=422) to work on /home/airflow/.local/lib/python3.10/site-packages/airflow/example_dags/plugins/listener_plugin.py
[2025-04-09T08:40:29.382+0000] {processor.py:830} INFO - Processing file /home/airflow/.local/lib/python3.10/site-packages/airflow/example_dags/plugins/listener_plugin.py for tasks to queue
[2025-04-09T08:40:29.385+0000] {logging_mixin.py:188} INFO - [2025-04-09T08:40:29.384+0000] {dagbag.py:540} INFO - Filling up the DagBag from /home/airflow/.local/lib/python3.10/site-packages/airflow/example_dags/plugins/listener_plugin.py
[2025-04-09T08:40:29.388+0000] {processor.py:842} WARNING - No viable dags retrieved from /home/airflow/.local/lib/python3.10/site-packages/airflow/example_dags/plugins/listener_plugin.py
[2025-04-09T08:40:29.404+0000] {processor.py:183} INFO - Processing /home/airflow/.local/lib/python3.10/site-packages/airflow/example_dags/plugins/listener_plugin.py took 0.027 seconds
[2025-04-09T08:40:59.719+0000] {processor.py:161} INFO - Started process (PID=484) to work on /home/airflow/.local/lib/python3.10/site-packages/airflow/example_dags/plugins/listener_plugin.py
[2025-04-09T08:40:59.721+0000] {processor.py:830} INFO - Processing file /home/airflow/.local/lib/python3.10/site-packages/airflow/example_dags/plugins/listener_plugin.py for tasks to queue
[2025-04-09T08:40:59.723+0000] {logging_mixin.py:188} INFO - [2025-04-09T08:40:59.723+0000] {dagbag.py:540} INFO - Filling up the DagBag from /home/airflow/.local/lib/python3.10/site-packages/airflow/example_dags/plugins/listener_plugin.py
[2025-04-09T08:40:59.726+0000] {processor.py:842} WARNING - No viable dags retrieved from /home/airflow/.local/lib/python3.10/site-packages/airflow/example_dags/plugins/listener_plugin.py
[2025-04-09T08:40:59.742+0000] {processor.py:183} INFO - Processing /home/airflow/.local/lib/python3.10/site-packages/airflow/example_dags/plugins/listener_plugin.py took 0.027 seconds
[2025-04-09T08:41:30.284+0000] {processor.py:161} INFO - Started process (PID=546) to work on /home/airflow/.local/lib/python3.10/site-packages/airflow/example_dags/plugins/listener_plugin.py
[2025-04-09T08:41:30.285+0000] {processor.py:830} INFO - Processing file /home/airflow/.local/lib/python3.10/site-packages/airflow/example_dags/plugins/listener_plugin.py for tasks to queue
[2025-04-09T08:41:30.288+0000] {logging_mixin.py:188} INFO - [2025-04-09T08:41:30.287+0000] {dagbag.py:540} INFO - Filling up the DagBag from /home/airflow/.local/lib/python3.10/site-packages/airflow/example_dags/plugins/listener_plugin.py
[2025-04-09T08:41:30.291+0000] {processor.py:842} WARNING - No viable dags retrieved from /home/airflow/.local/lib/python3.10/site-packages/airflow/example_dags/plugins/listener_plugin.py
[2025-04-09T08:41:30.307+0000] {processor.py:183} INFO - Processing /home/airflow/.local/lib/python3.10/site-packages/airflow/example_dags/plugins/listener_plugin.py took 0.027 seconds
[2025-04-09T08:42:00.744+0000] {processor.py:161} INFO - Started process (PID=608) to work on /home/airflow/.local/lib/python3.10/site-packages/airflow/example_dags/plugins/listener_plugin.py
[2025-04-09T08:42:00.745+0000] {processor.py:830} INFO - Processing file /home/airflow/.local/lib/python3.10/site-packages/airflow/example_dags/plugins/listener_plugin.py for tasks to queue
[2025-04-09T08:42:00.748+0000] {logging_mixin.py:188} INFO - [2025-04-09T08:42:00.747+0000] {dagbag.py:540} INFO - Filling up the DagBag from /home/airflow/.local/lib/python3.10/site-packages/airflow/example_dags/plugins/listener_plugin.py
[2025-04-09T08:42:00.750+0000] {processor.py:842} WARNING - No viable dags retrieved from /home/airflow/.local/lib/python3.10/site-packages/airflow/example_dags/plugins/listener_plugin.py
[2025-04-09T08:42:00.765+0000] {processor.py:183} INFO - Processing /home/airflow/.local/lib/python3.10/site-packages/airflow/example_dags/plugins/listener_plugin.py took 0.024 seconds
[2025-04-09T08:42:31.544+0000] {processor.py:161} INFO - Started process (PID=670) to work on /home/airflow/.local/lib/python3.10/site-packages/airflow/example_dags/plugins/listener_plugin.py
[2025-04-09T08:42:31.545+0000] {processor.py:830} INFO - Processing file /home/airflow/.local/lib/python3.10/site-packages/airflow/example_dags/plugins/listener_plugin.py for tasks to queue
[2025-04-09T08:42:31.548+0000] {logging_mixin.py:188} INFO - [2025-04-09T08:42:31.547+0000] {dagbag.py:540} INFO - Filling up the DagBag from /home/airflow/.local/lib/python3.10/site-packages/airflow/example_dags/plugins/listener_plugin.py
[2025-04-09T08:42:31.551+0000] {processor.py:842} WARNING - No viable dags retrieved from /home/airflow/.local/lib/python3.10/site-packages/airflow/example_dags/plugins/listener_plugin.py
[2025-04-09T08:42:31.566+0000] {processor.py:183} INFO - Processing /home/airflow/.local/lib/python3.10/site-packages/airflow/example_dags/plugins/listener_plugin.py took 0.026 seconds
[2025-04-09T08:43:01.784+0000] {processor.py:161} INFO - Started process (PID=732) to work on /home/airflow/.local/lib/python3.10/site-packages/airflow/example_dags/plugins/listener_plugin.py
[2025-04-09T08:43:01.785+0000] {processor.py:830} INFO - Processing file /home/airflow/.local/lib/python3.10/site-packages/airflow/example_dags/plugins/listener_plugin.py for tasks to queue
[2025-04-09T08:43:01.788+0000] {logging_mixin.py:188} INFO - [2025-04-09T08:43:01.787+0000] {dagbag.py:540} INFO - Filling up the DagBag from /home/airflow/.local/lib/python3.10/site-packages/airflow/example_dags/plugins/listener_plugin.py
[2025-04-09T08:43:01.791+0000] {processor.py:842} WARNING - No viable dags retrieved from /home/airflow/.local/lib/python3.10/site-packages/airflow/example_dags/plugins/listener_plugin.py
[2025-04-09T08:43:01.808+0000] {processor.py:183} INFO - Processing /home/airflow/.local/lib/python3.10/site-packages/airflow/example_dags/plugins/listener_plugin.py took 0.029 seconds
[2025-04-09T08:43:31.958+0000] {processor.py:161} INFO - Started process (PID=794) to work on /home/airflow/.local/lib/python3.10/site-packages/airflow/example_dags/plugins/listener_plugin.py
[2025-04-09T08:43:31.961+0000] {processor.py:830} INFO - Processing file /home/airflow/.local/lib/python3.10/site-packages/airflow/example_dags/plugins/listener_plugin.py for tasks to queue
[2025-04-09T08:43:31.964+0000] {logging_mixin.py:188} INFO - [2025-04-09T08:43:31.964+0000] {dagbag.py:540} INFO - Filling up the DagBag from /home/airflow/.local/lib/python3.10/site-packages/airflow/example_dags/plugins/listener_plugin.py
[2025-04-09T08:43:31.968+0000] {processor.py:842} WARNING - No viable dags retrieved from /home/airflow/.local/lib/python3.10/site-packages/airflow/example_dags/plugins/listener_plugin.py
[2025-04-09T08:43:31.987+0000] {processor.py:183} INFO - Processing /home/airflow/.local/lib/python3.10/site-packages/airflow/example_dags/plugins/listener_plugin.py took 0.034 seconds
[2025-04-09T08:44:02.107+0000] {processor.py:161} INFO - Started process (PID=856) to work on /home/airflow/.local/lib/python3.10/site-packages/airflow/example_dags/plugins/listener_plugin.py
[2025-04-09T08:44:02.109+0000] {processor.py:830} INFO - Processing file /home/airflow/.local/lib/python3.10/site-packages/airflow/example_dags/plugins/listener_plugin.py for tasks to queue
[2025-04-09T08:44:02.112+0000] {logging_mixin.py:188} INFO - [2025-04-09T08:44:02.111+0000] {dagbag.py:540} INFO - Filling up the DagBag from /home/airflow/.local/lib/python3.10/site-packages/airflow/example_dags/plugins/listener_plugin.py
[2025-04-09T08:44:02.115+0000] {processor.py:842} WARNING - No viable dags retrieved from /home/airflow/.local/lib/python3.10/site-packages/airflow/example_dags/plugins/listener_plugin.py
[2025-04-09T08:44:02.132+0000] {processor.py:183} INFO - Processing /home/airflow/.local/lib/python3.10/site-packages/airflow/example_dags/plugins/listener_plugin.py took 0.029 seconds
[2025-04-09T08:44:33.112+0000] {processor.py:161} INFO - Started process (PID=918) to work on /home/airflow/.local/lib/python3.10/site-packages/airflow/example_dags/plugins/listener_plugin.py
[2025-04-09T08:44:33.115+0000] {processor.py:830} INFO - Processing file /home/airflow/.local/lib/python3.10/site-packages/airflow/example_dags/plugins/listener_plugin.py for tasks to queue
[2025-04-09T08:44:33.118+0000] {logging_mixin.py:188} INFO - [2025-04-09T08:44:33.117+0000] {dagbag.py:540} INFO - Filling up the DagBag from /home/airflow/.local/lib/python3.10/site-packages/airflow/example_dags/plugins/listener_plugin.py
[2025-04-09T08:44:33.122+0000] {processor.py:842} WARNING - No viable dags retrieved from /home/airflow/.local/lib/python3.10/site-packages/airflow/example_dags/plugins/listener_plugin.py
[2025-04-09T08:44:33.140+0000] {processor.py:183} INFO - Processing /home/airflow/.local/lib/python3.10/site-packages/airflow/example_dags/plugins/listener_plugin.py took 0.034 seconds
[2025-04-09T08:45:03.592+0000] {processor.py:161} INFO - Started process (PID=986) to work on /home/airflow/.local/lib/python3.10/site-packages/airflow/example_dags/plugins/listener_plugin.py
[2025-04-09T08:45:03.593+0000] {processor.py:830} INFO - Processing file /home/airflow/.local/lib/python3.10/site-packages/airflow/example_dags/plugins/listener_plugin.py for tasks to queue
[2025-04-09T08:45:03.596+0000] {logging_mixin.py:188} INFO - [2025-04-09T08:45:03.595+0000] {dagbag.py:540} INFO - Filling up the DagBag from /home/airflow/.local/lib/python3.10/site-packages/airflow/example_dags/plugins/listener_plugin.py
[2025-04-09T08:45:03.599+0000] {processor.py:842} WARNING - No viable dags retrieved from /home/airflow/.local/lib/python3.10/site-packages/airflow/example_dags/plugins/listener_plugin.py
[2025-04-09T08:45:03.615+0000] {processor.py:183} INFO - Processing /home/airflow/.local/lib/python3.10/site-packages/airflow/example_dags/plugins/listener_plugin.py took 0.027 seconds
[2025-04-09T08:45:33.754+0000] {processor.py:161} INFO - Started process (PID=1048) to work on /home/airflow/.local/lib/python3.10/site-packages/airflow/example_dags/plugins/listener_plugin.py
[2025-04-09T08:45:33.756+0000] {processor.py:830} INFO - Processing file /home/airflow/.local/lib/python3.10/site-packages/airflow/example_dags/plugins/listener_plugin.py for tasks to queue
[2025-04-09T08:45:33.759+0000] {logging_mixin.py:188} INFO - [2025-04-09T08:45:33.759+0000] {dagbag.py:540} INFO - Filling up the DagBag from /home/airflow/.local/lib/python3.10/site-packages/airflow/example_dags/plugins/listener_plugin.py
[2025-04-09T08:45:33.764+0000] {processor.py:842} WARNING - No viable dags retrieved from /home/airflow/.local/lib/python3.10/site-packages/airflow/example_dags/plugins/listener_plugin.py
[2025-04-09T08:45:33.784+0000] {processor.py:183} INFO - Processing /home/airflow/.local/lib/python3.10/site-packages/airflow/example_dags/plugins/listener_plugin.py took 0.035 seconds
[2025-04-09T08:46:04.397+0000] {processor.py:161} INFO - Started process (PID=1110) to work on /home/airflow/.local/lib/python3.10/site-packages/airflow/example_dags/plugins/listener_plugin.py
[2025-04-09T08:46:04.398+0000] {processor.py:830} INFO - Processing file /home/airflow/.local/lib/python3.10/site-packages/airflow/example_dags/plugins/listener_plugin.py for tasks to queue
[2025-04-09T08:46:04.401+0000] {logging_mixin.py:188} INFO - [2025-04-09T08:46:04.400+0000] {dagbag.py:540} INFO - Filling up the DagBag from /home/airflow/.local/lib/python3.10/site-packages/airflow/example_dags/plugins/listener_plugin.py
[2025-04-09T08:46:04.404+0000] {processor.py:842} WARNING - No viable dags retrieved from /home/airflow/.local/lib/python3.10/site-packages/airflow/example_dags/plugins/listener_plugin.py
[2025-04-09T08:46:04.419+0000] {processor.py:183} INFO - Processing /home/airflow/.local/lib/python3.10/site-packages/airflow/example_dags/plugins/listener_plugin.py took 0.026 seconds
[2025-04-09T08:46:34.600+0000] {processor.py:161} INFO - Started process (PID=1172) to work on /home/airflow/.local/lib/python3.10/site-packages/airflow/example_dags/plugins/listener_plugin.py
[2025-04-09T08:46:34.602+0000] {processor.py:830} INFO - Processing file /home/airflow/.local/lib/python3.10/site-packages/airflow/example_dags/plugins/listener_plugin.py for tasks to queue
[2025-04-09T08:46:34.604+0000] {logging_mixin.py:188} INFO - [2025-04-09T08:46:34.604+0000] {dagbag.py:540} INFO - Filling up the DagBag from /home/airflow/.local/lib/python3.10/site-packages/airflow/example_dags/plugins/listener_plugin.py
[2025-04-09T08:46:34.607+0000] {processor.py:842} WARNING - No viable dags retrieved from /home/airflow/.local/lib/python3.10/site-packages/airflow/example_dags/plugins/listener_plugin.py
[2025-04-09T08:46:34.624+0000] {processor.py:183} INFO - Processing /home/airflow/.local/lib/python3.10/site-packages/airflow/example_dags/plugins/listener_plugin.py took 0.029 seconds
[2025-04-09T08:47:05.366+0000] {processor.py:161} INFO - Started process (PID=1234) to work on /home/airflow/.local/lib/python3.10/site-packages/airflow/example_dags/plugins/listener_plugin.py
[2025-04-09T08:47:05.367+0000] {processor.py:830} INFO - Processing file /home/airflow/.local/lib/python3.10/site-packages/airflow/example_dags/plugins/listener_plugin.py for tasks to queue
[2025-04-09T08:47:05.369+0000] {logging_mixin.py:188} INFO - [2025-04-09T08:47:05.369+0000] {dagbag.py:540} INFO - Filling up the DagBag from /home/airflow/.local/lib/python3.10/site-packages/airflow/example_dags/plugins/listener_plugin.py
[2025-04-09T08:47:05.372+0000] {processor.py:842} WARNING - No viable dags retrieved from /home/airflow/.local/lib/python3.10/site-packages/airflow/example_dags/plugins/listener_plugin.py
[2025-04-09T08:47:05.387+0000] {processor.py:183} INFO - Processing /home/airflow/.local/lib/python3.10/site-packages/airflow/example_dags/plugins/listener_plugin.py took 0.024 seconds
[2025-04-09T08:47:36.072+0000] {processor.py:161} INFO - Started process (PID=1296) to work on /home/airflow/.local/lib/python3.10/site-packages/airflow/example_dags/plugins/listener_plugin.py
[2025-04-09T08:47:36.074+0000] {processor.py:830} INFO - Processing file /home/airflow/.local/lib/python3.10/site-packages/airflow/example_dags/plugins/listener_plugin.py for tasks to queue
[2025-04-09T08:47:36.076+0000] {logging_mixin.py:188} INFO - [2025-04-09T08:47:36.076+0000] {dagbag.py:540} INFO - Filling up the DagBag from /home/airflow/.local/lib/python3.10/site-packages/airflow/example_dags/plugins/listener_plugin.py
[2025-04-09T08:47:36.080+0000] {processor.py:842} WARNING - No viable dags retrieved from /home/airflow/.local/lib/python3.10/site-packages/airflow/example_dags/plugins/listener_plugin.py
[2025-04-09T08:47:36.100+0000] {processor.py:183} INFO - Processing /home/airflow/.local/lib/python3.10/site-packages/airflow/example_dags/plugins/listener_plugin.py took 0.033 seconds
[2025-04-09T08:48:06.417+0000] {processor.py:161} INFO - Started process (PID=1358) to work on /home/airflow/.local/lib/python3.10/site-packages/airflow/example_dags/plugins/listener_plugin.py
[2025-04-09T08:48:06.419+0000] {processor.py:830} INFO - Processing file /home/airflow/.local/lib/python3.10/site-packages/airflow/example_dags/plugins/listener_plugin.py for tasks to queue
[2025-04-09T08:48:06.422+0000] {logging_mixin.py:188} INFO - [2025-04-09T08:48:06.421+0000] {dagbag.py:540} INFO - Filling up the DagBag from /home/airflow/.local/lib/python3.10/site-packages/airflow/example_dags/plugins/listener_plugin.py
[2025-04-09T08:48:06.425+0000] {processor.py:842} WARNING - No viable dags retrieved from /home/airflow/.local/lib/python3.10/site-packages/airflow/example_dags/plugins/listener_plugin.py
[2025-04-09T08:48:06.441+0000] {processor.py:183} INFO - Processing /home/airflow/.local/lib/python3.10/site-packages/airflow/example_dags/plugins/listener_plugin.py took 0.028 seconds
[2025-04-09T08:48:36.871+0000] {processor.py:161} INFO - Started process (PID=1420) to work on /home/airflow/.local/lib/python3.10/site-packages/airflow/example_dags/plugins/listener_plugin.py
[2025-04-09T08:48:36.872+0000] {processor.py:830} INFO - Processing file /home/airflow/.local/lib/python3.10/site-packages/airflow/example_dags/plugins/listener_plugin.py for tasks to queue
[2025-04-09T08:48:36.874+0000] {logging_mixin.py:188} INFO - [2025-04-09T08:48:36.874+0000] {dagbag.py:540} INFO - Filling up the DagBag from /home/airflow/.local/lib/python3.10/site-packages/airflow/example_dags/plugins/listener_plugin.py
[2025-04-09T08:48:36.878+0000] {processor.py:842} WARNING - No viable dags retrieved from /home/airflow/.local/lib/python3.10/site-packages/airflow/example_dags/plugins/listener_plugin.py
[2025-04-09T08:48:36.897+0000] {processor.py:183} INFO - Processing /home/airflow/.local/lib/python3.10/site-packages/airflow/example_dags/plugins/listener_plugin.py took 0.030 seconds
[2025-04-09T08:49:07.094+0000] {processor.py:161} INFO - Started process (PID=1482) to work on /home/airflow/.local/lib/python3.10/site-packages/airflow/example_dags/plugins/listener_plugin.py
[2025-04-09T08:49:07.095+0000] {processor.py:830} INFO - Processing file /home/airflow/.local/lib/python3.10/site-packages/airflow/example_dags/plugins/listener_plugin.py for tasks to queue
[2025-04-09T08:49:07.098+0000] {logging_mixin.py:188} INFO - [2025-04-09T08:49:07.097+0000] {dagbag.py:540} INFO - Filling up the DagBag from /home/airflow/.local/lib/python3.10/site-packages/airflow/example_dags/plugins/listener_plugin.py
[2025-04-09T08:49:07.100+0000] {processor.py:842} WARNING - No viable dags retrieved from /home/airflow/.local/lib/python3.10/site-packages/airflow/example_dags/plugins/listener_plugin.py
[2025-04-09T08:49:07.117+0000] {processor.py:183} INFO - Processing /home/airflow/.local/lib/python3.10/site-packages/airflow/example_dags/plugins/listener_plugin.py took 0.027 seconds
[2025-04-09T08:49:38.148+0000] {processor.py:161} INFO - Started process (PID=1544) to work on /home/airflow/.local/lib/python3.10/site-packages/airflow/example_dags/plugins/listener_plugin.py
[2025-04-09T08:49:38.150+0000] {processor.py:830} INFO - Processing file /home/airflow/.local/lib/python3.10/site-packages/airflow/example_dags/plugins/listener_plugin.py for tasks to queue
[2025-04-09T08:49:38.155+0000] {logging_mixin.py:188} INFO - [2025-04-09T08:49:38.154+0000] {dagbag.py:540} INFO - Filling up the DagBag from /home/airflow/.local/lib/python3.10/site-packages/airflow/example_dags/plugins/listener_plugin.py
[2025-04-09T08:49:38.160+0000] {processor.py:842} WARNING - No viable dags retrieved from /home/airflow/.local/lib/python3.10/site-packages/airflow/example_dags/plugins/listener_plugin.py
[2025-04-09T08:49:38.181+0000] {processor.py:183} INFO - Processing /home/airflow/.local/lib/python3.10/site-packages/airflow/example_dags/plugins/listener_plugin.py took 0.038 seconds
[2025-04-09T08:50:08.670+0000] {processor.py:161} INFO - Started process (PID=1612) to work on /home/airflow/.local/lib/python3.10/site-packages/airflow/example_dags/plugins/listener_plugin.py
[2025-04-09T08:50:08.673+0000] {processor.py:830} INFO - Processing file /home/airflow/.local/lib/python3.10/site-packages/airflow/example_dags/plugins/listener_plugin.py for tasks to queue
[2025-04-09T08:50:08.677+0000] {logging_mixin.py:188} INFO - [2025-04-09T08:50:08.676+0000] {dagbag.py:540} INFO - Filling up the DagBag from /home/airflow/.local/lib/python3.10/site-packages/airflow/example_dags/plugins/listener_plugin.py
[2025-04-09T08:50:08.683+0000] {processor.py:842} WARNING - No viable dags retrieved from /home/airflow/.local/lib/python3.10/site-packages/airflow/example_dags/plugins/listener_plugin.py
[2025-04-09T08:50:08.713+0000] {processor.py:183} INFO - Processing /home/airflow/.local/lib/python3.10/site-packages/airflow/example_dags/plugins/listener_plugin.py took 0.057 seconds
[2025-04-09T08:50:39.091+0000] {processor.py:161} INFO - Started process (PID=1674) to work on /home/airflow/.local/lib/python3.10/site-packages/airflow/example_dags/plugins/listener_plugin.py
[2025-04-09T08:50:39.093+0000] {processor.py:830} INFO - Processing file /home/airflow/.local/lib/python3.10/site-packages/airflow/example_dags/plugins/listener_plugin.py for tasks to queue
[2025-04-09T08:50:39.095+0000] {logging_mixin.py:188} INFO - [2025-04-09T08:50:39.095+0000] {dagbag.py:540} INFO - Filling up the DagBag from /home/airflow/.local/lib/python3.10/site-packages/airflow/example_dags/plugins/listener_plugin.py
[2025-04-09T08:50:39.098+0000] {processor.py:842} WARNING - No viable dags retrieved from /home/airflow/.local/lib/python3.10/site-packages/airflow/example_dags/plugins/listener_plugin.py
[2025-04-09T08:50:39.126+0000] {processor.py:183} INFO - Processing /home/airflow/.local/lib/python3.10/site-packages/airflow/example_dags/plugins/listener_plugin.py took 0.039 seconds
[2025-04-09T08:51:10.103+0000] {processor.py:161} INFO - Started process (PID=1736) to work on /home/airflow/.local/lib/python3.10/site-packages/airflow/example_dags/plugins/listener_plugin.py
[2025-04-09T08:51:10.104+0000] {processor.py:830} INFO - Processing file /home/airflow/.local/lib/python3.10/site-packages/airflow/example_dags/plugins/listener_plugin.py for tasks to queue
[2025-04-09T08:51:10.107+0000] {logging_mixin.py:188} INFO - [2025-04-09T08:51:10.106+0000] {dagbag.py:540} INFO - Filling up the DagBag from /home/airflow/.local/lib/python3.10/site-packages/airflow/example_dags/plugins/listener_plugin.py
[2025-04-09T08:51:10.110+0000] {processor.py:842} WARNING - No viable dags retrieved from /home/airflow/.local/lib/python3.10/site-packages/airflow/example_dags/plugins/listener_plugin.py
[2025-04-09T08:51:10.125+0000] {processor.py:183} INFO - Processing /home/airflow/.local/lib/python3.10/site-packages/airflow/example_dags/plugins/listener_plugin.py took 0.026 seconds
[2025-04-09T08:51:40.899+0000] {processor.py:161} INFO - Started process (PID=1798) to work on /home/airflow/.local/lib/python3.10/site-packages/airflow/example_dags/plugins/listener_plugin.py
[2025-04-09T08:51:40.901+0000] {processor.py:830} INFO - Processing file /home/airflow/.local/lib/python3.10/site-packages/airflow/example_dags/plugins/listener_plugin.py for tasks to queue
[2025-04-09T08:51:40.904+0000] {logging_mixin.py:188} INFO - [2025-04-09T08:51:40.903+0000] {dagbag.py:540} INFO - Filling up the DagBag from /home/airflow/.local/lib/python3.10/site-packages/airflow/example_dags/plugins/listener_plugin.py
[2025-04-09T08:51:40.907+0000] {processor.py:842} WARNING - No viable dags retrieved from /home/airflow/.local/lib/python3.10/site-packages/airflow/example_dags/plugins/listener_plugin.py
[2025-04-09T08:51:40.926+0000] {processor.py:183} INFO - Processing /home/airflow/.local/lib/python3.10/site-packages/airflow/example_dags/plugins/listener_plugin.py took 0.032 seconds
[2025-04-09T08:52:11.409+0000] {processor.py:161} INFO - Started process (PID=1860) to work on /home/airflow/.local/lib/python3.10/site-packages/airflow/example_dags/plugins/listener_plugin.py
[2025-04-09T08:52:11.410+0000] {processor.py:830} INFO - Processing file /home/airflow/.local/lib/python3.10/site-packages/airflow/example_dags/plugins/listener_plugin.py for tasks to queue
[2025-04-09T08:52:11.412+0000] {logging_mixin.py:188} INFO - [2025-04-09T08:52:11.412+0000] {dagbag.py:540} INFO - Filling up the DagBag from /home/airflow/.local/lib/python3.10/site-packages/airflow/example_dags/plugins/listener_plugin.py
[2025-04-09T08:52:11.416+0000] {processor.py:842} WARNING - No viable dags retrieved from /home/airflow/.local/lib/python3.10/site-packages/airflow/example_dags/plugins/listener_plugin.py
[2025-04-09T08:52:11.434+0000] {processor.py:183} INFO - Processing /home/airflow/.local/lib/python3.10/site-packages/airflow/example_dags/plugins/listener_plugin.py took 0.029 seconds
[2025-04-09T08:52:42.131+0000] {processor.py:161} INFO - Started process (PID=1922) to work on /home/airflow/.local/lib/python3.10/site-packages/airflow/example_dags/plugins/listener_plugin.py
[2025-04-09T08:52:42.132+0000] {processor.py:830} INFO - Processing file /home/airflow/.local/lib/python3.10/site-packages/airflow/example_dags/plugins/listener_plugin.py for tasks to queue
[2025-04-09T08:52:42.135+0000] {logging_mixin.py:188} INFO - [2025-04-09T08:52:42.134+0000] {dagbag.py:540} INFO - Filling up the DagBag from /home/airflow/.local/lib/python3.10/site-packages/airflow/example_dags/plugins/listener_plugin.py
[2025-04-09T08:52:42.138+0000] {processor.py:842} WARNING - No viable dags retrieved from /home/airflow/.local/lib/python3.10/site-packages/airflow/example_dags/plugins/listener_plugin.py
[2025-04-09T08:52:42.155+0000] {processor.py:183} INFO - Processing /home/airflow/.local/lib/python3.10/site-packages/airflow/example_dags/plugins/listener_plugin.py took 0.028 seconds
[2025-04-09T08:53:12.963+0000] {processor.py:161} INFO - Started process (PID=1984) to work on /home/airflow/.local/lib/python3.10/site-packages/airflow/example_dags/plugins/listener_plugin.py
[2025-04-09T08:53:12.964+0000] {processor.py:830} INFO - Processing file /home/airflow/.local/lib/python3.10/site-packages/airflow/example_dags/plugins/listener_plugin.py for tasks to queue
[2025-04-09T08:53:12.967+0000] {logging_mixin.py:188} INFO - [2025-04-09T08:53:12.966+0000] {dagbag.py:540} INFO - Filling up the DagBag from /home/airflow/.local/lib/python3.10/site-packages/airflow/example_dags/plugins/listener_plugin.py
[2025-04-09T08:53:12.969+0000] {processor.py:842} WARNING - No viable dags retrieved from /home/airflow/.local/lib/python3.10/site-packages/airflow/example_dags/plugins/listener_plugin.py
[2025-04-09T08:53:12.987+0000] {processor.py:183} INFO - Processing /home/airflow/.local/lib/python3.10/site-packages/airflow/example_dags/plugins/listener_plugin.py took 0.029 seconds
[2025-04-09T08:53:43.925+0000] {processor.py:161} INFO - Started process (PID=2046) to work on /home/airflow/.local/lib/python3.10/site-packages/airflow/example_dags/plugins/listener_plugin.py
[2025-04-09T08:53:43.927+0000] {processor.py:830} INFO - Processing file /home/airflow/.local/lib/python3.10/site-packages/airflow/example_dags/plugins/listener_plugin.py for tasks to queue
[2025-04-09T08:53:43.929+0000] {logging_mixin.py:188} INFO - [2025-04-09T08:53:43.929+0000] {dagbag.py:540} INFO - Filling up the DagBag from /home/airflow/.local/lib/python3.10/site-packages/airflow/example_dags/plugins/listener_plugin.py
[2025-04-09T08:53:43.932+0000] {processor.py:842} WARNING - No viable dags retrieved from /home/airflow/.local/lib/python3.10/site-packages/airflow/example_dags/plugins/listener_plugin.py
[2025-04-09T08:53:43.949+0000] {processor.py:183} INFO - Processing /home/airflow/.local/lib/python3.10/site-packages/airflow/example_dags/plugins/listener_plugin.py took 0.028 seconds
[2025-04-09T08:54:14.611+0000] {processor.py:161} INFO - Started process (PID=2108) to work on /home/airflow/.local/lib/python3.10/site-packages/airflow/example_dags/plugins/listener_plugin.py
[2025-04-09T08:54:14.613+0000] {processor.py:830} INFO - Processing file /home/airflow/.local/lib/python3.10/site-packages/airflow/example_dags/plugins/listener_plugin.py for tasks to queue
[2025-04-09T08:54:14.617+0000] {logging_mixin.py:188} INFO - [2025-04-09T08:54:14.616+0000] {dagbag.py:540} INFO - Filling up the DagBag from /home/airflow/.local/lib/python3.10/site-packages/airflow/example_dags/plugins/listener_plugin.py
[2025-04-09T08:54:14.622+0000] {processor.py:842} WARNING - No viable dags retrieved from /home/airflow/.local/lib/python3.10/site-packages/airflow/example_dags/plugins/listener_plugin.py
[2025-04-09T08:54:14.646+0000] {processor.py:183} INFO - Processing /home/airflow/.local/lib/python3.10/site-packages/airflow/example_dags/plugins/listener_plugin.py took 0.040 seconds
[2025-04-09T08:54:45.653+0000] {processor.py:161} INFO - Started process (PID=2176) to work on /home/airflow/.local/lib/python3.10/site-packages/airflow/example_dags/plugins/listener_plugin.py
[2025-04-09T08:54:45.655+0000] {processor.py:830} INFO - Processing file /home/airflow/.local/lib/python3.10/site-packages/airflow/example_dags/plugins/listener_plugin.py for tasks to queue
[2025-04-09T08:54:45.666+0000] {logging_mixin.py:188} INFO - [2025-04-09T08:54:45.665+0000] {dagbag.py:540} INFO - Filling up the DagBag from /home/airflow/.local/lib/python3.10/site-packages/airflow/example_dags/plugins/listener_plugin.py
[2025-04-09T08:54:45.673+0000] {processor.py:842} WARNING - No viable dags retrieved from /home/airflow/.local/lib/python3.10/site-packages/airflow/example_dags/plugins/listener_plugin.py
[2025-04-09T08:54:45.711+0000] {processor.py:183} INFO - Processing /home/airflow/.local/lib/python3.10/site-packages/airflow/example_dags/plugins/listener_plugin.py took 0.073 seconds
[2025-04-09T08:55:16.438+0000] {processor.py:161} INFO - Started process (PID=2238) to work on /home/airflow/.local/lib/python3.10/site-packages/airflow/example_dags/plugins/listener_plugin.py
[2025-04-09T08:55:16.441+0000] {processor.py:830} INFO - Processing file /home/airflow/.local/lib/python3.10/site-packages/airflow/example_dags/plugins/listener_plugin.py for tasks to queue
[2025-04-09T08:55:16.444+0000] {logging_mixin.py:188} INFO - [2025-04-09T08:55:16.444+0000] {dagbag.py:540} INFO - Filling up the DagBag from /home/airflow/.local/lib/python3.10/site-packages/airflow/example_dags/plugins/listener_plugin.py
[2025-04-09T08:55:16.448+0000] {processor.py:842} WARNING - No viable dags retrieved from /home/airflow/.local/lib/python3.10/site-packages/airflow/example_dags/plugins/listener_plugin.py
[2025-04-09T08:55:16.475+0000] {processor.py:183} INFO - Processing /home/airflow/.local/lib/python3.10/site-packages/airflow/example_dags/plugins/listener_plugin.py took 0.043 seconds
[2025-04-09T08:55:48.684+0000] {processor.py:161} INFO - Started process (PID=2300) to work on /home/airflow/.local/lib/python3.10/site-packages/airflow/example_dags/plugins/listener_plugin.py
[2025-04-09T08:55:48.686+0000] {processor.py:830} INFO - Processing file /home/airflow/.local/lib/python3.10/site-packages/airflow/example_dags/plugins/listener_plugin.py for tasks to queue
[2025-04-09T08:55:48.689+0000] {logging_mixin.py:188} INFO - [2025-04-09T08:55:48.689+0000] {dagbag.py:540} INFO - Filling up the DagBag from /home/airflow/.local/lib/python3.10/site-packages/airflow/example_dags/plugins/listener_plugin.py
[2025-04-09T08:55:48.694+0000] {processor.py:842} WARNING - No viable dags retrieved from /home/airflow/.local/lib/python3.10/site-packages/airflow/example_dags/plugins/listener_plugin.py
[2025-04-09T08:55:48.716+0000] {processor.py:183} INFO - Processing /home/airflow/.local/lib/python3.10/site-packages/airflow/example_dags/plugins/listener_plugin.py took 0.037 seconds
[2025-04-09T08:56:18.826+0000] {processor.py:161} INFO - Started process (PID=2362) to work on /home/airflow/.local/lib/python3.10/site-packages/airflow/example_dags/plugins/listener_plugin.py
[2025-04-09T08:56:18.827+0000] {processor.py:830} INFO - Processing file /home/airflow/.local/lib/python3.10/site-packages/airflow/example_dags/plugins/listener_plugin.py for tasks to queue
[2025-04-09T08:56:18.831+0000] {logging_mixin.py:188} INFO - [2025-04-09T08:56:18.830+0000] {dagbag.py:540} INFO - Filling up the DagBag from /home/airflow/.local/lib/python3.10/site-packages/airflow/example_dags/plugins/listener_plugin.py
[2025-04-09T08:56:18.834+0000] {processor.py:842} WARNING - No viable dags retrieved from /home/airflow/.local/lib/python3.10/site-packages/airflow/example_dags/plugins/listener_plugin.py
[2025-04-09T08:56:18.851+0000] {processor.py:183} INFO - Processing /home/airflow/.local/lib/python3.10/site-packages/airflow/example_dags/plugins/listener_plugin.py took 0.030 seconds
[2025-04-09T08:56:49.074+0000] {processor.py:161} INFO - Started process (PID=2423) to work on /home/airflow/.local/lib/python3.10/site-packages/airflow/example_dags/plugins/listener_plugin.py
[2025-04-09T08:56:49.077+0000] {processor.py:830} INFO - Processing file /home/airflow/.local/lib/python3.10/site-packages/airflow/example_dags/plugins/listener_plugin.py for tasks to queue
[2025-04-09T08:56:49.080+0000] {logging_mixin.py:188} INFO - [2025-04-09T08:56:49.080+0000] {dagbag.py:540} INFO - Filling up the DagBag from /home/airflow/.local/lib/python3.10/site-packages/airflow/example_dags/plugins/listener_plugin.py
[2025-04-09T08:56:49.084+0000] {processor.py:842} WARNING - No viable dags retrieved from /home/airflow/.local/lib/python3.10/site-packages/airflow/example_dags/plugins/listener_plugin.py
[2025-04-09T08:56:49.107+0000] {processor.py:183} INFO - Processing /home/airflow/.local/lib/python3.10/site-packages/airflow/example_dags/plugins/listener_plugin.py took 0.040 seconds
[2025-04-09T08:57:19.336+0000] {processor.py:161} INFO - Started process (PID=2485) to work on /home/airflow/.local/lib/python3.10/site-packages/airflow/example_dags/plugins/listener_plugin.py
[2025-04-09T08:57:19.338+0000] {processor.py:830} INFO - Processing file /home/airflow/.local/lib/python3.10/site-packages/airflow/example_dags/plugins/listener_plugin.py for tasks to queue
[2025-04-09T08:57:19.341+0000] {logging_mixin.py:188} INFO - [2025-04-09T08:57:19.340+0000] {dagbag.py:540} INFO - Filling up the DagBag from /home/airflow/.local/lib/python3.10/site-packages/airflow/example_dags/plugins/listener_plugin.py
[2025-04-09T08:57:19.346+0000] {processor.py:842} WARNING - No viable dags retrieved from /home/airflow/.local/lib/python3.10/site-packages/airflow/example_dags/plugins/listener_plugin.py
[2025-04-09T08:57:19.363+0000] {processor.py:183} INFO - Processing /home/airflow/.local/lib/python3.10/site-packages/airflow/example_dags/plugins/listener_plugin.py took 0.032 seconds
[2025-04-09T08:57:50.019+0000] {processor.py:161} INFO - Started process (PID=2548) to work on /home/airflow/.local/lib/python3.10/site-packages/airflow/example_dags/plugins/listener_plugin.py
[2025-04-09T08:57:50.020+0000] {processor.py:830} INFO - Processing file /home/airflow/.local/lib/python3.10/site-packages/airflow/example_dags/plugins/listener_plugin.py for tasks to queue
[2025-04-09T08:57:50.022+0000] {logging_mixin.py:188} INFO - [2025-04-09T08:57:50.022+0000] {dagbag.py:540} INFO - Filling up the DagBag from /home/airflow/.local/lib/python3.10/site-packages/airflow/example_dags/plugins/listener_plugin.py
[2025-04-09T08:57:50.026+0000] {processor.py:842} WARNING - No viable dags retrieved from /home/airflow/.local/lib/python3.10/site-packages/airflow/example_dags/plugins/listener_plugin.py
[2025-04-09T08:57:50.047+0000] {processor.py:183} INFO - Processing /home/airflow/.local/lib/python3.10/site-packages/airflow/example_dags/plugins/listener_plugin.py took 0.032 seconds
[2025-04-09T08:58:20.142+0000] {processor.py:161} INFO - Started process (PID=2610) to work on /home/airflow/.local/lib/python3.10/site-packages/airflow/example_dags/plugins/listener_plugin.py
[2025-04-09T08:58:20.143+0000] {processor.py:830} INFO - Processing file /home/airflow/.local/lib/python3.10/site-packages/airflow/example_dags/plugins/listener_plugin.py for tasks to queue
[2025-04-09T08:58:20.146+0000] {logging_mixin.py:188} INFO - [2025-04-09T08:58:20.146+0000] {dagbag.py:540} INFO - Filling up the DagBag from /home/airflow/.local/lib/python3.10/site-packages/airflow/example_dags/plugins/listener_plugin.py
[2025-04-09T08:58:20.150+0000] {processor.py:842} WARNING - No viable dags retrieved from /home/airflow/.local/lib/python3.10/site-packages/airflow/example_dags/plugins/listener_plugin.py
[2025-04-09T08:58:20.167+0000] {processor.py:183} INFO - Processing /home/airflow/.local/lib/python3.10/site-packages/airflow/example_dags/plugins/listener_plugin.py took 0.030 seconds
[2025-04-09T08:58:51.215+0000] {processor.py:161} INFO - Started process (PID=2672) to work on /home/airflow/.local/lib/python3.10/site-packages/airflow/example_dags/plugins/listener_plugin.py
[2025-04-09T08:58:51.216+0000] {processor.py:830} INFO - Processing file /home/airflow/.local/lib/python3.10/site-packages/airflow/example_dags/plugins/listener_plugin.py for tasks to queue
[2025-04-09T08:58:51.219+0000] {logging_mixin.py:188} INFO - [2025-04-09T08:58:51.219+0000] {dagbag.py:540} INFO - Filling up the DagBag from /home/airflow/.local/lib/python3.10/site-packages/airflow/example_dags/plugins/listener_plugin.py
[2025-04-09T08:58:51.223+0000] {processor.py:842} WARNING - No viable dags retrieved from /home/airflow/.local/lib/python3.10/site-packages/airflow/example_dags/plugins/listener_plugin.py
[2025-04-09T08:58:51.239+0000] {processor.py:183} INFO - Processing /home/airflow/.local/lib/python3.10/site-packages/airflow/example_dags/plugins/listener_plugin.py took 0.029 seconds
[2025-04-09T08:59:21.526+0000] {processor.py:161} INFO - Started process (PID=2734) to work on /home/airflow/.local/lib/python3.10/site-packages/airflow/example_dags/plugins/listener_plugin.py
[2025-04-09T08:59:21.528+0000] {processor.py:830} INFO - Processing file /home/airflow/.local/lib/python3.10/site-packages/airflow/example_dags/plugins/listener_plugin.py for tasks to queue
[2025-04-09T08:59:21.532+0000] {logging_mixin.py:188} INFO - [2025-04-09T08:59:21.531+0000] {dagbag.py:540} INFO - Filling up the DagBag from /home/airflow/.local/lib/python3.10/site-packages/airflow/example_dags/plugins/listener_plugin.py
[2025-04-09T08:59:21.535+0000] {processor.py:842} WARNING - No viable dags retrieved from /home/airflow/.local/lib/python3.10/site-packages/airflow/example_dags/plugins/listener_plugin.py
[2025-04-09T08:59:21.551+0000] {processor.py:183} INFO - Processing /home/airflow/.local/lib/python3.10/site-packages/airflow/example_dags/plugins/listener_plugin.py took 0.029 seconds
[2025-04-09T08:59:52.096+0000] {processor.py:161} INFO - Started process (PID=2802) to work on /home/airflow/.local/lib/python3.10/site-packages/airflow/example_dags/plugins/listener_plugin.py
[2025-04-09T08:59:52.099+0000] {processor.py:830} INFO - Processing file /home/airflow/.local/lib/python3.10/site-packages/airflow/example_dags/plugins/listener_plugin.py for tasks to queue
[2025-04-09T08:59:52.102+0000] {logging_mixin.py:188} INFO - [2025-04-09T08:59:52.102+0000] {dagbag.py:540} INFO - Filling up the DagBag from /home/airflow/.local/lib/python3.10/site-packages/airflow/example_dags/plugins/listener_plugin.py
[2025-04-09T08:59:52.106+0000] {processor.py:842} WARNING - No viable dags retrieved from /home/airflow/.local/lib/python3.10/site-packages/airflow/example_dags/plugins/listener_plugin.py
[2025-04-09T08:59:52.126+0000] {processor.py:183} INFO - Processing /home/airflow/.local/lib/python3.10/site-packages/airflow/example_dags/plugins/listener_plugin.py took 0.035 seconds
[2025-04-09T09:00:22.529+0000] {processor.py:161} INFO - Started process (PID=2864) to work on /home/airflow/.local/lib/python3.10/site-packages/airflow/example_dags/plugins/listener_plugin.py
[2025-04-09T09:00:22.530+0000] {processor.py:830} INFO - Processing file /home/airflow/.local/lib/python3.10/site-packages/airflow/example_dags/plugins/listener_plugin.py for tasks to queue
[2025-04-09T09:00:22.532+0000] {logging_mixin.py:188} INFO - [2025-04-09T09:00:22.532+0000] {dagbag.py:540} INFO - Filling up the DagBag from /home/airflow/.local/lib/python3.10/site-packages/airflow/example_dags/plugins/listener_plugin.py
[2025-04-09T09:00:22.535+0000] {processor.py:842} WARNING - No viable dags retrieved from /home/airflow/.local/lib/python3.10/site-packages/airflow/example_dags/plugins/listener_plugin.py
[2025-04-09T09:00:22.551+0000] {processor.py:183} INFO - Processing /home/airflow/.local/lib/python3.10/site-packages/airflow/example_dags/plugins/listener_plugin.py took 0.027 seconds
[2025-04-09T09:00:53.171+0000] {processor.py:161} INFO - Started process (PID=2926) to work on /home/airflow/.local/lib/python3.10/site-packages/airflow/example_dags/plugins/listener_plugin.py
[2025-04-09T09:00:53.173+0000] {processor.py:830} INFO - Processing file /home/airflow/.local/lib/python3.10/site-packages/airflow/example_dags/plugins/listener_plugin.py for tasks to queue
[2025-04-09T09:00:53.177+0000] {logging_mixin.py:188} INFO - [2025-04-09T09:00:53.177+0000] {dagbag.py:540} INFO - Filling up the DagBag from /home/airflow/.local/lib/python3.10/site-packages/airflow/example_dags/plugins/listener_plugin.py
[2025-04-09T09:00:53.183+0000] {processor.py:842} WARNING - No viable dags retrieved from /home/airflow/.local/lib/python3.10/site-packages/airflow/example_dags/plugins/listener_plugin.py
[2025-04-09T09:00:53.217+0000] {processor.py:183} INFO - Processing /home/airflow/.local/lib/python3.10/site-packages/airflow/example_dags/plugins/listener_plugin.py took 0.055 seconds
[2025-04-09T09:01:23.809+0000] {processor.py:161} INFO - Started process (PID=2988) to work on /home/airflow/.local/lib/python3.10/site-packages/airflow/example_dags/plugins/listener_plugin.py
[2025-04-09T09:01:23.811+0000] {processor.py:830} INFO - Processing file /home/airflow/.local/lib/python3.10/site-packages/airflow/example_dags/plugins/listener_plugin.py for tasks to queue
[2025-04-09T09:01:23.816+0000] {logging_mixin.py:188} INFO - [2025-04-09T09:01:23.815+0000] {dagbag.py:540} INFO - Filling up the DagBag from /home/airflow/.local/lib/python3.10/site-packages/airflow/example_dags/plugins/listener_plugin.py
[2025-04-09T09:01:23.821+0000] {processor.py:842} WARNING - No viable dags retrieved from /home/airflow/.local/lib/python3.10/site-packages/airflow/example_dags/plugins/listener_plugin.py
[2025-04-09T09:01:23.843+0000] {processor.py:183} INFO - Processing /home/airflow/.local/lib/python3.10/site-packages/airflow/example_dags/plugins/listener_plugin.py took 0.041 seconds
[2025-04-09T09:01:54.638+0000] {processor.py:161} INFO - Started process (PID=3050) to work on /home/airflow/.local/lib/python3.10/site-packages/airflow/example_dags/plugins/listener_plugin.py
[2025-04-09T09:01:54.639+0000] {processor.py:830} INFO - Processing file /home/airflow/.local/lib/python3.10/site-packages/airflow/example_dags/plugins/listener_plugin.py for tasks to queue
[2025-04-09T09:01:54.641+0000] {logging_mixin.py:188} INFO - [2025-04-09T09:01:54.641+0000] {dagbag.py:540} INFO - Filling up the DagBag from /home/airflow/.local/lib/python3.10/site-packages/airflow/example_dags/plugins/listener_plugin.py
[2025-04-09T09:01:54.644+0000] {processor.py:842} WARNING - No viable dags retrieved from /home/airflow/.local/lib/python3.10/site-packages/airflow/example_dags/plugins/listener_plugin.py
[2025-04-09T09:01:54.661+0000] {processor.py:183} INFO - Processing /home/airflow/.local/lib/python3.10/site-packages/airflow/example_dags/plugins/listener_plugin.py took 0.027 seconds
[2025-04-09T09:02:24.918+0000] {processor.py:161} INFO - Started process (PID=3112) to work on /home/airflow/.local/lib/python3.10/site-packages/airflow/example_dags/plugins/listener_plugin.py
[2025-04-09T09:02:24.920+0000] {processor.py:830} INFO - Processing file /home/airflow/.local/lib/python3.10/site-packages/airflow/example_dags/plugins/listener_plugin.py for tasks to queue
[2025-04-09T09:02:24.922+0000] {logging_mixin.py:188} INFO - [2025-04-09T09:02:24.922+0000] {dagbag.py:540} INFO - Filling up the DagBag from /home/airflow/.local/lib/python3.10/site-packages/airflow/example_dags/plugins/listener_plugin.py
[2025-04-09T09:02:24.925+0000] {processor.py:842} WARNING - No viable dags retrieved from /home/airflow/.local/lib/python3.10/site-packages/airflow/example_dags/plugins/listener_plugin.py
[2025-04-09T09:02:24.943+0000] {processor.py:183} INFO - Processing /home/airflow/.local/lib/python3.10/site-packages/airflow/example_dags/plugins/listener_plugin.py took 0.029 seconds
[2025-04-09T09:02:55.192+0000] {processor.py:161} INFO - Started process (PID=3174) to work on /home/airflow/.local/lib/python3.10/site-packages/airflow/example_dags/plugins/listener_plugin.py
[2025-04-09T09:02:55.194+0000] {processor.py:830} INFO - Processing file /home/airflow/.local/lib/python3.10/site-packages/airflow/example_dags/plugins/listener_plugin.py for tasks to queue
[2025-04-09T09:02:55.197+0000] {logging_mixin.py:188} INFO - [2025-04-09T09:02:55.196+0000] {dagbag.py:540} INFO - Filling up the DagBag from /home/airflow/.local/lib/python3.10/site-packages/airflow/example_dags/plugins/listener_plugin.py
[2025-04-09T09:02:55.200+0000] {processor.py:842} WARNING - No viable dags retrieved from /home/airflow/.local/lib/python3.10/site-packages/airflow/example_dags/plugins/listener_plugin.py
[2025-04-09T09:02:55.216+0000] {processor.py:183} INFO - Processing /home/airflow/.local/lib/python3.10/site-packages/airflow/example_dags/plugins/listener_plugin.py took 0.028 seconds
[2025-04-09T09:03:25.408+0000] {processor.py:161} INFO - Started process (PID=3236) to work on /home/airflow/.local/lib/python3.10/site-packages/airflow/example_dags/plugins/listener_plugin.py
[2025-04-09T09:03:25.410+0000] {processor.py:830} INFO - Processing file /home/airflow/.local/lib/python3.10/site-packages/airflow/example_dags/plugins/listener_plugin.py for tasks to queue
[2025-04-09T09:03:25.412+0000] {logging_mixin.py:188} INFO - [2025-04-09T09:03:25.412+0000] {dagbag.py:540} INFO - Filling up the DagBag from /home/airflow/.local/lib/python3.10/site-packages/airflow/example_dags/plugins/listener_plugin.py
[2025-04-09T09:03:25.415+0000] {processor.py:842} WARNING - No viable dags retrieved from /home/airflow/.local/lib/python3.10/site-packages/airflow/example_dags/plugins/listener_plugin.py
[2025-04-09T09:03:25.434+0000] {processor.py:183} INFO - Processing /home/airflow/.local/lib/python3.10/site-packages/airflow/example_dags/plugins/listener_plugin.py took 0.030 seconds
[2025-04-09T09:03:55.712+0000] {processor.py:161} INFO - Started process (PID=3298) to work on /home/airflow/.local/lib/python3.10/site-packages/airflow/example_dags/plugins/listener_plugin.py
[2025-04-09T09:03:55.713+0000] {processor.py:830} INFO - Processing file /home/airflow/.local/lib/python3.10/site-packages/airflow/example_dags/plugins/listener_plugin.py for tasks to queue
[2025-04-09T09:03:55.716+0000] {logging_mixin.py:188} INFO - [2025-04-09T09:03:55.715+0000] {dagbag.py:540} INFO - Filling up the DagBag from /home/airflow/.local/lib/python3.10/site-packages/airflow/example_dags/plugins/listener_plugin.py
[2025-04-09T09:03:55.720+0000] {processor.py:842} WARNING - No viable dags retrieved from /home/airflow/.local/lib/python3.10/site-packages/airflow/example_dags/plugins/listener_plugin.py
[2025-04-09T09:03:55.736+0000] {processor.py:183} INFO - Processing /home/airflow/.local/lib/python3.10/site-packages/airflow/example_dags/plugins/listener_plugin.py took 0.029 seconds
[2025-04-09T09:04:26.103+0000] {processor.py:161} INFO - Started process (PID=3360) to work on /home/airflow/.local/lib/python3.10/site-packages/airflow/example_dags/plugins/listener_plugin.py
[2025-04-09T09:04:26.105+0000] {processor.py:830} INFO - Processing file /home/airflow/.local/lib/python3.10/site-packages/airflow/example_dags/plugins/listener_plugin.py for tasks to queue
[2025-04-09T09:04:26.111+0000] {logging_mixin.py:188} INFO - [2025-04-09T09:04:26.110+0000] {dagbag.py:540} INFO - Filling up the DagBag from /home/airflow/.local/lib/python3.10/site-packages/airflow/example_dags/plugins/listener_plugin.py
[2025-04-09T09:04:26.115+0000] {processor.py:842} WARNING - No viable dags retrieved from /home/airflow/.local/lib/python3.10/site-packages/airflow/example_dags/plugins/listener_plugin.py
[2025-04-09T09:04:26.136+0000] {processor.py:183} INFO - Processing /home/airflow/.local/lib/python3.10/site-packages/airflow/example_dags/plugins/listener_plugin.py took 0.039 seconds
[2025-04-09T09:04:57.173+0000] {processor.py:161} INFO - Started process (PID=3422) to work on /home/airflow/.local/lib/python3.10/site-packages/airflow/example_dags/plugins/listener_plugin.py
[2025-04-09T09:04:57.175+0000] {processor.py:830} INFO - Processing file /home/airflow/.local/lib/python3.10/site-packages/airflow/example_dags/plugins/listener_plugin.py for tasks to queue
[2025-04-09T09:04:57.177+0000] {logging_mixin.py:188} INFO - [2025-04-09T09:04:57.176+0000] {dagbag.py:540} INFO - Filling up the DagBag from /home/airflow/.local/lib/python3.10/site-packages/airflow/example_dags/plugins/listener_plugin.py
[2025-04-09T09:04:57.180+0000] {processor.py:842} WARNING - No viable dags retrieved from /home/airflow/.local/lib/python3.10/site-packages/airflow/example_dags/plugins/listener_plugin.py
[2025-04-09T09:04:57.201+0000] {processor.py:183} INFO - Processing /home/airflow/.local/lib/python3.10/site-packages/airflow/example_dags/plugins/listener_plugin.py took 0.033 seconds
[2025-04-09T09:05:27.598+0000] {processor.py:161} INFO - Started process (PID=3490) to work on /home/airflow/.local/lib/python3.10/site-packages/airflow/example_dags/plugins/listener_plugin.py
[2025-04-09T09:05:27.599+0000] {processor.py:830} INFO - Processing file /home/airflow/.local/lib/python3.10/site-packages/airflow/example_dags/plugins/listener_plugin.py for tasks to queue
[2025-04-09T09:05:27.602+0000] {logging_mixin.py:188} INFO - [2025-04-09T09:05:27.601+0000] {dagbag.py:540} INFO - Filling up the DagBag from /home/airflow/.local/lib/python3.10/site-packages/airflow/example_dags/plugins/listener_plugin.py
[2025-04-09T09:05:27.606+0000] {processor.py:842} WARNING - No viable dags retrieved from /home/airflow/.local/lib/python3.10/site-packages/airflow/example_dags/plugins/listener_plugin.py
[2025-04-09T09:05:27.623+0000] {processor.py:183} INFO - Processing /home/airflow/.local/lib/python3.10/site-packages/airflow/example_dags/plugins/listener_plugin.py took 0.029 seconds
[2025-04-09T09:05:57.896+0000] {processor.py:161} INFO - Started process (PID=3552) to work on /home/airflow/.local/lib/python3.10/site-packages/airflow/example_dags/plugins/listener_plugin.py
[2025-04-09T09:05:57.897+0000] {processor.py:830} INFO - Processing file /home/airflow/.local/lib/python3.10/site-packages/airflow/example_dags/plugins/listener_plugin.py for tasks to queue
[2025-04-09T09:05:57.899+0000] {logging_mixin.py:188} INFO - [2025-04-09T09:05:57.898+0000] {dagbag.py:540} INFO - Filling up the DagBag from /home/airflow/.local/lib/python3.10/site-packages/airflow/example_dags/plugins/listener_plugin.py
[2025-04-09T09:05:57.902+0000] {processor.py:842} WARNING - No viable dags retrieved from /home/airflow/.local/lib/python3.10/site-packages/airflow/example_dags/plugins/listener_plugin.py
[2025-04-09T09:05:57.920+0000] {processor.py:183} INFO - Processing /home/airflow/.local/lib/python3.10/site-packages/airflow/example_dags/plugins/listener_plugin.py took 0.029 seconds
[2025-04-09T09:06:28.178+0000] {processor.py:161} INFO - Started process (PID=3613) to work on /home/airflow/.local/lib/python3.10/site-packages/airflow/example_dags/plugins/listener_plugin.py
[2025-04-09T09:06:28.181+0000] {processor.py:830} INFO - Processing file /home/airflow/.local/lib/python3.10/site-packages/airflow/example_dags/plugins/listener_plugin.py for tasks to queue
[2025-04-09T09:06:28.183+0000] {logging_mixin.py:188} INFO - [2025-04-09T09:06:28.182+0000] {dagbag.py:540} INFO - Filling up the DagBag from /home/airflow/.local/lib/python3.10/site-packages/airflow/example_dags/plugins/listener_plugin.py
[2025-04-09T09:06:28.187+0000] {processor.py:842} WARNING - No viable dags retrieved from /home/airflow/.local/lib/python3.10/site-packages/airflow/example_dags/plugins/listener_plugin.py
[2025-04-09T09:06:28.202+0000] {processor.py:183} INFO - Processing /home/airflow/.local/lib/python3.10/site-packages/airflow/example_dags/plugins/listener_plugin.py took 0.029 seconds
[2025-04-09T09:06:58.404+0000] {processor.py:161} INFO - Started process (PID=3673) to work on /home/airflow/.local/lib/python3.10/site-packages/airflow/example_dags/plugins/listener_plugin.py
[2025-04-09T09:06:58.406+0000] {processor.py:830} INFO - Processing file /home/airflow/.local/lib/python3.10/site-packages/airflow/example_dags/plugins/listener_plugin.py for tasks to queue
[2025-04-09T09:06:58.409+0000] {logging_mixin.py:188} INFO - [2025-04-09T09:06:58.408+0000] {dagbag.py:540} INFO - Filling up the DagBag from /home/airflow/.local/lib/python3.10/site-packages/airflow/example_dags/plugins/listener_plugin.py
[2025-04-09T09:06:58.414+0000] {processor.py:842} WARNING - No viable dags retrieved from /home/airflow/.local/lib/python3.10/site-packages/airflow/example_dags/plugins/listener_plugin.py
[2025-04-09T09:06:58.440+0000] {processor.py:183} INFO - Processing /home/airflow/.local/lib/python3.10/site-packages/airflow/example_dags/plugins/listener_plugin.py took 0.043 seconds
[2025-04-09T09:07:29.054+0000] {processor.py:161} INFO - Started process (PID=3735) to work on /home/airflow/.local/lib/python3.10/site-packages/airflow/example_dags/plugins/listener_plugin.py
[2025-04-09T09:07:29.056+0000] {processor.py:830} INFO - Processing file /home/airflow/.local/lib/python3.10/site-packages/airflow/example_dags/plugins/listener_plugin.py for tasks to queue
[2025-04-09T09:07:29.057+0000] {logging_mixin.py:188} INFO - [2025-04-09T09:07:29.057+0000] {dagbag.py:540} INFO - Filling up the DagBag from /home/airflow/.local/lib/python3.10/site-packages/airflow/example_dags/plugins/listener_plugin.py
[2025-04-09T09:07:29.061+0000] {processor.py:842} WARNING - No viable dags retrieved from /home/airflow/.local/lib/python3.10/site-packages/airflow/example_dags/plugins/listener_plugin.py
[2025-04-09T09:07:29.082+0000] {processor.py:183} INFO - Processing /home/airflow/.local/lib/python3.10/site-packages/airflow/example_dags/plugins/listener_plugin.py took 0.033 seconds
[2025-04-09T09:07:57.188+0000] {processor.py:161} INFO - Started process (PID=3797) to work on /home/airflow/.local/lib/python3.10/site-packages/airflow/example_dags/plugins/listener_plugin.py
[2025-04-09T09:07:57.190+0000] {processor.py:830} INFO - Processing file /home/airflow/.local/lib/python3.10/site-packages/airflow/example_dags/plugins/listener_plugin.py for tasks to queue
[2025-04-09T09:07:57.191+0000] {logging_mixin.py:188} INFO - [2025-04-09T09:07:57.191+0000] {dagbag.py:540} INFO - Filling up the DagBag from /home/airflow/.local/lib/python3.10/site-packages/airflow/example_dags/plugins/listener_plugin.py
[2025-04-09T09:07:57.194+0000] {processor.py:842} WARNING - No viable dags retrieved from /home/airflow/.local/lib/python3.10/site-packages/airflow/example_dags/plugins/listener_plugin.py
[2025-04-09T09:07:57.212+0000] {processor.py:183} INFO - Processing /home/airflow/.local/lib/python3.10/site-packages/airflow/example_dags/plugins/listener_plugin.py took 0.028 seconds
[2025-04-09T09:08:28.026+0000] {processor.py:161} INFO - Started process (PID=3856) to work on /home/airflow/.local/lib/python3.10/site-packages/airflow/example_dags/plugins/listener_plugin.py
[2025-04-09T09:08:28.028+0000] {processor.py:830} INFO - Processing file /home/airflow/.local/lib/python3.10/site-packages/airflow/example_dags/plugins/listener_plugin.py for tasks to queue
[2025-04-09T09:08:28.030+0000] {logging_mixin.py:188} INFO - [2025-04-09T09:08:28.029+0000] {dagbag.py:540} INFO - Filling up the DagBag from /home/airflow/.local/lib/python3.10/site-packages/airflow/example_dags/plugins/listener_plugin.py
[2025-04-09T09:08:28.033+0000] {processor.py:842} WARNING - No viable dags retrieved from /home/airflow/.local/lib/python3.10/site-packages/airflow/example_dags/plugins/listener_plugin.py
[2025-04-09T09:08:28.055+0000] {processor.py:183} INFO - Processing /home/airflow/.local/lib/python3.10/site-packages/airflow/example_dags/plugins/listener_plugin.py took 0.033 seconds
[2025-04-09T09:08:58.432+0000] {processor.py:161} INFO - Started process (PID=3918) to work on /home/airflow/.local/lib/python3.10/site-packages/airflow/example_dags/plugins/listener_plugin.py
[2025-04-09T09:08:58.434+0000] {processor.py:830} INFO - Processing file /home/airflow/.local/lib/python3.10/site-packages/airflow/example_dags/plugins/listener_plugin.py for tasks to queue
[2025-04-09T09:08:58.435+0000] {logging_mixin.py:188} INFO - [2025-04-09T09:08:58.434+0000] {dagbag.py:540} INFO - Filling up the DagBag from /home/airflow/.local/lib/python3.10/site-packages/airflow/example_dags/plugins/listener_plugin.py
[2025-04-09T09:08:58.439+0000] {processor.py:842} WARNING - No viable dags retrieved from /home/airflow/.local/lib/python3.10/site-packages/airflow/example_dags/plugins/listener_plugin.py
[2025-04-09T09:08:58.459+0000] {processor.py:183} INFO - Processing /home/airflow/.local/lib/python3.10/site-packages/airflow/example_dags/plugins/listener_plugin.py took 0.031 seconds
[2025-04-09T09:09:29.301+0000] {processor.py:161} INFO - Started process (PID=3980) to work on /home/airflow/.local/lib/python3.10/site-packages/airflow/example_dags/plugins/listener_plugin.py
[2025-04-09T09:09:29.303+0000] {processor.py:830} INFO - Processing file /home/airflow/.local/lib/python3.10/site-packages/airflow/example_dags/plugins/listener_plugin.py for tasks to queue
[2025-04-09T09:09:29.304+0000] {logging_mixin.py:188} INFO - [2025-04-09T09:09:29.304+0000] {dagbag.py:540} INFO - Filling up the DagBag from /home/airflow/.local/lib/python3.10/site-packages/airflow/example_dags/plugins/listener_plugin.py
[2025-04-09T09:09:29.308+0000] {processor.py:842} WARNING - No viable dags retrieved from /home/airflow/.local/lib/python3.10/site-packages/airflow/example_dags/plugins/listener_plugin.py
[2025-04-09T09:09:29.335+0000] {processor.py:183} INFO - Processing /home/airflow/.local/lib/python3.10/site-packages/airflow/example_dags/plugins/listener_plugin.py took 0.040 seconds
[2025-04-09T09:09:59.429+0000] {processor.py:161} INFO - Started process (PID=4044) to work on /home/airflow/.local/lib/python3.10/site-packages/airflow/example_dags/plugins/listener_plugin.py
[2025-04-09T09:09:59.431+0000] {processor.py:830} INFO - Processing file /home/airflow/.local/lib/python3.10/site-packages/airflow/example_dags/plugins/listener_plugin.py for tasks to queue
[2025-04-09T09:09:59.433+0000] {logging_mixin.py:188} INFO - [2025-04-09T09:09:59.433+0000] {dagbag.py:540} INFO - Filling up the DagBag from /home/airflow/.local/lib/python3.10/site-packages/airflow/example_dags/plugins/listener_plugin.py
[2025-04-09T09:09:59.439+0000] {processor.py:842} WARNING - No viable dags retrieved from /home/airflow/.local/lib/python3.10/site-packages/airflow/example_dags/plugins/listener_plugin.py
[2025-04-09T09:09:59.458+0000] {processor.py:183} INFO - Processing /home/airflow/.local/lib/python3.10/site-packages/airflow/example_dags/plugins/listener_plugin.py took 0.033 seconds
[2025-04-09T09:10:30.393+0000] {processor.py:161} INFO - Started process (PID=4112) to work on /home/airflow/.local/lib/python3.10/site-packages/airflow/example_dags/plugins/listener_plugin.py
[2025-04-09T09:10:30.394+0000] {processor.py:830} INFO - Processing file /home/airflow/.local/lib/python3.10/site-packages/airflow/example_dags/plugins/listener_plugin.py for tasks to queue
[2025-04-09T09:10:30.396+0000] {logging_mixin.py:188} INFO - [2025-04-09T09:10:30.395+0000] {dagbag.py:540} INFO - Filling up the DagBag from /home/airflow/.local/lib/python3.10/site-packages/airflow/example_dags/plugins/listener_plugin.py
[2025-04-09T09:10:30.399+0000] {processor.py:842} WARNING - No viable dags retrieved from /home/airflow/.local/lib/python3.10/site-packages/airflow/example_dags/plugins/listener_plugin.py
[2025-04-09T09:10:30.413+0000] {processor.py:183} INFO - Processing /home/airflow/.local/lib/python3.10/site-packages/airflow/example_dags/plugins/listener_plugin.py took 0.024 seconds
[2025-04-09T09:11:00.932+0000] {processor.py:161} INFO - Started process (PID=4174) to work on /home/airflow/.local/lib/python3.10/site-packages/airflow/example_dags/plugins/listener_plugin.py
[2025-04-09T09:11:00.934+0000] {processor.py:830} INFO - Processing file /home/airflow/.local/lib/python3.10/site-packages/airflow/example_dags/plugins/listener_plugin.py for tasks to queue
[2025-04-09T09:11:00.935+0000] {logging_mixin.py:188} INFO - [2025-04-09T09:11:00.935+0000] {dagbag.py:540} INFO - Filling up the DagBag from /home/airflow/.local/lib/python3.10/site-packages/airflow/example_dags/plugins/listener_plugin.py
[2025-04-09T09:11:00.938+0000] {processor.py:842} WARNING - No viable dags retrieved from /home/airflow/.local/lib/python3.10/site-packages/airflow/example_dags/plugins/listener_plugin.py
[2025-04-09T09:11:00.955+0000] {processor.py:183} INFO - Processing /home/airflow/.local/lib/python3.10/site-packages/airflow/example_dags/plugins/listener_plugin.py took 0.026 seconds
[2025-04-09T09:11:31.254+0000] {processor.py:161} INFO - Started process (PID=4235) to work on /home/airflow/.local/lib/python3.10/site-packages/airflow/example_dags/plugins/listener_plugin.py
[2025-04-09T09:11:31.256+0000] {processor.py:830} INFO - Processing file /home/airflow/.local/lib/python3.10/site-packages/airflow/example_dags/plugins/listener_plugin.py for tasks to queue
[2025-04-09T09:11:31.257+0000] {logging_mixin.py:188} INFO - [2025-04-09T09:11:31.257+0000] {dagbag.py:540} INFO - Filling up the DagBag from /home/airflow/.local/lib/python3.10/site-packages/airflow/example_dags/plugins/listener_plugin.py
[2025-04-09T09:11:31.261+0000] {processor.py:842} WARNING - No viable dags retrieved from /home/airflow/.local/lib/python3.10/site-packages/airflow/example_dags/plugins/listener_plugin.py
[2025-04-09T09:11:31.279+0000] {processor.py:183} INFO - Processing /home/airflow/.local/lib/python3.10/site-packages/airflow/example_dags/plugins/listener_plugin.py took 0.029 seconds
[2025-04-09T09:12:01.920+0000] {processor.py:161} INFO - Started process (PID=4295) to work on /home/airflow/.local/lib/python3.10/site-packages/airflow/example_dags/plugins/listener_plugin.py
[2025-04-09T09:12:01.922+0000] {processor.py:830} INFO - Processing file /home/airflow/.local/lib/python3.10/site-packages/airflow/example_dags/plugins/listener_plugin.py for tasks to queue
[2025-04-09T09:12:01.923+0000] {logging_mixin.py:188} INFO - [2025-04-09T09:12:01.922+0000] {dagbag.py:540} INFO - Filling up the DagBag from /home/airflow/.local/lib/python3.10/site-packages/airflow/example_dags/plugins/listener_plugin.py
[2025-04-09T09:12:01.926+0000] {processor.py:842} WARNING - No viable dags retrieved from /home/airflow/.local/lib/python3.10/site-packages/airflow/example_dags/plugins/listener_plugin.py
[2025-04-09T09:12:01.941+0000] {processor.py:183} INFO - Processing /home/airflow/.local/lib/python3.10/site-packages/airflow/example_dags/plugins/listener_plugin.py took 0.026 seconds
[2025-04-09T09:12:32.325+0000] {processor.py:161} INFO - Started process (PID=4355) to work on /home/airflow/.local/lib/python3.10/site-packages/airflow/example_dags/plugins/listener_plugin.py
[2025-04-09T09:12:32.327+0000] {processor.py:830} INFO - Processing file /home/airflow/.local/lib/python3.10/site-packages/airflow/example_dags/plugins/listener_plugin.py for tasks to queue
[2025-04-09T09:12:32.328+0000] {logging_mixin.py:188} INFO - [2025-04-09T09:12:32.327+0000] {dagbag.py:540} INFO - Filling up the DagBag from /home/airflow/.local/lib/python3.10/site-packages/airflow/example_dags/plugins/listener_plugin.py
[2025-04-09T09:12:32.331+0000] {processor.py:842} WARNING - No viable dags retrieved from /home/airflow/.local/lib/python3.10/site-packages/airflow/example_dags/plugins/listener_plugin.py
[2025-04-09T09:12:32.348+0000] {processor.py:183} INFO - Processing /home/airflow/.local/lib/python3.10/site-packages/airflow/example_dags/plugins/listener_plugin.py took 0.027 seconds
[2025-04-09T09:13:02.978+0000] {processor.py:161} INFO - Started process (PID=4417) to work on /home/airflow/.local/lib/python3.10/site-packages/airflow/example_dags/plugins/listener_plugin.py
[2025-04-09T09:13:02.980+0000] {processor.py:830} INFO - Processing file /home/airflow/.local/lib/python3.10/site-packages/airflow/example_dags/plugins/listener_plugin.py for tasks to queue
[2025-04-09T09:13:02.981+0000] {logging_mixin.py:188} INFO - [2025-04-09T09:13:02.980+0000] {dagbag.py:540} INFO - Filling up the DagBag from /home/airflow/.local/lib/python3.10/site-packages/airflow/example_dags/plugins/listener_plugin.py
[2025-04-09T09:13:02.985+0000] {processor.py:842} WARNING - No viable dags retrieved from /home/airflow/.local/lib/python3.10/site-packages/airflow/example_dags/plugins/listener_plugin.py
[2025-04-09T09:13:03.001+0000] {processor.py:183} INFO - Processing /home/airflow/.local/lib/python3.10/site-packages/airflow/example_dags/plugins/listener_plugin.py took 0.027 seconds
[2025-04-09T09:13:33.970+0000] {processor.py:161} INFO - Started process (PID=4479) to work on /home/airflow/.local/lib/python3.10/site-packages/airflow/example_dags/plugins/listener_plugin.py
[2025-04-09T09:13:33.972+0000] {processor.py:830} INFO - Processing file /home/airflow/.local/lib/python3.10/site-packages/airflow/example_dags/plugins/listener_plugin.py for tasks to queue
[2025-04-09T09:13:33.975+0000] {logging_mixin.py:188} INFO - [2025-04-09T09:13:33.974+0000] {dagbag.py:540} INFO - Filling up the DagBag from /home/airflow/.local/lib/python3.10/site-packages/airflow/example_dags/plugins/listener_plugin.py
[2025-04-09T09:13:33.980+0000] {processor.py:842} WARNING - No viable dags retrieved from /home/airflow/.local/lib/python3.10/site-packages/airflow/example_dags/plugins/listener_plugin.py
[2025-04-09T09:13:34.001+0000] {processor.py:183} INFO - Processing /home/airflow/.local/lib/python3.10/site-packages/airflow/example_dags/plugins/listener_plugin.py took 0.036 seconds
[2025-04-09T09:14:04.880+0000] {processor.py:161} INFO - Started process (PID=4541) to work on /home/airflow/.local/lib/python3.10/site-packages/airflow/example_dags/plugins/listener_plugin.py
[2025-04-09T09:14:04.882+0000] {processor.py:830} INFO - Processing file /home/airflow/.local/lib/python3.10/site-packages/airflow/example_dags/plugins/listener_plugin.py for tasks to queue
[2025-04-09T09:14:04.883+0000] {logging_mixin.py:188} INFO - [2025-04-09T09:14:04.882+0000] {dagbag.py:540} INFO - Filling up the DagBag from /home/airflow/.local/lib/python3.10/site-packages/airflow/example_dags/plugins/listener_plugin.py
[2025-04-09T09:14:04.886+0000] {processor.py:842} WARNING - No viable dags retrieved from /home/airflow/.local/lib/python3.10/site-packages/airflow/example_dags/plugins/listener_plugin.py
[2025-04-09T09:14:04.902+0000] {processor.py:183} INFO - Processing /home/airflow/.local/lib/python3.10/site-packages/airflow/example_dags/plugins/listener_plugin.py took 0.025 seconds
[2025-04-09T09:14:35.523+0000] {processor.py:161} INFO - Started process (PID=4603) to work on /home/airflow/.local/lib/python3.10/site-packages/airflow/example_dags/plugins/listener_plugin.py
[2025-04-09T09:14:35.525+0000] {processor.py:830} INFO - Processing file /home/airflow/.local/lib/python3.10/site-packages/airflow/example_dags/plugins/listener_plugin.py for tasks to queue
[2025-04-09T09:14:35.526+0000] {logging_mixin.py:188} INFO - [2025-04-09T09:14:35.526+0000] {dagbag.py:540} INFO - Filling up the DagBag from /home/airflow/.local/lib/python3.10/site-packages/airflow/example_dags/plugins/listener_plugin.py
[2025-04-09T09:14:35.530+0000] {processor.py:842} WARNING - No viable dags retrieved from /home/airflow/.local/lib/python3.10/site-packages/airflow/example_dags/plugins/listener_plugin.py
[2025-04-09T09:14:35.546+0000] {processor.py:183} INFO - Processing /home/airflow/.local/lib/python3.10/site-packages/airflow/example_dags/plugins/listener_plugin.py took 0.028 seconds
[2025-04-09T09:15:05.987+0000] {processor.py:161} INFO - Started process (PID=4665) to work on /home/airflow/.local/lib/python3.10/site-packages/airflow/example_dags/plugins/listener_plugin.py
[2025-04-09T09:15:05.988+0000] {processor.py:830} INFO - Processing file /home/airflow/.local/lib/python3.10/site-packages/airflow/example_dags/plugins/listener_plugin.py for tasks to queue
[2025-04-09T09:15:05.989+0000] {logging_mixin.py:188} INFO - [2025-04-09T09:15:05.989+0000] {dagbag.py:540} INFO - Filling up the DagBag from /home/airflow/.local/lib/python3.10/site-packages/airflow/example_dags/plugins/listener_plugin.py
[2025-04-09T09:15:05.993+0000] {processor.py:842} WARNING - No viable dags retrieved from /home/airflow/.local/lib/python3.10/site-packages/airflow/example_dags/plugins/listener_plugin.py
[2025-04-09T09:15:06.010+0000] {processor.py:183} INFO - Processing /home/airflow/.local/lib/python3.10/site-packages/airflow/example_dags/plugins/listener_plugin.py took 0.027 seconds
[2025-04-09T09:15:36.506+0000] {processor.py:161} INFO - Started process (PID=4733) to work on /home/airflow/.local/lib/python3.10/site-packages/airflow/example_dags/plugins/listener_plugin.py
[2025-04-09T09:15:36.507+0000] {processor.py:830} INFO - Processing file /home/airflow/.local/lib/python3.10/site-packages/airflow/example_dags/plugins/listener_plugin.py for tasks to queue
[2025-04-09T09:15:36.509+0000] {logging_mixin.py:188} INFO - [2025-04-09T09:15:36.508+0000] {dagbag.py:540} INFO - Filling up the DagBag from /home/airflow/.local/lib/python3.10/site-packages/airflow/example_dags/plugins/listener_plugin.py
[2025-04-09T09:15:36.513+0000] {processor.py:842} WARNING - No viable dags retrieved from /home/airflow/.local/lib/python3.10/site-packages/airflow/example_dags/plugins/listener_plugin.py
[2025-04-09T09:15:36.531+0000] {processor.py:183} INFO - Processing /home/airflow/.local/lib/python3.10/site-packages/airflow/example_dags/plugins/listener_plugin.py took 0.031 seconds
[2025-04-09T09:16:07.325+0000] {processor.py:161} INFO - Started process (PID=4795) to work on /home/airflow/.local/lib/python3.10/site-packages/airflow/example_dags/plugins/listener_plugin.py
[2025-04-09T09:16:07.327+0000] {processor.py:830} INFO - Processing file /home/airflow/.local/lib/python3.10/site-packages/airflow/example_dags/plugins/listener_plugin.py for tasks to queue
[2025-04-09T09:16:07.328+0000] {logging_mixin.py:188} INFO - [2025-04-09T09:16:07.328+0000] {dagbag.py:540} INFO - Filling up the DagBag from /home/airflow/.local/lib/python3.10/site-packages/airflow/example_dags/plugins/listener_plugin.py
[2025-04-09T09:16:07.332+0000] {processor.py:842} WARNING - No viable dags retrieved from /home/airflow/.local/lib/python3.10/site-packages/airflow/example_dags/plugins/listener_plugin.py
[2025-04-09T09:16:07.348+0000] {processor.py:183} INFO - Processing /home/airflow/.local/lib/python3.10/site-packages/airflow/example_dags/plugins/listener_plugin.py took 0.029 seconds
[2025-04-09T09:16:37.855+0000] {processor.py:161} INFO - Started process (PID=4857) to work on /home/airflow/.local/lib/python3.10/site-packages/airflow/example_dags/plugins/listener_plugin.py
[2025-04-09T09:16:37.857+0000] {processor.py:830} INFO - Processing file /home/airflow/.local/lib/python3.10/site-packages/airflow/example_dags/plugins/listener_plugin.py for tasks to queue
[2025-04-09T09:16:37.858+0000] {logging_mixin.py:188} INFO - [2025-04-09T09:16:37.857+0000] {dagbag.py:540} INFO - Filling up the DagBag from /home/airflow/.local/lib/python3.10/site-packages/airflow/example_dags/plugins/listener_plugin.py
[2025-04-09T09:16:37.861+0000] {processor.py:842} WARNING - No viable dags retrieved from /home/airflow/.local/lib/python3.10/site-packages/airflow/example_dags/plugins/listener_plugin.py
[2025-04-09T09:16:37.878+0000] {processor.py:183} INFO - Processing /home/airflow/.local/lib/python3.10/site-packages/airflow/example_dags/plugins/listener_plugin.py took 0.027 seconds
[2025-04-09T09:17:08.156+0000] {processor.py:161} INFO - Started process (PID=4919) to work on /home/airflow/.local/lib/python3.10/site-packages/airflow/example_dags/plugins/listener_plugin.py
[2025-04-09T09:17:08.158+0000] {processor.py:830} INFO - Processing file /home/airflow/.local/lib/python3.10/site-packages/airflow/example_dags/plugins/listener_plugin.py for tasks to queue
[2025-04-09T09:17:08.159+0000] {logging_mixin.py:188} INFO - [2025-04-09T09:17:08.158+0000] {dagbag.py:540} INFO - Filling up the DagBag from /home/airflow/.local/lib/python3.10/site-packages/airflow/example_dags/plugins/listener_plugin.py
[2025-04-09T09:17:08.162+0000] {processor.py:842} WARNING - No viable dags retrieved from /home/airflow/.local/lib/python3.10/site-packages/airflow/example_dags/plugins/listener_plugin.py
[2025-04-09T09:17:08.176+0000] {processor.py:183} INFO - Processing /home/airflow/.local/lib/python3.10/site-packages/airflow/example_dags/plugins/listener_plugin.py took 0.026 seconds
[2025-04-09T09:17:38.377+0000] {processor.py:161} INFO - Started process (PID=4981) to work on /home/airflow/.local/lib/python3.10/site-packages/airflow/example_dags/plugins/listener_plugin.py
[2025-04-09T09:17:38.379+0000] {processor.py:830} INFO - Processing file /home/airflow/.local/lib/python3.10/site-packages/airflow/example_dags/plugins/listener_plugin.py for tasks to queue
[2025-04-09T09:17:38.381+0000] {logging_mixin.py:188} INFO - [2025-04-09T09:17:38.380+0000] {dagbag.py:540} INFO - Filling up the DagBag from /home/airflow/.local/lib/python3.10/site-packages/airflow/example_dags/plugins/listener_plugin.py
[2025-04-09T09:17:38.386+0000] {processor.py:842} WARNING - No viable dags retrieved from /home/airflow/.local/lib/python3.10/site-packages/airflow/example_dags/plugins/listener_plugin.py
[2025-04-09T09:17:38.402+0000] {processor.py:183} INFO - Processing /home/airflow/.local/lib/python3.10/site-packages/airflow/example_dags/plugins/listener_plugin.py took 0.032 seconds
