[2025-04-09T08:37:55.667+0000] {processor.py:161} INFO - Started process (PID=113) to work on /home/airflow/.local/lib/python3.10/site-packages/airflow/example_dags/plugins/workday.py
[2025-04-09T08:37:55.669+0000] {processor.py:830} INFO - Processing file /home/airflow/.local/lib/python3.10/site-packages/airflow/example_dags/plugins/workday.py for tasks to queue
[2025-04-09T08:37:55.673+0000] {logging_mixin.py:188} INFO - [2025-04-09T08:37:55.673+0000] {dagbag.py:540} INFO - Filling up the DagBag from /home/airflow/.local/lib/python3.10/site-packages/airflow/example_dags/plugins/workday.py
[2025-04-09T08:37:55.683+0000] {processor.py:842} WARNING - No viable dags retrieved from /home/airflow/.local/lib/python3.10/site-packages/airflow/example_dags/plugins/workday.py
[2025-04-09T08:37:55.713+0000] {processor.py:183} INFO - Processing /home/airflow/.local/lib/python3.10/site-packages/airflow/example_dags/plugins/workday.py took 0.054 seconds
[2025-04-09T08:38:26.967+0000] {processor.py:161} INFO - Started process (PID=175) to work on /home/airflow/.local/lib/python3.10/site-packages/airflow/example_dags/plugins/workday.py
[2025-04-09T08:38:26.970+0000] {processor.py:830} INFO - Processing file /home/airflow/.local/lib/python3.10/site-packages/airflow/example_dags/plugins/workday.py for tasks to queue
[2025-04-09T08:38:26.975+0000] {logging_mixin.py:188} INFO - [2025-04-09T08:38:26.974+0000] {dagbag.py:540} INFO - Filling up the DagBag from /home/airflow/.local/lib/python3.10/site-packages/airflow/example_dags/plugins/workday.py
[2025-04-09T08:38:26.984+0000] {processor.py:842} WARNING - No viable dags retrieved from /home/airflow/.local/lib/python3.10/site-packages/airflow/example_dags/plugins/workday.py
[2025-04-09T08:38:27.013+0000] {processor.py:183} INFO - Processing /home/airflow/.local/lib/python3.10/site-packages/airflow/example_dags/plugins/workday.py took 0.053 seconds
[2025-04-09T08:38:57.702+0000] {processor.py:161} INFO - Started process (PID=237) to work on /home/airflow/.local/lib/python3.10/site-packages/airflow/example_dags/plugins/workday.py
[2025-04-09T08:38:57.704+0000] {processor.py:830} INFO - Processing file /home/airflow/.local/lib/python3.10/site-packages/airflow/example_dags/plugins/workday.py for tasks to queue
[2025-04-09T08:38:57.709+0000] {logging_mixin.py:188} INFO - [2025-04-09T08:38:57.708+0000] {dagbag.py:540} INFO - Filling up the DagBag from /home/airflow/.local/lib/python3.10/site-packages/airflow/example_dags/plugins/workday.py
[2025-04-09T08:38:57.718+0000] {processor.py:842} WARNING - No viable dags retrieved from /home/airflow/.local/lib/python3.10/site-packages/airflow/example_dags/plugins/workday.py
[2025-04-09T08:38:57.746+0000] {processor.py:183} INFO - Processing /home/airflow/.local/lib/python3.10/site-packages/airflow/example_dags/plugins/workday.py took 0.052 seconds
[2025-04-09T08:39:28.272+0000] {processor.py:161} INFO - Started process (PID=299) to work on /home/airflow/.local/lib/python3.10/site-packages/airflow/example_dags/plugins/workday.py
[2025-04-09T08:39:28.274+0000] {processor.py:830} INFO - Processing file /home/airflow/.local/lib/python3.10/site-packages/airflow/example_dags/plugins/workday.py for tasks to queue
[2025-04-09T08:39:28.278+0000] {logging_mixin.py:188} INFO - [2025-04-09T08:39:28.277+0000] {dagbag.py:540} INFO - Filling up the DagBag from /home/airflow/.local/lib/python3.10/site-packages/airflow/example_dags/plugins/workday.py
[2025-04-09T08:39:28.286+0000] {processor.py:842} WARNING - No viable dags retrieved from /home/airflow/.local/lib/python3.10/site-packages/airflow/example_dags/plugins/workday.py
[2025-04-09T08:39:28.309+0000] {processor.py:183} INFO - Processing /home/airflow/.local/lib/python3.10/site-packages/airflow/example_dags/plugins/workday.py took 0.045 seconds
[2025-04-09T08:39:58.411+0000] {processor.py:161} INFO - Started process (PID=361) to work on /home/airflow/.local/lib/python3.10/site-packages/airflow/example_dags/plugins/workday.py
[2025-04-09T08:39:58.413+0000] {processor.py:830} INFO - Processing file /home/airflow/.local/lib/python3.10/site-packages/airflow/example_dags/plugins/workday.py for tasks to queue
[2025-04-09T08:39:58.415+0000] {logging_mixin.py:188} INFO - [2025-04-09T08:39:58.415+0000] {dagbag.py:540} INFO - Filling up the DagBag from /home/airflow/.local/lib/python3.10/site-packages/airflow/example_dags/plugins/workday.py
[2025-04-09T08:39:58.419+0000] {processor.py:842} WARNING - No viable dags retrieved from /home/airflow/.local/lib/python3.10/site-packages/airflow/example_dags/plugins/workday.py
[2025-04-09T08:39:58.436+0000] {processor.py:183} INFO - Processing /home/airflow/.local/lib/python3.10/site-packages/airflow/example_dags/plugins/workday.py took 0.028 seconds
[2025-04-09T08:40:29.423+0000] {processor.py:161} INFO - Started process (PID=423) to work on /home/airflow/.local/lib/python3.10/site-packages/airflow/example_dags/plugins/workday.py
[2025-04-09T08:40:29.424+0000] {processor.py:830} INFO - Processing file /home/airflow/.local/lib/python3.10/site-packages/airflow/example_dags/plugins/workday.py for tasks to queue
[2025-04-09T08:40:29.426+0000] {logging_mixin.py:188} INFO - [2025-04-09T08:40:29.426+0000] {dagbag.py:540} INFO - Filling up the DagBag from /home/airflow/.local/lib/python3.10/site-packages/airflow/example_dags/plugins/workday.py
[2025-04-09T08:40:29.431+0000] {processor.py:842} WARNING - No viable dags retrieved from /home/airflow/.local/lib/python3.10/site-packages/airflow/example_dags/plugins/workday.py
[2025-04-09T08:40:29.445+0000] {processor.py:183} INFO - Processing /home/airflow/.local/lib/python3.10/site-packages/airflow/example_dags/plugins/workday.py took 0.027 seconds
[2025-04-09T08:40:59.763+0000] {processor.py:161} INFO - Started process (PID=485) to work on /home/airflow/.local/lib/python3.10/site-packages/airflow/example_dags/plugins/workday.py
[2025-04-09T08:40:59.765+0000] {processor.py:830} INFO - Processing file /home/airflow/.local/lib/python3.10/site-packages/airflow/example_dags/plugins/workday.py for tasks to queue
[2025-04-09T08:40:59.767+0000] {logging_mixin.py:188} INFO - [2025-04-09T08:40:59.766+0000] {dagbag.py:540} INFO - Filling up the DagBag from /home/airflow/.local/lib/python3.10/site-packages/airflow/example_dags/plugins/workday.py
[2025-04-09T08:40:59.771+0000] {processor.py:842} WARNING - No viable dags retrieved from /home/airflow/.local/lib/python3.10/site-packages/airflow/example_dags/plugins/workday.py
[2025-04-09T08:40:59.785+0000] {processor.py:183} INFO - Processing /home/airflow/.local/lib/python3.10/site-packages/airflow/example_dags/plugins/workday.py took 0.026 seconds
[2025-04-09T08:41:30.323+0000] {processor.py:161} INFO - Started process (PID=547) to work on /home/airflow/.local/lib/python3.10/site-packages/airflow/example_dags/plugins/workday.py
[2025-04-09T08:41:30.324+0000] {processor.py:830} INFO - Processing file /home/airflow/.local/lib/python3.10/site-packages/airflow/example_dags/plugins/workday.py for tasks to queue
[2025-04-09T08:41:30.327+0000] {logging_mixin.py:188} INFO - [2025-04-09T08:41:30.327+0000] {dagbag.py:540} INFO - Filling up the DagBag from /home/airflow/.local/lib/python3.10/site-packages/airflow/example_dags/plugins/workday.py
[2025-04-09T08:41:30.332+0000] {processor.py:842} WARNING - No viable dags retrieved from /home/airflow/.local/lib/python3.10/site-packages/airflow/example_dags/plugins/workday.py
[2025-04-09T08:41:30.352+0000] {processor.py:183} INFO - Processing /home/airflow/.local/lib/python3.10/site-packages/airflow/example_dags/plugins/workday.py took 0.033 seconds
[2025-04-09T08:42:00.783+0000] {processor.py:161} INFO - Started process (PID=609) to work on /home/airflow/.local/lib/python3.10/site-packages/airflow/example_dags/plugins/workday.py
[2025-04-09T08:42:00.784+0000] {processor.py:830} INFO - Processing file /home/airflow/.local/lib/python3.10/site-packages/airflow/example_dags/plugins/workday.py for tasks to queue
[2025-04-09T08:42:00.786+0000] {logging_mixin.py:188} INFO - [2025-04-09T08:42:00.786+0000] {dagbag.py:540} INFO - Filling up the DagBag from /home/airflow/.local/lib/python3.10/site-packages/airflow/example_dags/plugins/workday.py
[2025-04-09T08:42:00.790+0000] {processor.py:842} WARNING - No viable dags retrieved from /home/airflow/.local/lib/python3.10/site-packages/airflow/example_dags/plugins/workday.py
[2025-04-09T08:42:00.804+0000] {processor.py:183} INFO - Processing /home/airflow/.local/lib/python3.10/site-packages/airflow/example_dags/plugins/workday.py took 0.025 seconds
[2025-04-09T08:42:31.581+0000] {processor.py:161} INFO - Started process (PID=671) to work on /home/airflow/.local/lib/python3.10/site-packages/airflow/example_dags/plugins/workday.py
[2025-04-09T08:42:31.583+0000] {processor.py:830} INFO - Processing file /home/airflow/.local/lib/python3.10/site-packages/airflow/example_dags/plugins/workday.py for tasks to queue
[2025-04-09T08:42:31.585+0000] {logging_mixin.py:188} INFO - [2025-04-09T08:42:31.584+0000] {dagbag.py:540} INFO - Filling up the DagBag from /home/airflow/.local/lib/python3.10/site-packages/airflow/example_dags/plugins/workday.py
[2025-04-09T08:42:31.589+0000] {processor.py:842} WARNING - No viable dags retrieved from /home/airflow/.local/lib/python3.10/site-packages/airflow/example_dags/plugins/workday.py
[2025-04-09T08:42:31.603+0000] {processor.py:183} INFO - Processing /home/airflow/.local/lib/python3.10/site-packages/airflow/example_dags/plugins/workday.py took 0.026 seconds
[2025-04-09T08:43:01.826+0000] {processor.py:161} INFO - Started process (PID=733) to work on /home/airflow/.local/lib/python3.10/site-packages/airflow/example_dags/plugins/workday.py
[2025-04-09T08:43:01.827+0000] {processor.py:830} INFO - Processing file /home/airflow/.local/lib/python3.10/site-packages/airflow/example_dags/plugins/workday.py for tasks to queue
[2025-04-09T08:43:01.829+0000] {logging_mixin.py:188} INFO - [2025-04-09T08:43:01.829+0000] {dagbag.py:540} INFO - Filling up the DagBag from /home/airflow/.local/lib/python3.10/site-packages/airflow/example_dags/plugins/workday.py
[2025-04-09T08:43:01.834+0000] {processor.py:842} WARNING - No viable dags retrieved from /home/airflow/.local/lib/python3.10/site-packages/airflow/example_dags/plugins/workday.py
[2025-04-09T08:43:01.850+0000] {processor.py:183} INFO - Processing /home/airflow/.local/lib/python3.10/site-packages/airflow/example_dags/plugins/workday.py took 0.027 seconds
[2025-04-09T08:43:32.009+0000] {processor.py:161} INFO - Started process (PID=795) to work on /home/airflow/.local/lib/python3.10/site-packages/airflow/example_dags/plugins/workday.py
[2025-04-09T08:43:32.011+0000] {processor.py:830} INFO - Processing file /home/airflow/.local/lib/python3.10/site-packages/airflow/example_dags/plugins/workday.py for tasks to queue
[2025-04-09T08:43:32.014+0000] {logging_mixin.py:188} INFO - [2025-04-09T08:43:32.013+0000] {dagbag.py:540} INFO - Filling up the DagBag from /home/airflow/.local/lib/python3.10/site-packages/airflow/example_dags/plugins/workday.py
[2025-04-09T08:43:32.018+0000] {processor.py:842} WARNING - No viable dags retrieved from /home/airflow/.local/lib/python3.10/site-packages/airflow/example_dags/plugins/workday.py
[2025-04-09T08:43:32.036+0000] {processor.py:183} INFO - Processing /home/airflow/.local/lib/python3.10/site-packages/airflow/example_dags/plugins/workday.py took 0.031 seconds
[2025-04-09T08:44:02.148+0000] {processor.py:161} INFO - Started process (PID=857) to work on /home/airflow/.local/lib/python3.10/site-packages/airflow/example_dags/plugins/workday.py
[2025-04-09T08:44:02.150+0000] {processor.py:830} INFO - Processing file /home/airflow/.local/lib/python3.10/site-packages/airflow/example_dags/plugins/workday.py for tasks to queue
[2025-04-09T08:44:02.152+0000] {logging_mixin.py:188} INFO - [2025-04-09T08:44:02.151+0000] {dagbag.py:540} INFO - Filling up the DagBag from /home/airflow/.local/lib/python3.10/site-packages/airflow/example_dags/plugins/workday.py
[2025-04-09T08:44:02.156+0000] {processor.py:842} WARNING - No viable dags retrieved from /home/airflow/.local/lib/python3.10/site-packages/airflow/example_dags/plugins/workday.py
[2025-04-09T08:44:02.171+0000] {processor.py:183} INFO - Processing /home/airflow/.local/lib/python3.10/site-packages/airflow/example_dags/plugins/workday.py took 0.027 seconds
[2025-04-09T08:44:33.162+0000] {processor.py:161} INFO - Started process (PID=919) to work on /home/airflow/.local/lib/python3.10/site-packages/airflow/example_dags/plugins/workday.py
[2025-04-09T08:44:33.163+0000] {processor.py:830} INFO - Processing file /home/airflow/.local/lib/python3.10/site-packages/airflow/example_dags/plugins/workday.py for tasks to queue
[2025-04-09T08:44:33.166+0000] {logging_mixin.py:188} INFO - [2025-04-09T08:44:33.166+0000] {dagbag.py:540} INFO - Filling up the DagBag from /home/airflow/.local/lib/python3.10/site-packages/airflow/example_dags/plugins/workday.py
[2025-04-09T08:44:33.170+0000] {processor.py:842} WARNING - No viable dags retrieved from /home/airflow/.local/lib/python3.10/site-packages/airflow/example_dags/plugins/workday.py
[2025-04-09T08:44:33.185+0000] {processor.py:183} INFO - Processing /home/airflow/.local/lib/python3.10/site-packages/airflow/example_dags/plugins/workday.py took 0.027 seconds
[2025-04-09T08:45:03.634+0000] {processor.py:161} INFO - Started process (PID=987) to work on /home/airflow/.local/lib/python3.10/site-packages/airflow/example_dags/plugins/workday.py
[2025-04-09T08:45:03.635+0000] {processor.py:830} INFO - Processing file /home/airflow/.local/lib/python3.10/site-packages/airflow/example_dags/plugins/workday.py for tasks to queue
[2025-04-09T08:45:03.638+0000] {logging_mixin.py:188} INFO - [2025-04-09T08:45:03.637+0000] {dagbag.py:540} INFO - Filling up the DagBag from /home/airflow/.local/lib/python3.10/site-packages/airflow/example_dags/plugins/workday.py
[2025-04-09T08:45:03.641+0000] {processor.py:842} WARNING - No viable dags retrieved from /home/airflow/.local/lib/python3.10/site-packages/airflow/example_dags/plugins/workday.py
[2025-04-09T08:45:03.658+0000] {processor.py:183} INFO - Processing /home/airflow/.local/lib/python3.10/site-packages/airflow/example_dags/plugins/workday.py took 0.027 seconds
[2025-04-09T08:45:33.809+0000] {processor.py:161} INFO - Started process (PID=1049) to work on /home/airflow/.local/lib/python3.10/site-packages/airflow/example_dags/plugins/workday.py
[2025-04-09T08:45:33.811+0000] {processor.py:830} INFO - Processing file /home/airflow/.local/lib/python3.10/site-packages/airflow/example_dags/plugins/workday.py for tasks to queue
[2025-04-09T08:45:33.814+0000] {logging_mixin.py:188} INFO - [2025-04-09T08:45:33.813+0000] {dagbag.py:540} INFO - Filling up the DagBag from /home/airflow/.local/lib/python3.10/site-packages/airflow/example_dags/plugins/workday.py
[2025-04-09T08:45:33.819+0000] {processor.py:842} WARNING - No viable dags retrieved from /home/airflow/.local/lib/python3.10/site-packages/airflow/example_dags/plugins/workday.py
[2025-04-09T08:45:33.837+0000] {processor.py:183} INFO - Processing /home/airflow/.local/lib/python3.10/site-packages/airflow/example_dags/plugins/workday.py took 0.031 seconds
[2025-04-09T08:46:04.438+0000] {processor.py:161} INFO - Started process (PID=1111) to work on /home/airflow/.local/lib/python3.10/site-packages/airflow/example_dags/plugins/workday.py
[2025-04-09T08:46:04.439+0000] {processor.py:830} INFO - Processing file /home/airflow/.local/lib/python3.10/site-packages/airflow/example_dags/plugins/workday.py for tasks to queue
[2025-04-09T08:46:04.441+0000] {logging_mixin.py:188} INFO - [2025-04-09T08:46:04.441+0000] {dagbag.py:540} INFO - Filling up the DagBag from /home/airflow/.local/lib/python3.10/site-packages/airflow/example_dags/plugins/workday.py
[2025-04-09T08:46:04.445+0000] {processor.py:842} WARNING - No viable dags retrieved from /home/airflow/.local/lib/python3.10/site-packages/airflow/example_dags/plugins/workday.py
[2025-04-09T08:46:04.461+0000] {processor.py:183} INFO - Processing /home/airflow/.local/lib/python3.10/site-packages/airflow/example_dags/plugins/workday.py took 0.027 seconds
[2025-04-09T08:46:34.648+0000] {processor.py:161} INFO - Started process (PID=1173) to work on /home/airflow/.local/lib/python3.10/site-packages/airflow/example_dags/plugins/workday.py
[2025-04-09T08:46:34.650+0000] {processor.py:830} INFO - Processing file /home/airflow/.local/lib/python3.10/site-packages/airflow/example_dags/plugins/workday.py for tasks to queue
[2025-04-09T08:46:34.653+0000] {logging_mixin.py:188} INFO - [2025-04-09T08:46:34.652+0000] {dagbag.py:540} INFO - Filling up the DagBag from /home/airflow/.local/lib/python3.10/site-packages/airflow/example_dags/plugins/workday.py
[2025-04-09T08:46:34.657+0000] {processor.py:842} WARNING - No viable dags retrieved from /home/airflow/.local/lib/python3.10/site-packages/airflow/example_dags/plugins/workday.py
[2025-04-09T08:46:34.677+0000] {processor.py:183} INFO - Processing /home/airflow/.local/lib/python3.10/site-packages/airflow/example_dags/plugins/workday.py took 0.034 seconds
[2025-04-09T08:47:05.407+0000] {processor.py:161} INFO - Started process (PID=1235) to work on /home/airflow/.local/lib/python3.10/site-packages/airflow/example_dags/plugins/workday.py
[2025-04-09T08:47:05.408+0000] {processor.py:830} INFO - Processing file /home/airflow/.local/lib/python3.10/site-packages/airflow/example_dags/plugins/workday.py for tasks to queue
[2025-04-09T08:47:05.410+0000] {logging_mixin.py:188} INFO - [2025-04-09T08:47:05.409+0000] {dagbag.py:540} INFO - Filling up the DagBag from /home/airflow/.local/lib/python3.10/site-packages/airflow/example_dags/plugins/workday.py
[2025-04-09T08:47:05.414+0000] {processor.py:842} WARNING - No viable dags retrieved from /home/airflow/.local/lib/python3.10/site-packages/airflow/example_dags/plugins/workday.py
[2025-04-09T08:47:05.429+0000] {processor.py:183} INFO - Processing /home/airflow/.local/lib/python3.10/site-packages/airflow/example_dags/plugins/workday.py took 0.026 seconds
[2025-04-09T08:47:36.127+0000] {processor.py:161} INFO - Started process (PID=1297) to work on /home/airflow/.local/lib/python3.10/site-packages/airflow/example_dags/plugins/workday.py
[2025-04-09T08:47:36.129+0000] {processor.py:830} INFO - Processing file /home/airflow/.local/lib/python3.10/site-packages/airflow/example_dags/plugins/workday.py for tasks to queue
[2025-04-09T08:47:36.132+0000] {logging_mixin.py:188} INFO - [2025-04-09T08:47:36.131+0000] {dagbag.py:540} INFO - Filling up the DagBag from /home/airflow/.local/lib/python3.10/site-packages/airflow/example_dags/plugins/workday.py
[2025-04-09T08:47:36.138+0000] {processor.py:842} WARNING - No viable dags retrieved from /home/airflow/.local/lib/python3.10/site-packages/airflow/example_dags/plugins/workday.py
[2025-04-09T08:47:36.161+0000] {processor.py:183} INFO - Processing /home/airflow/.local/lib/python3.10/site-packages/airflow/example_dags/plugins/workday.py took 0.039 seconds
[2025-04-09T08:48:06.464+0000] {processor.py:161} INFO - Started process (PID=1359) to work on /home/airflow/.local/lib/python3.10/site-packages/airflow/example_dags/plugins/workday.py
[2025-04-09T08:48:06.466+0000] {processor.py:830} INFO - Processing file /home/airflow/.local/lib/python3.10/site-packages/airflow/example_dags/plugins/workday.py for tasks to queue
[2025-04-09T08:48:06.468+0000] {logging_mixin.py:188} INFO - [2025-04-09T08:48:06.468+0000] {dagbag.py:540} INFO - Filling up the DagBag from /home/airflow/.local/lib/python3.10/site-packages/airflow/example_dags/plugins/workday.py
[2025-04-09T08:48:06.473+0000] {processor.py:842} WARNING - No viable dags retrieved from /home/airflow/.local/lib/python3.10/site-packages/airflow/example_dags/plugins/workday.py
[2025-04-09T08:48:06.490+0000] {processor.py:183} INFO - Processing /home/airflow/.local/lib/python3.10/site-packages/airflow/example_dags/plugins/workday.py took 0.031 seconds
[2025-04-09T08:48:36.878+0000] {processor.py:161} INFO - Started process (PID=1421) to work on /home/airflow/.local/lib/python3.10/site-packages/airflow/example_dags/plugins/workday.py
[2025-04-09T08:48:36.879+0000] {processor.py:830} INFO - Processing file /home/airflow/.local/lib/python3.10/site-packages/airflow/example_dags/plugins/workday.py for tasks to queue
[2025-04-09T08:48:36.882+0000] {logging_mixin.py:188} INFO - [2025-04-09T08:48:36.881+0000] {dagbag.py:540} INFO - Filling up the DagBag from /home/airflow/.local/lib/python3.10/site-packages/airflow/example_dags/plugins/workday.py
[2025-04-09T08:48:36.886+0000] {processor.py:842} WARNING - No viable dags retrieved from /home/airflow/.local/lib/python3.10/site-packages/airflow/example_dags/plugins/workday.py
[2025-04-09T08:48:36.906+0000] {processor.py:183} INFO - Processing /home/airflow/.local/lib/python3.10/site-packages/airflow/example_dags/plugins/workday.py took 0.032 seconds
[2025-04-09T08:49:07.100+0000] {processor.py:161} INFO - Started process (PID=1483) to work on /home/airflow/.local/lib/python3.10/site-packages/airflow/example_dags/plugins/workday.py
[2025-04-09T08:49:07.102+0000] {processor.py:830} INFO - Processing file /home/airflow/.local/lib/python3.10/site-packages/airflow/example_dags/plugins/workday.py for tasks to queue
[2025-04-09T08:49:07.104+0000] {logging_mixin.py:188} INFO - [2025-04-09T08:49:07.104+0000] {dagbag.py:540} INFO - Filling up the DagBag from /home/airflow/.local/lib/python3.10/site-packages/airflow/example_dags/plugins/workday.py
[2025-04-09T08:49:07.109+0000] {processor.py:842} WARNING - No viable dags retrieved from /home/airflow/.local/lib/python3.10/site-packages/airflow/example_dags/plugins/workday.py
[2025-04-09T08:49:07.127+0000] {processor.py:183} INFO - Processing /home/airflow/.local/lib/python3.10/site-packages/airflow/example_dags/plugins/workday.py took 0.030 seconds
[2025-04-09T08:49:38.170+0000] {processor.py:161} INFO - Started process (PID=1545) to work on /home/airflow/.local/lib/python3.10/site-packages/airflow/example_dags/plugins/workday.py
[2025-04-09T08:49:38.173+0000] {processor.py:830} INFO - Processing file /home/airflow/.local/lib/python3.10/site-packages/airflow/example_dags/plugins/workday.py for tasks to queue
[2025-04-09T08:49:38.176+0000] {logging_mixin.py:188} INFO - [2025-04-09T08:49:38.176+0000] {dagbag.py:540} INFO - Filling up the DagBag from /home/airflow/.local/lib/python3.10/site-packages/airflow/example_dags/plugins/workday.py
[2025-04-09T08:49:38.182+0000] {processor.py:842} WARNING - No viable dags retrieved from /home/airflow/.local/lib/python3.10/site-packages/airflow/example_dags/plugins/workday.py
[2025-04-09T08:49:38.203+0000] {processor.py:183} INFO - Processing /home/airflow/.local/lib/python3.10/site-packages/airflow/example_dags/plugins/workday.py took 0.038 seconds
[2025-04-09T08:50:08.702+0000] {processor.py:161} INFO - Started process (PID=1613) to work on /home/airflow/.local/lib/python3.10/site-packages/airflow/example_dags/plugins/workday.py
[2025-04-09T08:50:08.705+0000] {processor.py:830} INFO - Processing file /home/airflow/.local/lib/python3.10/site-packages/airflow/example_dags/plugins/workday.py for tasks to queue
[2025-04-09T08:50:08.709+0000] {logging_mixin.py:188} INFO - [2025-04-09T08:50:08.708+0000] {dagbag.py:540} INFO - Filling up the DagBag from /home/airflow/.local/lib/python3.10/site-packages/airflow/example_dags/plugins/workday.py
[2025-04-09T08:50:08.716+0000] {processor.py:842} WARNING - No viable dags retrieved from /home/airflow/.local/lib/python3.10/site-packages/airflow/example_dags/plugins/workday.py
[2025-04-09T08:50:08.741+0000] {processor.py:183} INFO - Processing /home/airflow/.local/lib/python3.10/site-packages/airflow/example_dags/plugins/workday.py took 0.048 seconds
[2025-04-09T08:50:39.168+0000] {processor.py:161} INFO - Started process (PID=1675) to work on /home/airflow/.local/lib/python3.10/site-packages/airflow/example_dags/plugins/workday.py
[2025-04-09T08:50:39.172+0000] {processor.py:830} INFO - Processing file /home/airflow/.local/lib/python3.10/site-packages/airflow/example_dags/plugins/workday.py for tasks to queue
[2025-04-09T08:50:39.176+0000] {logging_mixin.py:188} INFO - [2025-04-09T08:50:39.175+0000] {dagbag.py:540} INFO - Filling up the DagBag from /home/airflow/.local/lib/python3.10/site-packages/airflow/example_dags/plugins/workday.py
[2025-04-09T08:50:39.186+0000] {processor.py:842} WARNING - No viable dags retrieved from /home/airflow/.local/lib/python3.10/site-packages/airflow/example_dags/plugins/workday.py
[2025-04-09T08:50:39.223+0000] {processor.py:183} INFO - Processing /home/airflow/.local/lib/python3.10/site-packages/airflow/example_dags/plugins/workday.py took 0.066 seconds
[2025-04-09T08:51:10.111+0000] {processor.py:161} INFO - Started process (PID=1737) to work on /home/airflow/.local/lib/python3.10/site-packages/airflow/example_dags/plugins/workday.py
[2025-04-09T08:51:10.112+0000] {processor.py:830} INFO - Processing file /home/airflow/.local/lib/python3.10/site-packages/airflow/example_dags/plugins/workday.py for tasks to queue
[2025-04-09T08:51:10.115+0000] {logging_mixin.py:188} INFO - [2025-04-09T08:51:10.114+0000] {dagbag.py:540} INFO - Filling up the DagBag from /home/airflow/.local/lib/python3.10/site-packages/airflow/example_dags/plugins/workday.py
[2025-04-09T08:51:10.119+0000] {processor.py:842} WARNING - No viable dags retrieved from /home/airflow/.local/lib/python3.10/site-packages/airflow/example_dags/plugins/workday.py
[2025-04-09T08:51:10.134+0000] {processor.py:183} INFO - Processing /home/airflow/.local/lib/python3.10/site-packages/airflow/example_dags/plugins/workday.py took 0.027 seconds
[2025-04-09T08:51:40.905+0000] {processor.py:161} INFO - Started process (PID=1799) to work on /home/airflow/.local/lib/python3.10/site-packages/airflow/example_dags/plugins/workday.py
[2025-04-09T08:51:40.907+0000] {processor.py:830} INFO - Processing file /home/airflow/.local/lib/python3.10/site-packages/airflow/example_dags/plugins/workday.py for tasks to queue
[2025-04-09T08:51:40.909+0000] {logging_mixin.py:188} INFO - [2025-04-09T08:51:40.909+0000] {dagbag.py:540} INFO - Filling up the DagBag from /home/airflow/.local/lib/python3.10/site-packages/airflow/example_dags/plugins/workday.py
[2025-04-09T08:51:40.914+0000] {processor.py:842} WARNING - No viable dags retrieved from /home/airflow/.local/lib/python3.10/site-packages/airflow/example_dags/plugins/workday.py
[2025-04-09T08:51:40.933+0000] {processor.py:183} INFO - Processing /home/airflow/.local/lib/python3.10/site-packages/airflow/example_dags/plugins/workday.py took 0.032 seconds
[2025-04-09T08:52:11.451+0000] {processor.py:161} INFO - Started process (PID=1861) to work on /home/airflow/.local/lib/python3.10/site-packages/airflow/example_dags/plugins/workday.py
[2025-04-09T08:52:11.453+0000] {processor.py:830} INFO - Processing file /home/airflow/.local/lib/python3.10/site-packages/airflow/example_dags/plugins/workday.py for tasks to queue
[2025-04-09T08:52:11.455+0000] {logging_mixin.py:188} INFO - [2025-04-09T08:52:11.455+0000] {dagbag.py:540} INFO - Filling up the DagBag from /home/airflow/.local/lib/python3.10/site-packages/airflow/example_dags/plugins/workday.py
[2025-04-09T08:52:11.460+0000] {processor.py:842} WARNING - No viable dags retrieved from /home/airflow/.local/lib/python3.10/site-packages/airflow/example_dags/plugins/workday.py
[2025-04-09T08:52:11.476+0000] {processor.py:183} INFO - Processing /home/airflow/.local/lib/python3.10/site-packages/airflow/example_dags/plugins/workday.py took 0.029 seconds
[2025-04-09T08:52:42.138+0000] {processor.py:161} INFO - Started process (PID=1923) to work on /home/airflow/.local/lib/python3.10/site-packages/airflow/example_dags/plugins/workday.py
[2025-04-09T08:52:42.140+0000] {processor.py:830} INFO - Processing file /home/airflow/.local/lib/python3.10/site-packages/airflow/example_dags/plugins/workday.py for tasks to queue
[2025-04-09T08:52:42.143+0000] {logging_mixin.py:188} INFO - [2025-04-09T08:52:42.142+0000] {dagbag.py:540} INFO - Filling up the DagBag from /home/airflow/.local/lib/python3.10/site-packages/airflow/example_dags/plugins/workday.py
[2025-04-09T08:52:42.148+0000] {processor.py:842} WARNING - No viable dags retrieved from /home/airflow/.local/lib/python3.10/site-packages/airflow/example_dags/plugins/workday.py
[2025-04-09T08:52:42.167+0000] {processor.py:183} INFO - Processing /home/airflow/.local/lib/python3.10/site-packages/airflow/example_dags/plugins/workday.py took 0.033 seconds
[2025-04-09T08:53:12.970+0000] {processor.py:161} INFO - Started process (PID=1985) to work on /home/airflow/.local/lib/python3.10/site-packages/airflow/example_dags/plugins/workday.py
[2025-04-09T08:53:12.972+0000] {processor.py:830} INFO - Processing file /home/airflow/.local/lib/python3.10/site-packages/airflow/example_dags/plugins/workday.py for tasks to queue
[2025-04-09T08:53:12.975+0000] {logging_mixin.py:188} INFO - [2025-04-09T08:53:12.975+0000] {dagbag.py:540} INFO - Filling up the DagBag from /home/airflow/.local/lib/python3.10/site-packages/airflow/example_dags/plugins/workday.py
[2025-04-09T08:53:12.981+0000] {processor.py:842} WARNING - No viable dags retrieved from /home/airflow/.local/lib/python3.10/site-packages/airflow/example_dags/plugins/workday.py
[2025-04-09T08:53:13.000+0000] {processor.py:183} INFO - Processing /home/airflow/.local/lib/python3.10/site-packages/airflow/example_dags/plugins/workday.py took 0.034 seconds
[2025-04-09T08:53:43.934+0000] {processor.py:161} INFO - Started process (PID=2047) to work on /home/airflow/.local/lib/python3.10/site-packages/airflow/example_dags/plugins/workday.py
[2025-04-09T08:53:43.935+0000] {processor.py:830} INFO - Processing file /home/airflow/.local/lib/python3.10/site-packages/airflow/example_dags/plugins/workday.py for tasks to queue
[2025-04-09T08:53:43.938+0000] {logging_mixin.py:188} INFO - [2025-04-09T08:53:43.938+0000] {dagbag.py:540} INFO - Filling up the DagBag from /home/airflow/.local/lib/python3.10/site-packages/airflow/example_dags/plugins/workday.py
[2025-04-09T08:53:43.943+0000] {processor.py:842} WARNING - No viable dags retrieved from /home/airflow/.local/lib/python3.10/site-packages/airflow/example_dags/plugins/workday.py
[2025-04-09T08:53:43.961+0000] {processor.py:183} INFO - Processing /home/airflow/.local/lib/python3.10/site-packages/airflow/example_dags/plugins/workday.py took 0.031 seconds
[2025-04-09T08:54:14.654+0000] {processor.py:161} INFO - Started process (PID=2109) to work on /home/airflow/.local/lib/python3.10/site-packages/airflow/example_dags/plugins/workday.py
[2025-04-09T08:54:14.656+0000] {processor.py:830} INFO - Processing file /home/airflow/.local/lib/python3.10/site-packages/airflow/example_dags/plugins/workday.py for tasks to queue
[2025-04-09T08:54:14.659+0000] {logging_mixin.py:188} INFO - [2025-04-09T08:54:14.659+0000] {dagbag.py:540} INFO - Filling up the DagBag from /home/airflow/.local/lib/python3.10/site-packages/airflow/example_dags/plugins/workday.py
[2025-04-09T08:54:14.667+0000] {processor.py:842} WARNING - No viable dags retrieved from /home/airflow/.local/lib/python3.10/site-packages/airflow/example_dags/plugins/workday.py
[2025-04-09T08:54:14.689+0000] {processor.py:183} INFO - Processing /home/airflow/.local/lib/python3.10/site-packages/airflow/example_dags/plugins/workday.py took 0.041 seconds
[2025-04-09T08:54:45.675+0000] {processor.py:161} INFO - Started process (PID=2177) to work on /home/airflow/.local/lib/python3.10/site-packages/airflow/example_dags/plugins/workday.py
[2025-04-09T08:54:45.677+0000] {processor.py:830} INFO - Processing file /home/airflow/.local/lib/python3.10/site-packages/airflow/example_dags/plugins/workday.py for tasks to queue
[2025-04-09T08:54:45.683+0000] {logging_mixin.py:188} INFO - [2025-04-09T08:54:45.682+0000] {dagbag.py:540} INFO - Filling up the DagBag from /home/airflow/.local/lib/python3.10/site-packages/airflow/example_dags/plugins/workday.py
[2025-04-09T08:54:45.701+0000] {processor.py:842} WARNING - No viable dags retrieved from /home/airflow/.local/lib/python3.10/site-packages/airflow/example_dags/plugins/workday.py
[2025-04-09T08:54:45.741+0000] {processor.py:183} INFO - Processing /home/airflow/.local/lib/python3.10/site-packages/airflow/example_dags/plugins/workday.py took 0.075 seconds
[2025-04-09T08:55:16.449+0000] {processor.py:161} INFO - Started process (PID=2239) to work on /home/airflow/.local/lib/python3.10/site-packages/airflow/example_dags/plugins/workday.py
[2025-04-09T08:55:16.451+0000] {processor.py:830} INFO - Processing file /home/airflow/.local/lib/python3.10/site-packages/airflow/example_dags/plugins/workday.py for tasks to queue
[2025-04-09T08:55:16.455+0000] {logging_mixin.py:188} INFO - [2025-04-09T08:55:16.453+0000] {dagbag.py:540} INFO - Filling up the DagBag from /home/airflow/.local/lib/python3.10/site-packages/airflow/example_dags/plugins/workday.py
[2025-04-09T08:55:16.463+0000] {processor.py:842} WARNING - No viable dags retrieved from /home/airflow/.local/lib/python3.10/site-packages/airflow/example_dags/plugins/workday.py
[2025-04-09T08:55:16.491+0000] {processor.py:183} INFO - Processing /home/airflow/.local/lib/python3.10/site-packages/airflow/example_dags/plugins/workday.py took 0.048 seconds
[2025-04-09T08:55:48.744+0000] {processor.py:161} INFO - Started process (PID=2301) to work on /home/airflow/.local/lib/python3.10/site-packages/airflow/example_dags/plugins/workday.py
[2025-04-09T08:55:48.747+0000] {processor.py:830} INFO - Processing file /home/airflow/.local/lib/python3.10/site-packages/airflow/example_dags/plugins/workday.py for tasks to queue
[2025-04-09T08:55:48.750+0000] {logging_mixin.py:188} INFO - [2025-04-09T08:55:48.750+0000] {dagbag.py:540} INFO - Filling up the DagBag from /home/airflow/.local/lib/python3.10/site-packages/airflow/example_dags/plugins/workday.py
[2025-04-09T08:55:48.756+0000] {processor.py:842} WARNING - No viable dags retrieved from /home/airflow/.local/lib/python3.10/site-packages/airflow/example_dags/plugins/workday.py
[2025-04-09T08:55:48.779+0000] {processor.py:183} INFO - Processing /home/airflow/.local/lib/python3.10/site-packages/airflow/example_dags/plugins/workday.py took 0.040 seconds
[2025-04-09T08:56:18.875+0000] {processor.py:161} INFO - Started process (PID=2363) to work on /home/airflow/.local/lib/python3.10/site-packages/airflow/example_dags/plugins/workday.py
[2025-04-09T08:56:18.877+0000] {processor.py:830} INFO - Processing file /home/airflow/.local/lib/python3.10/site-packages/airflow/example_dags/plugins/workday.py for tasks to queue
[2025-04-09T08:56:18.879+0000] {logging_mixin.py:188} INFO - [2025-04-09T08:56:18.879+0000] {dagbag.py:540} INFO - Filling up the DagBag from /home/airflow/.local/lib/python3.10/site-packages/airflow/example_dags/plugins/workday.py
[2025-04-09T08:56:18.884+0000] {processor.py:842} WARNING - No viable dags retrieved from /home/airflow/.local/lib/python3.10/site-packages/airflow/example_dags/plugins/workday.py
[2025-04-09T08:56:18.900+0000] {processor.py:183} INFO - Processing /home/airflow/.local/lib/python3.10/site-packages/airflow/example_dags/plugins/workday.py took 0.029 seconds
[2025-04-09T08:56:49.139+0000] {processor.py:161} INFO - Started process (PID=2425) to work on /home/airflow/.local/lib/python3.10/site-packages/airflow/example_dags/plugins/workday.py
[2025-04-09T08:56:49.140+0000] {processor.py:830} INFO - Processing file /home/airflow/.local/lib/python3.10/site-packages/airflow/example_dags/plugins/workday.py for tasks to queue
[2025-04-09T08:56:49.143+0000] {logging_mixin.py:188} INFO - [2025-04-09T08:56:49.143+0000] {dagbag.py:540} INFO - Filling up the DagBag from /home/airflow/.local/lib/python3.10/site-packages/airflow/example_dags/plugins/workday.py
[2025-04-09T08:56:49.149+0000] {processor.py:842} WARNING - No viable dags retrieved from /home/airflow/.local/lib/python3.10/site-packages/airflow/example_dags/plugins/workday.py
[2025-04-09T08:56:49.168+0000] {processor.py:183} INFO - Processing /home/airflow/.local/lib/python3.10/site-packages/airflow/example_dags/plugins/workday.py took 0.034 seconds
[2025-04-09T08:57:19.392+0000] {processor.py:161} INFO - Started process (PID=2487) to work on /home/airflow/.local/lib/python3.10/site-packages/airflow/example_dags/plugins/workday.py
[2025-04-09T08:57:19.393+0000] {processor.py:830} INFO - Processing file /home/airflow/.local/lib/python3.10/site-packages/airflow/example_dags/plugins/workday.py for tasks to queue
[2025-04-09T08:57:19.397+0000] {logging_mixin.py:188} INFO - [2025-04-09T08:57:19.396+0000] {dagbag.py:540} INFO - Filling up the DagBag from /home/airflow/.local/lib/python3.10/site-packages/airflow/example_dags/plugins/workday.py
[2025-04-09T08:57:19.404+0000] {processor.py:842} WARNING - No viable dags retrieved from /home/airflow/.local/lib/python3.10/site-packages/airflow/example_dags/plugins/workday.py
[2025-04-09T08:57:19.423+0000] {processor.py:183} INFO - Processing /home/airflow/.local/lib/python3.10/site-packages/airflow/example_dags/plugins/workday.py took 0.036 seconds
[2025-04-09T08:57:50.067+0000] {processor.py:161} INFO - Started process (PID=2549) to work on /home/airflow/.local/lib/python3.10/site-packages/airflow/example_dags/plugins/workday.py
[2025-04-09T08:57:50.069+0000] {processor.py:830} INFO - Processing file /home/airflow/.local/lib/python3.10/site-packages/airflow/example_dags/plugins/workday.py for tasks to queue
[2025-04-09T08:57:50.071+0000] {logging_mixin.py:188} INFO - [2025-04-09T08:57:50.071+0000] {dagbag.py:540} INFO - Filling up the DagBag from /home/airflow/.local/lib/python3.10/site-packages/airflow/example_dags/plugins/workday.py
[2025-04-09T08:57:50.075+0000] {processor.py:842} WARNING - No viable dags retrieved from /home/airflow/.local/lib/python3.10/site-packages/airflow/example_dags/plugins/workday.py
[2025-04-09T08:57:50.090+0000] {processor.py:183} INFO - Processing /home/airflow/.local/lib/python3.10/site-packages/airflow/example_dags/plugins/workday.py took 0.027 seconds
[2025-04-09T08:58:20.191+0000] {processor.py:161} INFO - Started process (PID=2611) to work on /home/airflow/.local/lib/python3.10/site-packages/airflow/example_dags/plugins/workday.py
[2025-04-09T08:58:20.193+0000] {processor.py:830} INFO - Processing file /home/airflow/.local/lib/python3.10/site-packages/airflow/example_dags/plugins/workday.py for tasks to queue
[2025-04-09T08:58:20.196+0000] {logging_mixin.py:188} INFO - [2025-04-09T08:58:20.195+0000] {dagbag.py:540} INFO - Filling up the DagBag from /home/airflow/.local/lib/python3.10/site-packages/airflow/example_dags/plugins/workday.py
[2025-04-09T08:58:20.200+0000] {processor.py:842} WARNING - No viable dags retrieved from /home/airflow/.local/lib/python3.10/site-packages/airflow/example_dags/plugins/workday.py
[2025-04-09T08:58:20.215+0000] {processor.py:183} INFO - Processing /home/airflow/.local/lib/python3.10/site-packages/airflow/example_dags/plugins/workday.py took 0.028 seconds
[2025-04-09T08:58:51.261+0000] {processor.py:161} INFO - Started process (PID=2673) to work on /home/airflow/.local/lib/python3.10/site-packages/airflow/example_dags/plugins/workday.py
[2025-04-09T08:58:51.263+0000] {processor.py:830} INFO - Processing file /home/airflow/.local/lib/python3.10/site-packages/airflow/example_dags/plugins/workday.py for tasks to queue
[2025-04-09T08:58:51.266+0000] {logging_mixin.py:188} INFO - [2025-04-09T08:58:51.265+0000] {dagbag.py:540} INFO - Filling up the DagBag from /home/airflow/.local/lib/python3.10/site-packages/airflow/example_dags/plugins/workday.py
[2025-04-09T08:58:51.270+0000] {processor.py:842} WARNING - No viable dags retrieved from /home/airflow/.local/lib/python3.10/site-packages/airflow/example_dags/plugins/workday.py
[2025-04-09T08:58:51.286+0000] {processor.py:183} INFO - Processing /home/airflow/.local/lib/python3.10/site-packages/airflow/example_dags/plugins/workday.py took 0.029 seconds
[2025-04-09T08:59:21.576+0000] {processor.py:161} INFO - Started process (PID=2735) to work on /home/airflow/.local/lib/python3.10/site-packages/airflow/example_dags/plugins/workday.py
[2025-04-09T08:59:21.578+0000] {processor.py:830} INFO - Processing file /home/airflow/.local/lib/python3.10/site-packages/airflow/example_dags/plugins/workday.py for tasks to queue
[2025-04-09T08:59:21.580+0000] {logging_mixin.py:188} INFO - [2025-04-09T08:59:21.580+0000] {dagbag.py:540} INFO - Filling up the DagBag from /home/airflow/.local/lib/python3.10/site-packages/airflow/example_dags/plugins/workday.py
[2025-04-09T08:59:21.585+0000] {processor.py:842} WARNING - No viable dags retrieved from /home/airflow/.local/lib/python3.10/site-packages/airflow/example_dags/plugins/workday.py
[2025-04-09T08:59:21.602+0000] {processor.py:183} INFO - Processing /home/airflow/.local/lib/python3.10/site-packages/airflow/example_dags/plugins/workday.py took 0.030 seconds
[2025-04-09T08:59:52.154+0000] {processor.py:161} INFO - Started process (PID=2803) to work on /home/airflow/.local/lib/python3.10/site-packages/airflow/example_dags/plugins/workday.py
[2025-04-09T08:59:52.156+0000] {processor.py:830} INFO - Processing file /home/airflow/.local/lib/python3.10/site-packages/airflow/example_dags/plugins/workday.py for tasks to queue
[2025-04-09T08:59:52.158+0000] {logging_mixin.py:188} INFO - [2025-04-09T08:59:52.158+0000] {dagbag.py:540} INFO - Filling up the DagBag from /home/airflow/.local/lib/python3.10/site-packages/airflow/example_dags/plugins/workday.py
[2025-04-09T08:59:52.163+0000] {processor.py:842} WARNING - No viable dags retrieved from /home/airflow/.local/lib/python3.10/site-packages/airflow/example_dags/plugins/workday.py
[2025-04-09T08:59:52.182+0000] {processor.py:183} INFO - Processing /home/airflow/.local/lib/python3.10/site-packages/airflow/example_dags/plugins/workday.py took 0.033 seconds
[2025-04-09T09:00:22.571+0000] {processor.py:161} INFO - Started process (PID=2865) to work on /home/airflow/.local/lib/python3.10/site-packages/airflow/example_dags/plugins/workday.py
[2025-04-09T09:00:22.572+0000] {processor.py:830} INFO - Processing file /home/airflow/.local/lib/python3.10/site-packages/airflow/example_dags/plugins/workday.py for tasks to queue
[2025-04-09T09:00:22.574+0000] {logging_mixin.py:188} INFO - [2025-04-09T09:00:22.574+0000] {dagbag.py:540} INFO - Filling up the DagBag from /home/airflow/.local/lib/python3.10/site-packages/airflow/example_dags/plugins/workday.py
[2025-04-09T09:00:22.578+0000] {processor.py:842} WARNING - No viable dags retrieved from /home/airflow/.local/lib/python3.10/site-packages/airflow/example_dags/plugins/workday.py
[2025-04-09T09:00:22.594+0000] {processor.py:183} INFO - Processing /home/airflow/.local/lib/python3.10/site-packages/airflow/example_dags/plugins/workday.py took 0.027 seconds
[2025-04-09T09:00:53.260+0000] {processor.py:161} INFO - Started process (PID=2927) to work on /home/airflow/.local/lib/python3.10/site-packages/airflow/example_dags/plugins/workday.py
[2025-04-09T09:00:53.263+0000] {processor.py:830} INFO - Processing file /home/airflow/.local/lib/python3.10/site-packages/airflow/example_dags/plugins/workday.py for tasks to queue
[2025-04-09T09:00:53.266+0000] {logging_mixin.py:188} INFO - [2025-04-09T09:00:53.266+0000] {dagbag.py:540} INFO - Filling up the DagBag from /home/airflow/.local/lib/python3.10/site-packages/airflow/example_dags/plugins/workday.py
[2025-04-09T09:00:53.272+0000] {processor.py:842} WARNING - No viable dags retrieved from /home/airflow/.local/lib/python3.10/site-packages/airflow/example_dags/plugins/workday.py
[2025-04-09T09:00:53.298+0000] {processor.py:183} INFO - Processing /home/airflow/.local/lib/python3.10/site-packages/airflow/example_dags/plugins/workday.py took 0.045 seconds
[2025-04-09T09:01:23.872+0000] {processor.py:161} INFO - Started process (PID=2989) to work on /home/airflow/.local/lib/python3.10/site-packages/airflow/example_dags/plugins/workday.py
[2025-04-09T09:01:23.873+0000] {processor.py:830} INFO - Processing file /home/airflow/.local/lib/python3.10/site-packages/airflow/example_dags/plugins/workday.py for tasks to queue
[2025-04-09T09:01:23.876+0000] {logging_mixin.py:188} INFO - [2025-04-09T09:01:23.876+0000] {dagbag.py:540} INFO - Filling up the DagBag from /home/airflow/.local/lib/python3.10/site-packages/airflow/example_dags/plugins/workday.py
[2025-04-09T09:01:23.886+0000] {processor.py:842} WARNING - No viable dags retrieved from /home/airflow/.local/lib/python3.10/site-packages/airflow/example_dags/plugins/workday.py
[2025-04-09T09:01:23.903+0000] {processor.py:183} INFO - Processing /home/airflow/.local/lib/python3.10/site-packages/airflow/example_dags/plugins/workday.py took 0.036 seconds
[2025-04-09T09:01:54.686+0000] {processor.py:161} INFO - Started process (PID=3051) to work on /home/airflow/.local/lib/python3.10/site-packages/airflow/example_dags/plugins/workday.py
[2025-04-09T09:01:54.688+0000] {processor.py:830} INFO - Processing file /home/airflow/.local/lib/python3.10/site-packages/airflow/example_dags/plugins/workday.py for tasks to queue
[2025-04-09T09:01:54.690+0000] {logging_mixin.py:188} INFO - [2025-04-09T09:01:54.690+0000] {dagbag.py:540} INFO - Filling up the DagBag from /home/airflow/.local/lib/python3.10/site-packages/airflow/example_dags/plugins/workday.py
[2025-04-09T09:01:54.695+0000] {processor.py:842} WARNING - No viable dags retrieved from /home/airflow/.local/lib/python3.10/site-packages/airflow/example_dags/plugins/workday.py
[2025-04-09T09:01:54.714+0000] {processor.py:183} INFO - Processing /home/airflow/.local/lib/python3.10/site-packages/airflow/example_dags/plugins/workday.py took 0.033 seconds
[2025-04-09T09:02:24.959+0000] {processor.py:161} INFO - Started process (PID=3113) to work on /home/airflow/.local/lib/python3.10/site-packages/airflow/example_dags/plugins/workday.py
[2025-04-09T09:02:24.960+0000] {processor.py:830} INFO - Processing file /home/airflow/.local/lib/python3.10/site-packages/airflow/example_dags/plugins/workday.py for tasks to queue
[2025-04-09T09:02:24.963+0000] {logging_mixin.py:188} INFO - [2025-04-09T09:02:24.962+0000] {dagbag.py:540} INFO - Filling up the DagBag from /home/airflow/.local/lib/python3.10/site-packages/airflow/example_dags/plugins/workday.py
[2025-04-09T09:02:24.966+0000] {processor.py:842} WARNING - No viable dags retrieved from /home/airflow/.local/lib/python3.10/site-packages/airflow/example_dags/plugins/workday.py
[2025-04-09T09:02:24.982+0000] {processor.py:183} INFO - Processing /home/airflow/.local/lib/python3.10/site-packages/airflow/example_dags/plugins/workday.py took 0.027 seconds
[2025-04-09T09:02:55.237+0000] {processor.py:161} INFO - Started process (PID=3175) to work on /home/airflow/.local/lib/python3.10/site-packages/airflow/example_dags/plugins/workday.py
[2025-04-09T09:02:55.238+0000] {processor.py:830} INFO - Processing file /home/airflow/.local/lib/python3.10/site-packages/airflow/example_dags/plugins/workday.py for tasks to queue
[2025-04-09T09:02:55.240+0000] {logging_mixin.py:188} INFO - [2025-04-09T09:02:55.240+0000] {dagbag.py:540} INFO - Filling up the DagBag from /home/airflow/.local/lib/python3.10/site-packages/airflow/example_dags/plugins/workday.py
[2025-04-09T09:02:55.244+0000] {processor.py:842} WARNING - No viable dags retrieved from /home/airflow/.local/lib/python3.10/site-packages/airflow/example_dags/plugins/workday.py
[2025-04-09T09:02:55.260+0000] {processor.py:183} INFO - Processing /home/airflow/.local/lib/python3.10/site-packages/airflow/example_dags/plugins/workday.py took 0.027 seconds
[2025-04-09T09:03:25.456+0000] {processor.py:161} INFO - Started process (PID=3237) to work on /home/airflow/.local/lib/python3.10/site-packages/airflow/example_dags/plugins/workday.py
[2025-04-09T09:03:25.458+0000] {processor.py:830} INFO - Processing file /home/airflow/.local/lib/python3.10/site-packages/airflow/example_dags/plugins/workday.py for tasks to queue
[2025-04-09T09:03:25.460+0000] {logging_mixin.py:188} INFO - [2025-04-09T09:03:25.459+0000] {dagbag.py:540} INFO - Filling up the DagBag from /home/airflow/.local/lib/python3.10/site-packages/airflow/example_dags/plugins/workday.py
[2025-04-09T09:03:25.464+0000] {processor.py:842} WARNING - No viable dags retrieved from /home/airflow/.local/lib/python3.10/site-packages/airflow/example_dags/plugins/workday.py
[2025-04-09T09:03:25.481+0000] {processor.py:183} INFO - Processing /home/airflow/.local/lib/python3.10/site-packages/airflow/example_dags/plugins/workday.py took 0.029 seconds
[2025-04-09T09:03:55.761+0000] {processor.py:161} INFO - Started process (PID=3299) to work on /home/airflow/.local/lib/python3.10/site-packages/airflow/example_dags/plugins/workday.py
[2025-04-09T09:03:55.762+0000] {processor.py:830} INFO - Processing file /home/airflow/.local/lib/python3.10/site-packages/airflow/example_dags/plugins/workday.py for tasks to queue
[2025-04-09T09:03:55.765+0000] {logging_mixin.py:188} INFO - [2025-04-09T09:03:55.765+0000] {dagbag.py:540} INFO - Filling up the DagBag from /home/airflow/.local/lib/python3.10/site-packages/airflow/example_dags/plugins/workday.py
[2025-04-09T09:03:55.772+0000] {processor.py:842} WARNING - No viable dags retrieved from /home/airflow/.local/lib/python3.10/site-packages/airflow/example_dags/plugins/workday.py
[2025-04-09T09:03:55.791+0000] {processor.py:183} INFO - Processing /home/airflow/.local/lib/python3.10/site-packages/airflow/example_dags/plugins/workday.py took 0.034 seconds
[2025-04-09T09:04:26.163+0000] {processor.py:161} INFO - Started process (PID=3361) to work on /home/airflow/.local/lib/python3.10/site-packages/airflow/example_dags/plugins/workday.py
[2025-04-09T09:04:26.165+0000] {processor.py:830} INFO - Processing file /home/airflow/.local/lib/python3.10/site-packages/airflow/example_dags/plugins/workday.py for tasks to queue
[2025-04-09T09:04:26.168+0000] {logging_mixin.py:188} INFO - [2025-04-09T09:04:26.167+0000] {dagbag.py:540} INFO - Filling up the DagBag from /home/airflow/.local/lib/python3.10/site-packages/airflow/example_dags/plugins/workday.py
[2025-04-09T09:04:26.173+0000] {processor.py:842} WARNING - No viable dags retrieved from /home/airflow/.local/lib/python3.10/site-packages/airflow/example_dags/plugins/workday.py
[2025-04-09T09:04:26.196+0000] {processor.py:183} INFO - Processing /home/airflow/.local/lib/python3.10/site-packages/airflow/example_dags/plugins/workday.py took 0.038 seconds
[2025-04-09T09:04:57.215+0000] {processor.py:161} INFO - Started process (PID=3423) to work on /home/airflow/.local/lib/python3.10/site-packages/airflow/example_dags/plugins/workday.py
[2025-04-09T09:04:57.216+0000] {processor.py:830} INFO - Processing file /home/airflow/.local/lib/python3.10/site-packages/airflow/example_dags/plugins/workday.py for tasks to queue
[2025-04-09T09:04:57.219+0000] {logging_mixin.py:188} INFO - [2025-04-09T09:04:57.219+0000] {dagbag.py:540} INFO - Filling up the DagBag from /home/airflow/.local/lib/python3.10/site-packages/airflow/example_dags/plugins/workday.py
[2025-04-09T09:04:57.224+0000] {processor.py:842} WARNING - No viable dags retrieved from /home/airflow/.local/lib/python3.10/site-packages/airflow/example_dags/plugins/workday.py
[2025-04-09T09:04:57.240+0000] {processor.py:183} INFO - Processing /home/airflow/.local/lib/python3.10/site-packages/airflow/example_dags/plugins/workday.py took 0.028 seconds
[2025-04-09T09:05:27.647+0000] {processor.py:161} INFO - Started process (PID=3491) to work on /home/airflow/.local/lib/python3.10/site-packages/airflow/example_dags/plugins/workday.py
[2025-04-09T09:05:27.648+0000] {processor.py:830} INFO - Processing file /home/airflow/.local/lib/python3.10/site-packages/airflow/example_dags/plugins/workday.py for tasks to queue
[2025-04-09T09:05:27.651+0000] {logging_mixin.py:188} INFO - [2025-04-09T09:05:27.650+0000] {dagbag.py:540} INFO - Filling up the DagBag from /home/airflow/.local/lib/python3.10/site-packages/airflow/example_dags/plugins/workday.py
[2025-04-09T09:05:27.656+0000] {processor.py:842} WARNING - No viable dags retrieved from /home/airflow/.local/lib/python3.10/site-packages/airflow/example_dags/plugins/workday.py
[2025-04-09T09:05:27.671+0000] {processor.py:183} INFO - Processing /home/airflow/.local/lib/python3.10/site-packages/airflow/example_dags/plugins/workday.py took 0.028 seconds
[2025-04-09T09:05:57.943+0000] {processor.py:161} INFO - Started process (PID=3553) to work on /home/airflow/.local/lib/python3.10/site-packages/airflow/example_dags/plugins/workday.py
[2025-04-09T09:05:57.945+0000] {processor.py:830} INFO - Processing file /home/airflow/.local/lib/python3.10/site-packages/airflow/example_dags/plugins/workday.py for tasks to queue
[2025-04-09T09:05:57.947+0000] {logging_mixin.py:188} INFO - [2025-04-09T09:05:57.946+0000] {dagbag.py:540} INFO - Filling up the DagBag from /home/airflow/.local/lib/python3.10/site-packages/airflow/example_dags/plugins/workday.py
[2025-04-09T09:05:57.951+0000] {processor.py:842} WARNING - No viable dags retrieved from /home/airflow/.local/lib/python3.10/site-packages/airflow/example_dags/plugins/workday.py
[2025-04-09T09:05:57.973+0000] {processor.py:183} INFO - Processing /home/airflow/.local/lib/python3.10/site-packages/airflow/example_dags/plugins/workday.py took 0.035 seconds
[2025-04-09T09:06:28.226+0000] {processor.py:161} INFO - Started process (PID=3614) to work on /home/airflow/.local/lib/python3.10/site-packages/airflow/example_dags/plugins/workday.py
[2025-04-09T09:06:28.227+0000] {processor.py:830} INFO - Processing file /home/airflow/.local/lib/python3.10/site-packages/airflow/example_dags/plugins/workday.py for tasks to queue
[2025-04-09T09:06:28.228+0000] {logging_mixin.py:188} INFO - [2025-04-09T09:06:28.228+0000] {dagbag.py:540} INFO - Filling up the DagBag from /home/airflow/.local/lib/python3.10/site-packages/airflow/example_dags/plugins/workday.py
[2025-04-09T09:06:28.232+0000] {processor.py:842} WARNING - No viable dags retrieved from /home/airflow/.local/lib/python3.10/site-packages/airflow/example_dags/plugins/workday.py
[2025-04-09T09:06:28.250+0000] {processor.py:183} INFO - Processing /home/airflow/.local/lib/python3.10/site-packages/airflow/example_dags/plugins/workday.py took 0.030 seconds
[2025-04-09T09:06:58.477+0000] {processor.py:161} INFO - Started process (PID=3675) to work on /home/airflow/.local/lib/python3.10/site-packages/airflow/example_dags/plugins/workday.py
[2025-04-09T09:06:58.479+0000] {processor.py:830} INFO - Processing file /home/airflow/.local/lib/python3.10/site-packages/airflow/example_dags/plugins/workday.py for tasks to queue
[2025-04-09T09:06:58.481+0000] {logging_mixin.py:188} INFO - [2025-04-09T09:06:58.480+0000] {dagbag.py:540} INFO - Filling up the DagBag from /home/airflow/.local/lib/python3.10/site-packages/airflow/example_dags/plugins/workday.py
[2025-04-09T09:06:58.487+0000] {processor.py:842} WARNING - No viable dags retrieved from /home/airflow/.local/lib/python3.10/site-packages/airflow/example_dags/plugins/workday.py
[2025-04-09T09:06:58.512+0000] {processor.py:183} INFO - Processing /home/airflow/.local/lib/python3.10/site-packages/airflow/example_dags/plugins/workday.py took 0.043 seconds
[2025-04-09T09:07:29.108+0000] {processor.py:161} INFO - Started process (PID=3736) to work on /home/airflow/.local/lib/python3.10/site-packages/airflow/example_dags/plugins/workday.py
[2025-04-09T09:07:29.110+0000] {processor.py:830} INFO - Processing file /home/airflow/.local/lib/python3.10/site-packages/airflow/example_dags/plugins/workday.py for tasks to queue
[2025-04-09T09:07:29.111+0000] {logging_mixin.py:188} INFO - [2025-04-09T09:07:29.111+0000] {dagbag.py:540} INFO - Filling up the DagBag from /home/airflow/.local/lib/python3.10/site-packages/airflow/example_dags/plugins/workday.py
[2025-04-09T09:07:29.117+0000] {processor.py:842} WARNING - No viable dags retrieved from /home/airflow/.local/lib/python3.10/site-packages/airflow/example_dags/plugins/workday.py
[2025-04-09T09:07:29.134+0000] {processor.py:183} INFO - Processing /home/airflow/.local/lib/python3.10/site-packages/airflow/example_dags/plugins/workday.py took 0.030 seconds
[2025-04-09T09:07:57.239+0000] {processor.py:161} INFO - Started process (PID=3798) to work on /home/airflow/.local/lib/python3.10/site-packages/airflow/example_dags/plugins/workday.py
[2025-04-09T09:07:57.241+0000] {processor.py:830} INFO - Processing file /home/airflow/.local/lib/python3.10/site-packages/airflow/example_dags/plugins/workday.py for tasks to queue
[2025-04-09T09:07:57.242+0000] {logging_mixin.py:188} INFO - [2025-04-09T09:07:57.241+0000] {dagbag.py:540} INFO - Filling up the DagBag from /home/airflow/.local/lib/python3.10/site-packages/airflow/example_dags/plugins/workday.py
[2025-04-09T09:07:57.246+0000] {processor.py:842} WARNING - No viable dags retrieved from /home/airflow/.local/lib/python3.10/site-packages/airflow/example_dags/plugins/workday.py
[2025-04-09T09:07:57.263+0000] {processor.py:183} INFO - Processing /home/airflow/.local/lib/python3.10/site-packages/airflow/example_dags/plugins/workday.py took 0.029 seconds
[2025-04-09T09:08:28.069+0000] {processor.py:161} INFO - Started process (PID=3857) to work on /home/airflow/.local/lib/python3.10/site-packages/airflow/example_dags/plugins/workday.py
[2025-04-09T09:08:28.071+0000] {processor.py:830} INFO - Processing file /home/airflow/.local/lib/python3.10/site-packages/airflow/example_dags/plugins/workday.py for tasks to queue
[2025-04-09T09:08:28.072+0000] {logging_mixin.py:188} INFO - [2025-04-09T09:08:28.072+0000] {dagbag.py:540} INFO - Filling up the DagBag from /home/airflow/.local/lib/python3.10/site-packages/airflow/example_dags/plugins/workday.py
[2025-04-09T09:08:28.076+0000] {processor.py:842} WARNING - No viable dags retrieved from /home/airflow/.local/lib/python3.10/site-packages/airflow/example_dags/plugins/workday.py
[2025-04-09T09:08:28.093+0000] {processor.py:183} INFO - Processing /home/airflow/.local/lib/python3.10/site-packages/airflow/example_dags/plugins/workday.py took 0.028 seconds
[2025-04-09T09:08:58.445+0000] {processor.py:161} INFO - Started process (PID=3919) to work on /home/airflow/.local/lib/python3.10/site-packages/airflow/example_dags/plugins/workday.py
[2025-04-09T09:08:58.447+0000] {processor.py:830} INFO - Processing file /home/airflow/.local/lib/python3.10/site-packages/airflow/example_dags/plugins/workday.py for tasks to queue
[2025-04-09T09:08:58.448+0000] {logging_mixin.py:188} INFO - [2025-04-09T09:08:58.448+0000] {dagbag.py:540} INFO - Filling up the DagBag from /home/airflow/.local/lib/python3.10/site-packages/airflow/example_dags/plugins/workday.py
[2025-04-09T09:08:58.453+0000] {processor.py:842} WARNING - No viable dags retrieved from /home/airflow/.local/lib/python3.10/site-packages/airflow/example_dags/plugins/workday.py
[2025-04-09T09:08:58.474+0000] {processor.py:183} INFO - Processing /home/airflow/.local/lib/python3.10/site-packages/airflow/example_dags/plugins/workday.py took 0.034 seconds
[2025-04-09T09:09:29.368+0000] {processor.py:161} INFO - Started process (PID=3981) to work on /home/airflow/.local/lib/python3.10/site-packages/airflow/example_dags/plugins/workday.py
[2025-04-09T09:09:29.369+0000] {processor.py:830} INFO - Processing file /home/airflow/.local/lib/python3.10/site-packages/airflow/example_dags/plugins/workday.py for tasks to queue
[2025-04-09T09:09:29.371+0000] {logging_mixin.py:188} INFO - [2025-04-09T09:09:29.370+0000] {dagbag.py:540} INFO - Filling up the DagBag from /home/airflow/.local/lib/python3.10/site-packages/airflow/example_dags/plugins/workday.py
[2025-04-09T09:09:29.380+0000] {processor.py:842} WARNING - No viable dags retrieved from /home/airflow/.local/lib/python3.10/site-packages/airflow/example_dags/plugins/workday.py
[2025-04-09T09:09:26.923+0000] {processor.py:183} INFO - Processing /home/airflow/.local/lib/python3.10/site-packages/airflow/example_dags/plugins/workday.py took 0.045 seconds
[2025-04-09T09:09:57.597+0000] {processor.py:161} INFO - Started process (PID=4033) to work on /home/airflow/.local/lib/python3.10/site-packages/airflow/example_dags/plugins/workday.py
[2025-04-09T09:09:57.599+0000] {processor.py:830} INFO - Processing file /home/airflow/.local/lib/python3.10/site-packages/airflow/example_dags/plugins/workday.py for tasks to queue
[2025-04-09T09:09:57.600+0000] {logging_mixin.py:188} INFO - [2025-04-09T09:09:57.599+0000] {dagbag.py:540} INFO - Filling up the DagBag from /home/airflow/.local/lib/python3.10/site-packages/airflow/example_dags/plugins/workday.py
[2025-04-09T09:09:57.606+0000] {processor.py:842} WARNING - No viable dags retrieved from /home/airflow/.local/lib/python3.10/site-packages/airflow/example_dags/plugins/workday.py
[2025-04-09T09:09:57.623+0000] {processor.py:183} INFO - Processing /home/airflow/.local/lib/python3.10/site-packages/airflow/example_dags/plugins/workday.py took 0.030 seconds
[2025-04-09T09:10:28.312+0000] {processor.py:161} INFO - Started process (PID=4095) to work on /home/airflow/.local/lib/python3.10/site-packages/airflow/example_dags/plugins/workday.py
[2025-04-09T09:10:28.314+0000] {processor.py:830} INFO - Processing file /home/airflow/.local/lib/python3.10/site-packages/airflow/example_dags/plugins/workday.py for tasks to queue
[2025-04-09T09:10:28.315+0000] {logging_mixin.py:188} INFO - [2025-04-09T09:10:28.315+0000] {dagbag.py:540} INFO - Filling up the DagBag from /home/airflow/.local/lib/python3.10/site-packages/airflow/example_dags/plugins/workday.py
[2025-04-09T09:10:28.320+0000] {processor.py:842} WARNING - No viable dags retrieved from /home/airflow/.local/lib/python3.10/site-packages/airflow/example_dags/plugins/workday.py
[2025-04-09T09:10:28.339+0000] {processor.py:183} INFO - Processing /home/airflow/.local/lib/python3.10/site-packages/airflow/example_dags/plugins/workday.py took 0.032 seconds
[2025-04-09T09:10:59.025+0000] {processor.py:161} INFO - Started process (PID=4168) to work on /home/airflow/.local/lib/python3.10/site-packages/airflow/example_dags/plugins/workday.py
[2025-04-09T09:10:59.027+0000] {processor.py:830} INFO - Processing file /home/airflow/.local/lib/python3.10/site-packages/airflow/example_dags/plugins/workday.py for tasks to queue
[2025-04-09T09:10:59.028+0000] {logging_mixin.py:188} INFO - [2025-04-09T09:10:59.028+0000] {dagbag.py:540} INFO - Filling up the DagBag from /home/airflow/.local/lib/python3.10/site-packages/airflow/example_dags/plugins/workday.py
[2025-04-09T09:10:59.033+0000] {processor.py:842} WARNING - No viable dags retrieved from /home/airflow/.local/lib/python3.10/site-packages/airflow/example_dags/plugins/workday.py
[2025-04-09T09:10:59.051+0000] {processor.py:183} INFO - Processing /home/airflow/.local/lib/python3.10/site-packages/airflow/example_dags/plugins/workday.py took 0.030 seconds
[2025-04-09T09:11:29.469+0000] {processor.py:161} INFO - Started process (PID=4229) to work on /home/airflow/.local/lib/python3.10/site-packages/airflow/example_dags/plugins/workday.py
[2025-04-09T09:11:29.470+0000] {processor.py:830} INFO - Processing file /home/airflow/.local/lib/python3.10/site-packages/airflow/example_dags/plugins/workday.py for tasks to queue
[2025-04-09T09:11:29.472+0000] {logging_mixin.py:188} INFO - [2025-04-09T09:11:29.471+0000] {dagbag.py:540} INFO - Filling up the DagBag from /home/airflow/.local/lib/python3.10/site-packages/airflow/example_dags/plugins/workday.py
[2025-04-09T09:11:29.477+0000] {processor.py:842} WARNING - No viable dags retrieved from /home/airflow/.local/lib/python3.10/site-packages/airflow/example_dags/plugins/workday.py
[2025-04-09T09:11:29.493+0000] {processor.py:183} INFO - Processing /home/airflow/.local/lib/python3.10/site-packages/airflow/example_dags/plugins/workday.py took 0.028 seconds
[2025-04-09T09:11:59.612+0000] {processor.py:161} INFO - Started process (PID=4289) to work on /home/airflow/.local/lib/python3.10/site-packages/airflow/example_dags/plugins/workday.py
[2025-04-09T09:11:59.614+0000] {processor.py:830} INFO - Processing file /home/airflow/.local/lib/python3.10/site-packages/airflow/example_dags/plugins/workday.py for tasks to queue
[2025-04-09T09:11:59.615+0000] {logging_mixin.py:188} INFO - [2025-04-09T09:11:59.615+0000] {dagbag.py:540} INFO - Filling up the DagBag from /home/airflow/.local/lib/python3.10/site-packages/airflow/example_dags/plugins/workday.py
[2025-04-09T09:11:59.620+0000] {processor.py:842} WARNING - No viable dags retrieved from /home/airflow/.local/lib/python3.10/site-packages/airflow/example_dags/plugins/workday.py
[2025-04-09T09:11:59.641+0000] {processor.py:183} INFO - Processing /home/airflow/.local/lib/python3.10/site-packages/airflow/example_dags/plugins/workday.py took 0.034 seconds
[2025-04-09T09:12:30.038+0000] {processor.py:161} INFO - Started process (PID=4349) to work on /home/airflow/.local/lib/python3.10/site-packages/airflow/example_dags/plugins/workday.py
[2025-04-09T09:12:30.040+0000] {processor.py:830} INFO - Processing file /home/airflow/.local/lib/python3.10/site-packages/airflow/example_dags/plugins/workday.py for tasks to queue
[2025-04-09T09:12:30.041+0000] {logging_mixin.py:188} INFO - [2025-04-09T09:12:30.040+0000] {dagbag.py:540} INFO - Filling up the DagBag from /home/airflow/.local/lib/python3.10/site-packages/airflow/example_dags/plugins/workday.py
[2025-04-09T09:12:30.046+0000] {processor.py:842} WARNING - No viable dags retrieved from /home/airflow/.local/lib/python3.10/site-packages/airflow/example_dags/plugins/workday.py
[2025-04-09T09:12:30.066+0000] {processor.py:183} INFO - Processing /home/airflow/.local/lib/python3.10/site-packages/airflow/example_dags/plugins/workday.py took 0.033 seconds
[2025-04-09T09:13:00.705+0000] {processor.py:161} INFO - Started process (PID=4411) to work on /home/airflow/.local/lib/python3.10/site-packages/airflow/example_dags/plugins/workday.py
[2025-04-09T09:13:00.706+0000] {processor.py:830} INFO - Processing file /home/airflow/.local/lib/python3.10/site-packages/airflow/example_dags/plugins/workday.py for tasks to queue
[2025-04-09T09:13:00.708+0000] {logging_mixin.py:188} INFO - [2025-04-09T09:13:00.707+0000] {dagbag.py:540} INFO - Filling up the DagBag from /home/airflow/.local/lib/python3.10/site-packages/airflow/example_dags/plugins/workday.py
[2025-04-09T09:13:00.712+0000] {processor.py:842} WARNING - No viable dags retrieved from /home/airflow/.local/lib/python3.10/site-packages/airflow/example_dags/plugins/workday.py
[2025-04-09T09:13:00.731+0000] {processor.py:183} INFO - Processing /home/airflow/.local/lib/python3.10/site-packages/airflow/example_dags/plugins/workday.py took 0.030 seconds
[2025-04-09T09:13:31.624+0000] {processor.py:161} INFO - Started process (PID=4473) to work on /home/airflow/.local/lib/python3.10/site-packages/airflow/example_dags/plugins/workday.py
[2025-04-09T09:13:31.626+0000] {processor.py:830} INFO - Processing file /home/airflow/.local/lib/python3.10/site-packages/airflow/example_dags/plugins/workday.py for tasks to queue
[2025-04-09T09:13:31.627+0000] {logging_mixin.py:188} INFO - [2025-04-09T09:13:31.627+0000] {dagbag.py:540} INFO - Filling up the DagBag from /home/airflow/.local/lib/python3.10/site-packages/airflow/example_dags/plugins/workday.py
[2025-04-09T09:13:31.632+0000] {processor.py:842} WARNING - No viable dags retrieved from /home/airflow/.local/lib/python3.10/site-packages/airflow/example_dags/plugins/workday.py
[2025-04-09T09:13:31.652+0000] {processor.py:183} INFO - Processing /home/airflow/.local/lib/python3.10/site-packages/airflow/example_dags/plugins/workday.py took 0.035 seconds
[2025-04-09T09:14:02.605+0000] {processor.py:161} INFO - Started process (PID=4535) to work on /home/airflow/.local/lib/python3.10/site-packages/airflow/example_dags/plugins/workday.py
[2025-04-09T09:14:02.606+0000] {processor.py:830} INFO - Processing file /home/airflow/.local/lib/python3.10/site-packages/airflow/example_dags/plugins/workday.py for tasks to queue
[2025-04-09T09:14:02.607+0000] {logging_mixin.py:188} INFO - [2025-04-09T09:14:02.607+0000] {dagbag.py:540} INFO - Filling up the DagBag from /home/airflow/.local/lib/python3.10/site-packages/airflow/example_dags/plugins/workday.py
[2025-04-09T09:14:02.612+0000] {processor.py:842} WARNING - No viable dags retrieved from /home/airflow/.local/lib/python3.10/site-packages/airflow/example_dags/plugins/workday.py
[2025-04-09T09:14:02.630+0000] {processor.py:183} INFO - Processing /home/airflow/.local/lib/python3.10/site-packages/airflow/example_dags/plugins/workday.py took 0.031 seconds
[2025-04-09T09:14:33.236+0000] {processor.py:161} INFO - Started process (PID=4597) to work on /home/airflow/.local/lib/python3.10/site-packages/airflow/example_dags/plugins/workday.py
[2025-04-09T09:14:33.239+0000] {processor.py:830} INFO - Processing file /home/airflow/.local/lib/python3.10/site-packages/airflow/example_dags/plugins/workday.py for tasks to queue
[2025-04-09T09:14:33.241+0000] {logging_mixin.py:188} INFO - [2025-04-09T09:14:33.241+0000] {dagbag.py:540} INFO - Filling up the DagBag from /home/airflow/.local/lib/python3.10/site-packages/airflow/example_dags/plugins/workday.py
[2025-04-09T09:14:33.248+0000] {processor.py:842} WARNING - No viable dags retrieved from /home/airflow/.local/lib/python3.10/site-packages/airflow/example_dags/plugins/workday.py
[2025-04-09T09:14:33.271+0000] {processor.py:183} INFO - Processing /home/airflow/.local/lib/python3.10/site-packages/airflow/example_dags/plugins/workday.py took 0.041 seconds
[2025-04-09T09:15:03.711+0000] {processor.py:161} INFO - Started process (PID=4659) to work on /home/airflow/.local/lib/python3.10/site-packages/airflow/example_dags/plugins/workday.py
[2025-04-09T09:15:03.713+0000] {processor.py:830} INFO - Processing file /home/airflow/.local/lib/python3.10/site-packages/airflow/example_dags/plugins/workday.py for tasks to queue
[2025-04-09T09:15:03.715+0000] {logging_mixin.py:188} INFO - [2025-04-09T09:15:03.714+0000] {dagbag.py:540} INFO - Filling up the DagBag from /home/airflow/.local/lib/python3.10/site-packages/airflow/example_dags/plugins/workday.py
[2025-04-09T09:15:03.721+0000] {processor.py:842} WARNING - No viable dags retrieved from /home/airflow/.local/lib/python3.10/site-packages/airflow/example_dags/plugins/workday.py
[2025-04-09T09:15:03.740+0000] {processor.py:183} INFO - Processing /home/airflow/.local/lib/python3.10/site-packages/airflow/example_dags/plugins/workday.py took 0.035 seconds
[2025-04-09T09:15:34.113+0000] {processor.py:161} INFO - Started process (PID=4721) to work on /home/airflow/.local/lib/python3.10/site-packages/airflow/example_dags/plugins/workday.py
[2025-04-09T09:15:34.116+0000] {processor.py:830} INFO - Processing file /home/airflow/.local/lib/python3.10/site-packages/airflow/example_dags/plugins/workday.py for tasks to queue
[2025-04-09T09:15:34.119+0000] {logging_mixin.py:188} INFO - [2025-04-09T09:15:34.118+0000] {dagbag.py:540} INFO - Filling up the DagBag from /home/airflow/.local/lib/python3.10/site-packages/airflow/example_dags/plugins/workday.py
[2025-04-09T09:15:34.128+0000] {processor.py:842} WARNING - No viable dags retrieved from /home/airflow/.local/lib/python3.10/site-packages/airflow/example_dags/plugins/workday.py
[2025-04-09T09:15:34.172+0000] {processor.py:183} INFO - Processing /home/airflow/.local/lib/python3.10/site-packages/airflow/example_dags/plugins/workday.py took 0.067 seconds
[2025-04-09T09:16:05.053+0000] {processor.py:161} INFO - Started process (PID=4789) to work on /home/airflow/.local/lib/python3.10/site-packages/airflow/example_dags/plugins/workday.py
[2025-04-09T09:16:05.054+0000] {processor.py:830} INFO - Processing file /home/airflow/.local/lib/python3.10/site-packages/airflow/example_dags/plugins/workday.py for tasks to queue
[2025-04-09T09:16:05.056+0000] {logging_mixin.py:188} INFO - [2025-04-09T09:16:05.055+0000] {dagbag.py:540} INFO - Filling up the DagBag from /home/airflow/.local/lib/python3.10/site-packages/airflow/example_dags/plugins/workday.py
[2025-04-09T09:16:05.062+0000] {processor.py:842} WARNING - No viable dags retrieved from /home/airflow/.local/lib/python3.10/site-packages/airflow/example_dags/plugins/workday.py
[2025-04-09T09:16:05.077+0000] {processor.py:183} INFO - Processing /home/airflow/.local/lib/python3.10/site-packages/airflow/example_dags/plugins/workday.py took 0.028 seconds
[2025-04-09T09:16:35.576+0000] {processor.py:161} INFO - Started process (PID=4851) to work on /home/airflow/.local/lib/python3.10/site-packages/airflow/example_dags/plugins/workday.py
[2025-04-09T09:16:35.578+0000] {processor.py:830} INFO - Processing file /home/airflow/.local/lib/python3.10/site-packages/airflow/example_dags/plugins/workday.py for tasks to queue
[2025-04-09T09:16:35.580+0000] {logging_mixin.py:188} INFO - [2025-04-09T09:16:35.579+0000] {dagbag.py:540} INFO - Filling up the DagBag from /home/airflow/.local/lib/python3.10/site-packages/airflow/example_dags/plugins/workday.py
[2025-04-09T09:16:35.586+0000] {processor.py:842} WARNING - No viable dags retrieved from /home/airflow/.local/lib/python3.10/site-packages/airflow/example_dags/plugins/workday.py
[2025-04-09T09:16:35.602+0000] {processor.py:183} INFO - Processing /home/airflow/.local/lib/python3.10/site-packages/airflow/example_dags/plugins/workday.py took 0.031 seconds
[2025-04-09T09:17:05.861+0000] {processor.py:161} INFO - Started process (PID=4913) to work on /home/airflow/.local/lib/python3.10/site-packages/airflow/example_dags/plugins/workday.py
[2025-04-09T09:17:05.862+0000] {processor.py:830} INFO - Processing file /home/airflow/.local/lib/python3.10/site-packages/airflow/example_dags/plugins/workday.py for tasks to queue
[2025-04-09T09:17:05.863+0000] {logging_mixin.py:188} INFO - [2025-04-09T09:17:05.863+0000] {dagbag.py:540} INFO - Filling up the DagBag from /home/airflow/.local/lib/python3.10/site-packages/airflow/example_dags/plugins/workday.py
[2025-04-09T09:17:05.868+0000] {processor.py:842} WARNING - No viable dags retrieved from /home/airflow/.local/lib/python3.10/site-packages/airflow/example_dags/plugins/workday.py
[2025-04-09T09:17:05.884+0000] {processor.py:183} INFO - Processing /home/airflow/.local/lib/python3.10/site-packages/airflow/example_dags/plugins/workday.py took 0.028 seconds
[2025-04-09T09:17:35.971+0000] {processor.py:161} INFO - Started process (PID=4974) to work on /home/airflow/.local/lib/python3.10/site-packages/airflow/example_dags/plugins/workday.py
[2025-04-09T09:17:35.974+0000] {processor.py:830} INFO - Processing file /home/airflow/.local/lib/python3.10/site-packages/airflow/example_dags/plugins/workday.py for tasks to queue
[2025-04-09T09:17:35.976+0000] {logging_mixin.py:188} INFO - [2025-04-09T09:17:35.975+0000] {dagbag.py:540} INFO - Filling up the DagBag from /home/airflow/.local/lib/python3.10/site-packages/airflow/example_dags/plugins/workday.py
[2025-04-09T09:17:35.983+0000] {processor.py:842} WARNING - No viable dags retrieved from /home/airflow/.local/lib/python3.10/site-packages/airflow/example_dags/plugins/workday.py
[2025-04-09T09:17:36.005+0000] {processor.py:183} INFO - Processing /home/airflow/.local/lib/python3.10/site-packages/airflow/example_dags/plugins/workday.py took 0.039 seconds
