[2025-04-09T08:37:51.758+0000] {processor.py:161} INFO - Started process (PID=83) to work on /home/airflow/.local/lib/python3.10/site-packages/airflow/example_dags/example_sensors.py
[2025-04-09T08:37:51.760+0000] {processor.py:830} INFO - Processing file /home/airflow/.local/lib/python3.10/site-packages/airflow/example_dags/example_sensors.py for tasks to queue
[2025-04-09T08:37:51.768+0000] {logging_mixin.py:188} INFO - [2025-04-09T08:37:51.767+0000] {dagbag.py:540} INFO - Filling up the DagBag from /home/airflow/.local/lib/python3.10/site-packages/airflow/example_dags/example_sensors.py
[2025-04-09T08:37:51.798+0000] {processor.py:840} INFO - DAG(s) 'example_sensors' retrieved from /home/airflow/.local/lib/python3.10/site-packages/airflow/example_dags/example_sensors.py
[2025-04-09T08:37:51.880+0000] {logging_mixin.py:188} INFO - [2025-04-09T08:37:51.880+0000] {dag.py:3047} INFO - Sync 1 DAGs
[2025-04-09T08:37:51.917+0000] {logging_mixin.py:188} INFO - [2025-04-09T08:37:51.916+0000] {dag.py:3834} INFO - Setting next_dagrun for example_sensors to None, run_after=None
[2025-04-09T08:37:51.967+0000] {processor.py:183} INFO - Processing /home/airflow/.local/lib/python3.10/site-packages/airflow/example_dags/example_sensors.py took 0.217 seconds
[2025-04-09T08:38:22.562+0000] {processor.py:161} INFO - Started process (PID=145) to work on /home/airflow/.local/lib/python3.10/site-packages/airflow/example_dags/example_sensors.py
[2025-04-09T08:38:22.564+0000] {processor.py:830} INFO - Processing file /home/airflow/.local/lib/python3.10/site-packages/airflow/example_dags/example_sensors.py for tasks to queue
[2025-04-09T08:38:22.567+0000] {logging_mixin.py:188} INFO - [2025-04-09T08:38:22.567+0000] {dagbag.py:540} INFO - Filling up the DagBag from /home/airflow/.local/lib/python3.10/site-packages/airflow/example_dags/example_sensors.py
[2025-04-09T08:38:22.583+0000] {processor.py:840} INFO - DAG(s) 'example_sensors' retrieved from /home/airflow/.local/lib/python3.10/site-packages/airflow/example_dags/example_sensors.py
[2025-04-09T08:38:22.628+0000] {logging_mixin.py:188} INFO - [2025-04-09T08:38:22.628+0000] {dag.py:3047} INFO - Sync 1 DAGs
[2025-04-09T08:38:22.646+0000] {logging_mixin.py:188} INFO - [2025-04-09T08:38:22.645+0000] {dag.py:3834} INFO - Setting next_dagrun for example_sensors to None, run_after=None
[2025-04-09T08:38:22.678+0000] {processor.py:183} INFO - Processing /home/airflow/.local/lib/python3.10/site-packages/airflow/example_dags/example_sensors.py took 0.123 seconds
[2025-04-09T08:38:52.946+0000] {processor.py:161} INFO - Started process (PID=207) to work on /home/airflow/.local/lib/python3.10/site-packages/airflow/example_dags/example_sensors.py
[2025-04-09T08:38:52.948+0000] {processor.py:830} INFO - Processing file /home/airflow/.local/lib/python3.10/site-packages/airflow/example_dags/example_sensors.py for tasks to queue
[2025-04-09T08:38:52.951+0000] {logging_mixin.py:188} INFO - [2025-04-09T08:38:52.950+0000] {dagbag.py:540} INFO - Filling up the DagBag from /home/airflow/.local/lib/python3.10/site-packages/airflow/example_dags/example_sensors.py
[2025-04-09T08:38:52.965+0000] {processor.py:840} INFO - DAG(s) 'example_sensors' retrieved from /home/airflow/.local/lib/python3.10/site-packages/airflow/example_dags/example_sensors.py
[2025-04-09T08:38:53.015+0000] {logging_mixin.py:188} INFO - [2025-04-09T08:38:53.014+0000] {dag.py:3047} INFO - Sync 1 DAGs
[2025-04-09T08:38:53.034+0000] {logging_mixin.py:188} INFO - [2025-04-09T08:38:53.033+0000] {dag.py:3834} INFO - Setting next_dagrun for example_sensors to None, run_after=None
[2025-04-09T08:38:53.063+0000] {processor.py:183} INFO - Processing /home/airflow/.local/lib/python3.10/site-packages/airflow/example_dags/example_sensors.py took 0.121 seconds
[2025-04-09T08:39:23.290+0000] {processor.py:161} INFO - Started process (PID=269) to work on /home/airflow/.local/lib/python3.10/site-packages/airflow/example_dags/example_sensors.py
[2025-04-09T08:39:23.292+0000] {processor.py:830} INFO - Processing file /home/airflow/.local/lib/python3.10/site-packages/airflow/example_dags/example_sensors.py for tasks to queue
[2025-04-09T08:39:23.294+0000] {logging_mixin.py:188} INFO - [2025-04-09T08:39:23.294+0000] {dagbag.py:540} INFO - Filling up the DagBag from /home/airflow/.local/lib/python3.10/site-packages/airflow/example_dags/example_sensors.py
[2025-04-09T08:39:23.307+0000] {processor.py:840} INFO - DAG(s) 'example_sensors' retrieved from /home/airflow/.local/lib/python3.10/site-packages/airflow/example_dags/example_sensors.py
[2025-04-09T08:39:23.343+0000] {logging_mixin.py:188} INFO - [2025-04-09T08:39:23.343+0000] {dag.py:3047} INFO - Sync 1 DAGs
[2025-04-09T08:39:23.357+0000] {logging_mixin.py:188} INFO - [2025-04-09T08:39:23.356+0000] {dag.py:3834} INFO - Setting next_dagrun for example_sensors to None, run_after=None
[2025-04-09T08:39:23.381+0000] {processor.py:183} INFO - Processing /home/airflow/.local/lib/python3.10/site-packages/airflow/example_dags/example_sensors.py took 0.094 seconds
[2025-04-09T08:39:54.134+0000] {processor.py:161} INFO - Started process (PID=331) to work on /home/airflow/.local/lib/python3.10/site-packages/airflow/example_dags/example_sensors.py
[2025-04-09T08:39:54.135+0000] {processor.py:830} INFO - Processing file /home/airflow/.local/lib/python3.10/site-packages/airflow/example_dags/example_sensors.py for tasks to queue
[2025-04-09T08:39:54.137+0000] {logging_mixin.py:188} INFO - [2025-04-09T08:39:54.137+0000] {dagbag.py:540} INFO - Filling up the DagBag from /home/airflow/.local/lib/python3.10/site-packages/airflow/example_dags/example_sensors.py
[2025-04-09T08:39:54.150+0000] {processor.py:840} INFO - DAG(s) 'example_sensors' retrieved from /home/airflow/.local/lib/python3.10/site-packages/airflow/example_dags/example_sensors.py
[2025-04-09T08:39:54.181+0000] {logging_mixin.py:188} INFO - [2025-04-09T08:39:54.181+0000] {dag.py:3047} INFO - Sync 1 DAGs
[2025-04-09T08:39:54.199+0000] {logging_mixin.py:188} INFO - [2025-04-09T08:39:54.199+0000] {dag.py:3834} INFO - Setting next_dagrun for example_sensors to None, run_after=None
[2025-04-09T08:39:54.227+0000] {processor.py:183} INFO - Processing /home/airflow/.local/lib/python3.10/site-packages/airflow/example_dags/example_sensors.py took 0.098 seconds
[2025-04-09T08:40:24.508+0000] {processor.py:161} INFO - Started process (PID=393) to work on /home/airflow/.local/lib/python3.10/site-packages/airflow/example_dags/example_sensors.py
[2025-04-09T08:40:24.509+0000] {processor.py:830} INFO - Processing file /home/airflow/.local/lib/python3.10/site-packages/airflow/example_dags/example_sensors.py for tasks to queue
[2025-04-09T08:40:24.512+0000] {logging_mixin.py:188} INFO - [2025-04-09T08:40:24.511+0000] {dagbag.py:540} INFO - Filling up the DagBag from /home/airflow/.local/lib/python3.10/site-packages/airflow/example_dags/example_sensors.py
[2025-04-09T08:40:24.523+0000] {processor.py:840} INFO - DAG(s) 'example_sensors' retrieved from /home/airflow/.local/lib/python3.10/site-packages/airflow/example_dags/example_sensors.py
[2025-04-09T08:40:24.558+0000] {logging_mixin.py:188} INFO - [2025-04-09T08:40:24.558+0000] {dag.py:3047} INFO - Sync 1 DAGs
[2025-04-09T08:40:24.572+0000] {logging_mixin.py:188} INFO - [2025-04-09T08:40:24.571+0000] {dag.py:3834} INFO - Setting next_dagrun for example_sensors to None, run_after=None
[2025-04-09T08:40:24.592+0000] {processor.py:183} INFO - Processing /home/airflow/.local/lib/python3.10/site-packages/airflow/example_dags/example_sensors.py took 0.088 seconds
[2025-04-09T08:40:55.539+0000] {processor.py:161} INFO - Started process (PID=455) to work on /home/airflow/.local/lib/python3.10/site-packages/airflow/example_dags/example_sensors.py
[2025-04-09T08:40:55.541+0000] {processor.py:830} INFO - Processing file /home/airflow/.local/lib/python3.10/site-packages/airflow/example_dags/example_sensors.py for tasks to queue
[2025-04-09T08:40:55.543+0000] {logging_mixin.py:188} INFO - [2025-04-09T08:40:55.543+0000] {dagbag.py:540} INFO - Filling up the DagBag from /home/airflow/.local/lib/python3.10/site-packages/airflow/example_dags/example_sensors.py
[2025-04-09T08:40:55.556+0000] {processor.py:840} INFO - DAG(s) 'example_sensors' retrieved from /home/airflow/.local/lib/python3.10/site-packages/airflow/example_dags/example_sensors.py
[2025-04-09T08:40:55.590+0000] {logging_mixin.py:188} INFO - [2025-04-09T08:40:55.590+0000] {dag.py:3047} INFO - Sync 1 DAGs
[2025-04-09T08:40:55.604+0000] {logging_mixin.py:188} INFO - [2025-04-09T08:40:55.603+0000] {dag.py:3834} INFO - Setting next_dagrun for example_sensors to None, run_after=None
[2025-04-09T08:40:55.634+0000] {processor.py:183} INFO - Processing /home/airflow/.local/lib/python3.10/site-packages/airflow/example_dags/example_sensors.py took 0.099 seconds
[2025-04-09T08:41:25.857+0000] {processor.py:161} INFO - Started process (PID=517) to work on /home/airflow/.local/lib/python3.10/site-packages/airflow/example_dags/example_sensors.py
[2025-04-09T08:41:25.859+0000] {processor.py:830} INFO - Processing file /home/airflow/.local/lib/python3.10/site-packages/airflow/example_dags/example_sensors.py for tasks to queue
[2025-04-09T08:41:25.862+0000] {logging_mixin.py:188} INFO - [2025-04-09T08:41:25.862+0000] {dagbag.py:540} INFO - Filling up the DagBag from /home/airflow/.local/lib/python3.10/site-packages/airflow/example_dags/example_sensors.py
[2025-04-09T08:41:25.872+0000] {processor.py:840} INFO - DAG(s) 'example_sensors' retrieved from /home/airflow/.local/lib/python3.10/site-packages/airflow/example_dags/example_sensors.py
[2025-04-09T08:41:25.903+0000] {logging_mixin.py:188} INFO - [2025-04-09T08:41:25.903+0000] {dag.py:3047} INFO - Sync 1 DAGs
[2025-04-09T08:41:25.918+0000] {logging_mixin.py:188} INFO - [2025-04-09T08:41:25.917+0000] {dag.py:3834} INFO - Setting next_dagrun for example_sensors to None, run_after=None
[2025-04-09T08:41:25.944+0000] {processor.py:183} INFO - Processing /home/airflow/.local/lib/python3.10/site-packages/airflow/example_dags/example_sensors.py took 0.091 seconds
[2025-04-09T08:41:56.000+0000] {processor.py:161} INFO - Started process (PID=578) to work on /home/airflow/.local/lib/python3.10/site-packages/airflow/example_dags/example_sensors.py
[2025-04-09T08:41:56.003+0000] {processor.py:830} INFO - Processing file /home/airflow/.local/lib/python3.10/site-packages/airflow/example_dags/example_sensors.py for tasks to queue
[2025-04-09T08:41:56.006+0000] {logging_mixin.py:188} INFO - [2025-04-09T08:41:56.006+0000] {dagbag.py:540} INFO - Filling up the DagBag from /home/airflow/.local/lib/python3.10/site-packages/airflow/example_dags/example_sensors.py
[2025-04-09T08:41:56.024+0000] {processor.py:840} INFO - DAG(s) 'example_sensors' retrieved from /home/airflow/.local/lib/python3.10/site-packages/airflow/example_dags/example_sensors.py
[2025-04-09T08:41:56.060+0000] {logging_mixin.py:188} INFO - [2025-04-09T08:41:56.060+0000] {dag.py:3047} INFO - Sync 1 DAGs
[2025-04-09T08:41:56.075+0000] {logging_mixin.py:188} INFO - [2025-04-09T08:41:56.075+0000] {dag.py:3834} INFO - Setting next_dagrun for example_sensors to None, run_after=None
[2025-04-09T08:41:56.100+0000] {processor.py:183} INFO - Processing /home/airflow/.local/lib/python3.10/site-packages/airflow/example_dags/example_sensors.py took 0.105 seconds
[2025-04-09T08:42:26.308+0000] {processor.py:161} INFO - Started process (PID=640) to work on /home/airflow/.local/lib/python3.10/site-packages/airflow/example_dags/example_sensors.py
[2025-04-09T08:42:26.310+0000] {processor.py:830} INFO - Processing file /home/airflow/.local/lib/python3.10/site-packages/airflow/example_dags/example_sensors.py for tasks to queue
[2025-04-09T08:42:26.312+0000] {logging_mixin.py:188} INFO - [2025-04-09T08:42:26.312+0000] {dagbag.py:540} INFO - Filling up the DagBag from /home/airflow/.local/lib/python3.10/site-packages/airflow/example_dags/example_sensors.py
[2025-04-09T08:42:26.325+0000] {processor.py:840} INFO - DAG(s) 'example_sensors' retrieved from /home/airflow/.local/lib/python3.10/site-packages/airflow/example_dags/example_sensors.py
[2025-04-09T08:42:26.359+0000] {logging_mixin.py:188} INFO - [2025-04-09T08:42:26.359+0000] {dag.py:3047} INFO - Sync 1 DAGs
[2025-04-09T08:42:26.382+0000] {logging_mixin.py:188} INFO - [2025-04-09T08:42:26.382+0000] {dag.py:3834} INFO - Setting next_dagrun for example_sensors to None, run_after=None
[2025-04-09T08:42:26.411+0000] {processor.py:183} INFO - Processing /home/airflow/.local/lib/python3.10/site-packages/airflow/example_dags/example_sensors.py took 0.107 seconds
[2025-04-09T08:42:57.361+0000] {processor.py:161} INFO - Started process (PID=703) to work on /home/airflow/.local/lib/python3.10/site-packages/airflow/example_dags/example_sensors.py
[2025-04-09T08:42:57.362+0000] {processor.py:830} INFO - Processing file /home/airflow/.local/lib/python3.10/site-packages/airflow/example_dags/example_sensors.py for tasks to queue
[2025-04-09T08:42:57.364+0000] {logging_mixin.py:188} INFO - [2025-04-09T08:42:57.364+0000] {dagbag.py:540} INFO - Filling up the DagBag from /home/airflow/.local/lib/python3.10/site-packages/airflow/example_dags/example_sensors.py
[2025-04-09T08:42:57.375+0000] {processor.py:840} INFO - DAG(s) 'example_sensors' retrieved from /home/airflow/.local/lib/python3.10/site-packages/airflow/example_dags/example_sensors.py
[2025-04-09T08:42:57.411+0000] {logging_mixin.py:188} INFO - [2025-04-09T08:42:57.411+0000] {dag.py:3047} INFO - Sync 1 DAGs
[2025-04-09T08:42:57.423+0000] {logging_mixin.py:188} INFO - [2025-04-09T08:42:57.423+0000] {dag.py:3834} INFO - Setting next_dagrun for example_sensors to None, run_after=None
[2025-04-09T08:42:57.448+0000] {processor.py:183} INFO - Processing /home/airflow/.local/lib/python3.10/site-packages/airflow/example_dags/example_sensors.py took 0.091 seconds
[2025-04-09T08:43:27.520+0000] {processor.py:161} INFO - Started process (PID=764) to work on /home/airflow/.local/lib/python3.10/site-packages/airflow/example_dags/example_sensors.py
[2025-04-09T08:43:27.522+0000] {processor.py:830} INFO - Processing file /home/airflow/.local/lib/python3.10/site-packages/airflow/example_dags/example_sensors.py for tasks to queue
[2025-04-09T08:43:27.524+0000] {logging_mixin.py:188} INFO - [2025-04-09T08:43:27.524+0000] {dagbag.py:540} INFO - Filling up the DagBag from /home/airflow/.local/lib/python3.10/site-packages/airflow/example_dags/example_sensors.py
[2025-04-09T08:43:27.535+0000] {processor.py:840} INFO - DAG(s) 'example_sensors' retrieved from /home/airflow/.local/lib/python3.10/site-packages/airflow/example_dags/example_sensors.py
[2025-04-09T08:43:27.566+0000] {logging_mixin.py:188} INFO - [2025-04-09T08:43:27.566+0000] {dag.py:3047} INFO - Sync 1 DAGs
[2025-04-09T08:43:27.581+0000] {logging_mixin.py:188} INFO - [2025-04-09T08:43:27.580+0000] {dag.py:3834} INFO - Setting next_dagrun for example_sensors to None, run_after=None
[2025-04-09T08:43:27.608+0000] {processor.py:183} INFO - Processing /home/airflow/.local/lib/python3.10/site-packages/airflow/example_dags/example_sensors.py took 0.091 seconds
[2025-04-09T08:43:58.706+0000] {processor.py:161} INFO - Started process (PID=827) to work on /home/airflow/.local/lib/python3.10/site-packages/airflow/example_dags/example_sensors.py
[2025-04-09T08:43:58.708+0000] {processor.py:830} INFO - Processing file /home/airflow/.local/lib/python3.10/site-packages/airflow/example_dags/example_sensors.py for tasks to queue
[2025-04-09T08:43:58.711+0000] {logging_mixin.py:188} INFO - [2025-04-09T08:43:58.711+0000] {dagbag.py:540} INFO - Filling up the DagBag from /home/airflow/.local/lib/python3.10/site-packages/airflow/example_dags/example_sensors.py
[2025-04-09T08:43:58.722+0000] {processor.py:840} INFO - DAG(s) 'example_sensors' retrieved from /home/airflow/.local/lib/python3.10/site-packages/airflow/example_dags/example_sensors.py
[2025-04-09T08:43:58.758+0000] {logging_mixin.py:188} INFO - [2025-04-09T08:43:58.758+0000] {dag.py:3047} INFO - Sync 1 DAGs
[2025-04-09T08:43:56.281+0000] {logging_mixin.py:188} INFO - [2025-04-09T08:43:56.281+0000] {dag.py:3834} INFO - Setting next_dagrun for example_sensors to None, run_after=None
[2025-04-09T08:43:56.311+0000] {processor.py:183} INFO - Processing /home/airflow/.local/lib/python3.10/site-packages/airflow/example_dags/example_sensors.py took 0.100 seconds
[2025-04-09T08:44:27.384+0000] {processor.py:161} INFO - Started process (PID=883) to work on /home/airflow/.local/lib/python3.10/site-packages/airflow/example_dags/example_sensors.py
[2025-04-09T08:44:27.387+0000] {processor.py:830} INFO - Processing file /home/airflow/.local/lib/python3.10/site-packages/airflow/example_dags/example_sensors.py for tasks to queue
[2025-04-09T08:44:27.392+0000] {logging_mixin.py:188} INFO - [2025-04-09T08:44:27.391+0000] {dagbag.py:540} INFO - Filling up the DagBag from /home/airflow/.local/lib/python3.10/site-packages/airflow/example_dags/example_sensors.py
[2025-04-09T08:44:27.417+0000] {processor.py:840} INFO - DAG(s) 'example_sensors' retrieved from /home/airflow/.local/lib/python3.10/site-packages/airflow/example_dags/example_sensors.py
[2025-04-09T08:44:27.465+0000] {logging_mixin.py:188} INFO - [2025-04-09T08:44:27.464+0000] {dag.py:3047} INFO - Sync 1 DAGs
[2025-04-09T08:44:27.489+0000] {logging_mixin.py:188} INFO - [2025-04-09T08:44:27.489+0000] {dag.py:3834} INFO - Setting next_dagrun for example_sensors to None, run_after=None
[2025-04-09T08:44:27.521+0000] {processor.py:183} INFO - Processing /home/airflow/.local/lib/python3.10/site-packages/airflow/example_dags/example_sensors.py took 0.143 seconds
[2025-04-09T08:44:57.581+0000] {processor.py:161} INFO - Started process (PID=944) to work on /home/airflow/.local/lib/python3.10/site-packages/airflow/example_dags/example_sensors.py
[2025-04-09T08:44:57.584+0000] {processor.py:830} INFO - Processing file /home/airflow/.local/lib/python3.10/site-packages/airflow/example_dags/example_sensors.py for tasks to queue
[2025-04-09T08:44:57.595+0000] {logging_mixin.py:188} INFO - [2025-04-09T08:44:57.595+0000] {dagbag.py:540} INFO - Filling up the DagBag from /home/airflow/.local/lib/python3.10/site-packages/airflow/example_dags/example_sensors.py
[2025-04-09T08:44:57.631+0000] {processor.py:840} INFO - DAG(s) 'example_sensors' retrieved from /home/airflow/.local/lib/python3.10/site-packages/airflow/example_dags/example_sensors.py
[2025-04-09T08:44:57.663+0000] {logging_mixin.py:188} INFO - [2025-04-09T08:44:57.663+0000] {dag.py:3047} INFO - Sync 1 DAGs
[2025-04-09T08:44:57.685+0000] {logging_mixin.py:188} INFO - [2025-04-09T08:44:57.685+0000] {dag.py:3834} INFO - Setting next_dagrun for example_sensors to None, run_after=None
[2025-04-09T08:44:57.721+0000] {processor.py:183} INFO - Processing /home/airflow/.local/lib/python3.10/site-packages/airflow/example_dags/example_sensors.py took 0.145 seconds
[2025-04-09T08:45:28.186+0000] {processor.py:161} INFO - Started process (PID=1012) to work on /home/airflow/.local/lib/python3.10/site-packages/airflow/example_dags/example_sensors.py
[2025-04-09T08:45:28.188+0000] {processor.py:830} INFO - Processing file /home/airflow/.local/lib/python3.10/site-packages/airflow/example_dags/example_sensors.py for tasks to queue
[2025-04-09T08:45:28.190+0000] {logging_mixin.py:188} INFO - [2025-04-09T08:45:28.190+0000] {dagbag.py:540} INFO - Filling up the DagBag from /home/airflow/.local/lib/python3.10/site-packages/airflow/example_dags/example_sensors.py
[2025-04-09T08:45:28.202+0000] {processor.py:840} INFO - DAG(s) 'example_sensors' retrieved from /home/airflow/.local/lib/python3.10/site-packages/airflow/example_dags/example_sensors.py
[2025-04-09T08:45:28.228+0000] {logging_mixin.py:188} INFO - [2025-04-09T08:45:28.227+0000] {dag.py:3047} INFO - Sync 1 DAGs
[2025-04-09T08:45:28.240+0000] {logging_mixin.py:188} INFO - [2025-04-09T08:45:28.240+0000] {dag.py:3834} INFO - Setting next_dagrun for example_sensors to None, run_after=None
[2025-04-09T08:45:28.262+0000] {processor.py:183} INFO - Processing /home/airflow/.local/lib/python3.10/site-packages/airflow/example_dags/example_sensors.py took 0.080 seconds
[2025-04-09T08:45:56.549+0000] {processor.py:161} INFO - Started process (PID=1086) to work on /home/airflow/.local/lib/python3.10/site-packages/airflow/example_dags/example_sensors.py
[2025-04-09T08:45:56.551+0000] {processor.py:830} INFO - Processing file /home/airflow/.local/lib/python3.10/site-packages/airflow/example_dags/example_sensors.py for tasks to queue
[2025-04-09T08:45:56.555+0000] {logging_mixin.py:188} INFO - [2025-04-09T08:45:56.555+0000] {dagbag.py:540} INFO - Filling up the DagBag from /home/airflow/.local/lib/python3.10/site-packages/airflow/example_dags/example_sensors.py
[2025-04-09T08:45:56.570+0000] {processor.py:840} INFO - DAG(s) 'example_sensors' retrieved from /home/airflow/.local/lib/python3.10/site-packages/airflow/example_dags/example_sensors.py
[2025-04-09T08:45:56.619+0000] {logging_mixin.py:188} INFO - [2025-04-09T08:45:56.619+0000] {dag.py:3047} INFO - Sync 1 DAGs
[2025-04-09T08:45:56.643+0000] {logging_mixin.py:188} INFO - [2025-04-09T08:45:56.643+0000] {dag.py:3834} INFO - Setting next_dagrun for example_sensors to None, run_after=None
[2025-04-09T08:45:56.681+0000] {processor.py:183} INFO - Processing /home/airflow/.local/lib/python3.10/site-packages/airflow/example_dags/example_sensors.py took 0.136 seconds
[2025-04-09T08:46:27.630+0000] {processor.py:161} INFO - Started process (PID=1137) to work on /home/airflow/.local/lib/python3.10/site-packages/airflow/example_dags/example_sensors.py
[2025-04-09T08:46:27.632+0000] {processor.py:830} INFO - Processing file /home/airflow/.local/lib/python3.10/site-packages/airflow/example_dags/example_sensors.py for tasks to queue
[2025-04-09T08:46:27.634+0000] {logging_mixin.py:188} INFO - [2025-04-09T08:46:27.634+0000] {dagbag.py:540} INFO - Filling up the DagBag from /home/airflow/.local/lib/python3.10/site-packages/airflow/example_dags/example_sensors.py
[2025-04-09T08:46:27.646+0000] {processor.py:840} INFO - DAG(s) 'example_sensors' retrieved from /home/airflow/.local/lib/python3.10/site-packages/airflow/example_dags/example_sensors.py
[2025-04-09T08:46:27.722+0000] {logging_mixin.py:188} INFO - [2025-04-09T08:46:27.722+0000] {dag.py:3047} INFO - Sync 1 DAGs
[2025-04-09T08:46:27.752+0000] {logging_mixin.py:188} INFO - [2025-04-09T08:46:27.751+0000] {dag.py:3834} INFO - Setting next_dagrun for example_sensors to None, run_after=None
[2025-04-09T08:46:27.786+0000] {processor.py:183} INFO - Processing /home/airflow/.local/lib/python3.10/site-packages/airflow/example_dags/example_sensors.py took 0.160 seconds
[2025-04-09T08:46:56.460+0000] {processor.py:161} INFO - Started process (PID=1205) to work on /home/airflow/.local/lib/python3.10/site-packages/airflow/example_dags/example_sensors.py
[2025-04-09T08:46:56.462+0000] {processor.py:830} INFO - Processing file /home/airflow/.local/lib/python3.10/site-packages/airflow/example_dags/example_sensors.py for tasks to queue
[2025-04-09T08:46:56.465+0000] {logging_mixin.py:188} INFO - [2025-04-09T08:46:56.464+0000] {dagbag.py:540} INFO - Filling up the DagBag from /home/airflow/.local/lib/python3.10/site-packages/airflow/example_dags/example_sensors.py
[2025-04-09T08:46:56.477+0000] {processor.py:840} INFO - DAG(s) 'example_sensors' retrieved from /home/airflow/.local/lib/python3.10/site-packages/airflow/example_dags/example_sensors.py
[2025-04-09T08:46:56.512+0000] {logging_mixin.py:188} INFO - [2025-04-09T08:46:56.511+0000] {dag.py:3047} INFO - Sync 1 DAGs
[2025-04-09T08:46:56.525+0000] {logging_mixin.py:188} INFO - [2025-04-09T08:46:56.525+0000] {dag.py:3834} INFO - Setting next_dagrun for example_sensors to None, run_after=None
[2025-04-09T08:46:56.552+0000] {processor.py:183} INFO - Processing /home/airflow/.local/lib/python3.10/site-packages/airflow/example_dags/example_sensors.py took 0.098 seconds
[2025-04-09T08:47:26.846+0000] {processor.py:161} INFO - Started process (PID=1247) to work on /home/airflow/.local/lib/python3.10/site-packages/airflow/example_dags/example_sensors.py
[2025-04-09T08:47:26.848+0000] {processor.py:830} INFO - Processing file /home/airflow/.local/lib/python3.10/site-packages/airflow/example_dags/example_sensors.py for tasks to queue
[2025-04-09T08:47:26.850+0000] {logging_mixin.py:188} INFO - [2025-04-09T08:47:26.850+0000] {dagbag.py:540} INFO - Filling up the DagBag from /home/airflow/.local/lib/python3.10/site-packages/airflow/example_dags/example_sensors.py
[2025-04-09T08:47:26.860+0000] {processor.py:840} INFO - DAG(s) 'example_sensors' retrieved from /home/airflow/.local/lib/python3.10/site-packages/airflow/example_dags/example_sensors.py
[2025-04-09T08:47:26.890+0000] {logging_mixin.py:188} INFO - [2025-04-09T08:47:26.889+0000] {dag.py:3047} INFO - Sync 1 DAGs
[2025-04-09T08:47:26.905+0000] {logging_mixin.py:188} INFO - [2025-04-09T08:47:26.905+0000] {dag.py:3834} INFO - Setting next_dagrun for example_sensors to None, run_after=None
[2025-04-09T08:47:26.936+0000] {processor.py:183} INFO - Processing /home/airflow/.local/lib/python3.10/site-packages/airflow/example_dags/example_sensors.py took 0.095 seconds
[2025-04-09T08:47:57.961+0000] {processor.py:161} INFO - Started process (PID=1313) to work on /home/airflow/.local/lib/python3.10/site-packages/airflow/example_dags/example_sensors.py
[2025-04-09T08:47:57.963+0000] {processor.py:830} INFO - Processing file /home/airflow/.local/lib/python3.10/site-packages/airflow/example_dags/example_sensors.py for tasks to queue
[2025-04-09T08:47:57.965+0000] {logging_mixin.py:188} INFO - [2025-04-09T08:47:57.965+0000] {dagbag.py:540} INFO - Filling up the DagBag from /home/airflow/.local/lib/python3.10/site-packages/airflow/example_dags/example_sensors.py
[2025-04-09T08:47:57.976+0000] {processor.py:840} INFO - DAG(s) 'example_sensors' retrieved from /home/airflow/.local/lib/python3.10/site-packages/airflow/example_dags/example_sensors.py
[2025-04-09T08:47:58.007+0000] {logging_mixin.py:188} INFO - [2025-04-09T08:47:58.007+0000] {dag.py:3047} INFO - Sync 1 DAGs
[2025-04-09T08:47:58.021+0000] {logging_mixin.py:188} INFO - [2025-04-09T08:47:58.021+0000] {dag.py:3834} INFO - Setting next_dagrun for example_sensors to None, run_after=None
[2025-04-09T08:47:58.044+0000] {processor.py:183} INFO - Processing /home/airflow/.local/lib/python3.10/site-packages/airflow/example_dags/example_sensors.py took 0.087 seconds
[2025-04-09T08:48:28.572+0000] {processor.py:161} INFO - Started process (PID=1386) to work on /home/airflow/.local/lib/python3.10/site-packages/airflow/example_dags/example_sensors.py
[2025-04-09T08:48:28.573+0000] {processor.py:830} INFO - Processing file /home/airflow/.local/lib/python3.10/site-packages/airflow/example_dags/example_sensors.py for tasks to queue
[2025-04-09T08:48:28.576+0000] {logging_mixin.py:188} INFO - [2025-04-09T08:48:28.576+0000] {dagbag.py:540} INFO - Filling up the DagBag from /home/airflow/.local/lib/python3.10/site-packages/airflow/example_dags/example_sensors.py
[2025-04-09T08:48:28.589+0000] {processor.py:840} INFO - DAG(s) 'example_sensors' retrieved from /home/airflow/.local/lib/python3.10/site-packages/airflow/example_dags/example_sensors.py
[2025-04-09T08:48:28.619+0000] {logging_mixin.py:188} INFO - [2025-04-09T08:48:28.618+0000] {dag.py:3047} INFO - Sync 1 DAGs
[2025-04-09T08:48:28.637+0000] {logging_mixin.py:188} INFO - [2025-04-09T08:48:28.636+0000] {dag.py:3834} INFO - Setting next_dagrun for example_sensors to None, run_after=None
[2025-04-09T08:48:28.664+0000] {processor.py:183} INFO - Processing /home/airflow/.local/lib/python3.10/site-packages/airflow/example_dags/example_sensors.py took 0.098 seconds
[2025-04-09T08:48:59.340+0000] {processor.py:161} INFO - Started process (PID=1456) to work on /home/airflow/.local/lib/python3.10/site-packages/airflow/example_dags/example_sensors.py
[2025-04-09T08:48:59.342+0000] {processor.py:830} INFO - Processing file /home/airflow/.local/lib/python3.10/site-packages/airflow/example_dags/example_sensors.py for tasks to queue
[2025-04-09T08:48:59.344+0000] {logging_mixin.py:188} INFO - [2025-04-09T08:48:59.344+0000] {dagbag.py:540} INFO - Filling up the DagBag from /home/airflow/.local/lib/python3.10/site-packages/airflow/example_dags/example_sensors.py
[2025-04-09T08:48:59.358+0000] {processor.py:840} INFO - DAG(s) 'example_sensors' retrieved from /home/airflow/.local/lib/python3.10/site-packages/airflow/example_dags/example_sensors.py
[2025-04-09T08:48:59.386+0000] {logging_mixin.py:188} INFO - [2025-04-09T08:48:59.386+0000] {dag.py:3047} INFO - Sync 1 DAGs
[2025-04-09T08:48:59.399+0000] {logging_mixin.py:188} INFO - [2025-04-09T08:48:59.398+0000] {dag.py:3834} INFO - Setting next_dagrun for example_sensors to None, run_after=None
[2025-04-09T08:48:59.419+0000] {processor.py:183} INFO - Processing /home/airflow/.local/lib/python3.10/site-packages/airflow/example_dags/example_sensors.py took 0.082 seconds
[2025-04-09T08:49:30.347+0000] {processor.py:161} INFO - Started process (PID=1522) to work on /home/airflow/.local/lib/python3.10/site-packages/airflow/example_dags/example_sensors.py
[2025-04-09T08:49:30.349+0000] {processor.py:830} INFO - Processing file /home/airflow/.local/lib/python3.10/site-packages/airflow/example_dags/example_sensors.py for tasks to queue
[2025-04-09T08:49:30.351+0000] {logging_mixin.py:188} INFO - [2025-04-09T08:49:30.351+0000] {dagbag.py:540} INFO - Filling up the DagBag from /home/airflow/.local/lib/python3.10/site-packages/airflow/example_dags/example_sensors.py
[2025-04-09T08:49:30.365+0000] {processor.py:840} INFO - DAG(s) 'example_sensors' retrieved from /home/airflow/.local/lib/python3.10/site-packages/airflow/example_dags/example_sensors.py
[2025-04-09T08:49:30.393+0000] {logging_mixin.py:188} INFO - [2025-04-09T08:49:30.392+0000] {dag.py:3047} INFO - Sync 1 DAGs
[2025-04-09T08:49:30.405+0000] {logging_mixin.py:188} INFO - [2025-04-09T08:49:30.405+0000] {dag.py:3834} INFO - Setting next_dagrun for example_sensors to None, run_after=None
[2025-04-09T08:49:30.426+0000] {processor.py:183} INFO - Processing /home/airflow/.local/lib/python3.10/site-packages/airflow/example_dags/example_sensors.py took 0.084 seconds
[2025-04-09T08:50:00.777+0000] {processor.py:161} INFO - Started process (PID=1584) to work on /home/airflow/.local/lib/python3.10/site-packages/airflow/example_dags/example_sensors.py
[2025-04-09T08:50:00.782+0000] {processor.py:830} INFO - Processing file /home/airflow/.local/lib/python3.10/site-packages/airflow/example_dags/example_sensors.py for tasks to queue
[2025-04-09T08:50:00.787+0000] {logging_mixin.py:188} INFO - [2025-04-09T08:50:00.786+0000] {dagbag.py:540} INFO - Filling up the DagBag from /home/airflow/.local/lib/python3.10/site-packages/airflow/example_dags/example_sensors.py
[2025-04-09T08:50:00.806+0000] {processor.py:840} INFO - DAG(s) 'example_sensors' retrieved from /home/airflow/.local/lib/python3.10/site-packages/airflow/example_dags/example_sensors.py
[2025-04-09T08:50:00.858+0000] {logging_mixin.py:188} INFO - [2025-04-09T08:50:00.857+0000] {dag.py:3047} INFO - Sync 1 DAGs
[2025-04-09T08:50:00.884+0000] {logging_mixin.py:188} INFO - [2025-04-09T08:50:00.884+0000] {dag.py:3834} INFO - Setting next_dagrun for example_sensors to None, run_after=None
[2025-04-09T08:50:00.912+0000] {processor.py:183} INFO - Processing /home/airflow/.local/lib/python3.10/site-packages/airflow/example_dags/example_sensors.py took 0.143 seconds
[2025-04-09T08:50:31.849+0000] {processor.py:161} INFO - Started process (PID=1646) to work on /home/airflow/.local/lib/python3.10/site-packages/airflow/example_dags/example_sensors.py
[2025-04-09T08:50:31.851+0000] {processor.py:830} INFO - Processing file /home/airflow/.local/lib/python3.10/site-packages/airflow/example_dags/example_sensors.py for tasks to queue
[2025-04-09T08:50:31.855+0000] {logging_mixin.py:188} INFO - [2025-04-09T08:50:31.855+0000] {dagbag.py:540} INFO - Filling up the DagBag from /home/airflow/.local/lib/python3.10/site-packages/airflow/example_dags/example_sensors.py
[2025-04-09T08:50:31.877+0000] {processor.py:840} INFO - DAG(s) 'example_sensors' retrieved from /home/airflow/.local/lib/python3.10/site-packages/airflow/example_dags/example_sensors.py
[2025-04-09T08:50:31.930+0000] {logging_mixin.py:188} INFO - [2025-04-09T08:50:31.930+0000] {dag.py:3047} INFO - Sync 1 DAGs
[2025-04-09T08:50:31.960+0000] {logging_mixin.py:188} INFO - [2025-04-09T08:50:31.959+0000] {dag.py:3834} INFO - Setting next_dagrun for example_sensors to None, run_after=None
[2025-04-09T08:50:31.996+0000] {processor.py:183} INFO - Processing /home/airflow/.local/lib/python3.10/site-packages/airflow/example_dags/example_sensors.py took 0.155 seconds
[2025-04-09T08:51:02.873+0000] {processor.py:161} INFO - Started process (PID=1715) to work on /home/airflow/.local/lib/python3.10/site-packages/airflow/example_dags/example_sensors.py
[2025-04-09T08:51:02.874+0000] {processor.py:830} INFO - Processing file /home/airflow/.local/lib/python3.10/site-packages/airflow/example_dags/example_sensors.py for tasks to queue
[2025-04-09T08:51:02.877+0000] {logging_mixin.py:188} INFO - [2025-04-09T08:51:02.877+0000] {dagbag.py:540} INFO - Filling up the DagBag from /home/airflow/.local/lib/python3.10/site-packages/airflow/example_dags/example_sensors.py
[2025-04-09T08:51:02.892+0000] {processor.py:840} INFO - DAG(s) 'example_sensors' retrieved from /home/airflow/.local/lib/python3.10/site-packages/airflow/example_dags/example_sensors.py
[2025-04-09T08:51:02.932+0000] {logging_mixin.py:188} INFO - [2025-04-09T08:51:02.932+0000] {dag.py:3047} INFO - Sync 1 DAGs
[2025-04-09T08:51:02.956+0000] {logging_mixin.py:188} INFO - [2025-04-09T08:51:02.955+0000] {dag.py:3834} INFO - Setting next_dagrun for example_sensors to None, run_after=None
[2025-04-09T08:51:02.992+0000] {processor.py:183} INFO - Processing /home/airflow/.local/lib/python3.10/site-packages/airflow/example_dags/example_sensors.py took 0.125 seconds
[2025-04-09T08:51:33.676+0000] {processor.py:161} INFO - Started process (PID=1777) to work on /home/airflow/.local/lib/python3.10/site-packages/airflow/example_dags/example_sensors.py
[2025-04-09T08:51:33.678+0000] {processor.py:830} INFO - Processing file /home/airflow/.local/lib/python3.10/site-packages/airflow/example_dags/example_sensors.py for tasks to queue
[2025-04-09T08:51:33.681+0000] {logging_mixin.py:188} INFO - [2025-04-09T08:51:33.681+0000] {dagbag.py:540} INFO - Filling up the DagBag from /home/airflow/.local/lib/python3.10/site-packages/airflow/example_dags/example_sensors.py
[2025-04-09T08:51:33.694+0000] {processor.py:840} INFO - DAG(s) 'example_sensors' retrieved from /home/airflow/.local/lib/python3.10/site-packages/airflow/example_dags/example_sensors.py
[2025-04-09T08:51:33.725+0000] {logging_mixin.py:188} INFO - [2025-04-09T08:51:33.724+0000] {dag.py:3047} INFO - Sync 1 DAGs
[2025-04-09T08:51:33.741+0000] {logging_mixin.py:188} INFO - [2025-04-09T08:51:33.740+0000] {dag.py:3834} INFO - Setting next_dagrun for example_sensors to None, run_after=None
[2025-04-09T08:51:33.938+0000] {processor.py:183} INFO - Processing /home/airflow/.local/lib/python3.10/site-packages/airflow/example_dags/example_sensors.py took 0.267 seconds
[2025-04-09T08:52:04.725+0000] {processor.py:161} INFO - Started process (PID=1839) to work on /home/airflow/.local/lib/python3.10/site-packages/airflow/example_dags/example_sensors.py
[2025-04-09T08:52:04.727+0000] {processor.py:830} INFO - Processing file /home/airflow/.local/lib/python3.10/site-packages/airflow/example_dags/example_sensors.py for tasks to queue
[2025-04-09T08:52:04.729+0000] {logging_mixin.py:188} INFO - [2025-04-09T08:52:04.729+0000] {dagbag.py:540} INFO - Filling up the DagBag from /home/airflow/.local/lib/python3.10/site-packages/airflow/example_dags/example_sensors.py
[2025-04-09T08:52:04.739+0000] {processor.py:840} INFO - DAG(s) 'example_sensors' retrieved from /home/airflow/.local/lib/python3.10/site-packages/airflow/example_dags/example_sensors.py
[2025-04-09T08:52:04.765+0000] {logging_mixin.py:188} INFO - [2025-04-09T08:52:04.765+0000] {dag.py:3047} INFO - Sync 1 DAGs
[2025-04-09T08:52:04.779+0000] {logging_mixin.py:188} INFO - [2025-04-09T08:52:04.779+0000] {dag.py:3834} INFO - Setting next_dagrun for example_sensors to None, run_after=None
[2025-04-09T08:52:04.801+0000] {processor.py:183} INFO - Processing /home/airflow/.local/lib/python3.10/site-packages/airflow/example_dags/example_sensors.py took 0.080 seconds
[2025-04-09T08:52:35.153+0000] {processor.py:161} INFO - Started process (PID=1901) to work on /home/airflow/.local/lib/python3.10/site-packages/airflow/example_dags/example_sensors.py
[2025-04-09T08:52:35.154+0000] {processor.py:830} INFO - Processing file /home/airflow/.local/lib/python3.10/site-packages/airflow/example_dags/example_sensors.py for tasks to queue
[2025-04-09T08:52:35.156+0000] {logging_mixin.py:188} INFO - [2025-04-09T08:52:35.156+0000] {dagbag.py:540} INFO - Filling up the DagBag from /home/airflow/.local/lib/python3.10/site-packages/airflow/example_dags/example_sensors.py
[2025-04-09T08:52:35.166+0000] {processor.py:840} INFO - DAG(s) 'example_sensors' retrieved from /home/airflow/.local/lib/python3.10/site-packages/airflow/example_dags/example_sensors.py
[2025-04-09T08:52:35.192+0000] {logging_mixin.py:188} INFO - [2025-04-09T08:52:35.192+0000] {dag.py:3047} INFO - Sync 1 DAGs
[2025-04-09T08:52:35.205+0000] {logging_mixin.py:188} INFO - [2025-04-09T08:52:35.205+0000] {dag.py:3834} INFO - Setting next_dagrun for example_sensors to None, run_after=None
[2025-04-09T08:52:35.227+0000] {processor.py:183} INFO - Processing /home/airflow/.local/lib/python3.10/site-packages/airflow/example_dags/example_sensors.py took 0.078 seconds
[2025-04-09T08:53:05.787+0000] {processor.py:161} INFO - Started process (PID=1963) to work on /home/airflow/.local/lib/python3.10/site-packages/airflow/example_dags/example_sensors.py
[2025-04-09T08:53:05.790+0000] {processor.py:830} INFO - Processing file /home/airflow/.local/lib/python3.10/site-packages/airflow/example_dags/example_sensors.py for tasks to queue
[2025-04-09T08:53:05.793+0000] {logging_mixin.py:188} INFO - [2025-04-09T08:53:05.793+0000] {dagbag.py:540} INFO - Filling up the DagBag from /home/airflow/.local/lib/python3.10/site-packages/airflow/example_dags/example_sensors.py
[2025-04-09T08:53:05.811+0000] {processor.py:840} INFO - DAG(s) 'example_sensors' retrieved from /home/airflow/.local/lib/python3.10/site-packages/airflow/example_dags/example_sensors.py
[2025-04-09T08:53:05.850+0000] {logging_mixin.py:188} INFO - [2025-04-09T08:53:05.849+0000] {dag.py:3047} INFO - Sync 1 DAGs
[2025-04-09T08:53:05.872+0000] {logging_mixin.py:188} INFO - [2025-04-09T08:53:05.872+0000] {dag.py:3834} INFO - Setting next_dagrun for example_sensors to None, run_after=None
[2025-04-09T08:53:05.901+0000] {processor.py:183} INFO - Processing /home/airflow/.local/lib/python3.10/site-packages/airflow/example_dags/example_sensors.py took 0.120 seconds
[2025-04-09T08:53:36.043+0000] {processor.py:161} INFO - Started process (PID=2025) to work on /home/airflow/.local/lib/python3.10/site-packages/airflow/example_dags/example_sensors.py
[2025-04-09T08:53:36.045+0000] {processor.py:830} INFO - Processing file /home/airflow/.local/lib/python3.10/site-packages/airflow/example_dags/example_sensors.py for tasks to queue
[2025-04-09T08:53:36.047+0000] {logging_mixin.py:188} INFO - [2025-04-09T08:53:36.047+0000] {dagbag.py:540} INFO - Filling up the DagBag from /home/airflow/.local/lib/python3.10/site-packages/airflow/example_dags/example_sensors.py
[2025-04-09T08:53:36.058+0000] {processor.py:840} INFO - DAG(s) 'example_sensors' retrieved from /home/airflow/.local/lib/python3.10/site-packages/airflow/example_dags/example_sensors.py
[2025-04-09T08:53:36.088+0000] {logging_mixin.py:188} INFO - [2025-04-09T08:53:36.088+0000] {dag.py:3047} INFO - Sync 1 DAGs
[2025-04-09T08:53:36.105+0000] {logging_mixin.py:188} INFO - [2025-04-09T08:53:36.105+0000] {dag.py:3834} INFO - Setting next_dagrun for example_sensors to None, run_after=None
[2025-04-09T08:53:36.133+0000] {processor.py:183} INFO - Processing /home/airflow/.local/lib/python3.10/site-packages/airflow/example_dags/example_sensors.py took 0.094 seconds
[2025-04-09T08:54:06.285+0000] {processor.py:161} INFO - Started process (PID=2087) to work on /home/airflow/.local/lib/python3.10/site-packages/airflow/example_dags/example_sensors.py
[2025-04-09T08:54:06.287+0000] {processor.py:830} INFO - Processing file /home/airflow/.local/lib/python3.10/site-packages/airflow/example_dags/example_sensors.py for tasks to queue
[2025-04-09T08:54:06.289+0000] {logging_mixin.py:188} INFO - [2025-04-09T08:54:06.289+0000] {dagbag.py:540} INFO - Filling up the DagBag from /home/airflow/.local/lib/python3.10/site-packages/airflow/example_dags/example_sensors.py
[2025-04-09T08:54:06.302+0000] {processor.py:840} INFO - DAG(s) 'example_sensors' retrieved from /home/airflow/.local/lib/python3.10/site-packages/airflow/example_dags/example_sensors.py
[2025-04-09T08:54:06.337+0000] {logging_mixin.py:188} INFO - [2025-04-09T08:54:06.336+0000] {dag.py:3047} INFO - Sync 1 DAGs
[2025-04-09T08:54:06.354+0000] {logging_mixin.py:188} INFO - [2025-04-09T08:54:06.353+0000] {dag.py:3834} INFO - Setting next_dagrun for example_sensors to None, run_after=None
[2025-04-09T08:54:06.379+0000] {processor.py:183} INFO - Processing /home/airflow/.local/lib/python3.10/site-packages/airflow/example_dags/example_sensors.py took 0.099 seconds
[2025-04-09T08:54:39.744+0000] {processor.py:161} INFO - Started process (PID=2149) to work on /home/airflow/.local/lib/python3.10/site-packages/airflow/example_dags/example_sensors.py
[2025-04-09T08:54:39.747+0000] {processor.py:830} INFO - Processing file /home/airflow/.local/lib/python3.10/site-packages/airflow/example_dags/example_sensors.py for tasks to queue
[2025-04-09T08:54:39.753+0000] {logging_mixin.py:188} INFO - [2025-04-09T08:54:39.751+0000] {dagbag.py:540} INFO - Filling up the DagBag from /home/airflow/.local/lib/python3.10/site-packages/airflow/example_dags/example_sensors.py
[2025-04-09T08:54:39.786+0000] {processor.py:840} INFO - DAG(s) 'example_sensors' retrieved from /home/airflow/.local/lib/python3.10/site-packages/airflow/example_dags/example_sensors.py
[2025-04-09T08:54:39.859+0000] {logging_mixin.py:188} INFO - [2025-04-09T08:54:39.858+0000] {dag.py:3047} INFO - Sync 1 DAGs
[2025-04-09T08:54:39.893+0000] {logging_mixin.py:188} INFO - [2025-04-09T08:54:39.892+0000] {dag.py:3834} INFO - Setting next_dagrun for example_sensors to None, run_after=None
[2025-04-09T08:54:39.941+0000] {processor.py:183} INFO - Processing /home/airflow/.local/lib/python3.10/site-packages/airflow/example_dags/example_sensors.py took 0.208 seconds
[2025-04-09T08:55:11.257+0000] {processor.py:161} INFO - Started process (PID=2211) to work on /home/airflow/.local/lib/python3.10/site-packages/airflow/example_dags/example_sensors.py
[2025-04-09T08:55:11.259+0000] {processor.py:830} INFO - Processing file /home/airflow/.local/lib/python3.10/site-packages/airflow/example_dags/example_sensors.py for tasks to queue
[2025-04-09T08:55:11.262+0000] {logging_mixin.py:188} INFO - [2025-04-09T08:55:11.262+0000] {dagbag.py:540} INFO - Filling up the DagBag from /home/airflow/.local/lib/python3.10/site-packages/airflow/example_dags/example_sensors.py
[2025-04-09T08:55:11.279+0000] {processor.py:840} INFO - DAG(s) 'example_sensors' retrieved from /home/airflow/.local/lib/python3.10/site-packages/airflow/example_dags/example_sensors.py
[2025-04-09T08:55:11.564+0000] {logging_mixin.py:188} INFO - [2025-04-09T08:55:11.563+0000] {dag.py:3047} INFO - Sync 1 DAGs
[2025-04-09T08:55:11.581+0000] {logging_mixin.py:188} INFO - [2025-04-09T08:55:11.581+0000] {dag.py:3834} INFO - Setting next_dagrun for example_sensors to None, run_after=None
[2025-04-09T08:55:11.615+0000] {processor.py:183} INFO - Processing /home/airflow/.local/lib/python3.10/site-packages/airflow/example_dags/example_sensors.py took 0.365 seconds
[2025-04-09T08:55:41.985+0000] {processor.py:161} INFO - Started process (PID=2279) to work on /home/airflow/.local/lib/python3.10/site-packages/airflow/example_dags/example_sensors.py
[2025-04-09T08:55:41.989+0000] {processor.py:830} INFO - Processing file /home/airflow/.local/lib/python3.10/site-packages/airflow/example_dags/example_sensors.py for tasks to queue
[2025-04-09T08:55:41.994+0000] {logging_mixin.py:188} INFO - [2025-04-09T08:55:41.993+0000] {dagbag.py:540} INFO - Filling up the DagBag from /home/airflow/.local/lib/python3.10/site-packages/airflow/example_dags/example_sensors.py
[2025-04-09T08:55:42.029+0000] {processor.py:840} INFO - DAG(s) 'example_sensors' retrieved from /home/airflow/.local/lib/python3.10/site-packages/airflow/example_dags/example_sensors.py
[2025-04-09T08:55:42.473+0000] {logging_mixin.py:188} INFO - [2025-04-09T08:55:42.473+0000] {dag.py:3047} INFO - Sync 1 DAGs
[2025-04-09T08:55:42.498+0000] {logging_mixin.py:188} INFO - [2025-04-09T08:55:42.497+0000] {dag.py:3834} INFO - Setting next_dagrun for example_sensors to None, run_after=None
[2025-04-09T08:55:42.538+0000] {processor.py:183} INFO - Processing /home/airflow/.local/lib/python3.10/site-packages/airflow/example_dags/example_sensors.py took 0.562 seconds
[2025-04-09T08:56:13.529+0000] {processor.py:161} INFO - Started process (PID=2342) to work on /home/airflow/.local/lib/python3.10/site-packages/airflow/example_dags/example_sensors.py
[2025-04-09T08:56:13.531+0000] {processor.py:830} INFO - Processing file /home/airflow/.local/lib/python3.10/site-packages/airflow/example_dags/example_sensors.py for tasks to queue
[2025-04-09T08:56:13.533+0000] {logging_mixin.py:188} INFO - [2025-04-09T08:56:13.533+0000] {dagbag.py:540} INFO - Filling up the DagBag from /home/airflow/.local/lib/python3.10/site-packages/airflow/example_dags/example_sensors.py
[2025-04-09T08:56:13.547+0000] {processor.py:840} INFO - DAG(s) 'example_sensors' retrieved from /home/airflow/.local/lib/python3.10/site-packages/airflow/example_dags/example_sensors.py
[2025-04-09T08:56:13.584+0000] {logging_mixin.py:188} INFO - [2025-04-09T08:56:13.583+0000] {dag.py:3047} INFO - Sync 1 DAGs
[2025-04-09T08:56:13.600+0000] {logging_mixin.py:188} INFO - [2025-04-09T08:56:13.600+0000] {dag.py:3834} INFO - Setting next_dagrun for example_sensors to None, run_after=None
[2025-04-09T08:56:13.627+0000] {processor.py:183} INFO - Processing /home/airflow/.local/lib/python3.10/site-packages/airflow/example_dags/example_sensors.py took 0.101 seconds
[2025-04-09T08:56:43.702+0000] {processor.py:161} INFO - Started process (PID=2403) to work on /home/airflow/.local/lib/python3.10/site-packages/airflow/example_dags/example_sensors.py
[2025-04-09T08:56:43.704+0000] {processor.py:830} INFO - Processing file /home/airflow/.local/lib/python3.10/site-packages/airflow/example_dags/example_sensors.py for tasks to queue
[2025-04-09T08:56:43.706+0000] {logging_mixin.py:188} INFO - [2025-04-09T08:56:43.706+0000] {dagbag.py:540} INFO - Filling up the DagBag from /home/airflow/.local/lib/python3.10/site-packages/airflow/example_dags/example_sensors.py
[2025-04-09T08:56:43.722+0000] {processor.py:840} INFO - DAG(s) 'example_sensors' retrieved from /home/airflow/.local/lib/python3.10/site-packages/airflow/example_dags/example_sensors.py
[2025-04-09T08:56:43.766+0000] {logging_mixin.py:188} INFO - [2025-04-09T08:56:43.766+0000] {dag.py:3047} INFO - Sync 1 DAGs
[2025-04-09T08:56:43.784+0000] {logging_mixin.py:188} INFO - [2025-04-09T08:56:43.784+0000] {dag.py:3834} INFO - Setting next_dagrun for example_sensors to None, run_after=None
[2025-04-09T08:56:43.811+0000] {processor.py:183} INFO - Processing /home/airflow/.local/lib/python3.10/site-packages/airflow/example_dags/example_sensors.py took 0.115 seconds
[2025-04-09T08:57:15.072+0000] {processor.py:161} INFO - Started process (PID=2467) to work on /home/airflow/.local/lib/python3.10/site-packages/airflow/example_dags/example_sensors.py
[2025-04-09T08:57:15.075+0000] {processor.py:830} INFO - Processing file /home/airflow/.local/lib/python3.10/site-packages/airflow/example_dags/example_sensors.py for tasks to queue
[2025-04-09T08:57:15.079+0000] {logging_mixin.py:188} INFO - [2025-04-09T08:57:15.079+0000] {dagbag.py:540} INFO - Filling up the DagBag from /home/airflow/.local/lib/python3.10/site-packages/airflow/example_dags/example_sensors.py
[2025-04-09T08:57:15.096+0000] {processor.py:840} INFO - DAG(s) 'example_sensors' retrieved from /home/airflow/.local/lib/python3.10/site-packages/airflow/example_dags/example_sensors.py
[2025-04-09T08:57:15.129+0000] {logging_mixin.py:188} INFO - [2025-04-09T08:57:15.129+0000] {dag.py:3047} INFO - Sync 1 DAGs
[2025-04-09T08:57:15.152+0000] {logging_mixin.py:188} INFO - [2025-04-09T08:57:15.151+0000] {dag.py:3834} INFO - Setting next_dagrun for example_sensors to None, run_after=None
[2025-04-09T08:57:15.186+0000] {processor.py:183} INFO - Processing /home/airflow/.local/lib/python3.10/site-packages/airflow/example_dags/example_sensors.py took 0.121 seconds
[2025-04-09T08:57:45.710+0000] {processor.py:161} INFO - Started process (PID=2529) to work on /home/airflow/.local/lib/python3.10/site-packages/airflow/example_dags/example_sensors.py
[2025-04-09T08:57:45.711+0000] {processor.py:830} INFO - Processing file /home/airflow/.local/lib/python3.10/site-packages/airflow/example_dags/example_sensors.py for tasks to queue
[2025-04-09T08:57:45.714+0000] {logging_mixin.py:188} INFO - [2025-04-09T08:57:45.713+0000] {dagbag.py:540} INFO - Filling up the DagBag from /home/airflow/.local/lib/python3.10/site-packages/airflow/example_dags/example_sensors.py
[2025-04-09T08:57:45.726+0000] {processor.py:840} INFO - DAG(s) 'example_sensors' retrieved from /home/airflow/.local/lib/python3.10/site-packages/airflow/example_dags/example_sensors.py
[2025-04-09T08:57:45.753+0000] {logging_mixin.py:188} INFO - [2025-04-09T08:57:45.753+0000] {dag.py:3047} INFO - Sync 1 DAGs
[2025-04-09T08:57:45.766+0000] {logging_mixin.py:188} INFO - [2025-04-09T08:57:45.766+0000] {dag.py:3834} INFO - Setting next_dagrun for example_sensors to None, run_after=None
[2025-04-09T08:57:45.788+0000] {processor.py:183} INFO - Processing /home/airflow/.local/lib/python3.10/site-packages/airflow/example_dags/example_sensors.py took 0.083 seconds
[2025-04-09T08:58:15.990+0000] {processor.py:161} INFO - Started process (PID=2591) to work on /home/airflow/.local/lib/python3.10/site-packages/airflow/example_dags/example_sensors.py
[2025-04-09T08:58:15.992+0000] {processor.py:830} INFO - Processing file /home/airflow/.local/lib/python3.10/site-packages/airflow/example_dags/example_sensors.py for tasks to queue
[2025-04-09T08:58:15.994+0000] {logging_mixin.py:188} INFO - [2025-04-09T08:58:15.994+0000] {dagbag.py:540} INFO - Filling up the DagBag from /home/airflow/.local/lib/python3.10/site-packages/airflow/example_dags/example_sensors.py
[2025-04-09T08:58:16.009+0000] {processor.py:840} INFO - DAG(s) 'example_sensors' retrieved from /home/airflow/.local/lib/python3.10/site-packages/airflow/example_dags/example_sensors.py
[2025-04-09T08:58:16.040+0000] {logging_mixin.py:188} INFO - [2025-04-09T08:58:16.039+0000] {dag.py:3047} INFO - Sync 1 DAGs
[2025-04-09T08:58:16.053+0000] {logging_mixin.py:188} INFO - [2025-04-09T08:58:16.052+0000] {dag.py:3834} INFO - Setting next_dagrun for example_sensors to None, run_after=None
[2025-04-09T08:58:16.078+0000] {processor.py:183} INFO - Processing /home/airflow/.local/lib/python3.10/site-packages/airflow/example_dags/example_sensors.py took 0.093 seconds
[2025-04-09T08:58:47.031+0000] {processor.py:161} INFO - Started process (PID=2653) to work on /home/airflow/.local/lib/python3.10/site-packages/airflow/example_dags/example_sensors.py
[2025-04-09T08:58:47.032+0000] {processor.py:830} INFO - Processing file /home/airflow/.local/lib/python3.10/site-packages/airflow/example_dags/example_sensors.py for tasks to queue
[2025-04-09T08:58:47.035+0000] {logging_mixin.py:188} INFO - [2025-04-09T08:58:47.034+0000] {dagbag.py:540} INFO - Filling up the DagBag from /home/airflow/.local/lib/python3.10/site-packages/airflow/example_dags/example_sensors.py
[2025-04-09T08:58:47.045+0000] {processor.py:840} INFO - DAG(s) 'example_sensors' retrieved from /home/airflow/.local/lib/python3.10/site-packages/airflow/example_dags/example_sensors.py
[2025-04-09T08:58:47.073+0000] {logging_mixin.py:188} INFO - [2025-04-09T08:58:47.072+0000] {dag.py:3047} INFO - Sync 1 DAGs
[2025-04-09T08:58:47.088+0000] {logging_mixin.py:188} INFO - [2025-04-09T08:58:47.088+0000] {dag.py:3834} INFO - Setting next_dagrun for example_sensors to None, run_after=None
[2025-04-09T08:58:47.112+0000] {processor.py:183} INFO - Processing /home/airflow/.local/lib/python3.10/site-packages/airflow/example_dags/example_sensors.py took 0.086 seconds
[2025-04-09T08:59:17.297+0000] {processor.py:161} INFO - Started process (PID=2715) to work on /home/airflow/.local/lib/python3.10/site-packages/airflow/example_dags/example_sensors.py
[2025-04-09T08:59:17.298+0000] {processor.py:830} INFO - Processing file /home/airflow/.local/lib/python3.10/site-packages/airflow/example_dags/example_sensors.py for tasks to queue
[2025-04-09T08:59:17.301+0000] {logging_mixin.py:188} INFO - [2025-04-09T08:59:17.300+0000] {dagbag.py:540} INFO - Filling up the DagBag from /home/airflow/.local/lib/python3.10/site-packages/airflow/example_dags/example_sensors.py
[2025-04-09T08:59:17.314+0000] {processor.py:840} INFO - DAG(s) 'example_sensors' retrieved from /home/airflow/.local/lib/python3.10/site-packages/airflow/example_dags/example_sensors.py
[2025-04-09T08:59:17.357+0000] {logging_mixin.py:188} INFO - [2025-04-09T08:59:17.356+0000] {dag.py:3047} INFO - Sync 1 DAGs
[2025-04-09T08:59:17.378+0000] {logging_mixin.py:188} INFO - [2025-04-09T08:59:17.378+0000] {dag.py:3834} INFO - Setting next_dagrun for example_sensors to None, run_after=None
[2025-04-09T08:59:17.411+0000] {processor.py:183} INFO - Processing /home/airflow/.local/lib/python3.10/site-packages/airflow/example_dags/example_sensors.py took 0.119 seconds
[2025-04-09T08:59:47.785+0000] {processor.py:161} INFO - Started process (PID=2777) to work on /home/airflow/.local/lib/python3.10/site-packages/airflow/example_dags/example_sensors.py
[2025-04-09T08:59:47.790+0000] {processor.py:830} INFO - Processing file /home/airflow/.local/lib/python3.10/site-packages/airflow/example_dags/example_sensors.py for tasks to queue
[2025-04-09T08:59:47.796+0000] {logging_mixin.py:188} INFO - [2025-04-09T08:59:47.794+0000] {dagbag.py:540} INFO - Filling up the DagBag from /home/airflow/.local/lib/python3.10/site-packages/airflow/example_dags/example_sensors.py
[2025-04-09T08:59:47.815+0000] {processor.py:840} INFO - DAG(s) 'example_sensors' retrieved from /home/airflow/.local/lib/python3.10/site-packages/airflow/example_dags/example_sensors.py
[2025-04-09T08:59:47.858+0000] {logging_mixin.py:188} INFO - [2025-04-09T08:59:47.858+0000] {dag.py:3047} INFO - Sync 1 DAGs
[2025-04-09T08:59:47.882+0000] {logging_mixin.py:188} INFO - [2025-04-09T08:59:47.882+0000] {dag.py:3834} INFO - Setting next_dagrun for example_sensors to None, run_after=None
[2025-04-09T08:59:47.919+0000] {processor.py:183} INFO - Processing /home/airflow/.local/lib/python3.10/site-packages/airflow/example_dags/example_sensors.py took 0.140 seconds
[2025-04-09T09:00:18.406+0000] {processor.py:161} INFO - Started process (PID=2839) to work on /home/airflow/.local/lib/python3.10/site-packages/airflow/example_dags/example_sensors.py
[2025-04-09T09:00:18.407+0000] {processor.py:830} INFO - Processing file /home/airflow/.local/lib/python3.10/site-packages/airflow/example_dags/example_sensors.py for tasks to queue
[2025-04-09T09:00:18.409+0000] {logging_mixin.py:188} INFO - [2025-04-09T09:00:18.409+0000] {dagbag.py:540} INFO - Filling up the DagBag from /home/airflow/.local/lib/python3.10/site-packages/airflow/example_dags/example_sensors.py
[2025-04-09T09:00:18.420+0000] {processor.py:840} INFO - DAG(s) 'example_sensors' retrieved from /home/airflow/.local/lib/python3.10/site-packages/airflow/example_dags/example_sensors.py
[2025-04-09T09:00:18.453+0000] {logging_mixin.py:188} INFO - [2025-04-09T09:00:18.453+0000] {dag.py:3047} INFO - Sync 1 DAGs
[2025-04-09T09:00:18.467+0000] {logging_mixin.py:188} INFO - [2025-04-09T09:00:18.467+0000] {dag.py:3834} INFO - Setting next_dagrun for example_sensors to None, run_after=None
[2025-04-09T09:00:18.493+0000] {processor.py:183} INFO - Processing /home/airflow/.local/lib/python3.10/site-packages/airflow/example_dags/example_sensors.py took 0.091 seconds
[2025-04-09T09:00:48.968+0000] {processor.py:161} INFO - Started process (PID=2907) to work on /home/airflow/.local/lib/python3.10/site-packages/airflow/example_dags/example_sensors.py
[2025-04-09T09:00:48.970+0000] {processor.py:830} INFO - Processing file /home/airflow/.local/lib/python3.10/site-packages/airflow/example_dags/example_sensors.py for tasks to queue
[2025-04-09T09:00:48.972+0000] {logging_mixin.py:188} INFO - [2025-04-09T09:00:48.972+0000] {dagbag.py:540} INFO - Filling up the DagBag from /home/airflow/.local/lib/python3.10/site-packages/airflow/example_dags/example_sensors.py
[2025-04-09T09:00:48.985+0000] {processor.py:840} INFO - DAG(s) 'example_sensors' retrieved from /home/airflow/.local/lib/python3.10/site-packages/airflow/example_dags/example_sensors.py
[2025-04-09T09:00:49.013+0000] {logging_mixin.py:188} INFO - [2025-04-09T09:00:49.013+0000] {dag.py:3047} INFO - Sync 1 DAGs
[2025-04-09T09:00:49.028+0000] {logging_mixin.py:188} INFO - [2025-04-09T09:00:49.027+0000] {dag.py:3834} INFO - Setting next_dagrun for example_sensors to None, run_after=None
[2025-04-09T09:00:49.053+0000] {processor.py:183} INFO - Processing /home/airflow/.local/lib/python3.10/site-packages/airflow/example_dags/example_sensors.py took 0.089 seconds
[2025-04-09T09:01:19.681+0000] {processor.py:161} INFO - Started process (PID=2969) to work on /home/airflow/.local/lib/python3.10/site-packages/airflow/example_dags/example_sensors.py
[2025-04-09T09:01:19.685+0000] {processor.py:830} INFO - Processing file /home/airflow/.local/lib/python3.10/site-packages/airflow/example_dags/example_sensors.py for tasks to queue
[2025-04-09T09:01:19.688+0000] {logging_mixin.py:188} INFO - [2025-04-09T09:01:19.687+0000] {dagbag.py:540} INFO - Filling up the DagBag from /home/airflow/.local/lib/python3.10/site-packages/airflow/example_dags/example_sensors.py
[2025-04-09T09:01:19.712+0000] {processor.py:840} INFO - DAG(s) 'example_sensors' retrieved from /home/airflow/.local/lib/python3.10/site-packages/airflow/example_dags/example_sensors.py
[2025-04-09T09:01:19.769+0000] {logging_mixin.py:188} INFO - [2025-04-09T09:01:19.769+0000] {dag.py:3047} INFO - Sync 1 DAGs
[2025-04-09T09:01:19.799+0000] {logging_mixin.py:188} INFO - [2025-04-09T09:01:19.798+0000] {dag.py:3834} INFO - Setting next_dagrun for example_sensors to None, run_after=None
[2025-04-09T09:01:19.852+0000] {processor.py:183} INFO - Processing /home/airflow/.local/lib/python3.10/site-packages/airflow/example_dags/example_sensors.py took 0.178 seconds
[2025-04-09T09:01:50.481+0000] {processor.py:161} INFO - Started process (PID=3031) to work on /home/airflow/.local/lib/python3.10/site-packages/airflow/example_dags/example_sensors.py
[2025-04-09T09:01:50.483+0000] {processor.py:830} INFO - Processing file /home/airflow/.local/lib/python3.10/site-packages/airflow/example_dags/example_sensors.py for tasks to queue
[2025-04-09T09:01:50.486+0000] {logging_mixin.py:188} INFO - [2025-04-09T09:01:50.485+0000] {dagbag.py:540} INFO - Filling up the DagBag from /home/airflow/.local/lib/python3.10/site-packages/airflow/example_dags/example_sensors.py
[2025-04-09T09:01:50.501+0000] {processor.py:840} INFO - DAG(s) 'example_sensors' retrieved from /home/airflow/.local/lib/python3.10/site-packages/airflow/example_dags/example_sensors.py
[2025-04-09T09:01:50.533+0000] {logging_mixin.py:188} INFO - [2025-04-09T09:01:50.532+0000] {dag.py:3047} INFO - Sync 1 DAGs
[2025-04-09T09:01:50.548+0000] {logging_mixin.py:188} INFO - [2025-04-09T09:01:50.547+0000] {dag.py:3834} INFO - Setting next_dagrun for example_sensors to None, run_after=None
[2025-04-09T09:01:50.572+0000] {processor.py:183} INFO - Processing /home/airflow/.local/lib/python3.10/site-packages/airflow/example_dags/example_sensors.py took 0.095 seconds
[2025-04-09T09:02:20.704+0000] {processor.py:161} INFO - Started process (PID=3093) to work on /home/airflow/.local/lib/python3.10/site-packages/airflow/example_dags/example_sensors.py
[2025-04-09T09:02:20.706+0000] {processor.py:830} INFO - Processing file /home/airflow/.local/lib/python3.10/site-packages/airflow/example_dags/example_sensors.py for tasks to queue
[2025-04-09T09:02:20.709+0000] {logging_mixin.py:188} INFO - [2025-04-09T09:02:20.708+0000] {dagbag.py:540} INFO - Filling up the DagBag from /home/airflow/.local/lib/python3.10/site-packages/airflow/example_dags/example_sensors.py
[2025-04-09T09:02:20.723+0000] {processor.py:840} INFO - DAG(s) 'example_sensors' retrieved from /home/airflow/.local/lib/python3.10/site-packages/airflow/example_dags/example_sensors.py
[2025-04-09T09:02:20.760+0000] {logging_mixin.py:188} INFO - [2025-04-09T09:02:20.760+0000] {dag.py:3047} INFO - Sync 1 DAGs
[2025-04-09T09:02:20.779+0000] {logging_mixin.py:188} INFO - [2025-04-09T09:02:20.779+0000] {dag.py:3834} INFO - Setting next_dagrun for example_sensors to None, run_after=None
[2025-04-09T09:02:20.808+0000] {processor.py:183} INFO - Processing /home/airflow/.local/lib/python3.10/site-packages/airflow/example_dags/example_sensors.py took 0.108 seconds
[2025-04-09T09:02:50.909+0000] {processor.py:161} INFO - Started process (PID=3155) to work on /home/airflow/.local/lib/python3.10/site-packages/airflow/example_dags/example_sensors.py
[2025-04-09T09:02:50.910+0000] {processor.py:830} INFO - Processing file /home/airflow/.local/lib/python3.10/site-packages/airflow/example_dags/example_sensors.py for tasks to queue
[2025-04-09T09:02:50.913+0000] {logging_mixin.py:188} INFO - [2025-04-09T09:02:50.912+0000] {dagbag.py:540} INFO - Filling up the DagBag from /home/airflow/.local/lib/python3.10/site-packages/airflow/example_dags/example_sensors.py
[2025-04-09T09:02:50.924+0000] {processor.py:840} INFO - DAG(s) 'example_sensors' retrieved from /home/airflow/.local/lib/python3.10/site-packages/airflow/example_dags/example_sensors.py
[2025-04-09T09:02:50.953+0000] {logging_mixin.py:188} INFO - [2025-04-09T09:02:50.953+0000] {dag.py:3047} INFO - Sync 1 DAGs
[2025-04-09T09:02:50.966+0000] {logging_mixin.py:188} INFO - [2025-04-09T09:02:50.965+0000] {dag.py:3834} INFO - Setting next_dagrun for example_sensors to None, run_after=None
[2025-04-09T09:02:50.992+0000] {processor.py:183} INFO - Processing /home/airflow/.local/lib/python3.10/site-packages/airflow/example_dags/example_sensors.py took 0.087 seconds
[2025-04-09T09:03:21.120+0000] {processor.py:161} INFO - Started process (PID=3216) to work on /home/airflow/.local/lib/python3.10/site-packages/airflow/example_dags/example_sensors.py
[2025-04-09T09:03:21.122+0000] {processor.py:830} INFO - Processing file /home/airflow/.local/lib/python3.10/site-packages/airflow/example_dags/example_sensors.py for tasks to queue
[2025-04-09T09:03:21.126+0000] {logging_mixin.py:188} INFO - [2025-04-09T09:03:21.125+0000] {dagbag.py:540} INFO - Filling up the DagBag from /home/airflow/.local/lib/python3.10/site-packages/airflow/example_dags/example_sensors.py
[2025-04-09T09:03:21.138+0000] {processor.py:840} INFO - DAG(s) 'example_sensors' retrieved from /home/airflow/.local/lib/python3.10/site-packages/airflow/example_dags/example_sensors.py
[2025-04-09T09:03:21.167+0000] {logging_mixin.py:188} INFO - [2025-04-09T09:03:21.166+0000] {dag.py:3047} INFO - Sync 1 DAGs
[2025-04-09T09:03:21.180+0000] {logging_mixin.py:188} INFO - [2025-04-09T09:03:21.180+0000] {dag.py:3834} INFO - Setting next_dagrun for example_sensors to None, run_after=None
[2025-04-09T09:03:21.205+0000] {processor.py:183} INFO - Processing /home/airflow/.local/lib/python3.10/site-packages/airflow/example_dags/example_sensors.py took 0.092 seconds
[2025-04-09T09:03:51.310+0000] {processor.py:161} INFO - Started process (PID=3278) to work on /home/airflow/.local/lib/python3.10/site-packages/airflow/example_dags/example_sensors.py
[2025-04-09T09:03:51.312+0000] {processor.py:830} INFO - Processing file /home/airflow/.local/lib/python3.10/site-packages/airflow/example_dags/example_sensors.py for tasks to queue
[2025-04-09T09:03:51.314+0000] {logging_mixin.py:188} INFO - [2025-04-09T09:03:51.314+0000] {dagbag.py:540} INFO - Filling up the DagBag from /home/airflow/.local/lib/python3.10/site-packages/airflow/example_dags/example_sensors.py
[2025-04-09T09:03:51.324+0000] {processor.py:840} INFO - DAG(s) 'example_sensors' retrieved from /home/airflow/.local/lib/python3.10/site-packages/airflow/example_dags/example_sensors.py
[2025-04-09T09:03:51.353+0000] {logging_mixin.py:188} INFO - [2025-04-09T09:03:51.352+0000] {dag.py:3047} INFO - Sync 1 DAGs
[2025-04-09T09:03:51.367+0000] {logging_mixin.py:188} INFO - [2025-04-09T09:03:51.367+0000] {dag.py:3834} INFO - Setting next_dagrun for example_sensors to None, run_after=None
[2025-04-09T09:03:51.389+0000] {processor.py:183} INFO - Processing /home/airflow/.local/lib/python3.10/site-packages/airflow/example_dags/example_sensors.py took 0.084 seconds
[2025-04-09T09:04:21.632+0000] {processor.py:161} INFO - Started process (PID=3340) to work on /home/airflow/.local/lib/python3.10/site-packages/airflow/example_dags/example_sensors.py
[2025-04-09T09:04:21.633+0000] {processor.py:830} INFO - Processing file /home/airflow/.local/lib/python3.10/site-packages/airflow/example_dags/example_sensors.py for tasks to queue
[2025-04-09T09:04:21.636+0000] {logging_mixin.py:188} INFO - [2025-04-09T09:04:21.635+0000] {dagbag.py:540} INFO - Filling up the DagBag from /home/airflow/.local/lib/python3.10/site-packages/airflow/example_dags/example_sensors.py
[2025-04-09T09:04:21.649+0000] {processor.py:840} INFO - DAG(s) 'example_sensors' retrieved from /home/airflow/.local/lib/python3.10/site-packages/airflow/example_dags/example_sensors.py
[2025-04-09T09:04:21.678+0000] {logging_mixin.py:188} INFO - [2025-04-09T09:04:21.678+0000] {dag.py:3047} INFO - Sync 1 DAGs
[2025-04-09T09:04:21.692+0000] {logging_mixin.py:188} INFO - [2025-04-09T09:04:21.692+0000] {dag.py:3834} INFO - Setting next_dagrun for example_sensors to None, run_after=None
[2025-04-09T09:04:21.721+0000] {processor.py:183} INFO - Processing /home/airflow/.local/lib/python3.10/site-packages/airflow/example_dags/example_sensors.py took 0.094 seconds
[2025-04-09T09:04:51.802+0000] {processor.py:161} INFO - Started process (PID=3402) to work on /home/airflow/.local/lib/python3.10/site-packages/airflow/example_dags/example_sensors.py
[2025-04-09T09:04:51.804+0000] {processor.py:830} INFO - Processing file /home/airflow/.local/lib/python3.10/site-packages/airflow/example_dags/example_sensors.py for tasks to queue
[2025-04-09T09:04:51.807+0000] {logging_mixin.py:188} INFO - [2025-04-09T09:04:51.806+0000] {dagbag.py:540} INFO - Filling up the DagBag from /home/airflow/.local/lib/python3.10/site-packages/airflow/example_dags/example_sensors.py
[2025-04-09T09:04:51.818+0000] {processor.py:840} INFO - DAG(s) 'example_sensors' retrieved from /home/airflow/.local/lib/python3.10/site-packages/airflow/example_dags/example_sensors.py
[2025-04-09T09:04:51.844+0000] {logging_mixin.py:188} INFO - [2025-04-09T09:04:51.844+0000] {dag.py:3047} INFO - Sync 1 DAGs
[2025-04-09T09:04:51.859+0000] {logging_mixin.py:188} INFO - [2025-04-09T09:04:51.859+0000] {dag.py:3834} INFO - Setting next_dagrun for example_sensors to None, run_after=None
[2025-04-09T09:04:51.883+0000] {processor.py:183} INFO - Processing /home/airflow/.local/lib/python3.10/site-packages/airflow/example_dags/example_sensors.py took 0.086 seconds
[2025-04-09T09:05:22.357+0000] {processor.py:161} INFO - Started process (PID=3464) to work on /home/airflow/.local/lib/python3.10/site-packages/airflow/example_dags/example_sensors.py
[2025-04-09T09:05:22.359+0000] {processor.py:830} INFO - Processing file /home/airflow/.local/lib/python3.10/site-packages/airflow/example_dags/example_sensors.py for tasks to queue
[2025-04-09T09:05:22.361+0000] {logging_mixin.py:188} INFO - [2025-04-09T09:05:22.361+0000] {dagbag.py:540} INFO - Filling up the DagBag from /home/airflow/.local/lib/python3.10/site-packages/airflow/example_dags/example_sensors.py
[2025-04-09T09:05:22.373+0000] {processor.py:840} INFO - DAG(s) 'example_sensors' retrieved from /home/airflow/.local/lib/python3.10/site-packages/airflow/example_dags/example_sensors.py
[2025-04-09T09:05:22.399+0000] {logging_mixin.py:188} INFO - [2025-04-09T09:05:22.399+0000] {dag.py:3047} INFO - Sync 1 DAGs
[2025-04-09T09:05:22.413+0000] {logging_mixin.py:188} INFO - [2025-04-09T09:05:22.413+0000] {dag.py:3834} INFO - Setting next_dagrun for example_sensors to None, run_after=None
[2025-04-09T09:05:22.436+0000] {processor.py:183} INFO - Processing /home/airflow/.local/lib/python3.10/site-packages/airflow/example_dags/example_sensors.py took 0.085 seconds
[2025-04-09T09:05:52.547+0000] {processor.py:161} INFO - Started process (PID=3526) to work on /home/airflow/.local/lib/python3.10/site-packages/airflow/example_dags/example_sensors.py
[2025-04-09T09:05:52.549+0000] {processor.py:830} INFO - Processing file /home/airflow/.local/lib/python3.10/site-packages/airflow/example_dags/example_sensors.py for tasks to queue
[2025-04-09T09:05:52.551+0000] {logging_mixin.py:188} INFO - [2025-04-09T09:05:52.550+0000] {dagbag.py:540} INFO - Filling up the DagBag from /home/airflow/.local/lib/python3.10/site-packages/airflow/example_dags/example_sensors.py
[2025-04-09T09:05:52.576+0000] {processor.py:840} INFO - DAG(s) 'example_sensors' retrieved from /home/airflow/.local/lib/python3.10/site-packages/airflow/example_dags/example_sensors.py
[2025-04-09T09:05:52.622+0000] {logging_mixin.py:188} INFO - [2025-04-09T09:05:52.622+0000] {dag.py:3047} INFO - Sync 1 DAGs
[2025-04-09T09:05:52.650+0000] {logging_mixin.py:188} INFO - [2025-04-09T09:05:52.649+0000] {dag.py:3834} INFO - Setting next_dagrun for example_sensors to None, run_after=None
[2025-04-09T09:05:52.689+0000] {processor.py:183} INFO - Processing /home/airflow/.local/lib/python3.10/site-packages/airflow/example_dags/example_sensors.py took 0.147 seconds
[2025-04-09T09:06:22.796+0000] {processor.py:161} INFO - Started process (PID=3593) to work on /home/airflow/.local/lib/python3.10/site-packages/airflow/example_dags/example_sensors.py
[2025-04-09T09:06:22.798+0000] {processor.py:830} INFO - Processing file /home/airflow/.local/lib/python3.10/site-packages/airflow/example_dags/example_sensors.py for tasks to queue
[2025-04-09T09:06:22.800+0000] {logging_mixin.py:188} INFO - [2025-04-09T09:06:22.799+0000] {dagbag.py:540} INFO - Filling up the DagBag from /home/airflow/.local/lib/python3.10/site-packages/airflow/example_dags/example_sensors.py
[2025-04-09T09:06:22.811+0000] {processor.py:840} INFO - DAG(s) 'example_sensors' retrieved from /home/airflow/.local/lib/python3.10/site-packages/airflow/example_dags/example_sensors.py
[2025-04-09T09:06:22.842+0000] {logging_mixin.py:188} INFO - [2025-04-09T09:06:22.841+0000] {dag.py:3047} INFO - Sync 1 DAGs
[2025-04-09T09:06:22.855+0000] {logging_mixin.py:188} INFO - [2025-04-09T09:06:22.854+0000] {dag.py:3834} INFO - Setting next_dagrun for example_sensors to None, run_after=None
[2025-04-09T09:06:22.881+0000] {processor.py:183} INFO - Processing /home/airflow/.local/lib/python3.10/site-packages/airflow/example_dags/example_sensors.py took 0.092 seconds
[2025-04-09T09:06:52.996+0000] {processor.py:161} INFO - Started process (PID=3654) to work on /home/airflow/.local/lib/python3.10/site-packages/airflow/example_dags/example_sensors.py
[2025-04-09T09:06:52.997+0000] {processor.py:830} INFO - Processing file /home/airflow/.local/lib/python3.10/site-packages/airflow/example_dags/example_sensors.py for tasks to queue
[2025-04-09T09:06:52.998+0000] {logging_mixin.py:188} INFO - [2025-04-09T09:06:52.998+0000] {dagbag.py:540} INFO - Filling up the DagBag from /home/airflow/.local/lib/python3.10/site-packages/airflow/example_dags/example_sensors.py
[2025-04-09T09:06:53.011+0000] {processor.py:840} INFO - DAG(s) 'example_sensors' retrieved from /home/airflow/.local/lib/python3.10/site-packages/airflow/example_dags/example_sensors.py
[2025-04-09T09:06:53.043+0000] {logging_mixin.py:188} INFO - [2025-04-09T09:06:53.043+0000] {dag.py:3047} INFO - Sync 1 DAGs
[2025-04-09T09:06:53.059+0000] {logging_mixin.py:188} INFO - [2025-04-09T09:06:53.059+0000] {dag.py:3834} INFO - Setting next_dagrun for example_sensors to None, run_after=None
[2025-04-09T09:06:53.082+0000] {processor.py:183} INFO - Processing /home/airflow/.local/lib/python3.10/site-packages/airflow/example_dags/example_sensors.py took 0.092 seconds
[2025-04-09T09:07:23.544+0000] {processor.py:161} INFO - Started process (PID=3715) to work on /home/airflow/.local/lib/python3.10/site-packages/airflow/example_dags/example_sensors.py
[2025-04-09T09:07:23.547+0000] {processor.py:830} INFO - Processing file /home/airflow/.local/lib/python3.10/site-packages/airflow/example_dags/example_sensors.py for tasks to queue
[2025-04-09T09:07:23.548+0000] {logging_mixin.py:188} INFO - [2025-04-09T09:07:23.548+0000] {dagbag.py:540} INFO - Filling up the DagBag from /home/airflow/.local/lib/python3.10/site-packages/airflow/example_dags/example_sensors.py
[2025-04-09T09:07:23.568+0000] {processor.py:840} INFO - DAG(s) 'example_sensors' retrieved from /home/airflow/.local/lib/python3.10/site-packages/airflow/example_dags/example_sensors.py
[2025-04-09T09:07:23.614+0000] {logging_mixin.py:188} INFO - [2025-04-09T09:07:23.614+0000] {dag.py:3047} INFO - Sync 1 DAGs
[2025-04-09T09:07:23.639+0000] {logging_mixin.py:188} INFO - [2025-04-09T09:07:23.639+0000] {dag.py:3834} INFO - Setting next_dagrun for example_sensors to None, run_after=None
[2025-04-09T09:07:23.678+0000] {processor.py:183} INFO - Processing /home/airflow/.local/lib/python3.10/site-packages/airflow/example_dags/example_sensors.py took 0.146 seconds
[2025-04-09T09:07:54.049+0000] {processor.py:161} INFO - Started process (PID=3776) to work on /home/airflow/.local/lib/python3.10/site-packages/airflow/example_dags/example_sensors.py
[2025-04-09T09:07:54.051+0000] {processor.py:830} INFO - Processing file /home/airflow/.local/lib/python3.10/site-packages/airflow/example_dags/example_sensors.py for tasks to queue
[2025-04-09T09:07:54.053+0000] {logging_mixin.py:188} INFO - [2025-04-09T09:07:54.052+0000] {dagbag.py:540} INFO - Filling up the DagBag from /home/airflow/.local/lib/python3.10/site-packages/airflow/example_dags/example_sensors.py
[2025-04-09T09:07:54.066+0000] {processor.py:840} INFO - DAG(s) 'example_sensors' retrieved from /home/airflow/.local/lib/python3.10/site-packages/airflow/example_dags/example_sensors.py
[2025-04-09T09:07:54.100+0000] {logging_mixin.py:188} INFO - [2025-04-09T09:07:54.099+0000] {dag.py:3047} INFO - Sync 1 DAGs
[2025-04-09T09:07:54.115+0000] {logging_mixin.py:188} INFO - [2025-04-09T09:07:54.115+0000] {dag.py:3834} INFO - Setting next_dagrun for example_sensors to None, run_after=None
[2025-04-09T09:07:54.140+0000] {processor.py:183} INFO - Processing /home/airflow/.local/lib/python3.10/site-packages/airflow/example_dags/example_sensors.py took 0.096 seconds
[2025-04-09T09:08:24.689+0000] {processor.py:161} INFO - Started process (PID=3838) to work on /home/airflow/.local/lib/python3.10/site-packages/airflow/example_dags/example_sensors.py
[2025-04-09T09:08:24.691+0000] {processor.py:830} INFO - Processing file /home/airflow/.local/lib/python3.10/site-packages/airflow/example_dags/example_sensors.py for tasks to queue
[2025-04-09T09:08:24.693+0000] {logging_mixin.py:188} INFO - [2025-04-09T09:08:24.692+0000] {dagbag.py:540} INFO - Filling up the DagBag from /home/airflow/.local/lib/python3.10/site-packages/airflow/example_dags/example_sensors.py
[2025-04-09T09:08:24.712+0000] {processor.py:840} INFO - DAG(s) 'example_sensors' retrieved from /home/airflow/.local/lib/python3.10/site-packages/airflow/example_dags/example_sensors.py
[2025-04-09T09:08:24.749+0000] {logging_mixin.py:188} INFO - [2025-04-09T09:08:24.749+0000] {dag.py:3047} INFO - Sync 1 DAGs
[2025-04-09T09:08:24.764+0000] {logging_mixin.py:188} INFO - [2025-04-09T09:08:24.764+0000] {dag.py:3834} INFO - Setting next_dagrun for example_sensors to None, run_after=None
[2025-04-09T09:08:24.801+0000] {processor.py:183} INFO - Processing /home/airflow/.local/lib/python3.10/site-packages/airflow/example_dags/example_sensors.py took 0.119 seconds
[2025-04-09T09:08:55.030+0000] {processor.py:161} INFO - Started process (PID=3900) to work on /home/airflow/.local/lib/python3.10/site-packages/airflow/example_dags/example_sensors.py
[2025-04-09T09:08:55.032+0000] {processor.py:830} INFO - Processing file /home/airflow/.local/lib/python3.10/site-packages/airflow/example_dags/example_sensors.py for tasks to queue
[2025-04-09T09:08:55.033+0000] {logging_mixin.py:188} INFO - [2025-04-09T09:08:55.033+0000] {dagbag.py:540} INFO - Filling up the DagBag from /home/airflow/.local/lib/python3.10/site-packages/airflow/example_dags/example_sensors.py
[2025-04-09T09:08:55.047+0000] {processor.py:840} INFO - DAG(s) 'example_sensors' retrieved from /home/airflow/.local/lib/python3.10/site-packages/airflow/example_dags/example_sensors.py
[2025-04-09T09:08:55.078+0000] {logging_mixin.py:188} INFO - [2025-04-09T09:08:55.078+0000] {dag.py:3047} INFO - Sync 1 DAGs
[2025-04-09T09:08:55.093+0000] {logging_mixin.py:188} INFO - [2025-04-09T09:08:55.092+0000] {dag.py:3834} INFO - Setting next_dagrun for example_sensors to None, run_after=None
[2025-04-09T09:08:55.119+0000] {processor.py:183} INFO - Processing /home/airflow/.local/lib/python3.10/site-packages/airflow/example_dags/example_sensors.py took 0.095 seconds
[2025-04-09T09:09:25.570+0000] {processor.py:161} INFO - Started process (PID=3962) to work on /home/airflow/.local/lib/python3.10/site-packages/airflow/example_dags/example_sensors.py
[2025-04-09T09:09:25.572+0000] {processor.py:830} INFO - Processing file /home/airflow/.local/lib/python3.10/site-packages/airflow/example_dags/example_sensors.py for tasks to queue
[2025-04-09T09:09:25.574+0000] {logging_mixin.py:188} INFO - [2025-04-09T09:09:25.573+0000] {dagbag.py:540} INFO - Filling up the DagBag from /home/airflow/.local/lib/python3.10/site-packages/airflow/example_dags/example_sensors.py
[2025-04-09T09:09:25.591+0000] {processor.py:840} INFO - DAG(s) 'example_sensors' retrieved from /home/airflow/.local/lib/python3.10/site-packages/airflow/example_dags/example_sensors.py
[2025-04-09T09:09:25.625+0000] {logging_mixin.py:188} INFO - [2025-04-09T09:09:25.625+0000] {dag.py:3047} INFO - Sync 1 DAGs
[2025-04-09T09:09:25.641+0000] {logging_mixin.py:188} INFO - [2025-04-09T09:09:25.640+0000] {dag.py:3834} INFO - Setting next_dagrun for example_sensors to None, run_after=None
[2025-04-09T09:09:25.665+0000] {processor.py:183} INFO - Processing /home/airflow/.local/lib/python3.10/site-packages/airflow/example_dags/example_sensors.py took 0.101 seconds
[2025-04-09T09:09:55.695+0000] {processor.py:161} INFO - Started process (PID=4023) to work on /home/airflow/.local/lib/python3.10/site-packages/airflow/example_dags/example_sensors.py
[2025-04-09T09:09:55.696+0000] {processor.py:830} INFO - Processing file /home/airflow/.local/lib/python3.10/site-packages/airflow/example_dags/example_sensors.py for tasks to queue
[2025-04-09T09:09:55.698+0000] {logging_mixin.py:188} INFO - [2025-04-09T09:09:55.697+0000] {dagbag.py:540} INFO - Filling up the DagBag from /home/airflow/.local/lib/python3.10/site-packages/airflow/example_dags/example_sensors.py
[2025-04-09T09:09:55.709+0000] {processor.py:840} INFO - DAG(s) 'example_sensors' retrieved from /home/airflow/.local/lib/python3.10/site-packages/airflow/example_dags/example_sensors.py
[2025-04-09T09:09:55.736+0000] {logging_mixin.py:188} INFO - [2025-04-09T09:09:55.736+0000] {dag.py:3047} INFO - Sync 1 DAGs
[2025-04-09T09:09:55.749+0000] {logging_mixin.py:188} INFO - [2025-04-09T09:09:55.749+0000] {dag.py:3834} INFO - Setting next_dagrun for example_sensors to None, run_after=None
[2025-04-09T09:09:55.773+0000] {processor.py:183} INFO - Processing /home/airflow/.local/lib/python3.10/site-packages/airflow/example_dags/example_sensors.py took 0.082 seconds
[2025-04-09T09:10:26.700+0000] {processor.py:161} INFO - Started process (PID=4086) to work on /home/airflow/.local/lib/python3.10/site-packages/airflow/example_dags/example_sensors.py
[2025-04-09T09:10:26.701+0000] {processor.py:830} INFO - Processing file /home/airflow/.local/lib/python3.10/site-packages/airflow/example_dags/example_sensors.py for tasks to queue
[2025-04-09T09:10:26.703+0000] {logging_mixin.py:188} INFO - [2025-04-09T09:10:26.702+0000] {dagbag.py:540} INFO - Filling up the DagBag from /home/airflow/.local/lib/python3.10/site-packages/airflow/example_dags/example_sensors.py
[2025-04-09T09:10:26.714+0000] {processor.py:840} INFO - DAG(s) 'example_sensors' retrieved from /home/airflow/.local/lib/python3.10/site-packages/airflow/example_dags/example_sensors.py
[2025-04-09T09:10:26.744+0000] {logging_mixin.py:188} INFO - [2025-04-09T09:10:26.744+0000] {dag.py:3047} INFO - Sync 1 DAGs
[2025-04-09T09:10:26.760+0000] {logging_mixin.py:188} INFO - [2025-04-09T09:10:26.760+0000] {dag.py:3834} INFO - Setting next_dagrun for example_sensors to None, run_after=None
[2025-04-09T09:10:26.785+0000] {processor.py:183} INFO - Processing /home/airflow/.local/lib/python3.10/site-packages/airflow/example_dags/example_sensors.py took 0.090 seconds
[2025-04-09T09:10:57.007+0000] {processor.py:161} INFO - Started process (PID=4148) to work on /home/airflow/.local/lib/python3.10/site-packages/airflow/example_dags/example_sensors.py
[2025-04-09T09:10:57.009+0000] {processor.py:830} INFO - Processing file /home/airflow/.local/lib/python3.10/site-packages/airflow/example_dags/example_sensors.py for tasks to queue
[2025-04-09T09:10:57.010+0000] {logging_mixin.py:188} INFO - [2025-04-09T09:10:57.009+0000] {dagbag.py:540} INFO - Filling up the DagBag from /home/airflow/.local/lib/python3.10/site-packages/airflow/example_dags/example_sensors.py
[2025-04-09T09:10:57.021+0000] {processor.py:840} INFO - DAG(s) 'example_sensors' retrieved from /home/airflow/.local/lib/python3.10/site-packages/airflow/example_dags/example_sensors.py
[2025-04-09T09:10:57.052+0000] {logging_mixin.py:188} INFO - [2025-04-09T09:10:57.052+0000] {dag.py:3047} INFO - Sync 1 DAGs
[2025-04-09T09:10:57.094+0000] {logging_mixin.py:188} INFO - [2025-04-09T09:10:57.094+0000] {dag.py:3834} INFO - Setting next_dagrun for example_sensors to None, run_after=None
[2025-04-09T09:10:57.126+0000] {processor.py:183} INFO - Processing /home/airflow/.local/lib/python3.10/site-packages/airflow/example_dags/example_sensors.py took 0.122 seconds
[2025-04-09T09:11:27.609+0000] {processor.py:161} INFO - Started process (PID=4216) to work on /home/airflow/.local/lib/python3.10/site-packages/airflow/example_dags/example_sensors.py
[2025-04-09T09:11:27.611+0000] {processor.py:830} INFO - Processing file /home/airflow/.local/lib/python3.10/site-packages/airflow/example_dags/example_sensors.py for tasks to queue
[2025-04-09T09:11:27.613+0000] {logging_mixin.py:188} INFO - [2025-04-09T09:11:27.612+0000] {dagbag.py:540} INFO - Filling up the DagBag from /home/airflow/.local/lib/python3.10/site-packages/airflow/example_dags/example_sensors.py
[2025-04-09T09:11:27.626+0000] {processor.py:840} INFO - DAG(s) 'example_sensors' retrieved from /home/airflow/.local/lib/python3.10/site-packages/airflow/example_dags/example_sensors.py
[2025-04-09T09:11:27.659+0000] {logging_mixin.py:188} INFO - [2025-04-09T09:11:27.658+0000] {dag.py:3047} INFO - Sync 1 DAGs
[2025-04-09T09:11:27.674+0000] {logging_mixin.py:188} INFO - [2025-04-09T09:11:27.674+0000] {dag.py:3834} INFO - Setting next_dagrun for example_sensors to None, run_after=None
[2025-04-09T09:11:27.698+0000] {processor.py:183} INFO - Processing /home/airflow/.local/lib/python3.10/site-packages/airflow/example_dags/example_sensors.py took 0.096 seconds
[2025-04-09T09:11:57.798+0000] {processor.py:161} INFO - Started process (PID=4275) to work on /home/airflow/.local/lib/python3.10/site-packages/airflow/example_dags/example_sensors.py
[2025-04-09T09:11:57.799+0000] {processor.py:830} INFO - Processing file /home/airflow/.local/lib/python3.10/site-packages/airflow/example_dags/example_sensors.py for tasks to queue
[2025-04-09T09:11:57.800+0000] {logging_mixin.py:188} INFO - [2025-04-09T09:11:57.800+0000] {dagbag.py:540} INFO - Filling up the DagBag from /home/airflow/.local/lib/python3.10/site-packages/airflow/example_dags/example_sensors.py
[2025-04-09T09:11:57.813+0000] {processor.py:840} INFO - DAG(s) 'example_sensors' retrieved from /home/airflow/.local/lib/python3.10/site-packages/airflow/example_dags/example_sensors.py
[2025-04-09T09:11:57.844+0000] {logging_mixin.py:188} INFO - [2025-04-09T09:11:57.843+0000] {dag.py:3047} INFO - Sync 1 DAGs
[2025-04-09T09:11:57.858+0000] {logging_mixin.py:188} INFO - [2025-04-09T09:11:57.858+0000] {dag.py:3834} INFO - Setting next_dagrun for example_sensors to None, run_after=None
[2025-04-09T09:11:57.882+0000] {processor.py:183} INFO - Processing /home/airflow/.local/lib/python3.10/site-packages/airflow/example_dags/example_sensors.py took 0.089 seconds
[2025-04-09T09:12:28.300+0000] {processor.py:161} INFO - Started process (PID=4335) to work on /home/airflow/.local/lib/python3.10/site-packages/airflow/example_dags/example_sensors.py
[2025-04-09T09:12:28.302+0000] {processor.py:830} INFO - Processing file /home/airflow/.local/lib/python3.10/site-packages/airflow/example_dags/example_sensors.py for tasks to queue
[2025-04-09T09:12:28.304+0000] {logging_mixin.py:188} INFO - [2025-04-09T09:12:28.303+0000] {dagbag.py:540} INFO - Filling up the DagBag from /home/airflow/.local/lib/python3.10/site-packages/airflow/example_dags/example_sensors.py
[2025-04-09T09:12:28.322+0000] {processor.py:840} INFO - DAG(s) 'example_sensors' retrieved from /home/airflow/.local/lib/python3.10/site-packages/airflow/example_dags/example_sensors.py
[2025-04-09T09:12:28.365+0000] {logging_mixin.py:188} INFO - [2025-04-09T09:12:28.364+0000] {dag.py:3047} INFO - Sync 1 DAGs
[2025-04-09T09:12:28.392+0000] {logging_mixin.py:188} INFO - [2025-04-09T09:12:28.391+0000] {dag.py:3834} INFO - Setting next_dagrun for example_sensors to None, run_after=None
[2025-04-09T09:12:28.472+0000] {processor.py:183} INFO - Processing /home/airflow/.local/lib/python3.10/site-packages/airflow/example_dags/example_sensors.py took 0.179 seconds
[2025-04-09T09:12:58.804+0000] {processor.py:161} INFO - Started process (PID=4397) to work on /home/airflow/.local/lib/python3.10/site-packages/airflow/example_dags/example_sensors.py
[2025-04-09T09:12:58.806+0000] {processor.py:830} INFO - Processing file /home/airflow/.local/lib/python3.10/site-packages/airflow/example_dags/example_sensors.py for tasks to queue
[2025-04-09T09:12:58.808+0000] {logging_mixin.py:188} INFO - [2025-04-09T09:12:58.807+0000] {dagbag.py:540} INFO - Filling up the DagBag from /home/airflow/.local/lib/python3.10/site-packages/airflow/example_dags/example_sensors.py
[2025-04-09T09:12:58.836+0000] {processor.py:840} INFO - DAG(s) 'example_sensors' retrieved from /home/airflow/.local/lib/python3.10/site-packages/airflow/example_dags/example_sensors.py
[2025-04-09T09:12:58.939+0000] {logging_mixin.py:188} INFO - [2025-04-09T09:12:58.939+0000] {dag.py:3047} INFO - Sync 1 DAGs
[2025-04-09T09:12:58.986+0000] {logging_mixin.py:188} INFO - [2025-04-09T09:12:58.986+0000] {dag.py:3834} INFO - Setting next_dagrun for example_sensors to None, run_after=None
[2025-04-09T09:12:59.025+0000] {processor.py:183} INFO - Processing /home/airflow/.local/lib/python3.10/site-packages/airflow/example_dags/example_sensors.py took 0.226 seconds
[2025-04-09T09:13:29.430+0000] {processor.py:161} INFO - Started process (PID=4462) to work on /home/airflow/.local/lib/python3.10/site-packages/airflow/example_dags/example_sensors.py
[2025-04-09T09:13:29.432+0000] {processor.py:830} INFO - Processing file /home/airflow/.local/lib/python3.10/site-packages/airflow/example_dags/example_sensors.py for tasks to queue
[2025-04-09T09:13:29.433+0000] {logging_mixin.py:188} INFO - [2025-04-09T09:13:29.432+0000] {dagbag.py:540} INFO - Filling up the DagBag from /home/airflow/.local/lib/python3.10/site-packages/airflow/example_dags/example_sensors.py
[2025-04-09T09:13:29.444+0000] {processor.py:840} INFO - DAG(s) 'example_sensors' retrieved from /home/airflow/.local/lib/python3.10/site-packages/airflow/example_dags/example_sensors.py
[2025-04-09T09:13:29.476+0000] {logging_mixin.py:188} INFO - [2025-04-09T09:13:29.475+0000] {dag.py:3047} INFO - Sync 1 DAGs
[2025-04-09T09:13:29.490+0000] {logging_mixin.py:188} INFO - [2025-04-09T09:13:29.490+0000] {dag.py:3834} INFO - Setting next_dagrun for example_sensors to None, run_after=None
[2025-04-09T09:13:29.515+0000] {processor.py:183} INFO - Processing /home/airflow/.local/lib/python3.10/site-packages/airflow/example_dags/example_sensors.py took 0.089 seconds
[2025-04-09T09:14:00.084+0000] {processor.py:161} INFO - Started process (PID=4524) to work on /home/airflow/.local/lib/python3.10/site-packages/airflow/example_dags/example_sensors.py
[2025-04-09T09:14:00.087+0000] {processor.py:830} INFO - Processing file /home/airflow/.local/lib/python3.10/site-packages/airflow/example_dags/example_sensors.py for tasks to queue
[2025-04-09T09:14:00.089+0000] {logging_mixin.py:188} INFO - [2025-04-09T09:14:00.089+0000] {dagbag.py:540} INFO - Filling up the DagBag from /home/airflow/.local/lib/python3.10/site-packages/airflow/example_dags/example_sensors.py
[2025-04-09T09:14:00.112+0000] {processor.py:840} INFO - DAG(s) 'example_sensors' retrieved from /home/airflow/.local/lib/python3.10/site-packages/airflow/example_dags/example_sensors.py
[2025-04-09T09:14:00.168+0000] {logging_mixin.py:188} INFO - [2025-04-09T09:14:00.168+0000] {dag.py:3047} INFO - Sync 1 DAGs
[2025-04-09T09:14:00.196+0000] {logging_mixin.py:188} INFO - [2025-04-09T09:14:00.195+0000] {dag.py:3834} INFO - Setting next_dagrun for example_sensors to None, run_after=None
[2025-04-09T09:14:00.244+0000] {processor.py:183} INFO - Processing /home/airflow/.local/lib/python3.10/site-packages/airflow/example_dags/example_sensors.py took 0.166 seconds
[2025-04-09T09:14:27.992+0000] {processor.py:161} INFO - Started process (PID=4593) to work on /home/airflow/.local/lib/python3.10/site-packages/airflow/example_dags/example_sensors.py
[2025-04-09T09:14:27.994+0000] {processor.py:830} INFO - Processing file /home/airflow/.local/lib/python3.10/site-packages/airflow/example_dags/example_sensors.py for tasks to queue
[2025-04-09T09:14:27.996+0000] {logging_mixin.py:188} INFO - [2025-04-09T09:14:27.995+0000] {dagbag.py:540} INFO - Filling up the DagBag from /home/airflow/.local/lib/python3.10/site-packages/airflow/example_dags/example_sensors.py
[2025-04-09T09:14:28.009+0000] {processor.py:840} INFO - DAG(s) 'example_sensors' retrieved from /home/airflow/.local/lib/python3.10/site-packages/airflow/example_dags/example_sensors.py
[2025-04-09T09:14:28.043+0000] {logging_mixin.py:188} INFO - [2025-04-09T09:14:28.043+0000] {dag.py:3047} INFO - Sync 1 DAGs
[2025-04-09T09:14:28.057+0000] {logging_mixin.py:188} INFO - [2025-04-09T09:14:28.057+0000] {dag.py:3834} INFO - Setting next_dagrun for example_sensors to None, run_after=None
[2025-04-09T09:14:28.082+0000] {processor.py:183} INFO - Processing /home/airflow/.local/lib/python3.10/site-packages/airflow/example_dags/example_sensors.py took 0.096 seconds
[2025-04-09T09:14:58.425+0000] {processor.py:161} INFO - Started process (PID=4638) to work on /home/airflow/.local/lib/python3.10/site-packages/airflow/example_dags/example_sensors.py
[2025-04-09T09:14:58.427+0000] {processor.py:830} INFO - Processing file /home/airflow/.local/lib/python3.10/site-packages/airflow/example_dags/example_sensors.py for tasks to queue
[2025-04-09T09:14:58.428+0000] {logging_mixin.py:188} INFO - [2025-04-09T09:14:58.428+0000] {dagbag.py:540} INFO - Filling up the DagBag from /home/airflow/.local/lib/python3.10/site-packages/airflow/example_dags/example_sensors.py
[2025-04-09T09:14:58.442+0000] {processor.py:840} INFO - DAG(s) 'example_sensors' retrieved from /home/airflow/.local/lib/python3.10/site-packages/airflow/example_dags/example_sensors.py
[2025-04-09T09:14:58.470+0000] {logging_mixin.py:188} INFO - [2025-04-09T09:14:58.470+0000] {dag.py:3047} INFO - Sync 1 DAGs
[2025-04-09T09:14:58.483+0000] {logging_mixin.py:188} INFO - [2025-04-09T09:14:58.483+0000] {dag.py:3834} INFO - Setting next_dagrun for example_sensors to None, run_after=None
[2025-04-09T09:14:58.509+0000] {processor.py:183} INFO - Processing /home/airflow/.local/lib/python3.10/site-packages/airflow/example_dags/example_sensors.py took 0.088 seconds
[2025-04-09T09:15:29.027+0000] {processor.py:161} INFO - Started process (PID=4701) to work on /home/airflow/.local/lib/python3.10/site-packages/airflow/example_dags/example_sensors.py
[2025-04-09T09:15:29.029+0000] {processor.py:830} INFO - Processing file /home/airflow/.local/lib/python3.10/site-packages/airflow/example_dags/example_sensors.py for tasks to queue
[2025-04-09T09:15:29.031+0000] {logging_mixin.py:188} INFO - [2025-04-09T09:15:29.030+0000] {dagbag.py:540} INFO - Filling up the DagBag from /home/airflow/.local/lib/python3.10/site-packages/airflow/example_dags/example_sensors.py
[2025-04-09T09:15:29.047+0000] {processor.py:840} INFO - DAG(s) 'example_sensors' retrieved from /home/airflow/.local/lib/python3.10/site-packages/airflow/example_dags/example_sensors.py
[2025-04-09T09:15:29.082+0000] {logging_mixin.py:188} INFO - [2025-04-09T09:15:29.081+0000] {dag.py:3047} INFO - Sync 1 DAGs
[2025-04-09T09:15:29.102+0000] {logging_mixin.py:188} INFO - [2025-04-09T09:15:29.102+0000] {dag.py:3834} INFO - Setting next_dagrun for example_sensors to None, run_after=None
[2025-04-09T09:15:29.127+0000] {processor.py:183} INFO - Processing /home/airflow/.local/lib/python3.10/site-packages/airflow/example_dags/example_sensors.py took 0.105 seconds
[2025-04-09T09:15:59.901+0000] {processor.py:161} INFO - Started process (PID=4764) to work on /home/airflow/.local/lib/python3.10/site-packages/airflow/example_dags/example_sensors.py
[2025-04-09T09:15:59.902+0000] {processor.py:830} INFO - Processing file /home/airflow/.local/lib/python3.10/site-packages/airflow/example_dags/example_sensors.py for tasks to queue
[2025-04-09T09:15:59.903+0000] {logging_mixin.py:188} INFO - [2025-04-09T09:15:59.903+0000] {dagbag.py:540} INFO - Filling up the DagBag from /home/airflow/.local/lib/python3.10/site-packages/airflow/example_dags/example_sensors.py
[2025-04-09T09:15:59.916+0000] {processor.py:840} INFO - DAG(s) 'example_sensors' retrieved from /home/airflow/.local/lib/python3.10/site-packages/airflow/example_dags/example_sensors.py
[2025-04-09T09:15:59.957+0000] {logging_mixin.py:188} INFO - [2025-04-09T09:15:59.957+0000] {dag.py:3047} INFO - Sync 1 DAGs
[2025-04-09T09:15:59.979+0000] {logging_mixin.py:188} INFO - [2025-04-09T09:15:59.979+0000] {dag.py:3834} INFO - Setting next_dagrun for example_sensors to None, run_after=None
[2025-04-09T09:16:00.009+0000] {processor.py:183} INFO - Processing /home/airflow/.local/lib/python3.10/site-packages/airflow/example_dags/example_sensors.py took 0.111 seconds
[2025-04-09T09:16:28.383+0000] {processor.py:161} INFO - Started process (PID=4832) to work on /home/airflow/.local/lib/python3.10/site-packages/airflow/example_dags/example_sensors.py
[2025-04-09T09:16:28.385+0000] {processor.py:830} INFO - Processing file /home/airflow/.local/lib/python3.10/site-packages/airflow/example_dags/example_sensors.py for tasks to queue
[2025-04-09T09:16:28.387+0000] {logging_mixin.py:188} INFO - [2025-04-09T09:16:28.386+0000] {dagbag.py:540} INFO - Filling up the DagBag from /home/airflow/.local/lib/python3.10/site-packages/airflow/example_dags/example_sensors.py
[2025-04-09T09:16:28.399+0000] {processor.py:840} INFO - DAG(s) 'example_sensors' retrieved from /home/airflow/.local/lib/python3.10/site-packages/airflow/example_dags/example_sensors.py
[2025-04-09T09:16:28.432+0000] {logging_mixin.py:188} INFO - [2025-04-09T09:16:28.431+0000] {dag.py:3047} INFO - Sync 1 DAGs
[2025-04-09T09:16:28.447+0000] {logging_mixin.py:188} INFO - [2025-04-09T09:16:28.447+0000] {dag.py:3834} INFO - Setting next_dagrun for example_sensors to None, run_after=None
[2025-04-09T09:16:28.472+0000] {processor.py:183} INFO - Processing /home/airflow/.local/lib/python3.10/site-packages/airflow/example_dags/example_sensors.py took 0.094 seconds
[2025-04-09T09:16:58.756+0000] {processor.py:161} INFO - Started process (PID=4885) to work on /home/airflow/.local/lib/python3.10/site-packages/airflow/example_dags/example_sensors.py
[2025-04-09T09:16:58.757+0000] {processor.py:830} INFO - Processing file /home/airflow/.local/lib/python3.10/site-packages/airflow/example_dags/example_sensors.py for tasks to queue
[2025-04-09T09:16:58.758+0000] {logging_mixin.py:188} INFO - [2025-04-09T09:16:58.758+0000] {dagbag.py:540} INFO - Filling up the DagBag from /home/airflow/.local/lib/python3.10/site-packages/airflow/example_dags/example_sensors.py
[2025-04-09T09:16:58.772+0000] {processor.py:840} INFO - DAG(s) 'example_sensors' retrieved from /home/airflow/.local/lib/python3.10/site-packages/airflow/example_dags/example_sensors.py
[2025-04-09T09:16:58.805+0000] {logging_mixin.py:188} INFO - [2025-04-09T09:16:58.805+0000] {dag.py:3047} INFO - Sync 1 DAGs
[2025-04-09T09:16:58.820+0000] {logging_mixin.py:188} INFO - [2025-04-09T09:16:58.820+0000] {dag.py:3834} INFO - Setting next_dagrun for example_sensors to None, run_after=None
[2025-04-09T09:16:58.845+0000] {processor.py:183} INFO - Processing /home/airflow/.local/lib/python3.10/site-packages/airflow/example_dags/example_sensors.py took 0.093 seconds
[2025-04-09T09:17:29.029+0000] {processor.py:161} INFO - Started process (PID=4953) to work on /home/airflow/.local/lib/python3.10/site-packages/airflow/example_dags/example_sensors.py
[2025-04-09T09:17:29.031+0000] {processor.py:830} INFO - Processing file /home/airflow/.local/lib/python3.10/site-packages/airflow/example_dags/example_sensors.py for tasks to queue
[2025-04-09T09:17:29.032+0000] {logging_mixin.py:188} INFO - [2025-04-09T09:17:29.032+0000] {dagbag.py:540} INFO - Filling up the DagBag from /home/airflow/.local/lib/python3.10/site-packages/airflow/example_dags/example_sensors.py
[2025-04-09T09:17:29.045+0000] {processor.py:840} INFO - DAG(s) 'example_sensors' retrieved from /home/airflow/.local/lib/python3.10/site-packages/airflow/example_dags/example_sensors.py
[2025-04-09T09:17:29.076+0000] {logging_mixin.py:188} INFO - [2025-04-09T09:17:29.075+0000] {dag.py:3047} INFO - Sync 1 DAGs
[2025-04-09T09:17:29.088+0000] {logging_mixin.py:188} INFO - [2025-04-09T09:17:29.088+0000] {dag.py:3834} INFO - Setting next_dagrun for example_sensors to None, run_after=None
[2025-04-09T09:17:29.111+0000] {processor.py:183} INFO - Processing /home/airflow/.local/lib/python3.10/site-packages/airflow/example_dags/example_sensors.py took 0.086 seconds
