[2025-04-09T08:37:54.463+0000] {processor.py:161} INFO - Started process (PID=104) to work on /home/airflow/.local/lib/python3.10/site-packages/airflow/example_dags/example_complex.py
[2025-04-09T08:37:54.465+0000] {processor.py:830} INFO - Processing file /home/airflow/.local/lib/python3.10/site-packages/airflow/example_dags/example_complex.py for tasks to queue
[2025-04-09T08:37:54.468+0000] {logging_mixin.py:188} INFO - [2025-04-09T08:37:54.467+0000] {dagbag.py:540} INFO - Filling up the DagBag from /home/airflow/.local/lib/python3.10/site-packages/airflow/example_dags/example_complex.py
[2025-04-09T08:37:54.488+0000] {processor.py:840} INFO - DAG(s) 'example_complex' retrieved from /home/airflow/.local/lib/python3.10/site-packages/airflow/example_dags/example_complex.py
[2025-04-09T08:37:54.542+0000] {logging_mixin.py:188} INFO - [2025-04-09T08:37:54.542+0000] {dag.py:3047} INFO - Sync 1 DAGs
[2025-04-09T08:37:54.569+0000] {logging_mixin.py:188} INFO - [2025-04-09T08:37:54.568+0000] {dag.py:3834} INFO - Setting next_dagrun for example_complex to None, run_after=None
[2025-04-09T08:37:54.610+0000] {processor.py:183} INFO - Processing /home/airflow/.local/lib/python3.10/site-packages/airflow/example_dags/example_complex.py took 0.152 seconds
[2025-04-09T08:38:25.526+0000] {processor.py:161} INFO - Started process (PID=166) to work on /home/airflow/.local/lib/python3.10/site-packages/airflow/example_dags/example_complex.py
[2025-04-09T08:38:25.530+0000] {processor.py:830} INFO - Processing file /home/airflow/.local/lib/python3.10/site-packages/airflow/example_dags/example_complex.py for tasks to queue
[2025-04-09T08:38:25.540+0000] {logging_mixin.py:188} INFO - [2025-04-09T08:38:25.538+0000] {dagbag.py:540} INFO - Filling up the DagBag from /home/airflow/.local/lib/python3.10/site-packages/airflow/example_dags/example_complex.py
[2025-04-09T08:38:25.570+0000] {processor.py:840} INFO - DAG(s) 'example_complex' retrieved from /home/airflow/.local/lib/python3.10/site-packages/airflow/example_dags/example_complex.py
[2025-04-09T08:38:25.673+0000] {logging_mixin.py:188} INFO - [2025-04-09T08:38:25.672+0000] {dag.py:3047} INFO - Sync 1 DAGs
[2025-04-09T08:38:25.721+0000] {logging_mixin.py:188} INFO - [2025-04-09T08:38:25.721+0000] {dag.py:3834} INFO - Setting next_dagrun for example_complex to None, run_after=None
[2025-04-09T08:38:25.834+0000] {processor.py:183} INFO - Processing /home/airflow/.local/lib/python3.10/site-packages/airflow/example_dags/example_complex.py took 0.314 seconds
[2025-04-09T08:38:56.764+0000] {processor.py:161} INFO - Started process (PID=228) to work on /home/airflow/.local/lib/python3.10/site-packages/airflow/example_dags/example_complex.py
[2025-04-09T08:38:56.766+0000] {processor.py:830} INFO - Processing file /home/airflow/.local/lib/python3.10/site-packages/airflow/example_dags/example_complex.py for tasks to queue
[2025-04-09T08:38:56.770+0000] {logging_mixin.py:188} INFO - [2025-04-09T08:38:56.769+0000] {dagbag.py:540} INFO - Filling up the DagBag from /home/airflow/.local/lib/python3.10/site-packages/airflow/example_dags/example_complex.py
[2025-04-09T08:38:56.790+0000] {processor.py:840} INFO - DAG(s) 'example_complex' retrieved from /home/airflow/.local/lib/python3.10/site-packages/airflow/example_dags/example_complex.py
[2025-04-09T08:38:56.845+0000] {logging_mixin.py:188} INFO - [2025-04-09T08:38:56.844+0000] {dag.py:3047} INFO - Sync 1 DAGs
[2025-04-09T08:38:56.870+0000] {logging_mixin.py:188} INFO - [2025-04-09T08:38:56.870+0000] {dag.py:3834} INFO - Setting next_dagrun for example_complex to None, run_after=None
[2025-04-09T08:38:56.912+0000] {processor.py:183} INFO - Processing /home/airflow/.local/lib/python3.10/site-packages/airflow/example_dags/example_complex.py took 0.154 seconds
[2025-04-09T08:39:27.514+0000] {processor.py:161} INFO - Started process (PID=290) to work on /home/airflow/.local/lib/python3.10/site-packages/airflow/example_dags/example_complex.py
[2025-04-09T08:39:27.516+0000] {processor.py:830} INFO - Processing file /home/airflow/.local/lib/python3.10/site-packages/airflow/example_dags/example_complex.py for tasks to queue
[2025-04-09T08:39:27.520+0000] {logging_mixin.py:188} INFO - [2025-04-09T08:39:27.520+0000] {dagbag.py:540} INFO - Filling up the DagBag from /home/airflow/.local/lib/python3.10/site-packages/airflow/example_dags/example_complex.py
[2025-04-09T08:39:27.534+0000] {processor.py:840} INFO - DAG(s) 'example_complex' retrieved from /home/airflow/.local/lib/python3.10/site-packages/airflow/example_dags/example_complex.py
[2025-04-09T08:39:27.573+0000] {logging_mixin.py:188} INFO - [2025-04-09T08:39:27.572+0000] {dag.py:3047} INFO - Sync 1 DAGs
[2025-04-09T08:39:27.594+0000] {logging_mixin.py:188} INFO - [2025-04-09T08:39:27.594+0000] {dag.py:3834} INFO - Setting next_dagrun for example_complex to None, run_after=None
[2025-04-09T08:39:27.638+0000] {processor.py:183} INFO - Processing /home/airflow/.local/lib/python3.10/site-packages/airflow/example_dags/example_complex.py took 0.129 seconds
[2025-04-09T08:39:57.681+0000] {processor.py:161} INFO - Started process (PID=352) to work on /home/airflow/.local/lib/python3.10/site-packages/airflow/example_dags/example_complex.py
[2025-04-09T08:39:57.682+0000] {processor.py:830} INFO - Processing file /home/airflow/.local/lib/python3.10/site-packages/airflow/example_dags/example_complex.py for tasks to queue
[2025-04-09T08:39:57.686+0000] {logging_mixin.py:188} INFO - [2025-04-09T08:39:57.686+0000] {dagbag.py:540} INFO - Filling up the DagBag from /home/airflow/.local/lib/python3.10/site-packages/airflow/example_dags/example_complex.py
[2025-04-09T08:39:57.702+0000] {processor.py:840} INFO - DAG(s) 'example_complex' retrieved from /home/airflow/.local/lib/python3.10/site-packages/airflow/example_dags/example_complex.py
[2025-04-09T08:39:57.742+0000] {logging_mixin.py:188} INFO - [2025-04-09T08:39:57.742+0000] {dag.py:3047} INFO - Sync 1 DAGs
[2025-04-09T08:39:57.758+0000] {logging_mixin.py:188} INFO - [2025-04-09T08:39:57.757+0000] {dag.py:3834} INFO - Setting next_dagrun for example_complex to None, run_after=None
[2025-04-09T08:39:57.783+0000] {processor.py:183} INFO - Processing /home/airflow/.local/lib/python3.10/site-packages/airflow/example_dags/example_complex.py took 0.108 seconds
[2025-04-09T08:40:27.909+0000] {processor.py:161} INFO - Started process (PID=414) to work on /home/airflow/.local/lib/python3.10/site-packages/airflow/example_dags/example_complex.py
[2025-04-09T08:40:27.911+0000] {processor.py:830} INFO - Processing file /home/airflow/.local/lib/python3.10/site-packages/airflow/example_dags/example_complex.py for tasks to queue
[2025-04-09T08:40:27.914+0000] {logging_mixin.py:188} INFO - [2025-04-09T08:40:27.913+0000] {dagbag.py:540} INFO - Filling up the DagBag from /home/airflow/.local/lib/python3.10/site-packages/airflow/example_dags/example_complex.py
[2025-04-09T08:40:27.929+0000] {processor.py:840} INFO - DAG(s) 'example_complex' retrieved from /home/airflow/.local/lib/python3.10/site-packages/airflow/example_dags/example_complex.py
[2025-04-09T08:40:27.989+0000] {logging_mixin.py:188} INFO - [2025-04-09T08:40:27.989+0000] {dag.py:3047} INFO - Sync 1 DAGs
[2025-04-09T08:40:28.025+0000] {logging_mixin.py:188} INFO - [2025-04-09T08:40:28.025+0000] {dag.py:3834} INFO - Setting next_dagrun for example_complex to None, run_after=None
[2025-04-09T08:40:28.057+0000] {processor.py:183} INFO - Processing /home/airflow/.local/lib/python3.10/site-packages/airflow/example_dags/example_complex.py took 0.155 seconds
[2025-04-09T08:40:58.242+0000] {processor.py:161} INFO - Started process (PID=476) to work on /home/airflow/.local/lib/python3.10/site-packages/airflow/example_dags/example_complex.py
[2025-04-09T08:40:58.243+0000] {processor.py:830} INFO - Processing file /home/airflow/.local/lib/python3.10/site-packages/airflow/example_dags/example_complex.py for tasks to queue
[2025-04-09T08:40:58.246+0000] {logging_mixin.py:188} INFO - [2025-04-09T08:40:58.245+0000] {dagbag.py:540} INFO - Filling up the DagBag from /home/airflow/.local/lib/python3.10/site-packages/airflow/example_dags/example_complex.py
[2025-04-09T08:40:58.263+0000] {processor.py:840} INFO - DAG(s) 'example_complex' retrieved from /home/airflow/.local/lib/python3.10/site-packages/airflow/example_dags/example_complex.py
[2025-04-09T08:40:58.302+0000] {logging_mixin.py:188} INFO - [2025-04-09T08:40:58.302+0000] {dag.py:3047} INFO - Sync 1 DAGs
[2025-04-09T08:40:58.318+0000] {logging_mixin.py:188} INFO - [2025-04-09T08:40:58.318+0000] {dag.py:3834} INFO - Setting next_dagrun for example_complex to None, run_after=None
[2025-04-09T08:40:58.349+0000] {processor.py:183} INFO - Processing /home/airflow/.local/lib/python3.10/site-packages/airflow/example_dags/example_complex.py took 0.112 seconds
[2025-04-09T08:41:28.840+0000] {processor.py:161} INFO - Started process (PID=538) to work on /home/airflow/.local/lib/python3.10/site-packages/airflow/example_dags/example_complex.py
[2025-04-09T08:41:28.842+0000] {processor.py:830} INFO - Processing file /home/airflow/.local/lib/python3.10/site-packages/airflow/example_dags/example_complex.py for tasks to queue
[2025-04-09T08:41:28.845+0000] {logging_mixin.py:188} INFO - [2025-04-09T08:41:28.845+0000] {dagbag.py:540} INFO - Filling up the DagBag from /home/airflow/.local/lib/python3.10/site-packages/airflow/example_dags/example_complex.py
[2025-04-09T08:41:28.858+0000] {processor.py:840} INFO - DAG(s) 'example_complex' retrieved from /home/airflow/.local/lib/python3.10/site-packages/airflow/example_dags/example_complex.py
[2025-04-09T08:41:28.895+0000] {logging_mixin.py:188} INFO - [2025-04-09T08:41:28.895+0000] {dag.py:3047} INFO - Sync 1 DAGs
[2025-04-09T08:41:28.910+0000] {logging_mixin.py:188} INFO - [2025-04-09T08:41:28.910+0000] {dag.py:3834} INFO - Setting next_dagrun for example_complex to None, run_after=None
[2025-04-09T08:41:28.938+0000] {processor.py:183} INFO - Processing /home/airflow/.local/lib/python3.10/site-packages/airflow/example_dags/example_complex.py took 0.102 seconds
[2025-04-09T08:41:59.387+0000] {processor.py:161} INFO - Started process (PID=600) to work on /home/airflow/.local/lib/python3.10/site-packages/airflow/example_dags/example_complex.py
[2025-04-09T08:41:59.389+0000] {processor.py:830} INFO - Processing file /home/airflow/.local/lib/python3.10/site-packages/airflow/example_dags/example_complex.py for tasks to queue
[2025-04-09T08:41:59.391+0000] {logging_mixin.py:188} INFO - [2025-04-09T08:41:59.391+0000] {dagbag.py:540} INFO - Filling up the DagBag from /home/airflow/.local/lib/python3.10/site-packages/airflow/example_dags/example_complex.py
[2025-04-09T08:41:59.407+0000] {processor.py:840} INFO - DAG(s) 'example_complex' retrieved from /home/airflow/.local/lib/python3.10/site-packages/airflow/example_dags/example_complex.py
[2025-04-09T08:41:59.441+0000] {logging_mixin.py:188} INFO - [2025-04-09T08:41:59.441+0000] {dag.py:3047} INFO - Sync 1 DAGs
[2025-04-09T08:41:59.454+0000] {logging_mixin.py:188} INFO - [2025-04-09T08:41:59.454+0000] {dag.py:3834} INFO - Setting next_dagrun for example_complex to None, run_after=None
[2025-04-09T08:41:59.479+0000] {processor.py:183} INFO - Processing /home/airflow/.local/lib/python3.10/site-packages/airflow/example_dags/example_complex.py took 0.095 seconds
[2025-04-09T08:42:30.126+0000] {processor.py:161} INFO - Started process (PID=662) to work on /home/airflow/.local/lib/python3.10/site-packages/airflow/example_dags/example_complex.py
[2025-04-09T08:42:30.128+0000] {processor.py:830} INFO - Processing file /home/airflow/.local/lib/python3.10/site-packages/airflow/example_dags/example_complex.py for tasks to queue
[2025-04-09T08:42:30.130+0000] {logging_mixin.py:188} INFO - [2025-04-09T08:42:30.130+0000] {dagbag.py:540} INFO - Filling up the DagBag from /home/airflow/.local/lib/python3.10/site-packages/airflow/example_dags/example_complex.py
[2025-04-09T08:42:30.144+0000] {processor.py:840} INFO - DAG(s) 'example_complex' retrieved from /home/airflow/.local/lib/python3.10/site-packages/airflow/example_dags/example_complex.py
[2025-04-09T08:42:30.182+0000] {logging_mixin.py:188} INFO - [2025-04-09T08:42:30.182+0000] {dag.py:3047} INFO - Sync 1 DAGs
[2025-04-09T08:42:30.197+0000] {logging_mixin.py:188} INFO - [2025-04-09T08:42:30.197+0000] {dag.py:3834} INFO - Setting next_dagrun for example_complex to None, run_after=None
[2025-04-09T08:42:30.224+0000] {processor.py:183} INFO - Processing /home/airflow/.local/lib/python3.10/site-packages/airflow/example_dags/example_complex.py took 0.102 seconds
[2025-04-09T08:43:00.294+0000] {processor.py:161} INFO - Started process (PID=724) to work on /home/airflow/.local/lib/python3.10/site-packages/airflow/example_dags/example_complex.py
[2025-04-09T08:43:00.298+0000] {processor.py:830} INFO - Processing file /home/airflow/.local/lib/python3.10/site-packages/airflow/example_dags/example_complex.py for tasks to queue
[2025-04-09T08:43:00.302+0000] {logging_mixin.py:188} INFO - [2025-04-09T08:43:00.301+0000] {dagbag.py:540} INFO - Filling up the DagBag from /home/airflow/.local/lib/python3.10/site-packages/airflow/example_dags/example_complex.py
[2025-04-09T08:43:00.326+0000] {processor.py:840} INFO - DAG(s) 'example_complex' retrieved from /home/airflow/.local/lib/python3.10/site-packages/airflow/example_dags/example_complex.py
[2025-04-09T08:43:00.370+0000] {logging_mixin.py:188} INFO - [2025-04-09T08:43:00.370+0000] {dag.py:3047} INFO - Sync 1 DAGs
[2025-04-09T08:43:00.394+0000] {logging_mixin.py:188} INFO - [2025-04-09T08:43:00.393+0000] {dag.py:3834} INFO - Setting next_dagrun for example_complex to None, run_after=None
[2025-04-09T08:43:00.426+0000] {processor.py:183} INFO - Processing /home/airflow/.local/lib/python3.10/site-packages/airflow/example_dags/example_complex.py took 0.141 seconds
[2025-04-09T08:43:30.484+0000] {processor.py:161} INFO - Started process (PID=786) to work on /home/airflow/.local/lib/python3.10/site-packages/airflow/example_dags/example_complex.py
[2025-04-09T08:43:30.486+0000] {processor.py:830} INFO - Processing file /home/airflow/.local/lib/python3.10/site-packages/airflow/example_dags/example_complex.py for tasks to queue
[2025-04-09T08:43:30.489+0000] {logging_mixin.py:188} INFO - [2025-04-09T08:43:30.489+0000] {dagbag.py:540} INFO - Filling up the DagBag from /home/airflow/.local/lib/python3.10/site-packages/airflow/example_dags/example_complex.py
[2025-04-09T08:43:30.513+0000] {processor.py:840} INFO - DAG(s) 'example_complex' retrieved from /home/airflow/.local/lib/python3.10/site-packages/airflow/example_dags/example_complex.py
[2025-04-09T08:43:30.569+0000] {logging_mixin.py:188} INFO - [2025-04-09T08:43:30.569+0000] {dag.py:3047} INFO - Sync 1 DAGs
[2025-04-09T08:43:30.587+0000] {logging_mixin.py:188} INFO - [2025-04-09T08:43:30.586+0000] {dag.py:3834} INFO - Setting next_dagrun for example_complex to None, run_after=None
[2025-04-09T08:43:30.614+0000] {processor.py:183} INFO - Processing /home/airflow/.local/lib/python3.10/site-packages/airflow/example_dags/example_complex.py took 0.141 seconds
[2025-04-09T08:44:00.668+0000] {processor.py:161} INFO - Started process (PID=848) to work on /home/airflow/.local/lib/python3.10/site-packages/airflow/example_dags/example_complex.py
[2025-04-09T08:44:00.669+0000] {processor.py:830} INFO - Processing file /home/airflow/.local/lib/python3.10/site-packages/airflow/example_dags/example_complex.py for tasks to queue
[2025-04-09T08:44:00.671+0000] {logging_mixin.py:188} INFO - [2025-04-09T08:44:00.671+0000] {dagbag.py:540} INFO - Filling up the DagBag from /home/airflow/.local/lib/python3.10/site-packages/airflow/example_dags/example_complex.py
[2025-04-09T08:44:00.686+0000] {processor.py:840} INFO - DAG(s) 'example_complex' retrieved from /home/airflow/.local/lib/python3.10/site-packages/airflow/example_dags/example_complex.py
[2025-04-09T08:44:00.723+0000] {logging_mixin.py:188} INFO - [2025-04-09T08:44:00.722+0000] {dag.py:3047} INFO - Sync 1 DAGs
[2025-04-09T08:44:00.738+0000] {logging_mixin.py:188} INFO - [2025-04-09T08:44:00.737+0000] {dag.py:3834} INFO - Setting next_dagrun for example_complex to None, run_after=None
[2025-04-09T08:44:00.761+0000] {processor.py:183} INFO - Processing /home/airflow/.local/lib/python3.10/site-packages/airflow/example_dags/example_complex.py took 0.097 seconds
[2025-04-09T08:44:31.676+0000] {processor.py:161} INFO - Started process (PID=910) to work on /home/airflow/.local/lib/python3.10/site-packages/airflow/example_dags/example_complex.py
[2025-04-09T08:44:31.678+0000] {processor.py:830} INFO - Processing file /home/airflow/.local/lib/python3.10/site-packages/airflow/example_dags/example_complex.py for tasks to queue
[2025-04-09T08:44:31.681+0000] {logging_mixin.py:188} INFO - [2025-04-09T08:44:31.681+0000] {dagbag.py:540} INFO - Filling up the DagBag from /home/airflow/.local/lib/python3.10/site-packages/airflow/example_dags/example_complex.py
[2025-04-09T08:44:31.694+0000] {processor.py:840} INFO - DAG(s) 'example_complex' retrieved from /home/airflow/.local/lib/python3.10/site-packages/airflow/example_dags/example_complex.py
[2025-04-09T08:44:31.724+0000] {logging_mixin.py:188} INFO - [2025-04-09T08:44:31.724+0000] {dag.py:3047} INFO - Sync 1 DAGs
[2025-04-09T08:44:31.736+0000] {logging_mixin.py:188} INFO - [2025-04-09T08:44:31.736+0000] {dag.py:3834} INFO - Setting next_dagrun for example_complex to None, run_after=None
[2025-04-09T08:44:31.760+0000] {processor.py:183} INFO - Processing /home/airflow/.local/lib/python3.10/site-packages/airflow/example_dags/example_complex.py took 0.089 seconds
[2025-04-09T08:45:02.176+0000] {processor.py:161} INFO - Started process (PID=978) to work on /home/airflow/.local/lib/python3.10/site-packages/airflow/example_dags/example_complex.py
[2025-04-09T08:45:02.178+0000] {processor.py:830} INFO - Processing file /home/airflow/.local/lib/python3.10/site-packages/airflow/example_dags/example_complex.py for tasks to queue
[2025-04-09T08:45:02.180+0000] {logging_mixin.py:188} INFO - [2025-04-09T08:45:02.180+0000] {dagbag.py:540} INFO - Filling up the DagBag from /home/airflow/.local/lib/python3.10/site-packages/airflow/example_dags/example_complex.py
[2025-04-09T08:45:02.192+0000] {processor.py:840} INFO - DAG(s) 'example_complex' retrieved from /home/airflow/.local/lib/python3.10/site-packages/airflow/example_dags/example_complex.py
[2025-04-09T08:45:02.223+0000] {logging_mixin.py:188} INFO - [2025-04-09T08:45:02.223+0000] {dag.py:3047} INFO - Sync 1 DAGs
[2025-04-09T08:45:02.237+0000] {logging_mixin.py:188} INFO - [2025-04-09T08:45:02.237+0000] {dag.py:3834} INFO - Setting next_dagrun for example_complex to None, run_after=None
[2025-04-09T08:45:02.260+0000] {processor.py:183} INFO - Processing /home/airflow/.local/lib/python3.10/site-packages/airflow/example_dags/example_complex.py took 0.089 seconds
[2025-04-09T08:45:33.225+0000] {processor.py:161} INFO - Started process (PID=1040) to work on /home/airflow/.local/lib/python3.10/site-packages/airflow/example_dags/example_complex.py
[2025-04-09T08:45:33.226+0000] {processor.py:830} INFO - Processing file /home/airflow/.local/lib/python3.10/site-packages/airflow/example_dags/example_complex.py for tasks to queue
[2025-04-09T08:45:33.230+0000] {logging_mixin.py:188} INFO - [2025-04-09T08:45:33.229+0000] {dagbag.py:540} INFO - Filling up the DagBag from /home/airflow/.local/lib/python3.10/site-packages/airflow/example_dags/example_complex.py
[2025-04-09T08:45:33.244+0000] {processor.py:840} INFO - DAG(s) 'example_complex' retrieved from /home/airflow/.local/lib/python3.10/site-packages/airflow/example_dags/example_complex.py
[2025-04-09T08:45:33.283+0000] {logging_mixin.py:188} INFO - [2025-04-09T08:45:33.283+0000] {dag.py:3047} INFO - Sync 1 DAGs
[2025-04-09T08:45:33.297+0000] {logging_mixin.py:188} INFO - [2025-04-09T08:45:33.297+0000] {dag.py:3834} INFO - Setting next_dagrun for example_complex to None, run_after=None
[2025-04-09T08:45:33.322+0000] {processor.py:183} INFO - Processing /home/airflow/.local/lib/python3.10/site-packages/airflow/example_dags/example_complex.py took 0.102 seconds
[2025-04-09T08:46:03.937+0000] {processor.py:161} INFO - Started process (PID=1102) to work on /home/airflow/.local/lib/python3.10/site-packages/airflow/example_dags/example_complex.py
[2025-04-09T08:46:03.939+0000] {processor.py:830} INFO - Processing file /home/airflow/.local/lib/python3.10/site-packages/airflow/example_dags/example_complex.py for tasks to queue
[2025-04-09T08:46:03.942+0000] {logging_mixin.py:188} INFO - [2025-04-09T08:46:03.941+0000] {dagbag.py:540} INFO - Filling up the DagBag from /home/airflow/.local/lib/python3.10/site-packages/airflow/example_dags/example_complex.py
[2025-04-09T08:46:03.954+0000] {processor.py:840} INFO - DAG(s) 'example_complex' retrieved from /home/airflow/.local/lib/python3.10/site-packages/airflow/example_dags/example_complex.py
[2025-04-09T08:46:03.988+0000] {logging_mixin.py:188} INFO - [2025-04-09T08:46:03.987+0000] {dag.py:3047} INFO - Sync 1 DAGs
[2025-04-09T08:46:04.007+0000] {logging_mixin.py:188} INFO - [2025-04-09T08:46:04.006+0000] {dag.py:3834} INFO - Setting next_dagrun for example_complex to None, run_after=None
[2025-04-09T08:46:04.032+0000] {processor.py:183} INFO - Processing /home/airflow/.local/lib/python3.10/site-packages/airflow/example_dags/example_complex.py took 0.099 seconds
[2025-04-09T08:46:34.116+0000] {processor.py:161} INFO - Started process (PID=1164) to work on /home/airflow/.local/lib/python3.10/site-packages/airflow/example_dags/example_complex.py
[2025-04-09T08:46:34.117+0000] {processor.py:830} INFO - Processing file /home/airflow/.local/lib/python3.10/site-packages/airflow/example_dags/example_complex.py for tasks to queue
[2025-04-09T08:46:34.120+0000] {logging_mixin.py:188} INFO - [2025-04-09T08:46:34.119+0000] {dagbag.py:540} INFO - Filling up the DagBag from /home/airflow/.local/lib/python3.10/site-packages/airflow/example_dags/example_complex.py
[2025-04-09T08:46:34.132+0000] {processor.py:840} INFO - DAG(s) 'example_complex' retrieved from /home/airflow/.local/lib/python3.10/site-packages/airflow/example_dags/example_complex.py
[2025-04-09T08:46:34.165+0000] {logging_mixin.py:188} INFO - [2025-04-09T08:46:34.165+0000] {dag.py:3047} INFO - Sync 1 DAGs
[2025-04-09T08:46:34.181+0000] {logging_mixin.py:188} INFO - [2025-04-09T08:46:34.181+0000] {dag.py:3834} INFO - Setting next_dagrun for example_complex to None, run_after=None
[2025-04-09T08:46:34.227+0000] {processor.py:183} INFO - Processing /home/airflow/.local/lib/python3.10/site-packages/airflow/example_dags/example_complex.py took 0.115 seconds
[2025-04-09T08:47:04.902+0000] {processor.py:161} INFO - Started process (PID=1226) to work on /home/airflow/.local/lib/python3.10/site-packages/airflow/example_dags/example_complex.py
[2025-04-09T08:47:04.904+0000] {processor.py:830} INFO - Processing file /home/airflow/.local/lib/python3.10/site-packages/airflow/example_dags/example_complex.py for tasks to queue
[2025-04-09T08:47:04.907+0000] {logging_mixin.py:188} INFO - [2025-04-09T08:47:04.906+0000] {dagbag.py:540} INFO - Filling up the DagBag from /home/airflow/.local/lib/python3.10/site-packages/airflow/example_dags/example_complex.py
[2025-04-09T08:47:04.918+0000] {processor.py:840} INFO - DAG(s) 'example_complex' retrieved from /home/airflow/.local/lib/python3.10/site-packages/airflow/example_dags/example_complex.py
[2025-04-09T08:47:04.953+0000] {logging_mixin.py:188} INFO - [2025-04-09T08:47:04.952+0000] {dag.py:3047} INFO - Sync 1 DAGs
[2025-04-09T08:47:04.968+0000] {logging_mixin.py:188} INFO - [2025-04-09T08:47:04.968+0000] {dag.py:3834} INFO - Setting next_dagrun for example_complex to None, run_after=None
[2025-04-09T08:47:04.991+0000] {processor.py:183} INFO - Processing /home/airflow/.local/lib/python3.10/site-packages/airflow/example_dags/example_complex.py took 0.093 seconds
[2025-04-09T08:47:35.354+0000] {processor.py:161} INFO - Started process (PID=1288) to work on /home/airflow/.local/lib/python3.10/site-packages/airflow/example_dags/example_complex.py
[2025-04-09T08:47:35.357+0000] {processor.py:830} INFO - Processing file /home/airflow/.local/lib/python3.10/site-packages/airflow/example_dags/example_complex.py for tasks to queue
[2025-04-09T08:47:35.360+0000] {logging_mixin.py:188} INFO - [2025-04-09T08:47:35.359+0000] {dagbag.py:540} INFO - Filling up the DagBag from /home/airflow/.local/lib/python3.10/site-packages/airflow/example_dags/example_complex.py
[2025-04-09T08:47:35.379+0000] {processor.py:840} INFO - DAG(s) 'example_complex' retrieved from /home/airflow/.local/lib/python3.10/site-packages/airflow/example_dags/example_complex.py
[2025-04-09T08:47:35.430+0000] {logging_mixin.py:188} INFO - [2025-04-09T08:47:35.430+0000] {dag.py:3047} INFO - Sync 1 DAGs
[2025-04-09T08:47:35.455+0000] {logging_mixin.py:188} INFO - [2025-04-09T08:47:35.454+0000] {dag.py:3834} INFO - Setting next_dagrun for example_complex to None, run_after=None
[2025-04-09T08:47:35.491+0000] {processor.py:183} INFO - Processing /home/airflow/.local/lib/python3.10/site-packages/airflow/example_dags/example_complex.py took 0.142 seconds
[2025-04-09T08:48:05.796+0000] {processor.py:161} INFO - Started process (PID=1350) to work on /home/airflow/.local/lib/python3.10/site-packages/airflow/example_dags/example_complex.py
[2025-04-09T08:48:05.799+0000] {processor.py:830} INFO - Processing file /home/airflow/.local/lib/python3.10/site-packages/airflow/example_dags/example_complex.py for tasks to queue
[2025-04-09T08:48:05.801+0000] {logging_mixin.py:188} INFO - [2025-04-09T08:48:05.801+0000] {dagbag.py:540} INFO - Filling up the DagBag from /home/airflow/.local/lib/python3.10/site-packages/airflow/example_dags/example_complex.py
[2025-04-09T08:48:05.815+0000] {processor.py:840} INFO - DAG(s) 'example_complex' retrieved from /home/airflow/.local/lib/python3.10/site-packages/airflow/example_dags/example_complex.py
[2025-04-09T08:48:05.855+0000] {logging_mixin.py:188} INFO - [2025-04-09T08:48:05.855+0000] {dag.py:3047} INFO - Sync 1 DAGs
[2025-04-09T08:48:05.872+0000] {logging_mixin.py:188} INFO - [2025-04-09T08:48:05.872+0000] {dag.py:3834} INFO - Setting next_dagrun for example_complex to None, run_after=None
[2025-04-09T08:48:05.898+0000] {processor.py:183} INFO - Processing /home/airflow/.local/lib/python3.10/site-packages/airflow/example_dags/example_complex.py took 0.106 seconds
[2025-04-09T08:48:36.291+0000] {processor.py:161} INFO - Started process (PID=1412) to work on /home/airflow/.local/lib/python3.10/site-packages/airflow/example_dags/example_complex.py
[2025-04-09T08:48:36.293+0000] {processor.py:830} INFO - Processing file /home/airflow/.local/lib/python3.10/site-packages/airflow/example_dags/example_complex.py for tasks to queue
[2025-04-09T08:48:36.297+0000] {logging_mixin.py:188} INFO - [2025-04-09T08:48:36.296+0000] {dagbag.py:540} INFO - Filling up the DagBag from /home/airflow/.local/lib/python3.10/site-packages/airflow/example_dags/example_complex.py
[2025-04-09T08:48:36.316+0000] {processor.py:840} INFO - DAG(s) 'example_complex' retrieved from /home/airflow/.local/lib/python3.10/site-packages/airflow/example_dags/example_complex.py
[2025-04-09T08:48:36.368+0000] {logging_mixin.py:188} INFO - [2025-04-09T08:48:36.368+0000] {dag.py:3047} INFO - Sync 1 DAGs
[2025-04-09T08:48:36.386+0000] {logging_mixin.py:188} INFO - [2025-04-09T08:48:36.385+0000] {dag.py:3834} INFO - Setting next_dagrun for example_complex to None, run_after=None
[2025-04-09T08:48:36.411+0000] {processor.py:183} INFO - Processing /home/airflow/.local/lib/python3.10/site-packages/airflow/example_dags/example_complex.py took 0.125 seconds
[2025-04-09T08:49:06.492+0000] {processor.py:161} INFO - Started process (PID=1474) to work on /home/airflow/.local/lib/python3.10/site-packages/airflow/example_dags/example_complex.py
[2025-04-09T08:49:06.493+0000] {processor.py:830} INFO - Processing file /home/airflow/.local/lib/python3.10/site-packages/airflow/example_dags/example_complex.py for tasks to queue
[2025-04-09T08:49:06.496+0000] {logging_mixin.py:188} INFO - [2025-04-09T08:49:06.495+0000] {dagbag.py:540} INFO - Filling up the DagBag from /home/airflow/.local/lib/python3.10/site-packages/airflow/example_dags/example_complex.py
[2025-04-09T08:49:06.509+0000] {processor.py:840} INFO - DAG(s) 'example_complex' retrieved from /home/airflow/.local/lib/python3.10/site-packages/airflow/example_dags/example_complex.py
[2025-04-09T08:49:06.542+0000] {logging_mixin.py:188} INFO - [2025-04-09T08:49:06.542+0000] {dag.py:3047} INFO - Sync 1 DAGs
[2025-04-09T08:49:06.554+0000] {logging_mixin.py:188} INFO - [2025-04-09T08:49:06.554+0000] {dag.py:3834} INFO - Setting next_dagrun for example_complex to None, run_after=None
[2025-04-09T08:49:06.576+0000] {processor.py:183} INFO - Processing /home/airflow/.local/lib/python3.10/site-packages/airflow/example_dags/example_complex.py took 0.087 seconds
[2025-04-09T08:49:37.407+0000] {processor.py:161} INFO - Started process (PID=1536) to work on /home/airflow/.local/lib/python3.10/site-packages/airflow/example_dags/example_complex.py
[2025-04-09T08:49:37.409+0000] {processor.py:830} INFO - Processing file /home/airflow/.local/lib/python3.10/site-packages/airflow/example_dags/example_complex.py for tasks to queue
[2025-04-09T08:49:37.416+0000] {logging_mixin.py:188} INFO - [2025-04-09T08:49:37.414+0000] {dagbag.py:540} INFO - Filling up the DagBag from /home/airflow/.local/lib/python3.10/site-packages/airflow/example_dags/example_complex.py
[2025-04-09T08:49:37.447+0000] {processor.py:840} INFO - DAG(s) 'example_complex' retrieved from /home/airflow/.local/lib/python3.10/site-packages/airflow/example_dags/example_complex.py
[2025-04-09T08:49:37.502+0000] {logging_mixin.py:188} INFO - [2025-04-09T08:49:37.502+0000] {dag.py:3047} INFO - Sync 1 DAGs
[2025-04-09T08:49:37.530+0000] {logging_mixin.py:188} INFO - [2025-04-09T08:49:37.530+0000] {dag.py:3834} INFO - Setting next_dagrun for example_complex to None, run_after=None
[2025-04-09T08:49:37.566+0000] {processor.py:183} INFO - Processing /home/airflow/.local/lib/python3.10/site-packages/airflow/example_dags/example_complex.py took 0.168 seconds
[2025-04-09T08:50:07.893+0000] {processor.py:161} INFO - Started process (PID=1604) to work on /home/airflow/.local/lib/python3.10/site-packages/airflow/example_dags/example_complex.py
[2025-04-09T08:50:07.899+0000] {processor.py:830} INFO - Processing file /home/airflow/.local/lib/python3.10/site-packages/airflow/example_dags/example_complex.py for tasks to queue
[2025-04-09T08:50:07.906+0000] {logging_mixin.py:188} INFO - [2025-04-09T08:50:07.905+0000] {dagbag.py:540} INFO - Filling up the DagBag from /home/airflow/.local/lib/python3.10/site-packages/airflow/example_dags/example_complex.py
[2025-04-09T08:50:07.939+0000] {processor.py:840} INFO - DAG(s) 'example_complex' retrieved from /home/airflow/.local/lib/python3.10/site-packages/airflow/example_dags/example_complex.py
[2025-04-09T08:50:08.005+0000] {logging_mixin.py:188} INFO - [2025-04-09T08:50:08.004+0000] {dag.py:3047} INFO - Sync 1 DAGs
[2025-04-09T08:50:08.030+0000] {logging_mixin.py:188} INFO - [2025-04-09T08:50:08.030+0000] {dag.py:3834} INFO - Setting next_dagrun for example_complex to None, run_after=None
[2025-04-09T08:50:08.071+0000] {processor.py:183} INFO - Processing /home/airflow/.local/lib/python3.10/site-packages/airflow/example_dags/example_complex.py took 0.187 seconds
[2025-04-09T08:50:38.307+0000] {processor.py:161} INFO - Started process (PID=1666) to work on /home/airflow/.local/lib/python3.10/site-packages/airflow/example_dags/example_complex.py
[2025-04-09T08:50:38.308+0000] {processor.py:830} INFO - Processing file /home/airflow/.local/lib/python3.10/site-packages/airflow/example_dags/example_complex.py for tasks to queue
[2025-04-09T08:50:38.311+0000] {logging_mixin.py:188} INFO - [2025-04-09T08:50:38.311+0000] {dagbag.py:540} INFO - Filling up the DagBag from /home/airflow/.local/lib/python3.10/site-packages/airflow/example_dags/example_complex.py
[2025-04-09T08:50:38.327+0000] {processor.py:840} INFO - DAG(s) 'example_complex' retrieved from /home/airflow/.local/lib/python3.10/site-packages/airflow/example_dags/example_complex.py
[2025-04-09T08:50:38.387+0000] {logging_mixin.py:188} INFO - [2025-04-09T08:50:38.387+0000] {dag.py:3047} INFO - Sync 1 DAGs
[2025-04-09T08:50:38.408+0000] {logging_mixin.py:188} INFO - [2025-04-09T08:50:38.408+0000] {dag.py:3834} INFO - Setting next_dagrun for example_complex to None, run_after=None
[2025-04-09T08:50:38.440+0000] {processor.py:183} INFO - Processing /home/airflow/.local/lib/python3.10/site-packages/airflow/example_dags/example_complex.py took 0.137 seconds
[2025-04-09T08:51:08.651+0000] {processor.py:161} INFO - Started process (PID=1728) to work on /home/airflow/.local/lib/python3.10/site-packages/airflow/example_dags/example_complex.py
[2025-04-09T08:51:08.652+0000] {processor.py:830} INFO - Processing file /home/airflow/.local/lib/python3.10/site-packages/airflow/example_dags/example_complex.py for tasks to queue
[2025-04-09T08:51:08.654+0000] {logging_mixin.py:188} INFO - [2025-04-09T08:51:08.654+0000] {dagbag.py:540} INFO - Filling up the DagBag from /home/airflow/.local/lib/python3.10/site-packages/airflow/example_dags/example_complex.py
[2025-04-09T08:51:08.666+0000] {processor.py:840} INFO - DAG(s) 'example_complex' retrieved from /home/airflow/.local/lib/python3.10/site-packages/airflow/example_dags/example_complex.py
[2025-04-09T08:51:08.697+0000] {logging_mixin.py:188} INFO - [2025-04-09T08:51:08.697+0000] {dag.py:3047} INFO - Sync 1 DAGs
[2025-04-09T08:51:08.711+0000] {logging_mixin.py:188} INFO - [2025-04-09T08:51:08.711+0000] {dag.py:3834} INFO - Setting next_dagrun for example_complex to None, run_after=None
[2025-04-09T08:51:08.736+0000] {processor.py:183} INFO - Processing /home/airflow/.local/lib/python3.10/site-packages/airflow/example_dags/example_complex.py took 0.089 seconds
[2025-04-09T08:51:39.299+0000] {processor.py:161} INFO - Started process (PID=1790) to work on /home/airflow/.local/lib/python3.10/site-packages/airflow/example_dags/example_complex.py
[2025-04-09T08:51:39.302+0000] {processor.py:830} INFO - Processing file /home/airflow/.local/lib/python3.10/site-packages/airflow/example_dags/example_complex.py for tasks to queue
[2025-04-09T08:51:39.306+0000] {logging_mixin.py:188} INFO - [2025-04-09T08:51:39.306+0000] {dagbag.py:540} INFO - Filling up the DagBag from /home/airflow/.local/lib/python3.10/site-packages/airflow/example_dags/example_complex.py
[2025-04-09T08:51:39.324+0000] {processor.py:840} INFO - DAG(s) 'example_complex' retrieved from /home/airflow/.local/lib/python3.10/site-packages/airflow/example_dags/example_complex.py
[2025-04-09T08:51:39.360+0000] {logging_mixin.py:188} INFO - [2025-04-09T08:51:39.360+0000] {dag.py:3047} INFO - Sync 1 DAGs
[2025-04-09T08:51:39.377+0000] {logging_mixin.py:188} INFO - [2025-04-09T08:51:39.377+0000] {dag.py:3834} INFO - Setting next_dagrun for example_complex to None, run_after=None
[2025-04-09T08:51:39.402+0000] {processor.py:183} INFO - Processing /home/airflow/.local/lib/python3.10/site-packages/airflow/example_dags/example_complex.py took 0.107 seconds
[2025-04-09T08:52:09.873+0000] {processor.py:161} INFO - Started process (PID=1852) to work on /home/airflow/.local/lib/python3.10/site-packages/airflow/example_dags/example_complex.py
[2025-04-09T08:52:09.874+0000] {processor.py:830} INFO - Processing file /home/airflow/.local/lib/python3.10/site-packages/airflow/example_dags/example_complex.py for tasks to queue
[2025-04-09T08:52:09.877+0000] {logging_mixin.py:188} INFO - [2025-04-09T08:52:09.876+0000] {dagbag.py:540} INFO - Filling up the DagBag from /home/airflow/.local/lib/python3.10/site-packages/airflow/example_dags/example_complex.py
[2025-04-09T08:52:09.889+0000] {processor.py:840} INFO - DAG(s) 'example_complex' retrieved from /home/airflow/.local/lib/python3.10/site-packages/airflow/example_dags/example_complex.py
[2025-04-09T08:52:09.921+0000] {logging_mixin.py:188} INFO - [2025-04-09T08:52:09.920+0000] {dag.py:3047} INFO - Sync 1 DAGs
[2025-04-09T08:52:09.933+0000] {logging_mixin.py:188} INFO - [2025-04-09T08:52:09.933+0000] {dag.py:3834} INFO - Setting next_dagrun for example_complex to None, run_after=None
[2025-04-09T08:52:09.957+0000] {processor.py:183} INFO - Processing /home/airflow/.local/lib/python3.10/site-packages/airflow/example_dags/example_complex.py took 0.089 seconds
[2025-04-09T08:52:40.190+0000] {processor.py:161} INFO - Started process (PID=1914) to work on /home/airflow/.local/lib/python3.10/site-packages/airflow/example_dags/example_complex.py
[2025-04-09T08:52:40.192+0000] {processor.py:830} INFO - Processing file /home/airflow/.local/lib/python3.10/site-packages/airflow/example_dags/example_complex.py for tasks to queue
[2025-04-09T08:52:40.194+0000] {logging_mixin.py:188} INFO - [2025-04-09T08:52:40.194+0000] {dagbag.py:540} INFO - Filling up the DagBag from /home/airflow/.local/lib/python3.10/site-packages/airflow/example_dags/example_complex.py
[2025-04-09T08:52:40.205+0000] {processor.py:840} INFO - DAG(s) 'example_complex' retrieved from /home/airflow/.local/lib/python3.10/site-packages/airflow/example_dags/example_complex.py
[2025-04-09T08:52:40.250+0000] {logging_mixin.py:188} INFO - [2025-04-09T08:52:40.249+0000] {dag.py:3047} INFO - Sync 1 DAGs
[2025-04-09T08:52:40.483+0000] {logging_mixin.py:188} INFO - [2025-04-09T08:52:40.482+0000] {dag.py:3834} INFO - Setting next_dagrun for example_complex to None, run_after=None
[2025-04-09T08:52:40.512+0000] {processor.py:183} INFO - Processing /home/airflow/.local/lib/python3.10/site-packages/airflow/example_dags/example_complex.py took 0.326 seconds
[2025-04-09T08:53:10.829+0000] {processor.py:161} INFO - Started process (PID=1976) to work on /home/airflow/.local/lib/python3.10/site-packages/airflow/example_dags/example_complex.py
[2025-04-09T08:53:10.830+0000] {processor.py:830} INFO - Processing file /home/airflow/.local/lib/python3.10/site-packages/airflow/example_dags/example_complex.py for tasks to queue
[2025-04-09T08:53:10.832+0000] {logging_mixin.py:188} INFO - [2025-04-09T08:53:10.832+0000] {dagbag.py:540} INFO - Filling up the DagBag from /home/airflow/.local/lib/python3.10/site-packages/airflow/example_dags/example_complex.py
[2025-04-09T08:53:10.844+0000] {processor.py:840} INFO - DAG(s) 'example_complex' retrieved from /home/airflow/.local/lib/python3.10/site-packages/airflow/example_dags/example_complex.py
[2025-04-09T08:53:10.876+0000] {logging_mixin.py:188} INFO - [2025-04-09T08:53:10.875+0000] {dag.py:3047} INFO - Sync 1 DAGs
[2025-04-09T08:53:11.056+0000] {logging_mixin.py:188} INFO - [2025-04-09T08:53:11.055+0000] {dag.py:3834} INFO - Setting next_dagrun for example_complex to None, run_after=None
[2025-04-09T08:53:11.078+0000] {processor.py:183} INFO - Processing /home/airflow/.local/lib/python3.10/site-packages/airflow/example_dags/example_complex.py took 0.253 seconds
[2025-04-09T08:53:41.868+0000] {processor.py:161} INFO - Started process (PID=2038) to work on /home/airflow/.local/lib/python3.10/site-packages/airflow/example_dags/example_complex.py
[2025-04-09T08:53:41.870+0000] {processor.py:830} INFO - Processing file /home/airflow/.local/lib/python3.10/site-packages/airflow/example_dags/example_complex.py for tasks to queue
[2025-04-09T08:53:41.872+0000] {logging_mixin.py:188} INFO - [2025-04-09T08:53:41.872+0000] {dagbag.py:540} INFO - Filling up the DagBag from /home/airflow/.local/lib/python3.10/site-packages/airflow/example_dags/example_complex.py
[2025-04-09T08:53:41.886+0000] {processor.py:840} INFO - DAG(s) 'example_complex' retrieved from /home/airflow/.local/lib/python3.10/site-packages/airflow/example_dags/example_complex.py
[2025-04-09T08:53:41.924+0000] {logging_mixin.py:188} INFO - [2025-04-09T08:53:41.923+0000] {dag.py:3047} INFO - Sync 1 DAGs
[2025-04-09T08:53:41.943+0000] {logging_mixin.py:188} INFO - [2025-04-09T08:53:41.943+0000] {dag.py:3834} INFO - Setting next_dagrun for example_complex to None, run_after=None
[2025-04-09T08:53:42.160+0000] {processor.py:183} INFO - Processing /home/airflow/.local/lib/python3.10/site-packages/airflow/example_dags/example_complex.py took 0.296 seconds
[2025-04-09T08:54:12.430+0000] {processor.py:161} INFO - Started process (PID=2100) to work on /home/airflow/.local/lib/python3.10/site-packages/airflow/example_dags/example_complex.py
[2025-04-09T08:54:12.432+0000] {processor.py:830} INFO - Processing file /home/airflow/.local/lib/python3.10/site-packages/airflow/example_dags/example_complex.py for tasks to queue
[2025-04-09T08:54:12.434+0000] {logging_mixin.py:188} INFO - [2025-04-09T08:54:12.434+0000] {dagbag.py:540} INFO - Filling up the DagBag from /home/airflow/.local/lib/python3.10/site-packages/airflow/example_dags/example_complex.py
[2025-04-09T08:54:12.445+0000] {processor.py:840} INFO - DAG(s) 'example_complex' retrieved from /home/airflow/.local/lib/python3.10/site-packages/airflow/example_dags/example_complex.py
[2025-04-09T08:54:12.487+0000] {logging_mixin.py:188} INFO - [2025-04-09T08:54:12.486+0000] {dag.py:3047} INFO - Sync 1 DAGs
[2025-04-09T08:54:12.502+0000] {logging_mixin.py:188} INFO - [2025-04-09T08:54:12.502+0000] {dag.py:3834} INFO - Setting next_dagrun for example_complex to None, run_after=None
[2025-04-09T08:54:12.533+0000] {processor.py:183} INFO - Processing /home/airflow/.local/lib/python3.10/site-packages/airflow/example_dags/example_complex.py took 0.107 seconds
[2025-04-09T08:54:42.655+0000] {processor.py:161} INFO - Started process (PID=2162) to work on /home/airflow/.local/lib/python3.10/site-packages/airflow/example_dags/example_complex.py
[2025-04-09T08:54:42.658+0000] {processor.py:830} INFO - Processing file /home/airflow/.local/lib/python3.10/site-packages/airflow/example_dags/example_complex.py for tasks to queue
[2025-04-09T08:54:42.664+0000] {logging_mixin.py:188} INFO - [2025-04-09T08:54:42.663+0000] {dagbag.py:540} INFO - Filling up the DagBag from /home/airflow/.local/lib/python3.10/site-packages/airflow/example_dags/example_complex.py
[2025-04-09T08:54:42.701+0000] {processor.py:840} INFO - DAG(s) 'example_complex' retrieved from /home/airflow/.local/lib/python3.10/site-packages/airflow/example_dags/example_complex.py
[2025-04-09T08:54:42.810+0000] {logging_mixin.py:188} INFO - [2025-04-09T08:54:42.809+0000] {dag.py:3047} INFO - Sync 1 DAGs
[2025-04-09T08:54:42.849+0000] {logging_mixin.py:188} INFO - [2025-04-09T08:54:42.849+0000] {dag.py:3834} INFO - Setting next_dagrun for example_complex to None, run_after=None
[2025-04-09T08:54:42.908+0000] {processor.py:183} INFO - Processing /home/airflow/.local/lib/python3.10/site-packages/airflow/example_dags/example_complex.py took 0.269 seconds
[2025-04-09T08:55:13.195+0000] {processor.py:161} INFO - Started process (PID=2229) to work on /home/airflow/.local/lib/python3.10/site-packages/airflow/example_dags/example_complex.py
[2025-04-09T08:55:13.197+0000] {processor.py:830} INFO - Processing file /home/airflow/.local/lib/python3.10/site-packages/airflow/example_dags/example_complex.py for tasks to queue
[2025-04-09T08:55:13.202+0000] {logging_mixin.py:188} INFO - [2025-04-09T08:55:13.201+0000] {dagbag.py:540} INFO - Filling up the DagBag from /home/airflow/.local/lib/python3.10/site-packages/airflow/example_dags/example_complex.py
[2025-04-09T08:55:13.230+0000] {processor.py:840} INFO - DAG(s) 'example_complex' retrieved from /home/airflow/.local/lib/python3.10/site-packages/airflow/example_dags/example_complex.py
[2025-04-09T08:55:13.307+0000] {logging_mixin.py:188} INFO - [2025-04-09T08:55:13.307+0000] {dag.py:3047} INFO - Sync 1 DAGs
[2025-04-09T08:55:13.336+0000] {logging_mixin.py:188} INFO - [2025-04-09T08:55:13.336+0000] {dag.py:3834} INFO - Setting next_dagrun for example_complex to None, run_after=None
[2025-04-09T08:55:13.377+0000] {processor.py:183} INFO - Processing /home/airflow/.local/lib/python3.10/site-packages/airflow/example_dags/example_complex.py took 0.192 seconds
[2025-04-09T08:55:46.147+0000] {processor.py:161} INFO - Started process (PID=2292) to work on /home/airflow/.local/lib/python3.10/site-packages/airflow/example_dags/example_complex.py
[2025-04-09T08:55:46.152+0000] {processor.py:830} INFO - Processing file /home/airflow/.local/lib/python3.10/site-packages/airflow/example_dags/example_complex.py for tasks to queue
[2025-04-09T08:55:46.169+0000] {logging_mixin.py:188} INFO - [2025-04-09T08:55:46.156+0000] {dagbag.py:540} INFO - Filling up the DagBag from /home/airflow/.local/lib/python3.10/site-packages/airflow/example_dags/example_complex.py
[2025-04-09T08:55:46.757+0000] {processor.py:840} INFO - DAG(s) 'example_complex' retrieved from /home/airflow/.local/lib/python3.10/site-packages/airflow/example_dags/example_complex.py
[2025-04-09T08:55:46.862+0000] {logging_mixin.py:188} INFO - [2025-04-09T08:55:46.862+0000] {dag.py:3047} INFO - Sync 1 DAGs
[2025-04-09T08:55:46.907+0000] {logging_mixin.py:188} INFO - [2025-04-09T08:55:46.906+0000] {dag.py:3834} INFO - Setting next_dagrun for example_complex to None, run_after=None
[2025-04-09T08:55:46.973+0000] {processor.py:183} INFO - Processing /home/airflow/.local/lib/python3.10/site-packages/airflow/example_dags/example_complex.py took 0.856 seconds
[2025-04-09T08:56:17.344+0000] {processor.py:161} INFO - Started process (PID=2354) to work on /home/airflow/.local/lib/python3.10/site-packages/airflow/example_dags/example_complex.py
[2025-04-09T08:56:17.346+0000] {processor.py:830} INFO - Processing file /home/airflow/.local/lib/python3.10/site-packages/airflow/example_dags/example_complex.py for tasks to queue
[2025-04-09T08:56:17.348+0000] {logging_mixin.py:188} INFO - [2025-04-09T08:56:17.348+0000] {dagbag.py:540} INFO - Filling up the DagBag from /home/airflow/.local/lib/python3.10/site-packages/airflow/example_dags/example_complex.py
[2025-04-09T08:56:17.360+0000] {processor.py:840} INFO - DAG(s) 'example_complex' retrieved from /home/airflow/.local/lib/python3.10/site-packages/airflow/example_dags/example_complex.py
[2025-04-09T08:56:17.397+0000] {logging_mixin.py:188} INFO - [2025-04-09T08:56:17.396+0000] {dag.py:3047} INFO - Sync 1 DAGs
[2025-04-09T08:56:17.410+0000] {logging_mixin.py:188} INFO - [2025-04-09T08:56:17.410+0000] {dag.py:3834} INFO - Setting next_dagrun for example_complex to None, run_after=None
[2025-04-09T08:56:17.438+0000] {processor.py:183} INFO - Processing /home/airflow/.local/lib/python3.10/site-packages/airflow/example_dags/example_complex.py took 0.099 seconds
[2025-04-09T08:56:47.596+0000] {processor.py:161} INFO - Started process (PID=2416) to work on /home/airflow/.local/lib/python3.10/site-packages/airflow/example_dags/example_complex.py
[2025-04-09T08:56:47.599+0000] {processor.py:830} INFO - Processing file /home/airflow/.local/lib/python3.10/site-packages/airflow/example_dags/example_complex.py for tasks to queue
[2025-04-09T08:56:47.602+0000] {logging_mixin.py:188} INFO - [2025-04-09T08:56:47.602+0000] {dagbag.py:540} INFO - Filling up the DagBag from /home/airflow/.local/lib/python3.10/site-packages/airflow/example_dags/example_complex.py
[2025-04-09T08:56:47.617+0000] {processor.py:840} INFO - DAG(s) 'example_complex' retrieved from /home/airflow/.local/lib/python3.10/site-packages/airflow/example_dags/example_complex.py
[2025-04-09T08:56:47.656+0000] {logging_mixin.py:188} INFO - [2025-04-09T08:56:47.656+0000] {dag.py:3047} INFO - Sync 1 DAGs
[2025-04-09T08:56:47.673+0000] {logging_mixin.py:188} INFO - [2025-04-09T08:56:47.672+0000] {dag.py:3834} INFO - Setting next_dagrun for example_complex to None, run_after=None
[2025-04-09T08:56:47.705+0000] {processor.py:183} INFO - Processing /home/airflow/.local/lib/python3.10/site-packages/airflow/example_dags/example_complex.py took 0.112 seconds
[2025-04-09T08:57:17.883+0000] {processor.py:161} INFO - Started process (PID=2478) to work on /home/airflow/.local/lib/python3.10/site-packages/airflow/example_dags/example_complex.py
[2025-04-09T08:57:17.885+0000] {processor.py:830} INFO - Processing file /home/airflow/.local/lib/python3.10/site-packages/airflow/example_dags/example_complex.py for tasks to queue
[2025-04-09T08:57:17.888+0000] {logging_mixin.py:188} INFO - [2025-04-09T08:57:17.888+0000] {dagbag.py:540} INFO - Filling up the DagBag from /home/airflow/.local/lib/python3.10/site-packages/airflow/example_dags/example_complex.py
[2025-04-09T08:57:17.901+0000] {processor.py:840} INFO - DAG(s) 'example_complex' retrieved from /home/airflow/.local/lib/python3.10/site-packages/airflow/example_dags/example_complex.py
[2025-04-09T08:57:17.941+0000] {logging_mixin.py:188} INFO - [2025-04-09T08:57:17.941+0000] {dag.py:3047} INFO - Sync 1 DAGs
[2025-04-09T08:57:17.956+0000] {logging_mixin.py:188} INFO - [2025-04-09T08:57:17.955+0000] {dag.py:3834} INFO - Setting next_dagrun for example_complex to None, run_after=None
[2025-04-09T08:57:17.986+0000] {processor.py:183} INFO - Processing /home/airflow/.local/lib/python3.10/site-packages/airflow/example_dags/example_complex.py took 0.107 seconds
[2025-04-09T08:57:48.456+0000] {processor.py:161} INFO - Started process (PID=2540) to work on /home/airflow/.local/lib/python3.10/site-packages/airflow/example_dags/example_complex.py
[2025-04-09T08:57:48.458+0000] {processor.py:830} INFO - Processing file /home/airflow/.local/lib/python3.10/site-packages/airflow/example_dags/example_complex.py for tasks to queue
[2025-04-09T08:57:48.461+0000] {logging_mixin.py:188} INFO - [2025-04-09T08:57:48.460+0000] {dagbag.py:540} INFO - Filling up the DagBag from /home/airflow/.local/lib/python3.10/site-packages/airflow/example_dags/example_complex.py
[2025-04-09T08:57:48.478+0000] {processor.py:840} INFO - DAG(s) 'example_complex' retrieved from /home/airflow/.local/lib/python3.10/site-packages/airflow/example_dags/example_complex.py
[2025-04-09T08:57:48.525+0000] {logging_mixin.py:188} INFO - [2025-04-09T08:57:48.524+0000] {dag.py:3047} INFO - Sync 1 DAGs
[2025-04-09T08:57:48.545+0000] {logging_mixin.py:188} INFO - [2025-04-09T08:57:48.544+0000] {dag.py:3834} INFO - Setting next_dagrun for example_complex to None, run_after=None
[2025-04-09T08:57:48.584+0000] {processor.py:183} INFO - Processing /home/airflow/.local/lib/python3.10/site-packages/airflow/example_dags/example_complex.py took 0.135 seconds
[2025-04-09T08:58:18.692+0000] {processor.py:161} INFO - Started process (PID=2602) to work on /home/airflow/.local/lib/python3.10/site-packages/airflow/example_dags/example_complex.py
[2025-04-09T08:58:18.694+0000] {processor.py:830} INFO - Processing file /home/airflow/.local/lib/python3.10/site-packages/airflow/example_dags/example_complex.py for tasks to queue
[2025-04-09T08:58:18.696+0000] {logging_mixin.py:188} INFO - [2025-04-09T08:58:18.696+0000] {dagbag.py:540} INFO - Filling up the DagBag from /home/airflow/.local/lib/python3.10/site-packages/airflow/example_dags/example_complex.py
[2025-04-09T08:58:18.709+0000] {processor.py:840} INFO - DAG(s) 'example_complex' retrieved from /home/airflow/.local/lib/python3.10/site-packages/airflow/example_dags/example_complex.py
[2025-04-09T08:58:18.745+0000] {logging_mixin.py:188} INFO - [2025-04-09T08:58:18.745+0000] {dag.py:3047} INFO - Sync 1 DAGs
[2025-04-09T08:58:18.758+0000] {logging_mixin.py:188} INFO - [2025-04-09T08:58:18.758+0000] {dag.py:3834} INFO - Setting next_dagrun for example_complex to None, run_after=None
[2025-04-09T08:58:18.788+0000] {processor.py:183} INFO - Processing /home/airflow/.local/lib/python3.10/site-packages/airflow/example_dags/example_complex.py took 0.100 seconds
[2025-04-09T08:58:49.727+0000] {processor.py:161} INFO - Started process (PID=2664) to work on /home/airflow/.local/lib/python3.10/site-packages/airflow/example_dags/example_complex.py
[2025-04-09T08:58:49.729+0000] {processor.py:830} INFO - Processing file /home/airflow/.local/lib/python3.10/site-packages/airflow/example_dags/example_complex.py for tasks to queue
[2025-04-09T08:58:49.731+0000] {logging_mixin.py:188} INFO - [2025-04-09T08:58:49.731+0000] {dagbag.py:540} INFO - Filling up the DagBag from /home/airflow/.local/lib/python3.10/site-packages/airflow/example_dags/example_complex.py
[2025-04-09T08:58:49.748+0000] {processor.py:840} INFO - DAG(s) 'example_complex' retrieved from /home/airflow/.local/lib/python3.10/site-packages/airflow/example_dags/example_complex.py
[2025-04-09T08:58:49.793+0000] {logging_mixin.py:188} INFO - [2025-04-09T08:58:49.792+0000] {dag.py:3047} INFO - Sync 1 DAGs
[2025-04-09T08:58:49.811+0000] {logging_mixin.py:188} INFO - [2025-04-09T08:58:49.811+0000] {dag.py:3834} INFO - Setting next_dagrun for example_complex to None, run_after=None
[2025-04-09T08:58:49.847+0000] {processor.py:183} INFO - Processing /home/airflow/.local/lib/python3.10/site-packages/airflow/example_dags/example_complex.py took 0.124 seconds
[2025-04-09T08:59:20.080+0000] {processor.py:161} INFO - Started process (PID=2726) to work on /home/airflow/.local/lib/python3.10/site-packages/airflow/example_dags/example_complex.py
[2025-04-09T08:59:20.082+0000] {processor.py:830} INFO - Processing file /home/airflow/.local/lib/python3.10/site-packages/airflow/example_dags/example_complex.py for tasks to queue
[2025-04-09T08:59:20.087+0000] {logging_mixin.py:188} INFO - [2025-04-09T08:59:20.086+0000] {dagbag.py:540} INFO - Filling up the DagBag from /home/airflow/.local/lib/python3.10/site-packages/airflow/example_dags/example_complex.py
[2025-04-09T08:59:20.099+0000] {processor.py:840} INFO - DAG(s) 'example_complex' retrieved from /home/airflow/.local/lib/python3.10/site-packages/airflow/example_dags/example_complex.py
[2025-04-09T08:59:20.137+0000] {logging_mixin.py:188} INFO - [2025-04-09T08:59:20.137+0000] {dag.py:3047} INFO - Sync 1 DAGs
[2025-04-09T08:59:20.155+0000] {logging_mixin.py:188} INFO - [2025-04-09T08:59:20.154+0000] {dag.py:3834} INFO - Setting next_dagrun for example_complex to None, run_after=None
[2025-04-09T08:59:20.192+0000] {processor.py:183} INFO - Processing /home/airflow/.local/lib/python3.10/site-packages/airflow/example_dags/example_complex.py took 0.117 seconds
[2025-04-09T08:59:50.586+0000] {processor.py:161} INFO - Started process (PID=2788) to work on /home/airflow/.local/lib/python3.10/site-packages/airflow/example_dags/example_complex.py
[2025-04-09T08:59:50.589+0000] {processor.py:830} INFO - Processing file /home/airflow/.local/lib/python3.10/site-packages/airflow/example_dags/example_complex.py for tasks to queue
[2025-04-09T08:59:50.593+0000] {logging_mixin.py:188} INFO - [2025-04-09T08:59:50.593+0000] {dagbag.py:540} INFO - Filling up the DagBag from /home/airflow/.local/lib/python3.10/site-packages/airflow/example_dags/example_complex.py
[2025-04-09T08:59:50.614+0000] {processor.py:840} INFO - DAG(s) 'example_complex' retrieved from /home/airflow/.local/lib/python3.10/site-packages/airflow/example_dags/example_complex.py
[2025-04-09T08:59:50.674+0000] {logging_mixin.py:188} INFO - [2025-04-09T08:59:50.673+0000] {dag.py:3047} INFO - Sync 1 DAGs
[2025-04-09T08:59:50.695+0000] {logging_mixin.py:188} INFO - [2025-04-09T08:59:50.695+0000] {dag.py:3834} INFO - Setting next_dagrun for example_complex to None, run_after=None
[2025-04-09T08:59:50.732+0000] {processor.py:183} INFO - Processing /home/airflow/.local/lib/python3.10/site-packages/airflow/example_dags/example_complex.py took 0.154 seconds
[2025-04-09T09:00:21.058+0000] {processor.py:161} INFO - Started process (PID=2856) to work on /home/airflow/.local/lib/python3.10/site-packages/airflow/example_dags/example_complex.py
[2025-04-09T09:00:21.059+0000] {processor.py:830} INFO - Processing file /home/airflow/.local/lib/python3.10/site-packages/airflow/example_dags/example_complex.py for tasks to queue
[2025-04-09T09:00:21.062+0000] {logging_mixin.py:188} INFO - [2025-04-09T09:00:21.062+0000] {dagbag.py:540} INFO - Filling up the DagBag from /home/airflow/.local/lib/python3.10/site-packages/airflow/example_dags/example_complex.py
[2025-04-09T09:00:21.075+0000] {processor.py:840} INFO - DAG(s) 'example_complex' retrieved from /home/airflow/.local/lib/python3.10/site-packages/airflow/example_dags/example_complex.py
[2025-04-09T09:00:21.111+0000] {logging_mixin.py:188} INFO - [2025-04-09T09:00:21.111+0000] {dag.py:3047} INFO - Sync 1 DAGs
[2025-04-09T09:00:21.126+0000] {logging_mixin.py:188} INFO - [2025-04-09T09:00:21.126+0000] {dag.py:3834} INFO - Setting next_dagrun for example_complex to None, run_after=None
[2025-04-09T09:00:21.154+0000] {processor.py:183} INFO - Processing /home/airflow/.local/lib/python3.10/site-packages/airflow/example_dags/example_complex.py took 0.100 seconds
[2025-04-09T09:00:51.608+0000] {processor.py:161} INFO - Started process (PID=2918) to work on /home/airflow/.local/lib/python3.10/site-packages/airflow/example_dags/example_complex.py
[2025-04-09T09:00:51.611+0000] {processor.py:830} INFO - Processing file /home/airflow/.local/lib/python3.10/site-packages/airflow/example_dags/example_complex.py for tasks to queue
[2025-04-09T09:00:51.614+0000] {logging_mixin.py:188} INFO - [2025-04-09T09:00:51.613+0000] {dagbag.py:540} INFO - Filling up the DagBag from /home/airflow/.local/lib/python3.10/site-packages/airflow/example_dags/example_complex.py
[2025-04-09T09:00:51.627+0000] {processor.py:840} INFO - DAG(s) 'example_complex' retrieved from /home/airflow/.local/lib/python3.10/site-packages/airflow/example_dags/example_complex.py
[2025-04-09T09:00:51.668+0000] {logging_mixin.py:188} INFO - [2025-04-09T09:00:51.668+0000] {dag.py:3047} INFO - Sync 1 DAGs
[2025-04-09T09:00:51.690+0000] {logging_mixin.py:188} INFO - [2025-04-09T09:00:51.689+0000] {dag.py:3834} INFO - Setting next_dagrun for example_complex to None, run_after=None
[2025-04-09T09:00:51.720+0000] {processor.py:183} INFO - Processing /home/airflow/.local/lib/python3.10/site-packages/airflow/example_dags/example_complex.py took 0.115 seconds
[2025-04-09T09:01:22.141+0000] {processor.py:161} INFO - Started process (PID=2980) to work on /home/airflow/.local/lib/python3.10/site-packages/airflow/example_dags/example_complex.py
[2025-04-09T09:01:22.144+0000] {processor.py:830} INFO - Processing file /home/airflow/.local/lib/python3.10/site-packages/airflow/example_dags/example_complex.py for tasks to queue
[2025-04-09T09:01:22.148+0000] {logging_mixin.py:188} INFO - [2025-04-09T09:01:22.147+0000] {dagbag.py:540} INFO - Filling up the DagBag from /home/airflow/.local/lib/python3.10/site-packages/airflow/example_dags/example_complex.py
[2025-04-09T09:01:22.176+0000] {processor.py:840} INFO - DAG(s) 'example_complex' retrieved from /home/airflow/.local/lib/python3.10/site-packages/airflow/example_dags/example_complex.py
[2025-04-09T09:01:22.265+0000] {logging_mixin.py:188} INFO - [2025-04-09T09:01:22.264+0000] {dag.py:3047} INFO - Sync 1 DAGs
[2025-04-09T09:01:22.315+0000] {logging_mixin.py:188} INFO - [2025-04-09T09:01:22.314+0000] {dag.py:3834} INFO - Setting next_dagrun for example_complex to None, run_after=None
[2025-04-09T09:01:22.371+0000] {processor.py:183} INFO - Processing /home/airflow/.local/lib/python3.10/site-packages/airflow/example_dags/example_complex.py took 0.239 seconds
[2025-04-09T09:01:53.202+0000] {processor.py:161} INFO - Started process (PID=3042) to work on /home/airflow/.local/lib/python3.10/site-packages/airflow/example_dags/example_complex.py
[2025-04-09T09:01:53.205+0000] {processor.py:830} INFO - Processing file /home/airflow/.local/lib/python3.10/site-packages/airflow/example_dags/example_complex.py for tasks to queue
[2025-04-09T09:01:53.207+0000] {logging_mixin.py:188} INFO - [2025-04-09T09:01:53.207+0000] {dagbag.py:540} INFO - Filling up the DagBag from /home/airflow/.local/lib/python3.10/site-packages/airflow/example_dags/example_complex.py
[2025-04-09T09:01:53.220+0000] {processor.py:840} INFO - DAG(s) 'example_complex' retrieved from /home/airflow/.local/lib/python3.10/site-packages/airflow/example_dags/example_complex.py
[2025-04-09T09:01:53.260+0000] {logging_mixin.py:188} INFO - [2025-04-09T09:01:53.259+0000] {dag.py:3047} INFO - Sync 1 DAGs
[2025-04-09T09:01:53.276+0000] {logging_mixin.py:188} INFO - [2025-04-09T09:01:53.276+0000] {dag.py:3834} INFO - Setting next_dagrun for example_complex to None, run_after=None
[2025-04-09T09:01:53.304+0000] {processor.py:183} INFO - Processing /home/airflow/.local/lib/python3.10/site-packages/airflow/example_dags/example_complex.py took 0.106 seconds
[2025-04-09T09:02:23.424+0000] {processor.py:161} INFO - Started process (PID=3104) to work on /home/airflow/.local/lib/python3.10/site-packages/airflow/example_dags/example_complex.py
[2025-04-09T09:02:23.427+0000] {processor.py:830} INFO - Processing file /home/airflow/.local/lib/python3.10/site-packages/airflow/example_dags/example_complex.py for tasks to queue
[2025-04-09T09:02:23.429+0000] {logging_mixin.py:188} INFO - [2025-04-09T09:02:23.429+0000] {dagbag.py:540} INFO - Filling up the DagBag from /home/airflow/.local/lib/python3.10/site-packages/airflow/example_dags/example_complex.py
[2025-04-09T09:02:23.446+0000] {processor.py:840} INFO - DAG(s) 'example_complex' retrieved from /home/airflow/.local/lib/python3.10/site-packages/airflow/example_dags/example_complex.py
[2025-04-09T09:02:23.484+0000] {logging_mixin.py:188} INFO - [2025-04-09T09:02:23.484+0000] {dag.py:3047} INFO - Sync 1 DAGs
[2025-04-09T09:02:23.499+0000] {logging_mixin.py:188} INFO - [2025-04-09T09:02:23.499+0000] {dag.py:3834} INFO - Setting next_dagrun for example_complex to None, run_after=None
[2025-04-09T09:02:23.528+0000] {processor.py:183} INFO - Processing /home/airflow/.local/lib/python3.10/site-packages/airflow/example_dags/example_complex.py took 0.109 seconds
[2025-04-09T09:02:53.746+0000] {processor.py:161} INFO - Started process (PID=3166) to work on /home/airflow/.local/lib/python3.10/site-packages/airflow/example_dags/example_complex.py
[2025-04-09T09:02:53.748+0000] {processor.py:830} INFO - Processing file /home/airflow/.local/lib/python3.10/site-packages/airflow/example_dags/example_complex.py for tasks to queue
[2025-04-09T09:02:53.751+0000] {logging_mixin.py:188} INFO - [2025-04-09T09:02:53.751+0000] {dagbag.py:540} INFO - Filling up the DagBag from /home/airflow/.local/lib/python3.10/site-packages/airflow/example_dags/example_complex.py
[2025-04-09T09:02:53.770+0000] {processor.py:840} INFO - DAG(s) 'example_complex' retrieved from /home/airflow/.local/lib/python3.10/site-packages/airflow/example_dags/example_complex.py
[2025-04-09T09:02:53.804+0000] {logging_mixin.py:188} INFO - [2025-04-09T09:02:53.804+0000] {dag.py:3047} INFO - Sync 1 DAGs
[2025-04-09T09:02:53.816+0000] {logging_mixin.py:188} INFO - [2025-04-09T09:02:53.816+0000] {dag.py:3834} INFO - Setting next_dagrun for example_complex to None, run_after=None
[2025-04-09T09:02:53.843+0000] {processor.py:183} INFO - Processing /home/airflow/.local/lib/python3.10/site-packages/airflow/example_dags/example_complex.py took 0.101 seconds
[2025-04-09T09:03:23.968+0000] {processor.py:161} INFO - Started process (PID=3228) to work on /home/airflow/.local/lib/python3.10/site-packages/airflow/example_dags/example_complex.py
[2025-04-09T09:03:23.969+0000] {processor.py:830} INFO - Processing file /home/airflow/.local/lib/python3.10/site-packages/airflow/example_dags/example_complex.py for tasks to queue
[2025-04-09T09:03:23.972+0000] {logging_mixin.py:188} INFO - [2025-04-09T09:03:23.971+0000] {dagbag.py:540} INFO - Filling up the DagBag from /home/airflow/.local/lib/python3.10/site-packages/airflow/example_dags/example_complex.py
[2025-04-09T09:03:23.986+0000] {processor.py:840} INFO - DAG(s) 'example_complex' retrieved from /home/airflow/.local/lib/python3.10/site-packages/airflow/example_dags/example_complex.py
[2025-04-09T09:03:24.020+0000] {logging_mixin.py:188} INFO - [2025-04-09T09:03:24.020+0000] {dag.py:3047} INFO - Sync 1 DAGs
[2025-04-09T09:03:24.035+0000] {logging_mixin.py:188} INFO - [2025-04-09T09:03:24.034+0000] {dag.py:3834} INFO - Setting next_dagrun for example_complex to None, run_after=None
[2025-04-09T09:03:24.062+0000] {processor.py:183} INFO - Processing /home/airflow/.local/lib/python3.10/site-packages/airflow/example_dags/example_complex.py took 0.099 seconds
[2025-04-09T09:03:54.268+0000] {processor.py:161} INFO - Started process (PID=3290) to work on /home/airflow/.local/lib/python3.10/site-packages/airflow/example_dags/example_complex.py
[2025-04-09T09:03:54.270+0000] {processor.py:830} INFO - Processing file /home/airflow/.local/lib/python3.10/site-packages/airflow/example_dags/example_complex.py for tasks to queue
[2025-04-09T09:03:54.275+0000] {logging_mixin.py:188} INFO - [2025-04-09T09:03:54.274+0000] {dagbag.py:540} INFO - Filling up the DagBag from /home/airflow/.local/lib/python3.10/site-packages/airflow/example_dags/example_complex.py
[2025-04-09T09:03:54.296+0000] {processor.py:840} INFO - DAG(s) 'example_complex' retrieved from /home/airflow/.local/lib/python3.10/site-packages/airflow/example_dags/example_complex.py
[2025-04-09T09:03:54.338+0000] {logging_mixin.py:188} INFO - [2025-04-09T09:03:54.337+0000] {dag.py:3047} INFO - Sync 1 DAGs
[2025-04-09T09:03:54.357+0000] {logging_mixin.py:188} INFO - [2025-04-09T09:03:54.357+0000] {dag.py:3834} INFO - Setting next_dagrun for example_complex to None, run_after=None
[2025-04-09T09:03:54.385+0000] {processor.py:183} INFO - Processing /home/airflow/.local/lib/python3.10/site-packages/airflow/example_dags/example_complex.py took 0.121 seconds
[2025-04-09T09:04:24.605+0000] {processor.py:161} INFO - Started process (PID=3352) to work on /home/airflow/.local/lib/python3.10/site-packages/airflow/example_dags/example_complex.py
[2025-04-09T09:04:24.607+0000] {processor.py:830} INFO - Processing file /home/airflow/.local/lib/python3.10/site-packages/airflow/example_dags/example_complex.py for tasks to queue
[2025-04-09T09:04:24.610+0000] {logging_mixin.py:188} INFO - [2025-04-09T09:04:24.610+0000] {dagbag.py:540} INFO - Filling up the DagBag from /home/airflow/.local/lib/python3.10/site-packages/airflow/example_dags/example_complex.py
[2025-04-09T09:04:24.622+0000] {processor.py:840} INFO - DAG(s) 'example_complex' retrieved from /home/airflow/.local/lib/python3.10/site-packages/airflow/example_dags/example_complex.py
[2025-04-09T09:04:24.658+0000] {logging_mixin.py:188} INFO - [2025-04-09T09:04:24.658+0000] {dag.py:3047} INFO - Sync 1 DAGs
[2025-04-09T09:04:24.672+0000] {logging_mixin.py:188} INFO - [2025-04-09T09:04:24.672+0000] {dag.py:3834} INFO - Setting next_dagrun for example_complex to None, run_after=None
[2025-04-09T09:04:24.700+0000] {processor.py:183} INFO - Processing /home/airflow/.local/lib/python3.10/site-packages/airflow/example_dags/example_complex.py took 0.100 seconds
[2025-04-09T09:04:55.678+0000] {processor.py:161} INFO - Started process (PID=3414) to work on /home/airflow/.local/lib/python3.10/site-packages/airflow/example_dags/example_complex.py
[2025-04-09T09:04:55.680+0000] {processor.py:830} INFO - Processing file /home/airflow/.local/lib/python3.10/site-packages/airflow/example_dags/example_complex.py for tasks to queue
[2025-04-09T09:04:55.683+0000] {logging_mixin.py:188} INFO - [2025-04-09T09:04:55.682+0000] {dagbag.py:540} INFO - Filling up the DagBag from /home/airflow/.local/lib/python3.10/site-packages/airflow/example_dags/example_complex.py
[2025-04-09T09:04:55.695+0000] {processor.py:840} INFO - DAG(s) 'example_complex' retrieved from /home/airflow/.local/lib/python3.10/site-packages/airflow/example_dags/example_complex.py
[2025-04-09T09:04:55.735+0000] {logging_mixin.py:188} INFO - [2025-04-09T09:04:55.734+0000] {dag.py:3047} INFO - Sync 1 DAGs
[2025-04-09T09:04:55.748+0000] {logging_mixin.py:188} INFO - [2025-04-09T09:04:55.748+0000] {dag.py:3834} INFO - Setting next_dagrun for example_complex to None, run_after=None
[2025-04-09T09:04:55.777+0000] {processor.py:183} INFO - Processing /home/airflow/.local/lib/python3.10/site-packages/airflow/example_dags/example_complex.py took 0.103 seconds
[2025-04-09T09:05:26.150+0000] {processor.py:161} INFO - Started process (PID=3482) to work on /home/airflow/.local/lib/python3.10/site-packages/airflow/example_dags/example_complex.py
[2025-04-09T09:05:26.152+0000] {processor.py:830} INFO - Processing file /home/airflow/.local/lib/python3.10/site-packages/airflow/example_dags/example_complex.py for tasks to queue
[2025-04-09T09:05:26.155+0000] {logging_mixin.py:188} INFO - [2025-04-09T09:05:26.155+0000] {dagbag.py:540} INFO - Filling up the DagBag from /home/airflow/.local/lib/python3.10/site-packages/airflow/example_dags/example_complex.py
[2025-04-09T09:05:26.171+0000] {processor.py:840} INFO - DAG(s) 'example_complex' retrieved from /home/airflow/.local/lib/python3.10/site-packages/airflow/example_dags/example_complex.py
[2025-04-09T09:05:26.212+0000] {logging_mixin.py:188} INFO - [2025-04-09T09:05:26.211+0000] {dag.py:3047} INFO - Sync 1 DAGs
[2025-04-09T09:05:26.228+0000] {logging_mixin.py:188} INFO - [2025-04-09T09:05:26.228+0000] {dag.py:3834} INFO - Setting next_dagrun for example_complex to None, run_after=None
[2025-04-09T09:05:26.258+0000] {processor.py:183} INFO - Processing /home/airflow/.local/lib/python3.10/site-packages/airflow/example_dags/example_complex.py took 0.113 seconds
[2025-04-09T09:05:56.463+0000] {processor.py:161} INFO - Started process (PID=3544) to work on /home/airflow/.local/lib/python3.10/site-packages/airflow/example_dags/example_complex.py
[2025-04-09T09:05:56.464+0000] {processor.py:830} INFO - Processing file /home/airflow/.local/lib/python3.10/site-packages/airflow/example_dags/example_complex.py for tasks to queue
[2025-04-09T09:05:56.465+0000] {logging_mixin.py:188} INFO - [2025-04-09T09:05:56.465+0000] {dagbag.py:540} INFO - Filling up the DagBag from /home/airflow/.local/lib/python3.10/site-packages/airflow/example_dags/example_complex.py
[2025-04-09T09:05:56.482+0000] {processor.py:840} INFO - DAG(s) 'example_complex' retrieved from /home/airflow/.local/lib/python3.10/site-packages/airflow/example_dags/example_complex.py
[2025-04-09T09:05:56.524+0000] {logging_mixin.py:188} INFO - [2025-04-09T09:05:56.524+0000] {dag.py:3047} INFO - Sync 1 DAGs
[2025-04-09T09:05:56.537+0000] {logging_mixin.py:188} INFO - [2025-04-09T09:05:56.537+0000] {dag.py:3834} INFO - Setting next_dagrun for example_complex to None, run_after=None
[2025-04-09T09:05:56.569+0000] {processor.py:183} INFO - Processing /home/airflow/.local/lib/python3.10/site-packages/airflow/example_dags/example_complex.py took 0.110 seconds
[2025-04-09T09:06:26.736+0000] {processor.py:161} INFO - Started process (PID=3605) to work on /home/airflow/.local/lib/python3.10/site-packages/airflow/example_dags/example_complex.py
[2025-04-09T09:06:26.739+0000] {processor.py:830} INFO - Processing file /home/airflow/.local/lib/python3.10/site-packages/airflow/example_dags/example_complex.py for tasks to queue
[2025-04-09T09:06:26.740+0000] {logging_mixin.py:188} INFO - [2025-04-09T09:06:26.740+0000] {dagbag.py:540} INFO - Filling up the DagBag from /home/airflow/.local/lib/python3.10/site-packages/airflow/example_dags/example_complex.py
[2025-04-09T09:06:26.753+0000] {processor.py:840} INFO - DAG(s) 'example_complex' retrieved from /home/airflow/.local/lib/python3.10/site-packages/airflow/example_dags/example_complex.py
[2025-04-09T09:06:26.793+0000] {logging_mixin.py:188} INFO - [2025-04-09T09:06:26.792+0000] {dag.py:3047} INFO - Sync 1 DAGs
[2025-04-09T09:06:26.808+0000] {logging_mixin.py:188} INFO - [2025-04-09T09:06:26.807+0000] {dag.py:3834} INFO - Setting next_dagrun for example_complex to None, run_after=None
[2025-04-09T09:06:26.837+0000] {processor.py:183} INFO - Processing /home/airflow/.local/lib/python3.10/site-packages/airflow/example_dags/example_complex.py took 0.105 seconds
[2025-04-09T09:06:56.872+0000] {processor.py:161} INFO - Started process (PID=3666) to work on /home/airflow/.local/lib/python3.10/site-packages/airflow/example_dags/example_complex.py
[2025-04-09T09:06:56.875+0000] {processor.py:830} INFO - Processing file /home/airflow/.local/lib/python3.10/site-packages/airflow/example_dags/example_complex.py for tasks to queue
[2025-04-09T09:06:56.877+0000] {logging_mixin.py:188} INFO - [2025-04-09T09:06:56.877+0000] {dagbag.py:540} INFO - Filling up the DagBag from /home/airflow/.local/lib/python3.10/site-packages/airflow/example_dags/example_complex.py
[2025-04-09T09:06:56.890+0000] {processor.py:840} INFO - DAG(s) 'example_complex' retrieved from /home/airflow/.local/lib/python3.10/site-packages/airflow/example_dags/example_complex.py
[2025-04-09T09:06:56.927+0000] {logging_mixin.py:188} INFO - [2025-04-09T09:06:56.926+0000] {dag.py:3047} INFO - Sync 1 DAGs
[2025-04-09T09:06:56.941+0000] {logging_mixin.py:188} INFO - [2025-04-09T09:06:56.940+0000] {dag.py:3834} INFO - Setting next_dagrun for example_complex to None, run_after=None
[2025-04-09T09:06:56.969+0000] {processor.py:183} INFO - Processing /home/airflow/.local/lib/python3.10/site-packages/airflow/example_dags/example_complex.py took 0.101 seconds
[2025-04-09T09:07:27.516+0000] {processor.py:161} INFO - Started process (PID=3727) to work on /home/airflow/.local/lib/python3.10/site-packages/airflow/example_dags/example_complex.py
[2025-04-09T09:07:27.518+0000] {processor.py:830} INFO - Processing file /home/airflow/.local/lib/python3.10/site-packages/airflow/example_dags/example_complex.py for tasks to queue
[2025-04-09T09:07:27.520+0000] {logging_mixin.py:188} INFO - [2025-04-09T09:07:27.520+0000] {dagbag.py:540} INFO - Filling up the DagBag from /home/airflow/.local/lib/python3.10/site-packages/airflow/example_dags/example_complex.py
[2025-04-09T09:07:27.534+0000] {processor.py:840} INFO - DAG(s) 'example_complex' retrieved from /home/airflow/.local/lib/python3.10/site-packages/airflow/example_dags/example_complex.py
[2025-04-09T09:07:27.573+0000] {logging_mixin.py:188} INFO - [2025-04-09T09:07:27.573+0000] {dag.py:3047} INFO - Sync 1 DAGs
[2025-04-09T09:07:27.587+0000] {logging_mixin.py:188} INFO - [2025-04-09T09:07:27.587+0000] {dag.py:3834} INFO - Setting next_dagrun for example_complex to None, run_after=None
[2025-04-09T09:07:27.612+0000] {processor.py:183} INFO - Processing /home/airflow/.local/lib/python3.10/site-packages/airflow/example_dags/example_complex.py took 0.099 seconds
[2025-04-09T09:07:58.191+0000] {processor.py:161} INFO - Started process (PID=3789) to work on /home/airflow/.local/lib/python3.10/site-packages/airflow/example_dags/example_complex.py
[2025-04-09T09:07:58.193+0000] {processor.py:830} INFO - Processing file /home/airflow/.local/lib/python3.10/site-packages/airflow/example_dags/example_complex.py for tasks to queue
[2025-04-09T09:07:58.194+0000] {logging_mixin.py:188} INFO - [2025-04-09T09:07:58.194+0000] {dagbag.py:540} INFO - Filling up the DagBag from /home/airflow/.local/lib/python3.10/site-packages/airflow/example_dags/example_complex.py
[2025-04-09T09:07:58.210+0000] {processor.py:840} INFO - DAG(s) 'example_complex' retrieved from /home/airflow/.local/lib/python3.10/site-packages/airflow/example_dags/example_complex.py
[2025-04-09T09:07:58.254+0000] {logging_mixin.py:188} INFO - [2025-04-09T09:07:58.253+0000] {dag.py:3047} INFO - Sync 1 DAGs
[2025-04-09T09:07:58.270+0000] {logging_mixin.py:188} INFO - [2025-04-09T09:07:58.269+0000] {dag.py:3834} INFO - Setting next_dagrun for example_complex to None, run_after=None
[2025-04-09T09:07:58.296+0000] {processor.py:183} INFO - Processing /home/airflow/.local/lib/python3.10/site-packages/airflow/example_dags/example_complex.py took 0.111 seconds
[2025-04-09T09:08:29.121+0000] {processor.py:161} INFO - Started process (PID=3859) to work on /home/airflow/.local/lib/python3.10/site-packages/airflow/example_dags/example_complex.py
[2025-04-09T09:08:29.123+0000] {processor.py:830} INFO - Processing file /home/airflow/.local/lib/python3.10/site-packages/airflow/example_dags/example_complex.py for tasks to queue
[2025-04-09T09:08:29.125+0000] {logging_mixin.py:188} INFO - [2025-04-09T09:08:29.124+0000] {dagbag.py:540} INFO - Filling up the DagBag from /home/airflow/.local/lib/python3.10/site-packages/airflow/example_dags/example_complex.py
[2025-04-09T09:08:29.138+0000] {processor.py:840} INFO - DAG(s) 'example_complex' retrieved from /home/airflow/.local/lib/python3.10/site-packages/airflow/example_dags/example_complex.py
[2025-04-09T09:08:29.174+0000] {logging_mixin.py:188} INFO - [2025-04-09T09:08:29.174+0000] {dag.py:3047} INFO - Sync 1 DAGs
[2025-04-09T09:08:29.188+0000] {logging_mixin.py:188} INFO - [2025-04-09T09:08:29.187+0000] {dag.py:3834} INFO - Setting next_dagrun for example_complex to None, run_after=None
[2025-04-09T09:08:29.217+0000] {processor.py:183} INFO - Processing /home/airflow/.local/lib/python3.10/site-packages/airflow/example_dags/example_complex.py took 0.100 seconds
[2025-04-09T09:09:00.046+0000] {processor.py:161} INFO - Started process (PID=3921) to work on /home/airflow/.local/lib/python3.10/site-packages/airflow/example_dags/example_complex.py
[2025-04-09T09:09:00.048+0000] {processor.py:830} INFO - Processing file /home/airflow/.local/lib/python3.10/site-packages/airflow/example_dags/example_complex.py for tasks to queue
[2025-04-09T09:09:00.049+0000] {logging_mixin.py:188} INFO - [2025-04-09T09:09:00.048+0000] {dagbag.py:540} INFO - Filling up the DagBag from /home/airflow/.local/lib/python3.10/site-packages/airflow/example_dags/example_complex.py
[2025-04-09T09:09:00.062+0000] {processor.py:840} INFO - DAG(s) 'example_complex' retrieved from /home/airflow/.local/lib/python3.10/site-packages/airflow/example_dags/example_complex.py
[2025-04-09T09:09:00.104+0000] {logging_mixin.py:188} INFO - [2025-04-09T09:09:00.104+0000] {dag.py:3047} INFO - Sync 1 DAGs
[2025-04-09T09:09:00.118+0000] {logging_mixin.py:188} INFO - [2025-04-09T09:09:00.118+0000] {dag.py:3834} INFO - Setting next_dagrun for example_complex to None, run_after=None
[2025-04-09T09:09:00.144+0000] {processor.py:183} INFO - Processing /home/airflow/.local/lib/python3.10/site-packages/airflow/example_dags/example_complex.py took 0.102 seconds
[2025-04-09T09:09:30.990+0000] {processor.py:161} INFO - Started process (PID=3983) to work on /home/airflow/.local/lib/python3.10/site-packages/airflow/example_dags/example_complex.py
[2025-04-09T09:09:30.995+0000] {processor.py:830} INFO - Processing file /home/airflow/.local/lib/python3.10/site-packages/airflow/example_dags/example_complex.py for tasks to queue
[2025-04-09T09:09:30.996+0000] {logging_mixin.py:188} INFO - [2025-04-09T09:09:30.996+0000] {dagbag.py:540} INFO - Filling up the DagBag from /home/airflow/.local/lib/python3.10/site-packages/airflow/example_dags/example_complex.py
[2025-04-09T09:09:31.018+0000] {processor.py:840} INFO - DAG(s) 'example_complex' retrieved from /home/airflow/.local/lib/python3.10/site-packages/airflow/example_dags/example_complex.py
[2025-04-09T09:09:31.071+0000] {logging_mixin.py:188} INFO - [2025-04-09T09:09:31.071+0000] {dag.py:3047} INFO - Sync 1 DAGs
[2025-04-09T09:09:31.096+0000] {logging_mixin.py:188} INFO - [2025-04-09T09:09:31.096+0000] {dag.py:3834} INFO - Setting next_dagrun for example_complex to None, run_after=None
[2025-04-09T09:09:31.133+0000] {processor.py:183} INFO - Processing /home/airflow/.local/lib/python3.10/site-packages/airflow/example_dags/example_complex.py took 0.149 seconds
[2025-04-09T09:10:01.960+0000] {processor.py:161} INFO - Started process (PID=4051) to work on /home/airflow/.local/lib/python3.10/site-packages/airflow/example_dags/example_complex.py
[2025-04-09T09:10:01.962+0000] {processor.py:830} INFO - Processing file /home/airflow/.local/lib/python3.10/site-packages/airflow/example_dags/example_complex.py for tasks to queue
[2025-04-09T09:10:01.964+0000] {logging_mixin.py:188} INFO - [2025-04-09T09:10:01.963+0000] {dagbag.py:540} INFO - Filling up the DagBag from /home/airflow/.local/lib/python3.10/site-packages/airflow/example_dags/example_complex.py
[2025-04-09T09:10:01.977+0000] {processor.py:840} INFO - DAG(s) 'example_complex' retrieved from /home/airflow/.local/lib/python3.10/site-packages/airflow/example_dags/example_complex.py
[2025-04-09T09:10:02.013+0000] {logging_mixin.py:188} INFO - [2025-04-09T09:10:02.013+0000] {dag.py:3047} INFO - Sync 1 DAGs
[2025-04-09T09:10:02.027+0000] {logging_mixin.py:188} INFO - [2025-04-09T09:10:02.027+0000] {dag.py:3834} INFO - Setting next_dagrun for example_complex to None, run_after=None
[2025-04-09T09:10:02.056+0000] {processor.py:183} INFO - Processing /home/airflow/.local/lib/python3.10/site-packages/airflow/example_dags/example_complex.py took 0.099 seconds
[2025-04-09T09:10:32.429+0000] {processor.py:161} INFO - Started process (PID=4113) to work on /home/airflow/.local/lib/python3.10/site-packages/airflow/example_dags/example_complex.py
[2025-04-09T09:10:32.430+0000] {processor.py:830} INFO - Processing file /home/airflow/.local/lib/python3.10/site-packages/airflow/example_dags/example_complex.py for tasks to queue
[2025-04-09T09:10:32.432+0000] {logging_mixin.py:188} INFO - [2025-04-09T09:10:32.431+0000] {dagbag.py:540} INFO - Filling up the DagBag from /home/airflow/.local/lib/python3.10/site-packages/airflow/example_dags/example_complex.py
[2025-04-09T09:10:32.445+0000] {processor.py:840} INFO - DAG(s) 'example_complex' retrieved from /home/airflow/.local/lib/python3.10/site-packages/airflow/example_dags/example_complex.py
[2025-04-09T09:10:32.485+0000] {logging_mixin.py:188} INFO - [2025-04-09T09:10:32.485+0000] {dag.py:3047} INFO - Sync 1 DAGs
[2025-04-09T09:10:32.499+0000] {logging_mixin.py:188} INFO - [2025-04-09T09:10:32.499+0000] {dag.py:3834} INFO - Setting next_dagrun for example_complex to None, run_after=None
[2025-04-09T09:10:32.527+0000] {processor.py:183} INFO - Processing /home/airflow/.local/lib/python3.10/site-packages/airflow/example_dags/example_complex.py took 0.104 seconds
[2025-04-09T09:11:02.969+0000] {processor.py:161} INFO - Started process (PID=4175) to work on /home/airflow/.local/lib/python3.10/site-packages/airflow/example_dags/example_complex.py
[2025-04-09T09:11:02.972+0000] {processor.py:830} INFO - Processing file /home/airflow/.local/lib/python3.10/site-packages/airflow/example_dags/example_complex.py for tasks to queue
[2025-04-09T09:11:02.974+0000] {logging_mixin.py:188} INFO - [2025-04-09T09:11:02.973+0000] {dagbag.py:540} INFO - Filling up the DagBag from /home/airflow/.local/lib/python3.10/site-packages/airflow/example_dags/example_complex.py
[2025-04-09T09:11:02.990+0000] {processor.py:840} INFO - DAG(s) 'example_complex' retrieved from /home/airflow/.local/lib/python3.10/site-packages/airflow/example_dags/example_complex.py
[2025-04-09T09:11:03.033+0000] {logging_mixin.py:188} INFO - [2025-04-09T09:11:03.032+0000] {dag.py:3047} INFO - Sync 1 DAGs
[2025-04-09T09:11:03.048+0000] {logging_mixin.py:188} INFO - [2025-04-09T09:11:03.048+0000] {dag.py:3834} INFO - Setting next_dagrun for example_complex to None, run_after=None
[2025-04-09T09:11:03.076+0000] {processor.py:183} INFO - Processing /home/airflow/.local/lib/python3.10/site-packages/airflow/example_dags/example_complex.py took 0.112 seconds
[2025-04-09T09:11:33.296+0000] {processor.py:161} INFO - Started process (PID=4236) to work on /home/airflow/.local/lib/python3.10/site-packages/airflow/example_dags/example_complex.py
[2025-04-09T09:11:33.299+0000] {processor.py:830} INFO - Processing file /home/airflow/.local/lib/python3.10/site-packages/airflow/example_dags/example_complex.py for tasks to queue
[2025-04-09T09:11:33.301+0000] {logging_mixin.py:188} INFO - [2025-04-09T09:11:33.300+0000] {dagbag.py:540} INFO - Filling up the DagBag from /home/airflow/.local/lib/python3.10/site-packages/airflow/example_dags/example_complex.py
[2025-04-09T09:11:33.320+0000] {processor.py:840} INFO - DAG(s) 'example_complex' retrieved from /home/airflow/.local/lib/python3.10/site-packages/airflow/example_dags/example_complex.py
[2025-04-09T09:11:33.376+0000] {logging_mixin.py:188} INFO - [2025-04-09T09:11:33.375+0000] {dag.py:3047} INFO - Sync 1 DAGs
[2025-04-09T09:11:33.397+0000] {logging_mixin.py:188} INFO - [2025-04-09T09:11:33.397+0000] {dag.py:3834} INFO - Setting next_dagrun for example_complex to None, run_after=None
[2025-04-09T09:11:33.430+0000] {processor.py:183} INFO - Processing /home/airflow/.local/lib/python3.10/site-packages/airflow/example_dags/example_complex.py took 0.140 seconds
[2025-04-09T09:12:03.960+0000] {processor.py:161} INFO - Started process (PID=4296) to work on /home/airflow/.local/lib/python3.10/site-packages/airflow/example_dags/example_complex.py
[2025-04-09T09:12:03.962+0000] {processor.py:830} INFO - Processing file /home/airflow/.local/lib/python3.10/site-packages/airflow/example_dags/example_complex.py for tasks to queue
[2025-04-09T09:12:03.964+0000] {logging_mixin.py:188} INFO - [2025-04-09T09:12:03.963+0000] {dagbag.py:540} INFO - Filling up the DagBag from /home/airflow/.local/lib/python3.10/site-packages/airflow/example_dags/example_complex.py
[2025-04-09T09:12:03.978+0000] {processor.py:840} INFO - DAG(s) 'example_complex' retrieved from /home/airflow/.local/lib/python3.10/site-packages/airflow/example_dags/example_complex.py
[2025-04-09T09:12:04.015+0000] {logging_mixin.py:188} INFO - [2025-04-09T09:12:04.015+0000] {dag.py:3047} INFO - Sync 1 DAGs
[2025-04-09T09:12:04.029+0000] {logging_mixin.py:188} INFO - [2025-04-09T09:12:04.029+0000] {dag.py:3834} INFO - Setting next_dagrun for example_complex to None, run_after=None
[2025-04-09T09:12:04.057+0000] {processor.py:183} INFO - Processing /home/airflow/.local/lib/python3.10/site-packages/airflow/example_dags/example_complex.py took 0.100 seconds
[2025-04-09T09:12:34.373+0000] {processor.py:161} INFO - Started process (PID=4356) to work on /home/airflow/.local/lib/python3.10/site-packages/airflow/example_dags/example_complex.py
[2025-04-09T09:12:34.376+0000] {processor.py:830} INFO - Processing file /home/airflow/.local/lib/python3.10/site-packages/airflow/example_dags/example_complex.py for tasks to queue
[2025-04-09T09:12:34.377+0000] {logging_mixin.py:188} INFO - [2025-04-09T09:12:34.377+0000] {dagbag.py:540} INFO - Filling up the DagBag from /home/airflow/.local/lib/python3.10/site-packages/airflow/example_dags/example_complex.py
[2025-04-09T09:12:34.393+0000] {processor.py:840} INFO - DAG(s) 'example_complex' retrieved from /home/airflow/.local/lib/python3.10/site-packages/airflow/example_dags/example_complex.py
[2025-04-09T09:12:34.437+0000] {logging_mixin.py:188} INFO - [2025-04-09T09:12:34.437+0000] {dag.py:3047} INFO - Sync 1 DAGs
[2025-04-09T09:12:34.455+0000] {logging_mixin.py:188} INFO - [2025-04-09T09:12:34.454+0000] {dag.py:3834} INFO - Setting next_dagrun for example_complex to None, run_after=None
[2025-04-09T09:12:34.490+0000] {processor.py:183} INFO - Processing /home/airflow/.local/lib/python3.10/site-packages/airflow/example_dags/example_complex.py took 0.121 seconds
[2025-04-09T09:13:05.028+0000] {processor.py:161} INFO - Started process (PID=4418) to work on /home/airflow/.local/lib/python3.10/site-packages/airflow/example_dags/example_complex.py
[2025-04-09T09:13:05.031+0000] {processor.py:830} INFO - Processing file /home/airflow/.local/lib/python3.10/site-packages/airflow/example_dags/example_complex.py for tasks to queue
[2025-04-09T09:13:05.033+0000] {logging_mixin.py:188} INFO - [2025-04-09T09:13:05.032+0000] {dagbag.py:540} INFO - Filling up the DagBag from /home/airflow/.local/lib/python3.10/site-packages/airflow/example_dags/example_complex.py
[2025-04-09T09:13:05.047+0000] {processor.py:840} INFO - DAG(s) 'example_complex' retrieved from /home/airflow/.local/lib/python3.10/site-packages/airflow/example_dags/example_complex.py
[2025-04-09T09:13:05.084+0000] {logging_mixin.py:188} INFO - [2025-04-09T09:13:05.084+0000] {dag.py:3047} INFO - Sync 1 DAGs
[2025-04-09T09:13:05.098+0000] {logging_mixin.py:188} INFO - [2025-04-09T09:13:05.097+0000] {dag.py:3834} INFO - Setting next_dagrun for example_complex to None, run_after=None
[2025-04-09T09:13:05.126+0000] {processor.py:183} INFO - Processing /home/airflow/.local/lib/python3.10/site-packages/airflow/example_dags/example_complex.py took 0.103 seconds
[2025-04-09T09:13:36.016+0000] {processor.py:161} INFO - Started process (PID=4480) to work on /home/airflow/.local/lib/python3.10/site-packages/airflow/example_dags/example_complex.py
[2025-04-09T09:13:36.018+0000] {processor.py:830} INFO - Processing file /home/airflow/.local/lib/python3.10/site-packages/airflow/example_dags/example_complex.py for tasks to queue
[2025-04-09T09:13:36.019+0000] {logging_mixin.py:188} INFO - [2025-04-09T09:13:36.019+0000] {dagbag.py:540} INFO - Filling up the DagBag from /home/airflow/.local/lib/python3.10/site-packages/airflow/example_dags/example_complex.py
[2025-04-09T09:13:36.036+0000] {processor.py:840} INFO - DAG(s) 'example_complex' retrieved from /home/airflow/.local/lib/python3.10/site-packages/airflow/example_dags/example_complex.py
[2025-04-09T09:13:36.081+0000] {logging_mixin.py:188} INFO - [2025-04-09T09:13:36.081+0000] {dag.py:3047} INFO - Sync 1 DAGs
[2025-04-09T09:13:36.112+0000] {logging_mixin.py:188} INFO - [2025-04-09T09:13:36.111+0000] {dag.py:3834} INFO - Setting next_dagrun for example_complex to None, run_after=None
[2025-04-09T09:13:36.143+0000] {processor.py:183} INFO - Processing /home/airflow/.local/lib/python3.10/site-packages/airflow/example_dags/example_complex.py took 0.133 seconds
[2025-04-09T09:14:06.928+0000] {processor.py:161} INFO - Started process (PID=4542) to work on /home/airflow/.local/lib/python3.10/site-packages/airflow/example_dags/example_complex.py
[2025-04-09T09:14:06.930+0000] {processor.py:830} INFO - Processing file /home/airflow/.local/lib/python3.10/site-packages/airflow/example_dags/example_complex.py for tasks to queue
[2025-04-09T09:14:06.932+0000] {logging_mixin.py:188} INFO - [2025-04-09T09:14:06.931+0000] {dagbag.py:540} INFO - Filling up the DagBag from /home/airflow/.local/lib/python3.10/site-packages/airflow/example_dags/example_complex.py
[2025-04-09T09:14:06.946+0000] {processor.py:840} INFO - DAG(s) 'example_complex' retrieved from /home/airflow/.local/lib/python3.10/site-packages/airflow/example_dags/example_complex.py
[2025-04-09T09:14:06.983+0000] {logging_mixin.py:188} INFO - [2025-04-09T09:14:06.983+0000] {dag.py:3047} INFO - Sync 1 DAGs
[2025-04-09T09:14:06.997+0000] {logging_mixin.py:188} INFO - [2025-04-09T09:14:06.997+0000] {dag.py:3834} INFO - Setting next_dagrun for example_complex to None, run_after=None
[2025-04-09T09:14:07.023+0000] {processor.py:183} INFO - Processing /home/airflow/.local/lib/python3.10/site-packages/airflow/example_dags/example_complex.py took 0.099 seconds
[2025-04-09T09:14:37.584+0000] {processor.py:161} INFO - Started process (PID=4604) to work on /home/airflow/.local/lib/python3.10/site-packages/airflow/example_dags/example_complex.py
[2025-04-09T09:14:37.585+0000] {processor.py:830} INFO - Processing file /home/airflow/.local/lib/python3.10/site-packages/airflow/example_dags/example_complex.py for tasks to queue
[2025-04-09T09:14:37.586+0000] {logging_mixin.py:188} INFO - [2025-04-09T09:14:37.586+0000] {dagbag.py:540} INFO - Filling up the DagBag from /home/airflow/.local/lib/python3.10/site-packages/airflow/example_dags/example_complex.py
[2025-04-09T09:14:37.600+0000] {processor.py:840} INFO - DAG(s) 'example_complex' retrieved from /home/airflow/.local/lib/python3.10/site-packages/airflow/example_dags/example_complex.py
[2025-04-09T09:14:37.639+0000] {logging_mixin.py:188} INFO - [2025-04-09T09:14:37.639+0000] {dag.py:3047} INFO - Sync 1 DAGs
[2025-04-09T09:14:37.655+0000] {logging_mixin.py:188} INFO - [2025-04-09T09:14:37.655+0000] {dag.py:3834} INFO - Setting next_dagrun for example_complex to None, run_after=None
[2025-04-09T09:14:37.683+0000] {processor.py:183} INFO - Processing /home/airflow/.local/lib/python3.10/site-packages/airflow/example_dags/example_complex.py took 0.104 seconds
[2025-04-09T09:15:08.026+0000] {processor.py:161} INFO - Started process (PID=4672) to work on /home/airflow/.local/lib/python3.10/site-packages/airflow/example_dags/example_complex.py
[2025-04-09T09:15:08.028+0000] {processor.py:830} INFO - Processing file /home/airflow/.local/lib/python3.10/site-packages/airflow/example_dags/example_complex.py for tasks to queue
[2025-04-09T09:15:08.030+0000] {logging_mixin.py:188} INFO - [2025-04-09T09:15:08.029+0000] {dagbag.py:540} INFO - Filling up the DagBag from /home/airflow/.local/lib/python3.10/site-packages/airflow/example_dags/example_complex.py
[2025-04-09T09:15:08.042+0000] {processor.py:840} INFO - DAG(s) 'example_complex' retrieved from /home/airflow/.local/lib/python3.10/site-packages/airflow/example_dags/example_complex.py
[2025-04-09T09:15:08.080+0000] {logging_mixin.py:188} INFO - [2025-04-09T09:15:08.079+0000] {dag.py:3047} INFO - Sync 1 DAGs
[2025-04-09T09:15:08.092+0000] {logging_mixin.py:188} INFO - [2025-04-09T09:15:08.092+0000] {dag.py:3834} INFO - Setting next_dagrun for example_complex to None, run_after=None
[2025-04-09T09:15:08.120+0000] {processor.py:183} INFO - Processing /home/airflow/.local/lib/python3.10/site-packages/airflow/example_dags/example_complex.py took 0.098 seconds
[2025-04-09T09:15:38.546+0000] {processor.py:161} INFO - Started process (PID=4734) to work on /home/airflow/.local/lib/python3.10/site-packages/airflow/example_dags/example_complex.py
[2025-04-09T09:15:38.548+0000] {processor.py:830} INFO - Processing file /home/airflow/.local/lib/python3.10/site-packages/airflow/example_dags/example_complex.py for tasks to queue
[2025-04-09T09:15:38.549+0000] {logging_mixin.py:188} INFO - [2025-04-09T09:15:38.549+0000] {dagbag.py:540} INFO - Filling up the DagBag from /home/airflow/.local/lib/python3.10/site-packages/airflow/example_dags/example_complex.py
[2025-04-09T09:15:38.565+0000] {processor.py:840} INFO - DAG(s) 'example_complex' retrieved from /home/airflow/.local/lib/python3.10/site-packages/airflow/example_dags/example_complex.py
[2025-04-09T09:15:38.614+0000] {logging_mixin.py:188} INFO - [2025-04-09T09:15:38.613+0000] {dag.py:3047} INFO - Sync 1 DAGs
[2025-04-09T09:15:38.632+0000] {logging_mixin.py:188} INFO - [2025-04-09T09:15:38.632+0000] {dag.py:3834} INFO - Setting next_dagrun for example_complex to None, run_after=None
[2025-04-09T09:15:38.661+0000] {processor.py:183} INFO - Processing /home/airflow/.local/lib/python3.10/site-packages/airflow/example_dags/example_complex.py took 0.120 seconds
[2025-04-09T09:16:09.367+0000] {processor.py:161} INFO - Started process (PID=4796) to work on /home/airflow/.local/lib/python3.10/site-packages/airflow/example_dags/example_complex.py
[2025-04-09T09:16:09.370+0000] {processor.py:830} INFO - Processing file /home/airflow/.local/lib/python3.10/site-packages/airflow/example_dags/example_complex.py for tasks to queue
[2025-04-09T09:16:09.372+0000] {logging_mixin.py:188} INFO - [2025-04-09T09:16:09.371+0000] {dagbag.py:540} INFO - Filling up the DagBag from /home/airflow/.local/lib/python3.10/site-packages/airflow/example_dags/example_complex.py
[2025-04-09T09:16:09.389+0000] {processor.py:840} INFO - DAG(s) 'example_complex' retrieved from /home/airflow/.local/lib/python3.10/site-packages/airflow/example_dags/example_complex.py
[2025-04-09T09:16:09.423+0000] {logging_mixin.py:188} INFO - [2025-04-09T09:16:09.423+0000] {dag.py:3047} INFO - Sync 1 DAGs
[2025-04-09T09:16:09.436+0000] {logging_mixin.py:188} INFO - [2025-04-09T09:16:09.436+0000] {dag.py:3834} INFO - Setting next_dagrun for example_complex to None, run_after=None
[2025-04-09T09:16:09.462+0000] {processor.py:183} INFO - Processing /home/airflow/.local/lib/python3.10/site-packages/airflow/example_dags/example_complex.py took 0.099 seconds
[2025-04-09T09:16:39.897+0000] {processor.py:161} INFO - Started process (PID=4858) to work on /home/airflow/.local/lib/python3.10/site-packages/airflow/example_dags/example_complex.py
[2025-04-09T09:16:39.899+0000] {processor.py:830} INFO - Processing file /home/airflow/.local/lib/python3.10/site-packages/airflow/example_dags/example_complex.py for tasks to queue
[2025-04-09T09:16:39.901+0000] {logging_mixin.py:188} INFO - [2025-04-09T09:16:39.900+0000] {dagbag.py:540} INFO - Filling up the DagBag from /home/airflow/.local/lib/python3.10/site-packages/airflow/example_dags/example_complex.py
[2025-04-09T09:16:39.919+0000] {processor.py:840} INFO - DAG(s) 'example_complex' retrieved from /home/airflow/.local/lib/python3.10/site-packages/airflow/example_dags/example_complex.py
[2025-04-09T09:16:39.954+0000] {logging_mixin.py:188} INFO - [2025-04-09T09:16:39.954+0000] {dag.py:3047} INFO - Sync 1 DAGs
[2025-04-09T09:16:39.968+0000] {logging_mixin.py:188} INFO - [2025-04-09T09:16:39.968+0000] {dag.py:3834} INFO - Setting next_dagrun for example_complex to None, run_after=None
[2025-04-09T09:16:39.996+0000] {processor.py:183} INFO - Processing /home/airflow/.local/lib/python3.10/site-packages/airflow/example_dags/example_complex.py took 0.104 seconds
[2025-04-09T09:17:10.215+0000] {processor.py:161} INFO - Started process (PID=4920) to work on /home/airflow/.local/lib/python3.10/site-packages/airflow/example_dags/example_complex.py
[2025-04-09T09:17:10.217+0000] {processor.py:830} INFO - Processing file /home/airflow/.local/lib/python3.10/site-packages/airflow/example_dags/example_complex.py for tasks to queue
[2025-04-09T09:17:10.219+0000] {logging_mixin.py:188} INFO - [2025-04-09T09:17:10.218+0000] {dagbag.py:540} INFO - Filling up the DagBag from /home/airflow/.local/lib/python3.10/site-packages/airflow/example_dags/example_complex.py
[2025-04-09T09:17:10.234+0000] {processor.py:840} INFO - DAG(s) 'example_complex' retrieved from /home/airflow/.local/lib/python3.10/site-packages/airflow/example_dags/example_complex.py
[2025-04-09T09:17:10.272+0000] {logging_mixin.py:188} INFO - [2025-04-09T09:17:10.272+0000] {dag.py:3047} INFO - Sync 1 DAGs
[2025-04-09T09:17:10.288+0000] {logging_mixin.py:188} INFO - [2025-04-09T09:17:10.288+0000] {dag.py:3834} INFO - Setting next_dagrun for example_complex to None, run_after=None
[2025-04-09T09:17:10.319+0000] {processor.py:183} INFO - Processing /home/airflow/.local/lib/python3.10/site-packages/airflow/example_dags/example_complex.py took 0.108 seconds
[2025-04-09T09:17:40.428+0000] {processor.py:161} INFO - Started process (PID=4982) to work on /home/airflow/.local/lib/python3.10/site-packages/airflow/example_dags/example_complex.py
[2025-04-09T09:17:40.430+0000] {processor.py:830} INFO - Processing file /home/airflow/.local/lib/python3.10/site-packages/airflow/example_dags/example_complex.py for tasks to queue
[2025-04-09T09:17:40.432+0000] {logging_mixin.py:188} INFO - [2025-04-09T09:17:40.432+0000] {dagbag.py:540} INFO - Filling up the DagBag from /home/airflow/.local/lib/python3.10/site-packages/airflow/example_dags/example_complex.py
[2025-04-09T09:17:40.450+0000] {processor.py:840} INFO - DAG(s) 'example_complex' retrieved from /home/airflow/.local/lib/python3.10/site-packages/airflow/example_dags/example_complex.py
[2025-04-09T09:17:40.515+0000] {logging_mixin.py:188} INFO - [2025-04-09T09:17:40.514+0000] {dag.py:3047} INFO - Sync 1 DAGs
[2025-04-09T09:17:40.546+0000] {logging_mixin.py:188} INFO - [2025-04-09T09:17:40.545+0000] {dag.py:3834} INFO - Setting next_dagrun for example_complex to None, run_after=None
[2025-04-09T09:17:40.592+0000] {processor.py:183} INFO - Processing /home/airflow/.local/lib/python3.10/site-packages/airflow/example_dags/example_complex.py took 0.171 seconds
