[2025-04-09T08:37:54.641+0000] {processor.py:161} INFO - Started process (PID=106) to work on /home/airflow/.local/lib/python3.10/site-packages/airflow/example_dags/tutorial_dag.py
[2025-04-09T08:37:54.643+0000] {processor.py:830} INFO - Processing file /home/airflow/.local/lib/python3.10/site-packages/airflow/example_dags/tutorial_dag.py for tasks to queue
[2025-04-09T08:37:54.648+0000] {logging_mixin.py:188} INFO - [2025-04-09T08:37:54.647+0000] {dagbag.py:540} INFO - Filling up the DagBag from /home/airflow/.local/lib/python3.10/site-packages/airflow/example_dags/tutorial_dag.py
[2025-04-09T08:37:54.664+0000] {processor.py:840} INFO - DAG(s) 'tutorial_dag' retrieved from /home/airflow/.local/lib/python3.10/site-packages/airflow/example_dags/tutorial_dag.py
[2025-04-09T08:37:54.713+0000] {logging_mixin.py:188} INFO - [2025-04-09T08:37:54.712+0000] {dag.py:3047} INFO - Sync 1 DAGs
[2025-04-09T08:37:54.747+0000] {logging_mixin.py:188} INFO - [2025-04-09T08:37:54.747+0000] {dag.py:3834} INFO - Setting next_dagrun for tutorial_dag to None, run_after=None
[2025-04-09T08:37:54.788+0000] {processor.py:183} INFO - Processing /home/airflow/.local/lib/python3.10/site-packages/airflow/example_dags/tutorial_dag.py took 0.153 seconds
[2025-04-09T08:38:25.895+0000] {processor.py:161} INFO - Started process (PID=168) to work on /home/airflow/.local/lib/python3.10/site-packages/airflow/example_dags/tutorial_dag.py
[2025-04-09T08:38:25.901+0000] {processor.py:830} INFO - Processing file /home/airflow/.local/lib/python3.10/site-packages/airflow/example_dags/tutorial_dag.py for tasks to queue
[2025-04-09T08:38:25.912+0000] {logging_mixin.py:188} INFO - [2025-04-09T08:38:25.911+0000] {dagbag.py:540} INFO - Filling up the DagBag from /home/airflow/.local/lib/python3.10/site-packages/airflow/example_dags/tutorial_dag.py
[2025-04-09T08:38:25.946+0000] {processor.py:840} INFO - DAG(s) 'tutorial_dag' retrieved from /home/airflow/.local/lib/python3.10/site-packages/airflow/example_dags/tutorial_dag.py
[2025-04-09T08:38:26.029+0000] {logging_mixin.py:188} INFO - [2025-04-09T08:38:26.022+0000] {dag.py:3047} INFO - Sync 1 DAGs
[2025-04-09T08:38:26.069+0000] {logging_mixin.py:188} INFO - [2025-04-09T08:38:26.068+0000] {dag.py:3834} INFO - Setting next_dagrun for tutorial_dag to None, run_after=None
[2025-04-09T08:38:26.138+0000] {processor.py:183} INFO - Processing /home/airflow/.local/lib/python3.10/site-packages/airflow/example_dags/tutorial_dag.py took 0.257 seconds
[2025-04-09T08:38:56.949+0000] {processor.py:161} INFO - Started process (PID=230) to work on /home/airflow/.local/lib/python3.10/site-packages/airflow/example_dags/tutorial_dag.py
[2025-04-09T08:38:56.952+0000] {processor.py:830} INFO - Processing file /home/airflow/.local/lib/python3.10/site-packages/airflow/example_dags/tutorial_dag.py for tasks to queue
[2025-04-09T08:38:56.956+0000] {logging_mixin.py:188} INFO - [2025-04-09T08:38:56.955+0000] {dagbag.py:540} INFO - Filling up the DagBag from /home/airflow/.local/lib/python3.10/site-packages/airflow/example_dags/tutorial_dag.py
[2025-04-09T08:38:56.967+0000] {processor.py:840} INFO - DAG(s) 'tutorial_dag' retrieved from /home/airflow/.local/lib/python3.10/site-packages/airflow/example_dags/tutorial_dag.py
[2025-04-09T08:38:57.004+0000] {logging_mixin.py:188} INFO - [2025-04-09T08:38:57.003+0000] {dag.py:3047} INFO - Sync 1 DAGs
[2025-04-09T08:38:57.033+0000] {logging_mixin.py:188} INFO - [2025-04-09T08:38:57.032+0000] {dag.py:3834} INFO - Setting next_dagrun for tutorial_dag to None, run_after=None
[2025-04-09T08:38:57.080+0000] {processor.py:183} INFO - Processing /home/airflow/.local/lib/python3.10/site-packages/airflow/example_dags/tutorial_dag.py took 0.138 seconds
[2025-04-09T08:39:27.668+0000] {processor.py:161} INFO - Started process (PID=292) to work on /home/airflow/.local/lib/python3.10/site-packages/airflow/example_dags/tutorial_dag.py
[2025-04-09T08:39:27.670+0000] {processor.py:830} INFO - Processing file /home/airflow/.local/lib/python3.10/site-packages/airflow/example_dags/tutorial_dag.py for tasks to queue
[2025-04-09T08:39:27.673+0000] {logging_mixin.py:188} INFO - [2025-04-09T08:39:27.673+0000] {dagbag.py:540} INFO - Filling up the DagBag from /home/airflow/.local/lib/python3.10/site-packages/airflow/example_dags/tutorial_dag.py
[2025-04-09T08:39:27.682+0000] {processor.py:840} INFO - DAG(s) 'tutorial_dag' retrieved from /home/airflow/.local/lib/python3.10/site-packages/airflow/example_dags/tutorial_dag.py
[2025-04-09T08:39:27.720+0000] {logging_mixin.py:188} INFO - [2025-04-09T08:39:27.719+0000] {dag.py:3047} INFO - Sync 1 DAGs
[2025-04-09T08:39:27.745+0000] {logging_mixin.py:188} INFO - [2025-04-09T08:39:27.745+0000] {dag.py:3834} INFO - Setting next_dagrun for tutorial_dag to None, run_after=None
[2025-04-09T08:39:27.785+0000] {processor.py:183} INFO - Processing /home/airflow/.local/lib/python3.10/site-packages/airflow/example_dags/tutorial_dag.py took 0.123 seconds
[2025-04-09T08:39:57.904+0000] {processor.py:161} INFO - Started process (PID=354) to work on /home/airflow/.local/lib/python3.10/site-packages/airflow/example_dags/tutorial_dag.py
[2025-04-09T08:39:57.905+0000] {processor.py:830} INFO - Processing file /home/airflow/.local/lib/python3.10/site-packages/airflow/example_dags/tutorial_dag.py for tasks to queue
[2025-04-09T08:39:57.908+0000] {logging_mixin.py:188} INFO - [2025-04-09T08:39:57.907+0000] {dagbag.py:540} INFO - Filling up the DagBag from /home/airflow/.local/lib/python3.10/site-packages/airflow/example_dags/tutorial_dag.py
[2025-04-09T08:39:57.914+0000] {processor.py:840} INFO - DAG(s) 'tutorial_dag' retrieved from /home/airflow/.local/lib/python3.10/site-packages/airflow/example_dags/tutorial_dag.py
[2025-04-09T08:39:57.937+0000] {logging_mixin.py:188} INFO - [2025-04-09T08:39:57.937+0000] {dag.py:3047} INFO - Sync 1 DAGs
[2025-04-09T08:39:57.948+0000] {logging_mixin.py:188} INFO - [2025-04-09T08:39:57.948+0000] {dag.py:3834} INFO - Setting next_dagrun for tutorial_dag to None, run_after=None
[2025-04-09T08:39:57.967+0000] {processor.py:183} INFO - Processing /home/airflow/.local/lib/python3.10/site-packages/airflow/example_dags/tutorial_dag.py took 0.066 seconds
[2025-04-09T08:40:28.088+0000] {processor.py:161} INFO - Started process (PID=416) to work on /home/airflow/.local/lib/python3.10/site-packages/airflow/example_dags/tutorial_dag.py
[2025-04-09T08:40:28.090+0000] {processor.py:830} INFO - Processing file /home/airflow/.local/lib/python3.10/site-packages/airflow/example_dags/tutorial_dag.py for tasks to queue
[2025-04-09T08:40:28.094+0000] {logging_mixin.py:188} INFO - [2025-04-09T08:40:28.093+0000] {dagbag.py:540} INFO - Filling up the DagBag from /home/airflow/.local/lib/python3.10/site-packages/airflow/example_dags/tutorial_dag.py
[2025-04-09T08:40:28.104+0000] {processor.py:840} INFO - DAG(s) 'tutorial_dag' retrieved from /home/airflow/.local/lib/python3.10/site-packages/airflow/example_dags/tutorial_dag.py
[2025-04-09T08:40:28.134+0000] {logging_mixin.py:188} INFO - [2025-04-09T08:40:28.133+0000] {dag.py:3047} INFO - Sync 1 DAGs
[2025-04-09T08:40:28.148+0000] {logging_mixin.py:188} INFO - [2025-04-09T08:40:28.148+0000] {dag.py:3834} INFO - Setting next_dagrun for tutorial_dag to None, run_after=None
[2025-04-09T08:40:28.176+0000] {processor.py:183} INFO - Processing /home/airflow/.local/lib/python3.10/site-packages/airflow/example_dags/tutorial_dag.py took 0.095 seconds
[2025-04-09T08:40:58.372+0000] {processor.py:161} INFO - Started process (PID=478) to work on /home/airflow/.local/lib/python3.10/site-packages/airflow/example_dags/tutorial_dag.py
[2025-04-09T08:40:58.374+0000] {processor.py:830} INFO - Processing file /home/airflow/.local/lib/python3.10/site-packages/airflow/example_dags/tutorial_dag.py for tasks to queue
[2025-04-09T08:40:58.377+0000] {logging_mixin.py:188} INFO - [2025-04-09T08:40:58.377+0000] {dagbag.py:540} INFO - Filling up the DagBag from /home/airflow/.local/lib/python3.10/site-packages/airflow/example_dags/tutorial_dag.py
[2025-04-09T08:40:58.385+0000] {processor.py:840} INFO - DAG(s) 'tutorial_dag' retrieved from /home/airflow/.local/lib/python3.10/site-packages/airflow/example_dags/tutorial_dag.py
[2025-04-09T08:40:58.410+0000] {logging_mixin.py:188} INFO - [2025-04-09T08:40:58.409+0000] {dag.py:3047} INFO - Sync 1 DAGs
[2025-04-09T08:40:58.423+0000] {logging_mixin.py:188} INFO - [2025-04-09T08:40:58.422+0000] {dag.py:3834} INFO - Setting next_dagrun for tutorial_dag to None, run_after=None
[2025-04-09T08:40:58.448+0000] {processor.py:183} INFO - Processing /home/airflow/.local/lib/python3.10/site-packages/airflow/example_dags/tutorial_dag.py took 0.080 seconds
[2025-04-09T08:41:28.961+0000] {processor.py:161} INFO - Started process (PID=540) to work on /home/airflow/.local/lib/python3.10/site-packages/airflow/example_dags/tutorial_dag.py
[2025-04-09T08:41:28.962+0000] {processor.py:830} INFO - Processing file /home/airflow/.local/lib/python3.10/site-packages/airflow/example_dags/tutorial_dag.py for tasks to queue
[2025-04-09T08:41:28.965+0000] {logging_mixin.py:188} INFO - [2025-04-09T08:41:28.964+0000] {dagbag.py:540} INFO - Filling up the DagBag from /home/airflow/.local/lib/python3.10/site-packages/airflow/example_dags/tutorial_dag.py
[2025-04-09T08:41:28.973+0000] {processor.py:840} INFO - DAG(s) 'tutorial_dag' retrieved from /home/airflow/.local/lib/python3.10/site-packages/airflow/example_dags/tutorial_dag.py
[2025-04-09T08:41:28.999+0000] {logging_mixin.py:188} INFO - [2025-04-09T08:41:28.999+0000] {dag.py:3047} INFO - Sync 1 DAGs
[2025-04-09T08:41:29.017+0000] {logging_mixin.py:188} INFO - [2025-04-09T08:41:29.016+0000] {dag.py:3834} INFO - Setting next_dagrun for tutorial_dag to None, run_after=None
[2025-04-09T08:41:29.048+0000] {processor.py:183} INFO - Processing /home/airflow/.local/lib/python3.10/site-packages/airflow/example_dags/tutorial_dag.py took 0.092 seconds
[2025-04-09T08:41:59.499+0000] {processor.py:161} INFO - Started process (PID=602) to work on /home/airflow/.local/lib/python3.10/site-packages/airflow/example_dags/tutorial_dag.py
[2025-04-09T08:41:59.501+0000] {processor.py:830} INFO - Processing file /home/airflow/.local/lib/python3.10/site-packages/airflow/example_dags/tutorial_dag.py for tasks to queue
[2025-04-09T08:41:59.503+0000] {logging_mixin.py:188} INFO - [2025-04-09T08:41:59.503+0000] {dagbag.py:540} INFO - Filling up the DagBag from /home/airflow/.local/lib/python3.10/site-packages/airflow/example_dags/tutorial_dag.py
[2025-04-09T08:41:59.510+0000] {processor.py:840} INFO - DAG(s) 'tutorial_dag' retrieved from /home/airflow/.local/lib/python3.10/site-packages/airflow/example_dags/tutorial_dag.py
[2025-04-09T08:41:59.531+0000] {logging_mixin.py:188} INFO - [2025-04-09T08:41:59.531+0000] {dag.py:3047} INFO - Sync 1 DAGs
[2025-04-09T08:41:59.542+0000] {logging_mixin.py:188} INFO - [2025-04-09T08:41:59.542+0000] {dag.py:3834} INFO - Setting next_dagrun for tutorial_dag to None, run_after=None
[2025-04-09T08:41:59.563+0000] {processor.py:183} INFO - Processing /home/airflow/.local/lib/python3.10/site-packages/airflow/example_dags/tutorial_dag.py took 0.068 seconds
[2025-04-09T08:42:30.248+0000] {processor.py:161} INFO - Started process (PID=664) to work on /home/airflow/.local/lib/python3.10/site-packages/airflow/example_dags/tutorial_dag.py
[2025-04-09T08:42:30.250+0000] {processor.py:830} INFO - Processing file /home/airflow/.local/lib/python3.10/site-packages/airflow/example_dags/tutorial_dag.py for tasks to queue
[2025-04-09T08:42:30.253+0000] {logging_mixin.py:188} INFO - [2025-04-09T08:42:30.252+0000] {dagbag.py:540} INFO - Filling up the DagBag from /home/airflow/.local/lib/python3.10/site-packages/airflow/example_dags/tutorial_dag.py
[2025-04-09T08:42:30.260+0000] {processor.py:840} INFO - DAG(s) 'tutorial_dag' retrieved from /home/airflow/.local/lib/python3.10/site-packages/airflow/example_dags/tutorial_dag.py
[2025-04-09T08:42:30.283+0000] {logging_mixin.py:188} INFO - [2025-04-09T08:42:30.282+0000] {dag.py:3047} INFO - Sync 1 DAGs
[2025-04-09T08:42:30.295+0000] {logging_mixin.py:188} INFO - [2025-04-09T08:42:30.295+0000] {dag.py:3834} INFO - Setting next_dagrun for tutorial_dag to None, run_after=None
[2025-04-09T08:42:30.318+0000] {processor.py:183} INFO - Processing /home/airflow/.local/lib/python3.10/site-packages/airflow/example_dags/tutorial_dag.py took 0.074 seconds
[2025-04-09T08:43:00.458+0000] {processor.py:161} INFO - Started process (PID=726) to work on /home/airflow/.local/lib/python3.10/site-packages/airflow/example_dags/tutorial_dag.py
[2025-04-09T08:43:00.460+0000] {processor.py:830} INFO - Processing file /home/airflow/.local/lib/python3.10/site-packages/airflow/example_dags/tutorial_dag.py for tasks to queue
[2025-04-09T08:43:00.463+0000] {logging_mixin.py:188} INFO - [2025-04-09T08:43:00.463+0000] {dagbag.py:540} INFO - Filling up the DagBag from /home/airflow/.local/lib/python3.10/site-packages/airflow/example_dags/tutorial_dag.py
[2025-04-09T08:43:00.471+0000] {processor.py:840} INFO - DAG(s) 'tutorial_dag' retrieved from /home/airflow/.local/lib/python3.10/site-packages/airflow/example_dags/tutorial_dag.py
[2025-04-09T08:43:00.507+0000] {logging_mixin.py:188} INFO - [2025-04-09T08:43:00.505+0000] {dag.py:3047} INFO - Sync 1 DAGs
[2025-04-09T08:43:00.526+0000] {logging_mixin.py:188} INFO - [2025-04-09T08:43:00.525+0000] {dag.py:3834} INFO - Setting next_dagrun for tutorial_dag to None, run_after=None
[2025-04-09T08:43:00.559+0000] {processor.py:183} INFO - Processing /home/airflow/.local/lib/python3.10/site-packages/airflow/example_dags/tutorial_dag.py took 0.107 seconds
[2025-04-09T08:43:30.644+0000] {processor.py:161} INFO - Started process (PID=788) to work on /home/airflow/.local/lib/python3.10/site-packages/airflow/example_dags/tutorial_dag.py
[2025-04-09T08:43:30.645+0000] {processor.py:830} INFO - Processing file /home/airflow/.local/lib/python3.10/site-packages/airflow/example_dags/tutorial_dag.py for tasks to queue
[2025-04-09T08:43:30.648+0000] {logging_mixin.py:188} INFO - [2025-04-09T08:43:30.648+0000] {dagbag.py:540} INFO - Filling up the DagBag from /home/airflow/.local/lib/python3.10/site-packages/airflow/example_dags/tutorial_dag.py
[2025-04-09T08:43:30.658+0000] {processor.py:840} INFO - DAG(s) 'tutorial_dag' retrieved from /home/airflow/.local/lib/python3.10/site-packages/airflow/example_dags/tutorial_dag.py
[2025-04-09T08:43:30.683+0000] {logging_mixin.py:188} INFO - [2025-04-09T08:43:30.682+0000] {dag.py:3047} INFO - Sync 1 DAGs
[2025-04-09T08:43:30.697+0000] {logging_mixin.py:188} INFO - [2025-04-09T08:43:30.697+0000] {dag.py:3834} INFO - Setting next_dagrun for tutorial_dag to None, run_after=None
[2025-04-09T08:43:30.720+0000] {processor.py:183} INFO - Processing /home/airflow/.local/lib/python3.10/site-packages/airflow/example_dags/tutorial_dag.py took 0.082 seconds
[2025-04-09T08:44:00.789+0000] {processor.py:161} INFO - Started process (PID=850) to work on /home/airflow/.local/lib/python3.10/site-packages/airflow/example_dags/tutorial_dag.py
[2025-04-09T08:44:00.791+0000] {processor.py:830} INFO - Processing file /home/airflow/.local/lib/python3.10/site-packages/airflow/example_dags/tutorial_dag.py for tasks to queue
[2025-04-09T08:44:00.793+0000] {logging_mixin.py:188} INFO - [2025-04-09T08:44:00.793+0000] {dagbag.py:540} INFO - Filling up the DagBag from /home/airflow/.local/lib/python3.10/site-packages/airflow/example_dags/tutorial_dag.py
[2025-04-09T08:44:00.801+0000] {processor.py:840} INFO - DAG(s) 'tutorial_dag' retrieved from /home/airflow/.local/lib/python3.10/site-packages/airflow/example_dags/tutorial_dag.py
[2025-04-09T08:44:00.827+0000] {logging_mixin.py:188} INFO - [2025-04-09T08:44:00.826+0000] {dag.py:3047} INFO - Sync 1 DAGs
[2025-04-09T08:44:00.839+0000] {logging_mixin.py:188} INFO - [2025-04-09T08:44:00.839+0000] {dag.py:3834} INFO - Setting next_dagrun for tutorial_dag to None, run_after=None
[2025-04-09T08:44:00.863+0000] {processor.py:183} INFO - Processing /home/airflow/.local/lib/python3.10/site-packages/airflow/example_dags/tutorial_dag.py took 0.078 seconds
[2025-04-09T08:44:31.784+0000] {processor.py:161} INFO - Started process (PID=912) to work on /home/airflow/.local/lib/python3.10/site-packages/airflow/example_dags/tutorial_dag.py
[2025-04-09T08:44:31.786+0000] {processor.py:830} INFO - Processing file /home/airflow/.local/lib/python3.10/site-packages/airflow/example_dags/tutorial_dag.py for tasks to queue
[2025-04-09T08:44:31.788+0000] {logging_mixin.py:188} INFO - [2025-04-09T08:44:31.787+0000] {dagbag.py:540} INFO - Filling up the DagBag from /home/airflow/.local/lib/python3.10/site-packages/airflow/example_dags/tutorial_dag.py
[2025-04-09T08:44:31.796+0000] {processor.py:840} INFO - DAG(s) 'tutorial_dag' retrieved from /home/airflow/.local/lib/python3.10/site-packages/airflow/example_dags/tutorial_dag.py
[2025-04-09T08:44:31.821+0000] {logging_mixin.py:188} INFO - [2025-04-09T08:44:31.820+0000] {dag.py:3047} INFO - Sync 1 DAGs
[2025-04-09T08:44:31.834+0000] {logging_mixin.py:188} INFO - [2025-04-09T08:44:31.834+0000] {dag.py:3834} INFO - Setting next_dagrun for tutorial_dag to None, run_after=None
[2025-04-09T08:44:31.856+0000] {processor.py:183} INFO - Processing /home/airflow/.local/lib/python3.10/site-packages/airflow/example_dags/tutorial_dag.py took 0.076 seconds
[2025-04-09T08:45:02.283+0000] {processor.py:161} INFO - Started process (PID=980) to work on /home/airflow/.local/lib/python3.10/site-packages/airflow/example_dags/tutorial_dag.py
[2025-04-09T08:45:02.284+0000] {processor.py:830} INFO - Processing file /home/airflow/.local/lib/python3.10/site-packages/airflow/example_dags/tutorial_dag.py for tasks to queue
[2025-04-09T08:45:02.287+0000] {logging_mixin.py:188} INFO - [2025-04-09T08:45:02.286+0000] {dagbag.py:540} INFO - Filling up the DagBag from /home/airflow/.local/lib/python3.10/site-packages/airflow/example_dags/tutorial_dag.py
[2025-04-09T08:45:02.294+0000] {processor.py:840} INFO - DAG(s) 'tutorial_dag' retrieved from /home/airflow/.local/lib/python3.10/site-packages/airflow/example_dags/tutorial_dag.py
[2025-04-09T08:45:02.317+0000] {logging_mixin.py:188} INFO - [2025-04-09T08:45:02.316+0000] {dag.py:3047} INFO - Sync 1 DAGs
[2025-04-09T08:45:02.330+0000] {logging_mixin.py:188} INFO - [2025-04-09T08:45:02.330+0000] {dag.py:3834} INFO - Setting next_dagrun for tutorial_dag to None, run_after=None
[2025-04-09T08:45:02.358+0000] {processor.py:183} INFO - Processing /home/airflow/.local/lib/python3.10/site-packages/airflow/example_dags/tutorial_dag.py took 0.079 seconds
[2025-04-09T08:45:33.348+0000] {processor.py:161} INFO - Started process (PID=1042) to work on /home/airflow/.local/lib/python3.10/site-packages/airflow/example_dags/tutorial_dag.py
[2025-04-09T08:45:33.350+0000] {processor.py:830} INFO - Processing file /home/airflow/.local/lib/python3.10/site-packages/airflow/example_dags/tutorial_dag.py for tasks to queue
[2025-04-09T08:45:33.352+0000] {logging_mixin.py:188} INFO - [2025-04-09T08:45:33.351+0000] {dagbag.py:540} INFO - Filling up the DagBag from /home/airflow/.local/lib/python3.10/site-packages/airflow/example_dags/tutorial_dag.py
[2025-04-09T08:45:33.359+0000] {processor.py:840} INFO - DAG(s) 'tutorial_dag' retrieved from /home/airflow/.local/lib/python3.10/site-packages/airflow/example_dags/tutorial_dag.py
[2025-04-09T08:45:33.385+0000] {logging_mixin.py:188} INFO - [2025-04-09T08:45:33.385+0000] {dag.py:3047} INFO - Sync 1 DAGs
[2025-04-09T08:45:33.400+0000] {logging_mixin.py:188} INFO - [2025-04-09T08:45:33.400+0000] {dag.py:3834} INFO - Setting next_dagrun for tutorial_dag to None, run_after=None
[2025-04-09T08:45:33.424+0000] {processor.py:183} INFO - Processing /home/airflow/.local/lib/python3.10/site-packages/airflow/example_dags/tutorial_dag.py took 0.081 seconds
[2025-04-09T08:46:04.058+0000] {processor.py:161} INFO - Started process (PID=1104) to work on /home/airflow/.local/lib/python3.10/site-packages/airflow/example_dags/tutorial_dag.py
[2025-04-09T08:46:04.060+0000] {processor.py:830} INFO - Processing file /home/airflow/.local/lib/python3.10/site-packages/airflow/example_dags/tutorial_dag.py for tasks to queue
[2025-04-09T08:46:04.063+0000] {logging_mixin.py:188} INFO - [2025-04-09T08:46:04.062+0000] {dagbag.py:540} INFO - Filling up the DagBag from /home/airflow/.local/lib/python3.10/site-packages/airflow/example_dags/tutorial_dag.py
[2025-04-09T08:46:04.070+0000] {processor.py:840} INFO - DAG(s) 'tutorial_dag' retrieved from /home/airflow/.local/lib/python3.10/site-packages/airflow/example_dags/tutorial_dag.py
[2025-04-09T08:46:04.097+0000] {logging_mixin.py:188} INFO - [2025-04-09T08:46:04.096+0000] {dag.py:3047} INFO - Sync 1 DAGs
[2025-04-09T08:46:04.111+0000] {logging_mixin.py:188} INFO - [2025-04-09T08:46:04.111+0000] {dag.py:3834} INFO - Setting next_dagrun for tutorial_dag to None, run_after=None
[2025-04-09T08:46:04.135+0000] {processor.py:183} INFO - Processing /home/airflow/.local/lib/python3.10/site-packages/airflow/example_dags/tutorial_dag.py took 0.082 seconds
[2025-04-09T08:46:34.254+0000] {processor.py:161} INFO - Started process (PID=1166) to work on /home/airflow/.local/lib/python3.10/site-packages/airflow/example_dags/tutorial_dag.py
[2025-04-09T08:46:34.256+0000] {processor.py:830} INFO - Processing file /home/airflow/.local/lib/python3.10/site-packages/airflow/example_dags/tutorial_dag.py for tasks to queue
[2025-04-09T08:46:34.259+0000] {logging_mixin.py:188} INFO - [2025-04-09T08:46:34.259+0000] {dagbag.py:540} INFO - Filling up the DagBag from /home/airflow/.local/lib/python3.10/site-packages/airflow/example_dags/tutorial_dag.py
[2025-04-09T08:46:34.267+0000] {processor.py:840} INFO - DAG(s) 'tutorial_dag' retrieved from /home/airflow/.local/lib/python3.10/site-packages/airflow/example_dags/tutorial_dag.py
[2025-04-09T08:46:34.293+0000] {logging_mixin.py:188} INFO - [2025-04-09T08:46:34.293+0000] {dag.py:3047} INFO - Sync 1 DAGs
[2025-04-09T08:46:34.307+0000] {logging_mixin.py:188} INFO - [2025-04-09T08:46:34.307+0000] {dag.py:3834} INFO - Setting next_dagrun for tutorial_dag to None, run_after=None
[2025-04-09T08:46:34.332+0000] {processor.py:183} INFO - Processing /home/airflow/.local/lib/python3.10/site-packages/airflow/example_dags/tutorial_dag.py took 0.083 seconds
[2025-04-09T08:47:05.013+0000] {processor.py:161} INFO - Started process (PID=1228) to work on /home/airflow/.local/lib/python3.10/site-packages/airflow/example_dags/tutorial_dag.py
[2025-04-09T08:47:05.015+0000] {processor.py:830} INFO - Processing file /home/airflow/.local/lib/python3.10/site-packages/airflow/example_dags/tutorial_dag.py for tasks to queue
[2025-04-09T08:47:05.017+0000] {logging_mixin.py:188} INFO - [2025-04-09T08:47:05.017+0000] {dagbag.py:540} INFO - Filling up the DagBag from /home/airflow/.local/lib/python3.10/site-packages/airflow/example_dags/tutorial_dag.py
[2025-04-09T08:47:05.027+0000] {processor.py:840} INFO - DAG(s) 'tutorial_dag' retrieved from /home/airflow/.local/lib/python3.10/site-packages/airflow/example_dags/tutorial_dag.py
[2025-04-09T08:47:05.053+0000] {logging_mixin.py:188} INFO - [2025-04-09T08:47:05.052+0000] {dag.py:3047} INFO - Sync 1 DAGs
[2025-04-09T08:47:05.067+0000] {logging_mixin.py:188} INFO - [2025-04-09T08:47:05.067+0000] {dag.py:3834} INFO - Setting next_dagrun for tutorial_dag to None, run_after=None
[2025-04-09T08:47:05.090+0000] {processor.py:183} INFO - Processing /home/airflow/.local/lib/python3.10/site-packages/airflow/example_dags/tutorial_dag.py took 0.081 seconds
[2025-04-09T08:47:35.527+0000] {processor.py:161} INFO - Started process (PID=1290) to work on /home/airflow/.local/lib/python3.10/site-packages/airflow/example_dags/tutorial_dag.py
[2025-04-09T08:47:35.529+0000] {processor.py:830} INFO - Processing file /home/airflow/.local/lib/python3.10/site-packages/airflow/example_dags/tutorial_dag.py for tasks to queue
[2025-04-09T08:47:35.534+0000] {logging_mixin.py:188} INFO - [2025-04-09T08:47:35.533+0000] {dagbag.py:540} INFO - Filling up the DagBag from /home/airflow/.local/lib/python3.10/site-packages/airflow/example_dags/tutorial_dag.py
[2025-04-09T08:47:35.545+0000] {processor.py:840} INFO - DAG(s) 'tutorial_dag' retrieved from /home/airflow/.local/lib/python3.10/site-packages/airflow/example_dags/tutorial_dag.py
[2025-04-09T08:47:35.582+0000] {logging_mixin.py:188} INFO - [2025-04-09T08:47:35.581+0000] {dag.py:3047} INFO - Sync 1 DAGs
[2025-04-09T08:47:35.605+0000] {logging_mixin.py:188} INFO - [2025-04-09T08:47:35.604+0000] {dag.py:3834} INFO - Setting next_dagrun for tutorial_dag to None, run_after=None
[2025-04-09T08:47:35.635+0000] {processor.py:183} INFO - Processing /home/airflow/.local/lib/python3.10/site-packages/airflow/example_dags/tutorial_dag.py took 0.114 seconds
[2025-04-09T08:48:05.922+0000] {processor.py:161} INFO - Started process (PID=1352) to work on /home/airflow/.local/lib/python3.10/site-packages/airflow/example_dags/tutorial_dag.py
[2025-04-09T08:48:05.924+0000] {processor.py:830} INFO - Processing file /home/airflow/.local/lib/python3.10/site-packages/airflow/example_dags/tutorial_dag.py for tasks to queue
[2025-04-09T08:48:05.926+0000] {logging_mixin.py:188} INFO - [2025-04-09T08:48:05.926+0000] {dagbag.py:540} INFO - Filling up the DagBag from /home/airflow/.local/lib/python3.10/site-packages/airflow/example_dags/tutorial_dag.py
[2025-04-09T08:48:05.934+0000] {processor.py:840} INFO - DAG(s) 'tutorial_dag' retrieved from /home/airflow/.local/lib/python3.10/site-packages/airflow/example_dags/tutorial_dag.py
[2025-04-09T08:48:05.957+0000] {logging_mixin.py:188} INFO - [2025-04-09T08:48:05.957+0000] {dag.py:3047} INFO - Sync 1 DAGs
[2025-04-09T08:48:05.974+0000] {logging_mixin.py:188} INFO - [2025-04-09T08:48:05.973+0000] {dag.py:3834} INFO - Setting next_dagrun for tutorial_dag to None, run_after=None
[2025-04-09T08:48:05.999+0000] {processor.py:183} INFO - Processing /home/airflow/.local/lib/python3.10/site-packages/airflow/example_dags/tutorial_dag.py took 0.080 seconds
[2025-04-09T08:48:36.437+0000] {processor.py:161} INFO - Started process (PID=1414) to work on /home/airflow/.local/lib/python3.10/site-packages/airflow/example_dags/tutorial_dag.py
[2025-04-09T08:48:36.440+0000] {processor.py:830} INFO - Processing file /home/airflow/.local/lib/python3.10/site-packages/airflow/example_dags/tutorial_dag.py for tasks to queue
[2025-04-09T08:48:36.443+0000] {logging_mixin.py:188} INFO - [2025-04-09T08:48:36.442+0000] {dagbag.py:540} INFO - Filling up the DagBag from /home/airflow/.local/lib/python3.10/site-packages/airflow/example_dags/tutorial_dag.py
[2025-04-09T08:48:36.451+0000] {processor.py:840} INFO - DAG(s) 'tutorial_dag' retrieved from /home/airflow/.local/lib/python3.10/site-packages/airflow/example_dags/tutorial_dag.py
[2025-04-09T08:48:36.482+0000] {logging_mixin.py:188} INFO - [2025-04-09T08:48:36.482+0000] {dag.py:3047} INFO - Sync 1 DAGs
[2025-04-09T08:48:36.501+0000] {logging_mixin.py:188} INFO - [2025-04-09T08:48:36.501+0000] {dag.py:3834} INFO - Setting next_dagrun for tutorial_dag to None, run_after=None
[2025-04-09T08:48:36.530+0000] {processor.py:183} INFO - Processing /home/airflow/.local/lib/python3.10/site-packages/airflow/example_dags/tutorial_dag.py took 0.098 seconds
[2025-04-09T08:49:06.600+0000] {processor.py:161} INFO - Started process (PID=1476) to work on /home/airflow/.local/lib/python3.10/site-packages/airflow/example_dags/tutorial_dag.py
[2025-04-09T08:49:06.602+0000] {processor.py:830} INFO - Processing file /home/airflow/.local/lib/python3.10/site-packages/airflow/example_dags/tutorial_dag.py for tasks to queue
[2025-04-09T08:49:06.605+0000] {logging_mixin.py:188} INFO - [2025-04-09T08:49:06.604+0000] {dagbag.py:540} INFO - Filling up the DagBag from /home/airflow/.local/lib/python3.10/site-packages/airflow/example_dags/tutorial_dag.py
[2025-04-09T08:49:06.615+0000] {processor.py:840} INFO - DAG(s) 'tutorial_dag' retrieved from /home/airflow/.local/lib/python3.10/site-packages/airflow/example_dags/tutorial_dag.py
[2025-04-09T08:49:06.645+0000] {logging_mixin.py:188} INFO - [2025-04-09T08:49:06.644+0000] {dag.py:3047} INFO - Sync 1 DAGs
[2025-04-09T08:49:06.663+0000] {logging_mixin.py:188} INFO - [2025-04-09T08:49:06.663+0000] {dag.py:3834} INFO - Setting next_dagrun for tutorial_dag to None, run_after=None
[2025-04-09T08:49:06.689+0000] {processor.py:183} INFO - Processing /home/airflow/.local/lib/python3.10/site-packages/airflow/example_dags/tutorial_dag.py took 0.094 seconds
[2025-04-09T08:49:37.598+0000] {processor.py:161} INFO - Started process (PID=1538) to work on /home/airflow/.local/lib/python3.10/site-packages/airflow/example_dags/tutorial_dag.py
[2025-04-09T08:49:37.600+0000] {processor.py:830} INFO - Processing file /home/airflow/.local/lib/python3.10/site-packages/airflow/example_dags/tutorial_dag.py for tasks to queue
[2025-04-09T08:49:37.603+0000] {logging_mixin.py:188} INFO - [2025-04-09T08:49:37.603+0000] {dagbag.py:540} INFO - Filling up the DagBag from /home/airflow/.local/lib/python3.10/site-packages/airflow/example_dags/tutorial_dag.py
[2025-04-09T08:49:37.613+0000] {processor.py:840} INFO - DAG(s) 'tutorial_dag' retrieved from /home/airflow/.local/lib/python3.10/site-packages/airflow/example_dags/tutorial_dag.py
[2025-04-09T08:49:37.648+0000] {logging_mixin.py:188} INFO - [2025-04-09T08:49:37.648+0000] {dag.py:3047} INFO - Sync 1 DAGs
[2025-04-09T08:49:37.667+0000] {logging_mixin.py:188} INFO - [2025-04-09T08:49:37.667+0000] {dag.py:3834} INFO - Setting next_dagrun for tutorial_dag to None, run_after=None
[2025-04-09T08:49:37.699+0000] {processor.py:183} INFO - Processing /home/airflow/.local/lib/python3.10/site-packages/airflow/example_dags/tutorial_dag.py took 0.107 seconds
[2025-04-09T08:50:08.127+0000] {processor.py:161} INFO - Started process (PID=1606) to work on /home/airflow/.local/lib/python3.10/site-packages/airflow/example_dags/tutorial_dag.py
[2025-04-09T08:50:08.131+0000] {processor.py:830} INFO - Processing file /home/airflow/.local/lib/python3.10/site-packages/airflow/example_dags/tutorial_dag.py for tasks to queue
[2025-04-09T08:50:08.138+0000] {logging_mixin.py:188} INFO - [2025-04-09T08:50:08.137+0000] {dagbag.py:540} INFO - Filling up the DagBag from /home/airflow/.local/lib/python3.10/site-packages/airflow/example_dags/tutorial_dag.py
[2025-04-09T08:50:08.150+0000] {processor.py:840} INFO - DAG(s) 'tutorial_dag' retrieved from /home/airflow/.local/lib/python3.10/site-packages/airflow/example_dags/tutorial_dag.py
[2025-04-09T08:50:08.187+0000] {logging_mixin.py:188} INFO - [2025-04-09T08:50:08.187+0000] {dag.py:3047} INFO - Sync 1 DAGs
[2025-04-09T08:50:08.207+0000] {logging_mixin.py:188} INFO - [2025-04-09T08:50:08.206+0000] {dag.py:3834} INFO - Setting next_dagrun for tutorial_dag to None, run_after=None
[2025-04-09T08:50:08.240+0000] {processor.py:183} INFO - Processing /home/airflow/.local/lib/python3.10/site-packages/airflow/example_dags/tutorial_dag.py took 0.120 seconds
[2025-04-09T08:50:38.474+0000] {processor.py:161} INFO - Started process (PID=1668) to work on /home/airflow/.local/lib/python3.10/site-packages/airflow/example_dags/tutorial_dag.py
[2025-04-09T08:50:38.476+0000] {processor.py:830} INFO - Processing file /home/airflow/.local/lib/python3.10/site-packages/airflow/example_dags/tutorial_dag.py for tasks to queue
[2025-04-09T08:50:38.480+0000] {logging_mixin.py:188} INFO - [2025-04-09T08:50:38.479+0000] {dagbag.py:540} INFO - Filling up the DagBag from /home/airflow/.local/lib/python3.10/site-packages/airflow/example_dags/tutorial_dag.py
[2025-04-09T08:50:38.492+0000] {processor.py:840} INFO - DAG(s) 'tutorial_dag' retrieved from /home/airflow/.local/lib/python3.10/site-packages/airflow/example_dags/tutorial_dag.py
[2025-04-09T08:50:38.533+0000] {logging_mixin.py:188} INFO - [2025-04-09T08:50:38.533+0000] {dag.py:3047} INFO - Sync 1 DAGs
[2025-04-09T08:50:38.554+0000] {logging_mixin.py:188} INFO - [2025-04-09T08:50:38.553+0000] {dag.py:3834} INFO - Setting next_dagrun for tutorial_dag to None, run_after=None
[2025-04-09T08:50:38.582+0000] {processor.py:183} INFO - Processing /home/airflow/.local/lib/python3.10/site-packages/airflow/example_dags/tutorial_dag.py took 0.113 seconds
[2025-04-09T08:51:08.760+0000] {processor.py:161} INFO - Started process (PID=1730) to work on /home/airflow/.local/lib/python3.10/site-packages/airflow/example_dags/tutorial_dag.py
[2025-04-09T08:51:08.761+0000] {processor.py:830} INFO - Processing file /home/airflow/.local/lib/python3.10/site-packages/airflow/example_dags/tutorial_dag.py for tasks to queue
[2025-04-09T08:51:08.763+0000] {logging_mixin.py:188} INFO - [2025-04-09T08:51:08.763+0000] {dagbag.py:540} INFO - Filling up the DagBag from /home/airflow/.local/lib/python3.10/site-packages/airflow/example_dags/tutorial_dag.py
[2025-04-09T08:51:08.770+0000] {processor.py:840} INFO - DAG(s) 'tutorial_dag' retrieved from /home/airflow/.local/lib/python3.10/site-packages/airflow/example_dags/tutorial_dag.py
[2025-04-09T08:51:08.792+0000] {logging_mixin.py:188} INFO - [2025-04-09T08:51:08.792+0000] {dag.py:3047} INFO - Sync 1 DAGs
[2025-04-09T08:51:08.805+0000] {logging_mixin.py:188} INFO - [2025-04-09T08:51:08.805+0000] {dag.py:3834} INFO - Setting next_dagrun for tutorial_dag to None, run_after=None
[2025-04-09T08:51:08.828+0000] {processor.py:183} INFO - Processing /home/airflow/.local/lib/python3.10/site-packages/airflow/example_dags/tutorial_dag.py took 0.072 seconds
[2025-04-09T08:51:39.428+0000] {processor.py:161} INFO - Started process (PID=1792) to work on /home/airflow/.local/lib/python3.10/site-packages/airflow/example_dags/tutorial_dag.py
[2025-04-09T08:51:39.430+0000] {processor.py:830} INFO - Processing file /home/airflow/.local/lib/python3.10/site-packages/airflow/example_dags/tutorial_dag.py for tasks to queue
[2025-04-09T08:51:39.432+0000] {logging_mixin.py:188} INFO - [2025-04-09T08:51:39.432+0000] {dagbag.py:540} INFO - Filling up the DagBag from /home/airflow/.local/lib/python3.10/site-packages/airflow/example_dags/tutorial_dag.py
[2025-04-09T08:51:39.440+0000] {processor.py:840} INFO - DAG(s) 'tutorial_dag' retrieved from /home/airflow/.local/lib/python3.10/site-packages/airflow/example_dags/tutorial_dag.py
[2025-04-09T08:51:39.468+0000] {logging_mixin.py:188} INFO - [2025-04-09T08:51:39.466+0000] {dag.py:3047} INFO - Sync 1 DAGs
[2025-04-09T08:51:39.484+0000] {logging_mixin.py:188} INFO - [2025-04-09T08:51:39.483+0000] {dag.py:3834} INFO - Setting next_dagrun for tutorial_dag to None, run_after=None
[2025-04-09T08:51:39.512+0000] {processor.py:183} INFO - Processing /home/airflow/.local/lib/python3.10/site-packages/airflow/example_dags/tutorial_dag.py took 0.088 seconds
[2025-04-09T08:52:10.108+0000] {processor.py:161} INFO - Started process (PID=1854) to work on /home/airflow/.local/lib/python3.10/site-packages/airflow/example_dags/tutorial_dag.py
[2025-04-09T08:52:10.110+0000] {processor.py:830} INFO - Processing file /home/airflow/.local/lib/python3.10/site-packages/airflow/example_dags/tutorial_dag.py for tasks to queue
[2025-04-09T08:52:10.112+0000] {logging_mixin.py:188} INFO - [2025-04-09T08:52:10.112+0000] {dagbag.py:540} INFO - Filling up the DagBag from /home/airflow/.local/lib/python3.10/site-packages/airflow/example_dags/tutorial_dag.py
[2025-04-09T08:52:10.119+0000] {processor.py:840} INFO - DAG(s) 'tutorial_dag' retrieved from /home/airflow/.local/lib/python3.10/site-packages/airflow/example_dags/tutorial_dag.py
[2025-04-09T08:52:10.141+0000] {logging_mixin.py:188} INFO - [2025-04-09T08:52:10.140+0000] {dag.py:3047} INFO - Sync 1 DAGs
[2025-04-09T08:52:10.158+0000] {logging_mixin.py:188} INFO - [2025-04-09T08:52:10.158+0000] {dag.py:3834} INFO - Setting next_dagrun for tutorial_dag to None, run_after=None
[2025-04-09T08:52:10.191+0000] {processor.py:183} INFO - Processing /home/airflow/.local/lib/python3.10/site-packages/airflow/example_dags/tutorial_dag.py took 0.087 seconds
[2025-04-09T08:52:40.544+0000] {processor.py:161} INFO - Started process (PID=1916) to work on /home/airflow/.local/lib/python3.10/site-packages/airflow/example_dags/tutorial_dag.py
[2025-04-09T08:52:40.546+0000] {processor.py:830} INFO - Processing file /home/airflow/.local/lib/python3.10/site-packages/airflow/example_dags/tutorial_dag.py for tasks to queue
[2025-04-09T08:52:40.549+0000] {logging_mixin.py:188} INFO - [2025-04-09T08:52:40.548+0000] {dagbag.py:540} INFO - Filling up the DagBag from /home/airflow/.local/lib/python3.10/site-packages/airflow/example_dags/tutorial_dag.py
[2025-04-09T08:52:40.557+0000] {processor.py:840} INFO - DAG(s) 'tutorial_dag' retrieved from /home/airflow/.local/lib/python3.10/site-packages/airflow/example_dags/tutorial_dag.py
[2025-04-09T08:52:40.583+0000] {logging_mixin.py:188} INFO - [2025-04-09T08:52:40.582+0000] {dag.py:3047} INFO - Sync 1 DAGs
[2025-04-09T08:52:40.597+0000] {logging_mixin.py:188} INFO - [2025-04-09T08:52:40.597+0000] {dag.py:3834} INFO - Setting next_dagrun for tutorial_dag to None, run_after=None
[2025-04-09T08:52:40.768+0000] {processor.py:183} INFO - Processing /home/airflow/.local/lib/python3.10/site-packages/airflow/example_dags/tutorial_dag.py took 0.229 seconds
[2025-04-09T08:53:11.104+0000] {processor.py:161} INFO - Started process (PID=1978) to work on /home/airflow/.local/lib/python3.10/site-packages/airflow/example_dags/tutorial_dag.py
[2025-04-09T08:53:11.105+0000] {processor.py:830} INFO - Processing file /home/airflow/.local/lib/python3.10/site-packages/airflow/example_dags/tutorial_dag.py for tasks to queue
[2025-04-09T08:53:11.108+0000] {logging_mixin.py:188} INFO - [2025-04-09T08:53:11.107+0000] {dagbag.py:540} INFO - Filling up the DagBag from /home/airflow/.local/lib/python3.10/site-packages/airflow/example_dags/tutorial_dag.py
[2025-04-09T08:53:11.115+0000] {processor.py:840} INFO - DAG(s) 'tutorial_dag' retrieved from /home/airflow/.local/lib/python3.10/site-packages/airflow/example_dags/tutorial_dag.py
[2025-04-09T08:53:11.137+0000] {logging_mixin.py:188} INFO - [2025-04-09T08:53:11.136+0000] {dag.py:3047} INFO - Sync 1 DAGs
[2025-04-09T08:53:11.150+0000] {logging_mixin.py:188} INFO - [2025-04-09T08:53:11.150+0000] {dag.py:3834} INFO - Setting next_dagrun for tutorial_dag to None, run_after=None
[2025-04-09T08:53:11.329+0000] {processor.py:183} INFO - Processing /home/airflow/.local/lib/python3.10/site-packages/airflow/example_dags/tutorial_dag.py took 0.229 seconds
[2025-04-09T08:53:42.188+0000] {processor.py:161} INFO - Started process (PID=2040) to work on /home/airflow/.local/lib/python3.10/site-packages/airflow/example_dags/tutorial_dag.py
[2025-04-09T08:53:42.190+0000] {processor.py:830} INFO - Processing file /home/airflow/.local/lib/python3.10/site-packages/airflow/example_dags/tutorial_dag.py for tasks to queue
[2025-04-09T08:53:42.193+0000] {logging_mixin.py:188} INFO - [2025-04-09T08:53:42.192+0000] {dagbag.py:540} INFO - Filling up the DagBag from /home/airflow/.local/lib/python3.10/site-packages/airflow/example_dags/tutorial_dag.py
[2025-04-09T08:53:42.201+0000] {processor.py:840} INFO - DAG(s) 'tutorial_dag' retrieved from /home/airflow/.local/lib/python3.10/site-packages/airflow/example_dags/tutorial_dag.py
[2025-04-09T08:53:42.224+0000] {logging_mixin.py:188} INFO - [2025-04-09T08:53:42.224+0000] {dag.py:3047} INFO - Sync 1 DAGs
[2025-04-09T08:53:42.237+0000] {logging_mixin.py:188} INFO - [2025-04-09T08:53:42.237+0000] {dag.py:3834} INFO - Setting next_dagrun for tutorial_dag to None, run_after=None
[2025-04-09T08:53:42.259+0000] {processor.py:183} INFO - Processing /home/airflow/.local/lib/python3.10/site-packages/airflow/example_dags/tutorial_dag.py took 0.077 seconds
[2025-04-09T08:54:12.439+0000] {processor.py:161} INFO - Started process (PID=2101) to work on /home/airflow/.local/lib/python3.10/site-packages/airflow/example_dags/tutorial_dag.py
[2025-04-09T08:54:12.440+0000] {processor.py:830} INFO - Processing file /home/airflow/.local/lib/python3.10/site-packages/airflow/example_dags/tutorial_dag.py for tasks to queue
[2025-04-09T08:54:12.443+0000] {logging_mixin.py:188} INFO - [2025-04-09T08:54:12.442+0000] {dagbag.py:540} INFO - Filling up the DagBag from /home/airflow/.local/lib/python3.10/site-packages/airflow/example_dags/tutorial_dag.py
[2025-04-09T08:54:12.449+0000] {processor.py:840} INFO - DAG(s) 'tutorial_dag' retrieved from /home/airflow/.local/lib/python3.10/site-packages/airflow/example_dags/tutorial_dag.py
[2025-04-09T08:54:12.477+0000] {logging_mixin.py:188} INFO - [2025-04-09T08:54:12.476+0000] {dag.py:3047} INFO - Sync 1 DAGs
[2025-04-09T08:54:12.491+0000] {logging_mixin.py:188} INFO - [2025-04-09T08:54:12.491+0000] {dag.py:3834} INFO - Setting next_dagrun for tutorial_dag to None, run_after=None
[2025-04-09T08:54:12.519+0000] {processor.py:183} INFO - Processing /home/airflow/.local/lib/python3.10/site-packages/airflow/example_dags/tutorial_dag.py took 0.084 seconds
[2025-04-09T08:54:42.954+0000] {processor.py:161} INFO - Started process (PID=2163) to work on /home/airflow/.local/lib/python3.10/site-packages/airflow/example_dags/tutorial_dag.py
[2025-04-09T08:54:42.957+0000] {processor.py:830} INFO - Processing file /home/airflow/.local/lib/python3.10/site-packages/airflow/example_dags/tutorial_dag.py for tasks to queue
[2025-04-09T08:54:42.963+0000] {logging_mixin.py:188} INFO - [2025-04-09T08:54:42.962+0000] {dagbag.py:540} INFO - Filling up the DagBag from /home/airflow/.local/lib/python3.10/site-packages/airflow/example_dags/tutorial_dag.py
[2025-04-09T08:54:42.984+0000] {processor.py:840} INFO - DAG(s) 'tutorial_dag' retrieved from /home/airflow/.local/lib/python3.10/site-packages/airflow/example_dags/tutorial_dag.py
[2025-04-09T08:54:43.035+0000] {logging_mixin.py:188} INFO - [2025-04-09T08:54:43.034+0000] {dag.py:3047} INFO - Sync 1 DAGs
[2025-04-09T08:54:43.066+0000] {logging_mixin.py:188} INFO - [2025-04-09T08:54:43.066+0000] {dag.py:3834} INFO - Setting next_dagrun for tutorial_dag to None, run_after=None
[2025-04-09T08:54:43.114+0000] {processor.py:183} INFO - Processing /home/airflow/.local/lib/python3.10/site-packages/airflow/example_dags/tutorial_dag.py took 0.168 seconds
[2025-04-09T08:55:13.284+0000] {processor.py:161} INFO - Started process (PID=2230) to work on /home/airflow/.local/lib/python3.10/site-packages/airflow/example_dags/tutorial_dag.py
[2025-04-09T08:55:13.286+0000] {processor.py:830} INFO - Processing file /home/airflow/.local/lib/python3.10/site-packages/airflow/example_dags/tutorial_dag.py for tasks to queue
[2025-04-09T08:55:13.293+0000] {logging_mixin.py:188} INFO - [2025-04-09T08:55:13.292+0000] {dagbag.py:540} INFO - Filling up the DagBag from /home/airflow/.local/lib/python3.10/site-packages/airflow/example_dags/tutorial_dag.py
[2025-04-09T08:55:13.309+0000] {processor.py:840} INFO - DAG(s) 'tutorial_dag' retrieved from /home/airflow/.local/lib/python3.10/site-packages/airflow/example_dags/tutorial_dag.py
[2025-04-09T08:55:13.350+0000] {logging_mixin.py:188} INFO - [2025-04-09T08:55:13.349+0000] {dag.py:3047} INFO - Sync 1 DAGs
[2025-04-09T08:55:13.379+0000] {logging_mixin.py:188} INFO - [2025-04-09T08:55:13.378+0000] {dag.py:3834} INFO - Setting next_dagrun for tutorial_dag to None, run_after=None
[2025-04-09T08:55:13.421+0000] {processor.py:183} INFO - Processing /home/airflow/.local/lib/python3.10/site-packages/airflow/example_dags/tutorial_dag.py took 0.148 seconds
[2025-04-09T08:55:47.040+0000] {processor.py:161} INFO - Started process (PID=2294) to work on /home/airflow/.local/lib/python3.10/site-packages/airflow/example_dags/tutorial_dag.py
[2025-04-09T08:55:47.044+0000] {processor.py:830} INFO - Processing file /home/airflow/.local/lib/python3.10/site-packages/airflow/example_dags/tutorial_dag.py for tasks to queue
[2025-04-09T08:55:47.049+0000] {logging_mixin.py:188} INFO - [2025-04-09T08:55:47.048+0000] {dagbag.py:540} INFO - Filling up the DagBag from /home/airflow/.local/lib/python3.10/site-packages/airflow/example_dags/tutorial_dag.py
[2025-04-09T08:55:47.400+0000] {processor.py:840} INFO - DAG(s) 'tutorial_dag' retrieved from /home/airflow/.local/lib/python3.10/site-packages/airflow/example_dags/tutorial_dag.py
[2025-04-09T08:55:47.467+0000] {logging_mixin.py:188} INFO - [2025-04-09T08:55:47.466+0000] {dag.py:3047} INFO - Sync 1 DAGs
[2025-04-09T08:55:47.496+0000] {logging_mixin.py:188} INFO - [2025-04-09T08:55:47.495+0000] {dag.py:3834} INFO - Setting next_dagrun for tutorial_dag to None, run_after=None
[2025-04-09T08:55:47.564+0000] {processor.py:183} INFO - Processing /home/airflow/.local/lib/python3.10/site-packages/airflow/example_dags/tutorial_dag.py took 0.541 seconds
[2025-04-09T08:56:18.476+0000] {processor.py:161} INFO - Started process (PID=2356) to work on /home/airflow/.local/lib/python3.10/site-packages/airflow/example_dags/tutorial_dag.py
[2025-04-09T08:56:18.478+0000] {processor.py:830} INFO - Processing file /home/airflow/.local/lib/python3.10/site-packages/airflow/example_dags/tutorial_dag.py for tasks to queue
[2025-04-09T08:56:18.481+0000] {logging_mixin.py:188} INFO - [2025-04-09T08:56:18.481+0000] {dagbag.py:540} INFO - Filling up the DagBag from /home/airflow/.local/lib/python3.10/site-packages/airflow/example_dags/tutorial_dag.py
[2025-04-09T08:56:18.489+0000] {processor.py:840} INFO - DAG(s) 'tutorial_dag' retrieved from /home/airflow/.local/lib/python3.10/site-packages/airflow/example_dags/tutorial_dag.py
[2025-04-09T08:56:18.519+0000] {logging_mixin.py:188} INFO - [2025-04-09T08:56:18.518+0000] {dag.py:3047} INFO - Sync 1 DAGs
[2025-04-09T08:56:18.543+0000] {logging_mixin.py:188} INFO - [2025-04-09T08:56:18.543+0000] {dag.py:3834} INFO - Setting next_dagrun for tutorial_dag to None, run_after=None
[2025-04-09T08:56:18.573+0000] {processor.py:183} INFO - Processing /home/airflow/.local/lib/python3.10/site-packages/airflow/example_dags/tutorial_dag.py took 0.102 seconds
[2025-04-09T08:56:48.744+0000] {processor.py:161} INFO - Started process (PID=2418) to work on /home/airflow/.local/lib/python3.10/site-packages/airflow/example_dags/tutorial_dag.py
[2025-04-09T08:56:48.746+0000] {processor.py:830} INFO - Processing file /home/airflow/.local/lib/python3.10/site-packages/airflow/example_dags/tutorial_dag.py for tasks to queue
[2025-04-09T08:56:48.748+0000] {logging_mixin.py:188} INFO - [2025-04-09T08:56:48.748+0000] {dagbag.py:540} INFO - Filling up the DagBag from /home/airflow/.local/lib/python3.10/site-packages/airflow/example_dags/tutorial_dag.py
[2025-04-09T08:56:48.756+0000] {processor.py:840} INFO - DAG(s) 'tutorial_dag' retrieved from /home/airflow/.local/lib/python3.10/site-packages/airflow/example_dags/tutorial_dag.py
[2025-04-09T08:56:48.785+0000] {logging_mixin.py:188} INFO - [2025-04-09T08:56:48.784+0000] {dag.py:3047} INFO - Sync 1 DAGs
[2025-04-09T08:56:48.801+0000] {logging_mixin.py:188} INFO - [2025-04-09T08:56:48.800+0000] {dag.py:3834} INFO - Setting next_dagrun for tutorial_dag to None, run_after=None
[2025-04-09T08:56:48.833+0000] {processor.py:183} INFO - Processing /home/airflow/.local/lib/python3.10/site-packages/airflow/example_dags/tutorial_dag.py took 0.094 seconds
[2025-04-09T08:57:19.015+0000] {processor.py:161} INFO - Started process (PID=2480) to work on /home/airflow/.local/lib/python3.10/site-packages/airflow/example_dags/tutorial_dag.py
[2025-04-09T08:57:19.018+0000] {processor.py:830} INFO - Processing file /home/airflow/.local/lib/python3.10/site-packages/airflow/example_dags/tutorial_dag.py for tasks to queue
[2025-04-09T08:57:19.021+0000] {logging_mixin.py:188} INFO - [2025-04-09T08:57:19.020+0000] {dagbag.py:540} INFO - Filling up the DagBag from /home/airflow/.local/lib/python3.10/site-packages/airflow/example_dags/tutorial_dag.py
[2025-04-09T08:57:19.030+0000] {processor.py:840} INFO - DAG(s) 'tutorial_dag' retrieved from /home/airflow/.local/lib/python3.10/site-packages/airflow/example_dags/tutorial_dag.py
[2025-04-09T08:57:19.063+0000] {logging_mixin.py:188} INFO - [2025-04-09T08:57:19.062+0000] {dag.py:3047} INFO - Sync 1 DAGs
[2025-04-09T08:57:19.081+0000] {logging_mixin.py:188} INFO - [2025-04-09T08:57:19.080+0000] {dag.py:3834} INFO - Setting next_dagrun for tutorial_dag to None, run_after=None
[2025-04-09T08:57:19.116+0000] {processor.py:183} INFO - Processing /home/airflow/.local/lib/python3.10/site-packages/airflow/example_dags/tutorial_dag.py took 0.105 seconds
[2025-04-09T08:57:49.639+0000] {processor.py:161} INFO - Started process (PID=2542) to work on /home/airflow/.local/lib/python3.10/site-packages/airflow/example_dags/tutorial_dag.py
[2025-04-09T08:57:49.641+0000] {processor.py:830} INFO - Processing file /home/airflow/.local/lib/python3.10/site-packages/airflow/example_dags/tutorial_dag.py for tasks to queue
[2025-04-09T08:57:49.644+0000] {logging_mixin.py:188} INFO - [2025-04-09T08:57:49.644+0000] {dagbag.py:540} INFO - Filling up the DagBag from /home/airflow/.local/lib/python3.10/site-packages/airflow/example_dags/tutorial_dag.py
[2025-04-09T08:57:49.653+0000] {processor.py:840} INFO - DAG(s) 'tutorial_dag' retrieved from /home/airflow/.local/lib/python3.10/site-packages/airflow/example_dags/tutorial_dag.py
[2025-04-09T08:57:49.683+0000] {logging_mixin.py:188} INFO - [2025-04-09T08:57:49.682+0000] {dag.py:3047} INFO - Sync 1 DAGs
[2025-04-09T08:57:49.699+0000] {logging_mixin.py:188} INFO - [2025-04-09T08:57:49.698+0000] {dag.py:3834} INFO - Setting next_dagrun for tutorial_dag to None, run_after=None
[2025-04-09T08:57:49.726+0000] {processor.py:183} INFO - Processing /home/airflow/.local/lib/python3.10/site-packages/airflow/example_dags/tutorial_dag.py took 0.091 seconds
[2025-04-09T08:58:19.818+0000] {processor.py:161} INFO - Started process (PID=2604) to work on /home/airflow/.local/lib/python3.10/site-packages/airflow/example_dags/tutorial_dag.py
[2025-04-09T08:58:19.821+0000] {processor.py:830} INFO - Processing file /home/airflow/.local/lib/python3.10/site-packages/airflow/example_dags/tutorial_dag.py for tasks to queue
[2025-04-09T08:58:19.824+0000] {logging_mixin.py:188} INFO - [2025-04-09T08:58:19.823+0000] {dagbag.py:540} INFO - Filling up the DagBag from /home/airflow/.local/lib/python3.10/site-packages/airflow/example_dags/tutorial_dag.py
[2025-04-09T08:58:19.831+0000] {processor.py:840} INFO - DAG(s) 'tutorial_dag' retrieved from /home/airflow/.local/lib/python3.10/site-packages/airflow/example_dags/tutorial_dag.py
[2025-04-09T08:58:19.860+0000] {logging_mixin.py:188} INFO - [2025-04-09T08:58:19.859+0000] {dag.py:3047} INFO - Sync 1 DAGs
[2025-04-09T08:58:19.874+0000] {logging_mixin.py:188} INFO - [2025-04-09T08:58:19.874+0000] {dag.py:3834} INFO - Setting next_dagrun for tutorial_dag to None, run_after=None
[2025-04-09T08:58:19.902+0000] {processor.py:183} INFO - Processing /home/airflow/.local/lib/python3.10/site-packages/airflow/example_dags/tutorial_dag.py took 0.090 seconds
[2025-04-09T08:58:50.887+0000] {processor.py:161} INFO - Started process (PID=2666) to work on /home/airflow/.local/lib/python3.10/site-packages/airflow/example_dags/tutorial_dag.py
[2025-04-09T08:58:50.890+0000] {processor.py:830} INFO - Processing file /home/airflow/.local/lib/python3.10/site-packages/airflow/example_dags/tutorial_dag.py for tasks to queue
[2025-04-09T08:58:50.892+0000] {logging_mixin.py:188} INFO - [2025-04-09T08:58:50.892+0000] {dagbag.py:540} INFO - Filling up the DagBag from /home/airflow/.local/lib/python3.10/site-packages/airflow/example_dags/tutorial_dag.py
[2025-04-09T08:58:50.901+0000] {processor.py:840} INFO - DAG(s) 'tutorial_dag' retrieved from /home/airflow/.local/lib/python3.10/site-packages/airflow/example_dags/tutorial_dag.py
[2025-04-09T08:58:50.929+0000] {logging_mixin.py:188} INFO - [2025-04-09T08:58:50.928+0000] {dag.py:3047} INFO - Sync 1 DAGs
[2025-04-09T08:58:50.946+0000] {logging_mixin.py:188} INFO - [2025-04-09T08:58:50.945+0000] {dag.py:3834} INFO - Setting next_dagrun for tutorial_dag to None, run_after=None
[2025-04-09T08:58:50.979+0000] {processor.py:183} INFO - Processing /home/airflow/.local/lib/python3.10/site-packages/airflow/example_dags/tutorial_dag.py took 0.095 seconds
[2025-04-09T08:59:21.223+0000] {processor.py:161} INFO - Started process (PID=2728) to work on /home/airflow/.local/lib/python3.10/site-packages/airflow/example_dags/tutorial_dag.py
[2025-04-09T08:59:21.226+0000] {processor.py:830} INFO - Processing file /home/airflow/.local/lib/python3.10/site-packages/airflow/example_dags/tutorial_dag.py for tasks to queue
[2025-04-09T08:59:21.229+0000] {logging_mixin.py:188} INFO - [2025-04-09T08:59:21.228+0000] {dagbag.py:540} INFO - Filling up the DagBag from /home/airflow/.local/lib/python3.10/site-packages/airflow/example_dags/tutorial_dag.py
[2025-04-09T08:59:21.236+0000] {processor.py:840} INFO - DAG(s) 'tutorial_dag' retrieved from /home/airflow/.local/lib/python3.10/site-packages/airflow/example_dags/tutorial_dag.py
[2025-04-09T08:59:21.268+0000] {logging_mixin.py:188} INFO - [2025-04-09T08:59:21.267+0000] {dag.py:3047} INFO - Sync 1 DAGs
[2025-04-09T08:59:21.283+0000] {logging_mixin.py:188} INFO - [2025-04-09T08:59:21.283+0000] {dag.py:3834} INFO - Setting next_dagrun for tutorial_dag to None, run_after=None
[2025-04-09T08:59:21.313+0000] {processor.py:183} INFO - Processing /home/airflow/.local/lib/python3.10/site-packages/airflow/example_dags/tutorial_dag.py took 0.094 seconds
[2025-04-09T08:59:51.766+0000] {processor.py:161} INFO - Started process (PID=2796) to work on /home/airflow/.local/lib/python3.10/site-packages/airflow/example_dags/tutorial_dag.py
[2025-04-09T08:59:51.768+0000] {processor.py:830} INFO - Processing file /home/airflow/.local/lib/python3.10/site-packages/airflow/example_dags/tutorial_dag.py for tasks to queue
[2025-04-09T08:59:51.771+0000] {logging_mixin.py:188} INFO - [2025-04-09T08:59:51.770+0000] {dagbag.py:540} INFO - Filling up the DagBag from /home/airflow/.local/lib/python3.10/site-packages/airflow/example_dags/tutorial_dag.py
[2025-04-09T08:59:51.777+0000] {processor.py:840} INFO - DAG(s) 'tutorial_dag' retrieved from /home/airflow/.local/lib/python3.10/site-packages/airflow/example_dags/tutorial_dag.py
[2025-04-09T08:59:51.805+0000] {logging_mixin.py:188} INFO - [2025-04-09T08:59:51.804+0000] {dag.py:3047} INFO - Sync 1 DAGs
[2025-04-09T08:59:51.820+0000] {logging_mixin.py:188} INFO - [2025-04-09T08:59:51.820+0000] {dag.py:3834} INFO - Setting next_dagrun for tutorial_dag to None, run_after=None
[2025-04-09T08:59:51.854+0000] {processor.py:183} INFO - Processing /home/airflow/.local/lib/python3.10/site-packages/airflow/example_dags/tutorial_dag.py took 0.092 seconds
[2025-04-09T09:00:22.186+0000] {processor.py:161} INFO - Started process (PID=2858) to work on /home/airflow/.local/lib/python3.10/site-packages/airflow/example_dags/tutorial_dag.py
[2025-04-09T09:00:22.188+0000] {processor.py:830} INFO - Processing file /home/airflow/.local/lib/python3.10/site-packages/airflow/example_dags/tutorial_dag.py for tasks to queue
[2025-04-09T09:00:22.190+0000] {logging_mixin.py:188} INFO - [2025-04-09T09:00:22.190+0000] {dagbag.py:540} INFO - Filling up the DagBag from /home/airflow/.local/lib/python3.10/site-packages/airflow/example_dags/tutorial_dag.py
[2025-04-09T09:00:22.198+0000] {processor.py:840} INFO - DAG(s) 'tutorial_dag' retrieved from /home/airflow/.local/lib/python3.10/site-packages/airflow/example_dags/tutorial_dag.py
[2025-04-09T09:00:22.227+0000] {logging_mixin.py:188} INFO - [2025-04-09T09:00:22.226+0000] {dag.py:3047} INFO - Sync 1 DAGs
[2025-04-09T09:00:22.240+0000] {logging_mixin.py:188} INFO - [2025-04-09T09:00:22.240+0000] {dag.py:3834} INFO - Setting next_dagrun for tutorial_dag to None, run_after=None
[2025-04-09T09:00:22.270+0000] {processor.py:183} INFO - Processing /home/airflow/.local/lib/python3.10/site-packages/airflow/example_dags/tutorial_dag.py took 0.090 seconds
[2025-04-09T09:00:52.749+0000] {processor.py:161} INFO - Started process (PID=2920) to work on /home/airflow/.local/lib/python3.10/site-packages/airflow/example_dags/tutorial_dag.py
[2025-04-09T09:00:52.752+0000] {processor.py:830} INFO - Processing file /home/airflow/.local/lib/python3.10/site-packages/airflow/example_dags/tutorial_dag.py for tasks to queue
[2025-04-09T09:00:52.756+0000] {logging_mixin.py:188} INFO - [2025-04-09T09:00:52.755+0000] {dagbag.py:540} INFO - Filling up the DagBag from /home/airflow/.local/lib/python3.10/site-packages/airflow/example_dags/tutorial_dag.py
[2025-04-09T09:00:52.763+0000] {processor.py:840} INFO - DAG(s) 'tutorial_dag' retrieved from /home/airflow/.local/lib/python3.10/site-packages/airflow/example_dags/tutorial_dag.py
[2025-04-09T09:00:52.799+0000] {logging_mixin.py:188} INFO - [2025-04-09T09:00:52.798+0000] {dag.py:3047} INFO - Sync 1 DAGs
[2025-04-09T09:00:52.828+0000] {logging_mixin.py:188} INFO - [2025-04-09T09:00:52.828+0000] {dag.py:3834} INFO - Setting next_dagrun for tutorial_dag to None, run_after=None
[2025-04-09T09:00:52.870+0000] {processor.py:183} INFO - Processing /home/airflow/.local/lib/python3.10/site-packages/airflow/example_dags/tutorial_dag.py took 0.125 seconds
[2025-04-09T09:01:23.414+0000] {processor.py:161} INFO - Started process (PID=2982) to work on /home/airflow/.local/lib/python3.10/site-packages/airflow/example_dags/tutorial_dag.py
[2025-04-09T09:01:23.416+0000] {processor.py:830} INFO - Processing file /home/airflow/.local/lib/python3.10/site-packages/airflow/example_dags/tutorial_dag.py for tasks to queue
[2025-04-09T09:01:23.419+0000] {logging_mixin.py:188} INFO - [2025-04-09T09:01:23.419+0000] {dagbag.py:540} INFO - Filling up the DagBag from /home/airflow/.local/lib/python3.10/site-packages/airflow/example_dags/tutorial_dag.py
[2025-04-09T09:01:23.426+0000] {processor.py:840} INFO - DAG(s) 'tutorial_dag' retrieved from /home/airflow/.local/lib/python3.10/site-packages/airflow/example_dags/tutorial_dag.py
[2025-04-09T09:01:23.457+0000] {logging_mixin.py:188} INFO - [2025-04-09T09:01:23.456+0000] {dag.py:3047} INFO - Sync 1 DAGs
[2025-04-09T09:01:23.471+0000] {logging_mixin.py:188} INFO - [2025-04-09T09:01:23.471+0000] {dag.py:3834} INFO - Setting next_dagrun for tutorial_dag to None, run_after=None
[2025-04-09T09:01:23.499+0000] {processor.py:183} INFO - Processing /home/airflow/.local/lib/python3.10/site-packages/airflow/example_dags/tutorial_dag.py took 0.090 seconds
[2025-04-09T09:01:54.337+0000] {processor.py:161} INFO - Started process (PID=3044) to work on /home/airflow/.local/lib/python3.10/site-packages/airflow/example_dags/tutorial_dag.py
[2025-04-09T09:01:54.339+0000] {processor.py:830} INFO - Processing file /home/airflow/.local/lib/python3.10/site-packages/airflow/example_dags/tutorial_dag.py for tasks to queue
[2025-04-09T09:01:54.342+0000] {logging_mixin.py:188} INFO - [2025-04-09T09:01:54.341+0000] {dagbag.py:540} INFO - Filling up the DagBag from /home/airflow/.local/lib/python3.10/site-packages/airflow/example_dags/tutorial_dag.py
[2025-04-09T09:01:54.351+0000] {processor.py:840} INFO - DAG(s) 'tutorial_dag' retrieved from /home/airflow/.local/lib/python3.10/site-packages/airflow/example_dags/tutorial_dag.py
[2025-04-09T09:01:54.380+0000] {logging_mixin.py:188} INFO - [2025-04-09T09:01:54.379+0000] {dag.py:3047} INFO - Sync 1 DAGs
[2025-04-09T09:01:54.393+0000] {logging_mixin.py:188} INFO - [2025-04-09T09:01:54.393+0000] {dag.py:3834} INFO - Setting next_dagrun for tutorial_dag to None, run_after=None
[2025-04-09T09:01:54.420+0000] {processor.py:183} INFO - Processing /home/airflow/.local/lib/python3.10/site-packages/airflow/example_dags/tutorial_dag.py took 0.087 seconds
[2025-04-09T09:02:24.564+0000] {processor.py:161} INFO - Started process (PID=3106) to work on /home/airflow/.local/lib/python3.10/site-packages/airflow/example_dags/tutorial_dag.py
[2025-04-09T09:02:24.566+0000] {processor.py:830} INFO - Processing file /home/airflow/.local/lib/python3.10/site-packages/airflow/example_dags/tutorial_dag.py for tasks to queue
[2025-04-09T09:02:24.569+0000] {logging_mixin.py:188} INFO - [2025-04-09T09:02:24.568+0000] {dagbag.py:540} INFO - Filling up the DagBag from /home/airflow/.local/lib/python3.10/site-packages/airflow/example_dags/tutorial_dag.py
[2025-04-09T09:02:24.576+0000] {processor.py:840} INFO - DAG(s) 'tutorial_dag' retrieved from /home/airflow/.local/lib/python3.10/site-packages/airflow/example_dags/tutorial_dag.py
[2025-04-09T09:02:24.604+0000] {logging_mixin.py:188} INFO - [2025-04-09T09:02:24.603+0000] {dag.py:3047} INFO - Sync 1 DAGs
[2025-04-09T09:02:24.619+0000] {logging_mixin.py:188} INFO - [2025-04-09T09:02:24.619+0000] {dag.py:3834} INFO - Setting next_dagrun for tutorial_dag to None, run_after=None
[2025-04-09T09:02:24.648+0000] {processor.py:183} INFO - Processing /home/airflow/.local/lib/python3.10/site-packages/airflow/example_dags/tutorial_dag.py took 0.088 seconds
[2025-04-09T09:02:54.883+0000] {processor.py:161} INFO - Started process (PID=3168) to work on /home/airflow/.local/lib/python3.10/site-packages/airflow/example_dags/tutorial_dag.py
[2025-04-09T09:02:54.885+0000] {processor.py:830} INFO - Processing file /home/airflow/.local/lib/python3.10/site-packages/airflow/example_dags/tutorial_dag.py for tasks to queue
[2025-04-09T09:02:54.889+0000] {logging_mixin.py:188} INFO - [2025-04-09T09:02:54.888+0000] {dagbag.py:540} INFO - Filling up the DagBag from /home/airflow/.local/lib/python3.10/site-packages/airflow/example_dags/tutorial_dag.py
[2025-04-09T09:02:54.896+0000] {processor.py:840} INFO - DAG(s) 'tutorial_dag' retrieved from /home/airflow/.local/lib/python3.10/site-packages/airflow/example_dags/tutorial_dag.py
[2025-04-09T09:02:54.925+0000] {logging_mixin.py:188} INFO - [2025-04-09T09:02:54.924+0000] {dag.py:3047} INFO - Sync 1 DAGs
[2025-04-09T09:02:54.941+0000] {logging_mixin.py:188} INFO - [2025-04-09T09:02:54.940+0000] {dag.py:3834} INFO - Setting next_dagrun for tutorial_dag to None, run_after=None
[2025-04-09T09:02:54.969+0000] {processor.py:183} INFO - Processing /home/airflow/.local/lib/python3.10/site-packages/airflow/example_dags/tutorial_dag.py took 0.089 seconds
[2025-04-09T09:03:25.090+0000] {processor.py:161} INFO - Started process (PID=3230) to work on /home/airflow/.local/lib/python3.10/site-packages/airflow/example_dags/tutorial_dag.py
[2025-04-09T09:03:25.091+0000] {processor.py:830} INFO - Processing file /home/airflow/.local/lib/python3.10/site-packages/airflow/example_dags/tutorial_dag.py for tasks to queue
[2025-04-09T09:03:25.094+0000] {logging_mixin.py:188} INFO - [2025-04-09T09:03:25.094+0000] {dagbag.py:540} INFO - Filling up the DagBag from /home/airflow/.local/lib/python3.10/site-packages/airflow/example_dags/tutorial_dag.py
[2025-04-09T09:03:25.102+0000] {processor.py:840} INFO - DAG(s) 'tutorial_dag' retrieved from /home/airflow/.local/lib/python3.10/site-packages/airflow/example_dags/tutorial_dag.py
[2025-04-09T09:03:25.129+0000] {logging_mixin.py:188} INFO - [2025-04-09T09:03:25.129+0000] {dag.py:3047} INFO - Sync 1 DAGs
[2025-04-09T09:03:25.144+0000] {logging_mixin.py:188} INFO - [2025-04-09T09:03:25.143+0000] {dag.py:3834} INFO - Setting next_dagrun for tutorial_dag to None, run_after=None
[2025-04-09T09:03:25.172+0000] {processor.py:183} INFO - Processing /home/airflow/.local/lib/python3.10/site-packages/airflow/example_dags/tutorial_dag.py took 0.086 seconds
[2025-04-09T09:03:55.416+0000] {processor.py:161} INFO - Started process (PID=3292) to work on /home/airflow/.local/lib/python3.10/site-packages/airflow/example_dags/tutorial_dag.py
[2025-04-09T09:03:55.419+0000] {processor.py:830} INFO - Processing file /home/airflow/.local/lib/python3.10/site-packages/airflow/example_dags/tutorial_dag.py for tasks to queue
[2025-04-09T09:03:55.421+0000] {logging_mixin.py:188} INFO - [2025-04-09T09:03:55.421+0000] {dagbag.py:540} INFO - Filling up the DagBag from /home/airflow/.local/lib/python3.10/site-packages/airflow/example_dags/tutorial_dag.py
[2025-04-09T09:03:55.431+0000] {processor.py:840} INFO - DAG(s) 'tutorial_dag' retrieved from /home/airflow/.local/lib/python3.10/site-packages/airflow/example_dags/tutorial_dag.py
[2025-04-09T09:03:55.460+0000] {logging_mixin.py:188} INFO - [2025-04-09T09:03:55.459+0000] {dag.py:3047} INFO - Sync 1 DAGs
[2025-04-09T09:03:55.476+0000] {logging_mixin.py:188} INFO - [2025-04-09T09:03:55.476+0000] {dag.py:3834} INFO - Setting next_dagrun for tutorial_dag to None, run_after=None
[2025-04-09T09:03:55.506+0000] {processor.py:183} INFO - Processing /home/airflow/.local/lib/python3.10/site-packages/airflow/example_dags/tutorial_dag.py took 0.093 seconds
[2025-04-09T09:04:25.738+0000] {processor.py:161} INFO - Started process (PID=3354) to work on /home/airflow/.local/lib/python3.10/site-packages/airflow/example_dags/tutorial_dag.py
[2025-04-09T09:04:25.740+0000] {processor.py:830} INFO - Processing file /home/airflow/.local/lib/python3.10/site-packages/airflow/example_dags/tutorial_dag.py for tasks to queue
[2025-04-09T09:04:25.744+0000] {logging_mixin.py:188} INFO - [2025-04-09T09:04:25.743+0000] {dagbag.py:540} INFO - Filling up the DagBag from /home/airflow/.local/lib/python3.10/site-packages/airflow/example_dags/tutorial_dag.py
[2025-04-09T09:04:25.754+0000] {processor.py:840} INFO - DAG(s) 'tutorial_dag' retrieved from /home/airflow/.local/lib/python3.10/site-packages/airflow/example_dags/tutorial_dag.py
[2025-04-09T09:04:25.784+0000] {logging_mixin.py:188} INFO - [2025-04-09T09:04:25.784+0000] {dag.py:3047} INFO - Sync 1 DAGs
[2025-04-09T09:04:25.800+0000] {logging_mixin.py:188} INFO - [2025-04-09T09:04:25.800+0000] {dag.py:3834} INFO - Setting next_dagrun for tutorial_dag to None, run_after=None
[2025-04-09T09:04:25.831+0000] {processor.py:183} INFO - Processing /home/airflow/.local/lib/python3.10/site-packages/airflow/example_dags/tutorial_dag.py took 0.097 seconds
[2025-04-09T09:04:56.818+0000] {processor.py:161} INFO - Started process (PID=3416) to work on /home/airflow/.local/lib/python3.10/site-packages/airflow/example_dags/tutorial_dag.py
[2025-04-09T09:04:56.820+0000] {processor.py:830} INFO - Processing file /home/airflow/.local/lib/python3.10/site-packages/airflow/example_dags/tutorial_dag.py for tasks to queue
[2025-04-09T09:04:56.823+0000] {logging_mixin.py:188} INFO - [2025-04-09T09:04:56.823+0000] {dagbag.py:540} INFO - Filling up the DagBag from /home/airflow/.local/lib/python3.10/site-packages/airflow/example_dags/tutorial_dag.py
[2025-04-09T09:04:56.830+0000] {processor.py:840} INFO - DAG(s) 'tutorial_dag' retrieved from /home/airflow/.local/lib/python3.10/site-packages/airflow/example_dags/tutorial_dag.py
[2025-04-09T09:04:56.857+0000] {logging_mixin.py:188} INFO - [2025-04-09T09:04:56.856+0000] {dag.py:3047} INFO - Sync 1 DAGs
[2025-04-09T09:04:56.871+0000] {logging_mixin.py:188} INFO - [2025-04-09T09:04:56.870+0000] {dag.py:3834} INFO - Setting next_dagrun for tutorial_dag to None, run_after=None
[2025-04-09T09:04:56.899+0000] {processor.py:183} INFO - Processing /home/airflow/.local/lib/python3.10/site-packages/airflow/example_dags/tutorial_dag.py took 0.084 seconds
[2025-04-09T09:05:27.286+0000] {processor.py:161} INFO - Started process (PID=3484) to work on /home/airflow/.local/lib/python3.10/site-packages/airflow/example_dags/tutorial_dag.py
[2025-04-09T09:05:27.288+0000] {processor.py:830} INFO - Processing file /home/airflow/.local/lib/python3.10/site-packages/airflow/example_dags/tutorial_dag.py for tasks to queue
[2025-04-09T09:05:27.292+0000] {logging_mixin.py:188} INFO - [2025-04-09T09:05:27.291+0000] {dagbag.py:540} INFO - Filling up the DagBag from /home/airflow/.local/lib/python3.10/site-packages/airflow/example_dags/tutorial_dag.py
[2025-04-09T09:05:27.299+0000] {processor.py:840} INFO - DAG(s) 'tutorial_dag' retrieved from /home/airflow/.local/lib/python3.10/site-packages/airflow/example_dags/tutorial_dag.py
[2025-04-09T09:05:27.327+0000] {logging_mixin.py:188} INFO - [2025-04-09T09:05:27.326+0000] {dag.py:3047} INFO - Sync 1 DAGs
[2025-04-09T09:05:27.341+0000] {logging_mixin.py:188} INFO - [2025-04-09T09:05:27.340+0000] {dag.py:3834} INFO - Setting next_dagrun for tutorial_dag to None, run_after=None
[2025-04-09T09:05:27.371+0000] {processor.py:183} INFO - Processing /home/airflow/.local/lib/python3.10/site-packages/airflow/example_dags/tutorial_dag.py took 0.089 seconds
[2025-04-09T09:05:57.600+0000] {processor.py:161} INFO - Started process (PID=3546) to work on /home/airflow/.local/lib/python3.10/site-packages/airflow/example_dags/tutorial_dag.py
[2025-04-09T09:05:57.602+0000] {processor.py:830} INFO - Processing file /home/airflow/.local/lib/python3.10/site-packages/airflow/example_dags/tutorial_dag.py for tasks to queue
[2025-04-09T09:05:57.603+0000] {logging_mixin.py:188} INFO - [2025-04-09T09:05:57.603+0000] {dagbag.py:540} INFO - Filling up the DagBag from /home/airflow/.local/lib/python3.10/site-packages/airflow/example_dags/tutorial_dag.py
[2025-04-09T09:05:57.612+0000] {processor.py:840} INFO - DAG(s) 'tutorial_dag' retrieved from /home/airflow/.local/lib/python3.10/site-packages/airflow/example_dags/tutorial_dag.py
[2025-04-09T09:05:57.641+0000] {logging_mixin.py:188} INFO - [2025-04-09T09:05:57.640+0000] {dag.py:3047} INFO - Sync 1 DAGs
[2025-04-09T09:05:57.657+0000] {logging_mixin.py:188} INFO - [2025-04-09T09:05:57.656+0000] {dag.py:3834} INFO - Setting next_dagrun for tutorial_dag to None, run_after=None
[2025-04-09T09:05:57.686+0000] {processor.py:183} INFO - Processing /home/airflow/.local/lib/python3.10/site-packages/airflow/example_dags/tutorial_dag.py took 0.091 seconds
[2025-04-09T09:06:27.868+0000] {processor.py:161} INFO - Started process (PID=3607) to work on /home/airflow/.local/lib/python3.10/site-packages/airflow/example_dags/tutorial_dag.py
[2025-04-09T09:06:27.871+0000] {processor.py:830} INFO - Processing file /home/airflow/.local/lib/python3.10/site-packages/airflow/example_dags/tutorial_dag.py for tasks to queue
[2025-04-09T09:06:27.872+0000] {logging_mixin.py:188} INFO - [2025-04-09T09:06:27.871+0000] {dagbag.py:540} INFO - Filling up the DagBag from /home/airflow/.local/lib/python3.10/site-packages/airflow/example_dags/tutorial_dag.py
[2025-04-09T09:06:27.879+0000] {processor.py:840} INFO - DAG(s) 'tutorial_dag' retrieved from /home/airflow/.local/lib/python3.10/site-packages/airflow/example_dags/tutorial_dag.py
[2025-04-09T09:06:27.909+0000] {logging_mixin.py:188} INFO - [2025-04-09T09:06:27.908+0000] {dag.py:3047} INFO - Sync 1 DAGs
[2025-04-09T09:06:27.924+0000] {logging_mixin.py:188} INFO - [2025-04-09T09:06:27.924+0000] {dag.py:3834} INFO - Setting next_dagrun for tutorial_dag to None, run_after=None
[2025-04-09T09:06:27.953+0000] {processor.py:183} INFO - Processing /home/airflow/.local/lib/python3.10/site-packages/airflow/example_dags/tutorial_dag.py took 0.090 seconds
[2025-04-09T09:06:58.000+0000] {processor.py:161} INFO - Started process (PID=3668) to work on /home/airflow/.local/lib/python3.10/site-packages/airflow/example_dags/tutorial_dag.py
[2025-04-09T09:06:58.003+0000] {processor.py:830} INFO - Processing file /home/airflow/.local/lib/python3.10/site-packages/airflow/example_dags/tutorial_dag.py for tasks to queue
[2025-04-09T09:06:58.004+0000] {logging_mixin.py:188} INFO - [2025-04-09T09:06:58.004+0000] {dagbag.py:540} INFO - Filling up the DagBag from /home/airflow/.local/lib/python3.10/site-packages/airflow/example_dags/tutorial_dag.py
[2025-04-09T09:06:58.011+0000] {processor.py:840} INFO - DAG(s) 'tutorial_dag' retrieved from /home/airflow/.local/lib/python3.10/site-packages/airflow/example_dags/tutorial_dag.py
[2025-04-09T09:06:58.037+0000] {logging_mixin.py:188} INFO - [2025-04-09T09:06:58.037+0000] {dag.py:3047} INFO - Sync 1 DAGs
[2025-04-09T09:06:58.052+0000] {logging_mixin.py:188} INFO - [2025-04-09T09:06:58.052+0000] {dag.py:3834} INFO - Setting next_dagrun for tutorial_dag to None, run_after=None
[2025-04-09T09:06:58.083+0000] {processor.py:183} INFO - Processing /home/airflow/.local/lib/python3.10/site-packages/airflow/example_dags/tutorial_dag.py took 0.086 seconds
[2025-04-09T09:07:28.643+0000] {processor.py:161} INFO - Started process (PID=3729) to work on /home/airflow/.local/lib/python3.10/site-packages/airflow/example_dags/tutorial_dag.py
[2025-04-09T09:07:28.646+0000] {processor.py:830} INFO - Processing file /home/airflow/.local/lib/python3.10/site-packages/airflow/example_dags/tutorial_dag.py for tasks to queue
[2025-04-09T09:07:28.648+0000] {logging_mixin.py:188} INFO - [2025-04-09T09:07:28.647+0000] {dagbag.py:540} INFO - Filling up the DagBag from /home/airflow/.local/lib/python3.10/site-packages/airflow/example_dags/tutorial_dag.py
[2025-04-09T09:07:28.661+0000] {processor.py:840} INFO - DAG(s) 'tutorial_dag' retrieved from /home/airflow/.local/lib/python3.10/site-packages/airflow/example_dags/tutorial_dag.py
[2025-04-09T09:07:28.698+0000] {logging_mixin.py:188} INFO - [2025-04-09T09:07:28.697+0000] {dag.py:3047} INFO - Sync 1 DAGs
[2025-04-09T09:07:28.717+0000] {logging_mixin.py:188} INFO - [2025-04-09T09:07:28.717+0000] {dag.py:3834} INFO - Setting next_dagrun for tutorial_dag to None, run_after=None
[2025-04-09T09:07:28.753+0000] {processor.py:183} INFO - Processing /home/airflow/.local/lib/python3.10/site-packages/airflow/example_dags/tutorial_dag.py took 0.117 seconds
[2025-04-09T09:07:59.338+0000] {processor.py:161} INFO - Started process (PID=3791) to work on /home/airflow/.local/lib/python3.10/site-packages/airflow/example_dags/tutorial_dag.py
[2025-04-09T09:07:59.341+0000] {processor.py:830} INFO - Processing file /home/airflow/.local/lib/python3.10/site-packages/airflow/example_dags/tutorial_dag.py for tasks to queue
[2025-04-09T09:07:59.342+0000] {logging_mixin.py:188} INFO - [2025-04-09T09:07:59.342+0000] {dagbag.py:540} INFO - Filling up the DagBag from /home/airflow/.local/lib/python3.10/site-packages/airflow/example_dags/tutorial_dag.py
[2025-04-09T09:07:59.354+0000] {processor.py:840} INFO - DAG(s) 'tutorial_dag' retrieved from /home/airflow/.local/lib/python3.10/site-packages/airflow/example_dags/tutorial_dag.py
[2025-04-09T09:07:59.388+0000] {logging_mixin.py:188} INFO - [2025-04-09T09:07:59.387+0000] {dag.py:3047} INFO - Sync 1 DAGs
[2025-04-09T09:07:59.407+0000] {logging_mixin.py:188} INFO - [2025-04-09T09:07:59.407+0000] {dag.py:3834} INFO - Setting next_dagrun for tutorial_dag to None, run_after=None
[2025-04-09T09:07:59.447+0000] {processor.py:183} INFO - Processing /home/airflow/.local/lib/python3.10/site-packages/airflow/example_dags/tutorial_dag.py took 0.117 seconds
[2025-04-09T09:08:29.812+0000] {processor.py:161} INFO - Started process (PID=3861) to work on /home/airflow/.local/lib/python3.10/site-packages/airflow/example_dags/tutorial_dag.py
[2025-04-09T09:08:29.816+0000] {processor.py:830} INFO - Processing file /home/airflow/.local/lib/python3.10/site-packages/airflow/example_dags/tutorial_dag.py for tasks to queue
[2025-04-09T09:08:29.817+0000] {logging_mixin.py:188} INFO - [2025-04-09T09:08:29.816+0000] {dagbag.py:540} INFO - Filling up the DagBag from /home/airflow/.local/lib/python3.10/site-packages/airflow/example_dags/tutorial_dag.py
[2025-04-09T09:08:29.824+0000] {processor.py:840} INFO - DAG(s) 'tutorial_dag' retrieved from /home/airflow/.local/lib/python3.10/site-packages/airflow/example_dags/tutorial_dag.py
[2025-04-09T09:08:29.853+0000] {logging_mixin.py:188} INFO - [2025-04-09T09:08:29.853+0000] {dag.py:3047} INFO - Sync 1 DAGs
[2025-04-09T09:08:29.871+0000] {logging_mixin.py:188} INFO - [2025-04-09T09:08:29.870+0000] {dag.py:3834} INFO - Setting next_dagrun for tutorial_dag to None, run_after=None
[2025-04-09T09:08:29.907+0000] {processor.py:183} INFO - Processing /home/airflow/.local/lib/python3.10/site-packages/airflow/example_dags/tutorial_dag.py took 0.100 seconds
[2025-04-09T09:09:00.167+0000] {processor.py:161} INFO - Started process (PID=3923) to work on /home/airflow/.local/lib/python3.10/site-packages/airflow/example_dags/tutorial_dag.py
[2025-04-09T09:09:00.169+0000] {processor.py:830} INFO - Processing file /home/airflow/.local/lib/python3.10/site-packages/airflow/example_dags/tutorial_dag.py for tasks to queue
[2025-04-09T09:09:00.170+0000] {logging_mixin.py:188} INFO - [2025-04-09T09:09:00.170+0000] {dagbag.py:540} INFO - Filling up the DagBag from /home/airflow/.local/lib/python3.10/site-packages/airflow/example_dags/tutorial_dag.py
[2025-04-09T09:09:00.179+0000] {processor.py:840} INFO - DAG(s) 'tutorial_dag' retrieved from /home/airflow/.local/lib/python3.10/site-packages/airflow/example_dags/tutorial_dag.py
[2025-04-09T09:09:00.205+0000] {logging_mixin.py:188} INFO - [2025-04-09T09:09:00.204+0000] {dag.py:3047} INFO - Sync 1 DAGs
[2025-04-09T09:09:00.217+0000] {logging_mixin.py:188} INFO - [2025-04-09T09:09:00.216+0000] {dag.py:3834} INFO - Setting next_dagrun for tutorial_dag to None, run_after=None
[2025-04-09T09:09:00.238+0000] {processor.py:183} INFO - Processing /home/airflow/.local/lib/python3.10/site-packages/airflow/example_dags/tutorial_dag.py took 0.074 seconds
[2025-04-09T09:09:31.164+0000] {processor.py:161} INFO - Started process (PID=3985) to work on /home/airflow/.local/lib/python3.10/site-packages/airflow/example_dags/tutorial_dag.py
[2025-04-09T09:09:31.166+0000] {processor.py:830} INFO - Processing file /home/airflow/.local/lib/python3.10/site-packages/airflow/example_dags/tutorial_dag.py for tasks to queue
[2025-04-09T09:09:31.168+0000] {logging_mixin.py:188} INFO - [2025-04-09T09:09:31.167+0000] {dagbag.py:540} INFO - Filling up the DagBag from /home/airflow/.local/lib/python3.10/site-packages/airflow/example_dags/tutorial_dag.py
[2025-04-09T09:09:31.180+0000] {processor.py:840} INFO - DAG(s) 'tutorial_dag' retrieved from /home/airflow/.local/lib/python3.10/site-packages/airflow/example_dags/tutorial_dag.py
[2025-04-09T09:09:31.218+0000] {logging_mixin.py:188} INFO - [2025-04-09T09:09:31.218+0000] {dag.py:3047} INFO - Sync 1 DAGs
[2025-04-09T09:09:31.238+0000] {logging_mixin.py:188} INFO - [2025-04-09T09:09:31.238+0000] {dag.py:3834} INFO - Setting next_dagrun for tutorial_dag to None, run_after=None
[2025-04-09T09:09:31.273+0000] {processor.py:183} INFO - Processing /home/airflow/.local/lib/python3.10/site-packages/airflow/example_dags/tutorial_dag.py took 0.114 seconds
[2025-04-09T09:10:02.078+0000] {processor.py:161} INFO - Started process (PID=4053) to work on /home/airflow/.local/lib/python3.10/site-packages/airflow/example_dags/tutorial_dag.py
[2025-04-09T09:10:02.080+0000] {processor.py:830} INFO - Processing file /home/airflow/.local/lib/python3.10/site-packages/airflow/example_dags/tutorial_dag.py for tasks to queue
[2025-04-09T09:10:02.081+0000] {logging_mixin.py:188} INFO - [2025-04-09T09:10:02.081+0000] {dagbag.py:540} INFO - Filling up the DagBag from /home/airflow/.local/lib/python3.10/site-packages/airflow/example_dags/tutorial_dag.py
[2025-04-09T09:10:02.089+0000] {processor.py:840} INFO - DAG(s) 'tutorial_dag' retrieved from /home/airflow/.local/lib/python3.10/site-packages/airflow/example_dags/tutorial_dag.py
[2025-04-09T09:10:02.116+0000] {logging_mixin.py:188} INFO - [2025-04-09T09:10:02.115+0000] {dag.py:3047} INFO - Sync 1 DAGs
[2025-04-09T09:10:02.129+0000] {logging_mixin.py:188} INFO - [2025-04-09T09:10:02.129+0000] {dag.py:3834} INFO - Setting next_dagrun for tutorial_dag to None, run_after=None
[2025-04-09T09:10:02.153+0000] {processor.py:183} INFO - Processing /home/airflow/.local/lib/python3.10/site-packages/airflow/example_dags/tutorial_dag.py took 0.079 seconds
[2025-04-09T09:10:32.550+0000] {processor.py:161} INFO - Started process (PID=4115) to work on /home/airflow/.local/lib/python3.10/site-packages/airflow/example_dags/tutorial_dag.py
[2025-04-09T09:10:32.551+0000] {processor.py:830} INFO - Processing file /home/airflow/.local/lib/python3.10/site-packages/airflow/example_dags/tutorial_dag.py for tasks to queue
[2025-04-09T09:10:32.553+0000] {logging_mixin.py:188} INFO - [2025-04-09T09:10:32.552+0000] {dagbag.py:540} INFO - Filling up the DagBag from /home/airflow/.local/lib/python3.10/site-packages/airflow/example_dags/tutorial_dag.py
[2025-04-09T09:10:32.560+0000] {processor.py:840} INFO - DAG(s) 'tutorial_dag' retrieved from /home/airflow/.local/lib/python3.10/site-packages/airflow/example_dags/tutorial_dag.py
[2025-04-09T09:10:32.584+0000] {logging_mixin.py:188} INFO - [2025-04-09T09:10:32.583+0000] {dag.py:3047} INFO - Sync 1 DAGs
[2025-04-09T09:10:32.598+0000] {logging_mixin.py:188} INFO - [2025-04-09T09:10:32.597+0000] {dag.py:3834} INFO - Setting next_dagrun for tutorial_dag to None, run_after=None
[2025-04-09T09:10:32.620+0000] {processor.py:183} INFO - Processing /home/airflow/.local/lib/python3.10/site-packages/airflow/example_dags/tutorial_dag.py took 0.075 seconds
[2025-04-09T09:11:03.100+0000] {processor.py:161} INFO - Started process (PID=4177) to work on /home/airflow/.local/lib/python3.10/site-packages/airflow/example_dags/tutorial_dag.py
[2025-04-09T09:11:03.102+0000] {processor.py:830} INFO - Processing file /home/airflow/.local/lib/python3.10/site-packages/airflow/example_dags/tutorial_dag.py for tasks to queue
[2025-04-09T09:11:03.103+0000] {logging_mixin.py:188} INFO - [2025-04-09T09:11:03.103+0000] {dagbag.py:540} INFO - Filling up the DagBag from /home/airflow/.local/lib/python3.10/site-packages/airflow/example_dags/tutorial_dag.py
[2025-04-09T09:11:03.112+0000] {processor.py:840} INFO - DAG(s) 'tutorial_dag' retrieved from /home/airflow/.local/lib/python3.10/site-packages/airflow/example_dags/tutorial_dag.py
[2025-04-09T09:11:03.134+0000] {logging_mixin.py:188} INFO - [2025-04-09T09:11:03.134+0000] {dag.py:3047} INFO - Sync 1 DAGs
[2025-04-09T09:11:03.149+0000] {logging_mixin.py:188} INFO - [2025-04-09T09:11:03.149+0000] {dag.py:3834} INFO - Setting next_dagrun for tutorial_dag to None, run_after=None
[2025-04-09T09:11:03.172+0000] {processor.py:183} INFO - Processing /home/airflow/.local/lib/python3.10/site-packages/airflow/example_dags/tutorial_dag.py took 0.077 seconds
[2025-04-09T09:11:33.470+0000] {processor.py:161} INFO - Started process (PID=4238) to work on /home/airflow/.local/lib/python3.10/site-packages/airflow/example_dags/tutorial_dag.py
[2025-04-09T09:11:33.473+0000] {processor.py:830} INFO - Processing file /home/airflow/.local/lib/python3.10/site-packages/airflow/example_dags/tutorial_dag.py for tasks to queue
[2025-04-09T09:11:33.476+0000] {logging_mixin.py:188} INFO - [2025-04-09T09:11:33.475+0000] {dagbag.py:540} INFO - Filling up the DagBag from /home/airflow/.local/lib/python3.10/site-packages/airflow/example_dags/tutorial_dag.py
[2025-04-09T09:11:33.492+0000] {processor.py:840} INFO - DAG(s) 'tutorial_dag' retrieved from /home/airflow/.local/lib/python3.10/site-packages/airflow/example_dags/tutorial_dag.py
[2025-04-09T09:11:33.538+0000] {logging_mixin.py:188} INFO - [2025-04-09T09:11:33.537+0000] {dag.py:3047} INFO - Sync 1 DAGs
[2025-04-09T09:11:33.563+0000] {logging_mixin.py:188} INFO - [2025-04-09T09:11:33.562+0000] {dag.py:3834} INFO - Setting next_dagrun for tutorial_dag to None, run_after=None
[2025-04-09T09:11:33.598+0000] {processor.py:183} INFO - Processing /home/airflow/.local/lib/python3.10/site-packages/airflow/example_dags/tutorial_dag.py took 0.135 seconds
[2025-04-09T09:12:04.081+0000] {processor.py:161} INFO - Started process (PID=4298) to work on /home/airflow/.local/lib/python3.10/site-packages/airflow/example_dags/tutorial_dag.py
[2025-04-09T09:12:04.083+0000] {processor.py:830} INFO - Processing file /home/airflow/.local/lib/python3.10/site-packages/airflow/example_dags/tutorial_dag.py for tasks to queue
[2025-04-09T09:12:04.085+0000] {logging_mixin.py:188} INFO - [2025-04-09T09:12:04.085+0000] {dagbag.py:540} INFO - Filling up the DagBag from /home/airflow/.local/lib/python3.10/site-packages/airflow/example_dags/tutorial_dag.py
[2025-04-09T09:12:04.093+0000] {processor.py:840} INFO - DAG(s) 'tutorial_dag' retrieved from /home/airflow/.local/lib/python3.10/site-packages/airflow/example_dags/tutorial_dag.py
[2025-04-09T09:12:04.119+0000] {logging_mixin.py:188} INFO - [2025-04-09T09:12:04.118+0000] {dag.py:3047} INFO - Sync 1 DAGs
[2025-04-09T09:12:04.132+0000] {logging_mixin.py:188} INFO - [2025-04-09T09:12:04.132+0000] {dag.py:3834} INFO - Setting next_dagrun for tutorial_dag to None, run_after=None
[2025-04-09T09:12:04.152+0000] {processor.py:183} INFO - Processing /home/airflow/.local/lib/python3.10/site-packages/airflow/example_dags/tutorial_dag.py took 0.075 seconds
[2025-04-09T09:12:34.518+0000] {processor.py:161} INFO - Started process (PID=4358) to work on /home/airflow/.local/lib/python3.10/site-packages/airflow/example_dags/tutorial_dag.py
[2025-04-09T09:12:34.520+0000] {processor.py:830} INFO - Processing file /home/airflow/.local/lib/python3.10/site-packages/airflow/example_dags/tutorial_dag.py for tasks to queue
[2025-04-09T09:12:34.521+0000] {logging_mixin.py:188} INFO - [2025-04-09T09:12:34.521+0000] {dagbag.py:540} INFO - Filling up the DagBag from /home/airflow/.local/lib/python3.10/site-packages/airflow/example_dags/tutorial_dag.py
[2025-04-09T09:12:34.532+0000] {processor.py:840} INFO - DAG(s) 'tutorial_dag' retrieved from /home/airflow/.local/lib/python3.10/site-packages/airflow/example_dags/tutorial_dag.py
[2025-04-09T09:12:34.562+0000] {logging_mixin.py:188} INFO - [2025-04-09T09:12:34.561+0000] {dag.py:3047} INFO - Sync 1 DAGs
[2025-04-09T09:12:34.580+0000] {logging_mixin.py:188} INFO - [2025-04-09T09:12:34.580+0000] {dag.py:3834} INFO - Setting next_dagrun for tutorial_dag to None, run_after=None
[2025-04-09T09:12:34.607+0000] {processor.py:183} INFO - Processing /home/airflow/.local/lib/python3.10/site-packages/airflow/example_dags/tutorial_dag.py took 0.093 seconds
[2025-04-09T09:13:05.150+0000] {processor.py:161} INFO - Started process (PID=4420) to work on /home/airflow/.local/lib/python3.10/site-packages/airflow/example_dags/tutorial_dag.py
[2025-04-09T09:13:05.152+0000] {processor.py:830} INFO - Processing file /home/airflow/.local/lib/python3.10/site-packages/airflow/example_dags/tutorial_dag.py for tasks to queue
[2025-04-09T09:13:05.154+0000] {logging_mixin.py:188} INFO - [2025-04-09T09:13:05.153+0000] {dagbag.py:540} INFO - Filling up the DagBag from /home/airflow/.local/lib/python3.10/site-packages/airflow/example_dags/tutorial_dag.py
[2025-04-09T09:13:05.161+0000] {processor.py:840} INFO - DAG(s) 'tutorial_dag' retrieved from /home/airflow/.local/lib/python3.10/site-packages/airflow/example_dags/tutorial_dag.py
[2025-04-09T09:13:05.184+0000] {logging_mixin.py:188} INFO - [2025-04-09T09:13:05.184+0000] {dag.py:3047} INFO - Sync 1 DAGs
[2025-04-09T09:13:05.196+0000] {logging_mixin.py:188} INFO - [2025-04-09T09:13:05.196+0000] {dag.py:3834} INFO - Setting next_dagrun for tutorial_dag to None, run_after=None
[2025-04-09T09:13:05.218+0000] {processor.py:183} INFO - Processing /home/airflow/.local/lib/python3.10/site-packages/airflow/example_dags/tutorial_dag.py took 0.072 seconds
[2025-04-09T09:13:36.174+0000] {processor.py:161} INFO - Started process (PID=4482) to work on /home/airflow/.local/lib/python3.10/site-packages/airflow/example_dags/tutorial_dag.py
[2025-04-09T09:13:36.177+0000] {processor.py:830} INFO - Processing file /home/airflow/.local/lib/python3.10/site-packages/airflow/example_dags/tutorial_dag.py for tasks to queue
[2025-04-09T09:13:36.179+0000] {logging_mixin.py:188} INFO - [2025-04-09T09:13:36.178+0000] {dagbag.py:540} INFO - Filling up the DagBag from /home/airflow/.local/lib/python3.10/site-packages/airflow/example_dags/tutorial_dag.py
[2025-04-09T09:13:36.188+0000] {processor.py:840} INFO - DAG(s) 'tutorial_dag' retrieved from /home/airflow/.local/lib/python3.10/site-packages/airflow/example_dags/tutorial_dag.py
[2025-04-09T09:13:36.224+0000] {logging_mixin.py:188} INFO - [2025-04-09T09:13:36.224+0000] {dag.py:3047} INFO - Sync 1 DAGs
[2025-04-09T09:13:36.247+0000] {logging_mixin.py:188} INFO - [2025-04-09T09:13:36.246+0000] {dag.py:3834} INFO - Setting next_dagrun for tutorial_dag to None, run_after=None
[2025-04-09T09:13:36.281+0000] {processor.py:183} INFO - Processing /home/airflow/.local/lib/python3.10/site-packages/airflow/example_dags/tutorial_dag.py took 0.113 seconds
[2025-04-09T09:14:07.048+0000] {processor.py:161} INFO - Started process (PID=4544) to work on /home/airflow/.local/lib/python3.10/site-packages/airflow/example_dags/tutorial_dag.py
[2025-04-09T09:14:07.050+0000] {processor.py:830} INFO - Processing file /home/airflow/.local/lib/python3.10/site-packages/airflow/example_dags/tutorial_dag.py for tasks to queue
[2025-04-09T09:14:07.052+0000] {logging_mixin.py:188} INFO - [2025-04-09T09:14:07.051+0000] {dagbag.py:540} INFO - Filling up the DagBag from /home/airflow/.local/lib/python3.10/site-packages/airflow/example_dags/tutorial_dag.py
[2025-04-09T09:14:07.061+0000] {processor.py:840} INFO - DAG(s) 'tutorial_dag' retrieved from /home/airflow/.local/lib/python3.10/site-packages/airflow/example_dags/tutorial_dag.py
[2025-04-09T09:14:07.086+0000] {logging_mixin.py:188} INFO - [2025-04-09T09:14:07.086+0000] {dag.py:3047} INFO - Sync 1 DAGs
[2025-04-09T09:14:07.100+0000] {logging_mixin.py:188} INFO - [2025-04-09T09:14:07.100+0000] {dag.py:3834} INFO - Setting next_dagrun for tutorial_dag to None, run_after=None
[2025-04-09T09:14:07.121+0000] {processor.py:183} INFO - Processing /home/airflow/.local/lib/python3.10/site-packages/airflow/example_dags/tutorial_dag.py took 0.078 seconds
[2025-04-09T09:14:37.712+0000] {processor.py:161} INFO - Started process (PID=4606) to work on /home/airflow/.local/lib/python3.10/site-packages/airflow/example_dags/tutorial_dag.py
[2025-04-09T09:14:37.714+0000] {processor.py:830} INFO - Processing file /home/airflow/.local/lib/python3.10/site-packages/airflow/example_dags/tutorial_dag.py for tasks to queue
[2025-04-09T09:14:37.716+0000] {logging_mixin.py:188} INFO - [2025-04-09T09:14:37.715+0000] {dagbag.py:540} INFO - Filling up the DagBag from /home/airflow/.local/lib/python3.10/site-packages/airflow/example_dags/tutorial_dag.py
[2025-04-09T09:14:37.724+0000] {processor.py:840} INFO - DAG(s) 'tutorial_dag' retrieved from /home/airflow/.local/lib/python3.10/site-packages/airflow/example_dags/tutorial_dag.py
[2025-04-09T09:14:37.752+0000] {logging_mixin.py:188} INFO - [2025-04-09T09:14:37.752+0000] {dag.py:3047} INFO - Sync 1 DAGs
[2025-04-09T09:14:37.769+0000] {logging_mixin.py:188} INFO - [2025-04-09T09:14:37.769+0000] {dag.py:3834} INFO - Setting next_dagrun for tutorial_dag to None, run_after=None
[2025-04-09T09:14:37.797+0000] {processor.py:183} INFO - Processing /home/airflow/.local/lib/python3.10/site-packages/airflow/example_dags/tutorial_dag.py took 0.089 seconds
[2025-04-09T09:15:08.144+0000] {processor.py:161} INFO - Started process (PID=4674) to work on /home/airflow/.local/lib/python3.10/site-packages/airflow/example_dags/tutorial_dag.py
[2025-04-09T09:15:08.146+0000] {processor.py:830} INFO - Processing file /home/airflow/.local/lib/python3.10/site-packages/airflow/example_dags/tutorial_dag.py for tasks to queue
[2025-04-09T09:15:08.147+0000] {logging_mixin.py:188} INFO - [2025-04-09T09:15:08.146+0000] {dagbag.py:540} INFO - Filling up the DagBag from /home/airflow/.local/lib/python3.10/site-packages/airflow/example_dags/tutorial_dag.py
[2025-04-09T09:15:08.155+0000] {processor.py:840} INFO - DAG(s) 'tutorial_dag' retrieved from /home/airflow/.local/lib/python3.10/site-packages/airflow/example_dags/tutorial_dag.py
[2025-04-09T09:15:08.184+0000] {logging_mixin.py:188} INFO - [2025-04-09T09:15:08.183+0000] {dag.py:3047} INFO - Sync 1 DAGs
[2025-04-09T09:15:08.199+0000] {logging_mixin.py:188} INFO - [2025-04-09T09:15:08.198+0000] {dag.py:3834} INFO - Setting next_dagrun for tutorial_dag to None, run_after=None
[2025-04-09T09:15:08.221+0000] {processor.py:183} INFO - Processing /home/airflow/.local/lib/python3.10/site-packages/airflow/example_dags/tutorial_dag.py took 0.081 seconds
[2025-04-09T09:15:38.691+0000] {processor.py:161} INFO - Started process (PID=4736) to work on /home/airflow/.local/lib/python3.10/site-packages/airflow/example_dags/tutorial_dag.py
[2025-04-09T09:15:38.694+0000] {processor.py:830} INFO - Processing file /home/airflow/.local/lib/python3.10/site-packages/airflow/example_dags/tutorial_dag.py for tasks to queue
[2025-04-09T09:15:38.696+0000] {logging_mixin.py:188} INFO - [2025-04-09T09:15:38.695+0000] {dagbag.py:540} INFO - Filling up the DagBag from /home/airflow/.local/lib/python3.10/site-packages/airflow/example_dags/tutorial_dag.py
[2025-04-09T09:15:38.706+0000] {processor.py:840} INFO - DAG(s) 'tutorial_dag' retrieved from /home/airflow/.local/lib/python3.10/site-packages/airflow/example_dags/tutorial_dag.py
[2025-04-09T09:15:38.740+0000] {logging_mixin.py:188} INFO - [2025-04-09T09:15:38.739+0000] {dag.py:3047} INFO - Sync 1 DAGs
[2025-04-09T09:15:38.756+0000] {logging_mixin.py:188} INFO - [2025-04-09T09:15:38.756+0000] {dag.py:3834} INFO - Setting next_dagrun for tutorial_dag to None, run_after=None
[2025-04-09T09:15:38.780+0000] {processor.py:183} INFO - Processing /home/airflow/.local/lib/python3.10/site-packages/airflow/example_dags/tutorial_dag.py took 0.096 seconds
[2025-04-09T09:16:09.488+0000] {processor.py:161} INFO - Started process (PID=4798) to work on /home/airflow/.local/lib/python3.10/site-packages/airflow/example_dags/tutorial_dag.py
[2025-04-09T09:16:09.489+0000] {processor.py:830} INFO - Processing file /home/airflow/.local/lib/python3.10/site-packages/airflow/example_dags/tutorial_dag.py for tasks to queue
[2025-04-09T09:16:09.490+0000] {logging_mixin.py:188} INFO - [2025-04-09T09:16:09.490+0000] {dagbag.py:540} INFO - Filling up the DagBag from /home/airflow/.local/lib/python3.10/site-packages/airflow/example_dags/tutorial_dag.py
[2025-04-09T09:16:09.499+0000] {processor.py:840} INFO - DAG(s) 'tutorial_dag' retrieved from /home/airflow/.local/lib/python3.10/site-packages/airflow/example_dags/tutorial_dag.py
[2025-04-09T09:16:09.522+0000] {logging_mixin.py:188} INFO - [2025-04-09T09:16:09.522+0000] {dag.py:3047} INFO - Sync 1 DAGs
[2025-04-09T09:16:09.536+0000] {logging_mixin.py:188} INFO - [2025-04-09T09:16:09.535+0000] {dag.py:3834} INFO - Setting next_dagrun for tutorial_dag to None, run_after=None
[2025-04-09T09:16:09.556+0000] {processor.py:183} INFO - Processing /home/airflow/.local/lib/python3.10/site-packages/airflow/example_dags/tutorial_dag.py took 0.074 seconds
[2025-04-09T09:16:40.021+0000] {processor.py:161} INFO - Started process (PID=4860) to work on /home/airflow/.local/lib/python3.10/site-packages/airflow/example_dags/tutorial_dag.py
[2025-04-09T09:16:40.023+0000] {processor.py:830} INFO - Processing file /home/airflow/.local/lib/python3.10/site-packages/airflow/example_dags/tutorial_dag.py for tasks to queue
[2025-04-09T09:16:40.024+0000] {logging_mixin.py:188} INFO - [2025-04-09T09:16:40.024+0000] {dagbag.py:540} INFO - Filling up the DagBag from /home/airflow/.local/lib/python3.10/site-packages/airflow/example_dags/tutorial_dag.py
[2025-04-09T09:16:40.031+0000] {processor.py:840} INFO - DAG(s) 'tutorial_dag' retrieved from /home/airflow/.local/lib/python3.10/site-packages/airflow/example_dags/tutorial_dag.py
[2025-04-09T09:16:40.053+0000] {logging_mixin.py:188} INFO - [2025-04-09T09:16:40.053+0000] {dag.py:3047} INFO - Sync 1 DAGs
[2025-04-09T09:16:40.067+0000] {logging_mixin.py:188} INFO - [2025-04-09T09:16:40.067+0000] {dag.py:3834} INFO - Setting next_dagrun for tutorial_dag to None, run_after=None
[2025-04-09T09:16:40.092+0000] {processor.py:183} INFO - Processing /home/airflow/.local/lib/python3.10/site-packages/airflow/example_dags/tutorial_dag.py took 0.075 seconds
[2025-04-09T09:17:10.343+0000] {processor.py:161} INFO - Started process (PID=4922) to work on /home/airflow/.local/lib/python3.10/site-packages/airflow/example_dags/tutorial_dag.py
[2025-04-09T09:17:10.344+0000] {processor.py:830} INFO - Processing file /home/airflow/.local/lib/python3.10/site-packages/airflow/example_dags/tutorial_dag.py for tasks to queue
[2025-04-09T09:17:10.346+0000] {logging_mixin.py:188} INFO - [2025-04-09T09:17:10.345+0000] {dagbag.py:540} INFO - Filling up the DagBag from /home/airflow/.local/lib/python3.10/site-packages/airflow/example_dags/tutorial_dag.py
[2025-04-09T09:17:10.354+0000] {processor.py:840} INFO - DAG(s) 'tutorial_dag' retrieved from /home/airflow/.local/lib/python3.10/site-packages/airflow/example_dags/tutorial_dag.py
[2025-04-09T09:17:10.378+0000] {logging_mixin.py:188} INFO - [2025-04-09T09:17:10.378+0000] {dag.py:3047} INFO - Sync 1 DAGs
[2025-04-09T09:17:10.394+0000] {logging_mixin.py:188} INFO - [2025-04-09T09:17:10.393+0000] {dag.py:3834} INFO - Setting next_dagrun for tutorial_dag to None, run_after=None
[2025-04-09T09:17:10.417+0000] {processor.py:183} INFO - Processing /home/airflow/.local/lib/python3.10/site-packages/airflow/example_dags/tutorial_dag.py took 0.079 seconds
[2025-04-09T09:17:40.635+0000] {processor.py:161} INFO - Started process (PID=4984) to work on /home/airflow/.local/lib/python3.10/site-packages/airflow/example_dags/tutorial_dag.py
[2025-04-09T09:17:40.637+0000] {processor.py:830} INFO - Processing file /home/airflow/.local/lib/python3.10/site-packages/airflow/example_dags/tutorial_dag.py for tasks to queue
[2025-04-09T09:17:40.639+0000] {logging_mixin.py:188} INFO - [2025-04-09T09:17:40.638+0000] {dagbag.py:540} INFO - Filling up the DagBag from /home/airflow/.local/lib/python3.10/site-packages/airflow/example_dags/tutorial_dag.py
[2025-04-09T09:17:40.653+0000] {processor.py:840} INFO - DAG(s) 'tutorial_dag' retrieved from /home/airflow/.local/lib/python3.10/site-packages/airflow/example_dags/tutorial_dag.py
[2025-04-09T09:17:40.686+0000] {logging_mixin.py:188} INFO - [2025-04-09T09:17:40.686+0000] {dag.py:3047} INFO - Sync 1 DAGs
[2025-04-09T09:17:40.710+0000] {logging_mixin.py:188} INFO - [2025-04-09T09:17:40.709+0000] {dag.py:3834} INFO - Setting next_dagrun for tutorial_dag to None, run_after=None
[2025-04-09T09:17:40.740+0000] {processor.py:183} INFO - Processing /home/airflow/.local/lib/python3.10/site-packages/airflow/example_dags/tutorial_dag.py took 0.115 seconds
