[2025-04-09T08:37:50.777+0000] {processor.py:161} INFO - Started process (PID=76) to work on /home/airflow/.local/lib/python3.10/site-packages/airflow/example_dags/tutorial.py
[2025-04-09T08:37:50.778+0000] {processor.py:830} INFO - Processing file /home/airflow/.local/lib/python3.10/site-packages/airflow/example_dags/tutorial.py for tasks to queue
[2025-04-09T08:37:50.781+0000] {logging_mixin.py:188} INFO - [2025-04-09T08:37:50.780+0000] {dagbag.py:540} INFO - Filling up the DagBag from /home/airflow/.local/lib/python3.10/site-packages/airflow/example_dags/tutorial.py
[2025-04-09T08:37:50.797+0000] {processor.py:840} INFO - DAG(s) 'tutorial' retrieved from /home/airflow/.local/lib/python3.10/site-packages/airflow/example_dags/tutorial.py
[2025-04-09T08:37:50.835+0000] {logging_mixin.py:188} INFO - [2025-04-09T08:37:50.835+0000] {dag.py:3047} INFO - Sync 1 DAGs
[2025-04-09T08:37:50.869+0000] {logging_mixin.py:188} INFO - [2025-04-09T08:37:50.869+0000] {dag.py:3834} INFO - Setting next_dagrun for tutorial to 2025-04-08 00:00:00+00:00, run_after=2025-04-09 00:00:00+00:00
[2025-04-09T08:37:50.901+0000] {processor.py:183} INFO - Processing /home/airflow/.local/lib/python3.10/site-packages/airflow/example_dags/tutorial.py took 0.130 seconds
[2025-04-09T08:38:21.007+0000] {processor.py:161} INFO - Started process (PID=138) to work on /home/airflow/.local/lib/python3.10/site-packages/airflow/example_dags/tutorial.py
[2025-04-09T08:38:21.009+0000] {processor.py:830} INFO - Processing file /home/airflow/.local/lib/python3.10/site-packages/airflow/example_dags/tutorial.py for tasks to queue
[2025-04-09T08:38:21.013+0000] {logging_mixin.py:188} INFO - [2025-04-09T08:38:21.012+0000] {dagbag.py:540} INFO - Filling up the DagBag from /home/airflow/.local/lib/python3.10/site-packages/airflow/example_dags/tutorial.py
[2025-04-09T08:38:21.023+0000] {processor.py:840} INFO - DAG(s) 'tutorial' retrieved from /home/airflow/.local/lib/python3.10/site-packages/airflow/example_dags/tutorial.py
[2025-04-09T08:38:21.051+0000] {logging_mixin.py:188} INFO - [2025-04-09T08:38:21.050+0000] {dag.py:3047} INFO - Sync 1 DAGs
[2025-04-09T08:38:21.081+0000] {logging_mixin.py:188} INFO - [2025-04-09T08:38:21.080+0000] {dag.py:3834} INFO - Setting next_dagrun for tutorial to 2025-04-08 00:00:00+00:00, run_after=2025-04-09 00:00:00+00:00
[2025-04-09T08:38:21.108+0000] {processor.py:183} INFO - Processing /home/airflow/.local/lib/python3.10/site-packages/airflow/example_dags/tutorial.py took 0.106 seconds
[2025-04-09T08:38:51.386+0000] {processor.py:161} INFO - Started process (PID=200) to work on /home/airflow/.local/lib/python3.10/site-packages/airflow/example_dags/tutorial.py
[2025-04-09T08:38:51.388+0000] {processor.py:830} INFO - Processing file /home/airflow/.local/lib/python3.10/site-packages/airflow/example_dags/tutorial.py for tasks to queue
[2025-04-09T08:38:51.390+0000] {logging_mixin.py:188} INFO - [2025-04-09T08:38:51.390+0000] {dagbag.py:540} INFO - Filling up the DagBag from /home/airflow/.local/lib/python3.10/site-packages/airflow/example_dags/tutorial.py
[2025-04-09T08:38:51.402+0000] {processor.py:840} INFO - DAG(s) 'tutorial' retrieved from /home/airflow/.local/lib/python3.10/site-packages/airflow/example_dags/tutorial.py
[2025-04-09T08:38:51.430+0000] {logging_mixin.py:188} INFO - [2025-04-09T08:38:51.430+0000] {dag.py:3047} INFO - Sync 1 DAGs
[2025-04-09T08:38:51.460+0000] {logging_mixin.py:188} INFO - [2025-04-09T08:38:51.459+0000] {dag.py:3834} INFO - Setting next_dagrun for tutorial to 2025-04-08 00:00:00+00:00, run_after=2025-04-09 00:00:00+00:00
[2025-04-09T08:38:51.489+0000] {processor.py:183} INFO - Processing /home/airflow/.local/lib/python3.10/site-packages/airflow/example_dags/tutorial.py took 0.107 seconds
[2025-04-09T08:39:21.797+0000] {processor.py:161} INFO - Started process (PID=262) to work on /home/airflow/.local/lib/python3.10/site-packages/airflow/example_dags/tutorial.py
[2025-04-09T08:39:21.798+0000] {processor.py:830} INFO - Processing file /home/airflow/.local/lib/python3.10/site-packages/airflow/example_dags/tutorial.py for tasks to queue
[2025-04-09T08:39:21.800+0000] {logging_mixin.py:188} INFO - [2025-04-09T08:39:21.800+0000] {dagbag.py:540} INFO - Filling up the DagBag from /home/airflow/.local/lib/python3.10/site-packages/airflow/example_dags/tutorial.py
[2025-04-09T08:39:21.808+0000] {processor.py:840} INFO - DAG(s) 'tutorial' retrieved from /home/airflow/.local/lib/python3.10/site-packages/airflow/example_dags/tutorial.py
[2025-04-09T08:39:21.833+0000] {logging_mixin.py:188} INFO - [2025-04-09T08:39:21.832+0000] {dag.py:3047} INFO - Sync 1 DAGs
[2025-04-09T08:39:21.861+0000] {logging_mixin.py:188} INFO - [2025-04-09T08:39:21.861+0000] {dag.py:3834} INFO - Setting next_dagrun for tutorial to 2025-04-08 00:00:00+00:00, run_after=2025-04-09 00:00:00+00:00
[2025-04-09T08:39:21.887+0000] {processor.py:183} INFO - Processing /home/airflow/.local/lib/python3.10/site-packages/airflow/example_dags/tutorial.py took 0.094 seconds
[2025-04-09T08:39:52.580+0000] {processor.py:161} INFO - Started process (PID=324) to work on /home/airflow/.local/lib/python3.10/site-packages/airflow/example_dags/tutorial.py
[2025-04-09T08:39:52.581+0000] {processor.py:830} INFO - Processing file /home/airflow/.local/lib/python3.10/site-packages/airflow/example_dags/tutorial.py for tasks to queue
[2025-04-09T08:39:52.585+0000] {logging_mixin.py:188} INFO - [2025-04-09T08:39:52.584+0000] {dagbag.py:540} INFO - Filling up the DagBag from /home/airflow/.local/lib/python3.10/site-packages/airflow/example_dags/tutorial.py
[2025-04-09T08:39:52.599+0000] {processor.py:840} INFO - DAG(s) 'tutorial' retrieved from /home/airflow/.local/lib/python3.10/site-packages/airflow/example_dags/tutorial.py
[2025-04-09T08:39:52.631+0000] {logging_mixin.py:188} INFO - [2025-04-09T08:39:52.630+0000] {dag.py:3047} INFO - Sync 1 DAGs
[2025-04-09T08:39:52.673+0000] {logging_mixin.py:188} INFO - [2025-04-09T08:39:52.673+0000] {dag.py:3834} INFO - Setting next_dagrun for tutorial to 2025-04-08 00:00:00+00:00, run_after=2025-04-09 00:00:00+00:00
[2025-04-09T08:39:52.705+0000] {processor.py:183} INFO - Processing /home/airflow/.local/lib/python3.10/site-packages/airflow/example_dags/tutorial.py took 0.131 seconds
[2025-04-09T08:40:23.629+0000] {processor.py:161} INFO - Started process (PID=386) to work on /home/airflow/.local/lib/python3.10/site-packages/airflow/example_dags/tutorial.py
[2025-04-09T08:40:23.631+0000] {processor.py:830} INFO - Processing file /home/airflow/.local/lib/python3.10/site-packages/airflow/example_dags/tutorial.py for tasks to queue
[2025-04-09T08:40:23.633+0000] {logging_mixin.py:188} INFO - [2025-04-09T08:40:23.633+0000] {dagbag.py:540} INFO - Filling up the DagBag from /home/airflow/.local/lib/python3.10/site-packages/airflow/example_dags/tutorial.py
[2025-04-09T08:40:23.644+0000] {processor.py:840} INFO - DAG(s) 'tutorial' retrieved from /home/airflow/.local/lib/python3.10/site-packages/airflow/example_dags/tutorial.py
[2025-04-09T08:40:23.672+0000] {logging_mixin.py:188} INFO - [2025-04-09T08:40:23.671+0000] {dag.py:3047} INFO - Sync 1 DAGs
[2025-04-09T08:40:23.715+0000] {logging_mixin.py:188} INFO - [2025-04-09T08:40:23.714+0000] {dag.py:3834} INFO - Setting next_dagrun for tutorial to 2025-04-08 00:00:00+00:00, run_after=2025-04-09 00:00:00+00:00
[2025-04-09T08:40:23.755+0000] {processor.py:183} INFO - Processing /home/airflow/.local/lib/python3.10/site-packages/airflow/example_dags/tutorial.py took 0.131 seconds
[2025-04-09T08:40:53.879+0000] {processor.py:161} INFO - Started process (PID=448) to work on /home/airflow/.local/lib/python3.10/site-packages/airflow/example_dags/tutorial.py
[2025-04-09T08:40:53.881+0000] {processor.py:830} INFO - Processing file /home/airflow/.local/lib/python3.10/site-packages/airflow/example_dags/tutorial.py for tasks to queue
[2025-04-09T08:40:53.883+0000] {logging_mixin.py:188} INFO - [2025-04-09T08:40:53.883+0000] {dagbag.py:540} INFO - Filling up the DagBag from /home/airflow/.local/lib/python3.10/site-packages/airflow/example_dags/tutorial.py
[2025-04-09T08:40:53.892+0000] {processor.py:840} INFO - DAG(s) 'tutorial' retrieved from /home/airflow/.local/lib/python3.10/site-packages/airflow/example_dags/tutorial.py
[2025-04-09T08:40:53.915+0000] {logging_mixin.py:188} INFO - [2025-04-09T08:40:53.915+0000] {dag.py:3047} INFO - Sync 1 DAGs
[2025-04-09T08:40:53.939+0000] {logging_mixin.py:188} INFO - [2025-04-09T08:40:53.939+0000] {dag.py:3834} INFO - Setting next_dagrun for tutorial to 2025-04-08 00:00:00+00:00, run_after=2025-04-09 00:00:00+00:00
[2025-04-09T08:40:53.963+0000] {processor.py:183} INFO - Processing /home/airflow/.local/lib/python3.10/site-packages/airflow/example_dags/tutorial.py took 0.088 seconds
[2025-04-09T08:41:24.010+0000] {processor.py:161} INFO - Started process (PID=509) to work on /home/airflow/.local/lib/python3.10/site-packages/airflow/example_dags/tutorial.py
[2025-04-09T08:41:24.012+0000] {processor.py:830} INFO - Processing file /home/airflow/.local/lib/python3.10/site-packages/airflow/example_dags/tutorial.py for tasks to queue
[2025-04-09T08:41:24.014+0000] {logging_mixin.py:188} INFO - [2025-04-09T08:41:24.014+0000] {dagbag.py:540} INFO - Filling up the DagBag from /home/airflow/.local/lib/python3.10/site-packages/airflow/example_dags/tutorial.py
[2025-04-09T08:41:24.021+0000] {processor.py:840} INFO - DAG(s) 'tutorial' retrieved from /home/airflow/.local/lib/python3.10/site-packages/airflow/example_dags/tutorial.py
[2025-04-09T08:41:24.043+0000] {logging_mixin.py:188} INFO - [2025-04-09T08:41:24.043+0000] {dag.py:3047} INFO - Sync 1 DAGs
[2025-04-09T08:41:24.067+0000] {logging_mixin.py:188} INFO - [2025-04-09T08:41:24.066+0000] {dag.py:3834} INFO - Setting next_dagrun for tutorial to 2025-04-08 00:00:00+00:00, run_after=2025-04-09 00:00:00+00:00
[2025-04-09T08:41:24.089+0000] {processor.py:183} INFO - Processing /home/airflow/.local/lib/python3.10/site-packages/airflow/example_dags/tutorial.py took 0.083 seconds
[2025-04-09T08:41:54.681+0000] {processor.py:161} INFO - Started process (PID=572) to work on /home/airflow/.local/lib/python3.10/site-packages/airflow/example_dags/tutorial.py
[2025-04-09T08:41:54.683+0000] {processor.py:830} INFO - Processing file /home/airflow/.local/lib/python3.10/site-packages/airflow/example_dags/tutorial.py for tasks to queue
[2025-04-09T08:41:54.685+0000] {logging_mixin.py:188} INFO - [2025-04-09T08:41:54.684+0000] {dagbag.py:540} INFO - Filling up the DagBag from /home/airflow/.local/lib/python3.10/site-packages/airflow/example_dags/tutorial.py
[2025-04-09T08:41:54.692+0000] {processor.py:840} INFO - DAG(s) 'tutorial' retrieved from /home/airflow/.local/lib/python3.10/site-packages/airflow/example_dags/tutorial.py
[2025-04-09T08:41:54.714+0000] {logging_mixin.py:188} INFO - [2025-04-09T08:41:54.714+0000] {dag.py:3047} INFO - Sync 1 DAGs
[2025-04-09T08:41:54.737+0000] {logging_mixin.py:188} INFO - [2025-04-09T08:41:54.737+0000] {dag.py:3834} INFO - Setting next_dagrun for tutorial to 2025-04-08 00:00:00+00:00, run_after=2025-04-09 00:00:00+00:00
[2025-04-09T08:41:54.760+0000] {processor.py:183} INFO - Processing /home/airflow/.local/lib/python3.10/site-packages/airflow/example_dags/tutorial.py took 0.084 seconds
[2025-04-09T08:42:24.915+0000] {processor.py:161} INFO - Started process (PID=633) to work on /home/airflow/.local/lib/python3.10/site-packages/airflow/example_dags/tutorial.py
[2025-04-09T08:42:24.918+0000] {processor.py:830} INFO - Processing file /home/airflow/.local/lib/python3.10/site-packages/airflow/example_dags/tutorial.py for tasks to queue
[2025-04-09T08:42:24.921+0000] {logging_mixin.py:188} INFO - [2025-04-09T08:42:24.920+0000] {dagbag.py:540} INFO - Filling up the DagBag from /home/airflow/.local/lib/python3.10/site-packages/airflow/example_dags/tutorial.py
[2025-04-09T08:42:24.928+0000] {processor.py:840} INFO - DAG(s) 'tutorial' retrieved from /home/airflow/.local/lib/python3.10/site-packages/airflow/example_dags/tutorial.py
[2025-04-09T08:42:24.955+0000] {logging_mixin.py:188} INFO - [2025-04-09T08:42:24.955+0000] {dag.py:3047} INFO - Sync 1 DAGs
[2025-04-09T08:42:24.987+0000] {logging_mixin.py:188} INFO - [2025-04-09T08:42:24.986+0000] {dag.py:3834} INFO - Setting next_dagrun for tutorial to 2025-04-08 00:00:00+00:00, run_after=2025-04-09 00:00:00+00:00
[2025-04-09T08:42:25.019+0000] {processor.py:183} INFO - Processing /home/airflow/.local/lib/python3.10/site-packages/airflow/example_dags/tutorial.py took 0.108 seconds
[2025-04-09T08:42:55.903+0000] {processor.py:161} INFO - Started process (PID=696) to work on /home/airflow/.local/lib/python3.10/site-packages/airflow/example_dags/tutorial.py
[2025-04-09T08:42:55.905+0000] {processor.py:830} INFO - Processing file /home/airflow/.local/lib/python3.10/site-packages/airflow/example_dags/tutorial.py for tasks to queue
[2025-04-09T08:42:55.907+0000] {logging_mixin.py:188} INFO - [2025-04-09T08:42:55.907+0000] {dagbag.py:540} INFO - Filling up the DagBag from /home/airflow/.local/lib/python3.10/site-packages/airflow/example_dags/tutorial.py
[2025-04-09T08:42:55.914+0000] {processor.py:840} INFO - DAG(s) 'tutorial' retrieved from /home/airflow/.local/lib/python3.10/site-packages/airflow/example_dags/tutorial.py
[2025-04-09T08:42:55.940+0000] {logging_mixin.py:188} INFO - [2025-04-09T08:42:55.939+0000] {dag.py:3047} INFO - Sync 1 DAGs
[2025-04-09T08:42:55.965+0000] {logging_mixin.py:188} INFO - [2025-04-09T08:42:55.965+0000] {dag.py:3834} INFO - Setting next_dagrun for tutorial to 2025-04-08 00:00:00+00:00, run_after=2025-04-09 00:00:00+00:00
[2025-04-09T08:42:55.988+0000] {processor.py:183} INFO - Processing /home/airflow/.local/lib/python3.10/site-packages/airflow/example_dags/tutorial.py took 0.088 seconds
[2025-04-09T08:43:26.127+0000] {processor.py:161} INFO - Started process (PID=758) to work on /home/airflow/.local/lib/python3.10/site-packages/airflow/example_dags/tutorial.py
[2025-04-09T08:43:26.129+0000] {processor.py:830} INFO - Processing file /home/airflow/.local/lib/python3.10/site-packages/airflow/example_dags/tutorial.py for tasks to queue
[2025-04-09T08:43:26.131+0000] {logging_mixin.py:188} INFO - [2025-04-09T08:43:26.131+0000] {dagbag.py:540} INFO - Filling up the DagBag from /home/airflow/.local/lib/python3.10/site-packages/airflow/example_dags/tutorial.py
[2025-04-09T08:43:26.139+0000] {processor.py:840} INFO - DAG(s) 'tutorial' retrieved from /home/airflow/.local/lib/python3.10/site-packages/airflow/example_dags/tutorial.py
[2025-04-09T08:43:26.165+0000] {logging_mixin.py:188} INFO - [2025-04-09T08:43:26.164+0000] {dag.py:3047} INFO - Sync 1 DAGs
[2025-04-09T08:43:26.190+0000] {logging_mixin.py:188} INFO - [2025-04-09T08:43:26.190+0000] {dag.py:3834} INFO - Setting next_dagrun for tutorial to 2025-04-08 00:00:00+00:00, run_after=2025-04-09 00:00:00+00:00
[2025-04-09T08:43:26.217+0000] {processor.py:183} INFO - Processing /home/airflow/.local/lib/python3.10/site-packages/airflow/example_dags/tutorial.py took 0.093 seconds
[2025-04-09T08:43:57.165+0000] {processor.py:161} INFO - Started process (PID=820) to work on /home/airflow/.local/lib/python3.10/site-packages/airflow/example_dags/tutorial.py
[2025-04-09T08:43:57.167+0000] {processor.py:830} INFO - Processing file /home/airflow/.local/lib/python3.10/site-packages/airflow/example_dags/tutorial.py for tasks to queue
[2025-04-09T08:43:57.170+0000] {logging_mixin.py:188} INFO - [2025-04-09T08:43:57.169+0000] {dagbag.py:540} INFO - Filling up the DagBag from /home/airflow/.local/lib/python3.10/site-packages/airflow/example_dags/tutorial.py
[2025-04-09T08:43:57.178+0000] {processor.py:840} INFO - DAG(s) 'tutorial' retrieved from /home/airflow/.local/lib/python3.10/site-packages/airflow/example_dags/tutorial.py
[2025-04-09T08:43:57.203+0000] {logging_mixin.py:188} INFO - [2025-04-09T08:43:57.202+0000] {dag.py:3047} INFO - Sync 1 DAGs
[2025-04-09T08:43:57.226+0000] {logging_mixin.py:188} INFO - [2025-04-09T08:43:57.226+0000] {dag.py:3834} INFO - Setting next_dagrun for tutorial to 2025-04-08 00:00:00+00:00, run_after=2025-04-09 00:00:00+00:00
[2025-04-09T08:43:57.255+0000] {processor.py:183} INFO - Processing /home/airflow/.local/lib/python3.10/site-packages/airflow/example_dags/tutorial.py took 0.094 seconds
[2025-04-09T08:44:28.344+0000] {processor.py:161} INFO - Started process (PID=896) to work on /home/airflow/.local/lib/python3.10/site-packages/airflow/example_dags/tutorial.py
[2025-04-09T08:44:28.345+0000] {processor.py:830} INFO - Processing file /home/airflow/.local/lib/python3.10/site-packages/airflow/example_dags/tutorial.py for tasks to queue
[2025-04-09T08:44:28.348+0000] {logging_mixin.py:188} INFO - [2025-04-09T08:44:28.347+0000] {dagbag.py:540} INFO - Filling up the DagBag from /home/airflow/.local/lib/python3.10/site-packages/airflow/example_dags/tutorial.py
[2025-04-09T08:44:28.356+0000] {processor.py:840} INFO - DAG(s) 'tutorial' retrieved from /home/airflow/.local/lib/python3.10/site-packages/airflow/example_dags/tutorial.py
[2025-04-09T08:44:28.377+0000] {logging_mixin.py:188} INFO - [2025-04-09T08:44:28.377+0000] {dag.py:3047} INFO - Sync 1 DAGs
[2025-04-09T08:44:28.400+0000] {logging_mixin.py:188} INFO - [2025-04-09T08:44:28.400+0000] {dag.py:3834} INFO - Setting next_dagrun for tutorial to 2025-04-08 00:00:00+00:00, run_after=2025-04-09 00:00:00+00:00
[2025-04-09T08:44:28.422+0000] {processor.py:183} INFO - Processing /home/airflow/.local/lib/python3.10/site-packages/airflow/example_dags/tutorial.py took 0.082 seconds
[2025-04-09T08:44:58.664+0000] {processor.py:161} INFO - Started process (PID=956) to work on /home/airflow/.local/lib/python3.10/site-packages/airflow/example_dags/tutorial.py
[2025-04-09T08:44:58.666+0000] {processor.py:830} INFO - Processing file /home/airflow/.local/lib/python3.10/site-packages/airflow/example_dags/tutorial.py for tasks to queue
[2025-04-09T08:44:58.669+0000] {logging_mixin.py:188} INFO - [2025-04-09T08:44:58.668+0000] {dagbag.py:540} INFO - Filling up the DagBag from /home/airflow/.local/lib/python3.10/site-packages/airflow/example_dags/tutorial.py
[2025-04-09T08:44:58.676+0000] {processor.py:840} INFO - DAG(s) 'tutorial' retrieved from /home/airflow/.local/lib/python3.10/site-packages/airflow/example_dags/tutorial.py
[2025-04-09T08:44:58.699+0000] {logging_mixin.py:188} INFO - [2025-04-09T08:44:58.699+0000] {dag.py:3047} INFO - Sync 1 DAGs
[2025-04-09T08:44:58.723+0000] {logging_mixin.py:188} INFO - [2025-04-09T08:44:58.723+0000] {dag.py:3834} INFO - Setting next_dagrun for tutorial to 2025-04-08 00:00:00+00:00, run_after=2025-04-09 00:00:00+00:00
[2025-04-09T08:44:56.256+0000] {processor.py:183} INFO - Processing /home/airflow/.local/lib/python3.10/site-packages/airflow/example_dags/tutorial.py took 0.087 seconds
[2025-04-09T08:45:26.706+0000] {processor.py:161} INFO - Started process (PID=1004) to work on /home/airflow/.local/lib/python3.10/site-packages/airflow/example_dags/tutorial.py
[2025-04-09T08:45:26.707+0000] {processor.py:830} INFO - Processing file /home/airflow/.local/lib/python3.10/site-packages/airflow/example_dags/tutorial.py for tasks to queue
[2025-04-09T08:45:26.710+0000] {logging_mixin.py:188} INFO - [2025-04-09T08:45:26.709+0000] {dagbag.py:540} INFO - Filling up the DagBag from /home/airflow/.local/lib/python3.10/site-packages/airflow/example_dags/tutorial.py
[2025-04-09T08:45:26.717+0000] {processor.py:840} INFO - DAG(s) 'tutorial' retrieved from /home/airflow/.local/lib/python3.10/site-packages/airflow/example_dags/tutorial.py
[2025-04-09T08:45:26.740+0000] {logging_mixin.py:188} INFO - [2025-04-09T08:45:26.739+0000] {dag.py:3047} INFO - Sync 1 DAGs
[2025-04-09T08:45:26.766+0000] {logging_mixin.py:188} INFO - [2025-04-09T08:45:26.766+0000] {dag.py:3834} INFO - Setting next_dagrun for tutorial to 2025-04-08 00:00:00+00:00, run_after=2025-04-09 00:00:00+00:00
[2025-04-09T08:45:26.791+0000] {processor.py:183} INFO - Processing /home/airflow/.local/lib/python3.10/site-packages/airflow/example_dags/tutorial.py took 0.089 seconds
[2025-04-09T08:45:57.270+0000] {processor.py:161} INFO - Started process (PID=1071) to work on /home/airflow/.local/lib/python3.10/site-packages/airflow/example_dags/tutorial.py
[2025-04-09T08:45:57.272+0000] {processor.py:830} INFO - Processing file /home/airflow/.local/lib/python3.10/site-packages/airflow/example_dags/tutorial.py for tasks to queue
[2025-04-09T08:45:57.275+0000] {logging_mixin.py:188} INFO - [2025-04-09T08:45:57.274+0000] {dagbag.py:540} INFO - Filling up the DagBag from /home/airflow/.local/lib/python3.10/site-packages/airflow/example_dags/tutorial.py
[2025-04-09T08:45:57.283+0000] {processor.py:840} INFO - DAG(s) 'tutorial' retrieved from /home/airflow/.local/lib/python3.10/site-packages/airflow/example_dags/tutorial.py
[2025-04-09T08:45:57.313+0000] {logging_mixin.py:188} INFO - [2025-04-09T08:45:57.313+0000] {dag.py:3047} INFO - Sync 1 DAGs
[2025-04-09T08:45:57.346+0000] {logging_mixin.py:188} INFO - [2025-04-09T08:45:57.345+0000] {dag.py:3834} INFO - Setting next_dagrun for tutorial to 2025-04-08 00:00:00+00:00, run_after=2025-04-09 00:00:00+00:00
[2025-04-09T08:45:57.380+0000] {processor.py:183} INFO - Processing /home/airflow/.local/lib/python3.10/site-packages/airflow/example_dags/tutorial.py took 0.113 seconds
[2025-04-09T08:46:28.463+0000] {processor.py:161} INFO - Started process (PID=1147) to work on /home/airflow/.local/lib/python3.10/site-packages/airflow/example_dags/tutorial.py
[2025-04-09T08:46:28.465+0000] {processor.py:830} INFO - Processing file /home/airflow/.local/lib/python3.10/site-packages/airflow/example_dags/tutorial.py for tasks to queue
[2025-04-09T08:46:28.467+0000] {logging_mixin.py:188} INFO - [2025-04-09T08:46:28.466+0000] {dagbag.py:540} INFO - Filling up the DagBag from /home/airflow/.local/lib/python3.10/site-packages/airflow/example_dags/tutorial.py
[2025-04-09T08:46:28.474+0000] {processor.py:840} INFO - DAG(s) 'tutorial' retrieved from /home/airflow/.local/lib/python3.10/site-packages/airflow/example_dags/tutorial.py
[2025-04-09T08:46:28.499+0000] {logging_mixin.py:188} INFO - [2025-04-09T08:46:28.498+0000] {dag.py:3047} INFO - Sync 1 DAGs
[2025-04-09T08:46:28.525+0000] {logging_mixin.py:188} INFO - [2025-04-09T08:46:28.525+0000] {dag.py:3834} INFO - Setting next_dagrun for tutorial to 2025-04-08 00:00:00+00:00, run_after=2025-04-09 00:00:00+00:00
[2025-04-09T08:46:28.554+0000] {processor.py:183} INFO - Processing /home/airflow/.local/lib/python3.10/site-packages/airflow/example_dags/tutorial.py took 0.094 seconds
[2025-04-09T08:46:58.673+0000] {processor.py:161} INFO - Started process (PID=1202) to work on /home/airflow/.local/lib/python3.10/site-packages/airflow/example_dags/tutorial.py
[2025-04-09T08:46:58.674+0000] {processor.py:830} INFO - Processing file /home/airflow/.local/lib/python3.10/site-packages/airflow/example_dags/tutorial.py for tasks to queue
[2025-04-09T08:46:58.677+0000] {logging_mixin.py:188} INFO - [2025-04-09T08:46:58.676+0000] {dagbag.py:540} INFO - Filling up the DagBag from /home/airflow/.local/lib/python3.10/site-packages/airflow/example_dags/tutorial.py
[2025-04-09T08:46:58.687+0000] {processor.py:840} INFO - DAG(s) 'tutorial' retrieved from /home/airflow/.local/lib/python3.10/site-packages/airflow/example_dags/tutorial.py
[2025-04-09T08:46:58.725+0000] {logging_mixin.py:188} INFO - [2025-04-09T08:46:58.725+0000] {dag.py:3047} INFO - Sync 1 DAGs
[2025-04-09T08:46:58.764+0000] {logging_mixin.py:188} INFO - [2025-04-09T08:46:58.763+0000] {dag.py:3834} INFO - Setting next_dagrun for tutorial to 2025-04-08 00:00:00+00:00, run_after=2025-04-09 00:00:00+00:00
[2025-04-09T08:46:56.317+0000] {processor.py:183} INFO - Processing /home/airflow/.local/lib/python3.10/site-packages/airflow/example_dags/tutorial.py took 0.134 seconds
[2025-04-09T08:47:26.622+0000] {processor.py:161} INFO - Started process (PID=1244) to work on /home/airflow/.local/lib/python3.10/site-packages/airflow/example_dags/tutorial.py
[2025-04-09T08:47:26.623+0000] {processor.py:830} INFO - Processing file /home/airflow/.local/lib/python3.10/site-packages/airflow/example_dags/tutorial.py for tasks to queue
[2025-04-09T08:47:26.626+0000] {logging_mixin.py:188} INFO - [2025-04-09T08:47:26.625+0000] {dagbag.py:540} INFO - Filling up the DagBag from /home/airflow/.local/lib/python3.10/site-packages/airflow/example_dags/tutorial.py
[2025-04-09T08:47:26.633+0000] {processor.py:840} INFO - DAG(s) 'tutorial' retrieved from /home/airflow/.local/lib/python3.10/site-packages/airflow/example_dags/tutorial.py
[2025-04-09T08:47:26.658+0000] {logging_mixin.py:188} INFO - [2025-04-09T08:47:26.658+0000] {dag.py:3047} INFO - Sync 1 DAGs
[2025-04-09T08:47:26.680+0000] {logging_mixin.py:188} INFO - [2025-04-09T08:47:26.680+0000] {dag.py:3834} INFO - Setting next_dagrun for tutorial to 2025-04-08 00:00:00+00:00, run_after=2025-04-09 00:00:00+00:00
[2025-04-09T08:47:26.708+0000] {processor.py:183} INFO - Processing /home/airflow/.local/lib/python3.10/site-packages/airflow/example_dags/tutorial.py took 0.089 seconds
[2025-04-09T08:47:57.768+0000] {processor.py:161} INFO - Started process (PID=1310) to work on /home/airflow/.local/lib/python3.10/site-packages/airflow/example_dags/tutorial.py
[2025-04-09T08:47:57.769+0000] {processor.py:830} INFO - Processing file /home/airflow/.local/lib/python3.10/site-packages/airflow/example_dags/tutorial.py for tasks to queue
[2025-04-09T08:47:57.772+0000] {logging_mixin.py:188} INFO - [2025-04-09T08:47:57.771+0000] {dagbag.py:540} INFO - Filling up the DagBag from /home/airflow/.local/lib/python3.10/site-packages/airflow/example_dags/tutorial.py
[2025-04-09T08:47:57.779+0000] {processor.py:840} INFO - DAG(s) 'tutorial' retrieved from /home/airflow/.local/lib/python3.10/site-packages/airflow/example_dags/tutorial.py
[2025-04-09T08:47:57.800+0000] {logging_mixin.py:188} INFO - [2025-04-09T08:47:57.800+0000] {dag.py:3047} INFO - Sync 1 DAGs
[2025-04-09T08:47:57.824+0000] {logging_mixin.py:188} INFO - [2025-04-09T08:47:57.824+0000] {dag.py:3834} INFO - Setting next_dagrun for tutorial to 2025-04-08 00:00:00+00:00, run_after=2025-04-09 00:00:00+00:00
[2025-04-09T08:47:57.848+0000] {processor.py:183} INFO - Processing /home/airflow/.local/lib/python3.10/site-packages/airflow/example_dags/tutorial.py took 0.084 seconds
[2025-04-09T08:48:28.302+0000] {processor.py:161} INFO - Started process (PID=1383) to work on /home/airflow/.local/lib/python3.10/site-packages/airflow/example_dags/tutorial.py
[2025-04-09T08:48:28.304+0000] {processor.py:830} INFO - Processing file /home/airflow/.local/lib/python3.10/site-packages/airflow/example_dags/tutorial.py for tasks to queue
[2025-04-09T08:48:28.307+0000] {logging_mixin.py:188} INFO - [2025-04-09T08:48:28.307+0000] {dagbag.py:540} INFO - Filling up the DagBag from /home/airflow/.local/lib/python3.10/site-packages/airflow/example_dags/tutorial.py
[2025-04-09T08:48:28.318+0000] {processor.py:840} INFO - DAG(s) 'tutorial' retrieved from /home/airflow/.local/lib/python3.10/site-packages/airflow/example_dags/tutorial.py
[2025-04-09T08:48:28.348+0000] {logging_mixin.py:188} INFO - [2025-04-09T08:48:28.347+0000] {dag.py:3047} INFO - Sync 1 DAGs
[2025-04-09T08:48:28.382+0000] {logging_mixin.py:188} INFO - [2025-04-09T08:48:28.381+0000] {dag.py:3834} INFO - Setting next_dagrun for tutorial to 2025-04-08 00:00:00+00:00, run_after=2025-04-09 00:00:00+00:00
[2025-04-09T08:48:28.416+0000] {processor.py:183} INFO - Processing /home/airflow/.local/lib/python3.10/site-packages/airflow/example_dags/tutorial.py took 0.119 seconds
[2025-04-09T08:48:58.510+0000] {processor.py:161} INFO - Started process (PID=1451) to work on /home/airflow/.local/lib/python3.10/site-packages/airflow/example_dags/tutorial.py
[2025-04-09T08:48:58.511+0000] {processor.py:830} INFO - Processing file /home/airflow/.local/lib/python3.10/site-packages/airflow/example_dags/tutorial.py for tasks to queue
[2025-04-09T08:48:58.514+0000] {logging_mixin.py:188} INFO - [2025-04-09T08:48:58.513+0000] {dagbag.py:540} INFO - Filling up the DagBag from /home/airflow/.local/lib/python3.10/site-packages/airflow/example_dags/tutorial.py
[2025-04-09T08:48:58.521+0000] {processor.py:840} INFO - DAG(s) 'tutorial' retrieved from /home/airflow/.local/lib/python3.10/site-packages/airflow/example_dags/tutorial.py
[2025-04-09T08:48:58.543+0000] {logging_mixin.py:188} INFO - [2025-04-09T08:48:58.543+0000] {dag.py:3047} INFO - Sync 1 DAGs
[2025-04-09T08:48:58.567+0000] {logging_mixin.py:188} INFO - [2025-04-09T08:48:58.567+0000] {dag.py:3834} INFO - Setting next_dagrun for tutorial to 2025-04-08 00:00:00+00:00, run_after=2025-04-09 00:00:00+00:00
[2025-04-09T08:48:58.590+0000] {processor.py:183} INFO - Processing /home/airflow/.local/lib/python3.10/site-packages/airflow/example_dags/tutorial.py took 0.084 seconds
[2025-04-09T08:49:28.686+0000] {processor.py:161} INFO - Started process (PID=1513) to work on /home/airflow/.local/lib/python3.10/site-packages/airflow/example_dags/tutorial.py
[2025-04-09T08:49:28.688+0000] {processor.py:830} INFO - Processing file /home/airflow/.local/lib/python3.10/site-packages/airflow/example_dags/tutorial.py for tasks to queue
[2025-04-09T08:49:28.691+0000] {logging_mixin.py:188} INFO - [2025-04-09T08:49:28.690+0000] {dagbag.py:540} INFO - Filling up the DagBag from /home/airflow/.local/lib/python3.10/site-packages/airflow/example_dags/tutorial.py
[2025-04-09T08:49:28.700+0000] {processor.py:840} INFO - DAG(s) 'tutorial' retrieved from /home/airflow/.local/lib/python3.10/site-packages/airflow/example_dags/tutorial.py
[2025-04-09T08:49:28.732+0000] {logging_mixin.py:188} INFO - [2025-04-09T08:49:28.732+0000] {dag.py:3047} INFO - Sync 1 DAGs
[2025-04-09T08:49:28.768+0000] {logging_mixin.py:188} INFO - [2025-04-09T08:49:28.767+0000] {dag.py:3834} INFO - Setting next_dagrun for tutorial to 2025-04-08 00:00:00+00:00, run_after=2025-04-09 00:00:00+00:00
[2025-04-09T08:49:28.812+0000] {processor.py:183} INFO - Processing /home/airflow/.local/lib/python3.10/site-packages/airflow/example_dags/tutorial.py took 0.130 seconds
[2025-04-09T08:49:58.862+0000] {processor.py:161} INFO - Started process (PID=1575) to work on /home/airflow/.local/lib/python3.10/site-packages/airflow/example_dags/tutorial.py
[2025-04-09T08:49:58.863+0000] {processor.py:830} INFO - Processing file /home/airflow/.local/lib/python3.10/site-packages/airflow/example_dags/tutorial.py for tasks to queue
[2025-04-09T08:49:58.866+0000] {logging_mixin.py:188} INFO - [2025-04-09T08:49:58.865+0000] {dagbag.py:540} INFO - Filling up the DagBag from /home/airflow/.local/lib/python3.10/site-packages/airflow/example_dags/tutorial.py
[2025-04-09T08:49:58.875+0000] {processor.py:840} INFO - DAG(s) 'tutorial' retrieved from /home/airflow/.local/lib/python3.10/site-packages/airflow/example_dags/tutorial.py
[2025-04-09T08:49:58.900+0000] {logging_mixin.py:188} INFO - [2025-04-09T08:49:58.900+0000] {dag.py:3047} INFO - Sync 1 DAGs
[2025-04-09T08:49:58.928+0000] {logging_mixin.py:188} INFO - [2025-04-09T08:49:58.927+0000] {dag.py:3834} INFO - Setting next_dagrun for tutorial to 2025-04-08 00:00:00+00:00, run_after=2025-04-09 00:00:00+00:00
[2025-04-09T08:49:58.962+0000] {processor.py:183} INFO - Processing /home/airflow/.local/lib/python3.10/site-packages/airflow/example_dags/tutorial.py took 0.106 seconds
[2025-04-09T08:50:29.704+0000] {processor.py:161} INFO - Started process (PID=1636) to work on /home/airflow/.local/lib/python3.10/site-packages/airflow/example_dags/tutorial.py
[2025-04-09T08:50:29.707+0000] {processor.py:830} INFO - Processing file /home/airflow/.local/lib/python3.10/site-packages/airflow/example_dags/tutorial.py for tasks to queue
[2025-04-09T08:50:29.710+0000] {logging_mixin.py:188} INFO - [2025-04-09T08:50:29.710+0000] {dagbag.py:540} INFO - Filling up the DagBag from /home/airflow/.local/lib/python3.10/site-packages/airflow/example_dags/tutorial.py
[2025-04-09T08:50:29.722+0000] {processor.py:840} INFO - DAG(s) 'tutorial' retrieved from /home/airflow/.local/lib/python3.10/site-packages/airflow/example_dags/tutorial.py
[2025-04-09T08:50:29.763+0000] {logging_mixin.py:188} INFO - [2025-04-09T08:50:29.763+0000] {dag.py:3047} INFO - Sync 1 DAGs
[2025-04-09T08:50:29.804+0000] {logging_mixin.py:188} INFO - [2025-04-09T08:50:29.804+0000] {dag.py:3834} INFO - Setting next_dagrun for tutorial to 2025-04-08 00:00:00+00:00, run_after=2025-04-09 00:00:00+00:00
[2025-04-09T08:50:29.833+0000] {processor.py:183} INFO - Processing /home/airflow/.local/lib/python3.10/site-packages/airflow/example_dags/tutorial.py took 0.138 seconds
[2025-04-09T08:51:00.236+0000] {processor.py:161} INFO - Started process (PID=1698) to work on /home/airflow/.local/lib/python3.10/site-packages/airflow/example_dags/tutorial.py
[2025-04-09T08:51:00.238+0000] {processor.py:830} INFO - Processing file /home/airflow/.local/lib/python3.10/site-packages/airflow/example_dags/tutorial.py for tasks to queue
[2025-04-09T08:51:00.240+0000] {logging_mixin.py:188} INFO - [2025-04-09T08:51:00.240+0000] {dagbag.py:540} INFO - Filling up the DagBag from /home/airflow/.local/lib/python3.10/site-packages/airflow/example_dags/tutorial.py
[2025-04-09T08:51:00.247+0000] {processor.py:840} INFO - DAG(s) 'tutorial' retrieved from /home/airflow/.local/lib/python3.10/site-packages/airflow/example_dags/tutorial.py
[2025-04-09T08:51:00.275+0000] {logging_mixin.py:188} INFO - [2025-04-09T08:51:00.275+0000] {dag.py:3047} INFO - Sync 1 DAGs
[2025-04-09T08:51:00.299+0000] {logging_mixin.py:188} INFO - [2025-04-09T08:51:00.299+0000] {dag.py:3834} INFO - Setting next_dagrun for tutorial to 2025-04-08 00:00:00+00:00, run_after=2025-04-09 00:00:00+00:00
[2025-04-09T08:51:00.323+0000] {processor.py:183} INFO - Processing /home/airflow/.local/lib/python3.10/site-packages/airflow/example_dags/tutorial.py took 0.092 seconds
[2025-04-09T08:51:30.701+0000] {processor.py:161} INFO - Started process (PID=1766) to work on /home/airflow/.local/lib/python3.10/site-packages/airflow/example_dags/tutorial.py
[2025-04-09T08:51:30.703+0000] {processor.py:830} INFO - Processing file /home/airflow/.local/lib/python3.10/site-packages/airflow/example_dags/tutorial.py for tasks to queue
[2025-04-09T08:51:30.705+0000] {logging_mixin.py:188} INFO - [2025-04-09T08:51:30.705+0000] {dagbag.py:540} INFO - Filling up the DagBag from /home/airflow/.local/lib/python3.10/site-packages/airflow/example_dags/tutorial.py
[2025-04-09T08:51:30.712+0000] {processor.py:840} INFO - DAG(s) 'tutorial' retrieved from /home/airflow/.local/lib/python3.10/site-packages/airflow/example_dags/tutorial.py
[2025-04-09T08:51:30.734+0000] {logging_mixin.py:188} INFO - [2025-04-09T08:51:30.734+0000] {dag.py:3047} INFO - Sync 1 DAGs
[2025-04-09T08:51:30.766+0000] {logging_mixin.py:188} INFO - [2025-04-09T08:51:30.766+0000] {dag.py:3834} INFO - Setting next_dagrun for tutorial to 2025-04-08 00:00:00+00:00, run_after=2025-04-09 00:00:00+00:00
[2025-04-09T08:51:30.958+0000] {processor.py:183} INFO - Processing /home/airflow/.local/lib/python3.10/site-packages/airflow/example_dags/tutorial.py took 0.261 seconds
[2025-04-09T08:52:01.185+0000] {processor.py:161} INFO - Started process (PID=1830) to work on /home/airflow/.local/lib/python3.10/site-packages/airflow/example_dags/tutorial.py
[2025-04-09T08:52:01.187+0000] {processor.py:830} INFO - Processing file /home/airflow/.local/lib/python3.10/site-packages/airflow/example_dags/tutorial.py for tasks to queue
[2025-04-09T08:52:01.190+0000] {logging_mixin.py:188} INFO - [2025-04-09T08:52:01.190+0000] {dagbag.py:540} INFO - Filling up the DagBag from /home/airflow/.local/lib/python3.10/site-packages/airflow/example_dags/tutorial.py
[2025-04-09T08:52:01.197+0000] {processor.py:840} INFO - DAG(s) 'tutorial' retrieved from /home/airflow/.local/lib/python3.10/site-packages/airflow/example_dags/tutorial.py
[2025-04-09T08:52:01.221+0000] {logging_mixin.py:188} INFO - [2025-04-09T08:52:01.220+0000] {dag.py:3047} INFO - Sync 1 DAGs
[2025-04-09T08:52:01.245+0000] {logging_mixin.py:188} INFO - [2025-04-09T08:52:01.245+0000] {dag.py:3834} INFO - Setting next_dagrun for tutorial to 2025-04-08 00:00:00+00:00, run_after=2025-04-09 00:00:00+00:00
[2025-04-09T08:52:01.268+0000] {processor.py:183} INFO - Processing /home/airflow/.local/lib/python3.10/site-packages/airflow/example_dags/tutorial.py took 0.086 seconds
[2025-04-09T08:52:31.547+0000] {processor.py:161} INFO - Started process (PID=1892) to work on /home/airflow/.local/lib/python3.10/site-packages/airflow/example_dags/tutorial.py
[2025-04-09T08:52:31.549+0000] {processor.py:830} INFO - Processing file /home/airflow/.local/lib/python3.10/site-packages/airflow/example_dags/tutorial.py for tasks to queue
[2025-04-09T08:52:31.551+0000] {logging_mixin.py:188} INFO - [2025-04-09T08:52:31.550+0000] {dagbag.py:540} INFO - Filling up the DagBag from /home/airflow/.local/lib/python3.10/site-packages/airflow/example_dags/tutorial.py
[2025-04-09T08:52:31.557+0000] {processor.py:840} INFO - DAG(s) 'tutorial' retrieved from /home/airflow/.local/lib/python3.10/site-packages/airflow/example_dags/tutorial.py
[2025-04-09T08:52:31.580+0000] {logging_mixin.py:188} INFO - [2025-04-09T08:52:31.579+0000] {dag.py:3047} INFO - Sync 1 DAGs
[2025-04-09T08:52:31.603+0000] {logging_mixin.py:188} INFO - [2025-04-09T08:52:31.602+0000] {dag.py:3834} INFO - Setting next_dagrun for tutorial to 2025-04-08 00:00:00+00:00, run_after=2025-04-09 00:00:00+00:00
[2025-04-09T08:52:31.627+0000] {processor.py:183} INFO - Processing /home/airflow/.local/lib/python3.10/site-packages/airflow/example_dags/tutorial.py took 0.084 seconds
[2025-04-09T08:53:01.851+0000] {processor.py:161} INFO - Started process (PID=1951) to work on /home/airflow/.local/lib/python3.10/site-packages/airflow/example_dags/tutorial.py
[2025-04-09T08:53:01.852+0000] {processor.py:830} INFO - Processing file /home/airflow/.local/lib/python3.10/site-packages/airflow/example_dags/tutorial.py for tasks to queue
[2025-04-09T08:53:01.855+0000] {logging_mixin.py:188} INFO - [2025-04-09T08:53:01.854+0000] {dagbag.py:540} INFO - Filling up the DagBag from /home/airflow/.local/lib/python3.10/site-packages/airflow/example_dags/tutorial.py
[2025-04-09T08:53:01.862+0000] {processor.py:840} INFO - DAG(s) 'tutorial' retrieved from /home/airflow/.local/lib/python3.10/site-packages/airflow/example_dags/tutorial.py
[2025-04-09T08:53:01.882+0000] {logging_mixin.py:188} INFO - [2025-04-09T08:53:01.882+0000] {dag.py:3047} INFO - Sync 1 DAGs
[2025-04-09T08:53:01.904+0000] {logging_mixin.py:188} INFO - [2025-04-09T08:53:01.904+0000] {dag.py:3834} INFO - Setting next_dagrun for tutorial to 2025-04-08 00:00:00+00:00, run_after=2025-04-09 00:00:00+00:00
[2025-04-09T08:53:01.928+0000] {processor.py:183} INFO - Processing /home/airflow/.local/lib/python3.10/site-packages/airflow/example_dags/tutorial.py took 0.080 seconds
[2025-04-09T08:53:32.670+0000] {processor.py:161} INFO - Started process (PID=2010) to work on /home/airflow/.local/lib/python3.10/site-packages/airflow/example_dags/tutorial.py
[2025-04-09T08:53:32.671+0000] {processor.py:830} INFO - Processing file /home/airflow/.local/lib/python3.10/site-packages/airflow/example_dags/tutorial.py for tasks to queue
[2025-04-09T08:53:32.674+0000] {logging_mixin.py:188} INFO - [2025-04-09T08:53:32.673+0000] {dagbag.py:540} INFO - Filling up the DagBag from /home/airflow/.local/lib/python3.10/site-packages/airflow/example_dags/tutorial.py
[2025-04-09T08:53:32.681+0000] {processor.py:840} INFO - DAG(s) 'tutorial' retrieved from /home/airflow/.local/lib/python3.10/site-packages/airflow/example_dags/tutorial.py
[2025-04-09T08:53:32.704+0000] {logging_mixin.py:188} INFO - [2025-04-09T08:53:32.704+0000] {dag.py:3047} INFO - Sync 1 DAGs
[2025-04-09T08:53:32.728+0000] {logging_mixin.py:188} INFO - [2025-04-09T08:53:32.728+0000] {dag.py:3834} INFO - Setting next_dagrun for tutorial to 2025-04-08 00:00:00+00:00, run_after=2025-04-09 00:00:00+00:00
[2025-04-09T08:53:32.754+0000] {processor.py:183} INFO - Processing /home/airflow/.local/lib/python3.10/site-packages/airflow/example_dags/tutorial.py took 0.087 seconds
[2025-04-09T08:54:03.024+0000] {processor.py:161} INFO - Started process (PID=2072) to work on /home/airflow/.local/lib/python3.10/site-packages/airflow/example_dags/tutorial.py
[2025-04-09T08:54:03.026+0000] {processor.py:830} INFO - Processing file /home/airflow/.local/lib/python3.10/site-packages/airflow/example_dags/tutorial.py for tasks to queue
[2025-04-09T08:54:03.029+0000] {logging_mixin.py:188} INFO - [2025-04-09T08:54:03.028+0000] {dagbag.py:540} INFO - Filling up the DagBag from /home/airflow/.local/lib/python3.10/site-packages/airflow/example_dags/tutorial.py
[2025-04-09T08:54:03.037+0000] {processor.py:840} INFO - DAG(s) 'tutorial' retrieved from /home/airflow/.local/lib/python3.10/site-packages/airflow/example_dags/tutorial.py
[2025-04-09T08:54:03.062+0000] {logging_mixin.py:188} INFO - [2025-04-09T08:54:03.062+0000] {dag.py:3047} INFO - Sync 1 DAGs
[2025-04-09T08:54:03.092+0000] {logging_mixin.py:188} INFO - [2025-04-09T08:54:03.091+0000] {dag.py:3834} INFO - Setting next_dagrun for tutorial to 2025-04-08 00:00:00+00:00, run_after=2025-04-09 00:00:00+00:00
[2025-04-09T08:54:03.116+0000] {processor.py:183} INFO - Processing /home/airflow/.local/lib/python3.10/site-packages/airflow/example_dags/tutorial.py took 0.096 seconds
[2025-04-09T08:54:34.337+0000] {processor.py:161} INFO - Started process (PID=2135) to work on /home/airflow/.local/lib/python3.10/site-packages/airflow/example_dags/tutorial.py
[2025-04-09T08:54:34.344+0000] {processor.py:830} INFO - Processing file /home/airflow/.local/lib/python3.10/site-packages/airflow/example_dags/tutorial.py for tasks to queue
[2025-04-09T08:54:34.361+0000] {logging_mixin.py:188} INFO - [2025-04-09T08:54:34.359+0000] {dagbag.py:540} INFO - Filling up the DagBag from /home/airflow/.local/lib/python3.10/site-packages/airflow/example_dags/tutorial.py
[2025-04-09T08:54:34.407+0000] {processor.py:840} INFO - DAG(s) 'tutorial' retrieved from /home/airflow/.local/lib/python3.10/site-packages/airflow/example_dags/tutorial.py
[2025-04-09T08:54:36.439+0000] {logging_mixin.py:188} INFO - [2025-04-09T08:54:36.438+0000] {dag.py:3047} INFO - Sync 1 DAGs
[2025-04-09T08:54:36.516+0000] {logging_mixin.py:188} INFO - [2025-04-09T08:54:36.515+0000] {dag.py:3834} INFO - Setting next_dagrun for tutorial to 2025-04-08 00:00:00+00:00, run_after=2025-04-09 00:00:00+00:00
[2025-04-09T08:54:36.575+0000] {processor.py:183} INFO - Processing /home/airflow/.local/lib/python3.10/site-packages/airflow/example_dags/tutorial.py took 2.260 seconds
[2025-04-09T08:55:07.471+0000] {processor.py:161} INFO - Started process (PID=2197) to work on /home/airflow/.local/lib/python3.10/site-packages/airflow/example_dags/tutorial.py
[2025-04-09T08:55:07.473+0000] {processor.py:830} INFO - Processing file /home/airflow/.local/lib/python3.10/site-packages/airflow/example_dags/tutorial.py for tasks to queue
[2025-04-09T08:55:07.476+0000] {logging_mixin.py:188} INFO - [2025-04-09T08:55:07.475+0000] {dagbag.py:540} INFO - Filling up the DagBag from /home/airflow/.local/lib/python3.10/site-packages/airflow/example_dags/tutorial.py
[2025-04-09T08:55:07.487+0000] {processor.py:840} INFO - DAG(s) 'tutorial' retrieved from /home/airflow/.local/lib/python3.10/site-packages/airflow/example_dags/tutorial.py
[2025-04-09T08:55:07.742+0000] {logging_mixin.py:188} INFO - [2025-04-09T08:55:07.742+0000] {dag.py:3047} INFO - Sync 1 DAGs
[2025-04-09T08:55:07.786+0000] {logging_mixin.py:188} INFO - [2025-04-09T08:55:07.785+0000] {dag.py:3834} INFO - Setting next_dagrun for tutorial to 2025-04-08 00:00:00+00:00, run_after=2025-04-09 00:00:00+00:00
[2025-04-09T08:55:07.826+0000] {processor.py:183} INFO - Processing /home/airflow/.local/lib/python3.10/site-packages/airflow/example_dags/tutorial.py took 0.359 seconds
[2025-04-09T08:55:38.033+0000] {processor.py:161} INFO - Started process (PID=2259) to work on /home/airflow/.local/lib/python3.10/site-packages/airflow/example_dags/tutorial.py
[2025-04-09T08:55:38.034+0000] {processor.py:830} INFO - Processing file /home/airflow/.local/lib/python3.10/site-packages/airflow/example_dags/tutorial.py for tasks to queue
[2025-04-09T08:55:38.038+0000] {logging_mixin.py:188} INFO - [2025-04-09T08:55:38.037+0000] {dagbag.py:540} INFO - Filling up the DagBag from /home/airflow/.local/lib/python3.10/site-packages/airflow/example_dags/tutorial.py
[2025-04-09T08:55:38.046+0000] {processor.py:840} INFO - DAG(s) 'tutorial' retrieved from /home/airflow/.local/lib/python3.10/site-packages/airflow/example_dags/tutorial.py
[2025-04-09T08:55:38.079+0000] {logging_mixin.py:188} INFO - [2025-04-09T08:55:38.079+0000] {dag.py:3047} INFO - Sync 1 DAGs
[2025-04-09T08:55:38.325+0000] {logging_mixin.py:188} INFO - [2025-04-09T08:55:38.325+0000] {dag.py:3834} INFO - Setting next_dagrun for tutorial to 2025-04-08 00:00:00+00:00, run_after=2025-04-09 00:00:00+00:00
[2025-04-09T08:55:38.354+0000] {processor.py:183} INFO - Processing /home/airflow/.local/lib/python3.10/site-packages/airflow/example_dags/tutorial.py took 0.326 seconds
[2025-04-09T08:56:08.438+0000] {processor.py:161} INFO - Started process (PID=2327) to work on /home/airflow/.local/lib/python3.10/site-packages/airflow/example_dags/tutorial.py
[2025-04-09T08:56:08.440+0000] {processor.py:830} INFO - Processing file /home/airflow/.local/lib/python3.10/site-packages/airflow/example_dags/tutorial.py for tasks to queue
[2025-04-09T08:56:08.443+0000] {logging_mixin.py:188} INFO - [2025-04-09T08:56:08.443+0000] {dagbag.py:540} INFO - Filling up the DagBag from /home/airflow/.local/lib/python3.10/site-packages/airflow/example_dags/tutorial.py
[2025-04-09T08:56:08.450+0000] {processor.py:840} INFO - DAG(s) 'tutorial' retrieved from /home/airflow/.local/lib/python3.10/site-packages/airflow/example_dags/tutorial.py
[2025-04-09T08:56:08.480+0000] {logging_mixin.py:188} INFO - [2025-04-09T08:56:08.480+0000] {dag.py:3047} INFO - Sync 1 DAGs
[2025-04-09T08:56:08.506+0000] {logging_mixin.py:188} INFO - [2025-04-09T08:56:08.506+0000] {dag.py:3834} INFO - Setting next_dagrun for tutorial to 2025-04-08 00:00:00+00:00, run_after=2025-04-09 00:00:00+00:00
[2025-04-09T08:56:08.537+0000] {processor.py:183} INFO - Processing /home/airflow/.local/lib/python3.10/site-packages/airflow/example_dags/tutorial.py took 0.104 seconds
[2025-04-09T08:56:38.848+0000] {processor.py:161} INFO - Started process (PID=2389) to work on /home/airflow/.local/lib/python3.10/site-packages/airflow/example_dags/tutorial.py
[2025-04-09T08:56:38.850+0000] {processor.py:830} INFO - Processing file /home/airflow/.local/lib/python3.10/site-packages/airflow/example_dags/tutorial.py for tasks to queue
[2025-04-09T08:56:38.852+0000] {logging_mixin.py:188} INFO - [2025-04-09T08:56:38.851+0000] {dagbag.py:540} INFO - Filling up the DagBag from /home/airflow/.local/lib/python3.10/site-packages/airflow/example_dags/tutorial.py
[2025-04-09T08:56:38.860+0000] {processor.py:840} INFO - DAG(s) 'tutorial' retrieved from /home/airflow/.local/lib/python3.10/site-packages/airflow/example_dags/tutorial.py
[2025-04-09T08:56:38.888+0000] {logging_mixin.py:188} INFO - [2025-04-09T08:56:38.888+0000] {dag.py:3047} INFO - Sync 1 DAGs
[2025-04-09T08:56:38.920+0000] {logging_mixin.py:188} INFO - [2025-04-09T08:56:38.920+0000] {dag.py:3834} INFO - Setting next_dagrun for tutorial to 2025-04-08 00:00:00+00:00, run_after=2025-04-09 00:00:00+00:00
[2025-04-09T08:56:38.949+0000] {processor.py:183} INFO - Processing /home/airflow/.local/lib/python3.10/site-packages/airflow/example_dags/tutorial.py took 0.105 seconds
[2025-04-09T08:57:09.660+0000] {processor.py:161} INFO - Started process (PID=2451) to work on /home/airflow/.local/lib/python3.10/site-packages/airflow/example_dags/tutorial.py
[2025-04-09T08:57:09.662+0000] {processor.py:830} INFO - Processing file /home/airflow/.local/lib/python3.10/site-packages/airflow/example_dags/tutorial.py for tasks to queue
[2025-04-09T08:57:09.665+0000] {logging_mixin.py:188} INFO - [2025-04-09T08:57:09.664+0000] {dagbag.py:540} INFO - Filling up the DagBag from /home/airflow/.local/lib/python3.10/site-packages/airflow/example_dags/tutorial.py
[2025-04-09T08:57:09.675+0000] {processor.py:840} INFO - DAG(s) 'tutorial' retrieved from /home/airflow/.local/lib/python3.10/site-packages/airflow/example_dags/tutorial.py
[2025-04-09T08:57:09.705+0000] {logging_mixin.py:188} INFO - [2025-04-09T08:57:09.704+0000] {dag.py:3047} INFO - Sync 1 DAGs
[2025-04-09T08:57:09.752+0000] {logging_mixin.py:188} INFO - [2025-04-09T08:57:09.751+0000] {dag.py:3834} INFO - Setting next_dagrun for tutorial to 2025-04-08 00:00:00+00:00, run_after=2025-04-09 00:00:00+00:00
[2025-04-09T08:57:09.793+0000] {processor.py:183} INFO - Processing /home/airflow/.local/lib/python3.10/site-packages/airflow/example_dags/tutorial.py took 0.139 seconds
[2025-04-09T08:57:40.533+0000] {processor.py:161} INFO - Started process (PID=2513) to work on /home/airflow/.local/lib/python3.10/site-packages/airflow/example_dags/tutorial.py
[2025-04-09T08:57:40.535+0000] {processor.py:830} INFO - Processing file /home/airflow/.local/lib/python3.10/site-packages/airflow/example_dags/tutorial.py for tasks to queue
[2025-04-09T08:57:40.540+0000] {logging_mixin.py:188} INFO - [2025-04-09T08:57:40.539+0000] {dagbag.py:540} INFO - Filling up the DagBag from /home/airflow/.local/lib/python3.10/site-packages/airflow/example_dags/tutorial.py
[2025-04-09T08:57:40.553+0000] {processor.py:840} INFO - DAG(s) 'tutorial' retrieved from /home/airflow/.local/lib/python3.10/site-packages/airflow/example_dags/tutorial.py
[2025-04-09T08:57:40.598+0000] {logging_mixin.py:188} INFO - [2025-04-09T08:57:40.598+0000] {dag.py:3047} INFO - Sync 1 DAGs
[2025-04-09T08:57:40.646+0000] {logging_mixin.py:188} INFO - [2025-04-09T08:57:40.646+0000] {dag.py:3834} INFO - Setting next_dagrun for tutorial to 2025-04-08 00:00:00+00:00, run_after=2025-04-09 00:00:00+00:00
[2025-04-09T08:57:40.692+0000] {processor.py:183} INFO - Processing /home/airflow/.local/lib/python3.10/site-packages/airflow/example_dags/tutorial.py took 0.166 seconds
[2025-04-09T08:58:10.956+0000] {processor.py:161} INFO - Started process (PID=2575) to work on /home/airflow/.local/lib/python3.10/site-packages/airflow/example_dags/tutorial.py
[2025-04-09T08:58:10.957+0000] {processor.py:830} INFO - Processing file /home/airflow/.local/lib/python3.10/site-packages/airflow/example_dags/tutorial.py for tasks to queue
[2025-04-09T08:58:10.960+0000] {logging_mixin.py:188} INFO - [2025-04-09T08:58:10.959+0000] {dagbag.py:540} INFO - Filling up the DagBag from /home/airflow/.local/lib/python3.10/site-packages/airflow/example_dags/tutorial.py
[2025-04-09T08:58:10.967+0000] {processor.py:840} INFO - DAG(s) 'tutorial' retrieved from /home/airflow/.local/lib/python3.10/site-packages/airflow/example_dags/tutorial.py
[2025-04-09T08:58:10.997+0000] {logging_mixin.py:188} INFO - [2025-04-09T08:58:10.997+0000] {dag.py:3047} INFO - Sync 1 DAGs
[2025-04-09T08:58:11.023+0000] {logging_mixin.py:188} INFO - [2025-04-09T08:58:11.023+0000] {dag.py:3834} INFO - Setting next_dagrun for tutorial to 2025-04-08 00:00:00+00:00, run_after=2025-04-09 00:00:00+00:00
[2025-04-09T08:58:11.056+0000] {processor.py:183} INFO - Processing /home/airflow/.local/lib/python3.10/site-packages/airflow/example_dags/tutorial.py took 0.105 seconds
[2025-04-09T08:58:41.911+0000] {processor.py:161} INFO - Started process (PID=2637) to work on /home/airflow/.local/lib/python3.10/site-packages/airflow/example_dags/tutorial.py
[2025-04-09T08:58:41.912+0000] {processor.py:830} INFO - Processing file /home/airflow/.local/lib/python3.10/site-packages/airflow/example_dags/tutorial.py for tasks to queue
[2025-04-09T08:58:41.915+0000] {logging_mixin.py:188} INFO - [2025-04-09T08:58:41.915+0000] {dagbag.py:540} INFO - Filling up the DagBag from /home/airflow/.local/lib/python3.10/site-packages/airflow/example_dags/tutorial.py
[2025-04-09T08:58:41.926+0000] {processor.py:840} INFO - DAG(s) 'tutorial' retrieved from /home/airflow/.local/lib/python3.10/site-packages/airflow/example_dags/tutorial.py
[2025-04-09T08:58:41.953+0000] {logging_mixin.py:188} INFO - [2025-04-09T08:58:41.952+0000] {dag.py:3047} INFO - Sync 1 DAGs
[2025-04-09T08:58:41.979+0000] {logging_mixin.py:188} INFO - [2025-04-09T08:58:41.979+0000] {dag.py:3834} INFO - Setting next_dagrun for tutorial to 2025-04-08 00:00:00+00:00, run_after=2025-04-09 00:00:00+00:00
[2025-04-09T08:58:42.006+0000] {processor.py:183} INFO - Processing /home/airflow/.local/lib/python3.10/site-packages/airflow/example_dags/tutorial.py took 0.099 seconds
[2025-04-09T08:59:12.156+0000] {processor.py:161} INFO - Started process (PID=2699) to work on /home/airflow/.local/lib/python3.10/site-packages/airflow/example_dags/tutorial.py
[2025-04-09T08:59:12.158+0000] {processor.py:830} INFO - Processing file /home/airflow/.local/lib/python3.10/site-packages/airflow/example_dags/tutorial.py for tasks to queue
[2025-04-09T08:59:12.161+0000] {logging_mixin.py:188} INFO - [2025-04-09T08:59:12.160+0000] {dagbag.py:540} INFO - Filling up the DagBag from /home/airflow/.local/lib/python3.10/site-packages/airflow/example_dags/tutorial.py
[2025-04-09T08:59:12.173+0000] {processor.py:840} INFO - DAG(s) 'tutorial' retrieved from /home/airflow/.local/lib/python3.10/site-packages/airflow/example_dags/tutorial.py
[2025-04-09T08:59:12.201+0000] {logging_mixin.py:188} INFO - [2025-04-09T08:59:12.200+0000] {dag.py:3047} INFO - Sync 1 DAGs
[2025-04-09T08:59:12.226+0000] {logging_mixin.py:188} INFO - [2025-04-09T08:59:12.225+0000] {dag.py:3834} INFO - Setting next_dagrun for tutorial to 2025-04-08 00:00:00+00:00, run_after=2025-04-09 00:00:00+00:00
[2025-04-09T08:59:12.253+0000] {processor.py:183} INFO - Processing /home/airflow/.local/lib/python3.10/site-packages/airflow/example_dags/tutorial.py took 0.101 seconds
[2025-04-09T08:59:43.041+0000] {processor.py:161} INFO - Started process (PID=2761) to work on /home/airflow/.local/lib/python3.10/site-packages/airflow/example_dags/tutorial.py
[2025-04-09T08:59:43.043+0000] {processor.py:830} INFO - Processing file /home/airflow/.local/lib/python3.10/site-packages/airflow/example_dags/tutorial.py for tasks to queue
[2025-04-09T08:59:43.046+0000] {logging_mixin.py:188} INFO - [2025-04-09T08:59:43.046+0000] {dagbag.py:540} INFO - Filling up the DagBag from /home/airflow/.local/lib/python3.10/site-packages/airflow/example_dags/tutorial.py
[2025-04-09T08:59:43.057+0000] {processor.py:840} INFO - DAG(s) 'tutorial' retrieved from /home/airflow/.local/lib/python3.10/site-packages/airflow/example_dags/tutorial.py
[2025-04-09T08:59:43.086+0000] {logging_mixin.py:188} INFO - [2025-04-09T08:59:43.086+0000] {dag.py:3047} INFO - Sync 1 DAGs
[2025-04-09T08:59:43.127+0000] {logging_mixin.py:188} INFO - [2025-04-09T08:59:43.126+0000] {dag.py:3834} INFO - Setting next_dagrun for tutorial to 2025-04-08 00:00:00+00:00, run_after=2025-04-09 00:00:00+00:00
[2025-04-09T08:59:43.159+0000] {processor.py:183} INFO - Processing /home/airflow/.local/lib/python3.10/site-packages/airflow/example_dags/tutorial.py took 0.124 seconds
[2025-04-09T09:00:13.240+0000] {processor.py:161} INFO - Started process (PID=2823) to work on /home/airflow/.local/lib/python3.10/site-packages/airflow/example_dags/tutorial.py
[2025-04-09T09:00:13.241+0000] {processor.py:830} INFO - Processing file /home/airflow/.local/lib/python3.10/site-packages/airflow/example_dags/tutorial.py for tasks to queue
[2025-04-09T09:00:13.243+0000] {logging_mixin.py:188} INFO - [2025-04-09T09:00:13.243+0000] {dagbag.py:540} INFO - Filling up the DagBag from /home/airflow/.local/lib/python3.10/site-packages/airflow/example_dags/tutorial.py
[2025-04-09T09:00:13.251+0000] {processor.py:840} INFO - DAG(s) 'tutorial' retrieved from /home/airflow/.local/lib/python3.10/site-packages/airflow/example_dags/tutorial.py
[2025-04-09T09:00:13.280+0000] {logging_mixin.py:188} INFO - [2025-04-09T09:00:13.280+0000] {dag.py:3047} INFO - Sync 1 DAGs
[2025-04-09T09:00:13.302+0000] {logging_mixin.py:188} INFO - [2025-04-09T09:00:13.302+0000] {dag.py:3834} INFO - Setting next_dagrun for tutorial to 2025-04-08 00:00:00+00:00, run_after=2025-04-09 00:00:00+00:00
[2025-04-09T09:00:13.329+0000] {processor.py:183} INFO - Processing /home/airflow/.local/lib/python3.10/site-packages/airflow/example_dags/tutorial.py took 0.093 seconds
[2025-04-09T09:00:43.447+0000] {processor.py:161} INFO - Started process (PID=2885) to work on /home/airflow/.local/lib/python3.10/site-packages/airflow/example_dags/tutorial.py
[2025-04-09T09:00:43.449+0000] {processor.py:830} INFO - Processing file /home/airflow/.local/lib/python3.10/site-packages/airflow/example_dags/tutorial.py for tasks to queue
[2025-04-09T09:00:43.452+0000] {logging_mixin.py:188} INFO - [2025-04-09T09:00:43.451+0000] {dagbag.py:540} INFO - Filling up the DagBag from /home/airflow/.local/lib/python3.10/site-packages/airflow/example_dags/tutorial.py
[2025-04-09T09:00:43.458+0000] {processor.py:840} INFO - DAG(s) 'tutorial' retrieved from /home/airflow/.local/lib/python3.10/site-packages/airflow/example_dags/tutorial.py
[2025-04-09T09:00:43.486+0000] {logging_mixin.py:188} INFO - [2025-04-09T09:00:43.485+0000] {dag.py:3047} INFO - Sync 1 DAGs
[2025-04-09T09:00:43.511+0000] {logging_mixin.py:188} INFO - [2025-04-09T09:00:43.511+0000] {dag.py:3834} INFO - Setting next_dagrun for tutorial to 2025-04-08 00:00:00+00:00, run_after=2025-04-09 00:00:00+00:00
[2025-04-09T09:00:43.542+0000] {processor.py:183} INFO - Processing /home/airflow/.local/lib/python3.10/site-packages/airflow/example_dags/tutorial.py took 0.098 seconds
[2025-04-09T09:01:13.847+0000] {processor.py:161} INFO - Started process (PID=2947) to work on /home/airflow/.local/lib/python3.10/site-packages/airflow/example_dags/tutorial.py
[2025-04-09T09:01:13.849+0000] {processor.py:830} INFO - Processing file /home/airflow/.local/lib/python3.10/site-packages/airflow/example_dags/tutorial.py for tasks to queue
[2025-04-09T09:01:13.855+0000] {logging_mixin.py:188} INFO - [2025-04-09T09:01:13.854+0000] {dagbag.py:540} INFO - Filling up the DagBag from /home/airflow/.local/lib/python3.10/site-packages/airflow/example_dags/tutorial.py
[2025-04-09T09:01:13.867+0000] {processor.py:840} INFO - DAG(s) 'tutorial' retrieved from /home/airflow/.local/lib/python3.10/site-packages/airflow/example_dags/tutorial.py
[2025-04-09T09:01:13.905+0000] {logging_mixin.py:188} INFO - [2025-04-09T09:01:13.905+0000] {dag.py:3047} INFO - Sync 1 DAGs
[2025-04-09T09:01:13.943+0000] {logging_mixin.py:188} INFO - [2025-04-09T09:01:13.942+0000] {dag.py:3834} INFO - Setting next_dagrun for tutorial to 2025-04-08 00:00:00+00:00, run_after=2025-04-09 00:00:00+00:00
[2025-04-09T09:01:13.980+0000] {processor.py:183} INFO - Processing /home/airflow/.local/lib/python3.10/site-packages/airflow/example_dags/tutorial.py took 0.137 seconds
[2025-04-09T09:01:44.142+0000] {processor.py:161} INFO - Started process (PID=3015) to work on /home/airflow/.local/lib/python3.10/site-packages/airflow/example_dags/tutorial.py
[2025-04-09T09:01:44.143+0000] {processor.py:830} INFO - Processing file /home/airflow/.local/lib/python3.10/site-packages/airflow/example_dags/tutorial.py for tasks to queue
[2025-04-09T09:01:44.147+0000] {logging_mixin.py:188} INFO - [2025-04-09T09:01:44.146+0000] {dagbag.py:540} INFO - Filling up the DagBag from /home/airflow/.local/lib/python3.10/site-packages/airflow/example_dags/tutorial.py
[2025-04-09T09:01:44.157+0000] {processor.py:840} INFO - DAG(s) 'tutorial' retrieved from /home/airflow/.local/lib/python3.10/site-packages/airflow/example_dags/tutorial.py
[2025-04-09T09:01:44.192+0000] {logging_mixin.py:188} INFO - [2025-04-09T09:01:44.192+0000] {dag.py:3047} INFO - Sync 1 DAGs
[2025-04-09T09:01:44.224+0000] {logging_mixin.py:188} INFO - [2025-04-09T09:01:44.224+0000] {dag.py:3834} INFO - Setting next_dagrun for tutorial to 2025-04-08 00:00:00+00:00, run_after=2025-04-09 00:00:00+00:00
[2025-04-09T09:01:44.252+0000] {processor.py:183} INFO - Processing /home/airflow/.local/lib/python3.10/site-packages/airflow/example_dags/tutorial.py took 0.116 seconds
[2025-04-09T09:02:14.488+0000] {processor.py:161} INFO - Started process (PID=3077) to work on /home/airflow/.local/lib/python3.10/site-packages/airflow/example_dags/tutorial.py
[2025-04-09T09:02:14.490+0000] {processor.py:830} INFO - Processing file /home/airflow/.local/lib/python3.10/site-packages/airflow/example_dags/tutorial.py for tasks to queue
[2025-04-09T09:02:14.492+0000] {logging_mixin.py:188} INFO - [2025-04-09T09:02:14.492+0000] {dagbag.py:540} INFO - Filling up the DagBag from /home/airflow/.local/lib/python3.10/site-packages/airflow/example_dags/tutorial.py
[2025-04-09T09:02:14.500+0000] {processor.py:840} INFO - DAG(s) 'tutorial' retrieved from /home/airflow/.local/lib/python3.10/site-packages/airflow/example_dags/tutorial.py
[2025-04-09T09:02:14.528+0000] {logging_mixin.py:188} INFO - [2025-04-09T09:02:14.528+0000] {dag.py:3047} INFO - Sync 1 DAGs
[2025-04-09T09:02:14.557+0000] {logging_mixin.py:188} INFO - [2025-04-09T09:02:14.556+0000] {dag.py:3834} INFO - Setting next_dagrun for tutorial to 2025-04-08 00:00:00+00:00, run_after=2025-04-09 00:00:00+00:00
[2025-04-09T09:02:14.587+0000] {processor.py:183} INFO - Processing /home/airflow/.local/lib/python3.10/site-packages/airflow/example_dags/tutorial.py took 0.104 seconds
[2025-04-09T09:02:44.766+0000] {processor.py:161} INFO - Started process (PID=3139) to work on /home/airflow/.local/lib/python3.10/site-packages/airflow/example_dags/tutorial.py
[2025-04-09T09:02:44.767+0000] {processor.py:830} INFO - Processing file /home/airflow/.local/lib/python3.10/site-packages/airflow/example_dags/tutorial.py for tasks to queue
[2025-04-09T09:02:44.770+0000] {logging_mixin.py:188} INFO - [2025-04-09T09:02:44.770+0000] {dagbag.py:540} INFO - Filling up the DagBag from /home/airflow/.local/lib/python3.10/site-packages/airflow/example_dags/tutorial.py
[2025-04-09T09:02:44.778+0000] {processor.py:840} INFO - DAG(s) 'tutorial' retrieved from /home/airflow/.local/lib/python3.10/site-packages/airflow/example_dags/tutorial.py
[2025-04-09T09:02:44.806+0000] {logging_mixin.py:188} INFO - [2025-04-09T09:02:44.806+0000] {dag.py:3047} INFO - Sync 1 DAGs
[2025-04-09T09:02:44.833+0000] {logging_mixin.py:188} INFO - [2025-04-09T09:02:44.833+0000] {dag.py:3834} INFO - Setting next_dagrun for tutorial to 2025-04-08 00:00:00+00:00, run_after=2025-04-09 00:00:00+00:00
[2025-04-09T09:02:44.862+0000] {processor.py:183} INFO - Processing /home/airflow/.local/lib/python3.10/site-packages/airflow/example_dags/tutorial.py took 0.100 seconds
[2025-04-09T09:03:14.937+0000] {processor.py:161} INFO - Started process (PID=3201) to work on /home/airflow/.local/lib/python3.10/site-packages/airflow/example_dags/tutorial.py
[2025-04-09T09:03:14.939+0000] {processor.py:830} INFO - Processing file /home/airflow/.local/lib/python3.10/site-packages/airflow/example_dags/tutorial.py for tasks to queue
[2025-04-09T09:03:14.943+0000] {logging_mixin.py:188} INFO - [2025-04-09T09:03:14.942+0000] {dagbag.py:540} INFO - Filling up the DagBag from /home/airflow/.local/lib/python3.10/site-packages/airflow/example_dags/tutorial.py
[2025-04-09T09:03:14.952+0000] {processor.py:840} INFO - DAG(s) 'tutorial' retrieved from /home/airflow/.local/lib/python3.10/site-packages/airflow/example_dags/tutorial.py
[2025-04-09T09:03:14.986+0000] {logging_mixin.py:188} INFO - [2025-04-09T09:03:14.985+0000] {dag.py:3047} INFO - Sync 1 DAGs
[2025-04-09T09:03:15.012+0000] {logging_mixin.py:188} INFO - [2025-04-09T09:03:15.012+0000] {dag.py:3834} INFO - Setting next_dagrun for tutorial to 2025-04-08 00:00:00+00:00, run_after=2025-04-09 00:00:00+00:00
[2025-04-09T09:03:15.042+0000] {processor.py:183} INFO - Processing /home/airflow/.local/lib/python3.10/site-packages/airflow/example_dags/tutorial.py took 0.110 seconds
[2025-04-09T09:03:45.228+0000] {processor.py:161} INFO - Started process (PID=3263) to work on /home/airflow/.local/lib/python3.10/site-packages/airflow/example_dags/tutorial.py
[2025-04-09T09:03:45.229+0000] {processor.py:830} INFO - Processing file /home/airflow/.local/lib/python3.10/site-packages/airflow/example_dags/tutorial.py for tasks to queue
[2025-04-09T09:03:45.232+0000] {logging_mixin.py:188} INFO - [2025-04-09T09:03:45.231+0000] {dagbag.py:540} INFO - Filling up the DagBag from /home/airflow/.local/lib/python3.10/site-packages/airflow/example_dags/tutorial.py
[2025-04-09T09:03:45.240+0000] {processor.py:840} INFO - DAG(s) 'tutorial' retrieved from /home/airflow/.local/lib/python3.10/site-packages/airflow/example_dags/tutorial.py
[2025-04-09T09:03:45.268+0000] {logging_mixin.py:188} INFO - [2025-04-09T09:03:45.268+0000] {dag.py:3047} INFO - Sync 1 DAGs
[2025-04-09T09:03:45.293+0000] {logging_mixin.py:188} INFO - [2025-04-09T09:03:45.293+0000] {dag.py:3834} INFO - Setting next_dagrun for tutorial to 2025-04-08 00:00:00+00:00, run_after=2025-04-09 00:00:00+00:00
[2025-04-09T09:03:45.322+0000] {processor.py:183} INFO - Processing /home/airflow/.local/lib/python3.10/site-packages/airflow/example_dags/tutorial.py took 0.099 seconds
[2025-04-09T09:04:15.506+0000] {processor.py:161} INFO - Started process (PID=3325) to work on /home/airflow/.local/lib/python3.10/site-packages/airflow/example_dags/tutorial.py
[2025-04-09T09:04:15.508+0000] {processor.py:830} INFO - Processing file /home/airflow/.local/lib/python3.10/site-packages/airflow/example_dags/tutorial.py for tasks to queue
[2025-04-09T09:04:15.510+0000] {logging_mixin.py:188} INFO - [2025-04-09T09:04:15.509+0000] {dagbag.py:540} INFO - Filling up the DagBag from /home/airflow/.local/lib/python3.10/site-packages/airflow/example_dags/tutorial.py
[2025-04-09T09:04:15.520+0000] {processor.py:840} INFO - DAG(s) 'tutorial' retrieved from /home/airflow/.local/lib/python3.10/site-packages/airflow/example_dags/tutorial.py
[2025-04-09T09:04:15.552+0000] {logging_mixin.py:188} INFO - [2025-04-09T09:04:15.552+0000] {dag.py:3047} INFO - Sync 1 DAGs
[2025-04-09T09:04:15.587+0000] {logging_mixin.py:188} INFO - [2025-04-09T09:04:15.586+0000] {dag.py:3834} INFO - Setting next_dagrun for tutorial to 2025-04-08 00:00:00+00:00, run_after=2025-04-09 00:00:00+00:00
[2025-04-09T09:04:15.622+0000] {processor.py:183} INFO - Processing /home/airflow/.local/lib/python3.10/site-packages/airflow/example_dags/tutorial.py took 0.120 seconds
[2025-04-09T09:04:45.885+0000] {processor.py:161} INFO - Started process (PID=3387) to work on /home/airflow/.local/lib/python3.10/site-packages/airflow/example_dags/tutorial.py
[2025-04-09T09:04:45.887+0000] {processor.py:830} INFO - Processing file /home/airflow/.local/lib/python3.10/site-packages/airflow/example_dags/tutorial.py for tasks to queue
[2025-04-09T09:04:45.889+0000] {logging_mixin.py:188} INFO - [2025-04-09T09:04:45.889+0000] {dagbag.py:540} INFO - Filling up the DagBag from /home/airflow/.local/lib/python3.10/site-packages/airflow/example_dags/tutorial.py
[2025-04-09T09:04:45.896+0000] {processor.py:840} INFO - DAG(s) 'tutorial' retrieved from /home/airflow/.local/lib/python3.10/site-packages/airflow/example_dags/tutorial.py
[2025-04-09T09:04:45.924+0000] {logging_mixin.py:188} INFO - [2025-04-09T09:04:45.924+0000] {dag.py:3047} INFO - Sync 1 DAGs
[2025-04-09T09:04:45.949+0000] {logging_mixin.py:188} INFO - [2025-04-09T09:04:45.949+0000] {dag.py:3834} INFO - Setting next_dagrun for tutorial to 2025-04-08 00:00:00+00:00, run_after=2025-04-09 00:00:00+00:00
[2025-04-09T09:04:45.974+0000] {processor.py:183} INFO - Processing /home/airflow/.local/lib/python3.10/site-packages/airflow/example_dags/tutorial.py took 0.093 seconds
[2025-04-09T09:05:16.237+0000] {processor.py:161} INFO - Started process (PID=3449) to work on /home/airflow/.local/lib/python3.10/site-packages/airflow/example_dags/tutorial.py
[2025-04-09T09:05:16.239+0000] {processor.py:830} INFO - Processing file /home/airflow/.local/lib/python3.10/site-packages/airflow/example_dags/tutorial.py for tasks to queue
[2025-04-09T09:05:16.241+0000] {logging_mixin.py:188} INFO - [2025-04-09T09:05:16.241+0000] {dagbag.py:540} INFO - Filling up the DagBag from /home/airflow/.local/lib/python3.10/site-packages/airflow/example_dags/tutorial.py
[2025-04-09T09:05:16.248+0000] {processor.py:840} INFO - DAG(s) 'tutorial' retrieved from /home/airflow/.local/lib/python3.10/site-packages/airflow/example_dags/tutorial.py
[2025-04-09T09:05:16.275+0000] {logging_mixin.py:188} INFO - [2025-04-09T09:05:16.275+0000] {dag.py:3047} INFO - Sync 1 DAGs
[2025-04-09T09:05:16.301+0000] {logging_mixin.py:188} INFO - [2025-04-09T09:05:16.301+0000] {dag.py:3834} INFO - Setting next_dagrun for tutorial to 2025-04-08 00:00:00+00:00, run_after=2025-04-09 00:00:00+00:00
[2025-04-09T09:05:16.328+0000] {processor.py:183} INFO - Processing /home/airflow/.local/lib/python3.10/site-packages/airflow/example_dags/tutorial.py took 0.095 seconds
[2025-04-09T09:05:46.420+0000] {processor.py:161} INFO - Started process (PID=3511) to work on /home/airflow/.local/lib/python3.10/site-packages/airflow/example_dags/tutorial.py
[2025-04-09T09:05:46.422+0000] {processor.py:830} INFO - Processing file /home/airflow/.local/lib/python3.10/site-packages/airflow/example_dags/tutorial.py for tasks to queue
[2025-04-09T09:05:46.424+0000] {logging_mixin.py:188} INFO - [2025-04-09T09:05:46.424+0000] {dagbag.py:540} INFO - Filling up the DagBag from /home/airflow/.local/lib/python3.10/site-packages/airflow/example_dags/tutorial.py
[2025-04-09T09:05:46.433+0000] {processor.py:840} INFO - DAG(s) 'tutorial' retrieved from /home/airflow/.local/lib/python3.10/site-packages/airflow/example_dags/tutorial.py
[2025-04-09T09:05:46.463+0000] {logging_mixin.py:188} INFO - [2025-04-09T09:05:46.463+0000] {dag.py:3047} INFO - Sync 1 DAGs
[2025-04-09T09:05:46.490+0000] {logging_mixin.py:188} INFO - [2025-04-09T09:05:46.490+0000] {dag.py:3834} INFO - Setting next_dagrun for tutorial to 2025-04-08 00:00:00+00:00, run_after=2025-04-09 00:00:00+00:00
[2025-04-09T09:05:46.518+0000] {processor.py:183} INFO - Processing /home/airflow/.local/lib/python3.10/site-packages/airflow/example_dags/tutorial.py took 0.101 seconds
[2025-04-09T09:06:16.632+0000] {processor.py:161} INFO - Started process (PID=3572) to work on /home/airflow/.local/lib/python3.10/site-packages/airflow/example_dags/tutorial.py
[2025-04-09T09:06:16.634+0000] {processor.py:830} INFO - Processing file /home/airflow/.local/lib/python3.10/site-packages/airflow/example_dags/tutorial.py for tasks to queue
[2025-04-09T09:06:16.635+0000] {logging_mixin.py:188} INFO - [2025-04-09T09:06:16.634+0000] {dagbag.py:540} INFO - Filling up the DagBag from /home/airflow/.local/lib/python3.10/site-packages/airflow/example_dags/tutorial.py
[2025-04-09T09:06:16.644+0000] {processor.py:840} INFO - DAG(s) 'tutorial' retrieved from /home/airflow/.local/lib/python3.10/site-packages/airflow/example_dags/tutorial.py
[2025-04-09T09:06:16.671+0000] {logging_mixin.py:188} INFO - [2025-04-09T09:06:16.671+0000] {dag.py:3047} INFO - Sync 1 DAGs
[2025-04-09T09:06:16.697+0000] {logging_mixin.py:188} INFO - [2025-04-09T09:06:16.697+0000] {dag.py:3834} INFO - Setting next_dagrun for tutorial to 2025-04-08 00:00:00+00:00, run_after=2025-04-09 00:00:00+00:00
[2025-04-09T09:06:16.726+0000] {processor.py:183} INFO - Processing /home/airflow/.local/lib/python3.10/site-packages/airflow/example_dags/tutorial.py took 0.098 seconds
[2025-04-09T09:06:46.919+0000] {processor.py:161} INFO - Started process (PID=3633) to work on /home/airflow/.local/lib/python3.10/site-packages/airflow/example_dags/tutorial.py
[2025-04-09T09:06:46.921+0000] {processor.py:830} INFO - Processing file /home/airflow/.local/lib/python3.10/site-packages/airflow/example_dags/tutorial.py for tasks to queue
[2025-04-09T09:06:46.924+0000] {logging_mixin.py:188} INFO - [2025-04-09T09:06:46.923+0000] {dagbag.py:540} INFO - Filling up the DagBag from /home/airflow/.local/lib/python3.10/site-packages/airflow/example_dags/tutorial.py
[2025-04-09T09:06:46.938+0000] {processor.py:840} INFO - DAG(s) 'tutorial' retrieved from /home/airflow/.local/lib/python3.10/site-packages/airflow/example_dags/tutorial.py
[2025-04-09T09:06:46.974+0000] {logging_mixin.py:188} INFO - [2025-04-09T09:06:46.973+0000] {dag.py:3047} INFO - Sync 1 DAGs
[2025-04-09T09:06:47.005+0000] {logging_mixin.py:188} INFO - [2025-04-09T09:06:47.005+0000] {dag.py:3834} INFO - Setting next_dagrun for tutorial to 2025-04-08 00:00:00+00:00, run_after=2025-04-09 00:00:00+00:00
[2025-04-09T09:06:47.032+0000] {processor.py:183} INFO - Processing /home/airflow/.local/lib/python3.10/site-packages/airflow/example_dags/tutorial.py took 0.118 seconds
[2025-04-09T09:07:17.247+0000] {processor.py:161} INFO - Started process (PID=3700) to work on /home/airflow/.local/lib/python3.10/site-packages/airflow/example_dags/tutorial.py
[2025-04-09T09:07:17.249+0000] {processor.py:830} INFO - Processing file /home/airflow/.local/lib/python3.10/site-packages/airflow/example_dags/tutorial.py for tasks to queue
[2025-04-09T09:07:17.250+0000] {logging_mixin.py:188} INFO - [2025-04-09T09:07:17.249+0000] {dagbag.py:540} INFO - Filling up the DagBag from /home/airflow/.local/lib/python3.10/site-packages/airflow/example_dags/tutorial.py
[2025-04-09T09:07:17.259+0000] {processor.py:840} INFO - DAG(s) 'tutorial' retrieved from /home/airflow/.local/lib/python3.10/site-packages/airflow/example_dags/tutorial.py
[2025-04-09T09:07:17.290+0000] {logging_mixin.py:188} INFO - [2025-04-09T09:07:17.290+0000] {dag.py:3047} INFO - Sync 1 DAGs
[2025-04-09T09:07:17.360+0000] {logging_mixin.py:188} INFO - [2025-04-09T09:07:17.360+0000] {dag.py:3834} INFO - Setting next_dagrun for tutorial to 2025-04-08 00:00:00+00:00, run_after=2025-04-09 00:00:00+00:00
[2025-04-09T09:07:17.393+0000] {processor.py:183} INFO - Processing /home/airflow/.local/lib/python3.10/site-packages/airflow/example_dags/tutorial.py took 0.150 seconds
[2025-04-09T09:07:48.157+0000] {processor.py:161} INFO - Started process (PID=3762) to work on /home/airflow/.local/lib/python3.10/site-packages/airflow/example_dags/tutorial.py
[2025-04-09T09:07:48.160+0000] {processor.py:830} INFO - Processing file /home/airflow/.local/lib/python3.10/site-packages/airflow/example_dags/tutorial.py for tasks to queue
[2025-04-09T09:07:48.161+0000] {logging_mixin.py:188} INFO - [2025-04-09T09:07:48.161+0000] {dagbag.py:540} INFO - Filling up the DagBag from /home/airflow/.local/lib/python3.10/site-packages/airflow/example_dags/tutorial.py
[2025-04-09T09:07:48.170+0000] {processor.py:840} INFO - DAG(s) 'tutorial' retrieved from /home/airflow/.local/lib/python3.10/site-packages/airflow/example_dags/tutorial.py
[2025-04-09T09:07:48.196+0000] {logging_mixin.py:188} INFO - [2025-04-09T09:07:48.195+0000] {dag.py:3047} INFO - Sync 1 DAGs
[2025-04-09T09:07:48.226+0000] {logging_mixin.py:188} INFO - [2025-04-09T09:07:48.226+0000] {dag.py:3834} INFO - Setting next_dagrun for tutorial to 2025-04-08 00:00:00+00:00, run_after=2025-04-09 00:00:00+00:00
[2025-04-09T09:07:48.248+0000] {processor.py:183} INFO - Processing /home/airflow/.local/lib/python3.10/site-packages/airflow/example_dags/tutorial.py took 0.095 seconds
[2025-04-09T09:08:18.652+0000] {processor.py:161} INFO - Started process (PID=3824) to work on /home/airflow/.local/lib/python3.10/site-packages/airflow/example_dags/tutorial.py
[2025-04-09T09:08:18.654+0000] {processor.py:830} INFO - Processing file /home/airflow/.local/lib/python3.10/site-packages/airflow/example_dags/tutorial.py for tasks to queue
[2025-04-09T09:08:18.655+0000] {logging_mixin.py:188} INFO - [2025-04-09T09:08:18.655+0000] {dagbag.py:540} INFO - Filling up the DagBag from /home/airflow/.local/lib/python3.10/site-packages/airflow/example_dags/tutorial.py
[2025-04-09T09:08:18.665+0000] {processor.py:840} INFO - DAG(s) 'tutorial' retrieved from /home/airflow/.local/lib/python3.10/site-packages/airflow/example_dags/tutorial.py
[2025-04-09T09:08:18.690+0000] {logging_mixin.py:188} INFO - [2025-04-09T09:08:18.690+0000] {dag.py:3047} INFO - Sync 1 DAGs
[2025-04-09T09:08:18.718+0000] {logging_mixin.py:188} INFO - [2025-04-09T09:08:18.718+0000] {dag.py:3834} INFO - Setting next_dagrun for tutorial to 2025-04-08 00:00:00+00:00, run_after=2025-04-09 00:00:00+00:00
[2025-04-09T09:08:18.742+0000] {processor.py:183} INFO - Processing /home/airflow/.local/lib/python3.10/site-packages/airflow/example_dags/tutorial.py took 0.095 seconds
[2025-04-09T09:08:49.080+0000] {processor.py:161} INFO - Started process (PID=3886) to work on /home/airflow/.local/lib/python3.10/site-packages/airflow/example_dags/tutorial.py
[2025-04-09T09:08:49.082+0000] {processor.py:830} INFO - Processing file /home/airflow/.local/lib/python3.10/site-packages/airflow/example_dags/tutorial.py for tasks to queue
[2025-04-09T09:08:49.083+0000] {logging_mixin.py:188} INFO - [2025-04-09T09:08:49.083+0000] {dagbag.py:540} INFO - Filling up the DagBag from /home/airflow/.local/lib/python3.10/site-packages/airflow/example_dags/tutorial.py
[2025-04-09T09:08:49.090+0000] {processor.py:840} INFO - DAG(s) 'tutorial' retrieved from /home/airflow/.local/lib/python3.10/site-packages/airflow/example_dags/tutorial.py
[2025-04-09T09:08:49.114+0000] {logging_mixin.py:188} INFO - [2025-04-09T09:08:49.114+0000] {dag.py:3047} INFO - Sync 1 DAGs
[2025-04-09T09:08:49.137+0000] {logging_mixin.py:188} INFO - [2025-04-09T09:08:49.136+0000] {dag.py:3834} INFO - Setting next_dagrun for tutorial to 2025-04-08 00:00:00+00:00, run_after=2025-04-09 00:00:00+00:00
[2025-04-09T09:08:49.159+0000] {processor.py:183} INFO - Processing /home/airflow/.local/lib/python3.10/site-packages/airflow/example_dags/tutorial.py took 0.084 seconds
[2025-04-09T09:09:19.592+0000] {processor.py:161} INFO - Started process (PID=3948) to work on /home/airflow/.local/lib/python3.10/site-packages/airflow/example_dags/tutorial.py
[2025-04-09T09:09:19.594+0000] {processor.py:830} INFO - Processing file /home/airflow/.local/lib/python3.10/site-packages/airflow/example_dags/tutorial.py for tasks to queue
[2025-04-09T09:09:19.595+0000] {logging_mixin.py:188} INFO - [2025-04-09T09:09:19.594+0000] {dagbag.py:540} INFO - Filling up the DagBag from /home/airflow/.local/lib/python3.10/site-packages/airflow/example_dags/tutorial.py
[2025-04-09T09:09:19.604+0000] {processor.py:840} INFO - DAG(s) 'tutorial' retrieved from /home/airflow/.local/lib/python3.10/site-packages/airflow/example_dags/tutorial.py
[2025-04-09T09:09:19.627+0000] {logging_mixin.py:188} INFO - [2025-04-09T09:09:19.627+0000] {dag.py:3047} INFO - Sync 1 DAGs
[2025-04-09T09:09:19.651+0000] {logging_mixin.py:188} INFO - [2025-04-09T09:09:19.651+0000] {dag.py:3834} INFO - Setting next_dagrun for tutorial to 2025-04-08 00:00:00+00:00, run_after=2025-04-09 00:00:00+00:00
[2025-04-09T09:09:19.675+0000] {processor.py:183} INFO - Processing /home/airflow/.local/lib/python3.10/site-packages/airflow/example_dags/tutorial.py took 0.087 seconds
[2025-04-09T09:09:50.604+0000] {processor.py:161} INFO - Started process (PID=4010) to work on /home/airflow/.local/lib/python3.10/site-packages/airflow/example_dags/tutorial.py
[2025-04-09T09:09:50.606+0000] {processor.py:830} INFO - Processing file /home/airflow/.local/lib/python3.10/site-packages/airflow/example_dags/tutorial.py for tasks to queue
[2025-04-09T09:09:50.608+0000] {logging_mixin.py:188} INFO - [2025-04-09T09:09:50.608+0000] {dagbag.py:540} INFO - Filling up the DagBag from /home/airflow/.local/lib/python3.10/site-packages/airflow/example_dags/tutorial.py
[2025-04-09T09:09:50.623+0000] {processor.py:840} INFO - DAG(s) 'tutorial' retrieved from /home/airflow/.local/lib/python3.10/site-packages/airflow/example_dags/tutorial.py
[2025-04-09T09:09:50.657+0000] {logging_mixin.py:188} INFO - [2025-04-09T09:09:50.657+0000] {dag.py:3047} INFO - Sync 1 DAGs
[2025-04-09T09:09:50.698+0000] {logging_mixin.py:188} INFO - [2025-04-09T09:09:50.698+0000] {dag.py:3834} INFO - Setting next_dagrun for tutorial to 2025-04-08 00:00:00+00:00, run_after=2025-04-09 00:00:00+00:00
[2025-04-09T09:09:50.743+0000] {processor.py:183} INFO - Processing /home/airflow/.local/lib/python3.10/site-packages/airflow/example_dags/tutorial.py took 0.148 seconds
[2025-04-09T09:10:20.815+0000] {processor.py:161} INFO - Started process (PID=4072) to work on /home/airflow/.local/lib/python3.10/site-packages/airflow/example_dags/tutorial.py
[2025-04-09T09:10:20.816+0000] {processor.py:830} INFO - Processing file /home/airflow/.local/lib/python3.10/site-packages/airflow/example_dags/tutorial.py for tasks to queue
[2025-04-09T09:10:20.818+0000] {logging_mixin.py:188} INFO - [2025-04-09T09:10:20.817+0000] {dagbag.py:540} INFO - Filling up the DagBag from /home/airflow/.local/lib/python3.10/site-packages/airflow/example_dags/tutorial.py
[2025-04-09T09:10:20.828+0000] {processor.py:840} INFO - DAG(s) 'tutorial' retrieved from /home/airflow/.local/lib/python3.10/site-packages/airflow/example_dags/tutorial.py
[2025-04-09T09:10:20.851+0000] {logging_mixin.py:188} INFO - [2025-04-09T09:10:20.851+0000] {dag.py:3047} INFO - Sync 1 DAGs
[2025-04-09T09:10:20.879+0000] {logging_mixin.py:188} INFO - [2025-04-09T09:10:20.879+0000] {dag.py:3834} INFO - Setting next_dagrun for tutorial to 2025-04-08 00:00:00+00:00, run_after=2025-04-09 00:00:00+00:00
[2025-04-09T09:10:20.903+0000] {processor.py:183} INFO - Processing /home/airflow/.local/lib/python3.10/site-packages/airflow/example_dags/tutorial.py took 0.093 seconds
[2025-04-09T09:10:50.981+0000] {processor.py:161} INFO - Started process (PID=4134) to work on /home/airflow/.local/lib/python3.10/site-packages/airflow/example_dags/tutorial.py
[2025-04-09T09:10:50.982+0000] {processor.py:830} INFO - Processing file /home/airflow/.local/lib/python3.10/site-packages/airflow/example_dags/tutorial.py for tasks to queue
[2025-04-09T09:10:50.984+0000] {logging_mixin.py:188} INFO - [2025-04-09T09:10:50.983+0000] {dagbag.py:540} INFO - Filling up the DagBag from /home/airflow/.local/lib/python3.10/site-packages/airflow/example_dags/tutorial.py
[2025-04-09T09:10:50.993+0000] {processor.py:840} INFO - DAG(s) 'tutorial' retrieved from /home/airflow/.local/lib/python3.10/site-packages/airflow/example_dags/tutorial.py
[2025-04-09T09:10:51.019+0000] {logging_mixin.py:188} INFO - [2025-04-09T09:10:51.019+0000] {dag.py:3047} INFO - Sync 1 DAGs
[2025-04-09T09:10:51.047+0000] {logging_mixin.py:188} INFO - [2025-04-09T09:10:51.047+0000] {dag.py:3834} INFO - Setting next_dagrun for tutorial to 2025-04-08 00:00:00+00:00, run_after=2025-04-09 00:00:00+00:00
[2025-04-09T09:10:51.070+0000] {processor.py:183} INFO - Processing /home/airflow/.local/lib/python3.10/site-packages/airflow/example_dags/tutorial.py took 0.093 seconds
[2025-04-09T09:11:21.340+0000] {processor.py:161} INFO - Started process (PID=4194) to work on /home/airflow/.local/lib/python3.10/site-packages/airflow/example_dags/tutorial.py
[2025-04-09T09:11:21.341+0000] {processor.py:830} INFO - Processing file /home/airflow/.local/lib/python3.10/site-packages/airflow/example_dags/tutorial.py for tasks to queue
[2025-04-09T09:11:21.343+0000] {logging_mixin.py:188} INFO - [2025-04-09T09:11:21.342+0000] {dagbag.py:540} INFO - Filling up the DagBag from /home/airflow/.local/lib/python3.10/site-packages/airflow/example_dags/tutorial.py
[2025-04-09T09:11:21.351+0000] {processor.py:840} INFO - DAG(s) 'tutorial' retrieved from /home/airflow/.local/lib/python3.10/site-packages/airflow/example_dags/tutorial.py
[2025-04-09T09:11:21.377+0000] {logging_mixin.py:188} INFO - [2025-04-09T09:11:21.377+0000] {dag.py:3047} INFO - Sync 1 DAGs
[2025-04-09T09:11:21.402+0000] {logging_mixin.py:188} INFO - [2025-04-09T09:11:21.401+0000] {dag.py:3834} INFO - Setting next_dagrun for tutorial to 2025-04-08 00:00:00+00:00, run_after=2025-04-09 00:00:00+00:00
[2025-04-09T09:11:21.434+0000] {processor.py:183} INFO - Processing /home/airflow/.local/lib/python3.10/site-packages/airflow/example_dags/tutorial.py took 0.098 seconds
[2025-04-09T09:11:51.732+0000] {processor.py:161} INFO - Started process (PID=4253) to work on /home/airflow/.local/lib/python3.10/site-packages/airflow/example_dags/tutorial.py
[2025-04-09T09:11:51.734+0000] {processor.py:830} INFO - Processing file /home/airflow/.local/lib/python3.10/site-packages/airflow/example_dags/tutorial.py for tasks to queue
[2025-04-09T09:11:51.736+0000] {logging_mixin.py:188} INFO - [2025-04-09T09:11:51.735+0000] {dagbag.py:540} INFO - Filling up the DagBag from /home/airflow/.local/lib/python3.10/site-packages/airflow/example_dags/tutorial.py
[2025-04-09T09:11:51.750+0000] {processor.py:840} INFO - DAG(s) 'tutorial' retrieved from /home/airflow/.local/lib/python3.10/site-packages/airflow/example_dags/tutorial.py
[2025-04-09T09:11:51.782+0000] {logging_mixin.py:188} INFO - [2025-04-09T09:11:51.781+0000] {dag.py:3047} INFO - Sync 1 DAGs
[2025-04-09T09:11:51.816+0000] {logging_mixin.py:188} INFO - [2025-04-09T09:11:51.816+0000] {dag.py:3834} INFO - Setting next_dagrun for tutorial to 2025-04-08 00:00:00+00:00, run_after=2025-04-09 00:00:00+00:00
[2025-04-09T09:11:51.846+0000] {processor.py:183} INFO - Processing /home/airflow/.local/lib/python3.10/site-packages/airflow/example_dags/tutorial.py took 0.119 seconds
[2025-04-09T09:12:22.192+0000] {processor.py:161} INFO - Started process (PID=4319) to work on /home/airflow/.local/lib/python3.10/site-packages/airflow/example_dags/tutorial.py
[2025-04-09T09:12:22.194+0000] {processor.py:830} INFO - Processing file /home/airflow/.local/lib/python3.10/site-packages/airflow/example_dags/tutorial.py for tasks to queue
[2025-04-09T09:12:22.196+0000] {logging_mixin.py:188} INFO - [2025-04-09T09:12:22.195+0000] {dagbag.py:540} INFO - Filling up the DagBag from /home/airflow/.local/lib/python3.10/site-packages/airflow/example_dags/tutorial.py
[2025-04-09T09:12:22.208+0000] {processor.py:840} INFO - DAG(s) 'tutorial' retrieved from /home/airflow/.local/lib/python3.10/site-packages/airflow/example_dags/tutorial.py
[2025-04-09T09:12:22.234+0000] {logging_mixin.py:188} INFO - [2025-04-09T09:12:22.234+0000] {dag.py:3047} INFO - Sync 1 DAGs
[2025-04-09T09:12:22.262+0000] {logging_mixin.py:188} INFO - [2025-04-09T09:12:22.261+0000] {dag.py:3834} INFO - Setting next_dagrun for tutorial to 2025-04-08 00:00:00+00:00, run_after=2025-04-09 00:00:00+00:00
[2025-04-09T09:12:22.290+0000] {processor.py:183} INFO - Processing /home/airflow/.local/lib/python3.10/site-packages/airflow/example_dags/tutorial.py took 0.103 seconds
[2025-04-09T09:12:52.575+0000] {processor.py:161} INFO - Started process (PID=4377) to work on /home/airflow/.local/lib/python3.10/site-packages/airflow/example_dags/tutorial.py
[2025-04-09T09:12:52.576+0000] {processor.py:830} INFO - Processing file /home/airflow/.local/lib/python3.10/site-packages/airflow/example_dags/tutorial.py for tasks to queue
[2025-04-09T09:12:52.578+0000] {logging_mixin.py:188} INFO - [2025-04-09T09:12:52.577+0000] {dagbag.py:540} INFO - Filling up the DagBag from /home/airflow/.local/lib/python3.10/site-packages/airflow/example_dags/tutorial.py
[2025-04-09T09:12:52.587+0000] {processor.py:840} INFO - DAG(s) 'tutorial' retrieved from /home/airflow/.local/lib/python3.10/site-packages/airflow/example_dags/tutorial.py
[2025-04-09T09:12:52.612+0000] {logging_mixin.py:188} INFO - [2025-04-09T09:12:52.611+0000] {dag.py:3047} INFO - Sync 1 DAGs
[2025-04-09T09:12:52.642+0000] {logging_mixin.py:188} INFO - [2025-04-09T09:12:52.642+0000] {dag.py:3834} INFO - Setting next_dagrun for tutorial to 2025-04-08 00:00:00+00:00, run_after=2025-04-09 00:00:00+00:00
[2025-04-09T09:12:52.667+0000] {processor.py:183} INFO - Processing /home/airflow/.local/lib/python3.10/site-packages/airflow/example_dags/tutorial.py took 0.096 seconds
[2025-04-09T09:13:22.986+0000] {processor.py:161} INFO - Started process (PID=4438) to work on /home/airflow/.local/lib/python3.10/site-packages/airflow/example_dags/tutorial.py
[2025-04-09T09:13:22.987+0000] {processor.py:830} INFO - Processing file /home/airflow/.local/lib/python3.10/site-packages/airflow/example_dags/tutorial.py for tasks to queue
[2025-04-09T09:13:22.989+0000] {logging_mixin.py:188} INFO - [2025-04-09T09:13:22.988+0000] {dagbag.py:540} INFO - Filling up the DagBag from /home/airflow/.local/lib/python3.10/site-packages/airflow/example_dags/tutorial.py
[2025-04-09T09:13:22.997+0000] {processor.py:840} INFO - DAG(s) 'tutorial' retrieved from /home/airflow/.local/lib/python3.10/site-packages/airflow/example_dags/tutorial.py
[2025-04-09T09:13:23.021+0000] {logging_mixin.py:188} INFO - [2025-04-09T09:13:23.020+0000] {dag.py:3047} INFO - Sync 1 DAGs
[2025-04-09T09:13:23.047+0000] {logging_mixin.py:188} INFO - [2025-04-09T09:13:23.046+0000] {dag.py:3834} INFO - Setting next_dagrun for tutorial to 2025-04-08 00:00:00+00:00, run_after=2025-04-09 00:00:00+00:00
[2025-04-09T09:13:23.071+0000] {processor.py:183} INFO - Processing /home/airflow/.local/lib/python3.10/site-packages/airflow/example_dags/tutorial.py took 0.089 seconds
[2025-04-09T09:13:53.387+0000] {processor.py:161} INFO - Started process (PID=4500) to work on /home/airflow/.local/lib/python3.10/site-packages/airflow/example_dags/tutorial.py
[2025-04-09T09:13:53.388+0000] {processor.py:830} INFO - Processing file /home/airflow/.local/lib/python3.10/site-packages/airflow/example_dags/tutorial.py for tasks to queue
[2025-04-09T09:13:53.389+0000] {logging_mixin.py:188} INFO - [2025-04-09T09:13:53.389+0000] {dagbag.py:540} INFO - Filling up the DagBag from /home/airflow/.local/lib/python3.10/site-packages/airflow/example_dags/tutorial.py
[2025-04-09T09:13:53.400+0000] {processor.py:840} INFO - DAG(s) 'tutorial' retrieved from /home/airflow/.local/lib/python3.10/site-packages/airflow/example_dags/tutorial.py
[2025-04-09T09:13:53.432+0000] {logging_mixin.py:188} INFO - [2025-04-09T09:13:53.431+0000] {dag.py:3047} INFO - Sync 1 DAGs
[2025-04-09T09:13:53.467+0000] {logging_mixin.py:188} INFO - [2025-04-09T09:13:53.467+0000] {dag.py:3834} INFO - Setting next_dagrun for tutorial to 2025-04-08 00:00:00+00:00, run_after=2025-04-09 00:00:00+00:00
[2025-04-09T09:13:53.494+0000] {processor.py:183} INFO - Processing /home/airflow/.local/lib/python3.10/site-packages/airflow/example_dags/tutorial.py took 0.112 seconds
[2025-04-09T09:14:23.988+0000] {processor.py:161} INFO - Started process (PID=4562) to work on /home/airflow/.local/lib/python3.10/site-packages/airflow/example_dags/tutorial.py
[2025-04-09T09:14:23.991+0000] {processor.py:830} INFO - Processing file /home/airflow/.local/lib/python3.10/site-packages/airflow/example_dags/tutorial.py for tasks to queue
[2025-04-09T09:14:23.993+0000] {logging_mixin.py:188} INFO - [2025-04-09T09:14:23.992+0000] {dagbag.py:540} INFO - Filling up the DagBag from /home/airflow/.local/lib/python3.10/site-packages/airflow/example_dags/tutorial.py
[2025-04-09T09:14:24.007+0000] {processor.py:840} INFO - DAG(s) 'tutorial' retrieved from /home/airflow/.local/lib/python3.10/site-packages/airflow/example_dags/tutorial.py
[2025-04-09T09:14:24.043+0000] {logging_mixin.py:188} INFO - [2025-04-09T09:14:24.042+0000] {dag.py:3047} INFO - Sync 1 DAGs
[2025-04-09T09:14:24.088+0000] {logging_mixin.py:188} INFO - [2025-04-09T09:14:24.087+0000] {dag.py:3834} INFO - Setting next_dagrun for tutorial to 2025-04-08 00:00:00+00:00, run_after=2025-04-09 00:00:00+00:00
[2025-04-09T09:14:24.135+0000] {processor.py:183} INFO - Processing /home/airflow/.local/lib/python3.10/site-packages/airflow/example_dags/tutorial.py took 0.152 seconds
[2025-04-09T09:14:54.534+0000] {processor.py:161} INFO - Started process (PID=4624) to work on /home/airflow/.local/lib/python3.10/site-packages/airflow/example_dags/tutorial.py
[2025-04-09T09:14:54.536+0000] {processor.py:830} INFO - Processing file /home/airflow/.local/lib/python3.10/site-packages/airflow/example_dags/tutorial.py for tasks to queue
[2025-04-09T09:14:54.537+0000] {logging_mixin.py:188} INFO - [2025-04-09T09:14:54.536+0000] {dagbag.py:540} INFO - Filling up the DagBag from /home/airflow/.local/lib/python3.10/site-packages/airflow/example_dags/tutorial.py
[2025-04-09T09:14:54.546+0000] {processor.py:840} INFO - DAG(s) 'tutorial' retrieved from /home/airflow/.local/lib/python3.10/site-packages/airflow/example_dags/tutorial.py
[2025-04-09T09:14:54.569+0000] {logging_mixin.py:188} INFO - [2025-04-09T09:14:54.568+0000] {dag.py:3047} INFO - Sync 1 DAGs
[2025-04-09T09:14:54.594+0000] {logging_mixin.py:188} INFO - [2025-04-09T09:14:54.593+0000] {dag.py:3834} INFO - Setting next_dagrun for tutorial to 2025-04-08 00:00:00+00:00, run_after=2025-04-09 00:00:00+00:00
[2025-04-09T09:14:54.621+0000] {processor.py:183} INFO - Processing /home/airflow/.local/lib/python3.10/site-packages/airflow/example_dags/tutorial.py took 0.090 seconds
[2025-04-09T09:15:24.959+0000] {processor.py:161} INFO - Started process (PID=4686) to work on /home/airflow/.local/lib/python3.10/site-packages/airflow/example_dags/tutorial.py
[2025-04-09T09:15:24.960+0000] {processor.py:830} INFO - Processing file /home/airflow/.local/lib/python3.10/site-packages/airflow/example_dags/tutorial.py for tasks to queue
[2025-04-09T09:15:24.961+0000] {logging_mixin.py:188} INFO - [2025-04-09T09:15:24.961+0000] {dagbag.py:540} INFO - Filling up the DagBag from /home/airflow/.local/lib/python3.10/site-packages/airflow/example_dags/tutorial.py
[2025-04-09T09:15:24.970+0000] {processor.py:840} INFO - DAG(s) 'tutorial' retrieved from /home/airflow/.local/lib/python3.10/site-packages/airflow/example_dags/tutorial.py
[2025-04-09T09:15:24.995+0000] {logging_mixin.py:188} INFO - [2025-04-09T09:15:24.995+0000] {dag.py:3047} INFO - Sync 1 DAGs
[2025-04-09T09:15:25.024+0000] {logging_mixin.py:188} INFO - [2025-04-09T09:15:25.023+0000] {dag.py:3834} INFO - Setting next_dagrun for tutorial to 2025-04-08 00:00:00+00:00, run_after=2025-04-09 00:00:00+00:00
[2025-04-09T09:15:25.051+0000] {processor.py:183} INFO - Processing /home/airflow/.local/lib/python3.10/site-packages/airflow/example_dags/tutorial.py took 0.096 seconds
[2025-04-09T09:15:55.752+0000] {processor.py:161} INFO - Started process (PID=4748) to work on /home/airflow/.local/lib/python3.10/site-packages/airflow/example_dags/tutorial.py
[2025-04-09T09:15:55.754+0000] {processor.py:830} INFO - Processing file /home/airflow/.local/lib/python3.10/site-packages/airflow/example_dags/tutorial.py for tasks to queue
[2025-04-09T09:15:55.756+0000] {logging_mixin.py:188} INFO - [2025-04-09T09:15:55.756+0000] {dagbag.py:540} INFO - Filling up the DagBag from /home/airflow/.local/lib/python3.10/site-packages/airflow/example_dags/tutorial.py
[2025-04-09T09:15:55.766+0000] {processor.py:840} INFO - DAG(s) 'tutorial' retrieved from /home/airflow/.local/lib/python3.10/site-packages/airflow/example_dags/tutorial.py
[2025-04-09T09:15:55.802+0000] {logging_mixin.py:188} INFO - [2025-04-09T09:15:55.801+0000] {dag.py:3047} INFO - Sync 1 DAGs
[2025-04-09T09:15:55.837+0000] {logging_mixin.py:188} INFO - [2025-04-09T09:15:55.836+0000] {dag.py:3834} INFO - Setting next_dagrun for tutorial to 2025-04-08 00:00:00+00:00, run_after=2025-04-09 00:00:00+00:00
[2025-04-09T09:15:55.867+0000] {processor.py:183} INFO - Processing /home/airflow/.local/lib/python3.10/site-packages/airflow/example_dags/tutorial.py took 0.119 seconds
[2025-04-09T09:16:26.314+0000] {processor.py:161} INFO - Started process (PID=4810) to work on /home/airflow/.local/lib/python3.10/site-packages/airflow/example_dags/tutorial.py
[2025-04-09T09:16:26.316+0000] {processor.py:830} INFO - Processing file /home/airflow/.local/lib/python3.10/site-packages/airflow/example_dags/tutorial.py for tasks to queue
[2025-04-09T09:16:26.317+0000] {logging_mixin.py:188} INFO - [2025-04-09T09:16:26.317+0000] {dagbag.py:540} INFO - Filling up the DagBag from /home/airflow/.local/lib/python3.10/site-packages/airflow/example_dags/tutorial.py
[2025-04-09T09:16:26.327+0000] {processor.py:840} INFO - DAG(s) 'tutorial' retrieved from /home/airflow/.local/lib/python3.10/site-packages/airflow/example_dags/tutorial.py
[2025-04-09T09:16:26.352+0000] {logging_mixin.py:188} INFO - [2025-04-09T09:16:26.352+0000] {dag.py:3047} INFO - Sync 1 DAGs
[2025-04-09T09:16:26.378+0000] {logging_mixin.py:188} INFO - [2025-04-09T09:16:26.378+0000] {dag.py:3834} INFO - Setting next_dagrun for tutorial to 2025-04-08 00:00:00+00:00, run_after=2025-04-09 00:00:00+00:00
[2025-04-09T09:16:26.403+0000] {processor.py:183} INFO - Processing /home/airflow/.local/lib/python3.10/site-packages/airflow/example_dags/tutorial.py took 0.094 seconds
[2025-04-09T09:16:56.862+0000] {processor.py:161} INFO - Started process (PID=4872) to work on /home/airflow/.local/lib/python3.10/site-packages/airflow/example_dags/tutorial.py
[2025-04-09T09:16:56.864+0000] {processor.py:830} INFO - Processing file /home/airflow/.local/lib/python3.10/site-packages/airflow/example_dags/tutorial.py for tasks to queue
[2025-04-09T09:16:56.865+0000] {logging_mixin.py:188} INFO - [2025-04-09T09:16:56.865+0000] {dagbag.py:540} INFO - Filling up the DagBag from /home/airflow/.local/lib/python3.10/site-packages/airflow/example_dags/tutorial.py
[2025-04-09T09:16:56.874+0000] {processor.py:840} INFO - DAG(s) 'tutorial' retrieved from /home/airflow/.local/lib/python3.10/site-packages/airflow/example_dags/tutorial.py
[2025-04-09T09:16:56.903+0000] {logging_mixin.py:188} INFO - [2025-04-09T09:16:56.903+0000] {dag.py:3047} INFO - Sync 1 DAGs
[2025-04-09T09:16:56.931+0000] {logging_mixin.py:188} INFO - [2025-04-09T09:16:56.931+0000] {dag.py:3834} INFO - Setting next_dagrun for tutorial to 2025-04-08 00:00:00+00:00, run_after=2025-04-09 00:00:00+00:00
[2025-04-09T09:16:56.957+0000] {processor.py:183} INFO - Processing /home/airflow/.local/lib/python3.10/site-packages/airflow/example_dags/tutorial.py took 0.100 seconds
[2025-04-09T09:17:27.301+0000] {processor.py:161} INFO - Started process (PID=4940) to work on /home/airflow/.local/lib/python3.10/site-packages/airflow/example_dags/tutorial.py
[2025-04-09T09:17:27.303+0000] {processor.py:830} INFO - Processing file /home/airflow/.local/lib/python3.10/site-packages/airflow/example_dags/tutorial.py for tasks to queue
[2025-04-09T09:17:27.304+0000] {logging_mixin.py:188} INFO - [2025-04-09T09:17:27.304+0000] {dagbag.py:540} INFO - Filling up the DagBag from /home/airflow/.local/lib/python3.10/site-packages/airflow/example_dags/tutorial.py
[2025-04-09T09:17:27.313+0000] {processor.py:840} INFO - DAG(s) 'tutorial' retrieved from /home/airflow/.local/lib/python3.10/site-packages/airflow/example_dags/tutorial.py
[2025-04-09T09:17:27.337+0000] {logging_mixin.py:188} INFO - [2025-04-09T09:17:27.337+0000] {dag.py:3047} INFO - Sync 1 DAGs
[2025-04-09T09:17:27.365+0000] {logging_mixin.py:188} INFO - [2025-04-09T09:17:27.364+0000] {dag.py:3834} INFO - Setting next_dagrun for tutorial to 2025-04-08 00:00:00+00:00, run_after=2025-04-09 00:00:00+00:00
[2025-04-09T09:17:27.389+0000] {processor.py:183} INFO - Processing /home/airflow/.local/lib/python3.10/site-packages/airflow/example_dags/tutorial.py took 0.091 seconds
