[2025-04-08T10:10:45.874+0000] {processor.py:161} INFO - Started process (PID=102) to work on /home/airflow/.local/lib/python3.10/site-packages/airflow/example_dags/example_latest_only.py
[2025-04-08T10:10:45.875+0000] {processor.py:830} INFO - Processing file /home/airflow/.local/lib/python3.10/site-packages/airflow/example_dags/example_latest_only.py for tasks to queue
[2025-04-08T10:10:45.878+0000] {logging_mixin.py:188} INFO - [2025-04-08T10:10:45.878+0000] {dagbag.py:540} INFO - Filling up the DagBag from /home/airflow/.local/lib/python3.10/site-packages/airflow/example_dags/example_latest_only.py
[2025-04-08T10:10:45.894+0000] {processor.py:840} INFO - DAG(s) 'latest_only' retrieved from /home/airflow/.local/lib/python3.10/site-packages/airflow/example_dags/example_latest_only.py
[2025-04-08T10:10:45.938+0000] {logging_mixin.py:188} INFO - [2025-04-08T10:10:45.938+0000] {dag.py:3047} INFO - Sync 1 DAGs
[2025-04-08T10:10:45.981+0000] {logging_mixin.py:188} INFO - [2025-04-08T10:10:45.981+0000] {dag.py:3834} INFO - Setting next_dagrun for latest_only to 2025-04-08 04:00:00+00:00, run_after=2025-04-08 08:00:00+00:00
[2025-04-08T10:10:46.019+0000] {processor.py:183} INFO - Processing /home/airflow/.local/lib/python3.10/site-packages/airflow/example_dags/example_latest_only.py took 0.151 seconds
[2025-04-08T10:11:16.509+0000] {processor.py:161} INFO - Started process (PID=164) to work on /home/airflow/.local/lib/python3.10/site-packages/airflow/example_dags/example_latest_only.py
[2025-04-08T10:11:16.510+0000] {processor.py:830} INFO - Processing file /home/airflow/.local/lib/python3.10/site-packages/airflow/example_dags/example_latest_only.py for tasks to queue
[2025-04-08T10:11:16.513+0000] {logging_mixin.py:188} INFO - [2025-04-08T10:11:16.512+0000] {dagbag.py:540} INFO - Filling up the DagBag from /home/airflow/.local/lib/python3.10/site-packages/airflow/example_dags/example_latest_only.py
[2025-04-08T10:11:16.518+0000] {processor.py:840} INFO - DAG(s) 'latest_only' retrieved from /home/airflow/.local/lib/python3.10/site-packages/airflow/example_dags/example_latest_only.py
[2025-04-08T10:11:16.541+0000] {logging_mixin.py:188} INFO - [2025-04-08T10:11:16.540+0000] {dag.py:3047} INFO - Sync 1 DAGs
[2025-04-08T10:11:16.566+0000] {logging_mixin.py:188} INFO - [2025-04-08T10:11:16.566+0000] {dag.py:3834} INFO - Setting next_dagrun for latest_only to 2025-04-08 04:00:00+00:00, run_after=2025-04-08 08:00:00+00:00
[2025-04-08T10:11:16.588+0000] {processor.py:183} INFO - Processing /home/airflow/.local/lib/python3.10/site-packages/airflow/example_dags/example_latest_only.py took 0.082 seconds
[2025-04-08T10:11:47.429+0000] {processor.py:161} INFO - Started process (PID=226) to work on /home/airflow/.local/lib/python3.10/site-packages/airflow/example_dags/example_latest_only.py
[2025-04-08T10:11:47.431+0000] {processor.py:830} INFO - Processing file /home/airflow/.local/lib/python3.10/site-packages/airflow/example_dags/example_latest_only.py for tasks to queue
[2025-04-08T10:11:47.433+0000] {logging_mixin.py:188} INFO - [2025-04-08T10:11:47.433+0000] {dagbag.py:540} INFO - Filling up the DagBag from /home/airflow/.local/lib/python3.10/site-packages/airflow/example_dags/example_latest_only.py
[2025-04-08T10:11:47.439+0000] {processor.py:840} INFO - DAG(s) 'latest_only' retrieved from /home/airflow/.local/lib/python3.10/site-packages/airflow/example_dags/example_latest_only.py
[2025-04-08T10:11:47.464+0000] {logging_mixin.py:188} INFO - [2025-04-08T10:11:47.464+0000] {dag.py:3047} INFO - Sync 1 DAGs
[2025-04-08T10:11:47.491+0000] {logging_mixin.py:188} INFO - [2025-04-08T10:11:47.490+0000] {dag.py:3834} INFO - Setting next_dagrun for latest_only to 2025-04-08 04:00:00+00:00, run_after=2025-04-08 08:00:00+00:00
[2025-04-08T10:11:47.518+0000] {processor.py:183} INFO - Processing /home/airflow/.local/lib/python3.10/site-packages/airflow/example_dags/example_latest_only.py took 0.092 seconds
[2025-04-08T10:12:18.191+0000] {processor.py:161} INFO - Started process (PID=288) to work on /home/airflow/.local/lib/python3.10/site-packages/airflow/example_dags/example_latest_only.py
[2025-04-08T10:12:18.192+0000] {processor.py:830} INFO - Processing file /home/airflow/.local/lib/python3.10/site-packages/airflow/example_dags/example_latest_only.py for tasks to queue
[2025-04-08T10:12:18.194+0000] {logging_mixin.py:188} INFO - [2025-04-08T10:12:18.194+0000] {dagbag.py:540} INFO - Filling up the DagBag from /home/airflow/.local/lib/python3.10/site-packages/airflow/example_dags/example_latest_only.py
[2025-04-08T10:12:18.200+0000] {processor.py:840} INFO - DAG(s) 'latest_only' retrieved from /home/airflow/.local/lib/python3.10/site-packages/airflow/example_dags/example_latest_only.py
[2025-04-08T10:12:18.223+0000] {logging_mixin.py:188} INFO - [2025-04-08T10:12:18.223+0000] {dag.py:3047} INFO - Sync 1 DAGs
[2025-04-08T10:12:18.250+0000] {logging_mixin.py:188} INFO - [2025-04-08T10:12:18.249+0000] {dag.py:3834} INFO - Setting next_dagrun for latest_only to 2025-04-08 04:00:00+00:00, run_after=2025-04-08 08:00:00+00:00
[2025-04-08T10:12:18.275+0000] {processor.py:183} INFO - Processing /home/airflow/.local/lib/python3.10/site-packages/airflow/example_dags/example_latest_only.py took 0.089 seconds
[2025-04-08T10:12:49.003+0000] {processor.py:161} INFO - Started process (PID=350) to work on /home/airflow/.local/lib/python3.10/site-packages/airflow/example_dags/example_latest_only.py
[2025-04-08T10:12:49.005+0000] {processor.py:830} INFO - Processing file /home/airflow/.local/lib/python3.10/site-packages/airflow/example_dags/example_latest_only.py for tasks to queue
[2025-04-08T10:12:49.007+0000] {logging_mixin.py:188} INFO - [2025-04-08T10:12:49.007+0000] {dagbag.py:540} INFO - Filling up the DagBag from /home/airflow/.local/lib/python3.10/site-packages/airflow/example_dags/example_latest_only.py
[2025-04-08T10:12:49.012+0000] {processor.py:840} INFO - DAG(s) 'latest_only' retrieved from /home/airflow/.local/lib/python3.10/site-packages/airflow/example_dags/example_latest_only.py
[2025-04-08T10:12:49.041+0000] {logging_mixin.py:188} INFO - [2025-04-08T10:12:49.040+0000] {dag.py:3047} INFO - Sync 1 DAGs
[2025-04-08T10:12:49.074+0000] {logging_mixin.py:188} INFO - [2025-04-08T10:12:49.073+0000] {dag.py:3834} INFO - Setting next_dagrun for latest_only to 2025-04-08 04:00:00+00:00, run_after=2025-04-08 08:00:00+00:00
[2025-04-08T10:12:49.104+0000] {processor.py:183} INFO - Processing /home/airflow/.local/lib/python3.10/site-packages/airflow/example_dags/example_latest_only.py took 0.105 seconds
[2025-04-08T10:13:19.560+0000] {processor.py:161} INFO - Started process (PID=412) to work on /home/airflow/.local/lib/python3.10/site-packages/airflow/example_dags/example_latest_only.py
[2025-04-08T10:13:19.561+0000] {processor.py:830} INFO - Processing file /home/airflow/.local/lib/python3.10/site-packages/airflow/example_dags/example_latest_only.py for tasks to queue
[2025-04-08T10:13:19.563+0000] {logging_mixin.py:188} INFO - [2025-04-08T10:13:19.563+0000] {dagbag.py:540} INFO - Filling up the DagBag from /home/airflow/.local/lib/python3.10/site-packages/airflow/example_dags/example_latest_only.py
[2025-04-08T10:13:19.569+0000] {processor.py:840} INFO - DAG(s) 'latest_only' retrieved from /home/airflow/.local/lib/python3.10/site-packages/airflow/example_dags/example_latest_only.py
[2025-04-08T10:13:19.589+0000] {logging_mixin.py:188} INFO - [2025-04-08T10:13:19.588+0000] {dag.py:3047} INFO - Sync 1 DAGs
[2025-04-08T10:13:19.611+0000] {logging_mixin.py:188} INFO - [2025-04-08T10:13:19.611+0000] {dag.py:3834} INFO - Setting next_dagrun for latest_only to 2025-04-08 04:00:00+00:00, run_after=2025-04-08 08:00:00+00:00
[2025-04-08T10:13:19.632+0000] {processor.py:183} INFO - Processing /home/airflow/.local/lib/python3.10/site-packages/airflow/example_dags/example_latest_only.py took 0.076 seconds
[2025-04-08T10:13:50.024+0000] {processor.py:161} INFO - Started process (PID=474) to work on /home/airflow/.local/lib/python3.10/site-packages/airflow/example_dags/example_latest_only.py
[2025-04-08T10:13:50.025+0000] {processor.py:830} INFO - Processing file /home/airflow/.local/lib/python3.10/site-packages/airflow/example_dags/example_latest_only.py for tasks to queue
[2025-04-08T10:13:50.027+0000] {logging_mixin.py:188} INFO - [2025-04-08T10:13:50.027+0000] {dagbag.py:540} INFO - Filling up the DagBag from /home/airflow/.local/lib/python3.10/site-packages/airflow/example_dags/example_latest_only.py
[2025-04-08T10:13:50.032+0000] {processor.py:840} INFO - DAG(s) 'latest_only' retrieved from /home/airflow/.local/lib/python3.10/site-packages/airflow/example_dags/example_latest_only.py
[2025-04-08T10:13:50.055+0000] {logging_mixin.py:188} INFO - [2025-04-08T10:13:50.054+0000] {dag.py:3047} INFO - Sync 1 DAGs
[2025-04-08T10:13:50.076+0000] {logging_mixin.py:188} INFO - [2025-04-08T10:13:50.076+0000] {dag.py:3834} INFO - Setting next_dagrun for latest_only to 2025-04-08 04:00:00+00:00, run_after=2025-04-08 08:00:00+00:00
[2025-04-08T10:13:50.095+0000] {processor.py:183} INFO - Processing /home/airflow/.local/lib/python3.10/site-packages/airflow/example_dags/example_latest_only.py took 0.075 seconds
