[2025-04-08T10:10:45.990+0000] {processor.py:161} INFO - Started process (PID=103) to work on /home/airflow/.local/lib/python3.10/site-packages/airflow/example_dags/example_python_decorator.py
[2025-04-08T10:10:45.993+0000] {processor.py:830} INFO - Processing file /home/airflow/.local/lib/python3.10/site-packages/airflow/example_dags/example_python_decorator.py for tasks to queue
[2025-04-08T10:10:45.996+0000] {logging_mixin.py:188} INFO - [2025-04-08T10:10:45.996+0000] {dagbag.py:540} INFO - Filling up the DagBag from /home/airflow/.local/lib/python3.10/site-packages/airflow/example_dags/example_python_decorator.py
[2025-04-08T10:10:46.037+0000] {processor.py:840} INFO - DAG(s) 'example_python_decorator' retrieved from /home/airflow/.local/lib/python3.10/site-packages/airflow/example_dags/example_python_decorator.py
[2025-04-08T10:10:46.231+0000] {logging_mixin.py:188} INFO - [2025-04-08T10:10:46.230+0000] {dag.py:3047} INFO - Sync 1 DAGs
[2025-04-08T10:10:46.251+0000] {logging_mixin.py:188} INFO - [2025-04-08T10:10:46.250+0000] {dag.py:3834} INFO - Setting next_dagrun for example_python_decorator to None, run_after=None
[2025-04-08T10:10:46.288+0000] {processor.py:183} INFO - Processing /home/airflow/.local/lib/python3.10/site-packages/airflow/example_dags/example_python_decorator.py took 0.304 seconds
[2025-04-08T10:11:16.585+0000] {processor.py:161} INFO - Started process (PID=165) to work on /home/airflow/.local/lib/python3.10/site-packages/airflow/example_dags/example_python_decorator.py
[2025-04-08T10:11:16.585+0000] {processor.py:830} INFO - Processing file /home/airflow/.local/lib/python3.10/site-packages/airflow/example_dags/example_python_decorator.py for tasks to queue
[2025-04-08T10:11:16.587+0000] {logging_mixin.py:188} INFO - [2025-04-08T10:11:16.587+0000] {dagbag.py:540} INFO - Filling up the DagBag from /home/airflow/.local/lib/python3.10/site-packages/airflow/example_dags/example_python_decorator.py
[2025-04-08T10:11:16.601+0000] {processor.py:840} INFO - DAG(s) 'example_python_decorator' retrieved from /home/airflow/.local/lib/python3.10/site-packages/airflow/example_dags/example_python_decorator.py
[2025-04-08T10:11:16.624+0000] {logging_mixin.py:188} INFO - [2025-04-08T10:11:16.623+0000] {dag.py:3047} INFO - Sync 1 DAGs
[2025-04-08T10:11:16.635+0000] {logging_mixin.py:188} INFO - [2025-04-08T10:11:16.634+0000] {dag.py:3834} INFO - Setting next_dagrun for example_python_decorator to None, run_after=None
[2025-04-08T10:11:16.655+0000] {processor.py:183} INFO - Processing /home/airflow/.local/lib/python3.10/site-packages/airflow/example_dags/example_python_decorator.py took 0.075 seconds
[2025-04-08T10:11:47.521+0000] {processor.py:161} INFO - Started process (PID=227) to work on /home/airflow/.local/lib/python3.10/site-packages/airflow/example_dags/example_python_decorator.py
[2025-04-08T10:11:47.523+0000] {processor.py:830} INFO - Processing file /home/airflow/.local/lib/python3.10/site-packages/airflow/example_dags/example_python_decorator.py for tasks to queue
[2025-04-08T10:11:47.525+0000] {logging_mixin.py:188} INFO - [2025-04-08T10:11:47.525+0000] {dagbag.py:540} INFO - Filling up the DagBag from /home/airflow/.local/lib/python3.10/site-packages/airflow/example_dags/example_python_decorator.py
[2025-04-08T10:11:47.540+0000] {processor.py:840} INFO - DAG(s) 'example_python_decorator' retrieved from /home/airflow/.local/lib/python3.10/site-packages/airflow/example_dags/example_python_decorator.py
[2025-04-08T10:11:47.563+0000] {logging_mixin.py:188} INFO - [2025-04-08T10:11:47.563+0000] {dag.py:3047} INFO - Sync 1 DAGs
[2025-04-08T10:11:47.575+0000] {logging_mixin.py:188} INFO - [2025-04-08T10:11:47.575+0000] {dag.py:3834} INFO - Setting next_dagrun for example_python_decorator to None, run_after=None
[2025-04-08T10:11:47.595+0000] {processor.py:183} INFO - Processing /home/airflow/.local/lib/python3.10/site-packages/airflow/example_dags/example_python_decorator.py took 0.080 seconds
[2025-04-08T10:12:18.268+0000] {processor.py:161} INFO - Started process (PID=289) to work on /home/airflow/.local/lib/python3.10/site-packages/airflow/example_dags/example_python_decorator.py
[2025-04-08T10:12:18.269+0000] {processor.py:830} INFO - Processing file /home/airflow/.local/lib/python3.10/site-packages/airflow/example_dags/example_python_decorator.py for tasks to queue
[2025-04-08T10:12:18.272+0000] {logging_mixin.py:188} INFO - [2025-04-08T10:12:18.271+0000] {dagbag.py:540} INFO - Filling up the DagBag from /home/airflow/.local/lib/python3.10/site-packages/airflow/example_dags/example_python_decorator.py
[2025-04-08T10:12:18.292+0000] {processor.py:840} INFO - DAG(s) 'example_python_decorator' retrieved from /home/airflow/.local/lib/python3.10/site-packages/airflow/example_dags/example_python_decorator.py
[2025-04-08T10:12:18.319+0000] {logging_mixin.py:188} INFO - [2025-04-08T10:12:18.319+0000] {dag.py:3047} INFO - Sync 1 DAGs
[2025-04-08T10:12:18.334+0000] {logging_mixin.py:188} INFO - [2025-04-08T10:12:18.334+0000] {dag.py:3834} INFO - Setting next_dagrun for example_python_decorator to None, run_after=None
[2025-04-08T10:12:18.355+0000] {processor.py:183} INFO - Processing /home/airflow/.local/lib/python3.10/site-packages/airflow/example_dags/example_python_decorator.py took 0.093 seconds
[2025-04-08T10:12:49.012+0000] {processor.py:161} INFO - Started process (PID=351) to work on /home/airflow/.local/lib/python3.10/site-packages/airflow/example_dags/example_python_decorator.py
[2025-04-08T10:12:49.013+0000] {processor.py:830} INFO - Processing file /home/airflow/.local/lib/python3.10/site-packages/airflow/example_dags/example_python_decorator.py for tasks to queue
[2025-04-08T10:12:49.016+0000] {logging_mixin.py:188} INFO - [2025-04-08T10:12:49.016+0000] {dagbag.py:540} INFO - Filling up the DagBag from /home/airflow/.local/lib/python3.10/site-packages/airflow/example_dags/example_python_decorator.py
[2025-04-08T10:12:49.036+0000] {processor.py:840} INFO - DAG(s) 'example_python_decorator' retrieved from /home/airflow/.local/lib/python3.10/site-packages/airflow/example_dags/example_python_decorator.py
[2025-04-08T10:12:49.072+0000] {logging_mixin.py:188} INFO - [2025-04-08T10:12:49.072+0000] {dag.py:3047} INFO - Sync 1 DAGs
[2025-04-08T10:12:49.090+0000] {logging_mixin.py:188} INFO - [2025-04-08T10:12:49.089+0000] {dag.py:3834} INFO - Setting next_dagrun for example_python_decorator to None, run_after=None
[2025-04-08T10:12:49.126+0000] {processor.py:183} INFO - Processing /home/airflow/.local/lib/python3.10/site-packages/airflow/example_dags/example_python_decorator.py took 0.119 seconds
[2025-04-08T10:13:19.577+0000] {processor.py:161} INFO - Started process (PID=413) to work on /home/airflow/.local/lib/python3.10/site-packages/airflow/example_dags/example_python_decorator.py
[2025-04-08T10:13:19.578+0000] {processor.py:830} INFO - Processing file /home/airflow/.local/lib/python3.10/site-packages/airflow/example_dags/example_python_decorator.py for tasks to queue
[2025-04-08T10:13:19.580+0000] {logging_mixin.py:188} INFO - [2025-04-08T10:13:19.580+0000] {dagbag.py:540} INFO - Filling up the DagBag from /home/airflow/.local/lib/python3.10/site-packages/airflow/example_dags/example_python_decorator.py
[2025-04-08T10:13:19.593+0000] {processor.py:840} INFO - DAG(s) 'example_python_decorator' retrieved from /home/airflow/.local/lib/python3.10/site-packages/airflow/example_dags/example_python_decorator.py
[2025-04-08T10:13:19.615+0000] {logging_mixin.py:188} INFO - [2025-04-08T10:13:19.614+0000] {dag.py:3047} INFO - Sync 1 DAGs
[2025-04-08T10:13:19.627+0000] {logging_mixin.py:188} INFO - [2025-04-08T10:13:19.627+0000] {dag.py:3834} INFO - Setting next_dagrun for example_python_decorator to None, run_after=None
[2025-04-08T10:13:19.651+0000] {processor.py:183} INFO - Processing /home/airflow/.local/lib/python3.10/site-packages/airflow/example_dags/example_python_decorator.py took 0.078 seconds
[2025-04-08T10:13:50.041+0000] {processor.py:161} INFO - Started process (PID=475) to work on /home/airflow/.local/lib/python3.10/site-packages/airflow/example_dags/example_python_decorator.py
[2025-04-08T10:13:50.042+0000] {processor.py:830} INFO - Processing file /home/airflow/.local/lib/python3.10/site-packages/airflow/example_dags/example_python_decorator.py for tasks to queue
[2025-04-08T10:13:50.044+0000] {logging_mixin.py:188} INFO - [2025-04-08T10:13:50.044+0000] {dagbag.py:540} INFO - Filling up the DagBag from /home/airflow/.local/lib/python3.10/site-packages/airflow/example_dags/example_python_decorator.py
[2025-04-08T10:13:50.058+0000] {processor.py:840} INFO - DAG(s) 'example_python_decorator' retrieved from /home/airflow/.local/lib/python3.10/site-packages/airflow/example_dags/example_python_decorator.py
[2025-04-08T10:13:50.080+0000] {logging_mixin.py:188} INFO - [2025-04-08T10:13:50.079+0000] {dag.py:3047} INFO - Sync 1 DAGs
[2025-04-08T10:13:50.092+0000] {logging_mixin.py:188} INFO - [2025-04-08T10:13:50.092+0000] {dag.py:3834} INFO - Setting next_dagrun for example_python_decorator to None, run_after=None
[2025-04-08T10:13:50.113+0000] {processor.py:183} INFO - Processing /home/airflow/.local/lib/python3.10/site-packages/airflow/example_dags/example_python_decorator.py took 0.076 seconds
