[2025-04-08T10:10:42.664+0000] {processor.py:161} INFO - Started process (PID=75) to work on /home/airflow/.local/lib/python3.10/site-packages/airflow/example_dags/example_latest_only_with_trigger.py
[2025-04-08T10:10:42.669+0000] {processor.py:830} INFO - Processing file /home/airflow/.local/lib/python3.10/site-packages/airflow/example_dags/example_latest_only_with_trigger.py for tasks to queue
[2025-04-08T10:10:42.673+0000] {logging_mixin.py:188} INFO - [2025-04-08T10:10:42.672+0000] {dagbag.py:540} INFO - Filling up the DagBag from /home/airflow/.local/lib/python3.10/site-packages/airflow/example_dags/example_latest_only_with_trigger.py
[2025-04-08T10:10:42.689+0000] {processor.py:840} INFO - DAG(s) 'latest_only_with_trigger' retrieved from /home/airflow/.local/lib/python3.10/site-packages/airflow/example_dags/example_latest_only_with_trigger.py
[2025-04-08T10:10:42.738+0000] {logging_mixin.py:188} INFO - [2025-04-08T10:10:42.737+0000] {dag.py:3047} INFO - Sync 1 DAGs
[2025-04-08T10:10:42.780+0000] {logging_mixin.py:188} INFO - [2025-04-08T10:10:42.779+0000] {dag.py:3834} INFO - Setting next_dagrun for latest_only_with_trigger to 2025-04-08 04:00:00+00:00, run_after=2025-04-08 08:00:00+00:00
[2025-04-08T10:10:42.816+0000] {processor.py:183} INFO - Processing /home/airflow/.local/lib/python3.10/site-packages/airflow/example_dags/example_latest_only_with_trigger.py took 0.160 seconds
[2025-04-08T10:11:13.159+0000] {processor.py:161} INFO - Started process (PID=137) to work on /home/airflow/.local/lib/python3.10/site-packages/airflow/example_dags/example_latest_only_with_trigger.py
[2025-04-08T10:11:13.160+0000] {processor.py:830} INFO - Processing file /home/airflow/.local/lib/python3.10/site-packages/airflow/example_dags/example_latest_only_with_trigger.py for tasks to queue
[2025-04-08T10:11:13.163+0000] {logging_mixin.py:188} INFO - [2025-04-08T10:11:13.163+0000] {dagbag.py:540} INFO - Filling up the DagBag from /home/airflow/.local/lib/python3.10/site-packages/airflow/example_dags/example_latest_only_with_trigger.py
[2025-04-08T10:11:13.170+0000] {processor.py:840} INFO - DAG(s) 'latest_only_with_trigger' retrieved from /home/airflow/.local/lib/python3.10/site-packages/airflow/example_dags/example_latest_only_with_trigger.py
[2025-04-08T10:11:13.192+0000] {logging_mixin.py:188} INFO - [2025-04-08T10:11:13.191+0000] {dag.py:3047} INFO - Sync 1 DAGs
[2025-04-08T10:11:13.215+0000] {logging_mixin.py:188} INFO - [2025-04-08T10:11:13.215+0000] {dag.py:3834} INFO - Setting next_dagrun for latest_only_with_trigger to 2025-04-08 04:00:00+00:00, run_after=2025-04-08 08:00:00+00:00
[2025-04-08T10:11:13.238+0000] {processor.py:183} INFO - Processing /home/airflow/.local/lib/python3.10/site-packages/airflow/example_dags/example_latest_only_with_trigger.py took 0.082 seconds
[2025-04-08T10:11:44.038+0000] {processor.py:161} INFO - Started process (PID=199) to work on /home/airflow/.local/lib/python3.10/site-packages/airflow/example_dags/example_latest_only_with_trigger.py
[2025-04-08T10:11:44.040+0000] {processor.py:830} INFO - Processing file /home/airflow/.local/lib/python3.10/site-packages/airflow/example_dags/example_latest_only_with_trigger.py for tasks to queue
[2025-04-08T10:11:44.042+0000] {logging_mixin.py:188} INFO - [2025-04-08T10:11:44.042+0000] {dagbag.py:540} INFO - Filling up the DagBag from /home/airflow/.local/lib/python3.10/site-packages/airflow/example_dags/example_latest_only_with_trigger.py
[2025-04-08T10:11:44.048+0000] {processor.py:840} INFO - DAG(s) 'latest_only_with_trigger' retrieved from /home/airflow/.local/lib/python3.10/site-packages/airflow/example_dags/example_latest_only_with_trigger.py
[2025-04-08T10:11:44.069+0000] {logging_mixin.py:188} INFO - [2025-04-08T10:11:44.069+0000] {dag.py:3047} INFO - Sync 1 DAGs
[2025-04-08T10:11:44.091+0000] {logging_mixin.py:188} INFO - [2025-04-08T10:11:44.091+0000] {dag.py:3834} INFO - Setting next_dagrun for latest_only_with_trigger to 2025-04-08 04:00:00+00:00, run_after=2025-04-08 08:00:00+00:00
[2025-04-08T10:11:44.110+0000] {processor.py:183} INFO - Processing /home/airflow/.local/lib/python3.10/site-packages/airflow/example_dags/example_latest_only_with_trigger.py took 0.075 seconds
[2025-04-08T10:12:14.211+0000] {processor.py:161} INFO - Started process (PID=261) to work on /home/airflow/.local/lib/python3.10/site-packages/airflow/example_dags/example_latest_only_with_trigger.py
[2025-04-08T10:12:14.212+0000] {processor.py:830} INFO - Processing file /home/airflow/.local/lib/python3.10/site-packages/airflow/example_dags/example_latest_only_with_trigger.py for tasks to queue
[2025-04-08T10:12:14.215+0000] {logging_mixin.py:188} INFO - [2025-04-08T10:12:14.215+0000] {dagbag.py:540} INFO - Filling up the DagBag from /home/airflow/.local/lib/python3.10/site-packages/airflow/example_dags/example_latest_only_with_trigger.py
[2025-04-08T10:12:14.221+0000] {processor.py:840} INFO - DAG(s) 'latest_only_with_trigger' retrieved from /home/airflow/.local/lib/python3.10/site-packages/airflow/example_dags/example_latest_only_with_trigger.py
[2025-04-08T10:12:14.243+0000] {logging_mixin.py:188} INFO - [2025-04-08T10:12:14.243+0000] {dag.py:3047} INFO - Sync 1 DAGs
[2025-04-08T10:12:14.264+0000] {logging_mixin.py:188} INFO - [2025-04-08T10:12:14.264+0000] {dag.py:3834} INFO - Setting next_dagrun for latest_only_with_trigger to 2025-04-08 04:00:00+00:00, run_after=2025-04-08 08:00:00+00:00
[2025-04-08T10:12:14.292+0000] {processor.py:183} INFO - Processing /home/airflow/.local/lib/python3.10/site-packages/airflow/example_dags/example_latest_only_with_trigger.py took 0.086 seconds
[2025-04-08T10:12:44.392+0000] {processor.py:161} INFO - Started process (PID=323) to work on /home/airflow/.local/lib/python3.10/site-packages/airflow/example_dags/example_latest_only_with_trigger.py
[2025-04-08T10:12:44.393+0000] {processor.py:830} INFO - Processing file /home/airflow/.local/lib/python3.10/site-packages/airflow/example_dags/example_latest_only_with_trigger.py for tasks to queue
[2025-04-08T10:12:44.396+0000] {logging_mixin.py:188} INFO - [2025-04-08T10:12:44.396+0000] {dagbag.py:540} INFO - Filling up the DagBag from /home/airflow/.local/lib/python3.10/site-packages/airflow/example_dags/example_latest_only_with_trigger.py
[2025-04-08T10:12:44.405+0000] {processor.py:840} INFO - DAG(s) 'latest_only_with_trigger' retrieved from /home/airflow/.local/lib/python3.10/site-packages/airflow/example_dags/example_latest_only_with_trigger.py
[2025-04-08T10:12:44.432+0000] {logging_mixin.py:188} INFO - [2025-04-08T10:12:44.431+0000] {dag.py:3047} INFO - Sync 1 DAGs
[2025-04-08T10:12:44.458+0000] {logging_mixin.py:188} INFO - [2025-04-08T10:12:44.458+0000] {dag.py:3834} INFO - Setting next_dagrun for latest_only_with_trigger to 2025-04-08 04:00:00+00:00, run_after=2025-04-08 08:00:00+00:00
[2025-04-08T10:12:44.483+0000] {processor.py:183} INFO - Processing /home/airflow/.local/lib/python3.10/site-packages/airflow/example_dags/example_latest_only_with_trigger.py took 0.095 seconds
[2025-04-08T10:13:14.947+0000] {processor.py:161} INFO - Started process (PID=385) to work on /home/airflow/.local/lib/python3.10/site-packages/airflow/example_dags/example_latest_only_with_trigger.py
[2025-04-08T10:13:14.948+0000] {processor.py:830} INFO - Processing file /home/airflow/.local/lib/python3.10/site-packages/airflow/example_dags/example_latest_only_with_trigger.py for tasks to queue
[2025-04-08T10:13:14.950+0000] {logging_mixin.py:188} INFO - [2025-04-08T10:13:14.950+0000] {dagbag.py:540} INFO - Filling up the DagBag from /home/airflow/.local/lib/python3.10/site-packages/airflow/example_dags/example_latest_only_with_trigger.py
[2025-04-08T10:13:14.956+0000] {processor.py:840} INFO - DAG(s) 'latest_only_with_trigger' retrieved from /home/airflow/.local/lib/python3.10/site-packages/airflow/example_dags/example_latest_only_with_trigger.py
[2025-04-08T10:13:14.978+0000] {logging_mixin.py:188} INFO - [2025-04-08T10:13:14.977+0000] {dag.py:3047} INFO - Sync 1 DAGs
[2025-04-08T10:13:14.999+0000] {logging_mixin.py:188} INFO - [2025-04-08T10:13:14.999+0000] {dag.py:3834} INFO - Setting next_dagrun for latest_only_with_trigger to 2025-04-08 04:00:00+00:00, run_after=2025-04-08 08:00:00+00:00
[2025-04-08T10:13:15.019+0000] {processor.py:183} INFO - Processing /home/airflow/.local/lib/python3.10/site-packages/airflow/example_dags/example_latest_only_with_trigger.py took 0.075 seconds
[2025-04-08T10:13:45.206+0000] {processor.py:161} INFO - Started process (PID=447) to work on /home/airflow/.local/lib/python3.10/site-packages/airflow/example_dags/example_latest_only_with_trigger.py
[2025-04-08T10:13:45.207+0000] {processor.py:830} INFO - Processing file /home/airflow/.local/lib/python3.10/site-packages/airflow/example_dags/example_latest_only_with_trigger.py for tasks to queue
[2025-04-08T10:13:45.209+0000] {logging_mixin.py:188} INFO - [2025-04-08T10:13:45.209+0000] {dagbag.py:540} INFO - Filling up the DagBag from /home/airflow/.local/lib/python3.10/site-packages/airflow/example_dags/example_latest_only_with_trigger.py
[2025-04-08T10:13:45.216+0000] {processor.py:840} INFO - DAG(s) 'latest_only_with_trigger' retrieved from /home/airflow/.local/lib/python3.10/site-packages/airflow/example_dags/example_latest_only_with_trigger.py
[2025-04-08T10:13:45.239+0000] {logging_mixin.py:188} INFO - [2025-04-08T10:13:45.239+0000] {dag.py:3047} INFO - Sync 1 DAGs
[2025-04-08T10:13:45.261+0000] {logging_mixin.py:188} INFO - [2025-04-08T10:13:45.261+0000] {dag.py:3834} INFO - Setting next_dagrun for latest_only_with_trigger to 2025-04-08 04:00:00+00:00, run_after=2025-04-08 08:00:00+00:00
[2025-04-08T10:13:45.283+0000] {processor.py:183} INFO - Processing /home/airflow/.local/lib/python3.10/site-packages/airflow/example_dags/example_latest_only_with_trigger.py took 0.081 seconds
