[2025-04-08T10:10:46.728+0000] {processor.py:161} INFO - Started process (PID=109) to work on /home/airflow/.local/lib/python3.10/site-packages/airflow/example_dags/example_kubernetes_executor.py
[2025-04-08T10:10:46.730+0000] {processor.py:830} INFO - Processing file /home/airflow/.local/lib/python3.10/site-packages/airflow/example_dags/example_kubernetes_executor.py for tasks to queue
[2025-04-08T10:10:46.734+0000] {logging_mixin.py:188} INFO - [2025-04-08T10:10:46.733+0000] {dagbag.py:540} INFO - Filling up the DagBag from /home/airflow/.local/lib/python3.10/site-packages/airflow/example_dags/example_kubernetes_executor.py
[2025-04-08T10:10:46.769+0000] {processor.py:840} INFO - DAG(s) 'example_kubernetes_executor' retrieved from /home/airflow/.local/lib/python3.10/site-packages/airflow/example_dags/example_kubernetes_executor.py
[2025-04-08T10:10:46.843+0000] {logging_mixin.py:188} INFO - [2025-04-08T10:10:46.842+0000] {dag.py:3047} INFO - Sync 1 DAGs
[2025-04-08T10:10:46.864+0000] {logging_mixin.py:188} INFO - [2025-04-08T10:10:46.863+0000] {dag.py:3834} INFO - Setting next_dagrun for example_kubernetes_executor to None, run_after=None
[2025-04-08T10:10:46.906+0000] {processor.py:183} INFO - Processing /home/airflow/.local/lib/python3.10/site-packages/airflow/example_dags/example_kubernetes_executor.py took 0.184 seconds
[2025-04-08T10:11:17.893+0000] {processor.py:161} INFO - Started process (PID=171) to work on /home/airflow/.local/lib/python3.10/site-packages/airflow/example_dags/example_kubernetes_executor.py
[2025-04-08T10:11:17.894+0000] {processor.py:830} INFO - Processing file /home/airflow/.local/lib/python3.10/site-packages/airflow/example_dags/example_kubernetes_executor.py for tasks to queue
[2025-04-08T10:11:17.896+0000] {logging_mixin.py:188} INFO - [2025-04-08T10:11:17.896+0000] {dagbag.py:540} INFO - Filling up the DagBag from /home/airflow/.local/lib/python3.10/site-packages/airflow/example_dags/example_kubernetes_executor.py
[2025-04-08T10:11:17.910+0000] {processor.py:840} INFO - DAG(s) 'example_kubernetes_executor' retrieved from /home/airflow/.local/lib/python3.10/site-packages/airflow/example_dags/example_kubernetes_executor.py
[2025-04-08T10:11:17.949+0000] {logging_mixin.py:188} INFO - [2025-04-08T10:11:17.948+0000] {dag.py:3047} INFO - Sync 1 DAGs
[2025-04-08T10:11:17.960+0000] {logging_mixin.py:188} INFO - [2025-04-08T10:11:17.960+0000] {dag.py:3834} INFO - Setting next_dagrun for example_kubernetes_executor to None, run_after=None
[2025-04-08T10:11:17.982+0000] {processor.py:183} INFO - Processing /home/airflow/.local/lib/python3.10/site-packages/airflow/example_dags/example_kubernetes_executor.py took 0.093 seconds
[2025-04-08T10:11:48.826+0000] {processor.py:161} INFO - Started process (PID=233) to work on /home/airflow/.local/lib/python3.10/site-packages/airflow/example_dags/example_kubernetes_executor.py
[2025-04-08T10:11:48.827+0000] {processor.py:830} INFO - Processing file /home/airflow/.local/lib/python3.10/site-packages/airflow/example_dags/example_kubernetes_executor.py for tasks to queue
[2025-04-08T10:11:48.830+0000] {logging_mixin.py:188} INFO - [2025-04-08T10:11:48.829+0000] {dagbag.py:540} INFO - Filling up the DagBag from /home/airflow/.local/lib/python3.10/site-packages/airflow/example_dags/example_kubernetes_executor.py
[2025-04-08T10:11:48.844+0000] {processor.py:840} INFO - DAG(s) 'example_kubernetes_executor' retrieved from /home/airflow/.local/lib/python3.10/site-packages/airflow/example_dags/example_kubernetes_executor.py
[2025-04-08T10:11:48.879+0000] {logging_mixin.py:188} INFO - [2025-04-08T10:11:48.879+0000] {dag.py:3047} INFO - Sync 1 DAGs
[2025-04-08T10:11:48.892+0000] {logging_mixin.py:188} INFO - [2025-04-08T10:11:48.892+0000] {dag.py:3834} INFO - Setting next_dagrun for example_kubernetes_executor to None, run_after=None
[2025-04-08T10:11:48.917+0000] {processor.py:183} INFO - Processing /home/airflow/.local/lib/python3.10/site-packages/airflow/example_dags/example_kubernetes_executor.py took 0.094 seconds
[2025-04-08T10:12:19.600+0000] {processor.py:161} INFO - Started process (PID=295) to work on /home/airflow/.local/lib/python3.10/site-packages/airflow/example_dags/example_kubernetes_executor.py
[2025-04-08T10:12:19.612+0000] {processor.py:830} INFO - Processing file /home/airflow/.local/lib/python3.10/site-packages/airflow/example_dags/example_kubernetes_executor.py for tasks to queue
[2025-04-08T10:12:19.616+0000] {logging_mixin.py:188} INFO - [2025-04-08T10:12:19.615+0000] {dagbag.py:540} INFO - Filling up the DagBag from /home/airflow/.local/lib/python3.10/site-packages/airflow/example_dags/example_kubernetes_executor.py
[2025-04-08T10:12:19.670+0000] {processor.py:840} INFO - DAG(s) 'example_kubernetes_executor' retrieved from /home/airflow/.local/lib/python3.10/site-packages/airflow/example_dags/example_kubernetes_executor.py
[2025-04-08T10:12:19.771+0000] {logging_mixin.py:188} INFO - [2025-04-08T10:12:19.770+0000] {dag.py:3047} INFO - Sync 1 DAGs
[2025-04-08T10:12:19.802+0000] {logging_mixin.py:188} INFO - [2025-04-08T10:12:19.801+0000] {dag.py:3834} INFO - Setting next_dagrun for example_kubernetes_executor to None, run_after=None
[2025-04-08T10:12:19.843+0000] {processor.py:183} INFO - Processing /home/airflow/.local/lib/python3.10/site-packages/airflow/example_dags/example_kubernetes_executor.py took 0.249 seconds
[2025-04-08T10:12:50.612+0000] {processor.py:161} INFO - Started process (PID=357) to work on /home/airflow/.local/lib/python3.10/site-packages/airflow/example_dags/example_kubernetes_executor.py
[2025-04-08T10:12:50.613+0000] {processor.py:830} INFO - Processing file /home/airflow/.local/lib/python3.10/site-packages/airflow/example_dags/example_kubernetes_executor.py for tasks to queue
[2025-04-08T10:12:50.616+0000] {logging_mixin.py:188} INFO - [2025-04-08T10:12:50.615+0000] {dagbag.py:540} INFO - Filling up the DagBag from /home/airflow/.local/lib/python3.10/site-packages/airflow/example_dags/example_kubernetes_executor.py
[2025-04-08T10:12:50.638+0000] {processor.py:840} INFO - DAG(s) 'example_kubernetes_executor' retrieved from /home/airflow/.local/lib/python3.10/site-packages/airflow/example_dags/example_kubernetes_executor.py
[2025-04-08T10:12:50.689+0000] {logging_mixin.py:188} INFO - [2025-04-08T10:12:50.688+0000] {dag.py:3047} INFO - Sync 1 DAGs
[2025-04-08T10:12:50.706+0000] {logging_mixin.py:188} INFO - [2025-04-08T10:12:50.705+0000] {dag.py:3834} INFO - Setting next_dagrun for example_kubernetes_executor to None, run_after=None
[2025-04-08T10:12:50.731+0000] {processor.py:183} INFO - Processing /home/airflow/.local/lib/python3.10/site-packages/airflow/example_dags/example_kubernetes_executor.py took 0.123 seconds
[2025-04-08T10:13:20.900+0000] {processor.py:161} INFO - Started process (PID=419) to work on /home/airflow/.local/lib/python3.10/site-packages/airflow/example_dags/example_kubernetes_executor.py
[2025-04-08T10:13:20.901+0000] {processor.py:830} INFO - Processing file /home/airflow/.local/lib/python3.10/site-packages/airflow/example_dags/example_kubernetes_executor.py for tasks to queue
[2025-04-08T10:13:20.903+0000] {logging_mixin.py:188} INFO - [2025-04-08T10:13:20.903+0000] {dagbag.py:540} INFO - Filling up the DagBag from /home/airflow/.local/lib/python3.10/site-packages/airflow/example_dags/example_kubernetes_executor.py
[2025-04-08T10:13:20.917+0000] {processor.py:840} INFO - DAG(s) 'example_kubernetes_executor' retrieved from /home/airflow/.local/lib/python3.10/site-packages/airflow/example_dags/example_kubernetes_executor.py
[2025-04-08T10:13:20.957+0000] {logging_mixin.py:188} INFO - [2025-04-08T10:13:20.957+0000] {dag.py:3047} INFO - Sync 1 DAGs
[2025-04-08T10:13:20.968+0000] {logging_mixin.py:188} INFO - [2025-04-08T10:13:20.968+0000] {dag.py:3834} INFO - Setting next_dagrun for example_kubernetes_executor to None, run_after=None
[2025-04-08T10:13:20.994+0000] {processor.py:183} INFO - Processing /home/airflow/.local/lib/python3.10/site-packages/airflow/example_dags/example_kubernetes_executor.py took 0.098 seconds
