[2025-04-08T10:10:43.821+0000] {processor.py:161} INFO - Started process (PID=84) to work on /home/airflow/.local/lib/python3.10/site-packages/airflow/example_dags/example_dag_decorator.py
[2025-04-08T10:10:43.823+0000] {processor.py:830} INFO - Processing file /home/airflow/.local/lib/python3.10/site-packages/airflow/example_dags/example_dag_decorator.py for tasks to queue
[2025-04-08T10:10:43.826+0000] {logging_mixin.py:188} INFO - [2025-04-08T10:10:43.825+0000] {dagbag.py:540} INFO - Filling up the DagBag from /home/airflow/.local/lib/python3.10/site-packages/airflow/example_dags/example_dag_decorator.py
[2025-04-08T10:10:44.052+0000] {processor.py:840} INFO - DAG(s) 'example_dag_decorator' retrieved from /home/airflow/.local/lib/python3.10/site-packages/airflow/example_dags/example_dag_decorator.py
[2025-04-08T10:10:44.247+0000] {logging_mixin.py:188} INFO - [2025-04-08T10:10:44.247+0000] {dag.py:3047} INFO - Sync 1 DAGs
[2025-04-08T10:10:44.267+0000] {logging_mixin.py:188} INFO - [2025-04-08T10:10:44.267+0000] {dag.py:3834} INFO - Setting next_dagrun for example_dag_decorator to None, run_after=None
[2025-04-08T10:10:44.299+0000] {processor.py:183} INFO - Processing /home/airflow/.local/lib/python3.10/site-packages/airflow/example_dags/example_dag_decorator.py took 0.484 seconds
[2025-04-08T10:11:14.621+0000] {processor.py:161} INFO - Started process (PID=146) to work on /home/airflow/.local/lib/python3.10/site-packages/airflow/example_dags/example_dag_decorator.py
[2025-04-08T10:11:14.622+0000] {processor.py:830} INFO - Processing file /home/airflow/.local/lib/python3.10/site-packages/airflow/example_dags/example_dag_decorator.py for tasks to queue
[2025-04-08T10:11:14.624+0000] {logging_mixin.py:188} INFO - [2025-04-08T10:11:14.624+0000] {dagbag.py:540} INFO - Filling up the DagBag from /home/airflow/.local/lib/python3.10/site-packages/airflow/example_dags/example_dag_decorator.py
[2025-04-08T10:11:14.703+0000] {processor.py:840} INFO - DAG(s) 'example_dag_decorator' retrieved from /home/airflow/.local/lib/python3.10/site-packages/airflow/example_dags/example_dag_decorator.py
[2025-04-08T10:11:14.799+0000] {logging_mixin.py:188} INFO - [2025-04-08T10:11:14.798+0000] {dag.py:3047} INFO - Sync 1 DAGs
[2025-04-08T10:11:14.810+0000] {logging_mixin.py:188} INFO - [2025-04-08T10:11:14.809+0000] {dag.py:3834} INFO - Setting next_dagrun for example_dag_decorator to None, run_after=None
[2025-04-08T10:11:14.834+0000] {processor.py:183} INFO - Processing /home/airflow/.local/lib/python3.10/site-packages/airflow/example_dags/example_dag_decorator.py took 0.217 seconds
[2025-04-08T10:11:45.503+0000] {processor.py:161} INFO - Started process (PID=208) to work on /home/airflow/.local/lib/python3.10/site-packages/airflow/example_dags/example_dag_decorator.py
[2025-04-08T10:11:45.505+0000] {processor.py:830} INFO - Processing file /home/airflow/.local/lib/python3.10/site-packages/airflow/example_dags/example_dag_decorator.py for tasks to queue
[2025-04-08T10:11:45.507+0000] {logging_mixin.py:188} INFO - [2025-04-08T10:11:45.507+0000] {dagbag.py:540} INFO - Filling up the DagBag from /home/airflow/.local/lib/python3.10/site-packages/airflow/example_dags/example_dag_decorator.py
[2025-04-08T10:11:45.594+0000] {processor.py:840} INFO - DAG(s) 'example_dag_decorator' retrieved from /home/airflow/.local/lib/python3.10/site-packages/airflow/example_dags/example_dag_decorator.py
[2025-04-08T10:11:45.693+0000] {logging_mixin.py:188} INFO - [2025-04-08T10:11:45.692+0000] {dag.py:3047} INFO - Sync 1 DAGs
[2025-04-08T10:11:45.704+0000] {logging_mixin.py:188} INFO - [2025-04-08T10:11:45.703+0000] {dag.py:3834} INFO - Setting next_dagrun for example_dag_decorator to None, run_after=None
[2025-04-08T10:11:45.726+0000] {processor.py:183} INFO - Processing /home/airflow/.local/lib/python3.10/site-packages/airflow/example_dags/example_dag_decorator.py took 0.227 seconds
[2025-04-08T10:12:15.796+0000] {processor.py:161} INFO - Started process (PID=271) to work on /home/airflow/.local/lib/python3.10/site-packages/airflow/example_dags/example_dag_decorator.py
[2025-04-08T10:12:15.798+0000] {processor.py:830} INFO - Processing file /home/airflow/.local/lib/python3.10/site-packages/airflow/example_dags/example_dag_decorator.py for tasks to queue
[2025-04-08T10:12:15.800+0000] {logging_mixin.py:188} INFO - [2025-04-08T10:12:15.799+0000] {dagbag.py:540} INFO - Filling up the DagBag from /home/airflow/.local/lib/python3.10/site-packages/airflow/example_dags/example_dag_decorator.py
[2025-04-08T10:12:15.877+0000] {processor.py:840} INFO - DAG(s) 'example_dag_decorator' retrieved from /home/airflow/.local/lib/python3.10/site-packages/airflow/example_dags/example_dag_decorator.py
[2025-04-08T10:12:15.975+0000] {logging_mixin.py:188} INFO - [2025-04-08T10:12:15.973+0000] {dag.py:3047} INFO - Sync 1 DAGs
[2025-04-08T10:12:15.989+0000] {logging_mixin.py:188} INFO - [2025-04-08T10:12:15.989+0000] {dag.py:3834} INFO - Setting next_dagrun for example_dag_decorator to None, run_after=None
[2025-04-08T10:12:16.015+0000] {processor.py:183} INFO - Processing /home/airflow/.local/lib/python3.10/site-packages/airflow/example_dags/example_dag_decorator.py took 0.222 seconds
[2025-04-08T10:12:46.077+0000] {processor.py:161} INFO - Started process (PID=334) to work on /home/airflow/.local/lib/python3.10/site-packages/airflow/example_dags/example_dag_decorator.py
[2025-04-08T10:12:46.078+0000] {processor.py:830} INFO - Processing file /home/airflow/.local/lib/python3.10/site-packages/airflow/example_dags/example_dag_decorator.py for tasks to queue
[2025-04-08T10:12:46.082+0000] {logging_mixin.py:188} INFO - [2025-04-08T10:12:46.081+0000] {dagbag.py:540} INFO - Filling up the DagBag from /home/airflow/.local/lib/python3.10/site-packages/airflow/example_dags/example_dag_decorator.py
[2025-04-08T10:12:46.201+0000] {processor.py:840} INFO - DAG(s) 'example_dag_decorator' retrieved from /home/airflow/.local/lib/python3.10/site-packages/airflow/example_dags/example_dag_decorator.py
[2025-04-08T10:12:46.325+0000] {logging_mixin.py:188} INFO - [2025-04-08T10:12:46.325+0000] {dag.py:3047} INFO - Sync 1 DAGs
[2025-04-08T10:12:46.340+0000] {logging_mixin.py:188} INFO - [2025-04-08T10:12:46.340+0000] {dag.py:3834} INFO - Setting next_dagrun for example_dag_decorator to None, run_after=None
[2025-04-08T10:12:46.366+0000] {processor.py:183} INFO - Processing /home/airflow/.local/lib/python3.10/site-packages/airflow/example_dags/example_dag_decorator.py took 0.293 seconds
[2025-04-08T10:13:16.516+0000] {processor.py:161} INFO - Started process (PID=396) to work on /home/airflow/.local/lib/python3.10/site-packages/airflow/example_dags/example_dag_decorator.py
[2025-04-08T10:13:16.517+0000] {processor.py:830} INFO - Processing file /home/airflow/.local/lib/python3.10/site-packages/airflow/example_dags/example_dag_decorator.py for tasks to queue
[2025-04-08T10:13:16.519+0000] {logging_mixin.py:188} INFO - [2025-04-08T10:13:16.518+0000] {dagbag.py:540} INFO - Filling up the DagBag from /home/airflow/.local/lib/python3.10/site-packages/airflow/example_dags/example_dag_decorator.py
[2025-04-08T10:13:16.618+0000] {processor.py:840} INFO - DAG(s) 'example_dag_decorator' retrieved from /home/airflow/.local/lib/python3.10/site-packages/airflow/example_dags/example_dag_decorator.py
[2025-04-08T10:13:16.719+0000] {logging_mixin.py:188} INFO - [2025-04-08T10:13:16.718+0000] {dag.py:3047} INFO - Sync 1 DAGs
[2025-04-08T10:13:16.730+0000] {logging_mixin.py:188} INFO - [2025-04-08T10:13:16.730+0000] {dag.py:3834} INFO - Setting next_dagrun for example_dag_decorator to None, run_after=None
[2025-04-08T10:13:16.754+0000] {processor.py:183} INFO - Processing /home/airflow/.local/lib/python3.10/site-packages/airflow/example_dags/example_dag_decorator.py took 0.242 seconds
[2025-04-08T10:13:46.879+0000] {processor.py:161} INFO - Started process (PID=456) to work on /home/airflow/.local/lib/python3.10/site-packages/airflow/example_dags/example_dag_decorator.py
[2025-04-08T10:13:46.881+0000] {processor.py:830} INFO - Processing file /home/airflow/.local/lib/python3.10/site-packages/airflow/example_dags/example_dag_decorator.py for tasks to queue
[2025-04-08T10:13:46.885+0000] {logging_mixin.py:188} INFO - [2025-04-08T10:13:46.884+0000] {dagbag.py:540} INFO - Filling up the DagBag from /home/airflow/.local/lib/python3.10/site-packages/airflow/example_dags/example_dag_decorator.py
[2025-04-08T10:13:47.016+0000] {processor.py:840} INFO - DAG(s) 'example_dag_decorator' retrieved from /home/airflow/.local/lib/python3.10/site-packages/airflow/example_dags/example_dag_decorator.py
[2025-04-08T10:13:47.170+0000] {logging_mixin.py:188} INFO - [2025-04-08T10:13:47.169+0000] {dag.py:3047} INFO - Sync 1 DAGs
[2025-04-08T10:13:47.184+0000] {logging_mixin.py:188} INFO - [2025-04-08T10:13:47.183+0000] {dag.py:3834} INFO - Setting next_dagrun for example_dag_decorator to None, run_after=None
[2025-04-08T10:13:47.212+0000] {processor.py:183} INFO - Processing /home/airflow/.local/lib/python3.10/site-packages/airflow/example_dags/example_dag_decorator.py took 0.337 seconds
