[2025-04-08T10:10:45.423+0000] {processor.py:161} INFO - Started process (PID=97) to work on /home/airflow/.local/lib/python3.10/site-packages/airflow/example_dags/example_branch_labels.py
[2025-04-08T10:10:45.424+0000] {processor.py:830} INFO - Processing file /home/airflow/.local/lib/python3.10/site-packages/airflow/example_dags/example_branch_labels.py for tasks to queue
[2025-04-08T10:10:45.427+0000] {logging_mixin.py:188} INFO - [2025-04-08T10:10:45.426+0000] {dagbag.py:540} INFO - Filling up the DagBag from /home/airflow/.local/lib/python3.10/site-packages/airflow/example_dags/example_branch_labels.py
[2025-04-08T10:10:45.446+0000] {processor.py:840} INFO - DAG(s) 'example_branch_labels' retrieved from /home/airflow/.local/lib/python3.10/site-packages/airflow/example_dags/example_branch_labels.py
[2025-04-08T10:10:45.488+0000] {logging_mixin.py:188} INFO - [2025-04-08T10:10:45.487+0000] {dag.py:3047} INFO - Sync 1 DAGs
[2025-04-08T10:10:45.535+0000] {logging_mixin.py:188} INFO - [2025-04-08T10:10:45.534+0000] {dag.py:3834} INFO - Setting next_dagrun for example_branch_labels to 2025-04-07 00:00:00+00:00, run_after=2025-04-08 00:00:00+00:00
[2025-04-08T10:10:45.579+0000] {processor.py:183} INFO - Processing /home/airflow/.local/lib/python3.10/site-packages/airflow/example_dags/example_branch_labels.py took 0.161 seconds
[2025-04-08T10:11:16.294+0000] {processor.py:161} INFO - Started process (PID=159) to work on /home/airflow/.local/lib/python3.10/site-packages/airflow/example_dags/example_branch_labels.py
[2025-04-08T10:11:16.295+0000] {processor.py:830} INFO - Processing file /home/airflow/.local/lib/python3.10/site-packages/airflow/example_dags/example_branch_labels.py for tasks to queue
[2025-04-08T10:11:16.297+0000] {logging_mixin.py:188} INFO - [2025-04-08T10:11:16.297+0000] {dagbag.py:540} INFO - Filling up the DagBag from /home/airflow/.local/lib/python3.10/site-packages/airflow/example_dags/example_branch_labels.py
[2025-04-08T10:11:16.304+0000] {processor.py:840} INFO - DAG(s) 'example_branch_labels' retrieved from /home/airflow/.local/lib/python3.10/site-packages/airflow/example_dags/example_branch_labels.py
[2025-04-08T10:11:16.326+0000] {logging_mixin.py:188} INFO - [2025-04-08T10:11:16.325+0000] {dag.py:3047} INFO - Sync 1 DAGs
[2025-04-08T10:11:16.349+0000] {logging_mixin.py:188} INFO - [2025-04-08T10:11:16.348+0000] {dag.py:3834} INFO - Setting next_dagrun for example_branch_labels to 2025-04-07 00:00:00+00:00, run_after=2025-04-08 00:00:00+00:00
[2025-04-08T10:11:16.367+0000] {processor.py:183} INFO - Processing /home/airflow/.local/lib/python3.10/site-packages/airflow/example_dags/example_branch_labels.py took 0.077 seconds
[2025-04-08T10:11:47.205+0000] {processor.py:161} INFO - Started process (PID=221) to work on /home/airflow/.local/lib/python3.10/site-packages/airflow/example_dags/example_branch_labels.py
[2025-04-08T10:11:47.206+0000] {processor.py:830} INFO - Processing file /home/airflow/.local/lib/python3.10/site-packages/airflow/example_dags/example_branch_labels.py for tasks to queue
[2025-04-08T10:11:47.208+0000] {logging_mixin.py:188} INFO - [2025-04-08T10:11:47.208+0000] {dagbag.py:540} INFO - Filling up the DagBag from /home/airflow/.local/lib/python3.10/site-packages/airflow/example_dags/example_branch_labels.py
[2025-04-08T10:11:47.217+0000] {processor.py:840} INFO - DAG(s) 'example_branch_labels' retrieved from /home/airflow/.local/lib/python3.10/site-packages/airflow/example_dags/example_branch_labels.py
[2025-04-08T10:11:47.241+0000] {logging_mixin.py:188} INFO - [2025-04-08T10:11:47.241+0000] {dag.py:3047} INFO - Sync 1 DAGs
[2025-04-08T10:11:47.264+0000] {logging_mixin.py:188} INFO - [2025-04-08T10:11:47.264+0000] {dag.py:3834} INFO - Setting next_dagrun for example_branch_labels to 2025-04-07 00:00:00+00:00, run_after=2025-04-08 00:00:00+00:00
[2025-04-08T10:11:47.285+0000] {processor.py:183} INFO - Processing /home/airflow/.local/lib/python3.10/site-packages/airflow/example_dags/example_branch_labels.py took 0.084 seconds
[2025-04-08T10:12:17.890+0000] {processor.py:161} INFO - Started process (PID=283) to work on /home/airflow/.local/lib/python3.10/site-packages/airflow/example_dags/example_branch_labels.py
[2025-04-08T10:12:17.891+0000] {processor.py:830} INFO - Processing file /home/airflow/.local/lib/python3.10/site-packages/airflow/example_dags/example_branch_labels.py for tasks to queue
[2025-04-08T10:12:17.894+0000] {logging_mixin.py:188} INFO - [2025-04-08T10:12:17.894+0000] {dagbag.py:540} INFO - Filling up the DagBag from /home/airflow/.local/lib/python3.10/site-packages/airflow/example_dags/example_branch_labels.py
[2025-04-08T10:12:17.906+0000] {processor.py:840} INFO - DAG(s) 'example_branch_labels' retrieved from /home/airflow/.local/lib/python3.10/site-packages/airflow/example_dags/example_branch_labels.py
[2025-04-08T10:12:17.942+0000] {logging_mixin.py:188} INFO - [2025-04-08T10:12:17.941+0000] {dag.py:3047} INFO - Sync 1 DAGs
[2025-04-08T10:12:17.973+0000] {logging_mixin.py:188} INFO - [2025-04-08T10:12:17.973+0000] {dag.py:3834} INFO - Setting next_dagrun for example_branch_labels to 2025-04-07 00:00:00+00:00, run_after=2025-04-08 00:00:00+00:00
[2025-04-08T10:12:18.002+0000] {processor.py:183} INFO - Processing /home/airflow/.local/lib/python3.10/site-packages/airflow/example_dags/example_branch_labels.py took 0.116 seconds
[2025-04-08T10:12:48.134+0000] {processor.py:161} INFO - Started process (PID=345) to work on /home/airflow/.local/lib/python3.10/site-packages/airflow/example_dags/example_branch_labels.py
[2025-04-08T10:12:48.135+0000] {processor.py:830} INFO - Processing file /home/airflow/.local/lib/python3.10/site-packages/airflow/example_dags/example_branch_labels.py for tasks to queue
[2025-04-08T10:12:48.137+0000] {logging_mixin.py:188} INFO - [2025-04-08T10:12:48.137+0000] {dagbag.py:540} INFO - Filling up the DagBag from /home/airflow/.local/lib/python3.10/site-packages/airflow/example_dags/example_branch_labels.py
[2025-04-08T10:12:48.146+0000] {processor.py:840} INFO - DAG(s) 'example_branch_labels' retrieved from /home/airflow/.local/lib/python3.10/site-packages/airflow/example_dags/example_branch_labels.py
[2025-04-08T10:12:48.171+0000] {logging_mixin.py:188} INFO - [2025-04-08T10:12:48.170+0000] {dag.py:3047} INFO - Sync 1 DAGs
[2025-04-08T10:12:48.226+0000] {logging_mixin.py:188} INFO - [2025-04-08T10:12:48.225+0000] {dag.py:3834} INFO - Setting next_dagrun for example_branch_labels to 2025-04-07 00:00:00+00:00, run_after=2025-04-08 00:00:00+00:00
[2025-04-08T10:12:48.307+0000] {processor.py:183} INFO - Processing /home/airflow/.local/lib/python3.10/site-packages/airflow/example_dags/example_branch_labels.py took 0.177 seconds
[2025-04-08T10:13:19.266+0000] {processor.py:161} INFO - Started process (PID=407) to work on /home/airflow/.local/lib/python3.10/site-packages/airflow/example_dags/example_branch_labels.py
[2025-04-08T10:13:19.267+0000] {processor.py:830} INFO - Processing file /home/airflow/.local/lib/python3.10/site-packages/airflow/example_dags/example_branch_labels.py for tasks to queue
[2025-04-08T10:13:19.270+0000] {logging_mixin.py:188} INFO - [2025-04-08T10:13:19.269+0000] {dagbag.py:540} INFO - Filling up the DagBag from /home/airflow/.local/lib/python3.10/site-packages/airflow/example_dags/example_branch_labels.py
[2025-04-08T10:13:19.279+0000] {processor.py:840} INFO - DAG(s) 'example_branch_labels' retrieved from /home/airflow/.local/lib/python3.10/site-packages/airflow/example_dags/example_branch_labels.py
[2025-04-08T10:13:19.308+0000] {logging_mixin.py:188} INFO - [2025-04-08T10:13:19.307+0000] {dag.py:3047} INFO - Sync 1 DAGs
[2025-04-08T10:13:19.331+0000] {logging_mixin.py:188} INFO - [2025-04-08T10:13:19.331+0000] {dag.py:3834} INFO - Setting next_dagrun for example_branch_labels to 2025-04-07 00:00:00+00:00, run_after=2025-04-08 00:00:00+00:00
[2025-04-08T10:13:19.354+0000] {processor.py:183} INFO - Processing /home/airflow/.local/lib/python3.10/site-packages/airflow/example_dags/example_branch_labels.py took 0.092 seconds
[2025-04-08T10:13:49.731+0000] {processor.py:161} INFO - Started process (PID=469) to work on /home/airflow/.local/lib/python3.10/site-packages/airflow/example_dags/example_branch_labels.py
[2025-04-08T10:13:49.733+0000] {processor.py:830} INFO - Processing file /home/airflow/.local/lib/python3.10/site-packages/airflow/example_dags/example_branch_labels.py for tasks to queue
[2025-04-08T10:13:49.735+0000] {logging_mixin.py:188} INFO - [2025-04-08T10:13:49.735+0000] {dagbag.py:540} INFO - Filling up the DagBag from /home/airflow/.local/lib/python3.10/site-packages/airflow/example_dags/example_branch_labels.py
[2025-04-08T10:13:49.743+0000] {processor.py:840} INFO - DAG(s) 'example_branch_labels' retrieved from /home/airflow/.local/lib/python3.10/site-packages/airflow/example_dags/example_branch_labels.py
[2025-04-08T10:13:49.771+0000] {logging_mixin.py:188} INFO - [2025-04-08T10:13:49.770+0000] {dag.py:3047} INFO - Sync 1 DAGs
[2025-04-08T10:13:49.795+0000] {logging_mixin.py:188} INFO - [2025-04-08T10:13:49.794+0000] {dag.py:3834} INFO - Setting next_dagrun for example_branch_labels to 2025-04-07 00:00:00+00:00, run_after=2025-04-08 00:00:00+00:00
[2025-04-08T10:13:49.819+0000] {processor.py:183} INFO - Processing /home/airflow/.local/lib/python3.10/site-packages/airflow/example_dags/example_branch_labels.py took 0.092 seconds
