[2025-04-08T10:10:46.060+0000] {processor.py:161} INFO - Started process (PID=104) to work on /home/airflow/.local/lib/python3.10/site-packages/airflow/example_dags/example_branch_day_of_week_operator.py
[2025-04-08T10:10:46.062+0000] {processor.py:830} INFO - Processing file /home/airflow/.local/lib/python3.10/site-packages/airflow/example_dags/example_branch_day_of_week_operator.py for tasks to queue
[2025-04-08T10:10:46.065+0000] {logging_mixin.py:188} INFO - [2025-04-08T10:10:46.065+0000] {dagbag.py:540} INFO - Filling up the DagBag from /home/airflow/.local/lib/python3.10/site-packages/airflow/example_dags/example_branch_day_of_week_operator.py
[2025-04-08T10:10:46.084+0000] {processor.py:840} INFO - DAG(s) 'example_weekday_branch_operator' retrieved from /home/airflow/.local/lib/python3.10/site-packages/airflow/example_dags/example_branch_day_of_week_operator.py
[2025-04-08T10:10:46.131+0000] {logging_mixin.py:188} INFO - [2025-04-08T10:10:46.130+0000] {dag.py:3047} INFO - Sync 1 DAGs
[2025-04-08T10:10:46.175+0000] {logging_mixin.py:188} INFO - [2025-04-08T10:10:46.174+0000] {dag.py:3834} INFO - Setting next_dagrun for example_weekday_branch_operator to 2025-04-07 00:00:00+00:00, run_after=2025-04-08 00:00:00+00:00
[2025-04-08T10:10:46.207+0000] {processor.py:183} INFO - Processing /home/airflow/.local/lib/python3.10/site-packages/airflow/example_dags/example_branch_day_of_week_operator.py took 0.153 seconds
[2025-04-08T10:11:16.609+0000] {processor.py:161} INFO - Started process (PID=166) to work on /home/airflow/.local/lib/python3.10/site-packages/airflow/example_dags/example_branch_day_of_week_operator.py
[2025-04-08T10:11:16.610+0000] {processor.py:830} INFO - Processing file /home/airflow/.local/lib/python3.10/site-packages/airflow/example_dags/example_branch_day_of_week_operator.py for tasks to queue
[2025-04-08T10:11:16.612+0000] {logging_mixin.py:188} INFO - [2025-04-08T10:11:16.612+0000] {dagbag.py:540} INFO - Filling up the DagBag from /home/airflow/.local/lib/python3.10/site-packages/airflow/example_dags/example_branch_day_of_week_operator.py
[2025-04-08T10:11:16.619+0000] {processor.py:840} INFO - DAG(s) 'example_weekday_branch_operator' retrieved from /home/airflow/.local/lib/python3.10/site-packages/airflow/example_dags/example_branch_day_of_week_operator.py
[2025-04-08T10:11:16.639+0000] {logging_mixin.py:188} INFO - [2025-04-08T10:11:16.639+0000] {dag.py:3047} INFO - Sync 1 DAGs
[2025-04-08T10:11:16.662+0000] {logging_mixin.py:188} INFO - [2025-04-08T10:11:16.662+0000] {dag.py:3834} INFO - Setting next_dagrun for example_weekday_branch_operator to 2025-04-07 00:00:00+00:00, run_after=2025-04-08 00:00:00+00:00
[2025-04-08T10:11:16.681+0000] {processor.py:183} INFO - Processing /home/airflow/.local/lib/python3.10/site-packages/airflow/example_dags/example_branch_day_of_week_operator.py took 0.076 seconds
[2025-04-08T10:11:47.542+0000] {processor.py:161} INFO - Started process (PID=228) to work on /home/airflow/.local/lib/python3.10/site-packages/airflow/example_dags/example_branch_day_of_week_operator.py
[2025-04-08T10:11:47.543+0000] {processor.py:830} INFO - Processing file /home/airflow/.local/lib/python3.10/site-packages/airflow/example_dags/example_branch_day_of_week_operator.py for tasks to queue
[2025-04-08T10:11:47.546+0000] {logging_mixin.py:188} INFO - [2025-04-08T10:11:47.546+0000] {dagbag.py:540} INFO - Filling up the DagBag from /home/airflow/.local/lib/python3.10/site-packages/airflow/example_dags/example_branch_day_of_week_operator.py
[2025-04-08T10:11:47.556+0000] {processor.py:840} INFO - DAG(s) 'example_weekday_branch_operator' retrieved from /home/airflow/.local/lib/python3.10/site-packages/airflow/example_dags/example_branch_day_of_week_operator.py
[2025-04-08T10:11:47.579+0000] {logging_mixin.py:188} INFO - [2025-04-08T10:11:47.578+0000] {dag.py:3047} INFO - Sync 1 DAGs
[2025-04-08T10:11:47.603+0000] {logging_mixin.py:188} INFO - [2025-04-08T10:11:47.603+0000] {dag.py:3834} INFO - Setting next_dagrun for example_weekday_branch_operator to 2025-04-07 00:00:00+00:00, run_after=2025-04-08 00:00:00+00:00
[2025-04-08T10:11:47.625+0000] {processor.py:183} INFO - Processing /home/airflow/.local/lib/python3.10/site-packages/airflow/example_dags/example_branch_day_of_week_operator.py took 0.088 seconds
[2025-04-08T10:12:18.305+0000] {processor.py:161} INFO - Started process (PID=290) to work on /home/airflow/.local/lib/python3.10/site-packages/airflow/example_dags/example_branch_day_of_week_operator.py
[2025-04-08T10:12:18.306+0000] {processor.py:830} INFO - Processing file /home/airflow/.local/lib/python3.10/site-packages/airflow/example_dags/example_branch_day_of_week_operator.py for tasks to queue
[2025-04-08T10:12:18.309+0000] {logging_mixin.py:188} INFO - [2025-04-08T10:12:18.308+0000] {dagbag.py:540} INFO - Filling up the DagBag from /home/airflow/.local/lib/python3.10/site-packages/airflow/example_dags/example_branch_day_of_week_operator.py
[2025-04-08T10:12:18.317+0000] {processor.py:840} INFO - DAG(s) 'example_weekday_branch_operator' retrieved from /home/airflow/.local/lib/python3.10/site-packages/airflow/example_dags/example_branch_day_of_week_operator.py
[2025-04-08T10:12:18.340+0000] {logging_mixin.py:188} INFO - [2025-04-08T10:12:18.340+0000] {dag.py:3047} INFO - Sync 1 DAGs
[2025-04-08T10:12:18.364+0000] {logging_mixin.py:188} INFO - [2025-04-08T10:12:18.363+0000] {dag.py:3834} INFO - Setting next_dagrun for example_weekday_branch_operator to 2025-04-07 00:00:00+00:00, run_after=2025-04-08 00:00:00+00:00
[2025-04-08T10:12:18.385+0000] {processor.py:183} INFO - Processing /home/airflow/.local/lib/python3.10/site-packages/airflow/example_dags/example_branch_day_of_week_operator.py took 0.086 seconds
[2025-04-08T10:12:49.140+0000] {processor.py:161} INFO - Started process (PID=352) to work on /home/airflow/.local/lib/python3.10/site-packages/airflow/example_dags/example_branch_day_of_week_operator.py
[2025-04-08T10:12:49.141+0000] {processor.py:830} INFO - Processing file /home/airflow/.local/lib/python3.10/site-packages/airflow/example_dags/example_branch_day_of_week_operator.py for tasks to queue
[2025-04-08T10:12:49.144+0000] {logging_mixin.py:188} INFO - [2025-04-08T10:12:49.144+0000] {dagbag.py:540} INFO - Filling up the DagBag from /home/airflow/.local/lib/python3.10/site-packages/airflow/example_dags/example_branch_day_of_week_operator.py
[2025-04-08T10:12:49.157+0000] {processor.py:840} INFO - DAG(s) 'example_weekday_branch_operator' retrieved from /home/airflow/.local/lib/python3.10/site-packages/airflow/example_dags/example_branch_day_of_week_operator.py
[2025-04-08T10:12:49.204+0000] {logging_mixin.py:188} INFO - [2025-04-08T10:12:49.201+0000] {dag.py:3047} INFO - Sync 1 DAGs
[2025-04-08T10:12:49.253+0000] {logging_mixin.py:188} INFO - [2025-04-08T10:12:49.252+0000] {dag.py:3834} INFO - Setting next_dagrun for example_weekday_branch_operator to 2025-04-07 00:00:00+00:00, run_after=2025-04-08 00:00:00+00:00
[2025-04-08T10:12:49.288+0000] {processor.py:183} INFO - Processing /home/airflow/.local/lib/python3.10/site-packages/airflow/example_dags/example_branch_day_of_week_operator.py took 0.154 seconds
[2025-04-08T10:13:19.656+0000] {processor.py:161} INFO - Started process (PID=414) to work on /home/airflow/.local/lib/python3.10/site-packages/airflow/example_dags/example_branch_day_of_week_operator.py
[2025-04-08T10:13:19.657+0000] {processor.py:830} INFO - Processing file /home/airflow/.local/lib/python3.10/site-packages/airflow/example_dags/example_branch_day_of_week_operator.py for tasks to queue
[2025-04-08T10:13:19.659+0000] {logging_mixin.py:188} INFO - [2025-04-08T10:13:19.659+0000] {dagbag.py:540} INFO - Filling up the DagBag from /home/airflow/.local/lib/python3.10/site-packages/airflow/example_dags/example_branch_day_of_week_operator.py
[2025-04-08T10:13:19.667+0000] {processor.py:840} INFO - DAG(s) 'example_weekday_branch_operator' retrieved from /home/airflow/.local/lib/python3.10/site-packages/airflow/example_dags/example_branch_day_of_week_operator.py
[2025-04-08T10:13:19.692+0000] {logging_mixin.py:188} INFO - [2025-04-08T10:13:19.692+0000] {dag.py:3047} INFO - Sync 1 DAGs
[2025-04-08T10:13:19.719+0000] {logging_mixin.py:188} INFO - [2025-04-08T10:13:19.719+0000] {dag.py:3834} INFO - Setting next_dagrun for example_weekday_branch_operator to 2025-04-07 00:00:00+00:00, run_after=2025-04-08 00:00:00+00:00
[2025-04-08T10:13:19.742+0000] {processor.py:183} INFO - Processing /home/airflow/.local/lib/python3.10/site-packages/airflow/example_dags/example_branch_day_of_week_operator.py took 0.091 seconds
[2025-04-08T10:13:50.116+0000] {processor.py:161} INFO - Started process (PID=476) to work on /home/airflow/.local/lib/python3.10/site-packages/airflow/example_dags/example_branch_day_of_week_operator.py
[2025-04-08T10:13:50.118+0000] {processor.py:830} INFO - Processing file /home/airflow/.local/lib/python3.10/site-packages/airflow/example_dags/example_branch_day_of_week_operator.py for tasks to queue
[2025-04-08T10:13:50.120+0000] {logging_mixin.py:188} INFO - [2025-04-08T10:13:50.120+0000] {dagbag.py:540} INFO - Filling up the DagBag from /home/airflow/.local/lib/python3.10/site-packages/airflow/example_dags/example_branch_day_of_week_operator.py
[2025-04-08T10:13:50.128+0000] {processor.py:840} INFO - DAG(s) 'example_weekday_branch_operator' retrieved from /home/airflow/.local/lib/python3.10/site-packages/airflow/example_dags/example_branch_day_of_week_operator.py
[2025-04-08T10:13:50.151+0000] {logging_mixin.py:188} INFO - [2025-04-08T10:13:50.150+0000] {dag.py:3047} INFO - Sync 1 DAGs
[2025-04-08T10:13:50.174+0000] {logging_mixin.py:188} INFO - [2025-04-08T10:13:50.174+0000] {dag.py:3834} INFO - Setting next_dagrun for example_weekday_branch_operator to 2025-04-07 00:00:00+00:00, run_after=2025-04-08 00:00:00+00:00
[2025-04-08T10:13:50.197+0000] {processor.py:183} INFO - Processing /home/airflow/.local/lib/python3.10/site-packages/airflow/example_dags/example_branch_day_of_week_operator.py took 0.084 seconds
