[2025-04-08T10:10:43.035+0000] {processor.py:161} INFO - Started process (PID=78) to work on /home/airflow/.local/lib/python3.10/site-packages/airflow/example_dags/example_bash_operator.py
[2025-04-08T10:10:43.037+0000] {processor.py:830} INFO - Processing file /home/airflow/.local/lib/python3.10/site-packages/airflow/example_dags/example_bash_operator.py for tasks to queue
[2025-04-08T10:10:43.041+0000] {logging_mixin.py:188} INFO - [2025-04-08T10:10:43.041+0000] {dagbag.py:540} INFO - Filling up the DagBag from /home/airflow/.local/lib/python3.10/site-packages/airflow/example_dags/example_bash_operator.py
[2025-04-08T10:10:43.075+0000] {processor.py:840} INFO - DAG(s) 'example_bash_operator' retrieved from /home/airflow/.local/lib/python3.10/site-packages/airflow/example_dags/example_bash_operator.py
[2025-04-08T10:10:43.137+0000] {logging_mixin.py:188} INFO - [2025-04-08T10:10:43.136+0000] {dag.py:3047} INFO - Sync 1 DAGs
[2025-04-08T10:10:43.185+0000] {logging_mixin.py:188} INFO - [2025-04-08T10:10:43.184+0000] {dag.py:3834} INFO - Setting next_dagrun for example_bash_operator to 2025-04-07 00:00:00+00:00, run_after=2025-04-08 00:00:00+00:00
[2025-04-08T10:10:43.224+0000] {processor.py:183} INFO - Processing /home/airflow/.local/lib/python3.10/site-packages/airflow/example_dags/example_bash_operator.py took 0.196 seconds
[2025-04-08T10:11:13.288+0000] {processor.py:161} INFO - Started process (PID=140) to work on /home/airflow/.local/lib/python3.10/site-packages/airflow/example_dags/example_bash_operator.py
[2025-04-08T10:11:13.289+0000] {processor.py:830} INFO - Processing file /home/airflow/.local/lib/python3.10/site-packages/airflow/example_dags/example_bash_operator.py for tasks to queue
[2025-04-08T10:11:13.292+0000] {logging_mixin.py:188} INFO - [2025-04-08T10:11:13.291+0000] {dagbag.py:540} INFO - Filling up the DagBag from /home/airflow/.local/lib/python3.10/site-packages/airflow/example_dags/example_bash_operator.py
[2025-04-08T10:11:13.303+0000] {processor.py:840} INFO - DAG(s) 'example_bash_operator' retrieved from /home/airflow/.local/lib/python3.10/site-packages/airflow/example_dags/example_bash_operator.py
[2025-04-08T10:11:13.332+0000] {logging_mixin.py:188} INFO - [2025-04-08T10:11:13.332+0000] {dag.py:3047} INFO - Sync 1 DAGs
[2025-04-08T10:11:13.357+0000] {logging_mixin.py:188} INFO - [2025-04-08T10:11:13.357+0000] {dag.py:3834} INFO - Setting next_dagrun for example_bash_operator to 2025-04-07 00:00:00+00:00, run_after=2025-04-08 00:00:00+00:00
[2025-04-08T10:11:13.378+0000] {processor.py:183} INFO - Processing /home/airflow/.local/lib/python3.10/site-packages/airflow/example_dags/example_bash_operator.py took 0.093 seconds
[2025-04-08T10:11:44.165+0000] {processor.py:161} INFO - Started process (PID=202) to work on /home/airflow/.local/lib/python3.10/site-packages/airflow/example_dags/example_bash_operator.py
[2025-04-08T10:11:44.166+0000] {processor.py:830} INFO - Processing file /home/airflow/.local/lib/python3.10/site-packages/airflow/example_dags/example_bash_operator.py for tasks to queue
[2025-04-08T10:11:44.168+0000] {logging_mixin.py:188} INFO - [2025-04-08T10:11:44.168+0000] {dagbag.py:540} INFO - Filling up the DagBag from /home/airflow/.local/lib/python3.10/site-packages/airflow/example_dags/example_bash_operator.py
[2025-04-08T10:11:44.181+0000] {processor.py:840} INFO - DAG(s) 'example_bash_operator' retrieved from /home/airflow/.local/lib/python3.10/site-packages/airflow/example_dags/example_bash_operator.py
[2025-04-08T10:11:44.208+0000] {logging_mixin.py:188} INFO - [2025-04-08T10:11:44.208+0000] {dag.py:3047} INFO - Sync 1 DAGs
[2025-04-08T10:11:44.230+0000] {logging_mixin.py:188} INFO - [2025-04-08T10:11:44.230+0000] {dag.py:3834} INFO - Setting next_dagrun for example_bash_operator to 2025-04-07 00:00:00+00:00, run_after=2025-04-08 00:00:00+00:00
[2025-04-08T10:11:44.248+0000] {processor.py:183} INFO - Processing /home/airflow/.local/lib/python3.10/site-packages/airflow/example_dags/example_bash_operator.py took 0.086 seconds
[2025-04-08T10:12:14.395+0000] {processor.py:161} INFO - Started process (PID=264) to work on /home/airflow/.local/lib/python3.10/site-packages/airflow/example_dags/example_bash_operator.py
[2025-04-08T10:12:14.397+0000] {processor.py:830} INFO - Processing file /home/airflow/.local/lib/python3.10/site-packages/airflow/example_dags/example_bash_operator.py for tasks to queue
[2025-04-08T10:12:14.399+0000] {logging_mixin.py:188} INFO - [2025-04-08T10:12:14.399+0000] {dagbag.py:540} INFO - Filling up the DagBag from /home/airflow/.local/lib/python3.10/site-packages/airflow/example_dags/example_bash_operator.py
[2025-04-08T10:12:14.414+0000] {processor.py:840} INFO - DAG(s) 'example_bash_operator' retrieved from /home/airflow/.local/lib/python3.10/site-packages/airflow/example_dags/example_bash_operator.py
[2025-04-08T10:12:14.447+0000] {logging_mixin.py:188} INFO - [2025-04-08T10:12:14.447+0000] {dag.py:3047} INFO - Sync 1 DAGs
[2025-04-08T10:12:14.474+0000] {logging_mixin.py:188} INFO - [2025-04-08T10:12:14.474+0000] {dag.py:3834} INFO - Setting next_dagrun for example_bash_operator to 2025-04-07 00:00:00+00:00, run_after=2025-04-08 00:00:00+00:00
[2025-04-08T10:12:14.497+0000] {processor.py:183} INFO - Processing /home/airflow/.local/lib/python3.10/site-packages/airflow/example_dags/example_bash_operator.py took 0.107 seconds
[2025-04-08T10:12:44.560+0000] {processor.py:161} INFO - Started process (PID=326) to work on /home/airflow/.local/lib/python3.10/site-packages/airflow/example_dags/example_bash_operator.py
[2025-04-08T10:12:44.562+0000] {processor.py:830} INFO - Processing file /home/airflow/.local/lib/python3.10/site-packages/airflow/example_dags/example_bash_operator.py for tasks to queue
[2025-04-08T10:12:44.564+0000] {logging_mixin.py:188} INFO - [2025-04-08T10:12:44.564+0000] {dagbag.py:540} INFO - Filling up the DagBag from /home/airflow/.local/lib/python3.10/site-packages/airflow/example_dags/example_bash_operator.py
[2025-04-08T10:12:44.577+0000] {processor.py:840} INFO - DAG(s) 'example_bash_operator' retrieved from /home/airflow/.local/lib/python3.10/site-packages/airflow/example_dags/example_bash_operator.py
[2025-04-08T10:12:44.609+0000] {logging_mixin.py:188} INFO - [2025-04-08T10:12:44.608+0000] {dag.py:3047} INFO - Sync 1 DAGs
[2025-04-08T10:12:44.642+0000] {logging_mixin.py:188} INFO - [2025-04-08T10:12:44.641+0000] {dag.py:3834} INFO - Setting next_dagrun for example_bash_operator to 2025-04-07 00:00:00+00:00, run_after=2025-04-08 00:00:00+00:00
[2025-04-08T10:12:44.674+0000] {processor.py:183} INFO - Processing /home/airflow/.local/lib/python3.10/site-packages/airflow/example_dags/example_bash_operator.py took 0.117 seconds
[2025-04-08T10:13:15.090+0000] {processor.py:161} INFO - Started process (PID=388) to work on /home/airflow/.local/lib/python3.10/site-packages/airflow/example_dags/example_bash_operator.py
[2025-04-08T10:13:15.091+0000] {processor.py:830} INFO - Processing file /home/airflow/.local/lib/python3.10/site-packages/airflow/example_dags/example_bash_operator.py for tasks to queue
[2025-04-08T10:13:15.094+0000] {logging_mixin.py:188} INFO - [2025-04-08T10:13:15.093+0000] {dagbag.py:540} INFO - Filling up the DagBag from /home/airflow/.local/lib/python3.10/site-packages/airflow/example_dags/example_bash_operator.py
[2025-04-08T10:13:15.105+0000] {processor.py:840} INFO - DAG(s) 'example_bash_operator' retrieved from /home/airflow/.local/lib/python3.10/site-packages/airflow/example_dags/example_bash_operator.py
[2025-04-08T10:13:15.133+0000] {logging_mixin.py:188} INFO - [2025-04-08T10:13:15.133+0000] {dag.py:3047} INFO - Sync 1 DAGs
[2025-04-08T10:13:15.155+0000] {logging_mixin.py:188} INFO - [2025-04-08T10:13:15.155+0000] {dag.py:3834} INFO - Setting next_dagrun for example_bash_operator to 2025-04-07 00:00:00+00:00, run_after=2025-04-08 00:00:00+00:00
[2025-04-08T10:13:15.177+0000] {processor.py:183} INFO - Processing /home/airflow/.local/lib/python3.10/site-packages/airflow/example_dags/example_bash_operator.py took 0.090 seconds
[2025-04-08T10:13:45.366+0000] {processor.py:161} INFO - Started process (PID=450) to work on /home/airflow/.local/lib/python3.10/site-packages/airflow/example_dags/example_bash_operator.py
[2025-04-08T10:13:45.367+0000] {processor.py:830} INFO - Processing file /home/airflow/.local/lib/python3.10/site-packages/airflow/example_dags/example_bash_operator.py for tasks to queue
[2025-04-08T10:13:45.369+0000] {logging_mixin.py:188} INFO - [2025-04-08T10:13:45.369+0000] {dagbag.py:540} INFO - Filling up the DagBag from /home/airflow/.local/lib/python3.10/site-packages/airflow/example_dags/example_bash_operator.py
[2025-04-08T10:13:45.382+0000] {processor.py:840} INFO - DAG(s) 'example_bash_operator' retrieved from /home/airflow/.local/lib/python3.10/site-packages/airflow/example_dags/example_bash_operator.py
[2025-04-08T10:13:45.410+0000] {logging_mixin.py:188} INFO - [2025-04-08T10:13:45.410+0000] {dag.py:3047} INFO - Sync 1 DAGs
[2025-04-08T10:13:45.435+0000] {logging_mixin.py:188} INFO - [2025-04-08T10:13:45.434+0000] {dag.py:3834} INFO - Setting next_dagrun for example_bash_operator to 2025-04-07 00:00:00+00:00, run_after=2025-04-08 00:00:00+00:00
[2025-04-08T10:13:45.456+0000] {processor.py:183} INFO - Processing /home/airflow/.local/lib/python3.10/site-packages/airflow/example_dags/example_bash_operator.py took 0.094 seconds
