[2025-04-08T10:10:44.900+0000] {processor.py:161} INFO - Started process (PID=93) to work on /home/airflow/.local/lib/python3.10/site-packages/airflow/example_dags/example_sensor_decorator.py
[2025-04-08T10:10:44.901+0000] {processor.py:830} INFO - Processing file /home/airflow/.local/lib/python3.10/site-packages/airflow/example_dags/example_sensor_decorator.py for tasks to queue
[2025-04-08T10:10:44.905+0000] {logging_mixin.py:188} INFO - [2025-04-08T10:10:44.904+0000] {dagbag.py:540} INFO - Filling up the DagBag from /home/airflow/.local/lib/python3.10/site-packages/airflow/example_dags/example_sensor_decorator.py
[2025-04-08T10:10:44.923+0000] {processor.py:840} INFO - DAG(s) 'example_sensor_decorator' retrieved from /home/airflow/.local/lib/python3.10/site-packages/airflow/example_dags/example_sensor_decorator.py
[2025-04-08T10:10:44.977+0000] {logging_mixin.py:188} INFO - [2025-04-08T10:10:44.975+0000] {dag.py:3047} INFO - Sync 1 DAGs
[2025-04-08T10:10:45.001+0000] {logging_mixin.py:188} INFO - [2025-04-08T10:10:45.001+0000] {dag.py:3834} INFO - Setting next_dagrun for example_sensor_decorator to None, run_after=None
[2025-04-08T10:10:45.039+0000] {processor.py:183} INFO - Processing /home/airflow/.local/lib/python3.10/site-packages/airflow/example_dags/example_sensor_decorator.py took 0.145 seconds
[2025-04-08T10:11:15.111+0000] {processor.py:161} INFO - Started process (PID=155) to work on /home/airflow/.local/lib/python3.10/site-packages/airflow/example_dags/example_sensor_decorator.py
[2025-04-08T10:11:15.112+0000] {processor.py:830} INFO - Processing file /home/airflow/.local/lib/python3.10/site-packages/airflow/example_dags/example_sensor_decorator.py for tasks to queue
[2025-04-08T10:11:15.114+0000] {logging_mixin.py:188} INFO - [2025-04-08T10:11:15.114+0000] {dagbag.py:540} INFO - Filling up the DagBag from /home/airflow/.local/lib/python3.10/site-packages/airflow/example_dags/example_sensor_decorator.py
[2025-04-08T10:11:15.120+0000] {processor.py:840} INFO - DAG(s) 'example_sensor_decorator' retrieved from /home/airflow/.local/lib/python3.10/site-packages/airflow/example_dags/example_sensor_decorator.py
[2025-04-08T10:11:15.140+0000] {logging_mixin.py:188} INFO - [2025-04-08T10:11:15.139+0000] {dag.py:3047} INFO - Sync 1 DAGs
[2025-04-08T10:11:15.153+0000] {logging_mixin.py:188} INFO - [2025-04-08T10:11:15.153+0000] {dag.py:3834} INFO - Setting next_dagrun for example_sensor_decorator to None, run_after=None
[2025-04-08T10:11:15.173+0000] {processor.py:183} INFO - Processing /home/airflow/.local/lib/python3.10/site-packages/airflow/example_dags/example_sensor_decorator.py took 0.065 seconds
[2025-04-08T10:11:46.016+0000] {processor.py:161} INFO - Started process (PID=217) to work on /home/airflow/.local/lib/python3.10/site-packages/airflow/example_dags/example_sensor_decorator.py
[2025-04-08T10:11:46.017+0000] {processor.py:830} INFO - Processing file /home/airflow/.local/lib/python3.10/site-packages/airflow/example_dags/example_sensor_decorator.py for tasks to queue
[2025-04-08T10:11:46.019+0000] {logging_mixin.py:188} INFO - [2025-04-08T10:11:46.019+0000] {dagbag.py:540} INFO - Filling up the DagBag from /home/airflow/.local/lib/python3.10/site-packages/airflow/example_dags/example_sensor_decorator.py
[2025-04-08T10:11:46.026+0000] {processor.py:840} INFO - DAG(s) 'example_sensor_decorator' retrieved from /home/airflow/.local/lib/python3.10/site-packages/airflow/example_dags/example_sensor_decorator.py
[2025-04-08T10:11:46.046+0000] {logging_mixin.py:188} INFO - [2025-04-08T10:11:46.046+0000] {dag.py:3047} INFO - Sync 1 DAGs
[2025-04-08T10:11:46.058+0000] {logging_mixin.py:188} INFO - [2025-04-08T10:11:46.058+0000] {dag.py:3834} INFO - Setting next_dagrun for example_sensor_decorator to None, run_after=None
[2025-04-08T10:11:46.078+0000] {processor.py:183} INFO - Processing /home/airflow/.local/lib/python3.10/site-packages/airflow/example_dags/example_sensor_decorator.py took 0.065 seconds
[2025-04-08T10:12:16.604+0000] {processor.py:161} INFO - Started process (PID=279) to work on /home/airflow/.local/lib/python3.10/site-packages/airflow/example_dags/example_sensor_decorator.py
[2025-04-08T10:12:16.606+0000] {processor.py:830} INFO - Processing file /home/airflow/.local/lib/python3.10/site-packages/airflow/example_dags/example_sensor_decorator.py for tasks to queue
[2025-04-08T10:12:16.608+0000] {logging_mixin.py:188} INFO - [2025-04-08T10:12:16.608+0000] {dagbag.py:540} INFO - Filling up the DagBag from /home/airflow/.local/lib/python3.10/site-packages/airflow/example_dags/example_sensor_decorator.py
[2025-04-08T10:12:16.619+0000] {processor.py:840} INFO - DAG(s) 'example_sensor_decorator' retrieved from /home/airflow/.local/lib/python3.10/site-packages/airflow/example_dags/example_sensor_decorator.py
[2025-04-08T10:12:16.641+0000] {logging_mixin.py:188} INFO - [2025-04-08T10:12:16.641+0000] {dag.py:3047} INFO - Sync 1 DAGs
[2025-04-08T10:12:16.655+0000] {logging_mixin.py:188} INFO - [2025-04-08T10:12:16.654+0000] {dag.py:3834} INFO - Setting next_dagrun for example_sensor_decorator to None, run_after=None
[2025-04-08T10:12:16.678+0000] {processor.py:183} INFO - Processing /home/airflow/.local/lib/python3.10/site-packages/airflow/example_dags/example_sensor_decorator.py took 0.078 seconds
[2025-04-08T10:12:46.766+0000] {processor.py:161} INFO - Started process (PID=341) to work on /home/airflow/.local/lib/python3.10/site-packages/airflow/example_dags/example_sensor_decorator.py
[2025-04-08T10:12:46.768+0000] {processor.py:830} INFO - Processing file /home/airflow/.local/lib/python3.10/site-packages/airflow/example_dags/example_sensor_decorator.py for tasks to queue
[2025-04-08T10:12:46.770+0000] {logging_mixin.py:188} INFO - [2025-04-08T10:12:46.770+0000] {dagbag.py:540} INFO - Filling up the DagBag from /home/airflow/.local/lib/python3.10/site-packages/airflow/example_dags/example_sensor_decorator.py
[2025-04-08T10:12:46.777+0000] {processor.py:840} INFO - DAG(s) 'example_sensor_decorator' retrieved from /home/airflow/.local/lib/python3.10/site-packages/airflow/example_dags/example_sensor_decorator.py
[2025-04-08T10:12:46.803+0000] {logging_mixin.py:188} INFO - [2025-04-08T10:12:46.802+0000] {dag.py:3047} INFO - Sync 1 DAGs
[2025-04-08T10:12:46.822+0000] {logging_mixin.py:188} INFO - [2025-04-08T10:12:46.822+0000] {dag.py:3834} INFO - Setting next_dagrun for example_sensor_decorator to None, run_after=None
[2025-04-08T10:12:46.853+0000] {processor.py:183} INFO - Processing /home/airflow/.local/lib/python3.10/site-packages/airflow/example_dags/example_sensor_decorator.py took 0.092 seconds
[2025-04-08T10:13:17.046+0000] {processor.py:161} INFO - Started process (PID=403) to work on /home/airflow/.local/lib/python3.10/site-packages/airflow/example_dags/example_sensor_decorator.py
[2025-04-08T10:13:17.047+0000] {processor.py:830} INFO - Processing file /home/airflow/.local/lib/python3.10/site-packages/airflow/example_dags/example_sensor_decorator.py for tasks to queue
[2025-04-08T10:13:17.049+0000] {logging_mixin.py:188} INFO - [2025-04-08T10:13:17.049+0000] {dagbag.py:540} INFO - Filling up the DagBag from /home/airflow/.local/lib/python3.10/site-packages/airflow/example_dags/example_sensor_decorator.py
[2025-04-08T10:13:17.056+0000] {processor.py:840} INFO - DAG(s) 'example_sensor_decorator' retrieved from /home/airflow/.local/lib/python3.10/site-packages/airflow/example_dags/example_sensor_decorator.py
[2025-04-08T10:13:17.078+0000] {logging_mixin.py:188} INFO - [2025-04-08T10:13:17.078+0000] {dag.py:3047} INFO - Sync 1 DAGs
[2025-04-08T10:13:17.090+0000] {logging_mixin.py:188} INFO - [2025-04-08T10:13:17.090+0000] {dag.py:3834} INFO - Setting next_dagrun for example_sensor_decorator to None, run_after=None
[2025-04-08T10:13:17.114+0000] {processor.py:183} INFO - Processing /home/airflow/.local/lib/python3.10/site-packages/airflow/example_dags/example_sensor_decorator.py took 0.072 seconds
[2025-04-08T10:13:47.524+0000] {processor.py:161} INFO - Started process (PID=465) to work on /home/airflow/.local/lib/python3.10/site-packages/airflow/example_dags/example_sensor_decorator.py
[2025-04-08T10:13:47.525+0000] {processor.py:830} INFO - Processing file /home/airflow/.local/lib/python3.10/site-packages/airflow/example_dags/example_sensor_decorator.py for tasks to queue
[2025-04-08T10:13:47.527+0000] {logging_mixin.py:188} INFO - [2025-04-08T10:13:47.527+0000] {dagbag.py:540} INFO - Filling up the DagBag from /home/airflow/.local/lib/python3.10/site-packages/airflow/example_dags/example_sensor_decorator.py
[2025-04-08T10:13:47.535+0000] {processor.py:840} INFO - DAG(s) 'example_sensor_decorator' retrieved from /home/airflow/.local/lib/python3.10/site-packages/airflow/example_dags/example_sensor_decorator.py
[2025-04-08T10:13:47.559+0000] {logging_mixin.py:188} INFO - [2025-04-08T10:13:47.558+0000] {dag.py:3047} INFO - Sync 1 DAGs
[2025-04-08T10:13:47.572+0000] {logging_mixin.py:188} INFO - [2025-04-08T10:13:47.572+0000] {dag.py:3834} INFO - Setting next_dagrun for example_sensor_decorator to None, run_after=None
[2025-04-08T10:13:47.596+0000] {processor.py:183} INFO - Processing /home/airflow/.local/lib/python3.10/site-packages/airflow/example_dags/example_sensor_decorator.py took 0.076 seconds
