[2025-04-08T10:10:42.647+0000] {processor.py:161} INFO - Started process (PID=74) to work on /home/airflow/.local/lib/python3.10/site-packages/airflow/example_dags/example_local_kubernetes_executor.py
[2025-04-08T10:10:42.650+0000] {processor.py:830} INFO - Processing file /home/airflow/.local/lib/python3.10/site-packages/airflow/example_dags/example_local_kubernetes_executor.py for tasks to queue
[2025-04-08T10:10:42.655+0000] {logging_mixin.py:188} INFO - [2025-04-08T10:10:42.654+0000] {dagbag.py:540} INFO - Filling up the DagBag from /home/airflow/.local/lib/python3.10/site-packages/airflow/example_dags/example_local_kubernetes_executor.py
[2025-04-08T10:10:42.681+0000] {processor.py:840} INFO - DAG(s) 'example_local_kubernetes_executor' retrieved from /home/airflow/.local/lib/python3.10/site-packages/airflow/example_dags/example_local_kubernetes_executor.py
[2025-04-08T10:10:42.760+0000] {logging_mixin.py:188} INFO - [2025-04-08T10:10:42.759+0000] {dag.py:3047} INFO - Sync 1 DAGs
[2025-04-08T10:10:42.781+0000] {logging_mixin.py:188} INFO - [2025-04-08T10:10:42.780+0000] {dag.py:3834} INFO - Setting next_dagrun for example_local_kubernetes_executor to None, run_after=None
[2025-04-08T10:10:42.815+0000] {processor.py:183} INFO - Processing /home/airflow/.local/lib/python3.10/site-packages/airflow/example_dags/example_local_kubernetes_executor.py took 0.175 seconds
[2025-04-08T10:11:13.086+0000] {processor.py:161} INFO - Started process (PID=136) to work on /home/airflow/.local/lib/python3.10/site-packages/airflow/example_dags/example_local_kubernetes_executor.py
[2025-04-08T10:11:13.087+0000] {processor.py:830} INFO - Processing file /home/airflow/.local/lib/python3.10/site-packages/airflow/example_dags/example_local_kubernetes_executor.py for tasks to queue
[2025-04-08T10:11:13.089+0000] {logging_mixin.py:188} INFO - [2025-04-08T10:11:13.089+0000] {dagbag.py:540} INFO - Filling up the DagBag from /home/airflow/.local/lib/python3.10/site-packages/airflow/example_dags/example_local_kubernetes_executor.py
[2025-04-08T10:11:13.098+0000] {processor.py:840} INFO - DAG(s) 'example_local_kubernetes_executor' retrieved from /home/airflow/.local/lib/python3.10/site-packages/airflow/example_dags/example_local_kubernetes_executor.py
[2025-04-08T10:11:13.128+0000] {logging_mixin.py:188} INFO - [2025-04-08T10:11:13.128+0000] {dag.py:3047} INFO - Sync 1 DAGs
[2025-04-08T10:11:13.140+0000] {logging_mixin.py:188} INFO - [2025-04-08T10:11:13.140+0000] {dag.py:3834} INFO - Setting next_dagrun for example_local_kubernetes_executor to None, run_after=None
[2025-04-08T10:11:13.163+0000] {processor.py:183} INFO - Processing /home/airflow/.local/lib/python3.10/site-packages/airflow/example_dags/example_local_kubernetes_executor.py took 0.080 seconds
[2025-04-08T10:11:43.967+0000] {processor.py:161} INFO - Started process (PID=198) to work on /home/airflow/.local/lib/python3.10/site-packages/airflow/example_dags/example_local_kubernetes_executor.py
[2025-04-08T10:11:43.969+0000] {processor.py:830} INFO - Processing file /home/airflow/.local/lib/python3.10/site-packages/airflow/example_dags/example_local_kubernetes_executor.py for tasks to queue
[2025-04-08T10:11:43.971+0000] {logging_mixin.py:188} INFO - [2025-04-08T10:11:43.971+0000] {dagbag.py:540} INFO - Filling up the DagBag from /home/airflow/.local/lib/python3.10/site-packages/airflow/example_dags/example_local_kubernetes_executor.py
[2025-04-08T10:11:43.982+0000] {processor.py:840} INFO - DAG(s) 'example_local_kubernetes_executor' retrieved from /home/airflow/.local/lib/python3.10/site-packages/airflow/example_dags/example_local_kubernetes_executor.py
[2025-04-08T10:11:44.015+0000] {logging_mixin.py:188} INFO - [2025-04-08T10:11:44.014+0000] {dag.py:3047} INFO - Sync 1 DAGs
[2025-04-08T10:11:44.027+0000] {logging_mixin.py:188} INFO - [2025-04-08T10:11:44.027+0000] {dag.py:3834} INFO - Setting next_dagrun for example_local_kubernetes_executor to None, run_after=None
[2025-04-08T10:11:44.048+0000] {processor.py:183} INFO - Processing /home/airflow/.local/lib/python3.10/site-packages/airflow/example_dags/example_local_kubernetes_executor.py took 0.084 seconds
[2025-04-08T10:12:14.145+0000] {processor.py:161} INFO - Started process (PID=260) to work on /home/airflow/.local/lib/python3.10/site-packages/airflow/example_dags/example_local_kubernetes_executor.py
[2025-04-08T10:12:14.147+0000] {processor.py:830} INFO - Processing file /home/airflow/.local/lib/python3.10/site-packages/airflow/example_dags/example_local_kubernetes_executor.py for tasks to queue
[2025-04-08T10:12:14.150+0000] {logging_mixin.py:188} INFO - [2025-04-08T10:12:14.149+0000] {dagbag.py:540} INFO - Filling up the DagBag from /home/airflow/.local/lib/python3.10/site-packages/airflow/example_dags/example_local_kubernetes_executor.py
[2025-04-08T10:12:14.161+0000] {processor.py:840} INFO - DAG(s) 'example_local_kubernetes_executor' retrieved from /home/airflow/.local/lib/python3.10/site-packages/airflow/example_dags/example_local_kubernetes_executor.py
[2025-04-08T10:12:14.201+0000] {logging_mixin.py:188} INFO - [2025-04-08T10:12:14.200+0000] {dag.py:3047} INFO - Sync 1 DAGs
[2025-04-08T10:12:14.215+0000] {logging_mixin.py:188} INFO - [2025-04-08T10:12:14.215+0000] {dag.py:3834} INFO - Setting next_dagrun for example_local_kubernetes_executor to None, run_after=None
[2025-04-08T10:12:14.235+0000] {processor.py:183} INFO - Processing /home/airflow/.local/lib/python3.10/site-packages/airflow/example_dags/example_local_kubernetes_executor.py took 0.094 seconds
[2025-04-08T10:12:44.322+0000] {processor.py:161} INFO - Started process (PID=322) to work on /home/airflow/.local/lib/python3.10/site-packages/airflow/example_dags/example_local_kubernetes_executor.py
[2025-04-08T10:12:44.324+0000] {processor.py:830} INFO - Processing file /home/airflow/.local/lib/python3.10/site-packages/airflow/example_dags/example_local_kubernetes_executor.py for tasks to queue
[2025-04-08T10:12:44.326+0000] {logging_mixin.py:188} INFO - [2025-04-08T10:12:44.326+0000] {dagbag.py:540} INFO - Filling up the DagBag from /home/airflow/.local/lib/python3.10/site-packages/airflow/example_dags/example_local_kubernetes_executor.py
[2025-04-08T10:12:44.338+0000] {processor.py:840} INFO - DAG(s) 'example_local_kubernetes_executor' retrieved from /home/airflow/.local/lib/python3.10/site-packages/airflow/example_dags/example_local_kubernetes_executor.py
[2025-04-08T10:12:44.376+0000] {logging_mixin.py:188} INFO - [2025-04-08T10:12:44.376+0000] {dag.py:3047} INFO - Sync 1 DAGs
[2025-04-08T10:12:44.393+0000] {logging_mixin.py:188} INFO - [2025-04-08T10:12:44.392+0000] {dag.py:3834} INFO - Setting next_dagrun for example_local_kubernetes_executor to None, run_after=None
[2025-04-08T10:12:44.415+0000] {processor.py:183} INFO - Processing /home/airflow/.local/lib/python3.10/site-packages/airflow/example_dags/example_local_kubernetes_executor.py took 0.097 seconds
[2025-04-08T10:13:14.897+0000] {processor.py:161} INFO - Started process (PID=384) to work on /home/airflow/.local/lib/python3.10/site-packages/airflow/example_dags/example_local_kubernetes_executor.py
[2025-04-08T10:13:14.898+0000] {processor.py:830} INFO - Processing file /home/airflow/.local/lib/python3.10/site-packages/airflow/example_dags/example_local_kubernetes_executor.py for tasks to queue
[2025-04-08T10:13:14.900+0000] {logging_mixin.py:188} INFO - [2025-04-08T10:13:14.900+0000] {dagbag.py:540} INFO - Filling up the DagBag from /home/airflow/.local/lib/python3.10/site-packages/airflow/example_dags/example_local_kubernetes_executor.py
[2025-04-08T10:13:14.908+0000] {processor.py:840} INFO - DAG(s) 'example_local_kubernetes_executor' retrieved from /home/airflow/.local/lib/python3.10/site-packages/airflow/example_dags/example_local_kubernetes_executor.py
[2025-04-08T10:13:14.941+0000] {logging_mixin.py:188} INFO - [2025-04-08T10:13:14.940+0000] {dag.py:3047} INFO - Sync 1 DAGs
[2025-04-08T10:13:14.953+0000] {logging_mixin.py:188} INFO - [2025-04-08T10:13:14.953+0000] {dag.py:3834} INFO - Setting next_dagrun for example_local_kubernetes_executor to None, run_after=None
[2025-04-08T10:13:14.973+0000] {processor.py:183} INFO - Processing /home/airflow/.local/lib/python3.10/site-packages/airflow/example_dags/example_local_kubernetes_executor.py took 0.079 seconds
[2025-04-08T10:13:45.145+0000] {processor.py:161} INFO - Started process (PID=446) to work on /home/airflow/.local/lib/python3.10/site-packages/airflow/example_dags/example_local_kubernetes_executor.py
[2025-04-08T10:13:45.147+0000] {processor.py:830} INFO - Processing file /home/airflow/.local/lib/python3.10/site-packages/airflow/example_dags/example_local_kubernetes_executor.py for tasks to queue
[2025-04-08T10:13:45.149+0000] {logging_mixin.py:188} INFO - [2025-04-08T10:13:45.149+0000] {dagbag.py:540} INFO - Filling up the DagBag from /home/airflow/.local/lib/python3.10/site-packages/airflow/example_dags/example_local_kubernetes_executor.py
[2025-04-08T10:13:45.161+0000] {processor.py:840} INFO - DAG(s) 'example_local_kubernetes_executor' retrieved from /home/airflow/.local/lib/python3.10/site-packages/airflow/example_dags/example_local_kubernetes_executor.py
[2025-04-08T10:13:45.200+0000] {logging_mixin.py:188} INFO - [2025-04-08T10:13:45.199+0000] {dag.py:3047} INFO - Sync 1 DAGs
[2025-04-08T10:13:45.213+0000] {logging_mixin.py:188} INFO - [2025-04-08T10:13:45.212+0000] {dag.py:3834} INFO - Setting next_dagrun for example_local_kubernetes_executor to None, run_after=None
[2025-04-08T10:13:45.234+0000] {processor.py:183} INFO - Processing /home/airflow/.local/lib/python3.10/site-packages/airflow/example_dags/example_local_kubernetes_executor.py took 0.095 seconds
