[2025-04-08T10:10:44.192+0000] {processor.py:161} INFO - Started process (PID=86) to work on /home/airflow/.local/lib/python3.10/site-packages/airflow/example_dags/example_trigger_target_dag.py
[2025-04-08T10:10:44.194+0000] {processor.py:830} INFO - Processing file /home/airflow/.local/lib/python3.10/site-packages/airflow/example_dags/example_trigger_target_dag.py for tasks to queue
[2025-04-08T10:10:44.198+0000] {logging_mixin.py:188} INFO - [2025-04-08T10:10:44.197+0000] {dagbag.py:540} INFO - Filling up the DagBag from /home/airflow/.local/lib/python3.10/site-packages/airflow/example_dags/example_trigger_target_dag.py
[2025-04-08T10:10:44.217+0000] {processor.py:840} INFO - DAG(s) 'example_trigger_target_dag' retrieved from /home/airflow/.local/lib/python3.10/site-packages/airflow/example_dags/example_trigger_target_dag.py
[2025-04-08T10:10:44.262+0000] {logging_mixin.py:188} INFO - [2025-04-08T10:10:44.261+0000] {dag.py:3047} INFO - Sync 1 DAGs
[2025-04-08T10:10:44.283+0000] {logging_mixin.py:188} INFO - [2025-04-08T10:10:44.282+0000] {dag.py:3834} INFO - Setting next_dagrun for example_trigger_target_dag to None, run_after=None
[2025-04-08T10:10:44.321+0000] {processor.py:183} INFO - Processing /home/airflow/.local/lib/python3.10/site-packages/airflow/example_dags/example_trigger_target_dag.py took 0.135 seconds
[2025-04-08T10:11:14.743+0000] {processor.py:161} INFO - Started process (PID=148) to work on /home/airflow/.local/lib/python3.10/site-packages/airflow/example_dags/example_trigger_target_dag.py
[2025-04-08T10:11:14.744+0000] {processor.py:830} INFO - Processing file /home/airflow/.local/lib/python3.10/site-packages/airflow/example_dags/example_trigger_target_dag.py for tasks to queue
[2025-04-08T10:11:14.746+0000] {logging_mixin.py:188} INFO - [2025-04-08T10:11:14.745+0000] {dagbag.py:540} INFO - Filling up the DagBag from /home/airflow/.local/lib/python3.10/site-packages/airflow/example_dags/example_trigger_target_dag.py
[2025-04-08T10:11:14.752+0000] {processor.py:840} INFO - DAG(s) 'example_trigger_target_dag' retrieved from /home/airflow/.local/lib/python3.10/site-packages/airflow/example_dags/example_trigger_target_dag.py
[2025-04-08T10:11:14.772+0000] {logging_mixin.py:188} INFO - [2025-04-08T10:11:14.771+0000] {dag.py:3047} INFO - Sync 1 DAGs
[2025-04-08T10:11:14.783+0000] {logging_mixin.py:188} INFO - [2025-04-08T10:11:14.783+0000] {dag.py:3834} INFO - Setting next_dagrun for example_trigger_target_dag to None, run_after=None
[2025-04-08T10:11:14.805+0000] {processor.py:183} INFO - Processing /home/airflow/.local/lib/python3.10/site-packages/airflow/example_dags/example_trigger_target_dag.py took 0.065 seconds
[2025-04-08T10:11:45.629+0000] {processor.py:161} INFO - Started process (PID=210) to work on /home/airflow/.local/lib/python3.10/site-packages/airflow/example_dags/example_trigger_target_dag.py
[2025-04-08T10:11:45.631+0000] {processor.py:830} INFO - Processing file /home/airflow/.local/lib/python3.10/site-packages/airflow/example_dags/example_trigger_target_dag.py for tasks to queue
[2025-04-08T10:11:45.633+0000] {logging_mixin.py:188} INFO - [2025-04-08T10:11:45.633+0000] {dagbag.py:540} INFO - Filling up the DagBag from /home/airflow/.local/lib/python3.10/site-packages/airflow/example_dags/example_trigger_target_dag.py
[2025-04-08T10:11:45.639+0000] {processor.py:840} INFO - DAG(s) 'example_trigger_target_dag' retrieved from /home/airflow/.local/lib/python3.10/site-packages/airflow/example_dags/example_trigger_target_dag.py
[2025-04-08T10:11:45.660+0000] {logging_mixin.py:188} INFO - [2025-04-08T10:11:45.660+0000] {dag.py:3047} INFO - Sync 1 DAGs
[2025-04-08T10:11:45.672+0000] {logging_mixin.py:188} INFO - [2025-04-08T10:11:45.672+0000] {dag.py:3834} INFO - Setting next_dagrun for example_trigger_target_dag to None, run_after=None
[2025-04-08T10:11:45.693+0000] {processor.py:183} INFO - Processing /home/airflow/.local/lib/python3.10/site-packages/airflow/example_dags/example_trigger_target_dag.py took 0.067 seconds
[2025-04-08T10:12:15.840+0000] {processor.py:161} INFO - Started process (PID=272) to work on /home/airflow/.local/lib/python3.10/site-packages/airflow/example_dags/example_trigger_target_dag.py
[2025-04-08T10:12:15.841+0000] {processor.py:830} INFO - Processing file /home/airflow/.local/lib/python3.10/site-packages/airflow/example_dags/example_trigger_target_dag.py for tasks to queue
[2025-04-08T10:12:15.843+0000] {logging_mixin.py:188} INFO - [2025-04-08T10:12:15.843+0000] {dagbag.py:540} INFO - Filling up the DagBag from /home/airflow/.local/lib/python3.10/site-packages/airflow/example_dags/example_trigger_target_dag.py
[2025-04-08T10:12:15.850+0000] {processor.py:840} INFO - DAG(s) 'example_trigger_target_dag' retrieved from /home/airflow/.local/lib/python3.10/site-packages/airflow/example_dags/example_trigger_target_dag.py
[2025-04-08T10:12:15.869+0000] {logging_mixin.py:188} INFO - [2025-04-08T10:12:15.869+0000] {dag.py:3047} INFO - Sync 1 DAGs
[2025-04-08T10:12:15.882+0000] {logging_mixin.py:188} INFO - [2025-04-08T10:12:15.881+0000] {dag.py:3834} INFO - Setting next_dagrun for example_trigger_target_dag to None, run_after=None
[2025-04-08T10:12:15.902+0000] {processor.py:183} INFO - Processing /home/airflow/.local/lib/python3.10/site-packages/airflow/example_dags/example_trigger_target_dag.py took 0.066 seconds
[2025-04-08T10:12:46.005+0000] {processor.py:161} INFO - Started process (PID=333) to work on /home/airflow/.local/lib/python3.10/site-packages/airflow/example_dags/example_trigger_target_dag.py
[2025-04-08T10:12:46.007+0000] {processor.py:830} INFO - Processing file /home/airflow/.local/lib/python3.10/site-packages/airflow/example_dags/example_trigger_target_dag.py for tasks to queue
[2025-04-08T10:12:46.009+0000] {logging_mixin.py:188} INFO - [2025-04-08T10:12:46.009+0000] {dagbag.py:540} INFO - Filling up the DagBag from /home/airflow/.local/lib/python3.10/site-packages/airflow/example_dags/example_trigger_target_dag.py
[2025-04-08T10:12:46.018+0000] {processor.py:840} INFO - DAG(s) 'example_trigger_target_dag' retrieved from /home/airflow/.local/lib/python3.10/site-packages/airflow/example_dags/example_trigger_target_dag.py
[2025-04-08T10:12:46.042+0000] {logging_mixin.py:188} INFO - [2025-04-08T10:12:46.041+0000] {dag.py:3047} INFO - Sync 1 DAGs
[2025-04-08T10:12:46.058+0000] {logging_mixin.py:188} INFO - [2025-04-08T10:12:46.057+0000] {dag.py:3834} INFO - Setting next_dagrun for example_trigger_target_dag to None, run_after=None
[2025-04-08T10:12:46.083+0000] {processor.py:183} INFO - Processing /home/airflow/.local/lib/python3.10/site-packages/airflow/example_dags/example_trigger_target_dag.py took 0.082 seconds
[2025-04-08T10:13:16.462+0000] {processor.py:161} INFO - Started process (PID=395) to work on /home/airflow/.local/lib/python3.10/site-packages/airflow/example_dags/example_trigger_target_dag.py
[2025-04-08T10:13:16.464+0000] {processor.py:830} INFO - Processing file /home/airflow/.local/lib/python3.10/site-packages/airflow/example_dags/example_trigger_target_dag.py for tasks to queue
[2025-04-08T10:13:16.466+0000] {logging_mixin.py:188} INFO - [2025-04-08T10:13:16.466+0000] {dagbag.py:540} INFO - Filling up the DagBag from /home/airflow/.local/lib/python3.10/site-packages/airflow/example_dags/example_trigger_target_dag.py
[2025-04-08T10:13:16.473+0000] {processor.py:840} INFO - DAG(s) 'example_trigger_target_dag' retrieved from /home/airflow/.local/lib/python3.10/site-packages/airflow/example_dags/example_trigger_target_dag.py
[2025-04-08T10:13:16.494+0000] {logging_mixin.py:188} INFO - [2025-04-08T10:13:16.494+0000] {dag.py:3047} INFO - Sync 1 DAGs
[2025-04-08T10:13:16.506+0000] {logging_mixin.py:188} INFO - [2025-04-08T10:13:16.506+0000] {dag.py:3834} INFO - Setting next_dagrun for example_trigger_target_dag to None, run_after=None
[2025-04-08T10:13:16.525+0000] {processor.py:183} INFO - Processing /home/airflow/.local/lib/python3.10/site-packages/airflow/example_dags/example_trigger_target_dag.py took 0.066 seconds
[2025-04-08T10:13:47.067+0000] {processor.py:161} INFO - Started process (PID=458) to work on /home/airflow/.local/lib/python3.10/site-packages/airflow/example_dags/example_trigger_target_dag.py
[2025-04-08T10:13:47.069+0000] {processor.py:830} INFO - Processing file /home/airflow/.local/lib/python3.10/site-packages/airflow/example_dags/example_trigger_target_dag.py for tasks to queue
[2025-04-08T10:13:47.071+0000] {logging_mixin.py:188} INFO - [2025-04-08T10:13:47.071+0000] {dagbag.py:540} INFO - Filling up the DagBag from /home/airflow/.local/lib/python3.10/site-packages/airflow/example_dags/example_trigger_target_dag.py
[2025-04-08T10:13:47.081+0000] {processor.py:840} INFO - DAG(s) 'example_trigger_target_dag' retrieved from /home/airflow/.local/lib/python3.10/site-packages/airflow/example_dags/example_trigger_target_dag.py
[2025-04-08T10:13:47.114+0000] {logging_mixin.py:188} INFO - [2025-04-08T10:13:47.113+0000] {dag.py:3047} INFO - Sync 1 DAGs
[2025-04-08T10:13:47.137+0000] {logging_mixin.py:188} INFO - [2025-04-08T10:13:47.137+0000] {dag.py:3834} INFO - Setting next_dagrun for example_trigger_target_dag to None, run_after=None
[2025-04-08T10:13:47.169+0000] {processor.py:183} INFO - Processing /home/airflow/.local/lib/python3.10/site-packages/airflow/example_dags/example_trigger_target_dag.py took 0.107 seconds
