[2025-04-08T10:10:43.211+0000] {processor.py:161} INFO - Started process (PID=79) to work on /home/airflow/.local/lib/python3.10/site-packages/airflow/example_dags/example_branch_python_dop_operator_3.py
[2025-04-08T10:10:43.213+0000] {processor.py:830} INFO - Processing file /home/airflow/.local/lib/python3.10/site-packages/airflow/example_dags/example_branch_python_dop_operator_3.py for tasks to queue
[2025-04-08T10:10:43.217+0000] {logging_mixin.py:188} INFO - [2025-04-08T10:10:43.217+0000] {dagbag.py:540} INFO - Filling up the DagBag from /home/airflow/.local/lib/python3.10/site-packages/airflow/example_dags/example_branch_python_dop_operator_3.py
[2025-04-08T10:10:43.242+0000] {processor.py:840} INFO - DAG(s) 'example_branch_dop_operator_v3' retrieved from /home/airflow/.local/lib/python3.10/site-packages/airflow/example_dags/example_branch_python_dop_operator_3.py
[2025-04-08T10:10:43.282+0000] {logging_mixin.py:188} INFO - [2025-04-08T10:10:43.281+0000] {dag.py:3047} INFO - Sync 1 DAGs
[2025-04-08T10:10:43.320+0000] {logging_mixin.py:188} INFO - [2025-04-08T10:10:43.320+0000] {dag.py:3834} INFO - Setting next_dagrun for example_branch_dop_operator_v3 to 2025-04-08 10:09:00+00:00, run_after=2025-04-08 10:10:00+00:00
[2025-04-08T10:10:43.356+0000] {processor.py:183} INFO - Processing /home/airflow/.local/lib/python3.10/site-packages/airflow/example_dags/example_branch_python_dop_operator_3.py took 0.152 seconds
[2025-04-08T10:11:13.395+0000] {processor.py:161} INFO - Started process (PID=141) to work on /home/airflow/.local/lib/python3.10/site-packages/airflow/example_dags/example_branch_python_dop_operator_3.py
[2025-04-08T10:11:13.396+0000] {processor.py:830} INFO - Processing file /home/airflow/.local/lib/python3.10/site-packages/airflow/example_dags/example_branch_python_dop_operator_3.py for tasks to queue
[2025-04-08T10:11:13.398+0000] {logging_mixin.py:188} INFO - [2025-04-08T10:11:13.398+0000] {dagbag.py:540} INFO - Filling up the DagBag from /home/airflow/.local/lib/python3.10/site-packages/airflow/example_dags/example_branch_python_dop_operator_3.py
[2025-04-08T10:11:13.407+0000] {processor.py:840} INFO - DAG(s) 'example_branch_dop_operator_v3' retrieved from /home/airflow/.local/lib/python3.10/site-packages/airflow/example_dags/example_branch_python_dop_operator_3.py
[2025-04-08T10:11:13.428+0000] {logging_mixin.py:188} INFO - [2025-04-08T10:11:13.427+0000] {dag.py:3047} INFO - Sync 1 DAGs
[2025-04-08T10:11:13.452+0000] {logging_mixin.py:188} INFO - [2025-04-08T10:11:13.452+0000] {dag.py:3834} INFO - Setting next_dagrun for example_branch_dop_operator_v3 to 2025-04-08 10:10:00+00:00, run_after=2025-04-08 10:11:00+00:00
[2025-04-08T10:11:13.477+0000] {processor.py:183} INFO - Processing /home/airflow/.local/lib/python3.10/site-packages/airflow/example_dags/example_branch_python_dop_operator_3.py took 0.085 seconds
[2025-04-08T10:11:44.225+0000] {processor.py:161} INFO - Started process (PID=203) to work on /home/airflow/.local/lib/python3.10/site-packages/airflow/example_dags/example_branch_python_dop_operator_3.py
[2025-04-08T10:11:44.226+0000] {processor.py:830} INFO - Processing file /home/airflow/.local/lib/python3.10/site-packages/airflow/example_dags/example_branch_python_dop_operator_3.py for tasks to queue
[2025-04-08T10:11:44.229+0000] {logging_mixin.py:188} INFO - [2025-04-08T10:11:44.228+0000] {dagbag.py:540} INFO - Filling up the DagBag from /home/airflow/.local/lib/python3.10/site-packages/airflow/example_dags/example_branch_python_dop_operator_3.py
[2025-04-08T10:11:44.237+0000] {processor.py:840} INFO - DAG(s) 'example_branch_dop_operator_v3' retrieved from /home/airflow/.local/lib/python3.10/site-packages/airflow/example_dags/example_branch_python_dop_operator_3.py
[2025-04-08T10:11:44.258+0000] {logging_mixin.py:188} INFO - [2025-04-08T10:11:44.257+0000] {dag.py:3047} INFO - Sync 1 DAGs
[2025-04-08T10:11:44.280+0000] {logging_mixin.py:188} INFO - [2025-04-08T10:11:44.280+0000] {dag.py:3834} INFO - Setting next_dagrun for example_branch_dop_operator_v3 to 2025-04-08 10:10:00+00:00, run_after=2025-04-08 10:11:00+00:00
[2025-04-08T10:11:44.300+0000] {processor.py:183} INFO - Processing /home/airflow/.local/lib/python3.10/site-packages/airflow/example_dags/example_branch_python_dop_operator_3.py took 0.078 seconds
[2025-04-08T10:12:14.448+0000] {processor.py:161} INFO - Started process (PID=265) to work on /home/airflow/.local/lib/python3.10/site-packages/airflow/example_dags/example_branch_python_dop_operator_3.py
[2025-04-08T10:12:14.450+0000] {processor.py:830} INFO - Processing file /home/airflow/.local/lib/python3.10/site-packages/airflow/example_dags/example_branch_python_dop_operator_3.py for tasks to queue
[2025-04-08T10:12:14.452+0000] {logging_mixin.py:188} INFO - [2025-04-08T10:12:14.452+0000] {dagbag.py:540} INFO - Filling up the DagBag from /home/airflow/.local/lib/python3.10/site-packages/airflow/example_dags/example_branch_python_dop_operator_3.py
[2025-04-08T10:12:14.465+0000] {processor.py:840} INFO - DAG(s) 'example_branch_dop_operator_v3' retrieved from /home/airflow/.local/lib/python3.10/site-packages/airflow/example_dags/example_branch_python_dop_operator_3.py
[2025-04-08T10:12:14.489+0000] {logging_mixin.py:188} INFO - [2025-04-08T10:12:14.489+0000] {dag.py:3047} INFO - Sync 1 DAGs
[2025-04-08T10:12:14.522+0000] {logging_mixin.py:188} INFO - [2025-04-08T10:12:14.522+0000] {dag.py:3834} INFO - Setting next_dagrun for example_branch_dop_operator_v3 to 2025-04-08 10:11:00+00:00, run_after=2025-04-08 10:12:00+00:00
[2025-04-08T10:12:14.543+0000] {processor.py:183} INFO - Processing /home/airflow/.local/lib/python3.10/site-packages/airflow/example_dags/example_branch_python_dop_operator_3.py took 0.099 seconds
[2025-04-08T10:12:44.630+0000] {processor.py:161} INFO - Started process (PID=327) to work on /home/airflow/.local/lib/python3.10/site-packages/airflow/example_dags/example_branch_python_dop_operator_3.py
[2025-04-08T10:12:44.631+0000] {processor.py:830} INFO - Processing file /home/airflow/.local/lib/python3.10/site-packages/airflow/example_dags/example_branch_python_dop_operator_3.py for tasks to queue
[2025-04-08T10:12:44.634+0000] {logging_mixin.py:188} INFO - [2025-04-08T10:12:44.633+0000] {dagbag.py:540} INFO - Filling up the DagBag from /home/airflow/.local/lib/python3.10/site-packages/airflow/example_dags/example_branch_python_dop_operator_3.py
[2025-04-08T10:12:44.649+0000] {processor.py:840} INFO - DAG(s) 'example_branch_dop_operator_v3' retrieved from /home/airflow/.local/lib/python3.10/site-packages/airflow/example_dags/example_branch_python_dop_operator_3.py
[2025-04-08T10:12:44.685+0000] {logging_mixin.py:188} INFO - [2025-04-08T10:12:44.684+0000] {dag.py:3047} INFO - Sync 1 DAGs
[2025-04-08T10:12:44.721+0000] {logging_mixin.py:188} INFO - [2025-04-08T10:12:44.721+0000] {dag.py:3834} INFO - Setting next_dagrun for example_branch_dop_operator_v3 to 2025-04-08 10:11:00+00:00, run_after=2025-04-08 10:12:00+00:00
[2025-04-08T10:12:44.748+0000] {processor.py:183} INFO - Processing /home/airflow/.local/lib/python3.10/site-packages/airflow/example_dags/example_branch_python_dop_operator_3.py took 0.123 seconds
[2025-04-08T10:13:15.137+0000] {processor.py:161} INFO - Started process (PID=389) to work on /home/airflow/.local/lib/python3.10/site-packages/airflow/example_dags/example_branch_python_dop_operator_3.py
[2025-04-08T10:13:15.138+0000] {processor.py:830} INFO - Processing file /home/airflow/.local/lib/python3.10/site-packages/airflow/example_dags/example_branch_python_dop_operator_3.py for tasks to queue
[2025-04-08T10:13:15.140+0000] {logging_mixin.py:188} INFO - [2025-04-08T10:13:15.140+0000] {dagbag.py:540} INFO - Filling up the DagBag from /home/airflow/.local/lib/python3.10/site-packages/airflow/example_dags/example_branch_python_dop_operator_3.py
[2025-04-08T10:13:15.149+0000] {processor.py:840} INFO - DAG(s) 'example_branch_dop_operator_v3' retrieved from /home/airflow/.local/lib/python3.10/site-packages/airflow/example_dags/example_branch_python_dop_operator_3.py
[2025-04-08T10:13:15.170+0000] {logging_mixin.py:188} INFO - [2025-04-08T10:13:15.169+0000] {dag.py:3047} INFO - Sync 1 DAGs
[2025-04-08T10:13:15.196+0000] {logging_mixin.py:188} INFO - [2025-04-08T10:13:15.195+0000] {dag.py:3834} INFO - Setting next_dagrun for example_branch_dop_operator_v3 to 2025-04-08 10:12:00+00:00, run_after=2025-04-08 10:13:00+00:00
[2025-04-08T10:13:15.215+0000] {processor.py:183} INFO - Processing /home/airflow/.local/lib/python3.10/site-packages/airflow/example_dags/example_branch_python_dop_operator_3.py took 0.081 seconds
[2025-04-08T10:13:45.412+0000] {processor.py:161} INFO - Started process (PID=451) to work on /home/airflow/.local/lib/python3.10/site-packages/airflow/example_dags/example_branch_python_dop_operator_3.py
[2025-04-08T10:13:45.414+0000] {processor.py:830} INFO - Processing file /home/airflow/.local/lib/python3.10/site-packages/airflow/example_dags/example_branch_python_dop_operator_3.py for tasks to queue
[2025-04-08T10:13:45.416+0000] {logging_mixin.py:188} INFO - [2025-04-08T10:13:45.416+0000] {dagbag.py:540} INFO - Filling up the DagBag from /home/airflow/.local/lib/python3.10/site-packages/airflow/example_dags/example_branch_python_dop_operator_3.py
[2025-04-08T10:13:45.425+0000] {processor.py:840} INFO - DAG(s) 'example_branch_dop_operator_v3' retrieved from /home/airflow/.local/lib/python3.10/site-packages/airflow/example_dags/example_branch_python_dop_operator_3.py
[2025-04-08T10:13:45.446+0000] {logging_mixin.py:188} INFO - [2025-04-08T10:13:45.445+0000] {dag.py:3047} INFO - Sync 1 DAGs
[2025-04-08T10:13:45.474+0000] {logging_mixin.py:188} INFO - [2025-04-08T10:13:45.474+0000] {dag.py:3834} INFO - Setting next_dagrun for example_branch_dop_operator_v3 to 2025-04-08 10:12:00+00:00, run_after=2025-04-08 10:13:00+00:00
[2025-04-08T10:13:45.493+0000] {processor.py:183} INFO - Processing /home/airflow/.local/lib/python3.10/site-packages/airflow/example_dags/example_branch_python_dop_operator_3.py took 0.085 seconds
