[2025-04-08T10:10:47.162+0000] {processor.py:161} INFO - Started process (PID=114) to work on /home/airflow/.local/lib/python3.10/site-packages/airflow/example_dags/example_params_trigger_ui.py
[2025-04-08T10:10:47.164+0000] {processor.py:830} INFO - Processing file /home/airflow/.local/lib/python3.10/site-packages/airflow/example_dags/example_params_trigger_ui.py for tasks to queue
[2025-04-08T10:10:47.168+0000] {logging_mixin.py:188} INFO - [2025-04-08T10:10:47.167+0000] {dagbag.py:540} INFO - Filling up the DagBag from /home/airflow/.local/lib/python3.10/site-packages/airflow/example_dags/example_params_trigger_ui.py
[2025-04-08T10:10:47.189+0000] {processor.py:840} INFO - DAG(s) 'example_params_trigger_ui' retrieved from /home/airflow/.local/lib/python3.10/site-packages/airflow/example_dags/example_params_trigger_ui.py
[2025-04-08T10:10:47.258+0000] {logging_mixin.py:188} INFO - [2025-04-08T10:10:47.257+0000] {dag.py:3047} INFO - Sync 1 DAGs
[2025-04-08T10:10:47.273+0000] {logging_mixin.py:188} INFO - [2025-04-08T10:10:47.273+0000] {dag.py:3834} INFO - Setting next_dagrun for example_params_trigger_ui to None, run_after=None
[2025-04-08T10:10:47.305+0000] {processor.py:183} INFO - Processing /home/airflow/.local/lib/python3.10/site-packages/airflow/example_dags/example_params_trigger_ui.py took 0.151 seconds
[2025-04-08T10:11:18.201+0000] {processor.py:161} INFO - Started process (PID=176) to work on /home/airflow/.local/lib/python3.10/site-packages/airflow/example_dags/example_params_trigger_ui.py
[2025-04-08T10:11:18.202+0000] {processor.py:830} INFO - Processing file /home/airflow/.local/lib/python3.10/site-packages/airflow/example_dags/example_params_trigger_ui.py for tasks to queue
[2025-04-08T10:11:18.204+0000] {logging_mixin.py:188} INFO - [2025-04-08T10:11:18.203+0000] {dagbag.py:540} INFO - Filling up the DagBag from /home/airflow/.local/lib/python3.10/site-packages/airflow/example_dags/example_params_trigger_ui.py
[2025-04-08T10:11:18.218+0000] {processor.py:840} INFO - DAG(s) 'example_params_trigger_ui' retrieved from /home/airflow/.local/lib/python3.10/site-packages/airflow/example_dags/example_params_trigger_ui.py
[2025-04-08T10:11:18.261+0000] {logging_mixin.py:188} INFO - [2025-04-08T10:11:18.261+0000] {dag.py:3047} INFO - Sync 1 DAGs
[2025-04-08T10:11:18.273+0000] {logging_mixin.py:188} INFO - [2025-04-08T10:11:18.273+0000] {dag.py:3834} INFO - Setting next_dagrun for example_params_trigger_ui to None, run_after=None
[2025-04-08T10:11:18.292+0000] {processor.py:183} INFO - Processing /home/airflow/.local/lib/python3.10/site-packages/airflow/example_dags/example_params_trigger_ui.py took 0.095 seconds
[2025-04-08T10:11:49.131+0000] {processor.py:161} INFO - Started process (PID=238) to work on /home/airflow/.local/lib/python3.10/site-packages/airflow/example_dags/example_params_trigger_ui.py
[2025-04-08T10:11:49.133+0000] {processor.py:830} INFO - Processing file /home/airflow/.local/lib/python3.10/site-packages/airflow/example_dags/example_params_trigger_ui.py for tasks to queue
[2025-04-08T10:11:49.135+0000] {logging_mixin.py:188} INFO - [2025-04-08T10:11:49.134+0000] {dagbag.py:540} INFO - Filling up the DagBag from /home/airflow/.local/lib/python3.10/site-packages/airflow/example_dags/example_params_trigger_ui.py
[2025-04-08T10:11:49.150+0000] {processor.py:840} INFO - DAG(s) 'example_params_trigger_ui' retrieved from /home/airflow/.local/lib/python3.10/site-packages/airflow/example_dags/example_params_trigger_ui.py
[2025-04-08T10:11:49.195+0000] {logging_mixin.py:188} INFO - [2025-04-08T10:11:49.195+0000] {dag.py:3047} INFO - Sync 1 DAGs
[2025-04-08T10:11:49.206+0000] {logging_mixin.py:188} INFO - [2025-04-08T10:11:49.206+0000] {dag.py:3834} INFO - Setting next_dagrun for example_params_trigger_ui to None, run_after=None
[2025-04-08T10:11:49.228+0000] {processor.py:183} INFO - Processing /home/airflow/.local/lib/python3.10/site-packages/airflow/example_dags/example_params_trigger_ui.py took 0.100 seconds
[2025-04-08T10:12:20.069+0000] {processor.py:161} INFO - Started process (PID=300) to work on /home/airflow/.local/lib/python3.10/site-packages/airflow/example_dags/example_params_trigger_ui.py
[2025-04-08T10:12:20.072+0000] {processor.py:830} INFO - Processing file /home/airflow/.local/lib/python3.10/site-packages/airflow/example_dags/example_params_trigger_ui.py for tasks to queue
[2025-04-08T10:12:20.076+0000] {logging_mixin.py:188} INFO - [2025-04-08T10:12:20.076+0000] {dagbag.py:540} INFO - Filling up the DagBag from /home/airflow/.local/lib/python3.10/site-packages/airflow/example_dags/example_params_trigger_ui.py
[2025-04-08T10:12:20.111+0000] {processor.py:840} INFO - DAG(s) 'example_params_trigger_ui' retrieved from /home/airflow/.local/lib/python3.10/site-packages/airflow/example_dags/example_params_trigger_ui.py
[2025-04-08T10:12:20.244+0000] {logging_mixin.py:188} INFO - [2025-04-08T10:12:20.243+0000] {dag.py:3047} INFO - Sync 1 DAGs
[2025-04-08T10:12:20.270+0000] {logging_mixin.py:188} INFO - [2025-04-08T10:12:20.270+0000] {dag.py:3834} INFO - Setting next_dagrun for example_params_trigger_ui to None, run_after=None
[2025-04-08T10:12:20.317+0000] {processor.py:183} INFO - Processing /home/airflow/.local/lib/python3.10/site-packages/airflow/example_dags/example_params_trigger_ui.py took 0.257 seconds
[2025-04-08T10:12:50.892+0000] {processor.py:161} INFO - Started process (PID=362) to work on /home/airflow/.local/lib/python3.10/site-packages/airflow/example_dags/example_params_trigger_ui.py
[2025-04-08T10:12:50.894+0000] {processor.py:830} INFO - Processing file /home/airflow/.local/lib/python3.10/site-packages/airflow/example_dags/example_params_trigger_ui.py for tasks to queue
[2025-04-08T10:12:50.897+0000] {logging_mixin.py:188} INFO - [2025-04-08T10:12:50.896+0000] {dagbag.py:540} INFO - Filling up the DagBag from /home/airflow/.local/lib/python3.10/site-packages/airflow/example_dags/example_params_trigger_ui.py
[2025-04-08T10:12:50.915+0000] {processor.py:840} INFO - DAG(s) 'example_params_trigger_ui' retrieved from /home/airflow/.local/lib/python3.10/site-packages/airflow/example_dags/example_params_trigger_ui.py
[2025-04-08T10:12:50.972+0000] {logging_mixin.py:188} INFO - [2025-04-08T10:12:50.972+0000] {dag.py:3047} INFO - Sync 1 DAGs
[2025-04-08T10:12:50.988+0000] {logging_mixin.py:188} INFO - [2025-04-08T10:12:50.987+0000] {dag.py:3834} INFO - Setting next_dagrun for example_params_trigger_ui to None, run_after=None
[2025-04-08T10:12:51.020+0000] {processor.py:183} INFO - Processing /home/airflow/.local/lib/python3.10/site-packages/airflow/example_dags/example_params_trigger_ui.py took 0.132 seconds
[2025-04-08T10:13:21.225+0000] {processor.py:161} INFO - Started process (PID=424) to work on /home/airflow/.local/lib/python3.10/site-packages/airflow/example_dags/example_params_trigger_ui.py
[2025-04-08T10:13:21.226+0000] {processor.py:830} INFO - Processing file /home/airflow/.local/lib/python3.10/site-packages/airflow/example_dags/example_params_trigger_ui.py for tasks to queue
[2025-04-08T10:13:21.228+0000] {logging_mixin.py:188} INFO - [2025-04-08T10:13:21.228+0000] {dagbag.py:540} INFO - Filling up the DagBag from /home/airflow/.local/lib/python3.10/site-packages/airflow/example_dags/example_params_trigger_ui.py
[2025-04-08T10:13:21.242+0000] {processor.py:840} INFO - DAG(s) 'example_params_trigger_ui' retrieved from /home/airflow/.local/lib/python3.10/site-packages/airflow/example_dags/example_params_trigger_ui.py
[2025-04-08T10:13:21.288+0000] {logging_mixin.py:188} INFO - [2025-04-08T10:13:21.288+0000] {dag.py:3047} INFO - Sync 1 DAGs
[2025-04-08T10:13:21.300+0000] {logging_mixin.py:188} INFO - [2025-04-08T10:13:21.300+0000] {dag.py:3834} INFO - Setting next_dagrun for example_params_trigger_ui to None, run_after=None
[2025-04-08T10:13:21.323+0000] {processor.py:183} INFO - Processing /home/airflow/.local/lib/python3.10/site-packages/airflow/example_dags/example_params_trigger_ui.py took 0.102 seconds
