[2025-04-08T10:10:45.157+0000] {processor.py:161} INFO - Started process (PID=96) to work on /home/airflow/.local/lib/python3.10/site-packages/airflow/example_dags/example_branch_operator.py
[2025-04-08T10:10:45.158+0000] {processor.py:830} INFO - Processing file /home/airflow/.local/lib/python3.10/site-packages/airflow/example_dags/example_branch_operator.py for tasks to queue
[2025-04-08T10:10:45.163+0000] {logging_mixin.py:188} INFO - [2025-04-08T10:10:45.162+0000] {dagbag.py:540} INFO - Filling up the DagBag from /home/airflow/.local/lib/python3.10/site-packages/airflow/example_dags/example_branch_operator.py
[2025-04-08T10:10:45.204+0000] {processor.py:840} INFO - DAG(s) 'example_branch_operator' retrieved from /home/airflow/.local/lib/python3.10/site-packages/airflow/example_dags/example_branch_operator.py
[2025-04-08T10:10:45.427+0000] {logging_mixin.py:188} INFO - [2025-04-08T10:10:45.426+0000] {dag.py:3047} INFO - Sync 1 DAGs
[2025-04-08T10:10:45.466+0000] {logging_mixin.py:188} INFO - [2025-04-08T10:10:45.465+0000] {dag.py:3834} INFO - Setting next_dagrun for example_branch_operator to 2025-04-07 00:00:00+00:00, run_after=2025-04-08 00:00:00+00:00
[2025-04-08T10:10:45.504+0000] {processor.py:183} INFO - Processing /home/airflow/.local/lib/python3.10/site-packages/airflow/example_dags/example_branch_operator.py took 0.354 seconds
[2025-04-08T10:11:16.208+0000] {processor.py:161} INFO - Started process (PID=158) to work on /home/airflow/.local/lib/python3.10/site-packages/airflow/example_dags/example_branch_operator.py
[2025-04-08T10:11:16.209+0000] {processor.py:830} INFO - Processing file /home/airflow/.local/lib/python3.10/site-packages/airflow/example_dags/example_branch_operator.py for tasks to queue
[2025-04-08T10:11:16.210+0000] {logging_mixin.py:188} INFO - [2025-04-08T10:11:16.210+0000] {dagbag.py:540} INFO - Filling up the DagBag from /home/airflow/.local/lib/python3.10/site-packages/airflow/example_dags/example_branch_operator.py
[2025-04-08T10:11:16.230+0000] {processor.py:840} INFO - DAG(s) 'example_branch_operator' retrieved from /home/airflow/.local/lib/python3.10/site-packages/airflow/example_dags/example_branch_operator.py
[2025-04-08T10:11:16.258+0000] {logging_mixin.py:188} INFO - [2025-04-08T10:11:16.257+0000] {dag.py:3047} INFO - Sync 1 DAGs
[2025-04-08T10:11:16.283+0000] {logging_mixin.py:188} INFO - [2025-04-08T10:11:16.282+0000] {dag.py:3834} INFO - Setting next_dagrun for example_branch_operator to 2025-04-07 00:00:00+00:00, run_after=2025-04-08 00:00:00+00:00
[2025-04-08T10:11:16.304+0000] {processor.py:183} INFO - Processing /home/airflow/.local/lib/python3.10/site-packages/airflow/example_dags/example_branch_operator.py took 0.100 seconds
[2025-04-08T10:11:47.114+0000] {processor.py:161} INFO - Started process (PID=220) to work on /home/airflow/.local/lib/python3.10/site-packages/airflow/example_dags/example_branch_operator.py
[2025-04-08T10:11:47.115+0000] {processor.py:830} INFO - Processing file /home/airflow/.local/lib/python3.10/site-packages/airflow/example_dags/example_branch_operator.py for tasks to queue
[2025-04-08T10:11:47.117+0000] {logging_mixin.py:188} INFO - [2025-04-08T10:11:47.117+0000] {dagbag.py:540} INFO - Filling up the DagBag from /home/airflow/.local/lib/python3.10/site-packages/airflow/example_dags/example_branch_operator.py
[2025-04-08T10:11:47.137+0000] {processor.py:840} INFO - DAG(s) 'example_branch_operator' retrieved from /home/airflow/.local/lib/python3.10/site-packages/airflow/example_dags/example_branch_operator.py
[2025-04-08T10:11:47.166+0000] {logging_mixin.py:188} INFO - [2025-04-08T10:11:47.165+0000] {dag.py:3047} INFO - Sync 1 DAGs
[2025-04-08T10:11:47.193+0000] {logging_mixin.py:188} INFO - [2025-04-08T10:11:47.193+0000] {dag.py:3834} INFO - Setting next_dagrun for example_branch_operator to 2025-04-07 00:00:00+00:00, run_after=2025-04-08 00:00:00+00:00
[2025-04-08T10:11:47.216+0000] {processor.py:183} INFO - Processing /home/airflow/.local/lib/python3.10/site-packages/airflow/example_dags/example_branch_operator.py took 0.105 seconds
[2025-04-08T10:12:17.747+0000] {processor.py:161} INFO - Started process (PID=282) to work on /home/airflow/.local/lib/python3.10/site-packages/airflow/example_dags/example_branch_operator.py
[2025-04-08T10:12:17.752+0000] {processor.py:830} INFO - Processing file /home/airflow/.local/lib/python3.10/site-packages/airflow/example_dags/example_branch_operator.py for tasks to queue
[2025-04-08T10:12:17.756+0000] {logging_mixin.py:188} INFO - [2025-04-08T10:12:17.755+0000] {dagbag.py:540} INFO - Filling up the DagBag from /home/airflow/.local/lib/python3.10/site-packages/airflow/example_dags/example_branch_operator.py
[2025-04-08T10:12:17.800+0000] {processor.py:840} INFO - DAG(s) 'example_branch_operator' retrieved from /home/airflow/.local/lib/python3.10/site-packages/airflow/example_dags/example_branch_operator.py
[2025-04-08T10:12:17.843+0000] {logging_mixin.py:188} INFO - [2025-04-08T10:12:17.842+0000] {dag.py:3047} INFO - Sync 1 DAGs
[2025-04-08T10:12:17.882+0000] {logging_mixin.py:188} INFO - [2025-04-08T10:12:17.882+0000] {dag.py:3834} INFO - Setting next_dagrun for example_branch_operator to 2025-04-07 00:00:00+00:00, run_after=2025-04-08 00:00:00+00:00
[2025-04-08T10:12:17.910+0000] {processor.py:183} INFO - Processing /home/airflow/.local/lib/python3.10/site-packages/airflow/example_dags/example_branch_operator.py took 0.173 seconds
[2025-04-08T10:12:47.995+0000] {processor.py:161} INFO - Started process (PID=344) to work on /home/airflow/.local/lib/python3.10/site-packages/airflow/example_dags/example_branch_operator.py
[2025-04-08T10:12:47.997+0000] {processor.py:830} INFO - Processing file /home/airflow/.local/lib/python3.10/site-packages/airflow/example_dags/example_branch_operator.py for tasks to queue
[2025-04-08T10:12:47.999+0000] {logging_mixin.py:188} INFO - [2025-04-08T10:12:47.998+0000] {dagbag.py:540} INFO - Filling up the DagBag from /home/airflow/.local/lib/python3.10/site-packages/airflow/example_dags/example_branch_operator.py
[2025-04-08T10:12:48.018+0000] {processor.py:840} INFO - DAG(s) 'example_branch_operator' retrieved from /home/airflow/.local/lib/python3.10/site-packages/airflow/example_dags/example_branch_operator.py
[2025-04-08T10:12:48.051+0000] {logging_mixin.py:188} INFO - [2025-04-08T10:12:48.051+0000] {dag.py:3047} INFO - Sync 1 DAGs
[2025-04-08T10:12:48.081+0000] {logging_mixin.py:188} INFO - [2025-04-08T10:12:48.081+0000] {dag.py:3834} INFO - Setting next_dagrun for example_branch_operator to 2025-04-07 00:00:00+00:00, run_after=2025-04-08 00:00:00+00:00
[2025-04-08T10:12:48.108+0000] {processor.py:183} INFO - Processing /home/airflow/.local/lib/python3.10/site-packages/airflow/example_dags/example_branch_operator.py took 0.116 seconds
[2025-04-08T10:13:18.156+0000] {processor.py:161} INFO - Started process (PID=406) to work on /home/airflow/.local/lib/python3.10/site-packages/airflow/example_dags/example_branch_operator.py
[2025-04-08T10:13:18.158+0000] {processor.py:830} INFO - Processing file /home/airflow/.local/lib/python3.10/site-packages/airflow/example_dags/example_branch_operator.py for tasks to queue
[2025-04-08T10:13:18.160+0000] {logging_mixin.py:188} INFO - [2025-04-08T10:13:18.159+0000] {dagbag.py:540} INFO - Filling up the DagBag from /home/airflow/.local/lib/python3.10/site-packages/airflow/example_dags/example_branch_operator.py
[2025-04-08T10:13:18.184+0000] {processor.py:840} INFO - DAG(s) 'example_branch_operator' retrieved from /home/airflow/.local/lib/python3.10/site-packages/airflow/example_dags/example_branch_operator.py
[2025-04-08T10:13:18.220+0000] {logging_mixin.py:188} INFO - [2025-04-08T10:13:18.220+0000] {dag.py:3047} INFO - Sync 1 DAGs
[2025-04-08T10:13:18.246+0000] {logging_mixin.py:188} INFO - [2025-04-08T10:13:18.246+0000] {dag.py:3834} INFO - Setting next_dagrun for example_branch_operator to 2025-04-07 00:00:00+00:00, run_after=2025-04-08 00:00:00+00:00
[2025-04-08T10:13:18.269+0000] {processor.py:183} INFO - Processing /home/airflow/.local/lib/python3.10/site-packages/airflow/example_dags/example_branch_operator.py took 0.117 seconds
[2025-04-08T10:13:48.629+0000] {processor.py:161} INFO - Started process (PID=468) to work on /home/airflow/.local/lib/python3.10/site-packages/airflow/example_dags/example_branch_operator.py
[2025-04-08T10:13:48.631+0000] {processor.py:830} INFO - Processing file /home/airflow/.local/lib/python3.10/site-packages/airflow/example_dags/example_branch_operator.py for tasks to queue
[2025-04-08T10:13:48.633+0000] {logging_mixin.py:188} INFO - [2025-04-08T10:13:48.633+0000] {dagbag.py:540} INFO - Filling up the DagBag from /home/airflow/.local/lib/python3.10/site-packages/airflow/example_dags/example_branch_operator.py
[2025-04-08T10:13:48.653+0000] {processor.py:840} INFO - DAG(s) 'example_branch_operator' retrieved from /home/airflow/.local/lib/python3.10/site-packages/airflow/example_dags/example_branch_operator.py
[2025-04-08T10:13:48.684+0000] {logging_mixin.py:188} INFO - [2025-04-08T10:13:48.684+0000] {dag.py:3047} INFO - Sync 1 DAGs
[2025-04-08T10:13:48.710+0000] {logging_mixin.py:188} INFO - [2025-04-08T10:13:48.710+0000] {dag.py:3834} INFO - Setting next_dagrun for example_branch_operator to 2025-04-07 00:00:00+00:00, run_after=2025-04-08 00:00:00+00:00
[2025-04-08T10:13:48.731+0000] {processor.py:183} INFO - Processing /home/airflow/.local/lib/python3.10/site-packages/airflow/example_dags/example_branch_operator.py took 0.105 seconds
