[2025-04-08T10:10:46.946+0000] {processor.py:161} INFO - Started process (PID=111) to work on /home/airflow/.local/lib/python3.10/site-packages/airflow/example_dags/example_subdag_operator.py
[2025-04-08T10:10:46.948+0000] {processor.py:830} INFO - Processing file /home/airflow/.local/lib/python3.10/site-packages/airflow/example_dags/example_subdag_operator.py for tasks to queue
[2025-04-08T10:10:46.953+0000] {logging_mixin.py:188} INFO - [2025-04-08T10:10:46.952+0000] {dagbag.py:540} INFO - Filling up the DagBag from /home/airflow/.local/lib/python3.10/site-packages/airflow/example_dags/example_subdag_operator.py
[2025-04-08T10:10:46.995+0000] {processor.py:840} INFO - DAG(s) 'example_subdag_operator.section-1', 'example_subdag_operator.section-2', 'example_subdag_operator' retrieved from /home/airflow/.local/lib/python3.10/site-packages/airflow/example_dags/example_subdag_operator.py
[2025-04-08T10:10:47.027+0000] {logging_mixin.py:188} INFO - [2025-04-08T10:10:47.027+0000] {dag.py:3047} INFO - Sync 3 DAGs
[2025-04-08T10:10:47.068+0000] {logging_mixin.py:188} INFO - [2025-04-08T10:10:47.068+0000] {dag.py:3834} INFO - Setting next_dagrun for example_subdag_operator to 2022-01-01 00:00:00+00:00, run_after=2022-01-01 00:00:00+00:00
[2025-04-08T10:10:47.074+0000] {logging_mixin.py:188} INFO - [2025-04-08T10:10:47.074+0000] {dag.py:3834} INFO - Setting next_dagrun for example_subdag_operator.section-1 to None, run_after=None
[2025-04-08T10:10:47.077+0000] {logging_mixin.py:188} INFO - [2025-04-08T10:10:47.077+0000] {dag.py:3834} INFO - Setting next_dagrun for example_subdag_operator.section-2 to None, run_after=None
[2025-04-08T10:10:47.090+0000] {logging_mixin.py:188} INFO - [2025-04-08T10:10:47.090+0000] {dag.py:3047} INFO - Sync 2 DAGs
[2025-04-08T10:10:47.100+0000] {logging_mixin.py:188} INFO - [2025-04-08T10:10:47.099+0000] {dag.py:3834} INFO - Setting next_dagrun for example_subdag_operator.section-1 to None, run_after=None
[2025-04-08T10:10:47.100+0000] {logging_mixin.py:188} INFO - [2025-04-08T10:10:47.100+0000] {dag.py:3834} INFO - Setting next_dagrun for example_subdag_operator.section-2 to None, run_after=None
[2025-04-08T10:10:47.124+0000] {processor.py:183} INFO - Processing /home/airflow/.local/lib/python3.10/site-packages/airflow/example_dags/example_subdag_operator.py took 0.185 seconds
[2025-04-08T10:11:17.996+0000] {processor.py:161} INFO - Started process (PID=173) to work on /home/airflow/.local/lib/python3.10/site-packages/airflow/example_dags/example_subdag_operator.py
[2025-04-08T10:11:17.997+0000] {processor.py:830} INFO - Processing file /home/airflow/.local/lib/python3.10/site-packages/airflow/example_dags/example_subdag_operator.py for tasks to queue
[2025-04-08T10:11:17.999+0000] {logging_mixin.py:188} INFO - [2025-04-08T10:11:17.998+0000] {dagbag.py:540} INFO - Filling up the DagBag from /home/airflow/.local/lib/python3.10/site-packages/airflow/example_dags/example_subdag_operator.py
[2025-04-08T10:11:18.023+0000] {processor.py:840} INFO - DAG(s) 'example_subdag_operator.section-1', 'example_subdag_operator.section-2', 'example_subdag_operator' retrieved from /home/airflow/.local/lib/python3.10/site-packages/airflow/example_dags/example_subdag_operator.py
[2025-04-08T10:11:18.037+0000] {logging_mixin.py:188} INFO - [2025-04-08T10:11:18.037+0000] {dag.py:3047} INFO - Sync 3 DAGs
[2025-04-08T10:11:18.059+0000] {logging_mixin.py:188} INFO - [2025-04-08T10:11:18.058+0000] {dag.py:3834} INFO - Setting next_dagrun for example_subdag_operator to 2022-01-01 00:00:00+00:00, run_after=2022-01-01 00:00:00+00:00
[2025-04-08T10:11:18.063+0000] {logging_mixin.py:188} INFO - [2025-04-08T10:11:18.062+0000] {dag.py:3834} INFO - Setting next_dagrun for example_subdag_operator.section-1 to None, run_after=None
[2025-04-08T10:11:18.064+0000] {logging_mixin.py:188} INFO - [2025-04-08T10:11:18.064+0000] {dag.py:3834} INFO - Setting next_dagrun for example_subdag_operator.section-2 to None, run_after=None
[2025-04-08T10:11:18.071+0000] {logging_mixin.py:188} INFO - [2025-04-08T10:11:18.071+0000] {dag.py:3047} INFO - Sync 2 DAGs
[2025-04-08T10:11:18.077+0000] {logging_mixin.py:188} INFO - [2025-04-08T10:11:18.077+0000] {dag.py:3834} INFO - Setting next_dagrun for example_subdag_operator.section-1 to None, run_after=None
[2025-04-08T10:11:18.078+0000] {logging_mixin.py:188} INFO - [2025-04-08T10:11:18.078+0000] {dag.py:3834} INFO - Setting next_dagrun for example_subdag_operator.section-2 to None, run_after=None
[2025-04-08T10:11:18.091+0000] {processor.py:183} INFO - Processing /home/airflow/.local/lib/python3.10/site-packages/airflow/example_dags/example_subdag_operator.py took 0.099 seconds
[2025-04-08T10:11:48.936+0000] {processor.py:161} INFO - Started process (PID=235) to work on /home/airflow/.local/lib/python3.10/site-packages/airflow/example_dags/example_subdag_operator.py
[2025-04-08T10:11:48.937+0000] {processor.py:830} INFO - Processing file /home/airflow/.local/lib/python3.10/site-packages/airflow/example_dags/example_subdag_operator.py for tasks to queue
[2025-04-08T10:11:48.939+0000] {logging_mixin.py:188} INFO - [2025-04-08T10:11:48.939+0000] {dagbag.py:540} INFO - Filling up the DagBag from /home/airflow/.local/lib/python3.10/site-packages/airflow/example_dags/example_subdag_operator.py
[2025-04-08T10:11:48.963+0000] {processor.py:840} INFO - DAG(s) 'example_subdag_operator.section-1', 'example_subdag_operator.section-2', 'example_subdag_operator' retrieved from /home/airflow/.local/lib/python3.10/site-packages/airflow/example_dags/example_subdag_operator.py
[2025-04-08T10:11:48.978+0000] {logging_mixin.py:188} INFO - [2025-04-08T10:11:48.977+0000] {dag.py:3047} INFO - Sync 3 DAGs
[2025-04-08T10:11:48.998+0000] {logging_mixin.py:188} INFO - [2025-04-08T10:11:48.998+0000] {dag.py:3834} INFO - Setting next_dagrun for example_subdag_operator to 2022-01-01 00:00:00+00:00, run_after=2022-01-01 00:00:00+00:00
[2025-04-08T10:11:49.002+0000] {logging_mixin.py:188} INFO - [2025-04-08T10:11:49.001+0000] {dag.py:3834} INFO - Setting next_dagrun for example_subdag_operator.section-1 to None, run_after=None
[2025-04-08T10:11:49.003+0000] {logging_mixin.py:188} INFO - [2025-04-08T10:11:49.003+0000] {dag.py:3834} INFO - Setting next_dagrun for example_subdag_operator.section-2 to None, run_after=None
[2025-04-08T10:11:49.009+0000] {logging_mixin.py:188} INFO - [2025-04-08T10:11:49.009+0000] {dag.py:3047} INFO - Sync 2 DAGs
[2025-04-08T10:11:49.014+0000] {logging_mixin.py:188} INFO - [2025-04-08T10:11:49.014+0000] {dag.py:3834} INFO - Setting next_dagrun for example_subdag_operator.section-1 to None, run_after=None
[2025-04-08T10:11:49.015+0000] {logging_mixin.py:188} INFO - [2025-04-08T10:11:49.015+0000] {dag.py:3834} INFO - Setting next_dagrun for example_subdag_operator.section-2 to None, run_after=None
[2025-04-08T10:11:49.029+0000] {processor.py:183} INFO - Processing /home/airflow/.local/lib/python3.10/site-packages/airflow/example_dags/example_subdag_operator.py took 0.098 seconds
[2025-04-08T10:12:19.852+0000] {processor.py:161} INFO - Started process (PID=297) to work on /home/airflow/.local/lib/python3.10/site-packages/airflow/example_dags/example_subdag_operator.py
[2025-04-08T10:12:19.854+0000] {processor.py:830} INFO - Processing file /home/airflow/.local/lib/python3.10/site-packages/airflow/example_dags/example_subdag_operator.py for tasks to queue
[2025-04-08T10:12:19.857+0000] {logging_mixin.py:188} INFO - [2025-04-08T10:12:19.856+0000] {dagbag.py:540} INFO - Filling up the DagBag from /home/airflow/.local/lib/python3.10/site-packages/airflow/example_dags/example_subdag_operator.py
[2025-04-08T10:12:19.899+0000] {processor.py:840} INFO - DAG(s) 'example_subdag_operator.section-1', 'example_subdag_operator.section-2', 'example_subdag_operator' retrieved from /home/airflow/.local/lib/python3.10/site-packages/airflow/example_dags/example_subdag_operator.py
[2025-04-08T10:12:19.929+0000] {logging_mixin.py:188} INFO - [2025-04-08T10:12:19.928+0000] {dag.py:3047} INFO - Sync 3 DAGs
[2025-04-08T10:12:19.968+0000] {logging_mixin.py:188} INFO - [2025-04-08T10:12:19.968+0000] {dag.py:3834} INFO - Setting next_dagrun for example_subdag_operator to 2022-01-01 00:00:00+00:00, run_after=2022-01-01 00:00:00+00:00
[2025-04-08T10:12:19.975+0000] {logging_mixin.py:188} INFO - [2025-04-08T10:12:19.975+0000] {dag.py:3834} INFO - Setting next_dagrun for example_subdag_operator.section-1 to None, run_after=None
[2025-04-08T10:12:19.977+0000] {logging_mixin.py:188} INFO - [2025-04-08T10:12:19.977+0000] {dag.py:3834} INFO - Setting next_dagrun for example_subdag_operator.section-2 to None, run_after=None
[2025-04-08T10:12:19.990+0000] {logging_mixin.py:188} INFO - [2025-04-08T10:12:19.990+0000] {dag.py:3047} INFO - Sync 2 DAGs
[2025-04-08T10:12:20.000+0000] {logging_mixin.py:188} INFO - [2025-04-08T10:12:20.000+0000] {dag.py:3834} INFO - Setting next_dagrun for example_subdag_operator.section-1 to None, run_after=None
[2025-04-08T10:12:20.001+0000] {logging_mixin.py:188} INFO - [2025-04-08T10:12:20.001+0000] {dag.py:3834} INFO - Setting next_dagrun for example_subdag_operator.section-2 to None, run_after=None
[2025-04-08T10:12:20.025+0000] {processor.py:183} INFO - Processing /home/airflow/.local/lib/python3.10/site-packages/airflow/example_dags/example_subdag_operator.py took 0.179 seconds
[2025-04-08T10:12:50.739+0000] {processor.py:161} INFO - Started process (PID=359) to work on /home/airflow/.local/lib/python3.10/site-packages/airflow/example_dags/example_subdag_operator.py
[2025-04-08T10:12:50.740+0000] {processor.py:830} INFO - Processing file /home/airflow/.local/lib/python3.10/site-packages/airflow/example_dags/example_subdag_operator.py for tasks to queue
[2025-04-08T10:12:50.743+0000] {logging_mixin.py:188} INFO - [2025-04-08T10:12:50.742+0000] {dagbag.py:540} INFO - Filling up the DagBag from /home/airflow/.local/lib/python3.10/site-packages/airflow/example_dags/example_subdag_operator.py
[2025-04-08T10:12:50.771+0000] {processor.py:840} INFO - DAG(s) 'example_subdag_operator.section-1', 'example_subdag_operator.section-2', 'example_subdag_operator' retrieved from /home/airflow/.local/lib/python3.10/site-packages/airflow/example_dags/example_subdag_operator.py
[2025-04-08T10:12:50.791+0000] {logging_mixin.py:188} INFO - [2025-04-08T10:12:50.791+0000] {dag.py:3047} INFO - Sync 3 DAGs
[2025-04-08T10:12:50.821+0000] {logging_mixin.py:188} INFO - [2025-04-08T10:12:50.820+0000] {dag.py:3834} INFO - Setting next_dagrun for example_subdag_operator to 2022-01-01 00:00:00+00:00, run_after=2022-01-01 00:00:00+00:00
[2025-04-08T10:12:50.826+0000] {logging_mixin.py:188} INFO - [2025-04-08T10:12:50.825+0000] {dag.py:3834} INFO - Setting next_dagrun for example_subdag_operator.section-1 to None, run_after=None
[2025-04-08T10:12:50.827+0000] {logging_mixin.py:188} INFO - [2025-04-08T10:12:50.827+0000] {dag.py:3834} INFO - Setting next_dagrun for example_subdag_operator.section-2 to None, run_after=None
[2025-04-08T10:12:50.839+0000] {logging_mixin.py:188} INFO - [2025-04-08T10:12:50.839+0000] {dag.py:3047} INFO - Sync 2 DAGs
[2025-04-08T10:12:50.846+0000] {logging_mixin.py:188} INFO - [2025-04-08T10:12:50.846+0000] {dag.py:3834} INFO - Setting next_dagrun for example_subdag_operator.section-1 to None, run_after=None
[2025-04-08T10:12:50.847+0000] {logging_mixin.py:188} INFO - [2025-04-08T10:12:50.847+0000] {dag.py:3834} INFO - Setting next_dagrun for example_subdag_operator.section-2 to None, run_after=None
[2025-04-08T10:12:50.865+0000] {processor.py:183} INFO - Processing /home/airflow/.local/lib/python3.10/site-packages/airflow/example_dags/example_subdag_operator.py took 0.130 seconds
[2025-04-08T10:13:21.007+0000] {processor.py:161} INFO - Started process (PID=421) to work on /home/airflow/.local/lib/python3.10/site-packages/airflow/example_dags/example_subdag_operator.py
[2025-04-08T10:13:21.009+0000] {processor.py:830} INFO - Processing file /home/airflow/.local/lib/python3.10/site-packages/airflow/example_dags/example_subdag_operator.py for tasks to queue
[2025-04-08T10:13:21.010+0000] {logging_mixin.py:188} INFO - [2025-04-08T10:13:21.010+0000] {dagbag.py:540} INFO - Filling up the DagBag from /home/airflow/.local/lib/python3.10/site-packages/airflow/example_dags/example_subdag_operator.py
[2025-04-08T10:13:21.037+0000] {processor.py:840} INFO - DAG(s) 'example_subdag_operator.section-1', 'example_subdag_operator.section-2', 'example_subdag_operator' retrieved from /home/airflow/.local/lib/python3.10/site-packages/airflow/example_dags/example_subdag_operator.py
[2025-04-08T10:13:21.053+0000] {logging_mixin.py:188} INFO - [2025-04-08T10:13:21.052+0000] {dag.py:3047} INFO - Sync 3 DAGs
[2025-04-08T10:13:21.073+0000] {logging_mixin.py:188} INFO - [2025-04-08T10:13:21.073+0000] {dag.py:3834} INFO - Setting next_dagrun for example_subdag_operator to 2022-01-01 00:00:00+00:00, run_after=2022-01-01 00:00:00+00:00
[2025-04-08T10:13:21.077+0000] {logging_mixin.py:188} INFO - [2025-04-08T10:13:21.077+0000] {dag.py:3834} INFO - Setting next_dagrun for example_subdag_operator.section-1 to None, run_after=None
[2025-04-08T10:13:21.078+0000] {logging_mixin.py:188} INFO - [2025-04-08T10:13:21.078+0000] {dag.py:3834} INFO - Setting next_dagrun for example_subdag_operator.section-2 to None, run_after=None
[2025-04-08T10:13:21.086+0000] {logging_mixin.py:188} INFO - [2025-04-08T10:13:21.086+0000] {dag.py:3047} INFO - Sync 2 DAGs
[2025-04-08T10:13:21.093+0000] {logging_mixin.py:188} INFO - [2025-04-08T10:13:21.093+0000] {dag.py:3834} INFO - Setting next_dagrun for example_subdag_operator.section-1 to None, run_after=None
[2025-04-08T10:13:21.093+0000] {logging_mixin.py:188} INFO - [2025-04-08T10:13:21.093+0000] {dag.py:3834} INFO - Setting next_dagrun for example_subdag_operator.section-2 to None, run_after=None
[2025-04-08T10:13:21.107+0000] {processor.py:183} INFO - Processing /home/airflow/.local/lib/python3.10/site-packages/airflow/example_dags/example_subdag_operator.py took 0.103 seconds
