[2025-04-08T10:10:45.809+0000] {processor.py:161} INFO - Started process (PID=101) to work on /home/airflow/.local/lib/python3.10/site-packages/airflow/example_dags/example_short_circuit_decorator.py
[2025-04-08T10:10:45.810+0000] {processor.py:830} INFO - Processing file /home/airflow/.local/lib/python3.10/site-packages/airflow/example_dags/example_short_circuit_decorator.py for tasks to queue
[2025-04-08T10:10:45.814+0000] {logging_mixin.py:188} INFO - [2025-04-08T10:10:45.813+0000] {dagbag.py:540} INFO - Filling up the DagBag from /home/airflow/.local/lib/python3.10/site-packages/airflow/example_dags/example_short_circuit_decorator.py
[2025-04-08T10:10:45.834+0000] {processor.py:840} INFO - DAG(s) 'example_short_circuit_decorator' retrieved from /home/airflow/.local/lib/python3.10/site-packages/airflow/example_dags/example_short_circuit_decorator.py
[2025-04-08T10:10:45.873+0000] {logging_mixin.py:188} INFO - [2025-04-08T10:10:45.872+0000] {dag.py:3047} INFO - Sync 1 DAGs
[2025-04-08T10:10:45.913+0000] {logging_mixin.py:188} INFO - [2025-04-08T10:10:45.913+0000] {dag.py:3834} INFO - Setting next_dagrun for example_short_circuit_decorator to 2025-04-07 00:00:00+00:00, run_after=2025-04-08 00:00:00+00:00
[2025-04-08T10:10:45.954+0000] {processor.py:183} INFO - Processing /home/airflow/.local/lib/python3.10/site-packages/airflow/example_dags/example_short_circuit_decorator.py took 0.150 seconds
[2025-04-08T10:11:16.478+0000] {processor.py:161} INFO - Started process (PID=163) to work on /home/airflow/.local/lib/python3.10/site-packages/airflow/example_dags/example_short_circuit_decorator.py
[2025-04-08T10:11:16.479+0000] {processor.py:830} INFO - Processing file /home/airflow/.local/lib/python3.10/site-packages/airflow/example_dags/example_short_circuit_decorator.py for tasks to queue
[2025-04-08T10:11:16.482+0000] {logging_mixin.py:188} INFO - [2025-04-08T10:11:16.481+0000] {dagbag.py:540} INFO - Filling up the DagBag from /home/airflow/.local/lib/python3.10/site-packages/airflow/example_dags/example_short_circuit_decorator.py
[2025-04-08T10:11:16.491+0000] {processor.py:840} INFO - DAG(s) 'example_short_circuit_decorator' retrieved from /home/airflow/.local/lib/python3.10/site-packages/airflow/example_dags/example_short_circuit_decorator.py
[2025-04-08T10:11:16.515+0000] {logging_mixin.py:188} INFO - [2025-04-08T10:11:16.514+0000] {dag.py:3047} INFO - Sync 1 DAGs
[2025-04-08T10:11:16.537+0000] {logging_mixin.py:188} INFO - [2025-04-08T10:11:16.537+0000] {dag.py:3834} INFO - Setting next_dagrun for example_short_circuit_decorator to 2025-04-07 00:00:00+00:00, run_after=2025-04-08 00:00:00+00:00
[2025-04-08T10:11:16.562+0000] {processor.py:183} INFO - Processing /home/airflow/.local/lib/python3.10/site-packages/airflow/example_dags/example_short_circuit_decorator.py took 0.087 seconds
[2025-04-08T10:11:47.399+0000] {processor.py:161} INFO - Started process (PID=225) to work on /home/airflow/.local/lib/python3.10/site-packages/airflow/example_dags/example_short_circuit_decorator.py
[2025-04-08T10:11:47.400+0000] {processor.py:830} INFO - Processing file /home/airflow/.local/lib/python3.10/site-packages/airflow/example_dags/example_short_circuit_decorator.py for tasks to queue
[2025-04-08T10:11:47.402+0000] {logging_mixin.py:188} INFO - [2025-04-08T10:11:47.402+0000] {dagbag.py:540} INFO - Filling up the DagBag from /home/airflow/.local/lib/python3.10/site-packages/airflow/example_dags/example_short_circuit_decorator.py
[2025-04-08T10:11:47.412+0000] {processor.py:840} INFO - DAG(s) 'example_short_circuit_decorator' retrieved from /home/airflow/.local/lib/python3.10/site-packages/airflow/example_dags/example_short_circuit_decorator.py
[2025-04-08T10:11:47.438+0000] {logging_mixin.py:188} INFO - [2025-04-08T10:11:47.437+0000] {dag.py:3047} INFO - Sync 1 DAGs
[2025-04-08T10:11:47.465+0000] {logging_mixin.py:188} INFO - [2025-04-08T10:11:47.464+0000] {dag.py:3834} INFO - Setting next_dagrun for example_short_circuit_decorator to 2025-04-07 00:00:00+00:00, run_after=2025-04-08 00:00:00+00:00
[2025-04-08T10:11:47.489+0000] {processor.py:183} INFO - Processing /home/airflow/.local/lib/python3.10/site-packages/airflow/example_dags/example_short_circuit_decorator.py took 0.094 seconds
[2025-04-08T10:12:18.150+0000] {processor.py:161} INFO - Started process (PID=287) to work on /home/airflow/.local/lib/python3.10/site-packages/airflow/example_dags/example_short_circuit_decorator.py
[2025-04-08T10:12:18.152+0000] {processor.py:830} INFO - Processing file /home/airflow/.local/lib/python3.10/site-packages/airflow/example_dags/example_short_circuit_decorator.py for tasks to queue
[2025-04-08T10:12:18.155+0000] {logging_mixin.py:188} INFO - [2025-04-08T10:12:18.154+0000] {dagbag.py:540} INFO - Filling up the DagBag from /home/airflow/.local/lib/python3.10/site-packages/airflow/example_dags/example_short_circuit_decorator.py
[2025-04-08T10:12:18.169+0000] {processor.py:840} INFO - DAG(s) 'example_short_circuit_decorator' retrieved from /home/airflow/.local/lib/python3.10/site-packages/airflow/example_dags/example_short_circuit_decorator.py
[2025-04-08T10:12:18.194+0000] {logging_mixin.py:188} INFO - [2025-04-08T10:12:18.194+0000] {dag.py:3047} INFO - Sync 1 DAGs
[2025-04-08T10:12:18.219+0000] {logging_mixin.py:188} INFO - [2025-04-08T10:12:18.218+0000] {dag.py:3834} INFO - Setting next_dagrun for example_short_circuit_decorator to 2025-04-07 00:00:00+00:00, run_after=2025-04-08 00:00:00+00:00
[2025-04-08T10:12:18.240+0000] {processor.py:183} INFO - Processing /home/airflow/.local/lib/python3.10/site-packages/airflow/example_dags/example_short_circuit_decorator.py took 0.096 seconds
[2025-04-08T10:12:48.830+0000] {processor.py:161} INFO - Started process (PID=349) to work on /home/airflow/.local/lib/python3.10/site-packages/airflow/example_dags/example_short_circuit_decorator.py
[2025-04-08T10:12:48.833+0000] {processor.py:830} INFO - Processing file /home/airflow/.local/lib/python3.10/site-packages/airflow/example_dags/example_short_circuit_decorator.py for tasks to queue
[2025-04-08T10:12:48.837+0000] {logging_mixin.py:188} INFO - [2025-04-08T10:12:48.836+0000] {dagbag.py:540} INFO - Filling up the DagBag from /home/airflow/.local/lib/python3.10/site-packages/airflow/example_dags/example_short_circuit_decorator.py
[2025-04-08T10:12:48.871+0000] {processor.py:840} INFO - DAG(s) 'example_short_circuit_decorator' retrieved from /home/airflow/.local/lib/python3.10/site-packages/airflow/example_dags/example_short_circuit_decorator.py
[2025-04-08T10:12:48.921+0000] {logging_mixin.py:188} INFO - [2025-04-08T10:12:48.919+0000] {dag.py:3047} INFO - Sync 1 DAGs
[2025-04-08T10:12:48.954+0000] {logging_mixin.py:188} INFO - [2025-04-08T10:12:48.954+0000] {dag.py:3834} INFO - Setting next_dagrun for example_short_circuit_decorator to 2025-04-07 00:00:00+00:00, run_after=2025-04-08 00:00:00+00:00
[2025-04-08T10:12:48.979+0000] {processor.py:183} INFO - Processing /home/airflow/.local/lib/python3.10/site-packages/airflow/example_dags/example_short_circuit_decorator.py took 0.156 seconds
[2025-04-08T10:13:19.471+0000] {processor.py:161} INFO - Started process (PID=411) to work on /home/airflow/.local/lib/python3.10/site-packages/airflow/example_dags/example_short_circuit_decorator.py
[2025-04-08T10:13:19.473+0000] {processor.py:830} INFO - Processing file /home/airflow/.local/lib/python3.10/site-packages/airflow/example_dags/example_short_circuit_decorator.py for tasks to queue
[2025-04-08T10:13:19.475+0000] {logging_mixin.py:188} INFO - [2025-04-08T10:13:19.474+0000] {dagbag.py:540} INFO - Filling up the DagBag from /home/airflow/.local/lib/python3.10/site-packages/airflow/example_dags/example_short_circuit_decorator.py
[2025-04-08T10:13:19.486+0000] {processor.py:840} INFO - DAG(s) 'example_short_circuit_decorator' retrieved from /home/airflow/.local/lib/python3.10/site-packages/airflow/example_dags/example_short_circuit_decorator.py
[2025-04-08T10:13:19.511+0000] {logging_mixin.py:188} INFO - [2025-04-08T10:13:19.511+0000] {dag.py:3047} INFO - Sync 1 DAGs
[2025-04-08T10:13:19.531+0000] {logging_mixin.py:188} INFO - [2025-04-08T10:13:19.531+0000] {dag.py:3834} INFO - Setting next_dagrun for example_short_circuit_decorator to 2025-04-07 00:00:00+00:00, run_after=2025-04-08 00:00:00+00:00
[2025-04-08T10:13:19.554+0000] {processor.py:183} INFO - Processing /home/airflow/.local/lib/python3.10/site-packages/airflow/example_dags/example_short_circuit_decorator.py took 0.086 seconds
[2025-04-08T10:13:49.938+0000] {processor.py:161} INFO - Started process (PID=473) to work on /home/airflow/.local/lib/python3.10/site-packages/airflow/example_dags/example_short_circuit_decorator.py
[2025-04-08T10:13:49.939+0000] {processor.py:830} INFO - Processing file /home/airflow/.local/lib/python3.10/site-packages/airflow/example_dags/example_short_circuit_decorator.py for tasks to queue
[2025-04-08T10:13:49.941+0000] {logging_mixin.py:188} INFO - [2025-04-08T10:13:49.941+0000] {dagbag.py:540} INFO - Filling up the DagBag from /home/airflow/.local/lib/python3.10/site-packages/airflow/example_dags/example_short_circuit_decorator.py
[2025-04-08T10:13:49.951+0000] {processor.py:840} INFO - DAG(s) 'example_short_circuit_decorator' retrieved from /home/airflow/.local/lib/python3.10/site-packages/airflow/example_dags/example_short_circuit_decorator.py
[2025-04-08T10:13:49.976+0000] {logging_mixin.py:188} INFO - [2025-04-08T10:13:49.975+0000] {dag.py:3047} INFO - Sync 1 DAGs
[2025-04-08T10:13:49.998+0000] {logging_mixin.py:188} INFO - [2025-04-08T10:13:49.998+0000] {dag.py:3834} INFO - Setting next_dagrun for example_short_circuit_decorator to 2025-04-07 00:00:00+00:00, run_after=2025-04-08 00:00:00+00:00
[2025-04-08T10:13:50.019+0000] {processor.py:183} INFO - Processing /home/airflow/.local/lib/python3.10/site-packages/airflow/example_dags/example_short_circuit_decorator.py took 0.084 seconds
