[2025-04-08T10:10:47.285+0000] {processor.py:161} INFO - Started process (PID=115) to work on /home/airflow/.local/lib/python3.10/site-packages/airflow/example_dags/example_task_group.py
[2025-04-08T10:10:47.286+0000] {processor.py:830} INFO - Processing file /home/airflow/.local/lib/python3.10/site-packages/airflow/example_dags/example_task_group.py for tasks to queue
[2025-04-08T10:10:47.290+0000] {logging_mixin.py:188} INFO - [2025-04-08T10:10:47.289+0000] {dagbag.py:540} INFO - Filling up the DagBag from /home/airflow/.local/lib/python3.10/site-packages/airflow/example_dags/example_task_group.py
[2025-04-08T10:10:47.308+0000] {processor.py:840} INFO - DAG(s) 'example_task_group' retrieved from /home/airflow/.local/lib/python3.10/site-packages/airflow/example_dags/example_task_group.py
[2025-04-08T10:10:47.344+0000] {logging_mixin.py:188} INFO - [2025-04-08T10:10:47.344+0000] {dag.py:3047} INFO - Sync 1 DAGs
[2025-04-08T10:10:47.382+0000] {logging_mixin.py:188} INFO - [2025-04-08T10:10:47.381+0000] {dag.py:3834} INFO - Setting next_dagrun for example_task_group to 2025-04-07 00:00:00+00:00, run_after=2025-04-08 00:00:00+00:00
[2025-04-08T10:10:47.407+0000] {processor.py:183} INFO - Processing /home/airflow/.local/lib/python3.10/site-packages/airflow/example_dags/example_task_group.py took 0.129 seconds
[2025-04-08T10:11:18.230+0000] {processor.py:161} INFO - Started process (PID=177) to work on /home/airflow/.local/lib/python3.10/site-packages/airflow/example_dags/example_task_group.py
[2025-04-08T10:11:18.230+0000] {processor.py:830} INFO - Processing file /home/airflow/.local/lib/python3.10/site-packages/airflow/example_dags/example_task_group.py for tasks to queue
[2025-04-08T10:11:18.232+0000] {logging_mixin.py:188} INFO - [2025-04-08T10:11:18.232+0000] {dagbag.py:540} INFO - Filling up the DagBag from /home/airflow/.local/lib/python3.10/site-packages/airflow/example_dags/example_task_group.py
[2025-04-08T10:11:18.240+0000] {processor.py:840} INFO - DAG(s) 'example_task_group' retrieved from /home/airflow/.local/lib/python3.10/site-packages/airflow/example_dags/example_task_group.py
[2025-04-08T10:11:18.262+0000] {logging_mixin.py:188} INFO - [2025-04-08T10:11:18.262+0000] {dag.py:3047} INFO - Sync 1 DAGs
[2025-04-08T10:11:18.282+0000] {logging_mixin.py:188} INFO - [2025-04-08T10:11:18.282+0000] {dag.py:3834} INFO - Setting next_dagrun for example_task_group to 2025-04-07 00:00:00+00:00, run_after=2025-04-08 00:00:00+00:00
[2025-04-08T10:11:18.302+0000] {processor.py:183} INFO - Processing /home/airflow/.local/lib/python3.10/site-packages/airflow/example_dags/example_task_group.py took 0.076 seconds
[2025-04-08T10:11:49.159+0000] {processor.py:161} INFO - Started process (PID=239) to work on /home/airflow/.local/lib/python3.10/site-packages/airflow/example_dags/example_task_group.py
[2025-04-08T10:11:49.160+0000] {processor.py:830} INFO - Processing file /home/airflow/.local/lib/python3.10/site-packages/airflow/example_dags/example_task_group.py for tasks to queue
[2025-04-08T10:11:49.162+0000] {logging_mixin.py:188} INFO - [2025-04-08T10:11:49.162+0000] {dagbag.py:540} INFO - Filling up the DagBag from /home/airflow/.local/lib/python3.10/site-packages/airflow/example_dags/example_task_group.py
[2025-04-08T10:11:49.170+0000] {processor.py:840} INFO - DAG(s) 'example_task_group' retrieved from /home/airflow/.local/lib/python3.10/site-packages/airflow/example_dags/example_task_group.py
[2025-04-08T10:11:49.191+0000] {logging_mixin.py:188} INFO - [2025-04-08T10:11:49.191+0000] {dag.py:3047} INFO - Sync 1 DAGs
[2025-04-08T10:11:49.212+0000] {logging_mixin.py:188} INFO - [2025-04-08T10:11:49.211+0000] {dag.py:3834} INFO - Setting next_dagrun for example_task_group to 2025-04-07 00:00:00+00:00, run_after=2025-04-08 00:00:00+00:00
[2025-04-08T10:11:49.235+0000] {processor.py:183} INFO - Processing /home/airflow/.local/lib/python3.10/site-packages/airflow/example_dags/example_task_group.py took 0.080 seconds
[2025-04-08T10:12:20.256+0000] {processor.py:161} INFO - Started process (PID=301) to work on /home/airflow/.local/lib/python3.10/site-packages/airflow/example_dags/example_task_group.py
[2025-04-08T10:12:20.258+0000] {processor.py:830} INFO - Processing file /home/airflow/.local/lib/python3.10/site-packages/airflow/example_dags/example_task_group.py for tasks to queue
[2025-04-08T10:12:20.263+0000] {logging_mixin.py:188} INFO - [2025-04-08T10:12:20.262+0000] {dagbag.py:540} INFO - Filling up the DagBag from /home/airflow/.local/lib/python3.10/site-packages/airflow/example_dags/example_task_group.py
[2025-04-08T10:12:20.284+0000] {processor.py:840} INFO - DAG(s) 'example_task_group' retrieved from /home/airflow/.local/lib/python3.10/site-packages/airflow/example_dags/example_task_group.py
[2025-04-08T10:12:20.333+0000] {logging_mixin.py:188} INFO - [2025-04-08T10:12:20.332+0000] {dag.py:3047} INFO - Sync 1 DAGs
[2025-04-08T10:12:20.380+0000] {logging_mixin.py:188} INFO - [2025-04-08T10:12:20.379+0000] {dag.py:3834} INFO - Setting next_dagrun for example_task_group to 2025-04-07 00:00:00+00:00, run_after=2025-04-08 00:00:00+00:00
[2025-04-08T10:12:20.427+0000] {processor.py:183} INFO - Processing /home/airflow/.local/lib/python3.10/site-packages/airflow/example_dags/example_task_group.py took 0.181 seconds
[2025-04-08T10:12:50.998+0000] {processor.py:161} INFO - Started process (PID=363) to work on /home/airflow/.local/lib/python3.10/site-packages/airflow/example_dags/example_task_group.py
[2025-04-08T10:12:51.000+0000] {processor.py:830} INFO - Processing file /home/airflow/.local/lib/python3.10/site-packages/airflow/example_dags/example_task_group.py for tasks to queue
[2025-04-08T10:12:51.003+0000] {logging_mixin.py:188} INFO - [2025-04-08T10:12:51.003+0000] {dagbag.py:540} INFO - Filling up the DagBag from /home/airflow/.local/lib/python3.10/site-packages/airflow/example_dags/example_task_group.py
[2025-04-08T10:12:51.018+0000] {processor.py:840} INFO - DAG(s) 'example_task_group' retrieved from /home/airflow/.local/lib/python3.10/site-packages/airflow/example_dags/example_task_group.py
[2025-04-08T10:12:51.076+0000] {logging_mixin.py:188} INFO - [2025-04-08T10:12:51.076+0000] {dag.py:3047} INFO - Sync 1 DAGs
[2025-04-08T10:12:51.161+0000] {logging_mixin.py:188} INFO - [2025-04-08T10:12:51.161+0000] {dag.py:3834} INFO - Setting next_dagrun for example_task_group to 2025-04-07 00:00:00+00:00, run_after=2025-04-08 00:00:00+00:00
[2025-04-08T10:12:51.201+0000] {processor.py:183} INFO - Processing /home/airflow/.local/lib/python3.10/site-packages/airflow/example_dags/example_task_group.py took 0.208 seconds
[2025-04-08T10:13:21.328+0000] {processor.py:161} INFO - Started process (PID=425) to work on /home/airflow/.local/lib/python3.10/site-packages/airflow/example_dags/example_task_group.py
[2025-04-08T10:13:21.329+0000] {processor.py:830} INFO - Processing file /home/airflow/.local/lib/python3.10/site-packages/airflow/example_dags/example_task_group.py for tasks to queue
[2025-04-08T10:13:21.332+0000] {logging_mixin.py:188} INFO - [2025-04-08T10:13:21.332+0000] {dagbag.py:540} INFO - Filling up the DagBag from /home/airflow/.local/lib/python3.10/site-packages/airflow/example_dags/example_task_group.py
[2025-04-08T10:13:21.342+0000] {processor.py:840} INFO - DAG(s) 'example_task_group' retrieved from /home/airflow/.local/lib/python3.10/site-packages/airflow/example_dags/example_task_group.py
[2025-04-08T10:13:21.366+0000] {logging_mixin.py:188} INFO - [2025-04-08T10:13:21.366+0000] {dag.py:3047} INFO - Sync 1 DAGs
[2025-04-08T10:13:21.391+0000] {logging_mixin.py:188} INFO - [2025-04-08T10:13:21.391+0000] {dag.py:3834} INFO - Setting next_dagrun for example_task_group to 2025-04-07 00:00:00+00:00, run_after=2025-04-08 00:00:00+00:00
[2025-04-08T10:13:21.416+0000] {processor.py:183} INFO - Processing /home/airflow/.local/lib/python3.10/site-packages/airflow/example_dags/example_task_group.py took 0.092 seconds
