[2025-04-08T10:10:44.526+0000] {processor.py:161} INFO - Started process (PID=89) to work on /home/airflow/.local/lib/python3.10/site-packages/airflow/example_dags/example_sensors.py
[2025-04-08T10:10:44.528+0000] {processor.py:830} INFO - Processing file /home/airflow/.local/lib/python3.10/site-packages/airflow/example_dags/example_sensors.py for tasks to queue
[2025-04-08T10:10:44.533+0000] {logging_mixin.py:188} INFO - [2025-04-08T10:10:44.532+0000] {dagbag.py:540} INFO - Filling up the DagBag from /home/airflow/.local/lib/python3.10/site-packages/airflow/example_dags/example_sensors.py
[2025-04-08T10:10:44.561+0000] {processor.py:840} INFO - DAG(s) 'example_sensors' retrieved from /home/airflow/.local/lib/python3.10/site-packages/airflow/example_dags/example_sensors.py
[2025-04-08T10:10:44.615+0000] {logging_mixin.py:188} INFO - [2025-04-08T10:10:44.614+0000] {dag.py:3047} INFO - Sync 1 DAGs
[2025-04-08T10:10:44.642+0000] {logging_mixin.py:188} INFO - [2025-04-08T10:10:44.641+0000] {dag.py:3834} INFO - Setting next_dagrun for example_sensors to None, run_after=None
[2025-04-08T10:10:44.677+0000] {processor.py:183} INFO - Processing /home/airflow/.local/lib/python3.10/site-packages/airflow/example_dags/example_sensors.py took 0.156 seconds
[2025-04-08T10:11:14.917+0000] {processor.py:161} INFO - Started process (PID=151) to work on /home/airflow/.local/lib/python3.10/site-packages/airflow/example_dags/example_sensors.py
[2025-04-08T10:11:14.918+0000] {processor.py:830} INFO - Processing file /home/airflow/.local/lib/python3.10/site-packages/airflow/example_dags/example_sensors.py for tasks to queue
[2025-04-08T10:11:14.920+0000] {logging_mixin.py:188} INFO - [2025-04-08T10:11:14.920+0000] {dagbag.py:540} INFO - Filling up the DagBag from /home/airflow/.local/lib/python3.10/site-packages/airflow/example_dags/example_sensors.py
[2025-04-08T10:11:14.929+0000] {processor.py:840} INFO - DAG(s) 'example_sensors' retrieved from /home/airflow/.local/lib/python3.10/site-packages/airflow/example_dags/example_sensors.py
[2025-04-08T10:11:14.955+0000] {logging_mixin.py:188} INFO - [2025-04-08T10:11:14.955+0000] {dag.py:3047} INFO - Sync 1 DAGs
[2025-04-08T10:11:14.970+0000] {logging_mixin.py:188} INFO - [2025-04-08T10:11:14.970+0000] {dag.py:3834} INFO - Setting next_dagrun for example_sensors to None, run_after=None
[2025-04-08T10:11:14.991+0000] {processor.py:183} INFO - Processing /home/airflow/.local/lib/python3.10/site-packages/airflow/example_dags/example_sensors.py took 0.078 seconds
[2025-04-08T10:11:45.820+0000] {processor.py:161} INFO - Started process (PID=213) to work on /home/airflow/.local/lib/python3.10/site-packages/airflow/example_dags/example_sensors.py
[2025-04-08T10:11:45.821+0000] {processor.py:830} INFO - Processing file /home/airflow/.local/lib/python3.10/site-packages/airflow/example_dags/example_sensors.py for tasks to queue
[2025-04-08T10:11:45.823+0000] {logging_mixin.py:188} INFO - [2025-04-08T10:11:45.823+0000] {dagbag.py:540} INFO - Filling up the DagBag from /home/airflow/.local/lib/python3.10/site-packages/airflow/example_dags/example_sensors.py
[2025-04-08T10:11:45.833+0000] {processor.py:840} INFO - DAG(s) 'example_sensors' retrieved from /home/airflow/.local/lib/python3.10/site-packages/airflow/example_dags/example_sensors.py
[2025-04-08T10:11:45.861+0000] {logging_mixin.py:188} INFO - [2025-04-08T10:11:45.861+0000] {dag.py:3047} INFO - Sync 1 DAGs
[2025-04-08T10:11:45.873+0000] {logging_mixin.py:188} INFO - [2025-04-08T10:11:45.873+0000] {dag.py:3834} INFO - Setting next_dagrun for example_sensors to None, run_after=None
[2025-04-08T10:11:45.895+0000] {processor.py:183} INFO - Processing /home/airflow/.local/lib/python3.10/site-packages/airflow/example_dags/example_sensors.py took 0.079 seconds
[2025-04-08T10:12:16.063+0000] {processor.py:161} INFO - Started process (PID=275) to work on /home/airflow/.local/lib/python3.10/site-packages/airflow/example_dags/example_sensors.py
[2025-04-08T10:12:16.065+0000] {processor.py:830} INFO - Processing file /home/airflow/.local/lib/python3.10/site-packages/airflow/example_dags/example_sensors.py for tasks to queue
[2025-04-08T10:12:16.069+0000] {logging_mixin.py:188} INFO - [2025-04-08T10:12:16.068+0000] {dagbag.py:540} INFO - Filling up the DagBag from /home/airflow/.local/lib/python3.10/site-packages/airflow/example_dags/example_sensors.py
[2025-04-08T10:12:16.083+0000] {processor.py:840} INFO - DAG(s) 'example_sensors' retrieved from /home/airflow/.local/lib/python3.10/site-packages/airflow/example_dags/example_sensors.py
[2025-04-08T10:12:16.188+0000] {logging_mixin.py:188} INFO - [2025-04-08T10:12:16.187+0000] {dag.py:3047} INFO - Sync 1 DAGs
[2025-04-08T10:12:16.247+0000] {logging_mixin.py:188} INFO - [2025-04-08T10:12:16.246+0000] {dag.py:3834} INFO - Setting next_dagrun for example_sensors to None, run_after=None
[2025-04-08T10:12:16.312+0000] {processor.py:183} INFO - Processing /home/airflow/.local/lib/python3.10/site-packages/airflow/example_dags/example_sensors.py took 0.264 seconds
[2025-04-08T10:12:46.399+0000] {processor.py:161} INFO - Started process (PID=337) to work on /home/airflow/.local/lib/python3.10/site-packages/airflow/example_dags/example_sensors.py
[2025-04-08T10:12:46.400+0000] {processor.py:830} INFO - Processing file /home/airflow/.local/lib/python3.10/site-packages/airflow/example_dags/example_sensors.py for tasks to queue
[2025-04-08T10:12:46.404+0000] {logging_mixin.py:188} INFO - [2025-04-08T10:12:46.403+0000] {dagbag.py:540} INFO - Filling up the DagBag from /home/airflow/.local/lib/python3.10/site-packages/airflow/example_dags/example_sensors.py
[2025-04-08T10:12:46.420+0000] {processor.py:840} INFO - DAG(s) 'example_sensors' retrieved from /home/airflow/.local/lib/python3.10/site-packages/airflow/example_dags/example_sensors.py
[2025-04-08T10:12:46.458+0000] {logging_mixin.py:188} INFO - [2025-04-08T10:12:46.457+0000] {dag.py:3047} INFO - Sync 1 DAGs
[2025-04-08T10:12:46.478+0000] {logging_mixin.py:188} INFO - [2025-04-08T10:12:46.478+0000] {dag.py:3834} INFO - Setting next_dagrun for example_sensors to None, run_after=None
[2025-04-08T10:12:46.514+0000] {processor.py:183} INFO - Processing /home/airflow/.local/lib/python3.10/site-packages/airflow/example_dags/example_sensors.py took 0.120 seconds
[2025-04-08T10:13:16.773+0000] {processor.py:161} INFO - Started process (PID=399) to work on /home/airflow/.local/lib/python3.10/site-packages/airflow/example_dags/example_sensors.py
[2025-04-08T10:13:16.774+0000] {processor.py:830} INFO - Processing file /home/airflow/.local/lib/python3.10/site-packages/airflow/example_dags/example_sensors.py for tasks to queue
[2025-04-08T10:13:16.776+0000] {logging_mixin.py:188} INFO - [2025-04-08T10:13:16.776+0000] {dagbag.py:540} INFO - Filling up the DagBag from /home/airflow/.local/lib/python3.10/site-packages/airflow/example_dags/example_sensors.py
[2025-04-08T10:13:16.785+0000] {processor.py:840} INFO - DAG(s) 'example_sensors' retrieved from /home/airflow/.local/lib/python3.10/site-packages/airflow/example_dags/example_sensors.py
[2025-04-08T10:13:16.808+0000] {logging_mixin.py:188} INFO - [2025-04-08T10:13:16.807+0000] {dag.py:3047} INFO - Sync 1 DAGs
[2025-04-08T10:13:16.819+0000] {logging_mixin.py:188} INFO - [2025-04-08T10:13:16.819+0000] {dag.py:3834} INFO - Setting next_dagrun for example_sensors to None, run_after=None
[2025-04-08T10:13:16.839+0000] {processor.py:183} INFO - Processing /home/airflow/.local/lib/python3.10/site-packages/airflow/example_dags/example_sensors.py took 0.069 seconds
[2025-04-08T10:13:47.322+0000] {processor.py:161} INFO - Started process (PID=461) to work on /home/airflow/.local/lib/python3.10/site-packages/airflow/example_dags/example_sensors.py
[2025-04-08T10:13:47.324+0000] {processor.py:830} INFO - Processing file /home/airflow/.local/lib/python3.10/site-packages/airflow/example_dags/example_sensors.py for tasks to queue
[2025-04-08T10:13:47.326+0000] {logging_mixin.py:188} INFO - [2025-04-08T10:13:47.326+0000] {dagbag.py:540} INFO - Filling up the DagBag from /home/airflow/.local/lib/python3.10/site-packages/airflow/example_dags/example_sensors.py
[2025-04-08T10:13:47.336+0000] {processor.py:840} INFO - DAG(s) 'example_sensors' retrieved from /home/airflow/.local/lib/python3.10/site-packages/airflow/example_dags/example_sensors.py
[2025-04-08T10:13:47.362+0000] {logging_mixin.py:188} INFO - [2025-04-08T10:13:47.362+0000] {dag.py:3047} INFO - Sync 1 DAGs
[2025-04-08T10:13:47.375+0000] {logging_mixin.py:188} INFO - [2025-04-08T10:13:47.375+0000] {dag.py:3834} INFO - Setting next_dagrun for example_sensors to None, run_after=None
[2025-04-08T10:13:47.395+0000] {processor.py:183} INFO - Processing /home/airflow/.local/lib/python3.10/site-packages/airflow/example_dags/example_sensors.py took 0.077 seconds
