[2025-04-08T10:10:45.543+0000] {processor.py:161} INFO - Started process (PID=98) to work on /home/airflow/.local/lib/python3.10/site-packages/airflow/example_dags/example_xcom.py
[2025-04-08T10:10:45.545+0000] {processor.py:830} INFO - Processing file /home/airflow/.local/lib/python3.10/site-packages/airflow/example_dags/example_xcom.py for tasks to queue
[2025-04-08T10:10:45.549+0000] {logging_mixin.py:188} INFO - [2025-04-08T10:10:45.548+0000] {dagbag.py:540} INFO - Filling up the DagBag from /home/airflow/.local/lib/python3.10/site-packages/airflow/example_dags/example_xcom.py
[2025-04-08T10:10:45.571+0000] {processor.py:840} INFO - DAG(s) 'example_xcom' retrieved from /home/airflow/.local/lib/python3.10/site-packages/airflow/example_dags/example_xcom.py
[2025-04-08T10:10:45.616+0000] {logging_mixin.py:188} INFO - [2025-04-08T10:10:45.615+0000] {dag.py:3047} INFO - Sync 1 DAGs
[2025-04-08T10:10:45.656+0000] {logging_mixin.py:188} INFO - [2025-04-08T10:10:45.656+0000] {dag.py:3834} INFO - Setting next_dagrun for example_xcom to 2021-01-01 00:00:00+00:00, run_after=2021-01-01 00:00:00+00:00
[2025-04-08T10:10:45.691+0000] {processor.py:183} INFO - Processing /home/airflow/.local/lib/python3.10/site-packages/airflow/example_dags/example_xcom.py took 0.155 seconds
[2025-04-08T10:11:16.325+0000] {processor.py:161} INFO - Started process (PID=160) to work on /home/airflow/.local/lib/python3.10/site-packages/airflow/example_dags/example_xcom.py
[2025-04-08T10:11:16.326+0000] {processor.py:830} INFO - Processing file /home/airflow/.local/lib/python3.10/site-packages/airflow/example_dags/example_xcom.py for tasks to queue
[2025-04-08T10:11:16.328+0000] {logging_mixin.py:188} INFO - [2025-04-08T10:11:16.327+0000] {dagbag.py:540} INFO - Filling up the DagBag from /home/airflow/.local/lib/python3.10/site-packages/airflow/example_dags/example_xcom.py
[2025-04-08T10:11:16.336+0000] {processor.py:840} INFO - DAG(s) 'example_xcom' retrieved from /home/airflow/.local/lib/python3.10/site-packages/airflow/example_dags/example_xcom.py
[2025-04-08T10:11:16.358+0000] {logging_mixin.py:188} INFO - [2025-04-08T10:11:16.358+0000] {dag.py:3047} INFO - Sync 1 DAGs
[2025-04-08T10:11:16.378+0000] {logging_mixin.py:188} INFO - [2025-04-08T10:11:16.378+0000] {dag.py:3834} INFO - Setting next_dagrun for example_xcom to 2021-01-01 00:00:00+00:00, run_after=2021-01-01 00:00:00+00:00
[2025-04-08T10:11:16.400+0000] {processor.py:183} INFO - Processing /home/airflow/.local/lib/python3.10/site-packages/airflow/example_dags/example_xcom.py took 0.079 seconds
[2025-04-08T10:11:47.238+0000] {processor.py:161} INFO - Started process (PID=222) to work on /home/airflow/.local/lib/python3.10/site-packages/airflow/example_dags/example_xcom.py
[2025-04-08T10:11:47.240+0000] {processor.py:830} INFO - Processing file /home/airflow/.local/lib/python3.10/site-packages/airflow/example_dags/example_xcom.py for tasks to queue
[2025-04-08T10:11:47.242+0000] {logging_mixin.py:188} INFO - [2025-04-08T10:11:47.242+0000] {dagbag.py:540} INFO - Filling up the DagBag from /home/airflow/.local/lib/python3.10/site-packages/airflow/example_dags/example_xcom.py
[2025-04-08T10:11:47.250+0000] {processor.py:840} INFO - DAG(s) 'example_xcom' retrieved from /home/airflow/.local/lib/python3.10/site-packages/airflow/example_dags/example_xcom.py
[2025-04-08T10:11:47.272+0000] {logging_mixin.py:188} INFO - [2025-04-08T10:11:47.271+0000] {dag.py:3047} INFO - Sync 1 DAGs
[2025-04-08T10:11:47.294+0000] {logging_mixin.py:188} INFO - [2025-04-08T10:11:47.294+0000] {dag.py:3834} INFO - Setting next_dagrun for example_xcom to 2021-01-01 00:00:00+00:00, run_after=2021-01-01 00:00:00+00:00
[2025-04-08T10:11:47.315+0000] {processor.py:183} INFO - Processing /home/airflow/.local/lib/python3.10/site-packages/airflow/example_dags/example_xcom.py took 0.080 seconds
[2025-04-08T10:12:17.945+0000] {processor.py:161} INFO - Started process (PID=284) to work on /home/airflow/.local/lib/python3.10/site-packages/airflow/example_dags/example_xcom.py
[2025-04-08T10:12:17.946+0000] {processor.py:830} INFO - Processing file /home/airflow/.local/lib/python3.10/site-packages/airflow/example_dags/example_xcom.py for tasks to queue
[2025-04-08T10:12:17.950+0000] {logging_mixin.py:188} INFO - [2025-04-08T10:12:17.949+0000] {dagbag.py:540} INFO - Filling up the DagBag from /home/airflow/.local/lib/python3.10/site-packages/airflow/example_dags/example_xcom.py
[2025-04-08T10:12:17.962+0000] {processor.py:840} INFO - DAG(s) 'example_xcom' retrieved from /home/airflow/.local/lib/python3.10/site-packages/airflow/example_dags/example_xcom.py
[2025-04-08T10:12:17.989+0000] {logging_mixin.py:188} INFO - [2025-04-08T10:12:17.989+0000] {dag.py:3047} INFO - Sync 1 DAGs
[2025-04-08T10:12:18.022+0000] {logging_mixin.py:188} INFO - [2025-04-08T10:12:18.022+0000] {dag.py:3834} INFO - Setting next_dagrun for example_xcom to 2021-01-01 00:00:00+00:00, run_after=2021-01-01 00:00:00+00:00
[2025-04-08T10:12:18.048+0000] {processor.py:183} INFO - Processing /home/airflow/.local/lib/python3.10/site-packages/airflow/example_dags/example_xcom.py took 0.108 seconds
[2025-04-08T10:12:48.140+0000] {processor.py:161} INFO - Started process (PID=346) to work on /home/airflow/.local/lib/python3.10/site-packages/airflow/example_dags/example_xcom.py
[2025-04-08T10:12:48.142+0000] {processor.py:830} INFO - Processing file /home/airflow/.local/lib/python3.10/site-packages/airflow/example_dags/example_xcom.py for tasks to queue
[2025-04-08T10:12:48.144+0000] {logging_mixin.py:188} INFO - [2025-04-08T10:12:48.144+0000] {dagbag.py:540} INFO - Filling up the DagBag from /home/airflow/.local/lib/python3.10/site-packages/airflow/example_dags/example_xcom.py
[2025-04-08T10:12:48.155+0000] {processor.py:840} INFO - DAG(s) 'example_xcom' retrieved from /home/airflow/.local/lib/python3.10/site-packages/airflow/example_dags/example_xcom.py
[2025-04-08T10:12:48.182+0000] {logging_mixin.py:188} INFO - [2025-04-08T10:12:48.182+0000] {dag.py:3047} INFO - Sync 1 DAGs
[2025-04-08T10:12:48.249+0000] {logging_mixin.py:188} INFO - [2025-04-08T10:12:48.248+0000] {dag.py:3834} INFO - Setting next_dagrun for example_xcom to 2021-01-01 00:00:00+00:00, run_after=2021-01-01 00:00:00+00:00
[2025-04-08T10:12:48.374+0000] {processor.py:183} INFO - Processing /home/airflow/.local/lib/python3.10/site-packages/airflow/example_dags/example_xcom.py took 0.238 seconds
[2025-04-08T10:13:19.273+0000] {processor.py:161} INFO - Started process (PID=408) to work on /home/airflow/.local/lib/python3.10/site-packages/airflow/example_dags/example_xcom.py
[2025-04-08T10:13:19.274+0000] {processor.py:830} INFO - Processing file /home/airflow/.local/lib/python3.10/site-packages/airflow/example_dags/example_xcom.py for tasks to queue
[2025-04-08T10:13:19.276+0000] {logging_mixin.py:188} INFO - [2025-04-08T10:13:19.276+0000] {dagbag.py:540} INFO - Filling up the DagBag from /home/airflow/.local/lib/python3.10/site-packages/airflow/example_dags/example_xcom.py
[2025-04-08T10:13:19.286+0000] {processor.py:840} INFO - DAG(s) 'example_xcom' retrieved from /home/airflow/.local/lib/python3.10/site-packages/airflow/example_dags/example_xcom.py
[2025-04-08T10:13:19.310+0000] {logging_mixin.py:188} INFO - [2025-04-08T10:13:19.310+0000] {dag.py:3047} INFO - Sync 1 DAGs
[2025-04-08T10:13:19.333+0000] {logging_mixin.py:188} INFO - [2025-04-08T10:13:19.332+0000] {dag.py:3834} INFO - Setting next_dagrun for example_xcom to 2021-01-01 00:00:00+00:00, run_after=2021-01-01 00:00:00+00:00
[2025-04-08T10:13:19.356+0000] {processor.py:183} INFO - Processing /home/airflow/.local/lib/python3.10/site-packages/airflow/example_dags/example_xcom.py took 0.086 seconds
[2025-04-08T10:13:49.737+0000] {processor.py:161} INFO - Started process (PID=470) to work on /home/airflow/.local/lib/python3.10/site-packages/airflow/example_dags/example_xcom.py
[2025-04-08T10:13:49.739+0000] {processor.py:830} INFO - Processing file /home/airflow/.local/lib/python3.10/site-packages/airflow/example_dags/example_xcom.py for tasks to queue
[2025-04-08T10:13:49.741+0000] {logging_mixin.py:188} INFO - [2025-04-08T10:13:49.740+0000] {dagbag.py:540} INFO - Filling up the DagBag from /home/airflow/.local/lib/python3.10/site-packages/airflow/example_dags/example_xcom.py
[2025-04-08T10:13:49.751+0000] {processor.py:840} INFO - DAG(s) 'example_xcom' retrieved from /home/airflow/.local/lib/python3.10/site-packages/airflow/example_dags/example_xcom.py
[2025-04-08T10:13:49.776+0000] {logging_mixin.py:188} INFO - [2025-04-08T10:13:49.776+0000] {dag.py:3047} INFO - Sync 1 DAGs
[2025-04-08T10:13:49.798+0000] {logging_mixin.py:188} INFO - [2025-04-08T10:13:49.798+0000] {dag.py:3834} INFO - Setting next_dagrun for example_xcom to 2021-01-01 00:00:00+00:00, run_after=2021-01-01 00:00:00+00:00
[2025-04-08T10:13:49.824+0000] {processor.py:183} INFO - Processing /home/airflow/.local/lib/python3.10/site-packages/airflow/example_dags/example_xcom.py took 0.090 seconds
