[2025-04-08T10:10:46.772+0000] {processor.py:161} INFO - Started process (PID=110) to work on /home/airflow/.local/lib/python3.10/site-packages/airflow/example_dags/example_complex.py
[2025-04-08T10:10:46.775+0000] {processor.py:830} INFO - Processing file /home/airflow/.local/lib/python3.10/site-packages/airflow/example_dags/example_complex.py for tasks to queue
[2025-04-08T10:10:46.779+0000] {logging_mixin.py:188} INFO - [2025-04-08T10:10:46.778+0000] {dagbag.py:540} INFO - Filling up the DagBag from /home/airflow/.local/lib/python3.10/site-packages/airflow/example_dags/example_complex.py
[2025-04-08T10:10:46.804+0000] {processor.py:840} INFO - DAG(s) 'example_complex' retrieved from /home/airflow/.local/lib/python3.10/site-packages/airflow/example_dags/example_complex.py
[2025-04-08T10:10:46.867+0000] {logging_mixin.py:188} INFO - [2025-04-08T10:10:46.866+0000] {dag.py:3047} INFO - Sync 1 DAGs
[2025-04-08T10:10:46.894+0000] {logging_mixin.py:188} INFO - [2025-04-08T10:10:46.894+0000] {dag.py:3834} INFO - Setting next_dagrun for example_complex to None, run_after=None
[2025-04-08T10:10:46.938+0000] {processor.py:183} INFO - Processing /home/airflow/.local/lib/python3.10/site-packages/airflow/example_dags/example_complex.py took 0.173 seconds
[2025-04-08T10:11:17.899+0000] {processor.py:161} INFO - Started process (PID=172) to work on /home/airflow/.local/lib/python3.10/site-packages/airflow/example_dags/example_complex.py
[2025-04-08T10:11:17.900+0000] {processor.py:830} INFO - Processing file /home/airflow/.local/lib/python3.10/site-packages/airflow/example_dags/example_complex.py for tasks to queue
[2025-04-08T10:11:17.902+0000] {logging_mixin.py:188} INFO - [2025-04-08T10:11:17.902+0000] {dagbag.py:540} INFO - Filling up the DagBag from /home/airflow/.local/lib/python3.10/site-packages/airflow/example_dags/example_complex.py
[2025-04-08T10:11:17.912+0000] {processor.py:840} INFO - DAG(s) 'example_complex' retrieved from /home/airflow/.local/lib/python3.10/site-packages/airflow/example_dags/example_complex.py
[2025-04-08T10:11:17.943+0000] {logging_mixin.py:188} INFO - [2025-04-08T10:11:17.943+0000] {dag.py:3047} INFO - Sync 1 DAGs
[2025-04-08T10:11:17.956+0000] {logging_mixin.py:188} INFO - [2025-04-08T10:11:17.956+0000] {dag.py:3834} INFO - Setting next_dagrun for example_complex to None, run_after=None
[2025-04-08T10:11:17.978+0000] {processor.py:183} INFO - Processing /home/airflow/.local/lib/python3.10/site-packages/airflow/example_dags/example_complex.py took 0.082 seconds
[2025-04-08T10:11:48.833+0000] {processor.py:161} INFO - Started process (PID=234) to work on /home/airflow/.local/lib/python3.10/site-packages/airflow/example_dags/example_complex.py
[2025-04-08T10:11:48.835+0000] {processor.py:830} INFO - Processing file /home/airflow/.local/lib/python3.10/site-packages/airflow/example_dags/example_complex.py for tasks to queue
[2025-04-08T10:11:48.837+0000] {logging_mixin.py:188} INFO - [2025-04-08T10:11:48.836+0000] {dagbag.py:540} INFO - Filling up the DagBag from /home/airflow/.local/lib/python3.10/site-packages/airflow/example_dags/example_complex.py
[2025-04-08T10:11:48.847+0000] {processor.py:840} INFO - DAG(s) 'example_complex' retrieved from /home/airflow/.local/lib/python3.10/site-packages/airflow/example_dags/example_complex.py
[2025-04-08T10:11:48.877+0000] {logging_mixin.py:188} INFO - [2025-04-08T10:11:48.876+0000] {dag.py:3047} INFO - Sync 1 DAGs
[2025-04-08T10:11:48.890+0000] {logging_mixin.py:188} INFO - [2025-04-08T10:11:48.889+0000] {dag.py:3834} INFO - Setting next_dagrun for example_complex to None, run_after=None
[2025-04-08T10:11:48.915+0000] {processor.py:183} INFO - Processing /home/airflow/.local/lib/python3.10/site-packages/airflow/example_dags/example_complex.py took 0.085 seconds
[2025-04-08T10:12:19.611+0000] {processor.py:161} INFO - Started process (PID=296) to work on /home/airflow/.local/lib/python3.10/site-packages/airflow/example_dags/example_complex.py
[2025-04-08T10:12:19.615+0000] {processor.py:830} INFO - Processing file /home/airflow/.local/lib/python3.10/site-packages/airflow/example_dags/example_complex.py for tasks to queue
[2025-04-08T10:12:19.619+0000] {logging_mixin.py:188} INFO - [2025-04-08T10:12:19.619+0000] {dagbag.py:540} INFO - Filling up the DagBag from /home/airflow/.local/lib/python3.10/site-packages/airflow/example_dags/example_complex.py
[2025-04-08T10:12:19.649+0000] {processor.py:840} INFO - DAG(s) 'example_complex' retrieved from /home/airflow/.local/lib/python3.10/site-packages/airflow/example_dags/example_complex.py
[2025-04-08T10:12:19.743+0000] {logging_mixin.py:188} INFO - [2025-04-08T10:12:19.742+0000] {dag.py:3047} INFO - Sync 1 DAGs
[2025-04-08T10:12:19.770+0000] {logging_mixin.py:188} INFO - [2025-04-08T10:12:19.770+0000] {dag.py:3834} INFO - Setting next_dagrun for example_complex to None, run_after=None
[2025-04-08T10:12:19.817+0000] {processor.py:183} INFO - Processing /home/airflow/.local/lib/python3.10/site-packages/airflow/example_dags/example_complex.py took 0.220 seconds
[2025-04-08T10:12:50.619+0000] {processor.py:161} INFO - Started process (PID=358) to work on /home/airflow/.local/lib/python3.10/site-packages/airflow/example_dags/example_complex.py
[2025-04-08T10:12:50.621+0000] {processor.py:830} INFO - Processing file /home/airflow/.local/lib/python3.10/site-packages/airflow/example_dags/example_complex.py for tasks to queue
[2025-04-08T10:12:50.624+0000] {logging_mixin.py:188} INFO - [2025-04-08T10:12:50.623+0000] {dagbag.py:540} INFO - Filling up the DagBag from /home/airflow/.local/lib/python3.10/site-packages/airflow/example_dags/example_complex.py
[2025-04-08T10:12:50.636+0000] {processor.py:840} INFO - DAG(s) 'example_complex' retrieved from /home/airflow/.local/lib/python3.10/site-packages/airflow/example_dags/example_complex.py
[2025-04-08T10:12:50.676+0000] {logging_mixin.py:188} INFO - [2025-04-08T10:12:50.676+0000] {dag.py:3047} INFO - Sync 1 DAGs
[2025-04-08T10:12:50.692+0000] {logging_mixin.py:188} INFO - [2025-04-08T10:12:50.692+0000] {dag.py:3834} INFO - Setting next_dagrun for example_complex to None, run_after=None
[2025-04-08T10:12:50.717+0000] {processor.py:183} INFO - Processing /home/airflow/.local/lib/python3.10/site-packages/airflow/example_dags/example_complex.py took 0.102 seconds
[2025-04-08T10:13:20.907+0000] {processor.py:161} INFO - Started process (PID=420) to work on /home/airflow/.local/lib/python3.10/site-packages/airflow/example_dags/example_complex.py
[2025-04-08T10:13:20.908+0000] {processor.py:830} INFO - Processing file /home/airflow/.local/lib/python3.10/site-packages/airflow/example_dags/example_complex.py for tasks to queue
[2025-04-08T10:13:20.910+0000] {logging_mixin.py:188} INFO - [2025-04-08T10:13:20.910+0000] {dagbag.py:540} INFO - Filling up the DagBag from /home/airflow/.local/lib/python3.10/site-packages/airflow/example_dags/example_complex.py
[2025-04-08T10:13:20.920+0000] {processor.py:840} INFO - DAG(s) 'example_complex' retrieved from /home/airflow/.local/lib/python3.10/site-packages/airflow/example_dags/example_complex.py
[2025-04-08T10:13:20.954+0000] {logging_mixin.py:188} INFO - [2025-04-08T10:13:20.953+0000] {dag.py:3047} INFO - Sync 1 DAGs
[2025-04-08T10:13:20.964+0000] {logging_mixin.py:188} INFO - [2025-04-08T10:13:20.964+0000] {dag.py:3834} INFO - Setting next_dagrun for example_complex to None, run_after=None
[2025-04-08T10:13:20.989+0000] {processor.py:183} INFO - Processing /home/airflow/.local/lib/python3.10/site-packages/airflow/example_dags/example_complex.py took 0.086 seconds
