[2025-04-08T10:10:43.262+0000] {processor.py:161} INFO - Started process (PID=80) to work on /home/airflow/.local/lib/python3.10/site-packages/airflow/example_dags/example_branch_operator_decorator.py
[2025-04-08T10:10:43.264+0000] {processor.py:830} INFO - Processing file /home/airflow/.local/lib/python3.10/site-packages/airflow/example_dags/example_branch_operator_decorator.py for tasks to queue
[2025-04-08T10:10:43.268+0000] {logging_mixin.py:188} INFO - [2025-04-08T10:10:43.267+0000] {dagbag.py:540} INFO - Filling up the DagBag from /home/airflow/.local/lib/python3.10/site-packages/airflow/example_dags/example_branch_operator_decorator.py
[2025-04-08T10:10:43.320+0000] {processor.py:840} INFO - DAG(s) 'example_branch_python_operator_decorator' retrieved from /home/airflow/.local/lib/python3.10/site-packages/airflow/example_dags/example_branch_operator_decorator.py
[2025-04-08T10:10:43.532+0000] {logging_mixin.py:188} INFO - [2025-04-08T10:10:43.532+0000] {dag.py:3047} INFO - Sync 1 DAGs
[2025-04-08T10:10:43.570+0000] {logging_mixin.py:188} INFO - [2025-04-08T10:10:43.570+0000] {dag.py:3834} INFO - Setting next_dagrun for example_branch_python_operator_decorator to 2025-04-07 00:00:00+00:00, run_after=2025-04-08 00:00:00+00:00
[2025-04-08T10:10:43.608+0000] {processor.py:183} INFO - Processing /home/airflow/.local/lib/python3.10/site-packages/airflow/example_dags/example_branch_operator_decorator.py took 0.353 seconds
[2025-04-08T10:11:14.410+0000] {processor.py:161} INFO - Started process (PID=142) to work on /home/airflow/.local/lib/python3.10/site-packages/airflow/example_dags/example_branch_operator_decorator.py
[2025-04-08T10:11:14.411+0000] {processor.py:830} INFO - Processing file /home/airflow/.local/lib/python3.10/site-packages/airflow/example_dags/example_branch_operator_decorator.py for tasks to queue
[2025-04-08T10:11:14.413+0000] {logging_mixin.py:188} INFO - [2025-04-08T10:11:14.413+0000] {dagbag.py:540} INFO - Filling up the DagBag from /home/airflow/.local/lib/python3.10/site-packages/airflow/example_dags/example_branch_operator_decorator.py
[2025-04-08T10:11:14.436+0000] {processor.py:840} INFO - DAG(s) 'example_branch_python_operator_decorator' retrieved from /home/airflow/.local/lib/python3.10/site-packages/airflow/example_dags/example_branch_operator_decorator.py
[2025-04-08T10:11:14.467+0000] {logging_mixin.py:188} INFO - [2025-04-08T10:11:14.466+0000] {dag.py:3047} INFO - Sync 1 DAGs
[2025-04-08T10:11:14.489+0000] {logging_mixin.py:188} INFO - [2025-04-08T10:11:14.488+0000] {dag.py:3834} INFO - Setting next_dagrun for example_branch_python_operator_decorator to 2025-04-07 00:00:00+00:00, run_after=2025-04-08 00:00:00+00:00
[2025-04-08T10:11:14.511+0000] {processor.py:183} INFO - Processing /home/airflow/.local/lib/python3.10/site-packages/airflow/example_dags/example_branch_operator_decorator.py took 0.105 seconds
[2025-04-08T10:11:45.278+0000] {processor.py:161} INFO - Started process (PID=204) to work on /home/airflow/.local/lib/python3.10/site-packages/airflow/example_dags/example_branch_operator_decorator.py
[2025-04-08T10:11:45.280+0000] {processor.py:830} INFO - Processing file /home/airflow/.local/lib/python3.10/site-packages/airflow/example_dags/example_branch_operator_decorator.py for tasks to queue
[2025-04-08T10:11:45.282+0000] {logging_mixin.py:188} INFO - [2025-04-08T10:11:45.282+0000] {dagbag.py:540} INFO - Filling up the DagBag from /home/airflow/.local/lib/python3.10/site-packages/airflow/example_dags/example_branch_operator_decorator.py
[2025-04-08T10:11:45.304+0000] {processor.py:840} INFO - DAG(s) 'example_branch_python_operator_decorator' retrieved from /home/airflow/.local/lib/python3.10/site-packages/airflow/example_dags/example_branch_operator_decorator.py
[2025-04-08T10:11:45.335+0000] {logging_mixin.py:188} INFO - [2025-04-08T10:11:45.334+0000] {dag.py:3047} INFO - Sync 1 DAGs
[2025-04-08T10:11:45.361+0000] {logging_mixin.py:188} INFO - [2025-04-08T10:11:45.361+0000] {dag.py:3834} INFO - Setting next_dagrun for example_branch_python_operator_decorator to 2025-04-07 00:00:00+00:00, run_after=2025-04-08 00:00:00+00:00
[2025-04-08T10:11:45.385+0000] {processor.py:183} INFO - Processing /home/airflow/.local/lib/python3.10/site-packages/airflow/example_dags/example_branch_operator_decorator.py took 0.110 seconds
[2025-04-08T10:12:15.529+0000] {processor.py:161} INFO - Started process (PID=266) to work on /home/airflow/.local/lib/python3.10/site-packages/airflow/example_dags/example_branch_operator_decorator.py
[2025-04-08T10:12:15.531+0000] {processor.py:830} INFO - Processing file /home/airflow/.local/lib/python3.10/site-packages/airflow/example_dags/example_branch_operator_decorator.py for tasks to queue
[2025-04-08T10:12:15.533+0000] {logging_mixin.py:188} INFO - [2025-04-08T10:12:15.533+0000] {dagbag.py:540} INFO - Filling up the DagBag from /home/airflow/.local/lib/python3.10/site-packages/airflow/example_dags/example_branch_operator_decorator.py
[2025-04-08T10:12:15.555+0000] {processor.py:840} INFO - DAG(s) 'example_branch_python_operator_decorator' retrieved from /home/airflow/.local/lib/python3.10/site-packages/airflow/example_dags/example_branch_operator_decorator.py
[2025-04-08T10:12:15.587+0000] {logging_mixin.py:188} INFO - [2025-04-08T10:12:15.586+0000] {dag.py:3047} INFO - Sync 1 DAGs
[2025-04-08T10:12:15.609+0000] {logging_mixin.py:188} INFO - [2025-04-08T10:12:15.609+0000] {dag.py:3834} INFO - Setting next_dagrun for example_branch_python_operator_decorator to 2025-04-07 00:00:00+00:00, run_after=2025-04-08 00:00:00+00:00
[2025-04-08T10:12:15.634+0000] {processor.py:183} INFO - Processing /home/airflow/.local/lib/python3.10/site-packages/airflow/example_dags/example_branch_operator_decorator.py took 0.108 seconds
[2025-04-08T10:12:45.704+0000] {processor.py:161} INFO - Started process (PID=328) to work on /home/airflow/.local/lib/python3.10/site-packages/airflow/example_dags/example_branch_operator_decorator.py
[2025-04-08T10:12:45.706+0000] {processor.py:830} INFO - Processing file /home/airflow/.local/lib/python3.10/site-packages/airflow/example_dags/example_branch_operator_decorator.py for tasks to queue
[2025-04-08T10:12:45.708+0000] {logging_mixin.py:188} INFO - [2025-04-08T10:12:45.708+0000] {dagbag.py:540} INFO - Filling up the DagBag from /home/airflow/.local/lib/python3.10/site-packages/airflow/example_dags/example_branch_operator_decorator.py
[2025-04-08T10:12:45.730+0000] {processor.py:840} INFO - DAG(s) 'example_branch_python_operator_decorator' retrieved from /home/airflow/.local/lib/python3.10/site-packages/airflow/example_dags/example_branch_operator_decorator.py
[2025-04-08T10:12:45.761+0000] {logging_mixin.py:188} INFO - [2025-04-08T10:12:45.760+0000] {dag.py:3047} INFO - Sync 1 DAGs
[2025-04-08T10:12:45.790+0000] {logging_mixin.py:188} INFO - [2025-04-08T10:12:45.790+0000] {dag.py:3834} INFO - Setting next_dagrun for example_branch_python_operator_decorator to 2025-04-07 00:00:00+00:00, run_after=2025-04-08 00:00:00+00:00
[2025-04-08T10:12:45.819+0000] {processor.py:183} INFO - Processing /home/airflow/.local/lib/python3.10/site-packages/airflow/example_dags/example_branch_operator_decorator.py took 0.119 seconds
[2025-04-08T10:13:16.204+0000] {processor.py:161} INFO - Started process (PID=390) to work on /home/airflow/.local/lib/python3.10/site-packages/airflow/example_dags/example_branch_operator_decorator.py
[2025-04-08T10:13:16.206+0000] {processor.py:830} INFO - Processing file /home/airflow/.local/lib/python3.10/site-packages/airflow/example_dags/example_branch_operator_decorator.py for tasks to queue
[2025-04-08T10:13:16.208+0000] {logging_mixin.py:188} INFO - [2025-04-08T10:13:16.207+0000] {dagbag.py:540} INFO - Filling up the DagBag from /home/airflow/.local/lib/python3.10/site-packages/airflow/example_dags/example_branch_operator_decorator.py
[2025-04-08T10:13:16.228+0000] {processor.py:840} INFO - DAG(s) 'example_branch_python_operator_decorator' retrieved from /home/airflow/.local/lib/python3.10/site-packages/airflow/example_dags/example_branch_operator_decorator.py
[2025-04-08T10:13:16.260+0000] {logging_mixin.py:188} INFO - [2025-04-08T10:13:16.259+0000] {dag.py:3047} INFO - Sync 1 DAGs
[2025-04-08T10:13:16.286+0000] {logging_mixin.py:188} INFO - [2025-04-08T10:13:16.286+0000] {dag.py:3834} INFO - Setting next_dagrun for example_branch_python_operator_decorator to 2025-04-07 00:00:00+00:00, run_after=2025-04-08 00:00:00+00:00
[2025-04-08T10:13:16.312+0000] {processor.py:183} INFO - Processing /home/airflow/.local/lib/python3.10/site-packages/airflow/example_dags/example_branch_operator_decorator.py took 0.112 seconds
[2025-04-08T10:13:46.485+0000] {processor.py:161} INFO - Started process (PID=452) to work on /home/airflow/.local/lib/python3.10/site-packages/airflow/example_dags/example_branch_operator_decorator.py
[2025-04-08T10:13:46.486+0000] {processor.py:830} INFO - Processing file /home/airflow/.local/lib/python3.10/site-packages/airflow/example_dags/example_branch_operator_decorator.py for tasks to queue
[2025-04-08T10:13:46.488+0000] {logging_mixin.py:188} INFO - [2025-04-08T10:13:46.488+0000] {dagbag.py:540} INFO - Filling up the DagBag from /home/airflow/.local/lib/python3.10/site-packages/airflow/example_dags/example_branch_operator_decorator.py
[2025-04-08T10:13:46.511+0000] {processor.py:840} INFO - DAG(s) 'example_branch_python_operator_decorator' retrieved from /home/airflow/.local/lib/python3.10/site-packages/airflow/example_dags/example_branch_operator_decorator.py
[2025-04-08T10:13:46.554+0000] {logging_mixin.py:188} INFO - [2025-04-08T10:13:46.553+0000] {dag.py:3047} INFO - Sync 1 DAGs
[2025-04-08T10:13:46.611+0000] {logging_mixin.py:188} INFO - [2025-04-08T10:13:46.609+0000] {dag.py:3834} INFO - Setting next_dagrun for example_branch_python_operator_decorator to 2025-04-07 00:00:00+00:00, run_after=2025-04-08 00:00:00+00:00
[2025-04-08T10:13:46.664+0000] {processor.py:183} INFO - Processing /home/airflow/.local/lib/python3.10/site-packages/airflow/example_dags/example_branch_operator_decorator.py took 0.184 seconds
