[2025-04-08T10:10:43.396+0000] {processor.py:161} INFO - Started process (PID=81) to work on /home/airflow/.local/lib/python3.10/site-packages/airflow/example_dags/example_datasets.py
[2025-04-08T10:10:43.398+0000] {processor.py:830} INFO - Processing file /home/airflow/.local/lib/python3.10/site-packages/airflow/example_dags/example_datasets.py for tasks to queue
[2025-04-08T10:10:43.401+0000] {logging_mixin.py:188} INFO - [2025-04-08T10:10:43.401+0000] {dagbag.py:540} INFO - Filling up the DagBag from /home/airflow/.local/lib/python3.10/site-packages/airflow/example_dags/example_datasets.py
[2025-04-08T10:10:43.427+0000] {processor.py:840} INFO - DAG(s) 'dataset_produces_2', 'dataset_consumes_1_never_scheduled', 'dataset_consumes_1_and_2', 'dataset_produces_1', 'dataset_consumes_unknown_never_scheduled', 'dataset_consumes_1' retrieved from /home/airflow/.local/lib/python3.10/site-packages/airflow/example_dags/example_datasets.py
[2025-04-08T10:10:43.500+0000] {logging_mixin.py:188} INFO - [2025-04-08T10:10:43.499+0000] {dag.py:3047} INFO - Sync 6 DAGs
[2025-04-08T10:10:43.544+0000] {logging_mixin.py:188} INFO - [2025-04-08T10:10:43.543+0000] {dag.py:3834} INFO - Setting next_dagrun for dataset_consumes_1 to None, run_after=None
[2025-04-08T10:10:43.552+0000] {logging_mixin.py:188} INFO - [2025-04-08T10:10:43.551+0000] {dag.py:3834} INFO - Setting next_dagrun for dataset_consumes_1_and_2 to None, run_after=None
[2025-04-08T10:10:43.554+0000] {logging_mixin.py:188} INFO - [2025-04-08T10:10:43.554+0000] {dag.py:3834} INFO - Setting next_dagrun for dataset_consumes_1_never_scheduled to None, run_after=None
[2025-04-08T10:10:43.557+0000] {logging_mixin.py:188} INFO - [2025-04-08T10:10:43.556+0000] {dag.py:3834} INFO - Setting next_dagrun for dataset_consumes_unknown_never_scheduled to None, run_after=None
[2025-04-08T10:10:43.562+0000] {logging_mixin.py:188} INFO - [2025-04-08T10:10:43.561+0000] {dag.py:3834} INFO - Setting next_dagrun for dataset_produces_1 to 2025-04-07 00:00:00+00:00, run_after=2025-04-08 00:00:00+00:00
[2025-04-08T10:10:43.564+0000] {logging_mixin.py:188} INFO - [2025-04-08T10:10:43.564+0000] {dag.py:3834} INFO - Setting next_dagrun for dataset_produces_2 to None, run_after=None
[2025-04-08T10:10:43.638+0000] {processor.py:183} INFO - Processing /home/airflow/.local/lib/python3.10/site-packages/airflow/example_dags/example_datasets.py took 0.250 seconds
[2025-04-08T10:11:14.416+0000] {processor.py:161} INFO - Started process (PID=143) to work on /home/airflow/.local/lib/python3.10/site-packages/airflow/example_dags/example_datasets.py
[2025-04-08T10:11:14.417+0000] {processor.py:830} INFO - Processing file /home/airflow/.local/lib/python3.10/site-packages/airflow/example_dags/example_datasets.py for tasks to queue
[2025-04-08T10:11:14.418+0000] {logging_mixin.py:188} INFO - [2025-04-08T10:11:14.418+0000] {dagbag.py:540} INFO - Filling up the DagBag from /home/airflow/.local/lib/python3.10/site-packages/airflow/example_dags/example_datasets.py
[2025-04-08T10:11:14.430+0000] {processor.py:840} INFO - DAG(s) 'dataset_produces_1', 'dataset_consumes_1_and_2', 'dataset_produces_2', 'dataset_consumes_1_never_scheduled', 'dataset_consumes_1', 'dataset_consumes_unknown_never_scheduled' retrieved from /home/airflow/.local/lib/python3.10/site-packages/airflow/example_dags/example_datasets.py
[2025-04-08T10:11:14.473+0000] {logging_mixin.py:188} INFO - [2025-04-08T10:11:14.473+0000] {dag.py:3047} INFO - Sync 6 DAGs
[2025-04-08T10:11:14.495+0000] {logging_mixin.py:188} INFO - [2025-04-08T10:11:14.495+0000] {dag.py:3834} INFO - Setting next_dagrun for dataset_consumes_1 to None, run_after=None
[2025-04-08T10:11:14.499+0000] {logging_mixin.py:188} INFO - [2025-04-08T10:11:14.499+0000] {dag.py:3834} INFO - Setting next_dagrun for dataset_consumes_1_and_2 to None, run_after=None
[2025-04-08T10:11:14.501+0000] {logging_mixin.py:188} INFO - [2025-04-08T10:11:14.501+0000] {dag.py:3834} INFO - Setting next_dagrun for dataset_consumes_1_never_scheduled to None, run_after=None
[2025-04-08T10:11:14.503+0000] {logging_mixin.py:188} INFO - [2025-04-08T10:11:14.502+0000] {dag.py:3834} INFO - Setting next_dagrun for dataset_consumes_unknown_never_scheduled to None, run_after=None
[2025-04-08T10:11:14.506+0000] {logging_mixin.py:188} INFO - [2025-04-08T10:11:14.505+0000] {dag.py:3834} INFO - Setting next_dagrun for dataset_produces_1 to 2025-04-07 00:00:00+00:00, run_after=2025-04-08 00:00:00+00:00
[2025-04-08T10:11:14.507+0000] {logging_mixin.py:188} INFO - [2025-04-08T10:11:14.507+0000] {dag.py:3834} INFO - Setting next_dagrun for dataset_produces_2 to None, run_after=None
[2025-04-08T10:11:14.545+0000] {processor.py:183} INFO - Processing /home/airflow/.local/lib/python3.10/site-packages/airflow/example_dags/example_datasets.py took 0.133 seconds
[2025-04-08T10:11:45.285+0000] {processor.py:161} INFO - Started process (PID=205) to work on /home/airflow/.local/lib/python3.10/site-packages/airflow/example_dags/example_datasets.py
[2025-04-08T10:11:45.287+0000] {processor.py:830} INFO - Processing file /home/airflow/.local/lib/python3.10/site-packages/airflow/example_dags/example_datasets.py for tasks to queue
[2025-04-08T10:11:45.289+0000] {logging_mixin.py:188} INFO - [2025-04-08T10:11:45.288+0000] {dagbag.py:540} INFO - Filling up the DagBag from /home/airflow/.local/lib/python3.10/site-packages/airflow/example_dags/example_datasets.py
[2025-04-08T10:11:45.299+0000] {processor.py:840} INFO - DAG(s) 'dataset_consumes_1_never_scheduled', 'dataset_consumes_1', 'dataset_consumes_unknown_never_scheduled', 'dataset_produces_2', 'dataset_produces_1', 'dataset_consumes_1_and_2' retrieved from /home/airflow/.local/lib/python3.10/site-packages/airflow/example_dags/example_datasets.py
[2025-04-08T10:11:45.340+0000] {logging_mixin.py:188} INFO - [2025-04-08T10:11:45.340+0000] {dag.py:3047} INFO - Sync 6 DAGs
[2025-04-08T10:11:45.367+0000] {logging_mixin.py:188} INFO - [2025-04-08T10:11:45.366+0000] {dag.py:3834} INFO - Setting next_dagrun for dataset_consumes_1 to None, run_after=None
[2025-04-08T10:11:45.371+0000] {logging_mixin.py:188} INFO - [2025-04-08T10:11:45.371+0000] {dag.py:3834} INFO - Setting next_dagrun for dataset_consumes_1_and_2 to None, run_after=None
[2025-04-08T10:11:45.373+0000] {logging_mixin.py:188} INFO - [2025-04-08T10:11:45.373+0000] {dag.py:3834} INFO - Setting next_dagrun for dataset_consumes_1_never_scheduled to None, run_after=None
[2025-04-08T10:11:45.374+0000] {logging_mixin.py:188} INFO - [2025-04-08T10:11:45.374+0000] {dag.py:3834} INFO - Setting next_dagrun for dataset_consumes_unknown_never_scheduled to None, run_after=None
[2025-04-08T10:11:45.377+0000] {logging_mixin.py:188} INFO - [2025-04-08T10:11:45.377+0000] {dag.py:3834} INFO - Setting next_dagrun for dataset_produces_1 to 2025-04-07 00:00:00+00:00, run_after=2025-04-08 00:00:00+00:00
[2025-04-08T10:11:45.379+0000] {logging_mixin.py:188} INFO - [2025-04-08T10:11:45.379+0000] {dag.py:3834} INFO - Setting next_dagrun for dataset_produces_2 to None, run_after=None
[2025-04-08T10:11:45.415+0000] {processor.py:183} INFO - Processing /home/airflow/.local/lib/python3.10/site-packages/airflow/example_dags/example_datasets.py took 0.134 seconds
[2025-04-08T10:12:15.536+0000] {processor.py:161} INFO - Started process (PID=267) to work on /home/airflow/.local/lib/python3.10/site-packages/airflow/example_dags/example_datasets.py
[2025-04-08T10:12:15.537+0000] {processor.py:830} INFO - Processing file /home/airflow/.local/lib/python3.10/site-packages/airflow/example_dags/example_datasets.py for tasks to queue
[2025-04-08T10:12:15.540+0000] {logging_mixin.py:188} INFO - [2025-04-08T10:12:15.539+0000] {dagbag.py:540} INFO - Filling up the DagBag from /home/airflow/.local/lib/python3.10/site-packages/airflow/example_dags/example_datasets.py
[2025-04-08T10:12:15.551+0000] {processor.py:840} INFO - DAG(s) 'dataset_produces_2', 'dataset_consumes_1_never_scheduled', 'dataset_consumes_1', 'dataset_consumes_1_and_2', 'dataset_consumes_unknown_never_scheduled', 'dataset_produces_1' retrieved from /home/airflow/.local/lib/python3.10/site-packages/airflow/example_dags/example_datasets.py
[2025-04-08T10:12:15.594+0000] {logging_mixin.py:188} INFO - [2025-04-08T10:12:15.593+0000] {dag.py:3047} INFO - Sync 6 DAGs
[2025-04-08T10:12:15.620+0000] {logging_mixin.py:188} INFO - [2025-04-08T10:12:15.619+0000] {dag.py:3834} INFO - Setting next_dagrun for dataset_consumes_1 to None, run_after=None
[2025-04-08T10:12:15.625+0000] {logging_mixin.py:188} INFO - [2025-04-08T10:12:15.625+0000] {dag.py:3834} INFO - Setting next_dagrun for dataset_consumes_1_and_2 to None, run_after=None
[2025-04-08T10:12:15.627+0000] {logging_mixin.py:188} INFO - [2025-04-08T10:12:15.627+0000] {dag.py:3834} INFO - Setting next_dagrun for dataset_consumes_1_never_scheduled to None, run_after=None
[2025-04-08T10:12:15.629+0000] {logging_mixin.py:188} INFO - [2025-04-08T10:12:15.629+0000] {dag.py:3834} INFO - Setting next_dagrun for dataset_consumes_unknown_never_scheduled to None, run_after=None
[2025-04-08T10:12:15.632+0000] {logging_mixin.py:188} INFO - [2025-04-08T10:12:15.632+0000] {dag.py:3834} INFO - Setting next_dagrun for dataset_produces_1 to 2025-04-07 00:00:00+00:00, run_after=2025-04-08 00:00:00+00:00
[2025-04-08T10:12:15.634+0000] {logging_mixin.py:188} INFO - [2025-04-08T10:12:15.634+0000] {dag.py:3834} INFO - Setting next_dagrun for dataset_produces_2 to None, run_after=None
[2025-04-08T10:12:15.673+0000] {processor.py:183} INFO - Processing /home/airflow/.local/lib/python3.10/site-packages/airflow/example_dags/example_datasets.py took 0.140 seconds
[2025-04-08T10:12:45.709+0000] {processor.py:161} INFO - Started process (PID=329) to work on /home/airflow/.local/lib/python3.10/site-packages/airflow/example_dags/example_datasets.py
[2025-04-08T10:12:45.710+0000] {processor.py:830} INFO - Processing file /home/airflow/.local/lib/python3.10/site-packages/airflow/example_dags/example_datasets.py for tasks to queue
[2025-04-08T10:12:45.712+0000] {logging_mixin.py:188} INFO - [2025-04-08T10:12:45.712+0000] {dagbag.py:540} INFO - Filling up the DagBag from /home/airflow/.local/lib/python3.10/site-packages/airflow/example_dags/example_datasets.py
[2025-04-08T10:12:45.721+0000] {processor.py:840} INFO - DAG(s) 'dataset_produces_2', 'dataset_consumes_1_never_scheduled', 'dataset_consumes_unknown_never_scheduled', 'dataset_produces_1', 'dataset_consumes_1', 'dataset_consumes_1_and_2' retrieved from /home/airflow/.local/lib/python3.10/site-packages/airflow/example_dags/example_datasets.py
[2025-04-08T10:12:45.764+0000] {logging_mixin.py:188} INFO - [2025-04-08T10:12:45.763+0000] {dag.py:3047} INFO - Sync 6 DAGs
[2025-04-08T10:12:45.788+0000] {logging_mixin.py:188} INFO - [2025-04-08T10:12:45.788+0000] {dag.py:3834} INFO - Setting next_dagrun for dataset_consumes_1 to None, run_after=None
[2025-04-08T10:12:45.794+0000] {logging_mixin.py:188} INFO - [2025-04-08T10:12:45.793+0000] {dag.py:3834} INFO - Setting next_dagrun for dataset_consumes_1_and_2 to None, run_after=None
[2025-04-08T10:12:45.796+0000] {logging_mixin.py:188} INFO - [2025-04-08T10:12:45.796+0000] {dag.py:3834} INFO - Setting next_dagrun for dataset_consumes_1_never_scheduled to None, run_after=None
[2025-04-08T10:12:45.798+0000] {logging_mixin.py:188} INFO - [2025-04-08T10:12:45.798+0000] {dag.py:3834} INFO - Setting next_dagrun for dataset_consumes_unknown_never_scheduled to None, run_after=None
[2025-04-08T10:12:45.802+0000] {logging_mixin.py:188} INFO - [2025-04-08T10:12:45.802+0000] {dag.py:3834} INFO - Setting next_dagrun for dataset_produces_1 to 2025-04-07 00:00:00+00:00, run_after=2025-04-08 00:00:00+00:00
[2025-04-08T10:12:45.804+0000] {logging_mixin.py:188} INFO - [2025-04-08T10:12:45.804+0000] {dag.py:3834} INFO - Setting next_dagrun for dataset_produces_2 to None, run_after=None
[2025-04-08T10:12:45.851+0000] {processor.py:183} INFO - Processing /home/airflow/.local/lib/python3.10/site-packages/airflow/example_dags/example_datasets.py took 0.145 seconds
[2025-04-08T10:13:16.210+0000] {processor.py:161} INFO - Started process (PID=391) to work on /home/airflow/.local/lib/python3.10/site-packages/airflow/example_dags/example_datasets.py
[2025-04-08T10:13:16.212+0000] {processor.py:830} INFO - Processing file /home/airflow/.local/lib/python3.10/site-packages/airflow/example_dags/example_datasets.py for tasks to queue
[2025-04-08T10:13:16.214+0000] {logging_mixin.py:188} INFO - [2025-04-08T10:13:16.214+0000] {dagbag.py:540} INFO - Filling up the DagBag from /home/airflow/.local/lib/python3.10/site-packages/airflow/example_dags/example_datasets.py
[2025-04-08T10:13:16.224+0000] {processor.py:840} INFO - DAG(s) 'dataset_produces_2', 'dataset_consumes_1', 'dataset_produces_1', 'dataset_consumes_1_and_2', 'dataset_consumes_unknown_never_scheduled', 'dataset_consumes_1_never_scheduled' retrieved from /home/airflow/.local/lib/python3.10/site-packages/airflow/example_dags/example_datasets.py
[2025-04-08T10:13:16.266+0000] {logging_mixin.py:188} INFO - [2025-04-08T10:13:16.265+0000] {dag.py:3047} INFO - Sync 6 DAGs
[2025-04-08T10:13:16.292+0000] {logging_mixin.py:188} INFO - [2025-04-08T10:13:16.291+0000] {dag.py:3834} INFO - Setting next_dagrun for dataset_consumes_1 to None, run_after=None
[2025-04-08T10:13:16.296+0000] {logging_mixin.py:188} INFO - [2025-04-08T10:13:16.296+0000] {dag.py:3834} INFO - Setting next_dagrun for dataset_consumes_1_and_2 to None, run_after=None
[2025-04-08T10:13:16.299+0000] {logging_mixin.py:188} INFO - [2025-04-08T10:13:16.299+0000] {dag.py:3834} INFO - Setting next_dagrun for dataset_consumes_1_never_scheduled to None, run_after=None
[2025-04-08T10:13:16.300+0000] {logging_mixin.py:188} INFO - [2025-04-08T10:13:16.300+0000] {dag.py:3834} INFO - Setting next_dagrun for dataset_consumes_unknown_never_scheduled to None, run_after=None
[2025-04-08T10:13:16.304+0000] {logging_mixin.py:188} INFO - [2025-04-08T10:13:16.303+0000] {dag.py:3834} INFO - Setting next_dagrun for dataset_produces_1 to 2025-04-07 00:00:00+00:00, run_after=2025-04-08 00:00:00+00:00
[2025-04-08T10:13:16.305+0000] {logging_mixin.py:188} INFO - [2025-04-08T10:13:16.305+0000] {dag.py:3834} INFO - Setting next_dagrun for dataset_produces_2 to None, run_after=None
[2025-04-08T10:13:16.342+0000] {processor.py:183} INFO - Processing /home/airflow/.local/lib/python3.10/site-packages/airflow/example_dags/example_datasets.py took 0.135 seconds
[2025-04-08T10:13:46.490+0000] {processor.py:161} INFO - Started process (PID=453) to work on /home/airflow/.local/lib/python3.10/site-packages/airflow/example_dags/example_datasets.py
[2025-04-08T10:13:46.492+0000] {processor.py:830} INFO - Processing file /home/airflow/.local/lib/python3.10/site-packages/airflow/example_dags/example_datasets.py for tasks to queue
[2025-04-08T10:13:46.494+0000] {logging_mixin.py:188} INFO - [2025-04-08T10:13:46.493+0000] {dagbag.py:540} INFO - Filling up the DagBag from /home/airflow/.local/lib/python3.10/site-packages/airflow/example_dags/example_datasets.py
[2025-04-08T10:13:46.504+0000] {processor.py:840} INFO - DAG(s) 'dataset_consumes_1', 'dataset_produces_1', 'dataset_produces_2', 'dataset_consumes_1_and_2', 'dataset_consumes_unknown_never_scheduled', 'dataset_consumes_1_never_scheduled' retrieved from /home/airflow/.local/lib/python3.10/site-packages/airflow/example_dags/example_datasets.py
[2025-04-08T10:13:46.574+0000] {logging_mixin.py:188} INFO - [2025-04-08T10:13:46.573+0000] {dag.py:3047} INFO - Sync 6 DAGs
[2025-04-08T10:13:46.638+0000] {logging_mixin.py:188} INFO - [2025-04-08T10:13:46.637+0000] {dag.py:3834} INFO - Setting next_dagrun for dataset_consumes_1 to None, run_after=None
[2025-04-08T10:13:46.647+0000] {logging_mixin.py:188} INFO - [2025-04-08T10:13:46.647+0000] {dag.py:3834} INFO - Setting next_dagrun for dataset_consumes_1_and_2 to None, run_after=None
[2025-04-08T10:13:46.652+0000] {logging_mixin.py:188} INFO - [2025-04-08T10:13:46.652+0000] {dag.py:3834} INFO - Setting next_dagrun for dataset_consumes_1_never_scheduled to None, run_after=None
[2025-04-08T10:13:46.659+0000] {logging_mixin.py:188} INFO - [2025-04-08T10:13:46.658+0000] {dag.py:3834} INFO - Setting next_dagrun for dataset_consumes_unknown_never_scheduled to None, run_after=None
[2025-04-08T10:13:46.677+0000] {logging_mixin.py:188} INFO - [2025-04-08T10:13:46.677+0000] {dag.py:3834} INFO - Setting next_dagrun for dataset_produces_1 to 2025-04-07 00:00:00+00:00, run_after=2025-04-08 00:00:00+00:00
[2025-04-08T10:13:46.680+0000] {logging_mixin.py:188} INFO - [2025-04-08T10:13:46.680+0000] {dag.py:3834} INFO - Setting next_dagrun for dataset_produces_2 to None, run_after=None
[2025-04-08T10:13:46.754+0000] {processor.py:183} INFO - Processing /home/airflow/.local/lib/python3.10/site-packages/airflow/example_dags/example_datasets.py took 0.267 seconds
