[2025-04-08T10:10:44.359+0000] {processor.py:161} INFO - Started process (PID=88) to work on /home/airflow/.local/lib/python3.10/site-packages/airflow/example_dags/example_branch_datetime_operator.py
[2025-04-08T10:10:44.361+0000] {processor.py:830} INFO - Processing file /home/airflow/.local/lib/python3.10/site-packages/airflow/example_dags/example_branch_datetime_operator.py for tasks to queue
[2025-04-08T10:10:44.364+0000] {logging_mixin.py:188} INFO - [2025-04-08T10:10:44.364+0000] {dagbag.py:540} INFO - Filling up the DagBag from /home/airflow/.local/lib/python3.10/site-packages/airflow/example_dags/example_branch_datetime_operator.py
[2025-04-08T10:10:44.392+0000] {processor.py:840} INFO - DAG(s) 'example_branch_datetime_operator_3', 'example_branch_datetime_operator_2', 'example_branch_datetime_operator' retrieved from /home/airflow/.local/lib/python3.10/site-packages/airflow/example_dags/example_branch_datetime_operator.py
[2025-04-08T10:10:44.448+0000] {logging_mixin.py:188} INFO - [2025-04-08T10:10:44.447+0000] {dag.py:3047} INFO - Sync 3 DAGs
[2025-04-08T10:10:44.497+0000] {logging_mixin.py:188} INFO - [2025-04-08T10:10:44.496+0000] {dag.py:3834} INFO - Setting next_dagrun for example_branch_datetime_operator to 2025-04-07 00:00:00+00:00, run_after=2025-04-08 00:00:00+00:00
[2025-04-08T10:10:44.509+0000] {logging_mixin.py:188} INFO - [2025-04-08T10:10:44.509+0000] {dag.py:3834} INFO - Setting next_dagrun for example_branch_datetime_operator_2 to 2025-04-07 00:00:00+00:00, run_after=2025-04-08 00:00:00+00:00
[2025-04-08T10:10:44.515+0000] {logging_mixin.py:188} INFO - [2025-04-08T10:10:44.515+0000] {dag.py:3834} INFO - Setting next_dagrun for example_branch_datetime_operator_3 to 2025-04-07 00:00:00+00:00, run_after=2025-04-08 00:00:00+00:00
[2025-04-08T10:10:44.553+0000] {processor.py:183} INFO - Processing /home/airflow/.local/lib/python3.10/site-packages/airflow/example_dags/example_branch_datetime_operator.py took 0.199 seconds
[2025-04-08T10:11:14.854+0000] {processor.py:161} INFO - Started process (PID=150) to work on /home/airflow/.local/lib/python3.10/site-packages/airflow/example_dags/example_branch_datetime_operator.py
[2025-04-08T10:11:14.855+0000] {processor.py:830} INFO - Processing file /home/airflow/.local/lib/python3.10/site-packages/airflow/example_dags/example_branch_datetime_operator.py for tasks to queue
[2025-04-08T10:11:14.857+0000] {logging_mixin.py:188} INFO - [2025-04-08T10:11:14.856+0000] {dagbag.py:540} INFO - Filling up the DagBag from /home/airflow/.local/lib/python3.10/site-packages/airflow/example_dags/example_branch_datetime_operator.py
[2025-04-08T10:11:14.866+0000] {processor.py:840} INFO - DAG(s) 'example_branch_datetime_operator', 'example_branch_datetime_operator_2', 'example_branch_datetime_operator_3' retrieved from /home/airflow/.local/lib/python3.10/site-packages/airflow/example_dags/example_branch_datetime_operator.py
[2025-04-08T10:11:14.895+0000] {logging_mixin.py:188} INFO - [2025-04-08T10:11:14.894+0000] {dag.py:3047} INFO - Sync 3 DAGs
[2025-04-08T10:11:14.918+0000] {logging_mixin.py:188} INFO - [2025-04-08T10:11:14.918+0000] {dag.py:3834} INFO - Setting next_dagrun for example_branch_datetime_operator to 2025-04-07 00:00:00+00:00, run_after=2025-04-08 00:00:00+00:00
[2025-04-08T10:11:14.923+0000] {logging_mixin.py:188} INFO - [2025-04-08T10:11:14.923+0000] {dag.py:3834} INFO - Setting next_dagrun for example_branch_datetime_operator_2 to 2025-04-07 00:00:00+00:00, run_after=2025-04-08 00:00:00+00:00
[2025-04-08T10:11:14.926+0000] {logging_mixin.py:188} INFO - [2025-04-08T10:11:14.926+0000] {dag.py:3834} INFO - Setting next_dagrun for example_branch_datetime_operator_3 to 2025-04-07 00:00:00+00:00, run_after=2025-04-08 00:00:00+00:00
[2025-04-08T10:11:14.944+0000] {processor.py:183} INFO - Processing /home/airflow/.local/lib/python3.10/site-packages/airflow/example_dags/example_branch_datetime_operator.py took 0.093 seconds
[2025-04-08T10:11:45.748+0000] {processor.py:161} INFO - Started process (PID=212) to work on /home/airflow/.local/lib/python3.10/site-packages/airflow/example_dags/example_branch_datetime_operator.py
[2025-04-08T10:11:45.750+0000] {processor.py:830} INFO - Processing file /home/airflow/.local/lib/python3.10/site-packages/airflow/example_dags/example_branch_datetime_operator.py for tasks to queue
[2025-04-08T10:11:45.753+0000] {logging_mixin.py:188} INFO - [2025-04-08T10:11:45.753+0000] {dagbag.py:540} INFO - Filling up the DagBag from /home/airflow/.local/lib/python3.10/site-packages/airflow/example_dags/example_branch_datetime_operator.py
[2025-04-08T10:11:45.767+0000] {processor.py:840} INFO - DAG(s) 'example_branch_datetime_operator_2', 'example_branch_datetime_operator_3', 'example_branch_datetime_operator' retrieved from /home/airflow/.local/lib/python3.10/site-packages/airflow/example_dags/example_branch_datetime_operator.py
[2025-04-08T10:11:45.799+0000] {logging_mixin.py:188} INFO - [2025-04-08T10:11:45.798+0000] {dag.py:3047} INFO - Sync 3 DAGs
[2025-04-08T10:11:45.823+0000] {logging_mixin.py:188} INFO - [2025-04-08T10:11:45.823+0000] {dag.py:3834} INFO - Setting next_dagrun for example_branch_datetime_operator to 2025-04-07 00:00:00+00:00, run_after=2025-04-08 00:00:00+00:00
[2025-04-08T10:11:45.829+0000] {logging_mixin.py:188} INFO - [2025-04-08T10:11:45.828+0000] {dag.py:3834} INFO - Setting next_dagrun for example_branch_datetime_operator_2 to 2025-04-07 00:00:00+00:00, run_after=2025-04-08 00:00:00+00:00
[2025-04-08T10:11:45.832+0000] {logging_mixin.py:188} INFO - [2025-04-08T10:11:45.831+0000] {dag.py:3834} INFO - Setting next_dagrun for example_branch_datetime_operator_3 to 2025-04-07 00:00:00+00:00, run_after=2025-04-08 00:00:00+00:00
[2025-04-08T10:11:45.852+0000] {processor.py:183} INFO - Processing /home/airflow/.local/lib/python3.10/site-packages/airflow/example_dags/example_branch_datetime_operator.py took 0.108 seconds
[2025-04-08T10:12:16.025+0000] {processor.py:161} INFO - Started process (PID=274) to work on /home/airflow/.local/lib/python3.10/site-packages/airflow/example_dags/example_branch_datetime_operator.py
[2025-04-08T10:12:16.026+0000] {processor.py:830} INFO - Processing file /home/airflow/.local/lib/python3.10/site-packages/airflow/example_dags/example_branch_datetime_operator.py for tasks to queue
[2025-04-08T10:12:16.036+0000] {logging_mixin.py:188} INFO - [2025-04-08T10:12:16.035+0000] {dagbag.py:540} INFO - Filling up the DagBag from /home/airflow/.local/lib/python3.10/site-packages/airflow/example_dags/example_branch_datetime_operator.py
[2025-04-08T10:12:16.066+0000] {processor.py:840} INFO - DAG(s) 'example_branch_datetime_operator_3', 'example_branch_datetime_operator_2', 'example_branch_datetime_operator' retrieved from /home/airflow/.local/lib/python3.10/site-packages/airflow/example_dags/example_branch_datetime_operator.py
[2025-04-08T10:12:16.117+0000] {logging_mixin.py:188} INFO - [2025-04-08T10:12:16.115+0000] {dag.py:3047} INFO - Sync 3 DAGs
[2025-04-08T10:12:16.244+0000] {logging_mixin.py:188} INFO - [2025-04-08T10:12:16.244+0000] {dag.py:3834} INFO - Setting next_dagrun for example_branch_datetime_operator to 2025-04-07 00:00:00+00:00, run_after=2025-04-08 00:00:00+00:00
[2025-04-08T10:12:16.272+0000] {logging_mixin.py:188} INFO - [2025-04-08T10:12:16.272+0000] {dag.py:3834} INFO - Setting next_dagrun for example_branch_datetime_operator_2 to 2025-04-07 00:00:00+00:00, run_after=2025-04-08 00:00:00+00:00
[2025-04-08T10:12:16.279+0000] {logging_mixin.py:188} INFO - [2025-04-08T10:12:16.278+0000] {dag.py:3834} INFO - Setting next_dagrun for example_branch_datetime_operator_3 to 2025-04-07 00:00:00+00:00, run_after=2025-04-08 00:00:00+00:00
[2025-04-08T10:12:16.327+0000] {processor.py:183} INFO - Processing /home/airflow/.local/lib/python3.10/site-packages/airflow/example_dags/example_branch_datetime_operator.py took 0.307 seconds
[2025-04-08T10:12:46.391+0000] {processor.py:161} INFO - Started process (PID=336) to work on /home/airflow/.local/lib/python3.10/site-packages/airflow/example_dags/example_branch_datetime_operator.py
[2025-04-08T10:12:46.393+0000] {processor.py:830} INFO - Processing file /home/airflow/.local/lib/python3.10/site-packages/airflow/example_dags/example_branch_datetime_operator.py for tasks to queue
[2025-04-08T10:12:46.395+0000] {logging_mixin.py:188} INFO - [2025-04-08T10:12:46.395+0000] {dagbag.py:540} INFO - Filling up the DagBag from /home/airflow/.local/lib/python3.10/site-packages/airflow/example_dags/example_branch_datetime_operator.py
[2025-04-08T10:12:46.411+0000] {processor.py:840} INFO - DAG(s) 'example_branch_datetime_operator', 'example_branch_datetime_operator_3', 'example_branch_datetime_operator_2' retrieved from /home/airflow/.local/lib/python3.10/site-packages/airflow/example_dags/example_branch_datetime_operator.py
[2025-04-08T10:12:46.458+0000] {logging_mixin.py:188} INFO - [2025-04-08T10:12:46.458+0000] {dag.py:3047} INFO - Sync 3 DAGs
[2025-04-08T10:12:46.500+0000] {logging_mixin.py:188} INFO - [2025-04-08T10:12:46.499+0000] {dag.py:3834} INFO - Setting next_dagrun for example_branch_datetime_operator to 2025-04-07 00:00:00+00:00, run_after=2025-04-08 00:00:00+00:00
[2025-04-08T10:12:46.511+0000] {logging_mixin.py:188} INFO - [2025-04-08T10:12:46.510+0000] {dag.py:3834} INFO - Setting next_dagrun for example_branch_datetime_operator_2 to 2025-04-07 00:00:00+00:00, run_after=2025-04-08 00:00:00+00:00
[2025-04-08T10:12:46.516+0000] {logging_mixin.py:188} INFO - [2025-04-08T10:12:46.515+0000] {dag.py:3834} INFO - Setting next_dagrun for example_branch_datetime_operator_3 to 2025-04-07 00:00:00+00:00, run_after=2025-04-08 00:00:00+00:00
[2025-04-08T10:12:46.546+0000] {processor.py:183} INFO - Processing /home/airflow/.local/lib/python3.10/site-packages/airflow/example_dags/example_branch_datetime_operator.py took 0.160 seconds
[2025-04-08T10:13:16.656+0000] {processor.py:161} INFO - Started process (PID=398) to work on /home/airflow/.local/lib/python3.10/site-packages/airflow/example_dags/example_branch_datetime_operator.py
[2025-04-08T10:13:16.658+0000] {processor.py:830} INFO - Processing file /home/airflow/.local/lib/python3.10/site-packages/airflow/example_dags/example_branch_datetime_operator.py for tasks to queue
[2025-04-08T10:13:16.660+0000] {logging_mixin.py:188} INFO - [2025-04-08T10:13:16.659+0000] {dagbag.py:540} INFO - Filling up the DagBag from /home/airflow/.local/lib/python3.10/site-packages/airflow/example_dags/example_branch_datetime_operator.py
[2025-04-08T10:13:16.670+0000] {processor.py:840} INFO - DAG(s) 'example_branch_datetime_operator_2', 'example_branch_datetime_operator', 'example_branch_datetime_operator_3' retrieved from /home/airflow/.local/lib/python3.10/site-packages/airflow/example_dags/example_branch_datetime_operator.py
[2025-04-08T10:13:16.699+0000] {logging_mixin.py:188} INFO - [2025-04-08T10:13:16.698+0000] {dag.py:3047} INFO - Sync 3 DAGs
[2025-04-08T10:13:16.724+0000] {logging_mixin.py:188} INFO - [2025-04-08T10:13:16.724+0000] {dag.py:3834} INFO - Setting next_dagrun for example_branch_datetime_operator to 2025-04-07 00:00:00+00:00, run_after=2025-04-08 00:00:00+00:00
[2025-04-08T10:13:16.730+0000] {logging_mixin.py:188} INFO - [2025-04-08T10:13:16.729+0000] {dag.py:3834} INFO - Setting next_dagrun for example_branch_datetime_operator_2 to 2025-04-07 00:00:00+00:00, run_after=2025-04-08 00:00:00+00:00
[2025-04-08T10:13:16.733+0000] {logging_mixin.py:188} INFO - [2025-04-08T10:13:16.733+0000] {dag.py:3834} INFO - Setting next_dagrun for example_branch_datetime_operator_3 to 2025-04-07 00:00:00+00:00, run_after=2025-04-08 00:00:00+00:00
[2025-04-08T10:13:16.753+0000] {processor.py:183} INFO - Processing /home/airflow/.local/lib/python3.10/site-packages/airflow/example_dags/example_branch_datetime_operator.py took 0.100 seconds
[2025-04-08T10:13:47.241+0000] {processor.py:161} INFO - Started process (PID=460) to work on /home/airflow/.local/lib/python3.10/site-packages/airflow/example_dags/example_branch_datetime_operator.py
[2025-04-08T10:13:47.243+0000] {processor.py:830} INFO - Processing file /home/airflow/.local/lib/python3.10/site-packages/airflow/example_dags/example_branch_datetime_operator.py for tasks to queue
[2025-04-08T10:13:47.245+0000] {logging_mixin.py:188} INFO - [2025-04-08T10:13:47.245+0000] {dagbag.py:540} INFO - Filling up the DagBag from /home/airflow/.local/lib/python3.10/site-packages/airflow/example_dags/example_branch_datetime_operator.py
[2025-04-08T10:13:47.258+0000] {processor.py:840} INFO - DAG(s) 'example_branch_datetime_operator_3', 'example_branch_datetime_operator', 'example_branch_datetime_operator_2' retrieved from /home/airflow/.local/lib/python3.10/site-packages/airflow/example_dags/example_branch_datetime_operator.py
[2025-04-08T10:13:47.298+0000] {logging_mixin.py:188} INFO - [2025-04-08T10:13:47.297+0000] {dag.py:3047} INFO - Sync 3 DAGs
[2025-04-08T10:13:47.326+0000] {logging_mixin.py:188} INFO - [2025-04-08T10:13:47.326+0000] {dag.py:3834} INFO - Setting next_dagrun for example_branch_datetime_operator to 2025-04-07 00:00:00+00:00, run_after=2025-04-08 00:00:00+00:00
[2025-04-08T10:13:47.332+0000] {logging_mixin.py:188} INFO - [2025-04-08T10:13:47.332+0000] {dag.py:3834} INFO - Setting next_dagrun for example_branch_datetime_operator_2 to 2025-04-07 00:00:00+00:00, run_after=2025-04-08 00:00:00+00:00
[2025-04-08T10:13:47.335+0000] {logging_mixin.py:188} INFO - [2025-04-08T10:13:47.335+0000] {dag.py:3834} INFO - Setting next_dagrun for example_branch_datetime_operator_3 to 2025-04-07 00:00:00+00:00, run_after=2025-04-08 00:00:00+00:00
[2025-04-08T10:13:47.354+0000] {processor.py:183} INFO - Processing /home/airflow/.local/lib/python3.10/site-packages/airflow/example_dags/example_branch_datetime_operator.py took 0.118 seconds
