[2025-04-08T10:10:46.581+0000] {processor.py:161} INFO - Started process (PID=108) to work on /home/airflow/.local/lib/python3.10/site-packages/airflow/example_dags/example_external_task_marker_dag.py
[2025-04-08T10:10:46.583+0000] {processor.py:830} INFO - Processing file /home/airflow/.local/lib/python3.10/site-packages/airflow/example_dags/example_external_task_marker_dag.py for tasks to queue
[2025-04-08T10:10:46.588+0000] {logging_mixin.py:188} INFO - [2025-04-08T10:10:46.587+0000] {dagbag.py:540} INFO - Filling up the DagBag from /home/airflow/.local/lib/python3.10/site-packages/airflow/example_dags/example_external_task_marker_dag.py
[2025-04-08T10:10:46.610+0000] {processor.py:840} INFO - DAG(s) 'example_external_task_marker_parent', 'example_external_task_marker_child' retrieved from /home/airflow/.local/lib/python3.10/site-packages/airflow/example_dags/example_external_task_marker_dag.py
[2025-04-08T10:10:46.662+0000] {logging_mixin.py:188} INFO - [2025-04-08T10:10:46.662+0000] {dag.py:3047} INFO - Sync 2 DAGs
[2025-04-08T10:10:46.687+0000] {logging_mixin.py:188} INFO - [2025-04-08T10:10:46.687+0000] {dag.py:3834} INFO - Setting next_dagrun for example_external_task_marker_child to None, run_after=None
[2025-04-08T10:10:46.695+0000] {logging_mixin.py:188} INFO - [2025-04-08T10:10:46.694+0000] {dag.py:3834} INFO - Setting next_dagrun for example_external_task_marker_parent to None, run_after=None
[2025-04-08T10:10:46.732+0000] {processor.py:183} INFO - Processing /home/airflow/.local/lib/python3.10/site-packages/airflow/example_dags/example_external_task_marker_dag.py took 0.162 seconds
[2025-04-08T10:11:16.798+0000] {processor.py:161} INFO - Started process (PID=170) to work on /home/airflow/.local/lib/python3.10/site-packages/airflow/example_dags/example_external_task_marker_dag.py
[2025-04-08T10:11:16.800+0000] {processor.py:830} INFO - Processing file /home/airflow/.local/lib/python3.10/site-packages/airflow/example_dags/example_external_task_marker_dag.py for tasks to queue
[2025-04-08T10:11:16.803+0000] {logging_mixin.py:188} INFO - [2025-04-08T10:11:16.802+0000] {dagbag.py:540} INFO - Filling up the DagBag from /home/airflow/.local/lib/python3.10/site-packages/airflow/example_dags/example_external_task_marker_dag.py
[2025-04-08T10:11:16.814+0000] {processor.py:840} INFO - DAG(s) 'example_external_task_marker_child', 'example_external_task_marker_parent' retrieved from /home/airflow/.local/lib/python3.10/site-packages/airflow/example_dags/example_external_task_marker_dag.py
[2025-04-08T10:11:16.845+0000] {logging_mixin.py:188} INFO - [2025-04-08T10:11:16.845+0000] {dag.py:3047} INFO - Sync 2 DAGs
[2025-04-08T10:11:16.858+0000] {logging_mixin.py:188} INFO - [2025-04-08T10:11:16.857+0000] {dag.py:3834} INFO - Setting next_dagrun for example_external_task_marker_child to None, run_after=None
[2025-04-08T10:11:16.861+0000] {logging_mixin.py:188} INFO - [2025-04-08T10:11:16.861+0000] {dag.py:3834} INFO - Setting next_dagrun for example_external_task_marker_parent to None, run_after=None
[2025-04-08T10:11:16.879+0000] {processor.py:183} INFO - Processing /home/airflow/.local/lib/python3.10/site-packages/airflow/example_dags/example_external_task_marker_dag.py took 0.085 seconds
[2025-04-08T10:11:47.780+0000] {processor.py:161} INFO - Started process (PID=232) to work on /home/airflow/.local/lib/python3.10/site-packages/airflow/example_dags/example_external_task_marker_dag.py
[2025-04-08T10:11:47.782+0000] {processor.py:830} INFO - Processing file /home/airflow/.local/lib/python3.10/site-packages/airflow/example_dags/example_external_task_marker_dag.py for tasks to queue
[2025-04-08T10:11:47.784+0000] {logging_mixin.py:188} INFO - [2025-04-08T10:11:47.783+0000] {dagbag.py:540} INFO - Filling up the DagBag from /home/airflow/.local/lib/python3.10/site-packages/airflow/example_dags/example_external_task_marker_dag.py
[2025-04-08T10:11:47.790+0000] {processor.py:840} INFO - DAG(s) 'example_external_task_marker_parent', 'example_external_task_marker_child' retrieved from /home/airflow/.local/lib/python3.10/site-packages/airflow/example_dags/example_external_task_marker_dag.py
[2025-04-08T10:11:47.814+0000] {logging_mixin.py:188} INFO - [2025-04-08T10:11:47.814+0000] {dag.py:3047} INFO - Sync 2 DAGs
[2025-04-08T10:11:47.826+0000] {logging_mixin.py:188} INFO - [2025-04-08T10:11:47.826+0000] {dag.py:3834} INFO - Setting next_dagrun for example_external_task_marker_child to None, run_after=None
[2025-04-08T10:11:47.829+0000] {logging_mixin.py:188} INFO - [2025-04-08T10:11:47.829+0000] {dag.py:3834} INFO - Setting next_dagrun for example_external_task_marker_parent to None, run_after=None
[2025-04-08T10:11:47.847+0000] {processor.py:183} INFO - Processing /home/airflow/.local/lib/python3.10/site-packages/airflow/example_dags/example_external_task_marker_dag.py took 0.070 seconds
[2025-04-08T10:12:18.522+0000] {processor.py:161} INFO - Started process (PID=294) to work on /home/airflow/.local/lib/python3.10/site-packages/airflow/example_dags/example_external_task_marker_dag.py
[2025-04-08T10:12:18.524+0000] {processor.py:830} INFO - Processing file /home/airflow/.local/lib/python3.10/site-packages/airflow/example_dags/example_external_task_marker_dag.py for tasks to queue
[2025-04-08T10:12:18.526+0000] {logging_mixin.py:188} INFO - [2025-04-08T10:12:18.525+0000] {dagbag.py:540} INFO - Filling up the DagBag from /home/airflow/.local/lib/python3.10/site-packages/airflow/example_dags/example_external_task_marker_dag.py
[2025-04-08T10:12:18.532+0000] {processor.py:840} INFO - DAG(s) 'example_external_task_marker_child', 'example_external_task_marker_parent' retrieved from /home/airflow/.local/lib/python3.10/site-packages/airflow/example_dags/example_external_task_marker_dag.py
[2025-04-08T10:12:18.557+0000] {logging_mixin.py:188} INFO - [2025-04-08T10:12:18.557+0000] {dag.py:3047} INFO - Sync 2 DAGs
[2025-04-08T10:12:18.569+0000] {logging_mixin.py:188} INFO - [2025-04-08T10:12:18.569+0000] {dag.py:3834} INFO - Setting next_dagrun for example_external_task_marker_child to None, run_after=None
[2025-04-08T10:12:18.573+0000] {logging_mixin.py:188} INFO - [2025-04-08T10:12:18.573+0000] {dag.py:3834} INFO - Setting next_dagrun for example_external_task_marker_parent to None, run_after=None
[2025-04-08T10:12:18.590+0000] {processor.py:183} INFO - Processing /home/airflow/.local/lib/python3.10/site-packages/airflow/example_dags/example_external_task_marker_dag.py took 0.072 seconds
[2025-04-08T10:12:49.495+0000] {processor.py:161} INFO - Started process (PID=356) to work on /home/airflow/.local/lib/python3.10/site-packages/airflow/example_dags/example_external_task_marker_dag.py
[2025-04-08T10:12:49.497+0000] {processor.py:830} INFO - Processing file /home/airflow/.local/lib/python3.10/site-packages/airflow/example_dags/example_external_task_marker_dag.py for tasks to queue
[2025-04-08T10:12:49.499+0000] {logging_mixin.py:188} INFO - [2025-04-08T10:12:49.499+0000] {dagbag.py:540} INFO - Filling up the DagBag from /home/airflow/.local/lib/python3.10/site-packages/airflow/example_dags/example_external_task_marker_dag.py
[2025-04-08T10:12:49.508+0000] {processor.py:840} INFO - DAG(s) 'example_external_task_marker_child', 'example_external_task_marker_parent' retrieved from /home/airflow/.local/lib/python3.10/site-packages/airflow/example_dags/example_external_task_marker_dag.py
[2025-04-08T10:12:49.539+0000] {logging_mixin.py:188} INFO - [2025-04-08T10:12:49.539+0000] {dag.py:3047} INFO - Sync 2 DAGs
[2025-04-08T10:12:49.555+0000] {logging_mixin.py:188} INFO - [2025-04-08T10:12:49.555+0000] {dag.py:3834} INFO - Setting next_dagrun for example_external_task_marker_child to None, run_after=None
[2025-04-08T10:12:49.559+0000] {logging_mixin.py:188} INFO - [2025-04-08T10:12:49.559+0000] {dag.py:3834} INFO - Setting next_dagrun for example_external_task_marker_parent to None, run_after=None
[2025-04-08T10:12:49.584+0000] {processor.py:183} INFO - Processing /home/airflow/.local/lib/python3.10/site-packages/airflow/example_dags/example_external_task_marker_dag.py took 0.093 seconds
[2025-04-08T10:13:19.890+0000] {processor.py:161} INFO - Started process (PID=418) to work on /home/airflow/.local/lib/python3.10/site-packages/airflow/example_dags/example_external_task_marker_dag.py
[2025-04-08T10:13:19.892+0000] {processor.py:830} INFO - Processing file /home/airflow/.local/lib/python3.10/site-packages/airflow/example_dags/example_external_task_marker_dag.py for tasks to queue
[2025-04-08T10:13:19.894+0000] {logging_mixin.py:188} INFO - [2025-04-08T10:13:19.893+0000] {dagbag.py:540} INFO - Filling up the DagBag from /home/airflow/.local/lib/python3.10/site-packages/airflow/example_dags/example_external_task_marker_dag.py
[2025-04-08T10:13:19.900+0000] {processor.py:840} INFO - DAG(s) 'example_external_task_marker_parent', 'example_external_task_marker_child' retrieved from /home/airflow/.local/lib/python3.10/site-packages/airflow/example_dags/example_external_task_marker_dag.py
[2025-04-08T10:13:19.926+0000] {logging_mixin.py:188} INFO - [2025-04-08T10:13:19.925+0000] {dag.py:3047} INFO - Sync 2 DAGs
[2025-04-08T10:13:19.939+0000] {logging_mixin.py:188} INFO - [2025-04-08T10:13:19.939+0000] {dag.py:3834} INFO - Setting next_dagrun for example_external_task_marker_child to None, run_after=None
[2025-04-08T10:13:19.943+0000] {logging_mixin.py:188} INFO - [2025-04-08T10:13:19.943+0000] {dag.py:3834} INFO - Setting next_dagrun for example_external_task_marker_parent to None, run_after=None
[2025-04-08T10:13:19.962+0000] {processor.py:183} INFO - Processing /home/airflow/.local/lib/python3.10/site-packages/airflow/example_dags/example_external_task_marker_dag.py took 0.077 seconds
[2025-04-08T10:13:50.340+0000] {processor.py:161} INFO - Started process (PID=480) to work on /home/airflow/.local/lib/python3.10/site-packages/airflow/example_dags/example_external_task_marker_dag.py
[2025-04-08T10:13:50.342+0000] {processor.py:830} INFO - Processing file /home/airflow/.local/lib/python3.10/site-packages/airflow/example_dags/example_external_task_marker_dag.py for tasks to queue
[2025-04-08T10:13:50.344+0000] {logging_mixin.py:188} INFO - [2025-04-08T10:13:50.343+0000] {dagbag.py:540} INFO - Filling up the DagBag from /home/airflow/.local/lib/python3.10/site-packages/airflow/example_dags/example_external_task_marker_dag.py
[2025-04-08T10:13:50.350+0000] {processor.py:840} INFO - DAG(s) 'example_external_task_marker_child', 'example_external_task_marker_parent' retrieved from /home/airflow/.local/lib/python3.10/site-packages/airflow/example_dags/example_external_task_marker_dag.py
[2025-04-08T10:13:50.377+0000] {logging_mixin.py:188} INFO - [2025-04-08T10:13:50.377+0000] {dag.py:3047} INFO - Sync 2 DAGs
[2025-04-08T10:13:50.390+0000] {logging_mixin.py:188} INFO - [2025-04-08T10:13:50.389+0000] {dag.py:3834} INFO - Setting next_dagrun for example_external_task_marker_child to None, run_after=None
[2025-04-08T10:13:50.393+0000] {logging_mixin.py:188} INFO - [2025-04-08T10:13:50.393+0000] {dag.py:3834} INFO - Setting next_dagrun for example_external_task_marker_parent to None, run_after=None
[2025-04-08T10:13:50.417+0000] {processor.py:183} INFO - Processing /home/airflow/.local/lib/python3.10/site-packages/airflow/example_dags/example_external_task_marker_dag.py took 0.080 seconds
