[2025-04-08T10:10:44.978+0000] {processor.py:161} INFO - Started process (PID=94) to work on /home/airflow/.local/lib/python3.10/site-packages/airflow/example_dags/example_trigger_controller_dag.py
[2025-04-08T10:10:44.981+0000] {processor.py:830} INFO - Processing file /home/airflow/.local/lib/python3.10/site-packages/airflow/example_dags/example_trigger_controller_dag.py for tasks to queue
[2025-04-08T10:10:44.985+0000] {logging_mixin.py:188} INFO - [2025-04-08T10:10:44.985+0000] {dagbag.py:540} INFO - Filling up the DagBag from /home/airflow/.local/lib/python3.10/site-packages/airflow/example_dags/example_trigger_controller_dag.py
[2025-04-08T10:10:44.998+0000] {processor.py:840} INFO - DAG(s) 'example_trigger_controller_dag' retrieved from /home/airflow/.local/lib/python3.10/site-packages/airflow/example_dags/example_trigger_controller_dag.py
[2025-04-08T10:10:45.036+0000] {logging_mixin.py:188} INFO - [2025-04-08T10:10:45.035+0000] {dag.py:3047} INFO - Sync 1 DAGs
[2025-04-08T10:10:45.076+0000] {logging_mixin.py:188} INFO - [2025-04-08T10:10:45.076+0000] {dag.py:3834} INFO - Setting next_dagrun for example_trigger_controller_dag to 2021-01-01 00:00:00+00:00, run_after=2021-01-01 00:00:00+00:00
[2025-04-08T10:10:45.116+0000] {processor.py:183} INFO - Processing /home/airflow/.local/lib/python3.10/site-packages/airflow/example_dags/example_trigger_controller_dag.py took 0.144 seconds
[2025-04-08T10:11:15.158+0000] {processor.py:161} INFO - Started process (PID=156) to work on /home/airflow/.local/lib/python3.10/site-packages/airflow/example_dags/example_trigger_controller_dag.py
[2025-04-08T10:11:15.159+0000] {processor.py:830} INFO - Processing file /home/airflow/.local/lib/python3.10/site-packages/airflow/example_dags/example_trigger_controller_dag.py for tasks to queue
[2025-04-08T10:11:15.161+0000] {logging_mixin.py:188} INFO - [2025-04-08T10:11:15.160+0000] {dagbag.py:540} INFO - Filling up the DagBag from /home/airflow/.local/lib/python3.10/site-packages/airflow/example_dags/example_trigger_controller_dag.py
[2025-04-08T10:11:15.166+0000] {processor.py:840} INFO - DAG(s) 'example_trigger_controller_dag' retrieved from /home/airflow/.local/lib/python3.10/site-packages/airflow/example_dags/example_trigger_controller_dag.py
[2025-04-08T10:11:15.186+0000] {logging_mixin.py:188} INFO - [2025-04-08T10:11:15.186+0000] {dag.py:3047} INFO - Sync 1 DAGs
[2025-04-08T10:11:15.205+0000] {logging_mixin.py:188} INFO - [2025-04-08T10:11:15.205+0000] {dag.py:3834} INFO - Setting next_dagrun for example_trigger_controller_dag to 2021-01-01 00:00:00+00:00, run_after=2021-01-01 00:00:00+00:00
[2025-04-08T10:11:15.223+0000] {processor.py:183} INFO - Processing /home/airflow/.local/lib/python3.10/site-packages/airflow/example_dags/example_trigger_controller_dag.py took 0.068 seconds
[2025-04-08T10:11:46.062+0000] {processor.py:161} INFO - Started process (PID=218) to work on /home/airflow/.local/lib/python3.10/site-packages/airflow/example_dags/example_trigger_controller_dag.py
[2025-04-08T10:11:46.064+0000] {processor.py:830} INFO - Processing file /home/airflow/.local/lib/python3.10/site-packages/airflow/example_dags/example_trigger_controller_dag.py for tasks to queue
[2025-04-08T10:11:46.066+0000] {logging_mixin.py:188} INFO - [2025-04-08T10:11:46.065+0000] {dagbag.py:540} INFO - Filling up the DagBag from /home/airflow/.local/lib/python3.10/site-packages/airflow/example_dags/example_trigger_controller_dag.py
[2025-04-08T10:11:46.070+0000] {processor.py:840} INFO - DAG(s) 'example_trigger_controller_dag' retrieved from /home/airflow/.local/lib/python3.10/site-packages/airflow/example_dags/example_trigger_controller_dag.py
[2025-04-08T10:11:46.090+0000] {logging_mixin.py:188} INFO - [2025-04-08T10:11:46.090+0000] {dag.py:3047} INFO - Sync 1 DAGs
[2025-04-08T10:11:46.110+0000] {logging_mixin.py:188} INFO - [2025-04-08T10:11:46.110+0000] {dag.py:3834} INFO - Setting next_dagrun for example_trigger_controller_dag to 2021-01-01 00:00:00+00:00, run_after=2021-01-01 00:00:00+00:00
[2025-04-08T10:11:46.129+0000] {processor.py:183} INFO - Processing /home/airflow/.local/lib/python3.10/site-packages/airflow/example_dags/example_trigger_controller_dag.py took 0.070 seconds
[2025-04-08T10:12:16.611+0000] {processor.py:161} INFO - Started process (PID=280) to work on /home/airflow/.local/lib/python3.10/site-packages/airflow/example_dags/example_trigger_controller_dag.py
[2025-04-08T10:12:16.613+0000] {processor.py:830} INFO - Processing file /home/airflow/.local/lib/python3.10/site-packages/airflow/example_dags/example_trigger_controller_dag.py for tasks to queue
[2025-04-08T10:12:16.615+0000] {logging_mixin.py:188} INFO - [2025-04-08T10:12:16.615+0000] {dagbag.py:540} INFO - Filling up the DagBag from /home/airflow/.local/lib/python3.10/site-packages/airflow/example_dags/example_trigger_controller_dag.py
[2025-04-08T10:12:16.621+0000] {processor.py:840} INFO - DAG(s) 'example_trigger_controller_dag' retrieved from /home/airflow/.local/lib/python3.10/site-packages/airflow/example_dags/example_trigger_controller_dag.py
[2025-04-08T10:12:16.644+0000] {logging_mixin.py:188} INFO - [2025-04-08T10:12:16.643+0000] {dag.py:3047} INFO - Sync 1 DAGs
[2025-04-08T10:12:16.670+0000] {logging_mixin.py:188} INFO - [2025-04-08T10:12:16.670+0000] {dag.py:3834} INFO - Setting next_dagrun for example_trigger_controller_dag to 2021-01-01 00:00:00+00:00, run_after=2021-01-01 00:00:00+00:00
[2025-04-08T10:12:16.697+0000] {processor.py:183} INFO - Processing /home/airflow/.local/lib/python3.10/site-packages/airflow/example_dags/example_trigger_controller_dag.py took 0.089 seconds
[2025-04-08T10:12:46.772+0000] {processor.py:161} INFO - Started process (PID=342) to work on /home/airflow/.local/lib/python3.10/site-packages/airflow/example_dags/example_trigger_controller_dag.py
[2025-04-08T10:12:46.773+0000] {processor.py:830} INFO - Processing file /home/airflow/.local/lib/python3.10/site-packages/airflow/example_dags/example_trigger_controller_dag.py for tasks to queue
[2025-04-08T10:12:46.775+0000] {logging_mixin.py:188} INFO - [2025-04-08T10:12:46.775+0000] {dagbag.py:540} INFO - Filling up the DagBag from /home/airflow/.local/lib/python3.10/site-packages/airflow/example_dags/example_trigger_controller_dag.py
[2025-04-08T10:12:46.782+0000] {processor.py:840} INFO - DAG(s) 'example_trigger_controller_dag' retrieved from /home/airflow/.local/lib/python3.10/site-packages/airflow/example_dags/example_trigger_controller_dag.py
[2025-04-08T10:12:46.806+0000] {logging_mixin.py:188} INFO - [2025-04-08T10:12:46.806+0000] {dag.py:3047} INFO - Sync 1 DAGs
[2025-04-08T10:12:46.833+0000] {logging_mixin.py:188} INFO - [2025-04-08T10:12:46.833+0000] {dag.py:3834} INFO - Setting next_dagrun for example_trigger_controller_dag to 2021-01-01 00:00:00+00:00, run_after=2021-01-01 00:00:00+00:00
[2025-04-08T10:12:46.863+0000] {processor.py:183} INFO - Processing /home/airflow/.local/lib/python3.10/site-packages/airflow/example_dags/example_trigger_controller_dag.py took 0.095 seconds
[2025-04-08T10:13:17.051+0000] {processor.py:161} INFO - Started process (PID=404) to work on /home/airflow/.local/lib/python3.10/site-packages/airflow/example_dags/example_trigger_controller_dag.py
[2025-04-08T10:13:17.052+0000] {processor.py:830} INFO - Processing file /home/airflow/.local/lib/python3.10/site-packages/airflow/example_dags/example_trigger_controller_dag.py for tasks to queue
[2025-04-08T10:13:17.054+0000] {logging_mixin.py:188} INFO - [2025-04-08T10:13:17.053+0000] {dagbag.py:540} INFO - Filling up the DagBag from /home/airflow/.local/lib/python3.10/site-packages/airflow/example_dags/example_trigger_controller_dag.py
[2025-04-08T10:13:17.059+0000] {processor.py:840} INFO - DAG(s) 'example_trigger_controller_dag' retrieved from /home/airflow/.local/lib/python3.10/site-packages/airflow/example_dags/example_trigger_controller_dag.py
[2025-04-08T10:13:17.081+0000] {logging_mixin.py:188} INFO - [2025-04-08T10:13:17.081+0000] {dag.py:3047} INFO - Sync 1 DAGs
[2025-04-08T10:13:17.103+0000] {logging_mixin.py:188} INFO - [2025-04-08T10:13:17.103+0000] {dag.py:3834} INFO - Setting next_dagrun for example_trigger_controller_dag to 2021-01-01 00:00:00+00:00, run_after=2021-01-01 00:00:00+00:00
[2025-04-08T10:13:17.129+0000] {processor.py:183} INFO - Processing /home/airflow/.local/lib/python3.10/site-packages/airflow/example_dags/example_trigger_controller_dag.py took 0.081 seconds
[2025-04-08T10:13:47.582+0000] {processor.py:161} INFO - Started process (PID=466) to work on /home/airflow/.local/lib/python3.10/site-packages/airflow/example_dags/example_trigger_controller_dag.py
[2025-04-08T10:13:47.584+0000] {processor.py:830} INFO - Processing file /home/airflow/.local/lib/python3.10/site-packages/airflow/example_dags/example_trigger_controller_dag.py for tasks to queue
[2025-04-08T10:13:47.587+0000] {logging_mixin.py:188} INFO - [2025-04-08T10:13:47.587+0000] {dagbag.py:540} INFO - Filling up the DagBag from /home/airflow/.local/lib/python3.10/site-packages/airflow/example_dags/example_trigger_controller_dag.py
[2025-04-08T10:13:47.593+0000] {processor.py:840} INFO - DAG(s) 'example_trigger_controller_dag' retrieved from /home/airflow/.local/lib/python3.10/site-packages/airflow/example_dags/example_trigger_controller_dag.py
[2025-04-08T10:13:47.616+0000] {logging_mixin.py:188} INFO - [2025-04-08T10:13:47.615+0000] {dag.py:3047} INFO - Sync 1 DAGs
[2025-04-08T10:13:47.637+0000] {logging_mixin.py:188} INFO - [2025-04-08T10:13:47.637+0000] {dag.py:3834} INFO - Setting next_dagrun for example_trigger_controller_dag to 2021-01-01 00:00:00+00:00, run_after=2021-01-01 00:00:00+00:00
[2025-04-08T10:13:47.659+0000] {processor.py:183} INFO - Processing /home/airflow/.local/lib/python3.10/site-packages/airflow/example_dags/example_trigger_controller_dag.py took 0.081 seconds
