[2025-04-08T10:10:43.021+0000] {processor.py:161} INFO - Started process (PID=77) to work on /home/airflow/.local/lib/python3.10/site-packages/airflow/example_dags/example_sla_dag.py
[2025-04-08T10:10:43.022+0000] {processor.py:830} INFO - Processing file /home/airflow/.local/lib/python3.10/site-packages/airflow/example_dags/example_sla_dag.py for tasks to queue
[2025-04-08T10:10:43.025+0000] {logging_mixin.py:188} INFO - [2025-04-08T10:10:43.024+0000] {dagbag.py:540} INFO - Filling up the DagBag from /home/airflow/.local/lib/python3.10/site-packages/airflow/example_dags/example_sla_dag.py
[2025-04-08T10:10:43.047+0000] {processor.py:840} INFO - DAG(s) 'example_sla_dag' retrieved from /home/airflow/.local/lib/python3.10/site-packages/airflow/example_dags/example_sla_dag.py
[2025-04-08T10:10:43.091+0000] {logging_mixin.py:188} INFO - [2025-04-08T10:10:43.090+0000] {dag.py:3047} INFO - Sync 1 DAGs
[2025-04-08T10:10:43.137+0000] {logging_mixin.py:188} INFO - [2025-04-08T10:10:43.137+0000] {dag.py:3834} INFO - Setting next_dagrun for example_sla_dag to 2025-04-08 10:08:00+00:00, run_after=2025-04-08 10:10:00+00:00
[2025-04-08T10:10:43.173+0000] {processor.py:183} INFO - Processing /home/airflow/.local/lib/python3.10/site-packages/airflow/example_dags/example_sla_dag.py took 0.158 seconds
[2025-04-08T10:11:13.259+0000] {processor.py:161} INFO - Started process (PID=139) to work on /home/airflow/.local/lib/python3.10/site-packages/airflow/example_dags/example_sla_dag.py
[2025-04-08T10:11:13.260+0000] {processor.py:830} INFO - Processing file /home/airflow/.local/lib/python3.10/site-packages/airflow/example_dags/example_sla_dag.py for tasks to queue
[2025-04-08T10:11:13.262+0000] {logging_mixin.py:188} INFO - [2025-04-08T10:11:13.262+0000] {dagbag.py:540} INFO - Filling up the DagBag from /home/airflow/.local/lib/python3.10/site-packages/airflow/example_dags/example_sla_dag.py
[2025-04-08T10:11:13.272+0000] {processor.py:840} INFO - DAG(s) 'example_sla_dag' retrieved from /home/airflow/.local/lib/python3.10/site-packages/airflow/example_dags/example_sla_dag.py
[2025-04-08T10:11:13.292+0000] {logging_mixin.py:188} INFO - [2025-04-08T10:11:13.291+0000] {dag.py:3047} INFO - Sync 1 DAGs
[2025-04-08T10:11:13.315+0000] {logging_mixin.py:188} INFO - [2025-04-08T10:11:13.315+0000] {dag.py:3834} INFO - Setting next_dagrun for example_sla_dag to 2025-04-08 10:08:00+00:00, run_after=2025-04-08 10:10:00+00:00
[2025-04-08T10:11:13.336+0000] {processor.py:183} INFO - Processing /home/airflow/.local/lib/python3.10/site-packages/airflow/example_dags/example_sla_dag.py took 0.081 seconds
[2025-04-08T10:11:44.129+0000] {processor.py:161} INFO - Started process (PID=201) to work on /home/airflow/.local/lib/python3.10/site-packages/airflow/example_dags/example_sla_dag.py
[2025-04-08T10:11:44.130+0000] {processor.py:830} INFO - Processing file /home/airflow/.local/lib/python3.10/site-packages/airflow/example_dags/example_sla_dag.py for tasks to queue
[2025-04-08T10:11:44.132+0000] {logging_mixin.py:188} INFO - [2025-04-08T10:11:44.132+0000] {dagbag.py:540} INFO - Filling up the DagBag from /home/airflow/.local/lib/python3.10/site-packages/airflow/example_dags/example_sla_dag.py
[2025-04-08T10:11:44.141+0000] {processor.py:840} INFO - DAG(s) 'example_sla_dag' retrieved from /home/airflow/.local/lib/python3.10/site-packages/airflow/example_dags/example_sla_dag.py
[2025-04-08T10:11:44.161+0000] {logging_mixin.py:188} INFO - [2025-04-08T10:11:44.161+0000] {dag.py:3047} INFO - Sync 1 DAGs
[2025-04-08T10:11:44.185+0000] {logging_mixin.py:188} INFO - [2025-04-08T10:11:44.185+0000] {dag.py:3834} INFO - Setting next_dagrun for example_sla_dag to 2025-04-08 10:08:00+00:00, run_after=2025-04-08 10:10:00+00:00
[2025-04-08T10:11:44.205+0000] {processor.py:183} INFO - Processing /home/airflow/.local/lib/python3.10/site-packages/airflow/example_dags/example_sla_dag.py took 0.080 seconds
[2025-04-08T10:12:14.326+0000] {processor.py:161} INFO - Started process (PID=263) to work on /home/airflow/.local/lib/python3.10/site-packages/airflow/example_dags/example_sla_dag.py
[2025-04-08T10:12:14.327+0000] {processor.py:830} INFO - Processing file /home/airflow/.local/lib/python3.10/site-packages/airflow/example_dags/example_sla_dag.py for tasks to queue
[2025-04-08T10:12:14.330+0000] {logging_mixin.py:188} INFO - [2025-04-08T10:12:14.329+0000] {dagbag.py:540} INFO - Filling up the DagBag from /home/airflow/.local/lib/python3.10/site-packages/airflow/example_dags/example_sla_dag.py
[2025-04-08T10:12:14.342+0000] {processor.py:840} INFO - DAG(s) 'example_sla_dag' retrieved from /home/airflow/.local/lib/python3.10/site-packages/airflow/example_dags/example_sla_dag.py
[2025-04-08T10:12:14.369+0000] {logging_mixin.py:188} INFO - [2025-04-08T10:12:14.369+0000] {dag.py:3047} INFO - Sync 1 DAGs
[2025-04-08T10:12:14.399+0000] {logging_mixin.py:188} INFO - [2025-04-08T10:12:14.399+0000] {dag.py:3834} INFO - Setting next_dagrun for example_sla_dag to 2025-04-08 10:10:00+00:00, run_after=2025-04-08 10:12:00+00:00
[2025-04-08T10:12:14.424+0000] {processor.py:183} INFO - Processing /home/airflow/.local/lib/python3.10/site-packages/airflow/example_dags/example_sla_dag.py took 0.103 seconds
[2025-04-08T10:12:44.511+0000] {processor.py:161} INFO - Started process (PID=325) to work on /home/airflow/.local/lib/python3.10/site-packages/airflow/example_dags/example_sla_dag.py
[2025-04-08T10:12:44.512+0000] {processor.py:830} INFO - Processing file /home/airflow/.local/lib/python3.10/site-packages/airflow/example_dags/example_sla_dag.py for tasks to queue
[2025-04-08T10:12:44.515+0000] {logging_mixin.py:188} INFO - [2025-04-08T10:12:44.515+0000] {dagbag.py:540} INFO - Filling up the DagBag from /home/airflow/.local/lib/python3.10/site-packages/airflow/example_dags/example_sla_dag.py
[2025-04-08T10:12:44.525+0000] {processor.py:840} INFO - DAG(s) 'example_sla_dag' retrieved from /home/airflow/.local/lib/python3.10/site-packages/airflow/example_dags/example_sla_dag.py
[2025-04-08T10:12:44.552+0000] {logging_mixin.py:188} INFO - [2025-04-08T10:12:44.551+0000] {dag.py:3047} INFO - Sync 1 DAGs
[2025-04-08T10:12:44.581+0000] {logging_mixin.py:188} INFO - [2025-04-08T10:12:44.581+0000] {dag.py:3834} INFO - Setting next_dagrun for example_sla_dag to 2025-04-08 10:10:00+00:00, run_after=2025-04-08 10:12:00+00:00
[2025-04-08T10:12:44.605+0000] {processor.py:183} INFO - Processing /home/airflow/.local/lib/python3.10/site-packages/airflow/example_dags/example_sla_dag.py took 0.099 seconds
[2025-04-08T10:13:15.040+0000] {processor.py:161} INFO - Started process (PID=387) to work on /home/airflow/.local/lib/python3.10/site-packages/airflow/example_dags/example_sla_dag.py
[2025-04-08T10:13:15.041+0000] {processor.py:830} INFO - Processing file /home/airflow/.local/lib/python3.10/site-packages/airflow/example_dags/example_sla_dag.py for tasks to queue
[2025-04-08T10:13:15.043+0000] {logging_mixin.py:188} INFO - [2025-04-08T10:13:15.042+0000] {dagbag.py:540} INFO - Filling up the DagBag from /home/airflow/.local/lib/python3.10/site-packages/airflow/example_dags/example_sla_dag.py
[2025-04-08T10:13:15.052+0000] {processor.py:840} INFO - DAG(s) 'example_sla_dag' retrieved from /home/airflow/.local/lib/python3.10/site-packages/airflow/example_dags/example_sla_dag.py
[2025-04-08T10:13:15.072+0000] {logging_mixin.py:188} INFO - [2025-04-08T10:13:15.071+0000] {dag.py:3047} INFO - Sync 1 DAGs
[2025-04-08T10:13:15.096+0000] {logging_mixin.py:188} INFO - [2025-04-08T10:13:15.096+0000] {dag.py:3834} INFO - Setting next_dagrun for example_sla_dag to 2025-04-08 10:10:00+00:00, run_after=2025-04-08 10:12:00+00:00
[2025-04-08T10:13:15.117+0000] {processor.py:183} INFO - Processing /home/airflow/.local/lib/python3.10/site-packages/airflow/example_dags/example_sla_dag.py took 0.081 seconds
[2025-04-08T10:13:45.306+0000] {processor.py:161} INFO - Started process (PID=449) to work on /home/airflow/.local/lib/python3.10/site-packages/airflow/example_dags/example_sla_dag.py
[2025-04-08T10:13:45.307+0000] {processor.py:830} INFO - Processing file /home/airflow/.local/lib/python3.10/site-packages/airflow/example_dags/example_sla_dag.py for tasks to queue
[2025-04-08T10:13:45.309+0000] {logging_mixin.py:188} INFO - [2025-04-08T10:13:45.309+0000] {dagbag.py:540} INFO - Filling up the DagBag from /home/airflow/.local/lib/python3.10/site-packages/airflow/example_dags/example_sla_dag.py
[2025-04-08T10:13:45.319+0000] {processor.py:840} INFO - DAG(s) 'example_sla_dag' retrieved from /home/airflow/.local/lib/python3.10/site-packages/airflow/example_dags/example_sla_dag.py
[2025-04-08T10:13:45.343+0000] {logging_mixin.py:188} INFO - [2025-04-08T10:13:45.342+0000] {dag.py:3047} INFO - Sync 1 DAGs
[2025-04-08T10:13:45.372+0000] {logging_mixin.py:188} INFO - [2025-04-08T10:13:45.371+0000] {dag.py:3834} INFO - Setting next_dagrun for example_sla_dag to 2025-04-08 10:10:00+00:00, run_after=2025-04-08 10:12:00+00:00
[2025-04-08T10:13:45.392+0000] {processor.py:183} INFO - Processing /home/airflow/.local/lib/python3.10/site-packages/airflow/example_dags/example_sla_dag.py took 0.090 seconds
