[2025-04-08T10:10:43.672+0000] {processor.py:161} INFO - Started process (PID=83) to work on /home/airflow/.local/lib/python3.10/site-packages/airflow/example_dags/example_short_circuit_operator.py
[2025-04-08T10:10:43.674+0000] {processor.py:830} INFO - Processing file /home/airflow/.local/lib/python3.10/site-packages/airflow/example_dags/example_short_circuit_operator.py for tasks to queue
[2025-04-08T10:10:43.679+0000] {logging_mixin.py:188} INFO - [2025-04-08T10:10:43.678+0000] {dagbag.py:540} INFO - Filling up the DagBag from /home/airflow/.local/lib/python3.10/site-packages/airflow/example_dags/example_short_circuit_operator.py
[2025-04-08T10:10:43.702+0000] {processor.py:840} INFO - DAG(s) 'example_short_circuit_operator' retrieved from /home/airflow/.local/lib/python3.10/site-packages/airflow/example_dags/example_short_circuit_operator.py
[2025-04-08T10:10:43.756+0000] {logging_mixin.py:188} INFO - [2025-04-08T10:10:43.754+0000] {dag.py:3047} INFO - Sync 1 DAGs
[2025-04-08T10:10:43.803+0000] {logging_mixin.py:188} INFO - [2025-04-08T10:10:43.803+0000] {dag.py:3834} INFO - Setting next_dagrun for example_short_circuit_operator to 2025-04-07 00:00:00+00:00, run_after=2025-04-08 00:00:00+00:00
[2025-04-08T10:10:43.844+0000] {processor.py:183} INFO - Processing /home/airflow/.local/lib/python3.10/site-packages/airflow/example_dags/example_short_circuit_operator.py took 0.180 seconds
[2025-04-08T10:11:14.565+0000] {processor.py:161} INFO - Started process (PID=145) to work on /home/airflow/.local/lib/python3.10/site-packages/airflow/example_dags/example_short_circuit_operator.py
[2025-04-08T10:11:14.565+0000] {processor.py:830} INFO - Processing file /home/airflow/.local/lib/python3.10/site-packages/airflow/example_dags/example_short_circuit_operator.py for tasks to queue
[2025-04-08T10:11:14.567+0000] {logging_mixin.py:188} INFO - [2025-04-08T10:11:14.567+0000] {dagbag.py:540} INFO - Filling up the DagBag from /home/airflow/.local/lib/python3.10/site-packages/airflow/example_dags/example_short_circuit_operator.py
[2025-04-08T10:11:14.574+0000] {processor.py:840} INFO - DAG(s) 'example_short_circuit_operator' retrieved from /home/airflow/.local/lib/python3.10/site-packages/airflow/example_dags/example_short_circuit_operator.py
[2025-04-08T10:11:14.597+0000] {logging_mixin.py:188} INFO - [2025-04-08T10:11:14.597+0000] {dag.py:3047} INFO - Sync 1 DAGs
[2025-04-08T10:11:14.619+0000] {logging_mixin.py:188} INFO - [2025-04-08T10:11:14.619+0000] {dag.py:3834} INFO - Setting next_dagrun for example_short_circuit_operator to 2025-04-07 00:00:00+00:00, run_after=2025-04-08 00:00:00+00:00
[2025-04-08T10:11:14.640+0000] {processor.py:183} INFO - Processing /home/airflow/.local/lib/python3.10/site-packages/airflow/example_dags/example_short_circuit_operator.py took 0.078 seconds
[2025-04-08T10:11:45.436+0000] {processor.py:161} INFO - Started process (PID=207) to work on /home/airflow/.local/lib/python3.10/site-packages/airflow/example_dags/example_short_circuit_operator.py
[2025-04-08T10:11:45.437+0000] {processor.py:830} INFO - Processing file /home/airflow/.local/lib/python3.10/site-packages/airflow/example_dags/example_short_circuit_operator.py for tasks to queue
[2025-04-08T10:11:45.440+0000] {logging_mixin.py:188} INFO - [2025-04-08T10:11:45.440+0000] {dagbag.py:540} INFO - Filling up the DagBag from /home/airflow/.local/lib/python3.10/site-packages/airflow/example_dags/example_short_circuit_operator.py
[2025-04-08T10:11:45.450+0000] {processor.py:840} INFO - DAG(s) 'example_short_circuit_operator' retrieved from /home/airflow/.local/lib/python3.10/site-packages/airflow/example_dags/example_short_circuit_operator.py
[2025-04-08T10:11:45.473+0000] {logging_mixin.py:188} INFO - [2025-04-08T10:11:45.472+0000] {dag.py:3047} INFO - Sync 1 DAGs
[2025-04-08T10:11:45.495+0000] {logging_mixin.py:188} INFO - [2025-04-08T10:11:45.494+0000] {dag.py:3834} INFO - Setting next_dagrun for example_short_circuit_operator to 2025-04-07 00:00:00+00:00, run_after=2025-04-08 00:00:00+00:00
[2025-04-08T10:11:45.517+0000] {processor.py:183} INFO - Processing /home/airflow/.local/lib/python3.10/site-packages/airflow/example_dags/example_short_circuit_operator.py took 0.084 seconds
[2025-04-08T10:12:15.697+0000] {processor.py:161} INFO - Started process (PID=269) to work on /home/airflow/.local/lib/python3.10/site-packages/airflow/example_dags/example_short_circuit_operator.py
[2025-04-08T10:12:15.698+0000] {processor.py:830} INFO - Processing file /home/airflow/.local/lib/python3.10/site-packages/airflow/example_dags/example_short_circuit_operator.py for tasks to queue
[2025-04-08T10:12:15.700+0000] {logging_mixin.py:188} INFO - [2025-04-08T10:12:15.700+0000] {dagbag.py:540} INFO - Filling up the DagBag from /home/airflow/.local/lib/python3.10/site-packages/airflow/example_dags/example_short_circuit_operator.py
[2025-04-08T10:12:15.708+0000] {processor.py:840} INFO - DAG(s) 'example_short_circuit_operator' retrieved from /home/airflow/.local/lib/python3.10/site-packages/airflow/example_dags/example_short_circuit_operator.py
[2025-04-08T10:12:15.731+0000] {logging_mixin.py:188} INFO - [2025-04-08T10:12:15.731+0000] {dag.py:3047} INFO - Sync 1 DAGs
[2025-04-08T10:12:15.755+0000] {logging_mixin.py:188} INFO - [2025-04-08T10:12:15.755+0000] {dag.py:3834} INFO - Setting next_dagrun for example_short_circuit_operator to 2025-04-07 00:00:00+00:00, run_after=2025-04-08 00:00:00+00:00
[2025-04-08T10:12:15.776+0000] {processor.py:183} INFO - Processing /home/airflow/.local/lib/python3.10/site-packages/airflow/example_dags/example_short_circuit_operator.py took 0.083 seconds
[2025-04-08T10:12:45.877+0000] {processor.py:161} INFO - Started process (PID=331) to work on /home/airflow/.local/lib/python3.10/site-packages/airflow/example_dags/example_short_circuit_operator.py
[2025-04-08T10:12:45.878+0000] {processor.py:830} INFO - Processing file /home/airflow/.local/lib/python3.10/site-packages/airflow/example_dags/example_short_circuit_operator.py for tasks to queue
[2025-04-08T10:12:45.881+0000] {logging_mixin.py:188} INFO - [2025-04-08T10:12:45.880+0000] {dagbag.py:540} INFO - Filling up the DagBag from /home/airflow/.local/lib/python3.10/site-packages/airflow/example_dags/example_short_circuit_operator.py
[2025-04-08T10:12:45.889+0000] {processor.py:840} INFO - DAG(s) 'example_short_circuit_operator' retrieved from /home/airflow/.local/lib/python3.10/site-packages/airflow/example_dags/example_short_circuit_operator.py
[2025-04-08T10:12:45.922+0000] {logging_mixin.py:188} INFO - [2025-04-08T10:12:45.921+0000] {dag.py:3047} INFO - Sync 1 DAGs
[2025-04-08T10:12:45.950+0000] {logging_mixin.py:188} INFO - [2025-04-08T10:12:45.950+0000] {dag.py:3834} INFO - Setting next_dagrun for example_short_circuit_operator to 2025-04-07 00:00:00+00:00, run_after=2025-04-08 00:00:00+00:00
[2025-04-08T10:12:45.974+0000] {processor.py:183} INFO - Processing /home/airflow/.local/lib/python3.10/site-packages/airflow/example_dags/example_short_circuit_operator.py took 0.101 seconds
[2025-04-08T10:13:16.363+0000] {processor.py:161} INFO - Started process (PID=393) to work on /home/airflow/.local/lib/python3.10/site-packages/airflow/example_dags/example_short_circuit_operator.py
[2025-04-08T10:13:16.364+0000] {processor.py:830} INFO - Processing file /home/airflow/.local/lib/python3.10/site-packages/airflow/example_dags/example_short_circuit_operator.py for tasks to queue
[2025-04-08T10:13:16.366+0000] {logging_mixin.py:188} INFO - [2025-04-08T10:13:16.365+0000] {dagbag.py:540} INFO - Filling up the DagBag from /home/airflow/.local/lib/python3.10/site-packages/airflow/example_dags/example_short_circuit_operator.py
[2025-04-08T10:13:16.374+0000] {processor.py:840} INFO - DAG(s) 'example_short_circuit_operator' retrieved from /home/airflow/.local/lib/python3.10/site-packages/airflow/example_dags/example_short_circuit_operator.py
[2025-04-08T10:13:16.399+0000] {logging_mixin.py:188} INFO - [2025-04-08T10:13:16.399+0000] {dag.py:3047} INFO - Sync 1 DAGs
[2025-04-08T10:13:16.423+0000] {logging_mixin.py:188} INFO - [2025-04-08T10:13:16.422+0000] {dag.py:3834} INFO - Setting next_dagrun for example_short_circuit_operator to 2025-04-07 00:00:00+00:00, run_after=2025-04-08 00:00:00+00:00
[2025-04-08T10:13:16.442+0000] {processor.py:183} INFO - Processing /home/airflow/.local/lib/python3.10/site-packages/airflow/example_dags/example_short_circuit_operator.py took 0.083 seconds
[2025-04-08T10:13:46.788+0000] {processor.py:161} INFO - Started process (PID=455) to work on /home/airflow/.local/lib/python3.10/site-packages/airflow/example_dags/example_short_circuit_operator.py
[2025-04-08T10:13:46.790+0000] {processor.py:830} INFO - Processing file /home/airflow/.local/lib/python3.10/site-packages/airflow/example_dags/example_short_circuit_operator.py for tasks to queue
[2025-04-08T10:13:46.793+0000] {logging_mixin.py:188} INFO - [2025-04-08T10:13:46.793+0000] {dagbag.py:540} INFO - Filling up the DagBag from /home/airflow/.local/lib/python3.10/site-packages/airflow/example_dags/example_short_circuit_operator.py
[2025-04-08T10:13:46.810+0000] {processor.py:840} INFO - DAG(s) 'example_short_circuit_operator' retrieved from /home/airflow/.local/lib/python3.10/site-packages/airflow/example_dags/example_short_circuit_operator.py
[2025-04-08T10:13:46.855+0000] {logging_mixin.py:188} INFO - [2025-04-08T10:13:46.854+0000] {dag.py:3047} INFO - Sync 1 DAGs
[2025-04-08T10:13:46.889+0000] {logging_mixin.py:188} INFO - [2025-04-08T10:13:46.889+0000] {dag.py:3834} INFO - Setting next_dagrun for example_short_circuit_operator to 2025-04-07 00:00:00+00:00, run_after=2025-04-08 00:00:00+00:00
[2025-04-08T10:13:46.915+0000] {processor.py:183} INFO - Processing /home/airflow/.local/lib/python3.10/site-packages/airflow/example_dags/example_short_circuit_operator.py took 0.136 seconds
