[2025-04-08T10:10:46.981+0000] {processor.py:161} INFO - Started process (PID=112) to work on /home/airflow/.local/lib/python3.10/site-packages/airflow/example_dags/tutorial_dag.py
[2025-04-08T10:10:46.982+0000] {processor.py:830} INFO - Processing file /home/airflow/.local/lib/python3.10/site-packages/airflow/example_dags/tutorial_dag.py for tasks to queue
[2025-04-08T10:10:46.986+0000] {logging_mixin.py:188} INFO - [2025-04-08T10:10:46.986+0000] {dagbag.py:540} INFO - Filling up the DagBag from /home/airflow/.local/lib/python3.10/site-packages/airflow/example_dags/tutorial_dag.py
[2025-04-08T10:10:46.996+0000] {processor.py:840} INFO - DAG(s) 'tutorial_dag' retrieved from /home/airflow/.local/lib/python3.10/site-packages/airflow/example_dags/tutorial_dag.py
[2025-04-08T10:10:47.033+0000] {logging_mixin.py:188} INFO - [2025-04-08T10:10:47.033+0000] {dag.py:3047} INFO - Sync 1 DAGs
[2025-04-08T10:10:47.054+0000] {logging_mixin.py:188} INFO - [2025-04-08T10:10:47.054+0000] {dag.py:3834} INFO - Setting next_dagrun for tutorial_dag to None, run_after=None
[2025-04-08T10:10:47.090+0000] {processor.py:183} INFO - Processing /home/airflow/.local/lib/python3.10/site-packages/airflow/example_dags/tutorial_dag.py took 0.116 seconds
[2025-04-08T10:11:18.110+0000] {processor.py:161} INFO - Started process (PID=174) to work on /home/airflow/.local/lib/python3.10/site-packages/airflow/example_dags/tutorial_dag.py
[2025-04-08T10:11:18.112+0000] {processor.py:830} INFO - Processing file /home/airflow/.local/lib/python3.10/site-packages/airflow/example_dags/tutorial_dag.py for tasks to queue
[2025-04-08T10:11:18.114+0000] {logging_mixin.py:188} INFO - [2025-04-08T10:11:18.114+0000] {dagbag.py:540} INFO - Filling up the DagBag from /home/airflow/.local/lib/python3.10/site-packages/airflow/example_dags/tutorial_dag.py
[2025-04-08T10:11:18.123+0000] {processor.py:840} INFO - DAG(s) 'tutorial_dag' retrieved from /home/airflow/.local/lib/python3.10/site-packages/airflow/example_dags/tutorial_dag.py
[2025-04-08T10:11:18.146+0000] {logging_mixin.py:188} INFO - [2025-04-08T10:11:18.145+0000] {dag.py:3047} INFO - Sync 1 DAGs
[2025-04-08T10:11:18.159+0000] {logging_mixin.py:188} INFO - [2025-04-08T10:11:18.159+0000] {dag.py:3834} INFO - Setting next_dagrun for tutorial_dag to None, run_after=None
[2025-04-08T10:11:18.180+0000] {processor.py:183} INFO - Processing /home/airflow/.local/lib/python3.10/site-packages/airflow/example_dags/tutorial_dag.py took 0.074 seconds
[2025-04-08T10:11:49.046+0000] {processor.py:161} INFO - Started process (PID=236) to work on /home/airflow/.local/lib/python3.10/site-packages/airflow/example_dags/tutorial_dag.py
[2025-04-08T10:11:49.047+0000] {processor.py:830} INFO - Processing file /home/airflow/.local/lib/python3.10/site-packages/airflow/example_dags/tutorial_dag.py for tasks to queue
[2025-04-08T10:11:49.049+0000] {logging_mixin.py:188} INFO - [2025-04-08T10:11:49.049+0000] {dagbag.py:540} INFO - Filling up the DagBag from /home/airflow/.local/lib/python3.10/site-packages/airflow/example_dags/tutorial_dag.py
[2025-04-08T10:11:49.055+0000] {processor.py:840} INFO - DAG(s) 'tutorial_dag' retrieved from /home/airflow/.local/lib/python3.10/site-packages/airflow/example_dags/tutorial_dag.py
[2025-04-08T10:11:49.077+0000] {logging_mixin.py:188} INFO - [2025-04-08T10:11:49.076+0000] {dag.py:3047} INFO - Sync 1 DAGs
[2025-04-08T10:11:49.089+0000] {logging_mixin.py:188} INFO - [2025-04-08T10:11:49.088+0000] {dag.py:3834} INFO - Setting next_dagrun for tutorial_dag to None, run_after=None
[2025-04-08T10:11:49.111+0000] {processor.py:183} INFO - Processing /home/airflow/.local/lib/python3.10/site-packages/airflow/example_dags/tutorial_dag.py took 0.068 seconds
[2025-04-08T10:12:19.877+0000] {processor.py:161} INFO - Started process (PID=298) to work on /home/airflow/.local/lib/python3.10/site-packages/airflow/example_dags/tutorial_dag.py
[2025-04-08T10:12:19.879+0000] {processor.py:830} INFO - Processing file /home/airflow/.local/lib/python3.10/site-packages/airflow/example_dags/tutorial_dag.py for tasks to queue
[2025-04-08T10:12:19.882+0000] {logging_mixin.py:188} INFO - [2025-04-08T10:12:19.882+0000] {dagbag.py:540} INFO - Filling up the DagBag from /home/airflow/.local/lib/python3.10/site-packages/airflow/example_dags/tutorial_dag.py
[2025-04-08T10:12:19.895+0000] {processor.py:840} INFO - DAG(s) 'tutorial_dag' retrieved from /home/airflow/.local/lib/python3.10/site-packages/airflow/example_dags/tutorial_dag.py
[2025-04-08T10:12:19.932+0000] {logging_mixin.py:188} INFO - [2025-04-08T10:12:19.930+0000] {dag.py:3047} INFO - Sync 1 DAGs
[2025-04-08T10:12:19.950+0000] {logging_mixin.py:188} INFO - [2025-04-08T10:12:19.949+0000] {dag.py:3834} INFO - Setting next_dagrun for tutorial_dag to None, run_after=None
[2025-04-08T10:12:19.985+0000] {processor.py:183} INFO - Processing /home/airflow/.local/lib/python3.10/site-packages/airflow/example_dags/tutorial_dag.py took 0.115 seconds
[2025-04-08T10:12:50.757+0000] {processor.py:161} INFO - Started process (PID=360) to work on /home/airflow/.local/lib/python3.10/site-packages/airflow/example_dags/tutorial_dag.py
[2025-04-08T10:12:50.759+0000] {processor.py:830} INFO - Processing file /home/airflow/.local/lib/python3.10/site-packages/airflow/example_dags/tutorial_dag.py for tasks to queue
[2025-04-08T10:12:50.761+0000] {logging_mixin.py:188} INFO - [2025-04-08T10:12:50.761+0000] {dagbag.py:540} INFO - Filling up the DagBag from /home/airflow/.local/lib/python3.10/site-packages/airflow/example_dags/tutorial_dag.py
[2025-04-08T10:12:50.767+0000] {processor.py:840} INFO - DAG(s) 'tutorial_dag' retrieved from /home/airflow/.local/lib/python3.10/site-packages/airflow/example_dags/tutorial_dag.py
[2025-04-08T10:12:50.792+0000] {logging_mixin.py:188} INFO - [2025-04-08T10:12:50.791+0000] {dag.py:3047} INFO - Sync 1 DAGs
[2025-04-08T10:12:50.808+0000] {logging_mixin.py:188} INFO - [2025-04-08T10:12:50.807+0000] {dag.py:3834} INFO - Setting next_dagrun for tutorial_dag to None, run_after=None
[2025-04-08T10:12:50.835+0000] {processor.py:183} INFO - Processing /home/airflow/.local/lib/python3.10/site-packages/airflow/example_dags/tutorial_dag.py took 0.082 seconds
[2025-04-08T10:13:21.126+0000] {processor.py:161} INFO - Started process (PID=422) to work on /home/airflow/.local/lib/python3.10/site-packages/airflow/example_dags/tutorial_dag.py
[2025-04-08T10:13:21.127+0000] {processor.py:830} INFO - Processing file /home/airflow/.local/lib/python3.10/site-packages/airflow/example_dags/tutorial_dag.py for tasks to queue
[2025-04-08T10:13:21.129+0000] {logging_mixin.py:188} INFO - [2025-04-08T10:13:21.129+0000] {dagbag.py:540} INFO - Filling up the DagBag from /home/airflow/.local/lib/python3.10/site-packages/airflow/example_dags/tutorial_dag.py
[2025-04-08T10:13:21.134+0000] {processor.py:840} INFO - DAG(s) 'tutorial_dag' retrieved from /home/airflow/.local/lib/python3.10/site-packages/airflow/example_dags/tutorial_dag.py
[2025-04-08T10:13:21.162+0000] {logging_mixin.py:188} INFO - [2025-04-08T10:13:21.161+0000] {dag.py:3047} INFO - Sync 1 DAGs
[2025-04-08T10:13:21.175+0000] {logging_mixin.py:188} INFO - [2025-04-08T10:13:21.175+0000] {dag.py:3834} INFO - Setting next_dagrun for tutorial_dag to None, run_after=None
[2025-04-08T10:13:21.197+0000] {processor.py:183} INFO - Processing /home/airflow/.local/lib/python3.10/site-packages/airflow/example_dags/tutorial_dag.py took 0.075 seconds
