[2025-04-08T10:10:42.417+0000] {processor.py:161} INFO - Started process (PID=73) to work on /home/airflow/.local/lib/python3.10/site-packages/airflow/example_dags/tutorial_objectstorage.py
[2025-04-08T10:10:42.419+0000] {processor.py:830} INFO - Processing file /home/airflow/.local/lib/python3.10/site-packages/airflow/example_dags/tutorial_objectstorage.py for tasks to queue
[2025-04-08T10:10:42.433+0000] {logging_mixin.py:188} INFO - [2025-04-08T10:10:42.432+0000] {dagbag.py:540} INFO - Filling up the DagBag from /home/airflow/.local/lib/python3.10/site-packages/airflow/example_dags/tutorial_objectstorage.py
[2025-04-08T10:10:42.471+0000] {processor.py:840} INFO - DAG(s) 'tutorial_objectstorage' retrieved from /home/airflow/.local/lib/python3.10/site-packages/airflow/example_dags/tutorial_objectstorage.py
[2025-04-08T10:10:42.541+0000] {logging_mixin.py:188} INFO - [2025-04-08T10:10:42.540+0000] {dag.py:3047} INFO - Sync 1 DAGs
[2025-04-08T10:10:42.565+0000] {logging_mixin.py:188} INFO - [2025-04-08T10:10:42.565+0000] {dag.py:3834} INFO - Setting next_dagrun for tutorial_objectstorage to None, run_after=None
[2025-04-08T10:10:42.605+0000] {processor.py:183} INFO - Processing /home/airflow/.local/lib/python3.10/site-packages/airflow/example_dags/tutorial_objectstorage.py took 0.208 seconds
[2025-04-08T10:11:13.074+0000] {processor.py:161} INFO - Started process (PID=135) to work on /home/airflow/.local/lib/python3.10/site-packages/airflow/example_dags/tutorial_objectstorage.py
[2025-04-08T10:11:13.075+0000] {processor.py:830} INFO - Processing file /home/airflow/.local/lib/python3.10/site-packages/airflow/example_dags/tutorial_objectstorage.py for tasks to queue
[2025-04-08T10:11:13.078+0000] {logging_mixin.py:188} INFO - [2025-04-08T10:11:13.077+0000] {dagbag.py:540} INFO - Filling up the DagBag from /home/airflow/.local/lib/python3.10/site-packages/airflow/example_dags/tutorial_objectstorage.py
[2025-04-08T10:11:13.085+0000] {processor.py:840} INFO - DAG(s) 'tutorial_objectstorage' retrieved from /home/airflow/.local/lib/python3.10/site-packages/airflow/example_dags/tutorial_objectstorage.py
[2025-04-08T10:11:13.105+0000] {logging_mixin.py:188} INFO - [2025-04-08T10:11:13.104+0000] {dag.py:3047} INFO - Sync 1 DAGs
[2025-04-08T10:11:13.117+0000] {logging_mixin.py:188} INFO - [2025-04-08T10:11:13.116+0000] {dag.py:3834} INFO - Setting next_dagrun for tutorial_objectstorage to None, run_after=None
[2025-04-08T10:11:13.137+0000] {processor.py:183} INFO - Processing /home/airflow/.local/lib/python3.10/site-packages/airflow/example_dags/tutorial_objectstorage.py took 0.066 seconds
[2025-04-08T10:11:43.955+0000] {processor.py:161} INFO - Started process (PID=197) to work on /home/airflow/.local/lib/python3.10/site-packages/airflow/example_dags/tutorial_objectstorage.py
[2025-04-08T10:11:43.957+0000] {processor.py:830} INFO - Processing file /home/airflow/.local/lib/python3.10/site-packages/airflow/example_dags/tutorial_objectstorage.py for tasks to queue
[2025-04-08T10:11:43.959+0000] {logging_mixin.py:188} INFO - [2025-04-08T10:11:43.959+0000] {dagbag.py:540} INFO - Filling up the DagBag from /home/airflow/.local/lib/python3.10/site-packages/airflow/example_dags/tutorial_objectstorage.py
[2025-04-08T10:11:43.966+0000] {processor.py:840} INFO - DAG(s) 'tutorial_objectstorage' retrieved from /home/airflow/.local/lib/python3.10/site-packages/airflow/example_dags/tutorial_objectstorage.py
[2025-04-08T10:11:43.988+0000] {logging_mixin.py:188} INFO - [2025-04-08T10:11:43.988+0000] {dag.py:3047} INFO - Sync 1 DAGs
[2025-04-08T10:11:43.999+0000] {logging_mixin.py:188} INFO - [2025-04-08T10:11:43.999+0000] {dag.py:3834} INFO - Setting next_dagrun for tutorial_objectstorage to None, run_after=None
[2025-04-08T10:11:44.019+0000] {processor.py:183} INFO - Processing /home/airflow/.local/lib/python3.10/site-packages/airflow/example_dags/tutorial_objectstorage.py took 0.067 seconds
[2025-04-08T10:12:14.097+0000] {processor.py:161} INFO - Started process (PID=259) to work on /home/airflow/.local/lib/python3.10/site-packages/airflow/example_dags/tutorial_objectstorage.py
[2025-04-08T10:12:14.099+0000] {processor.py:830} INFO - Processing file /home/airflow/.local/lib/python3.10/site-packages/airflow/example_dags/tutorial_objectstorage.py for tasks to queue
[2025-04-08T10:12:14.102+0000] {logging_mixin.py:188} INFO - [2025-04-08T10:12:14.101+0000] {dagbag.py:540} INFO - Filling up the DagBag from /home/airflow/.local/lib/python3.10/site-packages/airflow/example_dags/tutorial_objectstorage.py
[2025-04-08T10:12:14.111+0000] {processor.py:840} INFO - DAG(s) 'tutorial_objectstorage' retrieved from /home/airflow/.local/lib/python3.10/site-packages/airflow/example_dags/tutorial_objectstorage.py
[2025-04-08T10:12:14.140+0000] {logging_mixin.py:188} INFO - [2025-04-08T10:12:14.139+0000] {dag.py:3047} INFO - Sync 1 DAGs
[2025-04-08T10:12:14.154+0000] {logging_mixin.py:188} INFO - [2025-04-08T10:12:14.154+0000] {dag.py:3834} INFO - Setting next_dagrun for tutorial_objectstorage to None, run_after=None
[2025-04-08T10:12:14.182+0000] {processor.py:183} INFO - Processing /home/airflow/.local/lib/python3.10/site-packages/airflow/example_dags/tutorial_objectstorage.py took 0.090 seconds
[2025-04-08T10:12:44.289+0000] {processor.py:161} INFO - Started process (PID=321) to work on /home/airflow/.local/lib/python3.10/site-packages/airflow/example_dags/tutorial_objectstorage.py
[2025-04-08T10:12:44.291+0000] {processor.py:830} INFO - Processing file /home/airflow/.local/lib/python3.10/site-packages/airflow/example_dags/tutorial_objectstorage.py for tasks to queue
[2025-04-08T10:12:44.294+0000] {logging_mixin.py:188} INFO - [2025-04-08T10:12:44.293+0000] {dagbag.py:540} INFO - Filling up the DagBag from /home/airflow/.local/lib/python3.10/site-packages/airflow/example_dags/tutorial_objectstorage.py
[2025-04-08T10:12:44.303+0000] {processor.py:840} INFO - DAG(s) 'tutorial_objectstorage' retrieved from /home/airflow/.local/lib/python3.10/site-packages/airflow/example_dags/tutorial_objectstorage.py
[2025-04-08T10:12:44.327+0000] {logging_mixin.py:188} INFO - [2025-04-08T10:12:44.326+0000] {dag.py:3047} INFO - Sync 1 DAGs
[2025-04-08T10:12:44.344+0000] {logging_mixin.py:188} INFO - [2025-04-08T10:12:44.343+0000] {dag.py:3834} INFO - Setting next_dagrun for tutorial_objectstorage to None, run_after=None
[2025-04-08T10:12:44.368+0000] {processor.py:183} INFO - Processing /home/airflow/.local/lib/python3.10/site-packages/airflow/example_dags/tutorial_objectstorage.py took 0.083 seconds
[2025-04-08T10:13:14.865+0000] {processor.py:161} INFO - Started process (PID=383) to work on /home/airflow/.local/lib/python3.10/site-packages/airflow/example_dags/tutorial_objectstorage.py
[2025-04-08T10:13:14.867+0000] {processor.py:830} INFO - Processing file /home/airflow/.local/lib/python3.10/site-packages/airflow/example_dags/tutorial_objectstorage.py for tasks to queue
[2025-04-08T10:13:14.869+0000] {logging_mixin.py:188} INFO - [2025-04-08T10:13:14.868+0000] {dagbag.py:540} INFO - Filling up the DagBag from /home/airflow/.local/lib/python3.10/site-packages/airflow/example_dags/tutorial_objectstorage.py
[2025-04-08T10:13:14.876+0000] {processor.py:840} INFO - DAG(s) 'tutorial_objectstorage' retrieved from /home/airflow/.local/lib/python3.10/site-packages/airflow/example_dags/tutorial_objectstorage.py
[2025-04-08T10:13:14.896+0000] {logging_mixin.py:188} INFO - [2025-04-08T10:13:14.895+0000] {dag.py:3047} INFO - Sync 1 DAGs
[2025-04-08T10:13:14.907+0000] {logging_mixin.py:188} INFO - [2025-04-08T10:13:14.907+0000] {dag.py:3834} INFO - Setting next_dagrun for tutorial_objectstorage to None, run_after=None
[2025-04-08T10:13:14.927+0000] {processor.py:183} INFO - Processing /home/airflow/.local/lib/python3.10/site-packages/airflow/example_dags/tutorial_objectstorage.py took 0.065 seconds
[2025-04-08T10:13:45.089+0000] {processor.py:161} INFO - Started process (PID=445) to work on /home/airflow/.local/lib/python3.10/site-packages/airflow/example_dags/tutorial_objectstorage.py
[2025-04-08T10:13:45.091+0000] {processor.py:830} INFO - Processing file /home/airflow/.local/lib/python3.10/site-packages/airflow/example_dags/tutorial_objectstorage.py for tasks to queue
[2025-04-08T10:13:45.096+0000] {logging_mixin.py:188} INFO - [2025-04-08T10:13:45.095+0000] {dagbag.py:540} INFO - Filling up the DagBag from /home/airflow/.local/lib/python3.10/site-packages/airflow/example_dags/tutorial_objectstorage.py
[2025-04-08T10:13:45.110+0000] {processor.py:840} INFO - DAG(s) 'tutorial_objectstorage' retrieved from /home/airflow/.local/lib/python3.10/site-packages/airflow/example_dags/tutorial_objectstorage.py
[2025-04-08T10:13:45.141+0000] {logging_mixin.py:188} INFO - [2025-04-08T10:13:45.140+0000] {dag.py:3047} INFO - Sync 1 DAGs
[2025-04-08T10:13:45.159+0000] {logging_mixin.py:188} INFO - [2025-04-08T10:13:45.159+0000] {dag.py:3834} INFO - Setting next_dagrun for tutorial_objectstorage to None, run_after=None
[2025-04-08T10:13:45.183+0000] {processor.py:183} INFO - Processing /home/airflow/.local/lib/python3.10/site-packages/airflow/example_dags/tutorial_objectstorage.py took 0.100 seconds
