[2025-04-08T10:10:43.643+0000] {processor.py:161} INFO - Started process (PID=82) to work on /home/airflow/.local/lib/python3.10/site-packages/airflow/example_dags/tutorial.py
[2025-04-08T10:10:43.644+0000] {processor.py:830} INFO - Processing file /home/airflow/.local/lib/python3.10/site-packages/airflow/example_dags/tutorial.py for tasks to queue
[2025-04-08T10:10:43.648+0000] {logging_mixin.py:188} INFO - [2025-04-08T10:10:43.647+0000] {dagbag.py:540} INFO - Filling up the DagBag from /home/airflow/.local/lib/python3.10/site-packages/airflow/example_dags/tutorial.py
[2025-04-08T10:10:43.664+0000] {processor.py:840} INFO - DAG(s) 'tutorial' retrieved from /home/airflow/.local/lib/python3.10/site-packages/airflow/example_dags/tutorial.py
[2025-04-08T10:10:43.705+0000] {logging_mixin.py:188} INFO - [2025-04-08T10:10:43.705+0000] {dag.py:3047} INFO - Sync 1 DAGs
[2025-04-08T10:10:43.745+0000] {logging_mixin.py:188} INFO - [2025-04-08T10:10:43.744+0000] {dag.py:3834} INFO - Setting next_dagrun for tutorial to 2025-04-07 00:00:00+00:00, run_after=2025-04-08 00:00:00+00:00
[2025-04-08T10:10:43.782+0000] {processor.py:183} INFO - Processing /home/airflow/.local/lib/python3.10/site-packages/airflow/example_dags/tutorial.py took 0.145 seconds
[2025-04-08T10:11:14.530+0000] {processor.py:161} INFO - Started process (PID=144) to work on /home/airflow/.local/lib/python3.10/site-packages/airflow/example_dags/tutorial.py
[2025-04-08T10:11:14.531+0000] {processor.py:830} INFO - Processing file /home/airflow/.local/lib/python3.10/site-packages/airflow/example_dags/tutorial.py for tasks to queue
[2025-04-08T10:11:14.533+0000] {logging_mixin.py:188} INFO - [2025-04-08T10:11:14.533+0000] {dagbag.py:540} INFO - Filling up the DagBag from /home/airflow/.local/lib/python3.10/site-packages/airflow/example_dags/tutorial.py
[2025-04-08T10:11:14.540+0000] {processor.py:840} INFO - DAG(s) 'tutorial' retrieved from /home/airflow/.local/lib/python3.10/site-packages/airflow/example_dags/tutorial.py
[2025-04-08T10:11:14.560+0000] {logging_mixin.py:188} INFO - [2025-04-08T10:11:14.560+0000] {dag.py:3047} INFO - Sync 1 DAGs
[2025-04-08T10:11:14.581+0000] {logging_mixin.py:188} INFO - [2025-04-08T10:11:14.581+0000] {dag.py:3834} INFO - Setting next_dagrun for tutorial to 2025-04-07 00:00:00+00:00, run_after=2025-04-08 00:00:00+00:00
[2025-04-08T10:11:14.601+0000] {processor.py:183} INFO - Processing /home/airflow/.local/lib/python3.10/site-packages/airflow/example_dags/tutorial.py took 0.074 seconds
[2025-04-08T10:11:45.405+0000] {processor.py:161} INFO - Started process (PID=206) to work on /home/airflow/.local/lib/python3.10/site-packages/airflow/example_dags/tutorial.py
[2025-04-08T10:11:45.407+0000] {processor.py:830} INFO - Processing file /home/airflow/.local/lib/python3.10/site-packages/airflow/example_dags/tutorial.py for tasks to queue
[2025-04-08T10:11:45.409+0000] {logging_mixin.py:188} INFO - [2025-04-08T10:11:45.408+0000] {dagbag.py:540} INFO - Filling up the DagBag from /home/airflow/.local/lib/python3.10/site-packages/airflow/example_dags/tutorial.py
[2025-04-08T10:11:45.415+0000] {processor.py:840} INFO - DAG(s) 'tutorial' retrieved from /home/airflow/.local/lib/python3.10/site-packages/airflow/example_dags/tutorial.py
[2025-04-08T10:11:45.437+0000] {logging_mixin.py:188} INFO - [2025-04-08T10:11:45.437+0000] {dag.py:3047} INFO - Sync 1 DAGs
[2025-04-08T10:11:45.461+0000] {logging_mixin.py:188} INFO - [2025-04-08T10:11:45.461+0000] {dag.py:3834} INFO - Setting next_dagrun for tutorial to 2025-04-07 00:00:00+00:00, run_after=2025-04-08 00:00:00+00:00
[2025-04-08T10:11:45.482+0000] {processor.py:183} INFO - Processing /home/airflow/.local/lib/python3.10/site-packages/airflow/example_dags/tutorial.py took 0.080 seconds
[2025-04-08T10:12:15.653+0000] {processor.py:161} INFO - Started process (PID=268) to work on /home/airflow/.local/lib/python3.10/site-packages/airflow/example_dags/tutorial.py
[2025-04-08T10:12:15.655+0000] {processor.py:830} INFO - Processing file /home/airflow/.local/lib/python3.10/site-packages/airflow/example_dags/tutorial.py for tasks to queue
[2025-04-08T10:12:15.657+0000] {logging_mixin.py:188} INFO - [2025-04-08T10:12:15.656+0000] {dagbag.py:540} INFO - Filling up the DagBag from /home/airflow/.local/lib/python3.10/site-packages/airflow/example_dags/tutorial.py
[2025-04-08T10:12:15.663+0000] {processor.py:840} INFO - DAG(s) 'tutorial' retrieved from /home/airflow/.local/lib/python3.10/site-packages/airflow/example_dags/tutorial.py
[2025-04-08T10:12:15.688+0000] {logging_mixin.py:188} INFO - [2025-04-08T10:12:15.688+0000] {dag.py:3047} INFO - Sync 1 DAGs
[2025-04-08T10:12:15.711+0000] {logging_mixin.py:188} INFO - [2025-04-08T10:12:15.711+0000] {dag.py:3834} INFO - Setting next_dagrun for tutorial to 2025-04-07 00:00:00+00:00, run_after=2025-04-08 00:00:00+00:00
[2025-04-08T10:12:15.731+0000] {processor.py:183} INFO - Processing /home/airflow/.local/lib/python3.10/site-packages/airflow/example_dags/tutorial.py took 0.081 seconds
[2025-04-08T10:12:45.843+0000] {processor.py:161} INFO - Started process (PID=330) to work on /home/airflow/.local/lib/python3.10/site-packages/airflow/example_dags/tutorial.py
[2025-04-08T10:12:45.845+0000] {processor.py:830} INFO - Processing file /home/airflow/.local/lib/python3.10/site-packages/airflow/example_dags/tutorial.py for tasks to queue
[2025-04-08T10:12:45.848+0000] {logging_mixin.py:188} INFO - [2025-04-08T10:12:45.847+0000] {dagbag.py:540} INFO - Filling up the DagBag from /home/airflow/.local/lib/python3.10/site-packages/airflow/example_dags/tutorial.py
[2025-04-08T10:12:45.857+0000] {processor.py:840} INFO - DAG(s) 'tutorial' retrieved from /home/airflow/.local/lib/python3.10/site-packages/airflow/example_dags/tutorial.py
[2025-04-08T10:12:45.882+0000] {logging_mixin.py:188} INFO - [2025-04-08T10:12:45.882+0000] {dag.py:3047} INFO - Sync 1 DAGs
[2025-04-08T10:12:45.909+0000] {logging_mixin.py:188} INFO - [2025-04-08T10:12:45.909+0000] {dag.py:3834} INFO - Setting next_dagrun for tutorial to 2025-04-07 00:00:00+00:00, run_after=2025-04-08 00:00:00+00:00
[2025-04-08T10:12:45.934+0000] {processor.py:183} INFO - Processing /home/airflow/.local/lib/python3.10/site-packages/airflow/example_dags/tutorial.py took 0.095 seconds
[2025-04-08T10:13:16.332+0000] {processor.py:161} INFO - Started process (PID=392) to work on /home/airflow/.local/lib/python3.10/site-packages/airflow/example_dags/tutorial.py
[2025-04-08T10:13:16.333+0000] {processor.py:830} INFO - Processing file /home/airflow/.local/lib/python3.10/site-packages/airflow/example_dags/tutorial.py for tasks to queue
[2025-04-08T10:13:16.335+0000] {logging_mixin.py:188} INFO - [2025-04-08T10:13:16.335+0000] {dagbag.py:540} INFO - Filling up the DagBag from /home/airflow/.local/lib/python3.10/site-packages/airflow/example_dags/tutorial.py
[2025-04-08T10:13:16.342+0000] {processor.py:840} INFO - DAG(s) 'tutorial' retrieved from /home/airflow/.local/lib/python3.10/site-packages/airflow/example_dags/tutorial.py
[2025-04-08T10:13:16.363+0000] {logging_mixin.py:188} INFO - [2025-04-08T10:13:16.363+0000] {dag.py:3047} INFO - Sync 1 DAGs
[2025-04-08T10:13:16.384+0000] {logging_mixin.py:188} INFO - [2025-04-08T10:13:16.384+0000] {dag.py:3834} INFO - Setting next_dagrun for tutorial to 2025-04-07 00:00:00+00:00, run_after=2025-04-08 00:00:00+00:00
[2025-04-08T10:13:16.405+0000] {processor.py:183} INFO - Processing /home/airflow/.local/lib/python3.10/site-packages/airflow/example_dags/tutorial.py took 0.077 seconds
[2025-04-08T10:13:46.707+0000] {processor.py:161} INFO - Started process (PID=454) to work on /home/airflow/.local/lib/python3.10/site-packages/airflow/example_dags/tutorial.py
[2025-04-08T10:13:46.709+0000] {processor.py:830} INFO - Processing file /home/airflow/.local/lib/python3.10/site-packages/airflow/example_dags/tutorial.py for tasks to queue
[2025-04-08T10:13:46.714+0000] {logging_mixin.py:188} INFO - [2025-04-08T10:13:46.713+0000] {dagbag.py:540} INFO - Filling up the DagBag from /home/airflow/.local/lib/python3.10/site-packages/airflow/example_dags/tutorial.py
[2025-04-08T10:13:46.727+0000] {processor.py:840} INFO - DAG(s) 'tutorial' retrieved from /home/airflow/.local/lib/python3.10/site-packages/airflow/example_dags/tutorial.py
[2025-04-08T10:13:46.765+0000] {logging_mixin.py:188} INFO - [2025-04-08T10:13:46.764+0000] {dag.py:3047} INFO - Sync 1 DAGs
[2025-04-08T10:13:46.808+0000] {logging_mixin.py:188} INFO - [2025-04-08T10:13:46.807+0000] {dag.py:3834} INFO - Setting next_dagrun for tutorial to 2025-04-07 00:00:00+00:00, run_after=2025-04-08 00:00:00+00:00
[2025-04-08T10:13:46.848+0000] {processor.py:183} INFO - Processing /home/airflow/.local/lib/python3.10/site-packages/airflow/example_dags/tutorial.py took 0.149 seconds
