[2025-04-08T10:10:47.473+0000] {processor.py:161} INFO - Started process (PID=118) to work on /home/airflow/.local/lib/python3.10/site-packages/airflow/example_dags/plugins/listener_plugin.py
[2025-04-08T10:10:47.475+0000] {processor.py:830} INFO - Processing file /home/airflow/.local/lib/python3.10/site-packages/airflow/example_dags/plugins/listener_plugin.py for tasks to queue
[2025-04-08T10:10:47.479+0000] {logging_mixin.py:188} INFO - [2025-04-08T10:10:47.478+0000] {dagbag.py:540} INFO - Filling up the DagBag from /home/airflow/.local/lib/python3.10/site-packages/airflow/example_dags/plugins/listener_plugin.py
[2025-04-08T10:10:47.484+0000] {processor.py:842} WARNING - No viable dags retrieved from /home/airflow/.local/lib/python3.10/site-packages/airflow/example_dags/plugins/listener_plugin.py
[2025-04-08T10:10:47.508+0000] {processor.py:183} INFO - Processing /home/airflow/.local/lib/python3.10/site-packages/airflow/example_dags/plugins/listener_plugin.py took 0.042 seconds
[2025-04-08T10:11:18.362+0000] {processor.py:161} INFO - Started process (PID=180) to work on /home/airflow/.local/lib/python3.10/site-packages/airflow/example_dags/plugins/listener_plugin.py
[2025-04-08T10:11:18.363+0000] {processor.py:830} INFO - Processing file /home/airflow/.local/lib/python3.10/site-packages/airflow/example_dags/plugins/listener_plugin.py for tasks to queue
[2025-04-08T10:11:18.365+0000] {logging_mixin.py:188} INFO - [2025-04-08T10:11:18.365+0000] {dagbag.py:540} INFO - Filling up the DagBag from /home/airflow/.local/lib/python3.10/site-packages/airflow/example_dags/plugins/listener_plugin.py
[2025-04-08T10:11:18.368+0000] {processor.py:842} WARNING - No viable dags retrieved from /home/airflow/.local/lib/python3.10/site-packages/airflow/example_dags/plugins/listener_plugin.py
[2025-04-08T10:11:18.385+0000] {processor.py:183} INFO - Processing /home/airflow/.local/lib/python3.10/site-packages/airflow/example_dags/plugins/listener_plugin.py took 0.027 seconds
[2025-04-08T10:11:49.340+0000] {processor.py:161} INFO - Started process (PID=242) to work on /home/airflow/.local/lib/python3.10/site-packages/airflow/example_dags/plugins/listener_plugin.py
[2025-04-08T10:11:49.341+0000] {processor.py:830} INFO - Processing file /home/airflow/.local/lib/python3.10/site-packages/airflow/example_dags/plugins/listener_plugin.py for tasks to queue
[2025-04-08T10:11:49.344+0000] {logging_mixin.py:188} INFO - [2025-04-08T10:11:49.343+0000] {dagbag.py:540} INFO - Filling up the DagBag from /home/airflow/.local/lib/python3.10/site-packages/airflow/example_dags/plugins/listener_plugin.py
[2025-04-08T10:11:49.347+0000] {processor.py:842} WARNING - No viable dags retrieved from /home/airflow/.local/lib/python3.10/site-packages/airflow/example_dags/plugins/listener_plugin.py
[2025-04-08T10:11:49.363+0000] {processor.py:183} INFO - Processing /home/airflow/.local/lib/python3.10/site-packages/airflow/example_dags/plugins/listener_plugin.py took 0.026 seconds
[2025-04-08T10:12:20.616+0000] {processor.py:161} INFO - Started process (PID=304) to work on /home/airflow/.local/lib/python3.10/site-packages/airflow/example_dags/plugins/listener_plugin.py
[2025-04-08T10:12:20.619+0000] {processor.py:830} INFO - Processing file /home/airflow/.local/lib/python3.10/site-packages/airflow/example_dags/plugins/listener_plugin.py for tasks to queue
[2025-04-08T10:12:20.623+0000] {logging_mixin.py:188} INFO - [2025-04-08T10:12:20.622+0000] {dagbag.py:540} INFO - Filling up the DagBag from /home/airflow/.local/lib/python3.10/site-packages/airflow/example_dags/plugins/listener_plugin.py
[2025-04-08T10:12:20.627+0000] {processor.py:842} WARNING - No viable dags retrieved from /home/airflow/.local/lib/python3.10/site-packages/airflow/example_dags/plugins/listener_plugin.py
[2025-04-08T10:12:20.654+0000] {processor.py:183} INFO - Processing /home/airflow/.local/lib/python3.10/site-packages/airflow/example_dags/plugins/listener_plugin.py took 0.058 seconds
[2025-04-08T10:12:51.280+0000] {processor.py:161} INFO - Started process (PID=366) to work on /home/airflow/.local/lib/python3.10/site-packages/airflow/example_dags/plugins/listener_plugin.py
[2025-04-08T10:12:51.282+0000] {processor.py:830} INFO - Processing file /home/airflow/.local/lib/python3.10/site-packages/airflow/example_dags/plugins/listener_plugin.py for tasks to queue
[2025-04-08T10:12:51.286+0000] {logging_mixin.py:188} INFO - [2025-04-08T10:12:51.286+0000] {dagbag.py:540} INFO - Filling up the DagBag from /home/airflow/.local/lib/python3.10/site-packages/airflow/example_dags/plugins/listener_plugin.py
[2025-04-08T10:12:51.291+0000] {processor.py:842} WARNING - No viable dags retrieved from /home/airflow/.local/lib/python3.10/site-packages/airflow/example_dags/plugins/listener_plugin.py
[2025-04-08T10:12:51.317+0000] {processor.py:183} INFO - Processing /home/airflow/.local/lib/python3.10/site-packages/airflow/example_dags/plugins/listener_plugin.py took 0.043 seconds
[2025-04-08T10:13:21.458+0000] {processor.py:161} INFO - Started process (PID=428) to work on /home/airflow/.local/lib/python3.10/site-packages/airflow/example_dags/plugins/listener_plugin.py
[2025-04-08T10:13:21.459+0000] {processor.py:830} INFO - Processing file /home/airflow/.local/lib/python3.10/site-packages/airflow/example_dags/plugins/listener_plugin.py for tasks to queue
[2025-04-08T10:13:21.462+0000] {logging_mixin.py:188} INFO - [2025-04-08T10:13:21.461+0000] {dagbag.py:540} INFO - Filling up the DagBag from /home/airflow/.local/lib/python3.10/site-packages/airflow/example_dags/plugins/listener_plugin.py
[2025-04-08T10:13:21.465+0000] {processor.py:842} WARNING - No viable dags retrieved from /home/airflow/.local/lib/python3.10/site-packages/airflow/example_dags/plugins/listener_plugin.py
[2025-04-08T10:13:21.480+0000] {processor.py:183} INFO - Processing /home/airflow/.local/lib/python3.10/site-packages/airflow/example_dags/plugins/listener_plugin.py took 0.026 seconds
