[0m21:46:27.987891 [debug] [MainThread]: Sending event: {'category': 'dbt', 'action': 'invocation', 'label': 'start', 'context': [<snowplow_tracker.self_describing_json.SelfDescribingJson object at 0x7f7c821e81c0>, <snowplow_tracker.self_describing_json.SelfDescribingJson object at 0x7f7c81335360>, <snowplow_tracker.self_describing_json.SelfDescribingJson object at 0x7f7c81335270>]}


============================== 21:46:27.991267 | d41648a9-a57f-4315-847a-d3018409a288 ==============================
[0m21:46:27.991267 [info ] [MainThread]: Running with dbt=1.9.3
[0m21:46:27.992054 [debug] [MainThread]: running dbt with arguments {'printer_width': '80', 'indirect_selection': 'eager', 'log_cache_events': 'False', 'write_json': 'True', 'partial_parse': 'True', 'cache_selected_only': 'False', 'warn_error': 'None', 'version_check': 'True', 'profiles_dir': '/root/.dbt', 'log_path': 'logs', 'fail_fast': 'False', 'debug': 'False', 'use_colors': 'True', 'use_experimental_parser': 'False', 'no_print': 'None', 'quiet': 'False', 'empty': 'None', 'log_format': 'default', 'invocation_command': 'dbt debug', 'static_parser': 'True', 'warn_error_options': 'WarnErrorOptions(include=[], exclude=[])', 'target_path': 'None', 'introspect': 'True', 'send_anonymous_usage_stats': 'True'}
[0m21:46:28.016489 [info ] [MainThread]: dbt version: 1.9.3
[0m21:46:28.017306 [info ] [MainThread]: python version: 3.10.12
[0m21:46:28.018301 [info ] [MainThread]: python path: /usr/bin/python3
[0m21:46:28.018852 [info ] [MainThread]: os info: Linux-5.15.167.4-microsoft-standard-WSL2-x86_64-with-glibc2.35
[0m21:46:29.228464 [info ] [MainThread]: Using profiles dir at /root/.dbt
[0m21:46:29.229730 [info ] [MainThread]: Using profiles.yml file at /root/.dbt/profiles.yml
[0m21:46:29.230740 [info ] [MainThread]: Using dbt_project.yml file at /root/airflow/dbt_project.yml
[0m21:46:29.231333 [info ] [MainThread]: adapter type: bigquery
[0m21:46:29.231881 [info ] [MainThread]: adapter version: 1.9.1
[0m21:46:29.232517 [info ] [MainThread]: Configuration:
[0m21:46:29.233043 [info ] [MainThread]:   profiles.yml file [[32mOK found and valid[0m]
[0m21:46:29.233648 [info ] [MainThread]:   dbt_project.yml file [[31mERROR not found[0m]
[0m21:46:29.234144 [info ] [MainThread]: Required dependencies:
[0m21:46:29.234779 [debug] [MainThread]: Executing "git --help"
[0m21:46:29.237403 [debug] [MainThread]: STDOUT: "b"usage: git [--version] [--help] [-C <path>] [-c <name>=<value>]\n           [--exec-path[=<path>]] [--html-path] [--man-path] [--info-path]\n           [-p | --paginate | -P | --no-pager] [--no-replace-objects] [--bare]\n           [--git-dir=<path>] [--work-tree=<path>] [--namespace=<name>]\n           [--super-prefix=<path>] [--config-env=<name>=<envvar>]\n           <command> [<args>]\n\nThese are common Git commands used in various situations:\n\nstart a working area (see also: git help tutorial)\n   clone     Clone a repository into a new directory\n   init      Create an empty Git repository or reinitialize an existing one\n\nwork on the current change (see also: git help everyday)\n   add       Add file contents to the index\n   mv        Move or rename a file, a directory, or a symlink\n   restore   Restore working tree files\n   rm        Remove files from the working tree and from the index\n\nexamine the history and state (see also: git help revisions)\n   bisect    Use binary search to find the commit that introduced a bug\n   diff      Show changes between commits, commit and working tree, etc\n   grep      Print lines matching a pattern\n   log       Show commit logs\n   show      Show various types of objects\n   status    Show the working tree status\n\ngrow, mark and tweak your common history\n   branch    List, create, or delete branches\n   commit    Record changes to the repository\n   merge     Join two or more development histories together\n   rebase    Reapply commits on top of another base tip\n   reset     Reset current HEAD to the specified state\n   switch    Switch branches\n   tag       Create, list, delete or verify a tag object signed with GPG\n\ncollaborate (see also: git help workflows)\n   fetch     Download objects and refs from another repository\n   pull      Fetch from and integrate with another repository or a local branch\n   push      Update remote refs along with associated objects\n\n'git help -a' and 'git help -g' list available subcommands and some\nconcept guides. See 'git help <command>' or 'git help <concept>'\nto read about a specific subcommand or concept.\nSee 'git help git' for an overview of the system.\n""
[0m21:46:29.238206 [debug] [MainThread]: STDERR: "b''"
[0m21:46:29.238744 [info ] [MainThread]:  - git [[32mOK found[0m]

[0m21:46:29.239277 [info ] [MainThread]: Connection:
[0m21:46:29.240021 [info ] [MainThread]:   method: service-account
[0m21:46:29.240575 [info ] [MainThread]:   database: dtc-de-course-447820
[0m21:46:29.241096 [info ] [MainThread]:   execution_project: dtc-de-course-447820
[0m21:46:29.241697 [info ] [MainThread]:   schema: my_project_dataset
[0m21:46:29.242162 [info ] [MainThread]:   location: US
[0m21:46:29.242673 [info ] [MainThread]:   priority: interactive
[0m21:46:29.243292 [info ] [MainThread]:   maximum_bytes_billed: None
[0m21:46:29.243813 [info ] [MainThread]:   impersonate_service_account: None
[0m21:46:29.244515 [info ] [MainThread]:   job_retry_deadline_seconds: None
[0m21:46:29.244977 [info ] [MainThread]:   job_retries: 1
[0m21:46:29.245490 [info ] [MainThread]:   job_creation_timeout_seconds: None
[0m21:46:29.246012 [info ] [MainThread]:   job_execution_timeout_seconds: 300
[0m21:46:29.246892 [info ] [MainThread]:   timeout_seconds: 300
[0m21:46:29.247731 [info ] [MainThread]:   client_id: None
[0m21:46:29.248342 [info ] [MainThread]:   token_uri: None
[0m21:46:29.248963 [info ] [MainThread]:   dataproc_region: None
[0m21:46:29.249644 [info ] [MainThread]:   dataproc_cluster_name: None
[0m21:46:29.250262 [info ] [MainThread]:   gcs_bucket: None
[0m21:46:29.250916 [info ] [MainThread]:   dataproc_batch: None
[0m21:46:29.251806 [info ] [MainThread]: Registered adapter: bigquery=1.9.1
[0m21:46:29.371729 [debug] [MainThread]: Acquiring new bigquery connection 'debug'
[0m21:46:29.372312 [debug] [MainThread]: On debug: select 1 as id
[0m21:46:29.372835 [debug] [MainThread]: Opening a new connection, currently in state init
[0m21:46:29.373357 [debug] [MainThread]: BigQuery adapter: Got an error when attempting to create a bigquery " "client: '[Errno 2] No such file or directory: 'C:/Program Files (x86)/GCP_Credentials/dtc-de-course-447820-299db174bd40.json''
[0m21:46:29.374283 [debug] [MainThread]: BigQuery adapter: Unhandled error while running:
select 1 as id
[0m21:46:29.375155 [debug] [MainThread]: BigQuery adapter: Database Error
  [Errno 2] No such file or directory: 'C:/Program Files (x86)/GCP_Credentials/dtc-de-course-447820-299db174bd40.json'
[0m21:46:29.375792 [info ] [MainThread]:   Connection test: [[31mERROR[0m]

[0m21:46:29.376465 [info ] [MainThread]: [31m2 checks failed:[0m
[0m21:46:29.376931 [info ] [MainThread]: Project loading failed for the following reason:
 project path </root/airflow/dbt_project.yml> not found

[0m21:46:29.377358 [info ] [MainThread]: dbt was unable to connect to the specified database.
The database returned the following error:

  >'NoneType' object has no attribute 'close'

Check your database credentials and try again. For more information, visit:
https://docs.getdbt.com/docs/configure-your-profile


[0m21:46:29.377970 [debug] [MainThread]: Resource report: {"command_name": "debug", "command_success": false, "command_wall_clock_time": 1.4975369, "process_in_blocks": "1224", "process_kernel_time": 1.589539, "process_mem_max_rss": "250360", "process_out_blocks": "24", "process_user_time": 3.372029}
[0m21:46:29.378554 [debug] [MainThread]: Command `dbt debug` failed at 21:46:29.378446 after 1.50 seconds
[0m21:46:29.379019 [debug] [MainThread]: Sending event: {'category': 'dbt', 'action': 'invocation', 'label': 'end', 'context': [<snowplow_tracker.self_describing_json.SelfDescribingJson object at 0x7f7c821e81c0>, <snowplow_tracker.self_describing_json.SelfDescribingJson object at 0x7f7c819f0f40>, <snowplow_tracker.self_describing_json.SelfDescribingJson object at 0x7f7c819f1060>]}
[0m21:46:29.379546 [debug] [MainThread]: Flushing usage events
[0m21:46:30.674118 [debug] [MainThread]: An error was encountered while trying to flush usage events
[0m21:47:47.882961 [debug] [MainThread]: Sending event: {'category': 'dbt', 'action': 'invocation', 'label': 'start', 'context': [<snowplow_tracker.self_describing_json.SelfDescribingJson object at 0x7fa7e97141c0>, <snowplow_tracker.self_describing_json.SelfDescribingJson object at 0x7fa7e8881360>, <snowplow_tracker.self_describing_json.SelfDescribingJson object at 0x7fa7e8881300>]}


============================== 21:47:47.885578 | 07c885d1-c171-4aa3-92dc-90247738dcd1 ==============================
[0m21:47:47.885578 [info ] [MainThread]: Running with dbt=1.9.3
[0m21:47:47.886310 [debug] [MainThread]: running dbt with arguments {'printer_width': '80', 'indirect_selection': 'eager', 'log_cache_events': 'False', 'write_json': 'True', 'partial_parse': 'True', 'cache_selected_only': 'False', 'warn_error': 'None', 'debug': 'False', 'profiles_dir': '/root/.dbt', 'log_path': 'logs', 'fail_fast': 'False', 'version_check': 'True', 'use_colors': 'True', 'use_experimental_parser': 'False', 'empty': 'None', 'quiet': 'False', 'no_print': 'None', 'warn_error_options': 'WarnErrorOptions(include=[], exclude=[])', 'introspect': 'True', 'log_format': 'default', 'invocation_command': 'dbt init dbt_project', 'target_path': 'None', 'static_parser': 'True', 'send_anonymous_usage_stats': 'True'}
[0m21:47:47.895726 [debug] [MainThread]: Starter project path: /usr/local/lib/python3.10/dist-packages/dbt/include/starter_project
[0m21:47:47.902760 [info ] [MainThread]: 
Your new dbt project "dbt_project" was created!

For more information on how to configure the profiles.yml file,
please consult the dbt documentation here:

  https://docs.getdbt.com/docs/configure-your-profile

One more thing:

Need help? Don't hesitate to reach out to us via GitHub issues or on Slack:

  https://community.getdbt.com/

Happy modeling!

[0m21:47:47.905785 [info ] [MainThread]: Setting up your profile.
[0m21:50:04.987953 [info ] [MainThread]: Profile dbt_project written to /root/.dbt/profiles.yml using target's profile_template.yml and your supplied values. Run 'dbt debug' to validate the connection.
[0m21:50:04.989016 [debug] [MainThread]: Resource report: {"command_name": "init", "command_success": true, "command_wall_clock_time": 147.1575, "process_in_blocks": "88", "process_kernel_time": 1.473456, "process_mem_max_rss": "248552", "process_out_blocks": "80", "process_user_time": 2.601079}
[0m21:50:04.989818 [debug] [MainThread]: Command `dbt init` succeeded at 21:50:04.989700 after 147.16 seconds
[0m21:50:04.990335 [debug] [MainThread]: Sending event: {'category': 'dbt', 'action': 'invocation', 'label': 'end', 'context': [<snowplow_tracker.self_describing_json.SelfDescribingJson object at 0x7fa7e97141c0>, <snowplow_tracker.self_describing_json.SelfDescribingJson object at 0x7fa7ec414760>, <snowplow_tracker.self_describing_json.SelfDescribingJson object at 0x7fa7e88812d0>]}
[0m21:50:04.990913 [debug] [MainThread]: Flushing usage events
[0m21:50:06.547182 [debug] [MainThread]: An error was encountered while trying to flush usage events
[0m21:50:16.889084 [debug] [MainThread]: Sending event: {'category': 'dbt', 'action': 'invocation', 'label': 'start', 'context': [<snowplow_tracker.self_describing_json.SelfDescribingJson object at 0x7f39c0bf0190>, <snowplow_tracker.self_describing_json.SelfDescribingJson object at 0x7f39bfd61330>, <snowplow_tracker.self_describing_json.SelfDescribingJson object at 0x7f39bfd612d0>]}


============================== 21:50:16.892221 | b3221ac9-0370-4a9b-b166-63a3229be740 ==============================
[0m21:50:16.892221 [info ] [MainThread]: Running with dbt=1.9.3
[0m21:50:16.892956 [debug] [MainThread]: running dbt with arguments {'printer_width': '80', 'indirect_selection': 'eager', 'write_json': 'True', 'log_cache_events': 'False', 'partial_parse': 'True', 'cache_selected_only': 'False', 'profiles_dir': '/root/.dbt', 'debug': 'False', 'warn_error': 'None', 'log_path': 'logs', 'version_check': 'True', 'fail_fast': 'False', 'use_colors': 'True', 'use_experimental_parser': 'False', 'empty': 'None', 'quiet': 'False', 'no_print': 'None', 'log_format': 'default', 'invocation_command': 'dbt debug', 'warn_error_options': 'WarnErrorOptions(include=[], exclude=[])', 'static_parser': 'True', 'target_path': 'None', 'introspect': 'True', 'send_anonymous_usage_stats': 'True'}
[0m21:50:16.901135 [info ] [MainThread]: dbt version: 1.9.3
[0m21:50:16.902014 [info ] [MainThread]: python version: 3.10.12
[0m21:50:16.903258 [info ] [MainThread]: python path: /usr/bin/python3
[0m21:50:16.904066 [info ] [MainThread]: os info: Linux-5.15.167.4-microsoft-standard-WSL2-x86_64-with-glibc2.35
[0m21:50:18.187027 [info ] [MainThread]: Using profiles dir at /root/.dbt
[0m21:50:18.187835 [info ] [MainThread]: Using profiles.yml file at /root/.dbt/profiles.yml
[0m21:50:18.188417 [info ] [MainThread]: Using dbt_project.yml file at /root/airflow/dbt_project.yml
[0m21:50:18.189047 [error] [MainThread]: Encountered an error:
Internal Error
  Profile should not be None if loading profile completed
[0m21:50:18.189891 [debug] [MainThread]: Resource report: {"command_name": "debug", "command_success": false, "command_wall_clock_time": 1.4052373, "process_in_blocks": "0", "process_kernel_time": 1.267454, "process_mem_max_rss": "248596", "process_out_blocks": "8", "process_user_time": 3.067608}
[0m21:50:18.190721 [debug] [MainThread]: Command `dbt debug` failed at 21:50:18.190553 after 1.41 seconds
[0m21:50:18.191432 [debug] [MainThread]: Sending event: {'category': 'dbt', 'action': 'invocation', 'label': 'end', 'context': [<snowplow_tracker.self_describing_json.SelfDescribingJson object at 0x7f39c0bf0190>, <snowplow_tracker.self_describing_json.SelfDescribingJson object at 0x7f39bfdf3400>, <snowplow_tracker.self_describing_json.SelfDescribingJson object at 0x7f39c0410ca0>]}
[0m21:50:18.192110 [debug] [MainThread]: Flushing usage events
[0m21:50:19.346004 [debug] [MainThread]: An error was encountered while trying to flush usage events
[0m21:53:59.037082 [debug] [MainThread]: Sending event: {'category': 'dbt', 'action': 'invocation', 'label': 'start', 'context': [<snowplow_tracker.self_describing_json.SelfDescribingJson object at 0x7fa1b70d0280>, <snowplow_tracker.self_describing_json.SelfDescribingJson object at 0x7fa1b622d450>, <snowplow_tracker.self_describing_json.SelfDescribingJson object at 0x7fa1b622d3f0>]}


============================== 21:53:59.039796 | 3374af48-d8e8-4b33-895a-777a25f5455b ==============================
[0m21:53:59.039796 [info ] [MainThread]: Running with dbt=1.9.3
[0m21:53:59.040595 [debug] [MainThread]: running dbt with arguments {'printer_width': '80', 'indirect_selection': 'eager', 'write_json': 'True', 'log_cache_events': 'False', 'partial_parse': 'True', 'cache_selected_only': 'False', 'profiles_dir': '/root/.dbt', 'fail_fast': 'False', 'version_check': 'True', 'log_path': 'logs', 'warn_error': 'None', 'debug': 'False', 'use_colors': 'True', 'use_experimental_parser': 'False', 'empty': 'None', 'quiet': 'False', 'no_print': 'None', 'warn_error_options': 'WarnErrorOptions(include=[], exclude=[])', 'introspect': 'True', 'static_parser': 'True', 'invocation_command': 'dbt debug', 'target_path': 'None', 'log_format': 'default', 'send_anonymous_usage_stats': 'True'}
[0m21:53:59.048594 [info ] [MainThread]: dbt version: 1.9.3
[0m21:53:59.049622 [info ] [MainThread]: python version: 3.10.12
[0m21:53:59.050453 [info ] [MainThread]: python path: /usr/bin/python3
[0m21:53:59.051052 [info ] [MainThread]: os info: Linux-5.15.167.4-microsoft-standard-WSL2-x86_64-with-glibc2.35
[0m21:54:00.112580 [info ] [MainThread]: Using profiles dir at /root/.dbt
[0m21:54:00.113277 [info ] [MainThread]: Using profiles.yml file at /root/.dbt/profiles.yml
[0m21:54:00.113817 [info ] [MainThread]: Using dbt_project.yml file at /root/airflow/dbt_project.yml
[0m21:54:00.114403 [error] [MainThread]: Encountered an error:
Internal Error
  Profile should not be None if loading profile completed
[0m21:54:00.115155 [debug] [MainThread]: Resource report: {"command_name": "debug", "command_success": false, "command_wall_clock_time": 1.1543335, "process_in_blocks": "0", "process_kernel_time": 1.42798, "process_mem_max_rss": "244704", "process_out_blocks": "16", "process_user_time": 2.689054}
[0m21:54:00.115925 [debug] [MainThread]: Command `dbt debug` failed at 21:54:00.115757 after 1.16 seconds
[0m21:54:00.116398 [debug] [MainThread]: Sending event: {'category': 'dbt', 'action': 'invocation', 'label': 'end', 'context': [<snowplow_tracker.self_describing_json.SelfDescribingJson object at 0x7fa1b70d0280>, <snowplow_tracker.self_describing_json.SelfDescribingJson object at 0x7fa192188c40>, <snowplow_tracker.self_describing_json.SelfDescribingJson object at 0x7fa1b621bfd0>]}
[0m21:54:00.116998 [debug] [MainThread]: Flushing usage events
[0m21:54:01.738006 [debug] [MainThread]: An error was encountered while trying to flush usage events
[0m21:55:51.852489 [debug] [MainThread]: Sending event: {'category': 'dbt', 'action': 'invocation', 'label': 'start', 'context': [<snowplow_tracker.self_describing_json.SelfDescribingJson object at 0x7f14b78d8280>, <snowplow_tracker.self_describing_json.SelfDescribingJson object at 0x7f14b6a49420>, <snowplow_tracker.self_describing_json.SelfDescribingJson object at 0x7f14b6a493c0>]}


============================== 21:55:51.855585 | c9b600aa-735f-4c57-9b9f-0437a718b36a ==============================
[0m21:55:51.855585 [info ] [MainThread]: Running with dbt=1.9.3
[0m21:55:51.856412 [debug] [MainThread]: running dbt with arguments {'printer_width': '80', 'indirect_selection': 'eager', 'write_json': 'True', 'log_cache_events': 'False', 'partial_parse': 'True', 'cache_selected_only': 'False', 'profiles_dir': '/root/.dbt', 'debug': 'False', 'fail_fast': 'False', 'log_path': '/root/airflow/logs', 'version_check': 'True', 'warn_error': 'None', 'use_colors': 'True', 'use_experimental_parser': 'False', 'empty': 'None', 'quiet': 'False', 'no_print': 'None', 'log_format': 'default', 'invocation_command': 'dbt debug', 'warn_error_options': 'WarnErrorOptions(include=[], exclude=[])', 'static_parser': 'True', 'target_path': 'None', 'introspect': 'True', 'send_anonymous_usage_stats': 'True'}
[0m21:55:51.864439 [info ] [MainThread]: dbt version: 1.9.3
[0m21:55:51.865156 [info ] [MainThread]: python version: 3.10.12
[0m21:55:51.865827 [info ] [MainThread]: python path: /usr/bin/python3
[0m21:55:51.866497 [info ] [MainThread]: os info: Linux-5.15.167.4-microsoft-standard-WSL2-x86_64-with-glibc2.35
[0m21:55:52.898492 [info ] [MainThread]: Using profiles dir at /root/.dbt
[0m21:55:52.899232 [info ] [MainThread]: Using profiles.yml file at /root/.dbt/profiles.yml
[0m21:55:52.899767 [info ] [MainThread]: Using dbt_project.yml file at /root/airflow/dbt_project.yml
[0m21:55:52.900306 [info ] [MainThread]: adapter type: bigquery
[0m21:55:52.900769 [info ] [MainThread]: adapter version: 1.9.1
[0m21:55:53.059745 [info ] [MainThread]: Configuration:
[0m21:55:53.060467 [info ] [MainThread]:   profiles.yml file [[32mOK found and valid[0m]
[0m21:55:53.061002 [info ] [MainThread]:   dbt_project.yml file [[32mOK found and valid[0m]
[0m21:55:53.061577 [info ] [MainThread]: Required dependencies:
[0m21:55:53.062177 [debug] [MainThread]: Executing "git --help"
[0m21:55:53.064146 [debug] [MainThread]: STDOUT: "b"usage: git [--version] [--help] [-C <path>] [-c <name>=<value>]\n           [--exec-path[=<path>]] [--html-path] [--man-path] [--info-path]\n           [-p | --paginate | -P | --no-pager] [--no-replace-objects] [--bare]\n           [--git-dir=<path>] [--work-tree=<path>] [--namespace=<name>]\n           [--super-prefix=<path>] [--config-env=<name>=<envvar>]\n           <command> [<args>]\n\nThese are common Git commands used in various situations:\n\nstart a working area (see also: git help tutorial)\n   clone     Clone a repository into a new directory\n   init      Create an empty Git repository or reinitialize an existing one\n\nwork on the current change (see also: git help everyday)\n   add       Add file contents to the index\n   mv        Move or rename a file, a directory, or a symlink\n   restore   Restore working tree files\n   rm        Remove files from the working tree and from the index\n\nexamine the history and state (see also: git help revisions)\n   bisect    Use binary search to find the commit that introduced a bug\n   diff      Show changes between commits, commit and working tree, etc\n   grep      Print lines matching a pattern\n   log       Show commit logs\n   show      Show various types of objects\n   status    Show the working tree status\n\ngrow, mark and tweak your common history\n   branch    List, create, or delete branches\n   commit    Record changes to the repository\n   merge     Join two or more development histories together\n   rebase    Reapply commits on top of another base tip\n   reset     Reset current HEAD to the specified state\n   switch    Switch branches\n   tag       Create, list, delete or verify a tag object signed with GPG\n\ncollaborate (see also: git help workflows)\n   fetch     Download objects and refs from another repository\n   pull      Fetch from and integrate with another repository or a local branch\n   push      Update remote refs along with associated objects\n\n'git help -a' and 'git help -g' list available subcommands and some\nconcept guides. See 'git help <command>' or 'git help <concept>'\nto read about a specific subcommand or concept.\nSee 'git help git' for an overview of the system.\n""
[0m21:55:53.064907 [debug] [MainThread]: STDERR: "b''"
[0m21:55:53.065529 [info ] [MainThread]:  - git [[32mOK found[0m]

[0m21:55:53.066284 [info ] [MainThread]: Connection:
[0m21:55:53.067617 [info ] [MainThread]:   method: service-account
[0m21:55:53.068621 [info ] [MainThread]:   database: dtc-de-course-447820
[0m21:55:53.069514 [info ] [MainThread]:   execution_project: dtc-de-course-447820
[0m21:55:53.070258 [info ] [MainThread]:   schema: my_project_dataset
[0m21:55:53.070960 [info ] [MainThread]:   location: US
[0m21:55:53.071485 [info ] [MainThread]:   priority: interactive
[0m21:55:53.072005 [info ] [MainThread]:   maximum_bytes_billed: None
[0m21:55:53.072625 [info ] [MainThread]:   impersonate_service_account: None
[0m21:55:53.073252 [info ] [MainThread]:   job_retry_deadline_seconds: None
[0m21:55:53.073777 [info ] [MainThread]:   job_retries: 1
[0m21:55:53.074233 [info ] [MainThread]:   job_creation_timeout_seconds: None
[0m21:55:53.074823 [info ] [MainThread]:   job_execution_timeout_seconds: 1
[0m21:55:53.075786 [info ] [MainThread]:   timeout_seconds: 1
[0m21:55:53.076866 [info ] [MainThread]:   client_id: None
[0m21:55:53.077897 [info ] [MainThread]:   token_uri: None
[0m21:55:53.079108 [info ] [MainThread]:   dataproc_region: None
[0m21:55:53.080197 [info ] [MainThread]:   dataproc_cluster_name: None
[0m21:55:53.081012 [info ] [MainThread]:   gcs_bucket: None
[0m21:55:53.081716 [info ] [MainThread]:   dataproc_batch: None
[0m21:55:53.082601 [info ] [MainThread]: Registered adapter: bigquery=1.9.1
[0m21:55:53.200332 [debug] [MainThread]: Acquiring new bigquery connection 'debug'
[0m21:55:53.200910 [debug] [MainThread]: On debug: select 1 as id
[0m21:55:53.201375 [debug] [MainThread]: Opening a new connection, currently in state init
[0m21:55:55.851290 [debug] [MainThread]: BigQuery adapter: https://console.cloud.google.com/bigquery?project=dtc-de-course-447820&j=bq:US:c7dc2461-194e-4913-b558-1610fd193679&page=queryresults
[0m21:55:56.788706 [info ] [MainThread]:   Connection test: [[32mOK connection ok[0m]

[0m21:55:56.789700 [info ] [MainThread]: [32mAll checks passed![0m
[0m21:55:56.790597 [debug] [MainThread]: Resource report: {"command_name": "debug", "command_success": true, "command_wall_clock_time": 5.0215707, "process_in_blocks": "2536", "process_kernel_time": 1.432777, "process_mem_max_rss": "255396", "process_out_blocks": "16", "process_user_time": 3.23118}
[0m21:55:56.791399 [debug] [MainThread]: Command `dbt debug` succeeded at 21:55:56.791246 after 5.02 seconds
[0m21:55:56.791917 [debug] [MainThread]: Connection 'debug' was properly closed.
[0m21:55:56.792426 [debug] [MainThread]: Sending event: {'category': 'dbt', 'action': 'invocation', 'label': 'end', 'context': [<snowplow_tracker.self_describing_json.SelfDescribingJson object at 0x7f14b78d8280>, <snowplow_tracker.self_describing_json.SelfDescribingJson object at 0x7f14b6a49360>, <snowplow_tracker.self_describing_json.SelfDescribingJson object at 0x7f14b70f5c00>]}
[0m21:55:56.792922 [debug] [MainThread]: Flushing usage events
[0m21:55:58.091397 [debug] [MainThread]: An error was encountered while trying to flush usage events
[0m22:04:18.976648 [debug] [MainThread]: Sending event: {'category': 'dbt', 'action': 'invocation', 'label': 'start', 'context': [<snowplow_tracker.self_describing_json.SelfDescribingJson object at 0x7f6eb7edc220>, <snowplow_tracker.self_describing_json.SelfDescribingJson object at 0x7f6eb702d4b0>, <snowplow_tracker.self_describing_json.SelfDescribingJson object at 0x7f6eb702d450>]}


============================== 22:04:18.979607 | 326bbc4f-3edc-48e6-b20e-cff0d3f3b1dd ==============================
[0m22:04:18.979607 [info ] [MainThread]: Running with dbt=1.9.3
[0m22:04:18.980349 [debug] [MainThread]: running dbt with arguments {'printer_width': '80', 'indirect_selection': 'eager', 'log_cache_events': 'False', 'write_json': 'True', 'partial_parse': 'True', 'cache_selected_only': 'False', 'warn_error': 'None', 'version_check': 'True', 'profiles_dir': '/root/.dbt', 'log_path': '/root/airflow/logs', 'fail_fast': 'False', 'debug': 'False', 'use_colors': 'True', 'use_experimental_parser': 'False', 'empty': 'False', 'quiet': 'False', 'no_print': 'None', 'log_format': 'default', 'static_parser': 'True', 'introspect': 'True', 'warn_error_options': 'WarnErrorOptions(include=[], exclude=[])', 'target_path': 'None', 'invocation_command': 'dbt run', 'send_anonymous_usage_stats': 'True'}
[0m22:04:20.211337 [debug] [MainThread]: Sending event: {'category': 'dbt', 'action': 'project_id', 'label': '326bbc4f-3edc-48e6-b20e-cff0d3f3b1dd', 'context': [<snowplow_tracker.self_describing_json.SelfDescribingJson object at 0x7f6eb7d774c0>]}
[0m22:04:20.310984 [debug] [MainThread]: Sending event: {'category': 'dbt', 'action': 'adapter_info', 'label': '326bbc4f-3edc-48e6-b20e-cff0d3f3b1dd', 'context': [<snowplow_tracker.self_describing_json.SelfDescribingJson object at 0x7f6e92f0c8b0>]}
[0m22:04:20.311908 [info ] [MainThread]: Registered adapter: bigquery=1.9.1
[0m22:04:20.426229 [debug] [MainThread]: checksum: 5671c00892cdbcef29c3b00cc5ba7510c3d18a35c883caeb9ab9ee266dc29c8f, vars: {}, profile: , target: , version: 1.9.3
[0m22:04:20.427140 [info ] [MainThread]: Unable to do partial parsing because saved manifest not found. Starting full parse.
[0m22:04:20.427728 [debug] [MainThread]: Sending event: {'category': 'dbt', 'action': 'partial_parser', 'label': '326bbc4f-3edc-48e6-b20e-cff0d3f3b1dd', 'context': [<snowplow_tracker.self_describing_json.SelfDescribingJson object at 0x7f6e92e890c0>]}
[0m22:04:21.514755 [debug] [MainThread]: Sending event: {'category': 'dbt', 'action': 'load_project', 'label': '326bbc4f-3edc-48e6-b20e-cff0d3f3b1dd', 'context': [<snowplow_tracker.self_describing_json.SelfDescribingJson object at 0x7f6e92ad6110>]}
[0m22:04:21.565988 [debug] [MainThread]: Wrote artifact WritableManifest to /root/airflow/target/manifest.json
[0m22:04:21.569456 [debug] [MainThread]: Wrote artifact SemanticManifest to /root/airflow/target/semantic_manifest.json
[0m22:04:21.588990 [debug] [MainThread]: Sending event: {'category': 'dbt', 'action': 'resource_counts', 'label': '326bbc4f-3edc-48e6-b20e-cff0d3f3b1dd', 'context': [<snowplow_tracker.self_describing_json.SelfDescribingJson object at 0x7f6e92b73ac0>]}
[0m22:04:21.589949 [info ] [MainThread]: Found 491 macros
[0m22:04:21.590864 [debug] [MainThread]: Sending event: {'category': 'dbt', 'action': 'runnable_timing', 'label': '326bbc4f-3edc-48e6-b20e-cff0d3f3b1dd', 'context': [<snowplow_tracker.self_describing_json.SelfDescribingJson object at 0x7f6e92aef700>]}
[0m22:04:21.593142 [warn ] [MainThread]: Nothing to do. Try checking your model configs and model specification args
[0m22:04:21.594178 [debug] [MainThread]: Command end result
[0m22:04:21.622864 [debug] [MainThread]: Wrote artifact WritableManifest to /root/airflow/target/manifest.json
[0m22:04:21.625444 [debug] [MainThread]: Wrote artifact SemanticManifest to /root/airflow/target/semantic_manifest.json
[0m22:04:21.629450 [debug] [MainThread]: Wrote artifact RunExecutionResult to /root/airflow/target/run_results.json
[0m22:04:21.630181 [debug] [MainThread]: Resource report: {"command_name": "run", "command_success": true, "command_wall_clock_time": 2.7331448, "process_in_blocks": "1808", "process_kernel_time": 1.604893, "process_mem_max_rss": "259396", "process_out_blocks": "2912", "process_user_time": 3.827762}
[0m22:04:21.630876 [debug] [MainThread]: Command `dbt run` succeeded at 22:04:21.630707 after 2.73 seconds
[0m22:04:21.631394 [debug] [MainThread]: Sending event: {'category': 'dbt', 'action': 'invocation', 'label': 'end', 'context': [<snowplow_tracker.self_describing_json.SelfDescribingJson object at 0x7f6eb7edc220>, <snowplow_tracker.self_describing_json.SelfDescribingJson object at 0x7f6e92f0c8b0>, <snowplow_tracker.self_describing_json.SelfDescribingJson object at 0x7f6e92cc6560>]}
[0m22:04:21.631897 [debug] [MainThread]: Flushing usage events
[0m22:04:22.928228 [debug] [MainThread]: An error was encountered while trying to flush usage events
[0m22:06:33.777921 [debug] [MainThread]: Sending event: {'category': 'dbt', 'action': 'invocation', 'label': 'start', 'context': [<snowplow_tracker.self_describing_json.SelfDescribingJson object at 0x7f93bb268250>, <snowplow_tracker.self_describing_json.SelfDescribingJson object at 0x7f93ba3d1510>, <snowplow_tracker.self_describing_json.SelfDescribingJson object at 0x7f93ba3d14b0>]}


============================== 22:06:33.781051 | e2bfabee-a41f-4fed-aca9-e2d36ac27852 ==============================
[0m22:06:33.781051 [info ] [MainThread]: Running with dbt=1.9.3
[0m22:06:33.781725 [debug] [MainThread]: running dbt with arguments {'printer_width': '80', 'indirect_selection': 'eager', 'log_cache_events': 'False', 'write_json': 'True', 'partial_parse': 'True', 'cache_selected_only': 'False', 'warn_error': 'None', 'fail_fast': 'False', 'version_check': 'True', 'log_path': '/root/airflow/logs', 'debug': 'False', 'profiles_dir': '/root/.dbt', 'use_colors': 'True', 'use_experimental_parser': 'False', 'no_print': 'None', 'quiet': 'False', 'empty': 'False', 'log_format': 'default', 'invocation_command': 'dbt run --models example.my_first_dbt_model', 'introspect': 'True', 'static_parser': 'True', 'target_path': 'None', 'warn_error_options': 'WarnErrorOptions(include=[], exclude=[])', 'send_anonymous_usage_stats': 'True'}
[0m22:06:35.087032 [debug] [MainThread]: Sending event: {'category': 'dbt', 'action': 'project_id', 'label': 'e2bfabee-a41f-4fed-aca9-e2d36ac27852', 'context': [<snowplow_tracker.self_describing_json.SelfDescribingJson object at 0x7f9396303100>]}
[0m22:06:35.206610 [debug] [MainThread]: Sending event: {'category': 'dbt', 'action': 'adapter_info', 'label': 'e2bfabee-a41f-4fed-aca9-e2d36ac27852', 'context': [<snowplow_tracker.self_describing_json.SelfDescribingJson object at 0x7f9396297250>]}
[0m22:06:35.207523 [info ] [MainThread]: Registered adapter: bigquery=1.9.1
[0m22:06:35.333247 [debug] [MainThread]: checksum: 5671c00892cdbcef29c3b00cc5ba7510c3d18a35c883caeb9ab9ee266dc29c8f, vars: {}, profile: , target: , version: 1.9.3
[0m22:06:35.507812 [debug] [MainThread]: Partial parsing enabled: 0 files deleted, 0 files added, 0 files changed.
[0m22:06:35.508487 [debug] [MainThread]: Partial parsing enabled, no changes found, skipping parsing
[0m22:06:35.515617 [debug] [MainThread]: Sending event: {'category': 'dbt', 'action': 'load_project', 'label': 'e2bfabee-a41f-4fed-aca9-e2d36ac27852', 'context': [<snowplow_tracker.self_describing_json.SelfDescribingJson object at 0x7f93baa38b80>]}
[0m22:06:35.586106 [debug] [MainThread]: Wrote artifact WritableManifest to /root/airflow/target/manifest.json
[0m22:06:35.588312 [debug] [MainThread]: Wrote artifact SemanticManifest to /root/airflow/target/semantic_manifest.json
[0m22:06:35.600039 [debug] [MainThread]: Sending event: {'category': 'dbt', 'action': 'resource_counts', 'label': 'e2bfabee-a41f-4fed-aca9-e2d36ac27852', 'context': [<snowplow_tracker.self_describing_json.SelfDescribingJson object at 0x7f93ba3b71c0>]}
[0m22:06:35.600687 [info ] [MainThread]: Found 491 macros
[0m22:06:35.601208 [debug] [MainThread]: Sending event: {'category': 'dbt', 'action': 'runnable_timing', 'label': 'e2bfabee-a41f-4fed-aca9-e2d36ac27852', 'context': [<snowplow_tracker.self_describing_json.SelfDescribingJson object at 0x7f93ba3b5ff0>]}
[0m22:06:35.601868 [warn ] [MainThread]: The selection criterion 'example.my_first_dbt_model' does not match any enabled nodes
[0m22:06:35.603029 [warn ] [MainThread]: Nothing to do. Try checking your model configs and model specification args
[0m22:06:35.605365 [debug] [MainThread]: Command end result
[0m22:06:35.632556 [debug] [MainThread]: Wrote artifact WritableManifest to /root/airflow/target/manifest.json
[0m22:06:35.634927 [debug] [MainThread]: Wrote artifact SemanticManifest to /root/airflow/target/semantic_manifest.json
[0m22:06:35.638584 [debug] [MainThread]: Wrote artifact RunExecutionResult to /root/airflow/target/run_results.json
[0m22:06:35.639407 [debug] [MainThread]: Resource report: {"command_name": "run", "command_success": true, "command_wall_clock_time": 1.9445087, "process_in_blocks": "0", "process_kernel_time": 1.410058, "process_mem_max_rss": "256832", "process_out_blocks": "1944", "process_user_time": 3.330335}
[0m22:06:35.640134 [debug] [MainThread]: Command `dbt run` succeeded at 22:06:35.639993 after 1.95 seconds
[0m22:06:35.640650 [debug] [MainThread]: Sending event: {'category': 'dbt', 'action': 'invocation', 'label': 'end', 'context': [<snowplow_tracker.self_describing_json.SelfDescribingJson object at 0x7f93bb268250>, <snowplow_tracker.self_describing_json.SelfDescribingJson object at 0x7f93962edba0>, <snowplow_tracker.self_describing_json.SelfDescribingJson object at 0x7f93ba9e0370>]}
[0m22:06:35.641121 [debug] [MainThread]: Flushing usage events
[0m22:06:37.087097 [debug] [MainThread]: An error was encountered while trying to flush usage events
[0m22:13:16.970918 [debug] [MainThread]: Sending event: {'category': 'dbt', 'action': 'invocation', 'label': 'start', 'context': [<snowplow_tracker.self_describing_json.SelfDescribingJson object at 0x7f4562394280>, <snowplow_tracker.self_describing_json.SelfDescribingJson object at 0x7f45614e5570>, <snowplow_tracker.self_describing_json.SelfDescribingJson object at 0x7f45614e5510>]}


============================== 22:13:16.973565 | 804ab1bf-cb55-4229-b735-34830fa0865b ==============================
[0m22:13:16.973565 [info ] [MainThread]: Running with dbt=1.9.3
[0m22:13:16.974402 [debug] [MainThread]: running dbt with arguments {'printer_width': '80', 'indirect_selection': 'eager', 'write_json': 'True', 'log_cache_events': 'False', 'partial_parse': 'True', 'cache_selected_only': 'False', 'warn_error': 'None', 'version_check': 'True', 'profiles_dir': '/root/.dbt', 'log_path': '/root/airflow/logs', 'debug': 'False', 'fail_fast': 'False', 'use_colors': 'True', 'use_experimental_parser': 'False', 'no_print': 'None', 'quiet': 'False', 'empty': 'False', 'log_format': 'default', 'invocation_command': 'dbt run --models example.my_first_dbt_model', 'introspect': 'True', 'warn_error_options': 'WarnErrorOptions(include=[], exclude=[])', 'target_path': 'None', 'static_parser': 'True', 'send_anonymous_usage_stats': 'True'}
[0m22:13:18.232940 [debug] [MainThread]: Sending event: {'category': 'dbt', 'action': 'project_id', 'label': '804ab1bf-cb55-4229-b735-34830fa0865b', 'context': [<snowplow_tracker.self_describing_json.SelfDescribingJson object at 0x7f453d424070>]}
[0m22:13:18.326414 [debug] [MainThread]: Sending event: {'category': 'dbt', 'action': 'adapter_info', 'label': '804ab1bf-cb55-4229-b735-34830fa0865b', 'context': [<snowplow_tracker.self_describing_json.SelfDescribingJson object at 0x7f453d3ec4c0>]}
[0m22:13:18.327316 [info ] [MainThread]: Registered adapter: bigquery=1.9.1
[0m22:13:18.442503 [debug] [MainThread]: checksum: 5671c00892cdbcef29c3b00cc5ba7510c3d18a35c883caeb9ab9ee266dc29c8f, vars: {}, profile: , target: , version: 1.9.3
[0m22:13:18.591597 [debug] [MainThread]: Partial parsing enabled: 0 files deleted, 0 files added, 0 files changed.
[0m22:13:18.592156 [debug] [MainThread]: Partial parsing enabled, no changes found, skipping parsing
[0m22:13:18.597835 [debug] [MainThread]: Sending event: {'category': 'dbt', 'action': 'load_project', 'label': '804ab1bf-cb55-4229-b735-34830fa0865b', 'context': [<snowplow_tracker.self_describing_json.SelfDescribingJson object at 0x7f4561b40bb0>]}
[0m22:13:18.657062 [debug] [MainThread]: Wrote artifact WritableManifest to /root/airflow/target/manifest.json
[0m22:13:18.659391 [debug] [MainThread]: Wrote artifact SemanticManifest to /root/airflow/target/semantic_manifest.json
[0m22:13:18.669201 [debug] [MainThread]: Sending event: {'category': 'dbt', 'action': 'resource_counts', 'label': '804ab1bf-cb55-4229-b735-34830fa0865b', 'context': [<snowplow_tracker.self_describing_json.SelfDescribingJson object at 0x7f453d301030>]}
[0m22:13:18.670111 [info ] [MainThread]: Found 491 macros
[0m22:13:18.670966 [debug] [MainThread]: Sending event: {'category': 'dbt', 'action': 'runnable_timing', 'label': '804ab1bf-cb55-4229-b735-34830fa0865b', 'context': [<snowplow_tracker.self_describing_json.SelfDescribingJson object at 0x7f453d301a50>]}
[0m22:13:18.671932 [warn ] [MainThread]: The selection criterion 'example.my_first_dbt_model' does not match any enabled nodes
[0m22:13:18.673250 [warn ] [MainThread]: Nothing to do. Try checking your model configs and model specification args
[0m22:13:18.675606 [debug] [MainThread]: Command end result
[0m22:13:18.709103 [debug] [MainThread]: Wrote artifact WritableManifest to /root/airflow/target/manifest.json
[0m22:13:18.711101 [debug] [MainThread]: Wrote artifact SemanticManifest to /root/airflow/target/semantic_manifest.json
[0m22:13:18.715283 [debug] [MainThread]: Wrote artifact RunExecutionResult to /root/airflow/target/run_results.json
[0m22:13:18.716156 [debug] [MainThread]: Resource report: {"command_name": "run", "command_success": true, "command_wall_clock_time": 1.8229187, "process_in_blocks": "0", "process_kernel_time": 1.491434, "process_mem_max_rss": "255048", "process_out_blocks": "1944", "process_user_time": 3.185408}
[0m22:13:18.716816 [debug] [MainThread]: Command `dbt run` succeeded at 22:13:18.716690 after 1.82 seconds
[0m22:13:18.717307 [debug] [MainThread]: Sending event: {'category': 'dbt', 'action': 'invocation', 'label': 'end', 'context': [<snowplow_tracker.self_describing_json.SelfDescribingJson object at 0x7f4562394280>, <snowplow_tracker.self_describing_json.SelfDescribingJson object at 0x7f453d424070>, <snowplow_tracker.self_describing_json.SelfDescribingJson object at 0x7f4561aefb20>]}
[0m22:13:18.717715 [debug] [MainThread]: Flushing usage events
[0m22:13:19.943058 [debug] [MainThread]: An error was encountered while trying to flush usage events
[0m22:14:18.813572 [debug] [MainThread]: Sending event: {'category': 'dbt', 'action': 'invocation', 'label': 'start', 'context': [<snowplow_tracker.self_describing_json.SelfDescribingJson object at 0x7fea6a850250>, <snowplow_tracker.self_describing_json.SelfDescribingJson object at 0x7fea699ed780>, <snowplow_tracker.self_describing_json.SelfDescribingJson object at 0x7fea699ed720>]}


============================== 22:14:18.816692 | 503942b7-5657-4ef6-b0f6-656e5b89efd7 ==============================
[0m22:14:18.816692 [info ] [MainThread]: Running with dbt=1.9.3
[0m22:14:18.817544 [debug] [MainThread]: running dbt with arguments {'printer_width': '80', 'indirect_selection': 'eager', 'log_cache_events': 'False', 'write_json': 'True', 'partial_parse': 'True', 'cache_selected_only': 'False', 'warn_error': 'None', 'debug': 'False', 'version_check': 'True', 'log_path': '/root/airflow/logs', 'fail_fast': 'False', 'profiles_dir': '/root/.dbt', 'use_colors': 'True', 'use_experimental_parser': 'False', 'no_print': 'None', 'quiet': 'False', 'empty': 'None', 'log_format': 'default', 'invocation_command': 'dbt ls', 'introspect': 'True', 'static_parser': 'True', 'target_path': 'None', 'warn_error_options': 'WarnErrorOptions(include=[], exclude=[])', 'send_anonymous_usage_stats': 'True'}
[0m22:14:17.644209 [debug] [MainThread]: Sending event: {'category': 'dbt', 'action': 'project_id', 'label': '503942b7-5657-4ef6-b0f6-656e5b89efd7', 'context': [<snowplow_tracker.self_describing_json.SelfDescribingJson object at 0x7fea4575e7a0>]}
[0m22:14:17.755237 [debug] [MainThread]: Sending event: {'category': 'dbt', 'action': 'adapter_info', 'label': '503942b7-5657-4ef6-b0f6-656e5b89efd7', 'context': [<snowplow_tracker.self_describing_json.SelfDescribingJson object at 0x7fea458a34f0>]}
[0m22:14:17.756413 [info ] [MainThread]: Registered adapter: bigquery=1.9.1
[0m22:14:17.897423 [debug] [MainThread]: checksum: 5671c00892cdbcef29c3b00cc5ba7510c3d18a35c883caeb9ab9ee266dc29c8f, vars: {}, profile: , target: , version: 1.9.3
[0m22:14:18.054703 [debug] [MainThread]: Partial parsing enabled: 0 files deleted, 0 files added, 0 files changed.
[0m22:14:18.055478 [debug] [MainThread]: Partial parsing enabled, no changes found, skipping parsing
[0m22:14:18.063761 [debug] [MainThread]: Sending event: {'category': 'dbt', 'action': 'load_project', 'label': '503942b7-5657-4ef6-b0f6-656e5b89efd7', 'context': [<snowplow_tracker.self_describing_json.SelfDescribingJson object at 0x7fea69ff8e50>]}
[0m22:14:18.128414 [debug] [MainThread]: Wrote artifact WritableManifest to /root/airflow/target/manifest.json
[0m22:14:18.130580 [debug] [MainThread]: Wrote artifact SemanticManifest to /root/airflow/target/semantic_manifest.json
[0m22:14:18.140320 [debug] [MainThread]: Sending event: {'category': 'dbt', 'action': 'resource_counts', 'label': '503942b7-5657-4ef6-b0f6-656e5b89efd7', 'context': [<snowplow_tracker.self_describing_json.SelfDescribingJson object at 0x7fea69facb20>]}
[0m22:14:18.141164 [info ] [MainThread]: Found 491 macros
[0m22:14:18.141980 [debug] [MainThread]: Sending event: {'category': 'dbt', 'action': 'runnable_timing', 'label': '503942b7-5657-4ef6-b0f6-656e5b89efd7', 'context': [<snowplow_tracker.self_describing_json.SelfDescribingJson object at 0x7fea69fae800>]}
[0m22:14:18.143059 [warn ] [MainThread]: No nodes selected!
[0m22:14:18.144184 [debug] [MainThread]: Resource report: {"command_name": "list", "command_success": true, "command_wall_clock_time": 1.9116172, "process_in_blocks": "16", "process_kernel_time": 1.486909, "process_mem_max_rss": "256972", "process_out_blocks": "984", "process_user_time": 3.287824}
[0m22:14:18.145115 [debug] [MainThread]: Command `dbt ls` succeeded at 22:14:18.144951 after 1.91 seconds
[0m22:14:18.145710 [debug] [MainThread]: Sending event: {'category': 'dbt', 'action': 'invocation', 'label': 'end', 'context': [<snowplow_tracker.self_describing_json.SelfDescribingJson object at 0x7fea6a850250>, <snowplow_tracker.self_describing_json.SelfDescribingJson object at 0x7fea6adca2c0>, <snowplow_tracker.self_describing_json.SelfDescribingJson object at 0x7fea69fb6b30>]}
[0m22:14:18.146252 [debug] [MainThread]: Flushing usage events
[0m22:14:19.544008 [debug] [MainThread]: An error was encountered while trying to flush usage events
[0m22:15:18.378513 [debug] [MainThread]: Sending event: {'category': 'dbt', 'action': 'invocation', 'label': 'start', 'context': [<snowplow_tracker.self_describing_json.SelfDescribingJson object at 0x7fe1bc638220>, <snowplow_tracker.self_describing_json.SelfDescribingJson object at 0x7fe1bb7854e0>, <snowplow_tracker.self_describing_json.SelfDescribingJson object at 0x7fe1bb785480>]}


============================== 22:15:18.380973 | 94c4ce71-abc5-47e8-a3b3-7577dc15f86d ==============================
[0m22:15:18.380973 [info ] [MainThread]: Running with dbt=1.9.3
[0m22:15:18.381805 [debug] [MainThread]: running dbt with arguments {'printer_width': '80', 'indirect_selection': 'eager', 'write_json': 'True', 'log_cache_events': 'False', 'partial_parse': 'True', 'cache_selected_only': 'False', 'warn_error': 'None', 'fail_fast': 'False', 'debug': 'False', 'log_path': '/root/airflow/logs', 'version_check': 'True', 'profiles_dir': '/root/.dbt', 'use_colors': 'True', 'use_experimental_parser': 'False', 'empty': 'False', 'quiet': 'False', 'no_print': 'None', 'log_format': 'default', 'static_parser': 'True', 'invocation_command': 'dbt run --models example.my_first_dbt_model', 'introspect': 'True', 'target_path': 'None', 'warn_error_options': 'WarnErrorOptions(include=[], exclude=[])', 'send_anonymous_usage_stats': 'True'}
[0m22:15:17.096189 [debug] [MainThread]: Sending event: {'category': 'dbt', 'action': 'project_id', 'label': '94c4ce71-abc5-47e8-a3b3-7577dc15f86d', 'context': [<snowplow_tracker.self_describing_json.SelfDescribingJson object at 0x7fe197697880>]}
[0m22:15:17.217058 [debug] [MainThread]: Sending event: {'category': 'dbt', 'action': 'adapter_info', 'label': '94c4ce71-abc5-47e8-a3b3-7577dc15f86d', 'context': [<snowplow_tracker.self_describing_json.SelfDescribingJson object at 0x7fe197662dd0>]}
[0m22:15:17.218528 [info ] [MainThread]: Registered adapter: bigquery=1.9.1
[0m22:15:17.399221 [debug] [MainThread]: checksum: 5671c00892cdbcef29c3b00cc5ba7510c3d18a35c883caeb9ab9ee266dc29c8f, vars: {}, profile: , target: , version: 1.9.3
[0m22:15:17.593131 [debug] [MainThread]: Partial parsing enabled: 0 files deleted, 0 files added, 0 files changed.
[0m22:15:17.593799 [debug] [MainThread]: Partial parsing enabled, no changes found, skipping parsing
[0m22:15:17.600830 [debug] [MainThread]: Sending event: {'category': 'dbt', 'action': 'load_project', 'label': '94c4ce71-abc5-47e8-a3b3-7577dc15f86d', 'context': [<snowplow_tracker.self_describing_json.SelfDescribingJson object at 0x7fe1bbcb0b50>]}
[0m22:15:17.669299 [debug] [MainThread]: Wrote artifact WritableManifest to /root/airflow/target/manifest.json
[0m22:15:17.671621 [debug] [MainThread]: Wrote artifact SemanticManifest to /root/airflow/target/semantic_manifest.json
[0m22:15:17.683872 [debug] [MainThread]: Sending event: {'category': 'dbt', 'action': 'resource_counts', 'label': '94c4ce71-abc5-47e8-a3b3-7577dc15f86d', 'context': [<snowplow_tracker.self_describing_json.SelfDescribingJson object at 0x7fe1975d63b0>]}
[0m22:15:17.684566 [info ] [MainThread]: Found 491 macros
[0m22:15:17.685072 [debug] [MainThread]: Sending event: {'category': 'dbt', 'action': 'runnable_timing', 'label': '94c4ce71-abc5-47e8-a3b3-7577dc15f86d', 'context': [<snowplow_tracker.self_describing_json.SelfDescribingJson object at 0x7fe1975d50c0>]}
[0m22:15:17.685824 [warn ] [MainThread]: The selection criterion 'example.my_first_dbt_model' does not match any enabled nodes
[0m22:15:17.687303 [warn ] [MainThread]: Nothing to do. Try checking your model configs and model specification args
[0m22:15:17.690219 [debug] [MainThread]: Command end result
[0m22:15:17.721442 [debug] [MainThread]: Wrote artifact WritableManifest to /root/airflow/target/manifest.json
[0m22:15:17.723596 [debug] [MainThread]: Wrote artifact SemanticManifest to /root/airflow/target/semantic_manifest.json
[0m22:15:17.727952 [debug] [MainThread]: Wrote artifact RunExecutionResult to /root/airflow/target/run_results.json
[0m22:15:17.728834 [debug] [MainThread]: Resource report: {"command_name": "run", "command_success": true, "command_wall_clock_time": 1.96905, "process_in_blocks": "0", "process_kernel_time": 1.514215, "process_mem_max_rss": "253560", "process_out_blocks": "1944", "process_user_time": 3.316411}
[0m22:15:17.729598 [debug] [MainThread]: Command `dbt run` succeeded at 22:15:17.729459 after 1.97 seconds
[0m22:15:17.730164 [debug] [MainThread]: Sending event: {'category': 'dbt', 'action': 'invocation', 'label': 'end', 'context': [<snowplow_tracker.self_describing_json.SelfDescribingJson object at 0x7fe1bc638220>, <snowplow_tracker.self_describing_json.SelfDescribingJson object at 0x7fe197697880>, <snowplow_tracker.self_describing_json.SelfDescribingJson object at 0x7fe1bb76da80>]}
[0m22:15:17.730770 [debug] [MainThread]: Flushing usage events
[0m22:15:18.960098 [debug] [MainThread]: An error was encountered while trying to flush usage events
[0m22:15:39.822380 [debug] [MainThread]: Sending event: {'category': 'dbt', 'action': 'invocation', 'label': 'start', 'context': [<snowplow_tracker.self_describing_json.SelfDescribingJson object at 0x7fbaa4e401f0>, <snowplow_tracker.self_describing_json.SelfDescribingJson object at 0x7fbaa3fb14b0>, <snowplow_tracker.self_describing_json.SelfDescribingJson object at 0x7fbaa3fb1450>]}


============================== 22:15:39.825629 | aacb0363-bf10-47b6-89de-2f7f86e8e353 ==============================
[0m22:15:39.825629 [info ] [MainThread]: Running with dbt=1.9.3
[0m22:15:39.826423 [debug] [MainThread]: running dbt with arguments {'printer_width': '80', 'indirect_selection': 'eager', 'log_cache_events': 'False', 'write_json': 'True', 'partial_parse': 'True', 'cache_selected_only': 'False', 'warn_error': 'None', 'debug': 'False', 'fail_fast': 'False', 'log_path': '/root/airflow/logs', 'version_check': 'True', 'profiles_dir': '/root/.dbt', 'use_colors': 'True', 'use_experimental_parser': 'False', 'empty': 'False', 'quiet': 'False', 'no_print': 'None', 'log_format': 'default', 'static_parser': 'True', 'warn_error_options': 'WarnErrorOptions(include=[], exclude=[])', 'invocation_command': 'dbt compile', 'target_path': 'None', 'introspect': 'True', 'send_anonymous_usage_stats': 'True'}
[0m22:15:41.217851 [debug] [MainThread]: Sending event: {'category': 'dbt', 'action': 'project_id', 'label': 'aacb0363-bf10-47b6-89de-2f7f86e8e353', 'context': [<snowplow_tracker.self_describing_json.SelfDescribingJson object at 0x7fba7fea7fd0>]}
[0m22:15:41.323294 [debug] [MainThread]: Sending event: {'category': 'dbt', 'action': 'adapter_info', 'label': 'aacb0363-bf10-47b6-89de-2f7f86e8e353', 'context': [<snowplow_tracker.self_describing_json.SelfDescribingJson object at 0x7fba7fe345e0>]}
[0m22:15:41.324332 [info ] [MainThread]: Registered adapter: bigquery=1.9.1
[0m22:15:41.452814 [debug] [MainThread]: checksum: 5671c00892cdbcef29c3b00cc5ba7510c3d18a35c883caeb9ab9ee266dc29c8f, vars: {}, profile: , target: , version: 1.9.3
[0m22:15:41.611387 [debug] [MainThread]: Partial parsing enabled: 0 files deleted, 0 files added, 0 files changed.
[0m22:15:41.611943 [debug] [MainThread]: Partial parsing enabled, no changes found, skipping parsing
[0m22:15:41.617971 [debug] [MainThread]: Sending event: {'category': 'dbt', 'action': 'load_project', 'label': 'aacb0363-bf10-47b6-89de-2f7f86e8e353', 'context': [<snowplow_tracker.self_describing_json.SelfDescribingJson object at 0x7fbaa460cb80>]}
[0m22:15:41.676162 [debug] [MainThread]: Wrote artifact WritableManifest to /root/airflow/target/manifest.json
[0m22:15:41.681015 [debug] [MainThread]: Wrote artifact SemanticManifest to /root/airflow/target/semantic_manifest.json
[0m22:15:41.692207 [debug] [MainThread]: Sending event: {'category': 'dbt', 'action': 'resource_counts', 'label': 'aacb0363-bf10-47b6-89de-2f7f86e8e353', 'context': [<snowplow_tracker.self_describing_json.SelfDescribingJson object at 0x7fbaa45c00a0>]}
[0m22:15:41.692965 [info ] [MainThread]: Found 491 macros
[0m22:15:41.693668 [debug] [MainThread]: Sending event: {'category': 'dbt', 'action': 'runnable_timing', 'label': 'aacb0363-bf10-47b6-89de-2f7f86e8e353', 'context': [<snowplow_tracker.self_describing_json.SelfDescribingJson object at 0x7fba8435a5c0>]}
[0m22:15:41.696505 [warn ] [MainThread]: Nothing to do. Try checking your model configs and model specification args
[0m22:15:41.699985 [debug] [MainThread]: Command end result
[0m22:15:41.725886 [debug] [MainThread]: Wrote artifact WritableManifest to /root/airflow/target/manifest.json
[0m22:15:41.727597 [debug] [MainThread]: Wrote artifact SemanticManifest to /root/airflow/target/semantic_manifest.json
[0m22:15:41.731173 [debug] [MainThread]: Wrote artifact RunExecutionResult to /root/airflow/target/run_results.json
[0m22:15:41.731949 [debug] [MainThread]: Resource report: {"command_name": "compile", "command_success": true, "command_wall_clock_time": 2.0002818, "process_in_blocks": "0", "process_kernel_time": 1.497401, "process_mem_max_rss": "255496", "process_out_blocks": "1936", "process_user_time": 3.53091}
[0m22:15:41.732850 [debug] [MainThread]: Command `dbt compile` succeeded at 22:15:41.732648 after 2.00 seconds
[0m22:15:41.733597 [debug] [MainThread]: Sending event: {'category': 'dbt', 'action': 'invocation', 'label': 'end', 'context': [<snowplow_tracker.self_describing_json.SelfDescribingJson object at 0x7fbaa4e401f0>, <snowplow_tracker.self_describing_json.SelfDescribingJson object at 0x7fba7fea7fd0>, <snowplow_tracker.self_describing_json.SelfDescribingJson object at 0x7fba7fe35990>]}
[0m22:15:41.734445 [debug] [MainThread]: Flushing usage events
[0m22:15:43.013347 [debug] [MainThread]: An error was encountered while trying to flush usage events
[0m22:16:27.823772 [debug] [MainThread]: Sending event: {'category': 'dbt', 'action': 'invocation', 'label': 'start', 'context': [<snowplow_tracker.self_describing_json.SelfDescribingJson object at 0x7f4e8c6e01f0>, <snowplow_tracker.self_describing_json.SelfDescribingJson object at 0x7f4e8b8314b0>, <snowplow_tracker.self_describing_json.SelfDescribingJson object at 0x7f4e8b831450>]}


============================== 22:16:27.826676 | b5a6a727-f948-4578-b128-486624cd65a2 ==============================
[0m22:16:27.826676 [info ] [MainThread]: Running with dbt=1.9.3
[0m22:16:27.827389 [debug] [MainThread]: running dbt with arguments {'printer_width': '80', 'indirect_selection': 'eager', 'log_cache_events': 'False', 'write_json': 'True', 'partial_parse': 'True', 'cache_selected_only': 'False', 'warn_error': 'None', 'fail_fast': 'False', 'version_check': 'True', 'log_path': '/root/airflow/logs', 'debug': 'False', 'profiles_dir': '/root/.dbt', 'use_colors': 'True', 'use_experimental_parser': 'False', 'empty': 'False', 'quiet': 'False', 'no_print': 'None', 'warn_error_options': 'WarnErrorOptions(include=[], exclude=[])', 'static_parser': 'True', 'invocation_command': 'dbt run --models dbt_project.example.my_first_dbt_model', 'log_format': 'default', 'target_path': 'None', 'introspect': 'True', 'send_anonymous_usage_stats': 'True'}
[0m22:16:29.052338 [debug] [MainThread]: Sending event: {'category': 'dbt', 'action': 'project_id', 'label': 'b5a6a727-f948-4578-b128-486624cd65a2', 'context': [<snowplow_tracker.self_describing_json.SelfDescribingJson object at 0x7f4e8db8cc10>]}
[0m22:16:29.158771 [debug] [MainThread]: Sending event: {'category': 'dbt', 'action': 'adapter_info', 'label': 'b5a6a727-f948-4578-b128-486624cd65a2', 'context': [<snowplow_tracker.self_describing_json.SelfDescribingJson object at 0x7f4e8b8c3490>]}
[0m22:16:29.159694 [info ] [MainThread]: Registered adapter: bigquery=1.9.1
[0m22:16:29.336139 [debug] [MainThread]: checksum: 5671c00892cdbcef29c3b00cc5ba7510c3d18a35c883caeb9ab9ee266dc29c8f, vars: {}, profile: , target: , version: 1.9.3
[0m22:16:29.488479 [debug] [MainThread]: Partial parsing enabled: 0 files deleted, 0 files added, 0 files changed.
[0m22:16:29.489097 [debug] [MainThread]: Partial parsing enabled, no changes found, skipping parsing
[0m22:16:29.495199 [debug] [MainThread]: Sending event: {'category': 'dbt', 'action': 'load_project', 'label': 'b5a6a727-f948-4578-b128-486624cd65a2', 'context': [<snowplow_tracker.self_describing_json.SelfDescribingJson object at 0x7f4e8bd64b50>]}
[0m22:16:29.556532 [debug] [MainThread]: Wrote artifact WritableManifest to /root/airflow/target/manifest.json
[0m22:16:29.558728 [debug] [MainThread]: Wrote artifact SemanticManifest to /root/airflow/target/semantic_manifest.json
[0m22:16:29.569860 [debug] [MainThread]: Sending event: {'category': 'dbt', 'action': 'resource_counts', 'label': 'b5a6a727-f948-4578-b128-486624cd65a2', 'context': [<snowplow_tracker.self_describing_json.SelfDescribingJson object at 0x7f4e8b7de380>]}
[0m22:16:29.570587 [info ] [MainThread]: Found 491 macros
[0m22:16:29.571150 [debug] [MainThread]: Sending event: {'category': 'dbt', 'action': 'runnable_timing', 'label': 'b5a6a727-f948-4578-b128-486624cd65a2', 'context': [<snowplow_tracker.self_describing_json.SelfDescribingJson object at 0x7f4e8b7def50>]}
[0m22:16:29.571867 [warn ] [MainThread]: The selection criterion 'dbt_project.example.my_first_dbt_model' does not match any enabled nodes
[0m22:16:29.573255 [warn ] [MainThread]: Nothing to do. Try checking your model configs and model specification args
[0m22:16:29.575947 [debug] [MainThread]: Command end result
[0m22:16:29.609304 [debug] [MainThread]: Wrote artifact WritableManifest to /root/airflow/target/manifest.json
[0m22:16:29.611092 [debug] [MainThread]: Wrote artifact SemanticManifest to /root/airflow/target/semantic_manifest.json
[0m22:16:29.615328 [debug] [MainThread]: Wrote artifact RunExecutionResult to /root/airflow/target/run_results.json
[0m22:16:29.616093 [debug] [MainThread]: Resource report: {"command_name": "run", "command_success": true, "command_wall_clock_time": 1.8710698, "process_in_blocks": "0", "process_kernel_time": 1.460633, "process_mem_max_rss": "255652", "process_out_blocks": "1944", "process_user_time": 3.355758}
[0m22:16:29.616782 [debug] [MainThread]: Command `dbt run` succeeded at 22:16:29.616650 after 1.87 seconds
[0m22:16:29.617253 [debug] [MainThread]: Sending event: {'category': 'dbt', 'action': 'invocation', 'label': 'end', 'context': [<snowplow_tracker.self_describing_json.SelfDescribingJson object at 0x7f4e8c6e01f0>, <snowplow_tracker.self_describing_json.SelfDescribingJson object at 0x7f4e8db8cc10>, <snowplow_tracker.self_describing_json.SelfDescribingJson object at 0x7f4e8bf13a90>]}
[0m22:16:29.617726 [debug] [MainThread]: Flushing usage events
[0m22:16:30.792375 [debug] [MainThread]: An error was encountered while trying to flush usage events
