[2025-03-24T11:45:43.730+0000] {taskinstance.py:1979} INFO - Dependencies all met for dep_context=non-requeueable deps ti=<TaskInstance: fetch_filtered_data_and_upload_to_gcs.fetch_and_upload_2024_W1_spring-Central.csv manual__2025-03-24T11:45:38.907638+00:00 [queued]>
[2025-03-24T11:45:43.757+0000] {taskinstance.py:1979} INFO - Dependencies all met for dep_context=requeueable deps ti=<TaskInstance: fetch_filtered_data_and_upload_to_gcs.fetch_and_upload_2024_W1_spring-Central.csv manual__2025-03-24T11:45:38.907638+00:00 [queued]>
[2025-03-24T11:45:43.758+0000] {taskinstance.py:2193} INFO - Starting attempt 1 of 1
[2025-03-24T11:45:43.793+0000] {taskinstance.py:2214} INFO - Executing <Task(PythonOperator): fetch_and_upload_2024_W1_spring-Central.csv> on 2025-03-24 11:45:38.907638+00:00
[2025-03-24T11:45:43.801+0000] {standard_task_runner.py:60} INFO - Started process 3960 to run task
[2025-03-24T11:45:43.809+0000] {standard_task_runner.py:87} INFO - Running: ['***', 'tasks', 'run', 'fetch_filtered_data_and_upload_to_gcs', 'fetch_and_upload_2024_W1_spring-Central.csv', 'manual__2025-03-24T11:45:38.907638+00:00', '--job-id', '163', '--raw', '--subdir', 'DAGS_FOLDER/step_one.py', '--cfg-path', '/tmp/tmpvx3cehco']
[2025-03-24T11:45:43.819+0000] {standard_task_runner.py:88} INFO - Job 163: Subtask fetch_and_upload_2024_W1_spring-Central.csv
[2025-03-24T11:45:43.950+0000] {task_command.py:423} INFO - Running <TaskInstance: fetch_filtered_data_and_upload_to_gcs.fetch_and_upload_2024_W1_spring-Central.csv manual__2025-03-24T11:45:38.907638+00:00 [running]> on host 3d764bfd33f3
[2025-03-24T11:45:44.141+0000] {taskinstance.py:2510} INFO - Exporting env vars: AIRFLOW_CTX_DAG_OWNER='***' AIRFLOW_CTX_DAG_ID='fetch_filtered_data_and_upload_to_gcs' AIRFLOW_CTX_TASK_ID='fetch_and_upload_2024_W1_spring-Central.csv' AIRFLOW_CTX_EXECUTION_DATE='2025-03-24T11:45:38.907638+00:00' AIRFLOW_CTX_TRY_NUMBER='1' AIRFLOW_CTX_DAG_RUN_ID='manual__2025-03-24T11:45:38.907638+00:00'
[2025-03-24T11:45:44.150+0000] {logging_mixin.py:188} INFO - Fetching URL: https://cycling.data.tfl.gov.uk/ActiveTravelCountsProgramme/2024%20W1%20spring-Central.csv
[2025-03-24T11:45:44.488+0000] {logging_mixin.py:188} INFO - Cleaned filename: 2024_W1_spring-Central.csv
[2025-03-24T11:45:44.489+0000] {logging_mixin.py:188} INFO - GCS path: cycling_data/2024_W1_spring-Central.csv_20250324114544.csv
[2025-03-24T11:45:44.589+0000] {taskinstance.py:2728} ERROR - Task failed with exception
Traceback (most recent call last):
  File "/home/airflow/.local/lib/python3.8/site-packages/airflow/models/taskinstance.py", line 444, in _execute_task
    result = _execute_callable(context=context, **execute_callable_kwargs)
  File "/home/airflow/.local/lib/python3.8/site-packages/airflow/models/taskinstance.py", line 414, in _execute_callable
    return execute_callable(context=context, **execute_callable_kwargs)
  File "/home/airflow/.local/lib/python3.8/site-packages/airflow/operators/python.py", line 200, in execute
    return_value = self.execute_callable()
  File "/home/airflow/.local/lib/python3.8/site-packages/airflow/operators/python.py", line 217, in execute_callable
    return self.python_callable(*self.op_args, **self.op_kwargs)
  File "/opt/airflow/dags/step_one.py", line 59, in fetch_and_upload_to_gcs
    with gcs_hook.get_conn() as conn:
AttributeError: __enter__
[2025-03-24T11:45:44.619+0000] {taskinstance.py:1149} INFO - Marking task as FAILED. dag_id=fetch_filtered_data_and_upload_to_gcs, task_id=fetch_and_upload_2024_W1_spring-Central.csv, execution_date=20250324T114538, start_date=20250324T114543, end_date=20250324T114544
[2025-03-24T11:45:44.664+0000] {standard_task_runner.py:107} ERROR - Failed to execute job 163 for task fetch_and_upload_2024_W1_spring-Central.csv (__enter__; 3960)
[2025-03-24T11:45:44.713+0000] {local_task_job_runner.py:234} INFO - Task exited with return code 1
[2025-03-24T11:45:44.758+0000] {taskinstance.py:3309} INFO - 0 downstream tasks scheduled from follow-on schedule check
