[2025-03-23T11:15:55.359+0000] {taskinstance.py:1979} INFO - Dependencies all met for dep_context=non-requeueable deps ti=<TaskInstance: load_raw_data_to_bq.load_raw_data_to_bq manual__2025-03-23T11:15:52.574569+00:00 [queued]>
[2025-03-23T11:15:55.371+0000] {taskinstance.py:1979} INFO - Dependencies all met for dep_context=requeueable deps ti=<TaskInstance: load_raw_data_to_bq.load_raw_data_to_bq manual__2025-03-23T11:15:52.574569+00:00 [queued]>
[2025-03-23T11:15:55.371+0000] {taskinstance.py:2193} INFO - Starting attempt 1 of 1
[2025-03-23T11:15:55.385+0000] {taskinstance.py:2214} INFO - Executing <Task(BigQueryInsertJobOperator): load_raw_data_to_bq> on 2025-03-23 11:15:52.574569+00:00
[2025-03-23T11:15:55.389+0000] {standard_task_runner.py:60} INFO - Started process 4052 to run task
[2025-03-23T11:15:55.393+0000] {standard_task_runner.py:87} INFO - Running: ['***', 'tasks', 'run', 'load_raw_data_to_bq', 'load_raw_data_to_bq', 'manual__2025-03-23T11:15:52.574569+00:00', '--job-id', '53', '--raw', '--subdir', 'DAGS_FOLDER/step_two.py', '--cfg-path', '/tmp/tmpb4mqsvw2']
[2025-03-23T11:15:55.394+0000] {standard_task_runner.py:88} INFO - Job 53: Subtask load_raw_data_to_bq
[2025-03-23T11:15:55.442+0000] {task_command.py:423} INFO - Running <TaskInstance: load_raw_data_to_bq.load_raw_data_to_bq manual__2025-03-23T11:15:52.574569+00:00 [running]> on host c0ff61c5806f
[2025-03-23T11:15:55.482+0000] {abstractoperator.py:707} ERROR - Exception rendering Jinja template for task 'load_raw_data_to_bq', field 'configuration'. Template: {'query': {'query': "{% include '/opt/***/dags/sql/load_raw_data.sql' %}", 'useLegacySql': False}}
Traceback (most recent call last):
  File "/home/airflow/.local/lib/python3.8/site-packages/airflow/models/abstractoperator.py", line 699, in _do_render_template_fields
    rendered_content = self.render_template(
  File "/home/airflow/.local/lib/python3.8/site-packages/airflow/template/templater.py", line 186, in render_template
    return {k: self.render_template(v, context, jinja_env, oids) for k, v in value.items()}
  File "/home/airflow/.local/lib/python3.8/site-packages/airflow/template/templater.py", line 186, in <dictcomp>
    return {k: self.render_template(v, context, jinja_env, oids) for k, v in value.items()}
  File "/home/airflow/.local/lib/python3.8/site-packages/airflow/template/templater.py", line 186, in render_template
    return {k: self.render_template(v, context, jinja_env, oids) for k, v in value.items()}
  File "/home/airflow/.local/lib/python3.8/site-packages/airflow/template/templater.py", line 186, in <dictcomp>
    return {k: self.render_template(v, context, jinja_env, oids) for k, v in value.items()}
  File "/home/airflow/.local/lib/python3.8/site-packages/airflow/template/templater.py", line 174, in render_template
    return self._render(template, context)
  File "/home/airflow/.local/lib/python3.8/site-packages/airflow/models/abstractoperator.py", line 654, in _render
    return super()._render(template, context, dag=dag)
  File "/home/airflow/.local/lib/python3.8/site-packages/airflow/template/templater.py", line 130, in _render
    return render_template_as_native(template, context)
  File "/home/airflow/.local/lib/python3.8/site-packages/airflow/utils/helpers.py", line 294, in render_template_as_native
    return render_template(template, cast(MutableMapping[str, Any], context), native=True)
  File "/home/airflow/.local/lib/python3.8/site-packages/airflow/utils/helpers.py", line 283, in render_template
    return jinja2.nativetypes.native_concat(nodes)
  File "/home/airflow/.local/lib/python3.8/site-packages/jinja2/nativetypes.py", line 25, in native_concat
    head = list(islice(values, 2))
  File "<template>", line 11, in root
  File "/home/airflow/.local/lib/python3.8/site-packages/jinja2/environment.py", line 1010, in get_template
    return self._load_template(name, globals)
  File "/home/airflow/.local/lib/python3.8/site-packages/jinja2/environment.py", line 969, in _load_template
    template = self.loader.load(self, name, self.make_globals(globals))
  File "/home/airflow/.local/lib/python3.8/site-packages/jinja2/loaders.py", line 125, in load
    source, filename, uptodate = self.get_source(environment, name)
  File "/home/airflow/.local/lib/python3.8/site-packages/jinja2/loaders.py", line 204, in get_source
    raise TemplateNotFound(template)
jinja2.exceptions.TemplateNotFound: /opt/airflow/dags/sql/load_raw_data.sql
[2025-03-23T11:15:55.483+0000] {taskinstance.py:2728} ERROR - Task failed with exception
Traceback (most recent call last):
  File "/home/airflow/.local/lib/python3.8/site-packages/airflow/models/taskinstance.py", line 2357, in _run_raw_task
    self._execute_task_with_callbacks(context, test_mode, session=session)
  File "/home/airflow/.local/lib/python3.8/site-packages/airflow/models/taskinstance.py", line 2495, in _execute_task_with_callbacks
    task_orig = self.render_templates(context=context)
  File "/home/airflow/.local/lib/python3.8/site-packages/airflow/models/taskinstance.py", line 2907, in render_templates
    original_task.render_template_fields(context)
  File "/home/airflow/.local/lib/python3.8/site-packages/airflow/models/baseoperator.py", line 1241, in render_template_fields
    self._do_render_template_fields(self, self.template_fields, context, jinja_env, set())
  File "/home/airflow/.local/lib/python3.8/site-packages/airflow/utils/session.py", line 79, in wrapper
    return func(*args, session=session, **kwargs)
  File "/home/airflow/.local/lib/python3.8/site-packages/airflow/models/abstractoperator.py", line 699, in _do_render_template_fields
    rendered_content = self.render_template(
  File "/home/airflow/.local/lib/python3.8/site-packages/airflow/template/templater.py", line 186, in render_template
    return {k: self.render_template(v, context, jinja_env, oids) for k, v in value.items()}
  File "/home/airflow/.local/lib/python3.8/site-packages/airflow/template/templater.py", line 186, in <dictcomp>
    return {k: self.render_template(v, context, jinja_env, oids) for k, v in value.items()}
  File "/home/airflow/.local/lib/python3.8/site-packages/airflow/template/templater.py", line 186, in render_template
    return {k: self.render_template(v, context, jinja_env, oids) for k, v in value.items()}
  File "/home/airflow/.local/lib/python3.8/site-packages/airflow/template/templater.py", line 186, in <dictcomp>
    return {k: self.render_template(v, context, jinja_env, oids) for k, v in value.items()}
  File "/home/airflow/.local/lib/python3.8/site-packages/airflow/template/templater.py", line 174, in render_template
    return self._render(template, context)
  File "/home/airflow/.local/lib/python3.8/site-packages/airflow/models/abstractoperator.py", line 654, in _render
    return super()._render(template, context, dag=dag)
  File "/home/airflow/.local/lib/python3.8/site-packages/airflow/template/templater.py", line 130, in _render
    return render_template_as_native(template, context)
  File "/home/airflow/.local/lib/python3.8/site-packages/airflow/utils/helpers.py", line 294, in render_template_as_native
    return render_template(template, cast(MutableMapping[str, Any], context), native=True)
  File "/home/airflow/.local/lib/python3.8/site-packages/airflow/utils/helpers.py", line 283, in render_template
    return jinja2.nativetypes.native_concat(nodes)
  File "/home/airflow/.local/lib/python3.8/site-packages/jinja2/nativetypes.py", line 25, in native_concat
    head = list(islice(values, 2))
  File "<template>", line 11, in root
  File "/home/airflow/.local/lib/python3.8/site-packages/jinja2/environment.py", line 1010, in get_template
    return self._load_template(name, globals)
  File "/home/airflow/.local/lib/python3.8/site-packages/jinja2/environment.py", line 969, in _load_template
    template = self.loader.load(self, name, self.make_globals(globals))
  File "/home/airflow/.local/lib/python3.8/site-packages/jinja2/loaders.py", line 125, in load
    source, filename, uptodate = self.get_source(environment, name)
  File "/home/airflow/.local/lib/python3.8/site-packages/jinja2/loaders.py", line 204, in get_source
    raise TemplateNotFound(template)
jinja2.exceptions.TemplateNotFound: /opt/airflow/dags/sql/load_raw_data.sql
[2025-03-23T11:15:55.492+0000] {taskinstance.py:1149} INFO - Marking task as FAILED. dag_id=load_raw_data_to_bq, task_id=load_raw_data_to_bq, execution_date=20250323T111552, start_date=20250323T111555, end_date=20250323T111555
[2025-03-23T11:15:55.505+0000] {standard_task_runner.py:107} ERROR - Failed to execute job 53 for task load_raw_data_to_bq (/opt/airflow/dags/sql/load_raw_data.sql; 4052)
[2025-03-23T11:15:55.526+0000] {local_task_job_runner.py:234} INFO - Task exited with return code 1
[2025-03-23T11:15:55.542+0000] {taskinstance.py:3309} INFO - 0 downstream tasks scheduled from follow-on schedule check
