[2025-03-23T10:32:49.270+0000] {taskinstance.py:1979} INFO - Dependencies all met for dep_context=non-requeueable deps ti=<TaskInstance: load_raw_data_to_bq.load_raw_data_to_bq manual__2025-03-23T10:32:46.314539+00:00 [queued]>
[2025-03-23T10:32:49.281+0000] {taskinstance.py:1979} INFO - Dependencies all met for dep_context=requeueable deps ti=<TaskInstance: load_raw_data_to_bq.load_raw_data_to_bq manual__2025-03-23T10:32:46.314539+00:00 [queued]>
[2025-03-23T10:32:49.281+0000] {taskinstance.py:2193} INFO - Starting attempt 1 of 1
[2025-03-23T10:32:49.298+0000] {taskinstance.py:2214} INFO - Executing <Task(BigQueryInsertJobOperator): load_raw_data_to_bq> on 2025-03-23 10:32:46.314539+00:00
[2025-03-23T10:32:49.302+0000] {standard_task_runner.py:60} INFO - Started process 3309 to run task
[2025-03-23T10:32:49.308+0000] {standard_task_runner.py:87} INFO - Running: ['***', 'tasks', 'run', 'load_raw_data_to_bq', 'load_raw_data_to_bq', 'manual__2025-03-23T10:32:46.314539+00:00', '--job-id', '34', '--raw', '--subdir', 'DAGS_FOLDER/step_two.py', '--cfg-path', '/tmp/tmp7jaspi6h']
[2025-03-23T10:32:49.313+0000] {standard_task_runner.py:88} INFO - Job 34: Subtask load_raw_data_to_bq
[2025-03-23T10:32:49.380+0000] {task_command.py:423} INFO - Running <TaskInstance: load_raw_data_to_bq.load_raw_data_to_bq manual__2025-03-23T10:32:46.314539+00:00 [running]> on host c0ff61c5806f
[2025-03-23T10:32:49.434+0000] {abstractoperator.py:707} ERROR - Exception rendering Jinja template for task 'load_raw_data_to_bq', field 'configuration'. Template: {'query': {'query': '\n    CREATE OR REPLACE TABLE `{{ params.project_id }}.{{ params.dataset_id }}.{{ params.raw_table_id }}`\n    AS\n    SELECT * FROM `your_external_source_here`;  # Replace with actual external source or other SQL queries\n', 'useLegacySql': False, 'parameters': [{'name': 'project_id', 'parameterType': {'type': 'STRING'}, 'parameterValue': {'value': 'dtc-de-course-447820'}}, {'name': 'dataset_id', 'parameterType': {'type': 'STRING'}, 'parameterValue': {'value': 'temp_dataset'}}, {'name': 'raw_table_id', 'parameterType': {'type': 'STRING'}, 'parameterValue': {'value': 'raw_monitoring_locations'}}]}}
Traceback (most recent call last):
  File "/home/airflow/.local/lib/python3.8/site-packages/airflow/models/abstractoperator.py", line 699, in _do_render_template_fields
    rendered_content = self.render_template(
  File "/home/airflow/.local/lib/python3.8/site-packages/airflow/template/templater.py", line 186, in render_template
    return {k: self.render_template(v, context, jinja_env, oids) for k, v in value.items()}
  File "/home/airflow/.local/lib/python3.8/site-packages/airflow/template/templater.py", line 186, in <dictcomp>
    return {k: self.render_template(v, context, jinja_env, oids) for k, v in value.items()}
  File "/home/airflow/.local/lib/python3.8/site-packages/airflow/template/templater.py", line 186, in render_template
    return {k: self.render_template(v, context, jinja_env, oids) for k, v in value.items()}
  File "/home/airflow/.local/lib/python3.8/site-packages/airflow/template/templater.py", line 186, in <dictcomp>
    return {k: self.render_template(v, context, jinja_env, oids) for k, v in value.items()}
  File "/home/airflow/.local/lib/python3.8/site-packages/airflow/template/templater.py", line 174, in render_template
    return self._render(template, context)
  File "/home/airflow/.local/lib/python3.8/site-packages/airflow/models/abstractoperator.py", line 654, in _render
    return super()._render(template, context, dag=dag)
  File "/home/airflow/.local/lib/python3.8/site-packages/airflow/template/templater.py", line 131, in _render
    return render_template_to_string(template, context)
  File "/home/airflow/.local/lib/python3.8/site-packages/airflow/utils/helpers.py", line 289, in render_template_to_string
    return render_template(template, cast(MutableMapping[str, Any], context), native=False)
  File "/home/airflow/.local/lib/python3.8/site-packages/airflow/utils/helpers.py", line 284, in render_template
    return "".join(nodes)
  File "<template>", line 13, in root
  File "/home/airflow/.local/lib/python3.8/site-packages/jinja2/runtime.py", line 852, in _fail_with_undefined_error
    raise self._undefined_exception(self._undefined_message)
jinja2.exceptions.UndefinedError: 'dict object' has no attribute 'project_id'
[2025-03-23T10:32:49.439+0000] {taskinstance.py:2728} ERROR - Task failed with exception
Traceback (most recent call last):
  File "/home/airflow/.local/lib/python3.8/site-packages/airflow/models/taskinstance.py", line 2357, in _run_raw_task
    self._execute_task_with_callbacks(context, test_mode, session=session)
  File "/home/airflow/.local/lib/python3.8/site-packages/airflow/models/taskinstance.py", line 2495, in _execute_task_with_callbacks
    task_orig = self.render_templates(context=context)
  File "/home/airflow/.local/lib/python3.8/site-packages/airflow/models/taskinstance.py", line 2907, in render_templates
    original_task.render_template_fields(context)
  File "/home/airflow/.local/lib/python3.8/site-packages/airflow/models/baseoperator.py", line 1241, in render_template_fields
    self._do_render_template_fields(self, self.template_fields, context, jinja_env, set())
  File "/home/airflow/.local/lib/python3.8/site-packages/airflow/utils/session.py", line 79, in wrapper
    return func(*args, session=session, **kwargs)
  File "/home/airflow/.local/lib/python3.8/site-packages/airflow/models/abstractoperator.py", line 699, in _do_render_template_fields
    rendered_content = self.render_template(
  File "/home/airflow/.local/lib/python3.8/site-packages/airflow/template/templater.py", line 186, in render_template
    return {k: self.render_template(v, context, jinja_env, oids) for k, v in value.items()}
  File "/home/airflow/.local/lib/python3.8/site-packages/airflow/template/templater.py", line 186, in <dictcomp>
    return {k: self.render_template(v, context, jinja_env, oids) for k, v in value.items()}
  File "/home/airflow/.local/lib/python3.8/site-packages/airflow/template/templater.py", line 186, in render_template
    return {k: self.render_template(v, context, jinja_env, oids) for k, v in value.items()}
  File "/home/airflow/.local/lib/python3.8/site-packages/airflow/template/templater.py", line 186, in <dictcomp>
    return {k: self.render_template(v, context, jinja_env, oids) for k, v in value.items()}
  File "/home/airflow/.local/lib/python3.8/site-packages/airflow/template/templater.py", line 174, in render_template
    return self._render(template, context)
  File "/home/airflow/.local/lib/python3.8/site-packages/airflow/models/abstractoperator.py", line 654, in _render
    return super()._render(template, context, dag=dag)
  File "/home/airflow/.local/lib/python3.8/site-packages/airflow/template/templater.py", line 131, in _render
    return render_template_to_string(template, context)
  File "/home/airflow/.local/lib/python3.8/site-packages/airflow/utils/helpers.py", line 289, in render_template_to_string
    return render_template(template, cast(MutableMapping[str, Any], context), native=False)
  File "/home/airflow/.local/lib/python3.8/site-packages/airflow/utils/helpers.py", line 284, in render_template
    return "".join(nodes)
  File "<template>", line 13, in root
  File "/home/airflow/.local/lib/python3.8/site-packages/jinja2/runtime.py", line 852, in _fail_with_undefined_error
    raise self._undefined_exception(self._undefined_message)
jinja2.exceptions.UndefinedError: 'dict object' has no attribute 'project_id'
[2025-03-23T10:32:49.453+0000] {taskinstance.py:1149} INFO - Marking task as FAILED. dag_id=load_raw_data_to_bq, task_id=load_raw_data_to_bq, execution_date=20250323T103246, start_date=20250323T103249, end_date=20250323T103249
[2025-03-23T10:32:49.473+0000] {standard_task_runner.py:107} ERROR - Failed to execute job 34 for task load_raw_data_to_bq ('dict object' has no attribute 'project_id'; 3309)
[2025-03-23T10:32:49.519+0000] {local_task_job_runner.py:234} INFO - Task exited with return code 1
[2025-03-23T10:32:49.538+0000] {taskinstance.py:3309} INFO - 0 downstream tasks scheduled from follow-on schedule check
