[2025-04-09T09:12:48.756+0000] {processor.py:161} INFO - Started process (PID=4366) to work on /opt/airflow/dags/data_load_to_bq.py
[2025-04-09T09:12:48.757+0000] {processor.py:830} INFO - Processing file /opt/airflow/dags/data_load_to_bq.py for tasks to queue
[2025-04-09T09:12:48.759+0000] {logging_mixin.py:188} INFO - [2025-04-09T09:12:48.758+0000] {dagbag.py:540} INFO - Filling up the DagBag from /opt/airflow/dags/data_load_to_bq.py
[2025-04-09T09:12:48.768+0000] {processor.py:840} INFO - DAG(s) 'load_external_and_raw_data_to_bq' retrieved from /opt/airflow/dags/data_load_to_bq.py
[2025-04-09T09:12:48.938+0000] {logging_mixin.py:188} INFO - [2025-04-09T09:12:48.938+0000] {dag.py:3047} INFO - Sync 1 DAGs
[2025-04-09T09:12:48.957+0000] {logging_mixin.py:188} INFO - [2025-04-09T09:12:48.957+0000] {dag.py:3834} INFO - Setting next_dagrun for load_external_and_raw_data_to_bq to None, run_after=None
[2025-04-09T09:12:48.988+0000] {processor.py:183} INFO - Processing /opt/airflow/dags/data_load_to_bq.py took 0.235 seconds
[2025-04-09T09:13:19.302+0000] {processor.py:161} INFO - Started process (PID=4428) to work on /opt/airflow/dags/data_load_to_bq.py
[2025-04-09T09:13:19.304+0000] {processor.py:830} INFO - Processing file /opt/airflow/dags/data_load_to_bq.py for tasks to queue
[2025-04-09T09:13:19.305+0000] {logging_mixin.py:188} INFO - [2025-04-09T09:13:19.305+0000] {dagbag.py:540} INFO - Filling up the DagBag from /opt/airflow/dags/data_load_to_bq.py
[2025-04-09T09:13:19.315+0000] {processor.py:840} INFO - DAG(s) 'load_external_and_raw_data_to_bq' retrieved from /opt/airflow/dags/data_load_to_bq.py
[2025-04-09T09:13:19.342+0000] {logging_mixin.py:188} INFO - [2025-04-09T09:13:19.341+0000] {dag.py:3047} INFO - Sync 1 DAGs
[2025-04-09T09:13:19.354+0000] {logging_mixin.py:188} INFO - [2025-04-09T09:13:19.354+0000] {dag.py:3834} INFO - Setting next_dagrun for load_external_and_raw_data_to_bq to None, run_after=None
[2025-04-09T09:13:19.383+0000] {processor.py:183} INFO - Processing /opt/airflow/dags/data_load_to_bq.py took 0.085 seconds
[2025-04-09T09:13:50.322+0000] {processor.py:161} INFO - Started process (PID=4490) to work on /opt/airflow/dags/data_load_to_bq.py
[2025-04-09T09:13:50.324+0000] {processor.py:830} INFO - Processing file /opt/airflow/dags/data_load_to_bq.py for tasks to queue
[2025-04-09T09:13:50.326+0000] {logging_mixin.py:188} INFO - [2025-04-09T09:13:50.325+0000] {dagbag.py:540} INFO - Filling up the DagBag from /opt/airflow/dags/data_load_to_bq.py
[2025-04-09T09:13:50.336+0000] {processor.py:840} INFO - DAG(s) 'load_external_and_raw_data_to_bq' retrieved from /opt/airflow/dags/data_load_to_bq.py
[2025-04-09T09:13:50.371+0000] {logging_mixin.py:188} INFO - [2025-04-09T09:13:50.370+0000] {dag.py:3047} INFO - Sync 1 DAGs
[2025-04-09T09:13:50.394+0000] {logging_mixin.py:188} INFO - [2025-04-09T09:13:50.394+0000] {dag.py:3834} INFO - Setting next_dagrun for load_external_and_raw_data_to_bq to None, run_after=None
[2025-04-09T09:13:50.442+0000] {processor.py:183} INFO - Processing /opt/airflow/dags/data_load_to_bq.py took 0.125 seconds
[2025-04-09T09:14:21.244+0000] {processor.py:161} INFO - Started process (PID=4552) to work on /opt/airflow/dags/data_load_to_bq.py
[2025-04-09T09:14:21.246+0000] {processor.py:830} INFO - Processing file /opt/airflow/dags/data_load_to_bq.py for tasks to queue
[2025-04-09T09:14:21.248+0000] {logging_mixin.py:188} INFO - [2025-04-09T09:14:21.247+0000] {dagbag.py:540} INFO - Filling up the DagBag from /opt/airflow/dags/data_load_to_bq.py
[2025-04-09T09:14:21.258+0000] {processor.py:840} INFO - DAG(s) 'load_external_and_raw_data_to_bq' retrieved from /opt/airflow/dags/data_load_to_bq.py
[2025-04-09T09:14:21.284+0000] {logging_mixin.py:188} INFO - [2025-04-09T09:14:21.283+0000] {dag.py:3047} INFO - Sync 1 DAGs
[2025-04-09T09:14:21.297+0000] {logging_mixin.py:188} INFO - [2025-04-09T09:14:21.297+0000] {dag.py:3834} INFO - Setting next_dagrun for load_external_and_raw_data_to_bq to None, run_after=None
[2025-04-09T09:14:21.322+0000] {processor.py:183} INFO - Processing /opt/airflow/dags/data_load_to_bq.py took 0.082 seconds
[2025-04-09T09:14:51.859+0000] {processor.py:161} INFO - Started process (PID=4614) to work on /opt/airflow/dags/data_load_to_bq.py
[2025-04-09T09:14:51.860+0000] {processor.py:830} INFO - Processing file /opt/airflow/dags/data_load_to_bq.py for tasks to queue
[2025-04-09T09:14:51.862+0000] {logging_mixin.py:188} INFO - [2025-04-09T09:14:51.861+0000] {dagbag.py:540} INFO - Filling up the DagBag from /opt/airflow/dags/data_load_to_bq.py
[2025-04-09T09:14:51.873+0000] {processor.py:840} INFO - DAG(s) 'load_external_and_raw_data_to_bq' retrieved from /opt/airflow/dags/data_load_to_bq.py
[2025-04-09T09:14:51.898+0000] {logging_mixin.py:188} INFO - [2025-04-09T09:14:51.897+0000] {dag.py:3047} INFO - Sync 1 DAGs
[2025-04-09T09:14:51.915+0000] {logging_mixin.py:188} INFO - [2025-04-09T09:14:51.914+0000] {dag.py:3834} INFO - Setting next_dagrun for load_external_and_raw_data_to_bq to None, run_after=None
[2025-04-09T09:14:51.946+0000] {processor.py:183} INFO - Processing /opt/airflow/dags/data_load_to_bq.py took 0.091 seconds
[2025-04-09T09:15:22.293+0000] {processor.py:161} INFO - Started process (PID=4676) to work on /opt/airflow/dags/data_load_to_bq.py
[2025-04-09T09:15:22.294+0000] {processor.py:830} INFO - Processing file /opt/airflow/dags/data_load_to_bq.py for tasks to queue
[2025-04-09T09:15:22.296+0000] {logging_mixin.py:188} INFO - [2025-04-09T09:15:22.295+0000] {dagbag.py:540} INFO - Filling up the DagBag from /opt/airflow/dags/data_load_to_bq.py
[2025-04-09T09:15:22.310+0000] {processor.py:840} INFO - DAG(s) 'load_external_and_raw_data_to_bq' retrieved from /opt/airflow/dags/data_load_to_bq.py
[2025-04-09T09:15:22.334+0000] {logging_mixin.py:188} INFO - [2025-04-09T09:15:22.333+0000] {dag.py:3047} INFO - Sync 1 DAGs
[2025-04-09T09:15:22.347+0000] {logging_mixin.py:188} INFO - [2025-04-09T09:15:22.346+0000] {dag.py:3834} INFO - Setting next_dagrun for load_external_and_raw_data_to_bq to None, run_after=None
[2025-04-09T09:15:22.373+0000] {processor.py:183} INFO - Processing /opt/airflow/dags/data_load_to_bq.py took 0.086 seconds
[2025-04-09T09:15:52.852+0000] {processor.py:161} INFO - Started process (PID=4738) to work on /opt/airflow/dags/data_load_to_bq.py
[2025-04-09T09:15:52.854+0000] {processor.py:830} INFO - Processing file /opt/airflow/dags/data_load_to_bq.py for tasks to queue
[2025-04-09T09:15:52.855+0000] {logging_mixin.py:188} INFO - [2025-04-09T09:15:52.855+0000] {dagbag.py:540} INFO - Filling up the DagBag from /opt/airflow/dags/data_load_to_bq.py
[2025-04-09T09:15:52.865+0000] {processor.py:840} INFO - DAG(s) 'load_external_and_raw_data_to_bq' retrieved from /opt/airflow/dags/data_load_to_bq.py
[2025-04-09T09:15:52.893+0000] {logging_mixin.py:188} INFO - [2025-04-09T09:15:52.892+0000] {dag.py:3047} INFO - Sync 1 DAGs
[2025-04-09T09:15:52.906+0000] {logging_mixin.py:188} INFO - [2025-04-09T09:15:52.906+0000] {dag.py:3834} INFO - Setting next_dagrun for load_external_and_raw_data_to_bq to None, run_after=None
[2025-04-09T09:15:52.935+0000] {processor.py:183} INFO - Processing /opt/airflow/dags/data_load_to_bq.py took 0.087 seconds
[2025-04-09T09:16:23.632+0000] {processor.py:161} INFO - Started process (PID=4800) to work on /opt/airflow/dags/data_load_to_bq.py
[2025-04-09T09:16:23.634+0000] {processor.py:830} INFO - Processing file /opt/airflow/dags/data_load_to_bq.py for tasks to queue
[2025-04-09T09:16:23.635+0000] {logging_mixin.py:188} INFO - [2025-04-09T09:16:23.634+0000] {dagbag.py:540} INFO - Filling up the DagBag from /opt/airflow/dags/data_load_to_bq.py
[2025-04-09T09:16:23.645+0000] {processor.py:840} INFO - DAG(s) 'load_external_and_raw_data_to_bq' retrieved from /opt/airflow/dags/data_load_to_bq.py
[2025-04-09T09:16:23.671+0000] {logging_mixin.py:188} INFO - [2025-04-09T09:16:23.671+0000] {dag.py:3047} INFO - Sync 1 DAGs
[2025-04-09T09:16:23.685+0000] {logging_mixin.py:188} INFO - [2025-04-09T09:16:23.685+0000] {dag.py:3834} INFO - Setting next_dagrun for load_external_and_raw_data_to_bq to None, run_after=None
[2025-04-09T09:16:23.712+0000] {processor.py:183} INFO - Processing /opt/airflow/dags/data_load_to_bq.py took 0.085 seconds
[2025-04-09T09:16:54.176+0000] {processor.py:161} INFO - Started process (PID=4862) to work on /opt/airflow/dags/data_load_to_bq.py
[2025-04-09T09:16:54.178+0000] {processor.py:830} INFO - Processing file /opt/airflow/dags/data_load_to_bq.py for tasks to queue
[2025-04-09T09:16:54.179+0000] {logging_mixin.py:188} INFO - [2025-04-09T09:16:54.179+0000] {dagbag.py:540} INFO - Filling up the DagBag from /opt/airflow/dags/data_load_to_bq.py
[2025-04-09T09:16:54.189+0000] {processor.py:840} INFO - DAG(s) 'load_external_and_raw_data_to_bq' retrieved from /opt/airflow/dags/data_load_to_bq.py
[2025-04-09T09:16:54.217+0000] {logging_mixin.py:188} INFO - [2025-04-09T09:16:54.216+0000] {dag.py:3047} INFO - Sync 1 DAGs
[2025-04-09T09:16:54.230+0000] {logging_mixin.py:188} INFO - [2025-04-09T09:16:54.230+0000] {dag.py:3834} INFO - Setting next_dagrun for load_external_and_raw_data_to_bq to None, run_after=None
[2025-04-09T09:16:54.255+0000] {processor.py:183} INFO - Processing /opt/airflow/dags/data_load_to_bq.py took 0.083 seconds
[2025-04-09T09:17:24.489+0000] {processor.py:161} INFO - Started process (PID=4924) to work on /opt/airflow/dags/data_load_to_bq.py
[2025-04-09T09:17:24.491+0000] {processor.py:830} INFO - Processing file /opt/airflow/dags/data_load_to_bq.py for tasks to queue
[2025-04-09T09:17:24.492+0000] {logging_mixin.py:188} INFO - [2025-04-09T09:17:24.492+0000] {dagbag.py:540} INFO - Filling up the DagBag from /opt/airflow/dags/data_load_to_bq.py
[2025-04-09T09:17:24.502+0000] {processor.py:840} INFO - DAG(s) 'load_external_and_raw_data_to_bq' retrieved from /opt/airflow/dags/data_load_to_bq.py
[2025-04-09T09:17:24.530+0000] {logging_mixin.py:188} INFO - [2025-04-09T09:17:24.529+0000] {dag.py:3047} INFO - Sync 1 DAGs
[2025-04-09T09:17:24.544+0000] {logging_mixin.py:188} INFO - [2025-04-09T09:17:24.544+0000] {dag.py:3834} INFO - Setting next_dagrun for load_external_and_raw_data_to_bq to None, run_after=None
[2025-04-09T09:17:24.568+0000] {processor.py:183} INFO - Processing /opt/airflow/dags/data_load_to_bq.py took 0.083 seconds
