[2025-04-09T08:37:48.956+0000] {processor.py:161} INFO - Started process (PID=58) to work on /opt/airflow/dags/fetch_data_and_upload_to_gcs.py
[2025-04-09T08:37:48.958+0000] {processor.py:830} INFO - Processing file /opt/airflow/dags/fetch_data_and_upload_to_gcs.py for tasks to queue
[2025-04-09T08:37:48.962+0000] {logging_mixin.py:188} INFO - [2025-04-09T08:37:48.961+0000] {dagbag.py:540} INFO - Filling up the DagBag from /opt/airflow/dags/fetch_data_and_upload_to_gcs.py
[2025-04-09T08:37:48.983+0000] {processor.py:840} INFO - DAG(s) 'fetch_data_and_upload_to_gcs' retrieved from /opt/airflow/dags/fetch_data_and_upload_to_gcs.py
[2025-04-09T08:37:49.291+0000] {logging_mixin.py:188} INFO - [2025-04-09T08:37:49.289+0000] {dag.py:3047} INFO - Sync 1 DAGs
[2025-04-09T08:37:49.320+0000] {logging_mixin.py:188} INFO - [2025-04-09T08:37:49.320+0000] {dag.py:3834} INFO - Setting next_dagrun for fetch_data_and_upload_to_gcs to None, run_after=None
[2025-04-09T08:37:49.385+0000] {processor.py:183} INFO - Processing /opt/airflow/dags/fetch_data_and_upload_to_gcs.py took 0.434 seconds
[2025-04-09T08:38:20.056+0000] {processor.py:161} INFO - Started process (PID=126) to work on /opt/airflow/dags/fetch_data_and_upload_to_gcs.py
[2025-04-09T08:38:20.057+0000] {processor.py:830} INFO - Processing file /opt/airflow/dags/fetch_data_and_upload_to_gcs.py for tasks to queue
[2025-04-09T08:38:20.059+0000] {logging_mixin.py:188} INFO - [2025-04-09T08:38:20.059+0000] {dagbag.py:540} INFO - Filling up the DagBag from /opt/airflow/dags/fetch_data_and_upload_to_gcs.py
[2025-04-09T08:38:20.065+0000] {processor.py:840} INFO - DAG(s) 'fetch_data_and_upload_to_gcs' retrieved from /opt/airflow/dags/fetch_data_and_upload_to_gcs.py
[2025-04-09T08:38:20.089+0000] {logging_mixin.py:188} INFO - [2025-04-09T08:38:20.088+0000] {dag.py:3047} INFO - Sync 1 DAGs
[2025-04-09T08:38:20.101+0000] {logging_mixin.py:188} INFO - [2025-04-09T08:38:20.100+0000] {dag.py:3834} INFO - Setting next_dagrun for fetch_data_and_upload_to_gcs to None, run_after=None
[2025-04-09T08:38:20.124+0000] {processor.py:183} INFO - Processing /opt/airflow/dags/fetch_data_and_upload_to_gcs.py took 0.072 seconds
[2025-04-09T08:38:50.548+0000] {processor.py:161} INFO - Started process (PID=188) to work on /opt/airflow/dags/fetch_data_and_upload_to_gcs.py
[2025-04-09T08:38:50.550+0000] {processor.py:830} INFO - Processing file /opt/airflow/dags/fetch_data_and_upload_to_gcs.py for tasks to queue
[2025-04-09T08:38:50.552+0000] {logging_mixin.py:188} INFO - [2025-04-09T08:38:50.552+0000] {dagbag.py:540} INFO - Filling up the DagBag from /opt/airflow/dags/fetch_data_and_upload_to_gcs.py
[2025-04-09T08:38:50.558+0000] {processor.py:840} INFO - DAG(s) 'fetch_data_and_upload_to_gcs' retrieved from /opt/airflow/dags/fetch_data_and_upload_to_gcs.py
[2025-04-09T08:38:50.586+0000] {logging_mixin.py:188} INFO - [2025-04-09T08:38:50.586+0000] {dag.py:3047} INFO - Sync 1 DAGs
[2025-04-09T08:38:50.600+0000] {logging_mixin.py:188} INFO - [2025-04-09T08:38:50.600+0000] {dag.py:3834} INFO - Setting next_dagrun for fetch_data_and_upload_to_gcs to None, run_after=None
[2025-04-09T08:38:50.627+0000] {processor.py:183} INFO - Processing /opt/airflow/dags/fetch_data_and_upload_to_gcs.py took 0.082 seconds
[2025-04-09T08:39:21.040+0000] {processor.py:161} INFO - Started process (PID=250) to work on /opt/airflow/dags/fetch_data_and_upload_to_gcs.py
[2025-04-09T08:39:21.044+0000] {processor.py:830} INFO - Processing file /opt/airflow/dags/fetch_data_and_upload_to_gcs.py for tasks to queue
[2025-04-09T08:39:21.046+0000] {logging_mixin.py:188} INFO - [2025-04-09T08:39:21.046+0000] {dagbag.py:540} INFO - Filling up the DagBag from /opt/airflow/dags/fetch_data_and_upload_to_gcs.py
[2025-04-09T08:39:21.052+0000] {processor.py:840} INFO - DAG(s) 'fetch_data_and_upload_to_gcs' retrieved from /opt/airflow/dags/fetch_data_and_upload_to_gcs.py
[2025-04-09T08:39:21.077+0000] {logging_mixin.py:188} INFO - [2025-04-09T08:39:21.076+0000] {dag.py:3047} INFO - Sync 1 DAGs
[2025-04-09T08:39:21.088+0000] {logging_mixin.py:188} INFO - [2025-04-09T08:39:21.088+0000] {dag.py:3834} INFO - Setting next_dagrun for fetch_data_and_upload_to_gcs to None, run_after=None
[2025-04-09T08:39:21.113+0000] {processor.py:183} INFO - Processing /opt/airflow/dags/fetch_data_and_upload_to_gcs.py took 0.077 seconds
[2025-04-09T08:39:51.701+0000] {processor.py:161} INFO - Started process (PID=312) to work on /opt/airflow/dags/fetch_data_and_upload_to_gcs.py
[2025-04-09T08:39:51.703+0000] {processor.py:830} INFO - Processing file /opt/airflow/dags/fetch_data_and_upload_to_gcs.py for tasks to queue
[2025-04-09T08:39:51.705+0000] {logging_mixin.py:188} INFO - [2025-04-09T08:39:51.705+0000] {dagbag.py:540} INFO - Filling up the DagBag from /opt/airflow/dags/fetch_data_and_upload_to_gcs.py
[2025-04-09T08:39:51.711+0000] {processor.py:840} INFO - DAG(s) 'fetch_data_and_upload_to_gcs' retrieved from /opt/airflow/dags/fetch_data_and_upload_to_gcs.py
[2025-04-09T08:39:51.734+0000] {logging_mixin.py:188} INFO - [2025-04-09T08:39:51.734+0000] {dag.py:3047} INFO - Sync 1 DAGs
[2025-04-09T08:39:51.747+0000] {logging_mixin.py:188} INFO - [2025-04-09T08:39:51.747+0000] {dag.py:3834} INFO - Setting next_dagrun for fetch_data_and_upload_to_gcs to None, run_after=None
[2025-04-09T08:39:51.772+0000] {processor.py:183} INFO - Processing /opt/airflow/dags/fetch_data_and_upload_to_gcs.py took 0.074 seconds
[2025-04-09T08:40:21.840+0000] {processor.py:161} INFO - Started process (PID=374) to work on /opt/airflow/dags/fetch_data_and_upload_to_gcs.py
[2025-04-09T08:40:21.841+0000] {processor.py:830} INFO - Processing file /opt/airflow/dags/fetch_data_and_upload_to_gcs.py for tasks to queue
[2025-04-09T08:40:21.845+0000] {logging_mixin.py:188} INFO - [2025-04-09T08:40:21.844+0000] {dagbag.py:540} INFO - Filling up the DagBag from /opt/airflow/dags/fetch_data_and_upload_to_gcs.py
[2025-04-09T08:40:21.852+0000] {processor.py:840} INFO - DAG(s) 'fetch_data_and_upload_to_gcs' retrieved from /opt/airflow/dags/fetch_data_and_upload_to_gcs.py
[2025-04-09T08:40:21.879+0000] {logging_mixin.py:188} INFO - [2025-04-09T08:40:21.878+0000] {dag.py:3047} INFO - Sync 1 DAGs
[2025-04-09T08:40:21.891+0000] {logging_mixin.py:188} INFO - [2025-04-09T08:40:21.891+0000] {dag.py:3834} INFO - Setting next_dagrun for fetch_data_and_upload_to_gcs to None, run_after=None
[2025-04-09T08:40:21.914+0000] {processor.py:183} INFO - Processing /opt/airflow/dags/fetch_data_and_upload_to_gcs.py took 0.078 seconds
[2025-04-09T08:40:51.980+0000] {processor.py:161} INFO - Started process (PID=436) to work on /opt/airflow/dags/fetch_data_and_upload_to_gcs.py
[2025-04-09T08:40:51.982+0000] {processor.py:830} INFO - Processing file /opt/airflow/dags/fetch_data_and_upload_to_gcs.py for tasks to queue
[2025-04-09T08:40:51.984+0000] {logging_mixin.py:188} INFO - [2025-04-09T08:40:51.984+0000] {dagbag.py:540} INFO - Filling up the DagBag from /opt/airflow/dags/fetch_data_and_upload_to_gcs.py
[2025-04-09T08:40:51.993+0000] {processor.py:840} INFO - DAG(s) 'fetch_data_and_upload_to_gcs' retrieved from /opt/airflow/dags/fetch_data_and_upload_to_gcs.py
[2025-04-09T08:40:52.018+0000] {logging_mixin.py:188} INFO - [2025-04-09T08:40:52.017+0000] {dag.py:3047} INFO - Sync 1 DAGs
[2025-04-09T08:40:52.033+0000] {logging_mixin.py:188} INFO - [2025-04-09T08:40:52.032+0000] {dag.py:3834} INFO - Setting next_dagrun for fetch_data_and_upload_to_gcs to None, run_after=None
[2025-04-09T08:40:52.058+0000] {processor.py:183} INFO - Processing /opt/airflow/dags/fetch_data_and_upload_to_gcs.py took 0.082 seconds
[2025-04-09T08:41:22.345+0000] {processor.py:161} INFO - Started process (PID=498) to work on /opt/airflow/dags/fetch_data_and_upload_to_gcs.py
[2025-04-09T08:41:22.347+0000] {processor.py:830} INFO - Processing file /opt/airflow/dags/fetch_data_and_upload_to_gcs.py for tasks to queue
[2025-04-09T08:41:22.350+0000] {logging_mixin.py:188} INFO - [2025-04-09T08:41:22.350+0000] {dagbag.py:540} INFO - Filling up the DagBag from /opt/airflow/dags/fetch_data_and_upload_to_gcs.py
[2025-04-09T08:41:22.360+0000] {processor.py:840} INFO - DAG(s) 'fetch_data_and_upload_to_gcs' retrieved from /opt/airflow/dags/fetch_data_and_upload_to_gcs.py
[2025-04-09T08:41:22.390+0000] {logging_mixin.py:188} INFO - [2025-04-09T08:41:22.389+0000] {dag.py:3047} INFO - Sync 1 DAGs
[2025-04-09T08:41:22.406+0000] {logging_mixin.py:188} INFO - [2025-04-09T08:41:22.406+0000] {dag.py:3834} INFO - Setting next_dagrun for fetch_data_and_upload_to_gcs to None, run_after=None
[2025-04-09T08:41:22.433+0000] {processor.py:183} INFO - Processing /opt/airflow/dags/fetch_data_and_upload_to_gcs.py took 0.092 seconds
[2025-04-09T08:41:52.768+0000] {processor.py:161} INFO - Started process (PID=560) to work on /opt/airflow/dags/fetch_data_and_upload_to_gcs.py
[2025-04-09T08:41:52.769+0000] {processor.py:830} INFO - Processing file /opt/airflow/dags/fetch_data_and_upload_to_gcs.py for tasks to queue
[2025-04-09T08:41:52.772+0000] {logging_mixin.py:188} INFO - [2025-04-09T08:41:52.771+0000] {dagbag.py:540} INFO - Filling up the DagBag from /opt/airflow/dags/fetch_data_and_upload_to_gcs.py
[2025-04-09T08:41:52.778+0000] {processor.py:840} INFO - DAG(s) 'fetch_data_and_upload_to_gcs' retrieved from /opt/airflow/dags/fetch_data_and_upload_to_gcs.py
[2025-04-09T08:41:52.804+0000] {logging_mixin.py:188} INFO - [2025-04-09T08:41:52.803+0000] {dag.py:3047} INFO - Sync 1 DAGs
[2025-04-09T08:41:52.819+0000] {logging_mixin.py:188} INFO - [2025-04-09T08:41:52.819+0000] {dag.py:3834} INFO - Setting next_dagrun for fetch_data_and_upload_to_gcs to None, run_after=None
[2025-04-09T08:41:52.846+0000] {processor.py:183} INFO - Processing /opt/airflow/dags/fetch_data_and_upload_to_gcs.py took 0.082 seconds
[2025-04-09T08:42:23.287+0000] {processor.py:161} INFO - Started process (PID=622) to work on /opt/airflow/dags/fetch_data_and_upload_to_gcs.py
[2025-04-09T08:42:23.289+0000] {processor.py:830} INFO - Processing file /opt/airflow/dags/fetch_data_and_upload_to_gcs.py for tasks to queue
[2025-04-09T08:42:23.292+0000] {logging_mixin.py:188} INFO - [2025-04-09T08:42:23.292+0000] {dagbag.py:540} INFO - Filling up the DagBag from /opt/airflow/dags/fetch_data_and_upload_to_gcs.py
[2025-04-09T08:42:23.298+0000] {processor.py:840} INFO - DAG(s) 'fetch_data_and_upload_to_gcs' retrieved from /opt/airflow/dags/fetch_data_and_upload_to_gcs.py
[2025-04-09T08:42:23.320+0000] {logging_mixin.py:188} INFO - [2025-04-09T08:42:23.320+0000] {dag.py:3047} INFO - Sync 1 DAGs
[2025-04-09T08:42:23.334+0000] {logging_mixin.py:188} INFO - [2025-04-09T08:42:23.333+0000] {dag.py:3834} INFO - Setting next_dagrun for fetch_data_and_upload_to_gcs to None, run_after=None
[2025-04-09T08:42:23.358+0000] {processor.py:183} INFO - Processing /opt/airflow/dags/fetch_data_and_upload_to_gcs.py took 0.075 seconds
[2025-04-09T08:42:54.132+0000] {processor.py:161} INFO - Started process (PID=684) to work on /opt/airflow/dags/fetch_data_and_upload_to_gcs.py
[2025-04-09T08:42:54.134+0000] {processor.py:830} INFO - Processing file /opt/airflow/dags/fetch_data_and_upload_to_gcs.py for tasks to queue
[2025-04-09T08:42:54.137+0000] {logging_mixin.py:188} INFO - [2025-04-09T08:42:54.137+0000] {dagbag.py:540} INFO - Filling up the DagBag from /opt/airflow/dags/fetch_data_and_upload_to_gcs.py
[2025-04-09T08:42:54.147+0000] {processor.py:840} INFO - DAG(s) 'fetch_data_and_upload_to_gcs' retrieved from /opt/airflow/dags/fetch_data_and_upload_to_gcs.py
[2025-04-09T08:42:54.173+0000] {logging_mixin.py:188} INFO - [2025-04-09T08:42:54.173+0000] {dag.py:3047} INFO - Sync 1 DAGs
[2025-04-09T08:42:54.188+0000] {logging_mixin.py:188} INFO - [2025-04-09T08:42:54.188+0000] {dag.py:3834} INFO - Setting next_dagrun for fetch_data_and_upload_to_gcs to None, run_after=None
[2025-04-09T08:42:54.213+0000] {processor.py:183} INFO - Processing /opt/airflow/dags/fetch_data_and_upload_to_gcs.py took 0.086 seconds
[2025-04-09T08:43:24.286+0000] {processor.py:161} INFO - Started process (PID=746) to work on /opt/airflow/dags/fetch_data_and_upload_to_gcs.py
[2025-04-09T08:43:24.288+0000] {processor.py:830} INFO - Processing file /opt/airflow/dags/fetch_data_and_upload_to_gcs.py for tasks to queue
[2025-04-09T08:43:24.290+0000] {logging_mixin.py:188} INFO - [2025-04-09T08:43:24.290+0000] {dagbag.py:540} INFO - Filling up the DagBag from /opt/airflow/dags/fetch_data_and_upload_to_gcs.py
[2025-04-09T08:43:24.297+0000] {processor.py:840} INFO - DAG(s) 'fetch_data_and_upload_to_gcs' retrieved from /opt/airflow/dags/fetch_data_and_upload_to_gcs.py
[2025-04-09T08:43:24.322+0000] {logging_mixin.py:188} INFO - [2025-04-09T08:43:24.321+0000] {dag.py:3047} INFO - Sync 1 DAGs
[2025-04-09T08:43:24.338+0000] {logging_mixin.py:188} INFO - [2025-04-09T08:43:24.337+0000] {dag.py:3834} INFO - Setting next_dagrun for fetch_data_and_upload_to_gcs to None, run_after=None
[2025-04-09T08:43:24.362+0000] {processor.py:183} INFO - Processing /opt/airflow/dags/fetch_data_and_upload_to_gcs.py took 0.080 seconds
[2025-04-09T08:43:54.454+0000] {processor.py:161} INFO - Started process (PID=808) to work on /opt/airflow/dags/fetch_data_and_upload_to_gcs.py
[2025-04-09T08:43:54.455+0000] {processor.py:830} INFO - Processing file /opt/airflow/dags/fetch_data_and_upload_to_gcs.py for tasks to queue
[2025-04-09T08:43:54.458+0000] {logging_mixin.py:188} INFO - [2025-04-09T08:43:54.458+0000] {dagbag.py:540} INFO - Filling up the DagBag from /opt/airflow/dags/fetch_data_and_upload_to_gcs.py
[2025-04-09T08:43:54.466+0000] {processor.py:840} INFO - DAG(s) 'fetch_data_and_upload_to_gcs' retrieved from /opt/airflow/dags/fetch_data_and_upload_to_gcs.py
[2025-04-09T08:43:54.489+0000] {logging_mixin.py:188} INFO - [2025-04-09T08:43:54.488+0000] {dag.py:3047} INFO - Sync 1 DAGs
[2025-04-09T08:43:54.503+0000] {logging_mixin.py:188} INFO - [2025-04-09T08:43:54.502+0000] {dag.py:3834} INFO - Setting next_dagrun for fetch_data_and_upload_to_gcs to None, run_after=None
[2025-04-09T08:43:54.526+0000] {processor.py:183} INFO - Processing /opt/airflow/dags/fetch_data_and_upload_to_gcs.py took 0.077 seconds
[2025-04-09T08:44:24.599+0000] {processor.py:161} INFO - Started process (PID=870) to work on /opt/airflow/dags/fetch_data_and_upload_to_gcs.py
[2025-04-09T08:44:24.600+0000] {processor.py:830} INFO - Processing file /opt/airflow/dags/fetch_data_and_upload_to_gcs.py for tasks to queue
[2025-04-09T08:44:24.602+0000] {logging_mixin.py:188} INFO - [2025-04-09T08:44:24.602+0000] {dagbag.py:540} INFO - Filling up the DagBag from /opt/airflow/dags/fetch_data_and_upload_to_gcs.py
[2025-04-09T08:44:24.608+0000] {processor.py:840} INFO - DAG(s) 'fetch_data_and_upload_to_gcs' retrieved from /opt/airflow/dags/fetch_data_and_upload_to_gcs.py
[2025-04-09T08:44:24.629+0000] {logging_mixin.py:188} INFO - [2025-04-09T08:44:24.628+0000] {dag.py:3047} INFO - Sync 1 DAGs
[2025-04-09T08:44:24.641+0000] {logging_mixin.py:188} INFO - [2025-04-09T08:44:24.641+0000] {dag.py:3834} INFO - Setting next_dagrun for fetch_data_and_upload_to_gcs to None, run_after=None
[2025-04-09T08:44:24.664+0000] {processor.py:183} INFO - Processing /opt/airflow/dags/fetch_data_and_upload_to_gcs.py took 0.069 seconds
[2025-04-09T08:44:55.733+0000] {processor.py:161} INFO - Started process (PID=932) to work on /opt/airflow/dags/fetch_data_and_upload_to_gcs.py
[2025-04-09T08:44:55.735+0000] {processor.py:830} INFO - Processing file /opt/airflow/dags/fetch_data_and_upload_to_gcs.py for tasks to queue
[2025-04-09T08:44:55.737+0000] {logging_mixin.py:188} INFO - [2025-04-09T08:44:55.737+0000] {dagbag.py:540} INFO - Filling up the DagBag from /opt/airflow/dags/fetch_data_and_upload_to_gcs.py
[2025-04-09T08:44:55.744+0000] {processor.py:840} INFO - DAG(s) 'fetch_data_and_upload_to_gcs' retrieved from /opt/airflow/dags/fetch_data_and_upload_to_gcs.py
[2025-04-09T08:44:55.765+0000] {logging_mixin.py:188} INFO - [2025-04-09T08:44:55.765+0000] {dag.py:3047} INFO - Sync 1 DAGs
[2025-04-09T08:44:55.781+0000] {logging_mixin.py:188} INFO - [2025-04-09T08:44:55.780+0000] {dag.py:3834} INFO - Setting next_dagrun for fetch_data_and_upload_to_gcs to None, run_after=None
[2025-04-09T08:44:55.807+0000] {processor.py:183} INFO - Processing /opt/airflow/dags/fetch_data_and_upload_to_gcs.py took 0.078 seconds
[2025-04-09T08:45:26.139+0000] {processor.py:161} INFO - Started process (PID=994) to work on /opt/airflow/dags/fetch_data_and_upload_to_gcs.py
[2025-04-09T08:45:26.140+0000] {processor.py:830} INFO - Processing file /opt/airflow/dags/fetch_data_and_upload_to_gcs.py for tasks to queue
[2025-04-09T08:45:26.143+0000] {logging_mixin.py:188} INFO - [2025-04-09T08:45:26.142+0000] {dagbag.py:540} INFO - Filling up the DagBag from /opt/airflow/dags/fetch_data_and_upload_to_gcs.py
[2025-04-09T08:45:26.149+0000] {processor.py:840} INFO - DAG(s) 'fetch_data_and_upload_to_gcs' retrieved from /opt/airflow/dags/fetch_data_and_upload_to_gcs.py
[2025-04-09T08:45:26.172+0000] {logging_mixin.py:188} INFO - [2025-04-09T08:45:26.172+0000] {dag.py:3047} INFO - Sync 1 DAGs
[2025-04-09T08:45:26.189+0000] {logging_mixin.py:188} INFO - [2025-04-09T08:45:26.189+0000] {dag.py:3834} INFO - Setting next_dagrun for fetch_data_and_upload_to_gcs to None, run_after=None
[2025-04-09T08:45:26.214+0000] {processor.py:183} INFO - Processing /opt/airflow/dags/fetch_data_and_upload_to_gcs.py took 0.080 seconds
[2025-04-09T08:45:56.334+0000] {processor.py:161} INFO - Started process (PID=1056) to work on /opt/airflow/dags/fetch_data_and_upload_to_gcs.py
[2025-04-09T08:45:56.336+0000] {processor.py:830} INFO - Processing file /opt/airflow/dags/fetch_data_and_upload_to_gcs.py for tasks to queue
[2025-04-09T08:45:56.339+0000] {logging_mixin.py:188} INFO - [2025-04-09T08:45:56.338+0000] {dagbag.py:540} INFO - Filling up the DagBag from /opt/airflow/dags/fetch_data_and_upload_to_gcs.py
[2025-04-09T08:45:56.345+0000] {processor.py:840} INFO - DAG(s) 'fetch_data_and_upload_to_gcs' retrieved from /opt/airflow/dags/fetch_data_and_upload_to_gcs.py
[2025-04-09T08:45:56.367+0000] {logging_mixin.py:188} INFO - [2025-04-09T08:45:56.367+0000] {dag.py:3047} INFO - Sync 1 DAGs
[2025-04-09T08:45:56.380+0000] {logging_mixin.py:188} INFO - [2025-04-09T08:45:56.380+0000] {dag.py:3834} INFO - Setting next_dagrun for fetch_data_and_upload_to_gcs to None, run_after=None
[2025-04-09T08:45:56.409+0000] {processor.py:183} INFO - Processing /opt/airflow/dags/fetch_data_and_upload_to_gcs.py took 0.079 seconds
[2025-04-09T08:46:26.872+0000] {processor.py:161} INFO - Started process (PID=1124) to work on /opt/airflow/dags/fetch_data_and_upload_to_gcs.py
[2025-04-09T08:46:26.873+0000] {processor.py:830} INFO - Processing file /opt/airflow/dags/fetch_data_and_upload_to_gcs.py for tasks to queue
[2025-04-09T08:46:26.876+0000] {logging_mixin.py:188} INFO - [2025-04-09T08:46:26.875+0000] {dagbag.py:540} INFO - Filling up the DagBag from /opt/airflow/dags/fetch_data_and_upload_to_gcs.py
[2025-04-09T08:46:26.884+0000] {processor.py:840} INFO - DAG(s) 'fetch_data_and_upload_to_gcs' retrieved from /opt/airflow/dags/fetch_data_and_upload_to_gcs.py
[2025-04-09T08:46:26.907+0000] {logging_mixin.py:188} INFO - [2025-04-09T08:46:26.907+0000] {dag.py:3047} INFO - Sync 1 DAGs
[2025-04-09T08:46:26.922+0000] {logging_mixin.py:188} INFO - [2025-04-09T08:46:26.921+0000] {dag.py:3834} INFO - Setting next_dagrun for fetch_data_and_upload_to_gcs to None, run_after=None
[2025-04-09T08:46:26.947+0000] {processor.py:183} INFO - Processing /opt/airflow/dags/fetch_data_and_upload_to_gcs.py took 0.079 seconds
[2025-04-09T08:46:57.755+0000] {processor.py:161} INFO - Started process (PID=1189) to work on /opt/airflow/dags/fetch_data_and_upload_to_gcs.py
[2025-04-09T08:46:57.757+0000] {processor.py:830} INFO - Processing file /opt/airflow/dags/fetch_data_and_upload_to_gcs.py for tasks to queue
[2025-04-09T08:46:57.760+0000] {logging_mixin.py:188} INFO - [2025-04-09T08:46:57.759+0000] {dagbag.py:540} INFO - Filling up the DagBag from /opt/airflow/dags/fetch_data_and_upload_to_gcs.py
[2025-04-09T08:46:57.769+0000] {processor.py:840} INFO - DAG(s) 'fetch_data_and_upload_to_gcs' retrieved from /opt/airflow/dags/fetch_data_and_upload_to_gcs.py
[2025-04-09T08:46:57.795+0000] {logging_mixin.py:188} INFO - [2025-04-09T08:46:57.795+0000] {dag.py:3047} INFO - Sync 1 DAGs
[2025-04-09T08:46:57.815+0000] {logging_mixin.py:188} INFO - [2025-04-09T08:46:57.814+0000] {dag.py:3834} INFO - Setting next_dagrun for fetch_data_and_upload_to_gcs to None, run_after=None
[2025-04-09T08:46:57.847+0000] {processor.py:183} INFO - Processing /opt/airflow/dags/fetch_data_and_upload_to_gcs.py took 0.098 seconds
[2025-04-09T08:47:28.008+0000] {processor.py:161} INFO - Started process (PID=1263) to work on /opt/airflow/dags/fetch_data_and_upload_to_gcs.py
[2025-04-09T08:47:28.010+0000] {processor.py:830} INFO - Processing file /opt/airflow/dags/fetch_data_and_upload_to_gcs.py for tasks to queue
[2025-04-09T08:47:28.013+0000] {logging_mixin.py:188} INFO - [2025-04-09T08:47:28.012+0000] {dagbag.py:540} INFO - Filling up the DagBag from /opt/airflow/dags/fetch_data_and_upload_to_gcs.py
[2025-04-09T08:47:28.019+0000] {processor.py:840} INFO - DAG(s) 'fetch_data_and_upload_to_gcs' retrieved from /opt/airflow/dags/fetch_data_and_upload_to_gcs.py
[2025-04-09T08:47:28.039+0000] {logging_mixin.py:188} INFO - [2025-04-09T08:47:28.038+0000] {dag.py:3047} INFO - Sync 1 DAGs
[2025-04-09T08:47:28.051+0000] {logging_mixin.py:188} INFO - [2025-04-09T08:47:28.051+0000] {dag.py:3834} INFO - Setting next_dagrun for fetch_data_and_upload_to_gcs to None, run_after=None
[2025-04-09T08:47:28.073+0000] {processor.py:183} INFO - Processing /opt/airflow/dags/fetch_data_and_upload_to_gcs.py took 0.069 seconds
[2025-04-09T08:47:58.715+0000] {processor.py:161} INFO - Started process (PID=1323) to work on /opt/airflow/dags/fetch_data_and_upload_to_gcs.py
[2025-04-09T08:47:58.716+0000] {processor.py:830} INFO - Processing file /opt/airflow/dags/fetch_data_and_upload_to_gcs.py for tasks to queue
[2025-04-09T08:47:58.720+0000] {logging_mixin.py:188} INFO - [2025-04-09T08:47:58.719+0000] {dagbag.py:540} INFO - Filling up the DagBag from /opt/airflow/dags/fetch_data_and_upload_to_gcs.py
[2025-04-09T08:47:58.729+0000] {processor.py:840} INFO - DAG(s) 'fetch_data_and_upload_to_gcs' retrieved from /opt/airflow/dags/fetch_data_and_upload_to_gcs.py
[2025-04-09T08:47:58.755+0000] {logging_mixin.py:188} INFO - [2025-04-09T08:47:58.754+0000] {dag.py:3047} INFO - Sync 1 DAGs
[2025-04-09T08:47:56.262+0000] {logging_mixin.py:188} INFO - [2025-04-09T08:47:56.262+0000] {dag.py:3834} INFO - Setting next_dagrun for fetch_data_and_upload_to_gcs to None, run_after=None
[2025-04-09T08:47:56.288+0000] {processor.py:183} INFO - Processing /opt/airflow/dags/fetch_data_and_upload_to_gcs.py took 0.088 seconds
[2025-04-09T08:48:26.859+0000] {processor.py:161} INFO - Started process (PID=1367) to work on /opt/airflow/dags/fetch_data_and_upload_to_gcs.py
[2025-04-09T08:48:26.861+0000] {processor.py:830} INFO - Processing file /opt/airflow/dags/fetch_data_and_upload_to_gcs.py for tasks to queue
[2025-04-09T08:48:26.864+0000] {logging_mixin.py:188} INFO - [2025-04-09T08:48:26.863+0000] {dagbag.py:540} INFO - Filling up the DagBag from /opt/airflow/dags/fetch_data_and_upload_to_gcs.py
[2025-04-09T08:48:26.871+0000] {processor.py:840} INFO - DAG(s) 'fetch_data_and_upload_to_gcs' retrieved from /opt/airflow/dags/fetch_data_and_upload_to_gcs.py
[2025-04-09T08:48:26.901+0000] {logging_mixin.py:188} INFO - [2025-04-09T08:48:26.900+0000] {dag.py:3047} INFO - Sync 1 DAGs
[2025-04-09T08:48:26.916+0000] {logging_mixin.py:188} INFO - [2025-04-09T08:48:26.916+0000] {dag.py:3834} INFO - Setting next_dagrun for fetch_data_and_upload_to_gcs to None, run_after=None
[2025-04-09T08:48:26.948+0000] {processor.py:183} INFO - Processing /opt/airflow/dags/fetch_data_and_upload_to_gcs.py took 0.095 seconds
[2025-04-09T08:48:57.105+0000] {processor.py:161} INFO - Started process (PID=1429) to work on /opt/airflow/dags/fetch_data_and_upload_to_gcs.py
[2025-04-09T08:48:57.107+0000] {processor.py:830} INFO - Processing file /opt/airflow/dags/fetch_data_and_upload_to_gcs.py for tasks to queue
[2025-04-09T08:48:57.109+0000] {logging_mixin.py:188} INFO - [2025-04-09T08:48:57.109+0000] {dagbag.py:540} INFO - Filling up the DagBag from /opt/airflow/dags/fetch_data_and_upload_to_gcs.py
[2025-04-09T08:48:57.116+0000] {processor.py:840} INFO - DAG(s) 'fetch_data_and_upload_to_gcs' retrieved from /opt/airflow/dags/fetch_data_and_upload_to_gcs.py
[2025-04-09T08:48:57.142+0000] {logging_mixin.py:188} INFO - [2025-04-09T08:48:57.142+0000] {dag.py:3047} INFO - Sync 1 DAGs
[2025-04-09T08:48:57.155+0000] {logging_mixin.py:188} INFO - [2025-04-09T08:48:57.155+0000] {dag.py:3834} INFO - Setting next_dagrun for fetch_data_and_upload_to_gcs to None, run_after=None
[2025-04-09T08:48:57.182+0000] {processor.py:183} INFO - Processing /opt/airflow/dags/fetch_data_and_upload_to_gcs.py took 0.082 seconds
[2025-04-09T08:49:27.354+0000] {processor.py:161} INFO - Started process (PID=1491) to work on /opt/airflow/dags/fetch_data_and_upload_to_gcs.py
[2025-04-09T08:49:27.356+0000] {processor.py:830} INFO - Processing file /opt/airflow/dags/fetch_data_and_upload_to_gcs.py for tasks to queue
[2025-04-09T08:49:27.358+0000] {logging_mixin.py:188} INFO - [2025-04-09T08:49:27.358+0000] {dagbag.py:540} INFO - Filling up the DagBag from /opt/airflow/dags/fetch_data_and_upload_to_gcs.py
[2025-04-09T08:49:27.365+0000] {processor.py:840} INFO - DAG(s) 'fetch_data_and_upload_to_gcs' retrieved from /opt/airflow/dags/fetch_data_and_upload_to_gcs.py
[2025-04-09T08:49:27.394+0000] {logging_mixin.py:188} INFO - [2025-04-09T08:49:27.393+0000] {dag.py:3047} INFO - Sync 1 DAGs
[2025-04-09T08:49:27.410+0000] {logging_mixin.py:188} INFO - [2025-04-09T08:49:27.409+0000] {dag.py:3834} INFO - Setting next_dagrun for fetch_data_and_upload_to_gcs to None, run_after=None
[2025-04-09T08:49:27.438+0000] {processor.py:183} INFO - Processing /opt/airflow/dags/fetch_data_and_upload_to_gcs.py took 0.088 seconds
[2025-04-09T08:49:57.980+0000] {processor.py:161} INFO - Started process (PID=1559) to work on /opt/airflow/dags/fetch_data_and_upload_to_gcs.py
[2025-04-09T08:49:57.983+0000] {processor.py:830} INFO - Processing file /opt/airflow/dags/fetch_data_and_upload_to_gcs.py for tasks to queue
[2025-04-09T08:49:57.986+0000] {logging_mixin.py:188} INFO - [2025-04-09T08:49:57.986+0000] {dagbag.py:540} INFO - Filling up the DagBag from /opt/airflow/dags/fetch_data_and_upload_to_gcs.py
[2025-04-09T08:49:57.994+0000] {processor.py:840} INFO - DAG(s) 'fetch_data_and_upload_to_gcs' retrieved from /opt/airflow/dags/fetch_data_and_upload_to_gcs.py
[2025-04-09T08:49:58.027+0000] {logging_mixin.py:188} INFO - [2025-04-09T08:49:58.027+0000] {dag.py:3047} INFO - Sync 1 DAGs
[2025-04-09T08:49:58.056+0000] {logging_mixin.py:188} INFO - [2025-04-09T08:49:58.056+0000] {dag.py:3834} INFO - Setting next_dagrun for fetch_data_and_upload_to_gcs to None, run_after=None
[2025-04-09T08:49:58.085+0000] {processor.py:183} INFO - Processing /opt/airflow/dags/fetch_data_and_upload_to_gcs.py took 0.110 seconds
[2025-04-09T08:50:28.464+0000] {processor.py:161} INFO - Started process (PID=1625) to work on /opt/airflow/dags/fetch_data_and_upload_to_gcs.py
[2025-04-09T08:50:28.466+0000] {processor.py:830} INFO - Processing file /opt/airflow/dags/fetch_data_and_upload_to_gcs.py for tasks to queue
[2025-04-09T08:50:28.469+0000] {logging_mixin.py:188} INFO - [2025-04-09T08:50:28.468+0000] {dagbag.py:540} INFO - Filling up the DagBag from /opt/airflow/dags/fetch_data_and_upload_to_gcs.py
[2025-04-09T08:50:28.476+0000] {processor.py:840} INFO - DAG(s) 'fetch_data_and_upload_to_gcs' retrieved from /opt/airflow/dags/fetch_data_and_upload_to_gcs.py
[2025-04-09T08:50:28.515+0000] {logging_mixin.py:188} INFO - [2025-04-09T08:50:28.514+0000] {dag.py:3047} INFO - Sync 1 DAGs
[2025-04-09T08:50:28.539+0000] {logging_mixin.py:188} INFO - [2025-04-09T08:50:28.539+0000] {dag.py:3834} INFO - Setting next_dagrun for fetch_data_and_upload_to_gcs to None, run_after=None
[2025-04-09T08:50:28.578+0000] {processor.py:183} INFO - Processing /opt/airflow/dags/fetch_data_and_upload_to_gcs.py took 0.120 seconds
[2025-04-09T08:50:58.883+0000] {processor.py:161} INFO - Started process (PID=1687) to work on /opt/airflow/dags/fetch_data_and_upload_to_gcs.py
[2025-04-09T08:50:58.885+0000] {processor.py:830} INFO - Processing file /opt/airflow/dags/fetch_data_and_upload_to_gcs.py for tasks to queue
[2025-04-09T08:50:58.890+0000] {logging_mixin.py:188} INFO - [2025-04-09T08:50:58.889+0000] {dagbag.py:540} INFO - Filling up the DagBag from /opt/airflow/dags/fetch_data_and_upload_to_gcs.py
[2025-04-09T08:50:58.898+0000] {processor.py:840} INFO - DAG(s) 'fetch_data_and_upload_to_gcs' retrieved from /opt/airflow/dags/fetch_data_and_upload_to_gcs.py
[2025-04-09T08:50:58.924+0000] {logging_mixin.py:188} INFO - [2025-04-09T08:50:58.924+0000] {dag.py:3047} INFO - Sync 1 DAGs
[2025-04-09T08:50:58.938+0000] {logging_mixin.py:188} INFO - [2025-04-09T08:50:58.938+0000] {dag.py:3834} INFO - Setting next_dagrun for fetch_data_and_upload_to_gcs to None, run_after=None
[2025-04-09T08:50:58.965+0000] {processor.py:183} INFO - Processing /opt/airflow/dags/fetch_data_and_upload_to_gcs.py took 0.085 seconds
[2025-04-09T08:51:29.478+0000] {processor.py:161} INFO - Started process (PID=1749) to work on /opt/airflow/dags/fetch_data_and_upload_to_gcs.py
[2025-04-09T08:51:29.479+0000] {processor.py:830} INFO - Processing file /opt/airflow/dags/fetch_data_and_upload_to_gcs.py for tasks to queue
[2025-04-09T08:51:29.482+0000] {logging_mixin.py:188} INFO - [2025-04-09T08:51:29.482+0000] {dagbag.py:540} INFO - Filling up the DagBag from /opt/airflow/dags/fetch_data_and_upload_to_gcs.py
[2025-04-09T08:51:29.489+0000] {processor.py:840} INFO - DAG(s) 'fetch_data_and_upload_to_gcs' retrieved from /opt/airflow/dags/fetch_data_and_upload_to_gcs.py
[2025-04-09T08:51:29.516+0000] {logging_mixin.py:188} INFO - [2025-04-09T08:51:29.516+0000] {dag.py:3047} INFO - Sync 1 DAGs
[2025-04-09T08:51:29.530+0000] {logging_mixin.py:188} INFO - [2025-04-09T08:51:29.530+0000] {dag.py:3834} INFO - Setting next_dagrun for fetch_data_and_upload_to_gcs to None, run_after=None
[2025-04-09T08:51:29.557+0000] {processor.py:183} INFO - Processing /opt/airflow/dags/fetch_data_and_upload_to_gcs.py took 0.083 seconds
[2025-04-09T08:52:00.288+0000] {processor.py:161} INFO - Started process (PID=1819) to work on /opt/airflow/dags/fetch_data_and_upload_to_gcs.py
[2025-04-09T08:52:00.290+0000] {processor.py:830} INFO - Processing file /opt/airflow/dags/fetch_data_and_upload_to_gcs.py for tasks to queue
[2025-04-09T08:52:00.293+0000] {logging_mixin.py:188} INFO - [2025-04-09T08:52:00.292+0000] {dagbag.py:540} INFO - Filling up the DagBag from /opt/airflow/dags/fetch_data_and_upload_to_gcs.py
[2025-04-09T08:52:00.301+0000] {processor.py:840} INFO - DAG(s) 'fetch_data_and_upload_to_gcs' retrieved from /opt/airflow/dags/fetch_data_and_upload_to_gcs.py
[2025-04-09T08:52:00.326+0000] {logging_mixin.py:188} INFO - [2025-04-09T08:52:00.325+0000] {dag.py:3047} INFO - Sync 1 DAGs
[2025-04-09T08:52:00.340+0000] {logging_mixin.py:188} INFO - [2025-04-09T08:52:00.339+0000] {dag.py:3834} INFO - Setting next_dagrun for fetch_data_and_upload_to_gcs to None, run_after=None
[2025-04-09T08:52:00.361+0000] {processor.py:183} INFO - Processing /opt/airflow/dags/fetch_data_and_upload_to_gcs.py took 0.077 seconds
[2025-04-09T08:52:30.842+0000] {processor.py:161} INFO - Started process (PID=1881) to work on /opt/airflow/dags/fetch_data_and_upload_to_gcs.py
[2025-04-09T08:52:30.844+0000] {processor.py:830} INFO - Processing file /opt/airflow/dags/fetch_data_and_upload_to_gcs.py for tasks to queue
[2025-04-09T08:52:30.847+0000] {logging_mixin.py:188} INFO - [2025-04-09T08:52:30.847+0000] {dagbag.py:540} INFO - Filling up the DagBag from /opt/airflow/dags/fetch_data_and_upload_to_gcs.py
[2025-04-09T08:52:30.854+0000] {processor.py:840} INFO - DAG(s) 'fetch_data_and_upload_to_gcs' retrieved from /opt/airflow/dags/fetch_data_and_upload_to_gcs.py
[2025-04-09T08:52:30.877+0000] {logging_mixin.py:188} INFO - [2025-04-09T08:52:30.876+0000] {dag.py:3047} INFO - Sync 1 DAGs
[2025-04-09T08:52:30.891+0000] {logging_mixin.py:188} INFO - [2025-04-09T08:52:30.891+0000] {dag.py:3834} INFO - Setting next_dagrun for fetch_data_and_upload_to_gcs to None, run_after=None
[2025-04-09T08:52:30.913+0000] {processor.py:183} INFO - Processing /opt/airflow/dags/fetch_data_and_upload_to_gcs.py took 0.075 seconds
[2025-04-09T08:53:01.443+0000] {processor.py:161} INFO - Started process (PID=1943) to work on /opt/airflow/dags/fetch_data_and_upload_to_gcs.py
[2025-04-09T08:53:01.445+0000] {processor.py:830} INFO - Processing file /opt/airflow/dags/fetch_data_and_upload_to_gcs.py for tasks to queue
[2025-04-09T08:53:01.447+0000] {logging_mixin.py:188} INFO - [2025-04-09T08:53:01.447+0000] {dagbag.py:540} INFO - Filling up the DagBag from /opt/airflow/dags/fetch_data_and_upload_to_gcs.py
[2025-04-09T08:53:01.454+0000] {processor.py:840} INFO - DAG(s) 'fetch_data_and_upload_to_gcs' retrieved from /opt/airflow/dags/fetch_data_and_upload_to_gcs.py
[2025-04-09T08:53:01.476+0000] {logging_mixin.py:188} INFO - [2025-04-09T08:53:01.476+0000] {dag.py:3047} INFO - Sync 1 DAGs
[2025-04-09T08:53:01.494+0000] {logging_mixin.py:188} INFO - [2025-04-09T08:53:01.494+0000] {dag.py:3834} INFO - Setting next_dagrun for fetch_data_and_upload_to_gcs to None, run_after=None
[2025-04-09T08:53:01.515+0000] {processor.py:183} INFO - Processing /opt/airflow/dags/fetch_data_and_upload_to_gcs.py took 0.077 seconds
[2025-04-09T08:53:32.410+0000] {processor.py:161} INFO - Started process (PID=2005) to work on /opt/airflow/dags/fetch_data_and_upload_to_gcs.py
[2025-04-09T08:53:32.412+0000] {processor.py:830} INFO - Processing file /opt/airflow/dags/fetch_data_and_upload_to_gcs.py for tasks to queue
[2025-04-09T08:53:32.414+0000] {logging_mixin.py:188} INFO - [2025-04-09T08:53:32.414+0000] {dagbag.py:540} INFO - Filling up the DagBag from /opt/airflow/dags/fetch_data_and_upload_to_gcs.py
[2025-04-09T08:53:32.421+0000] {processor.py:840} INFO - DAG(s) 'fetch_data_and_upload_to_gcs' retrieved from /opt/airflow/dags/fetch_data_and_upload_to_gcs.py
[2025-04-09T08:53:32.444+0000] {logging_mixin.py:188} INFO - [2025-04-09T08:53:32.443+0000] {dag.py:3047} INFO - Sync 1 DAGs
[2025-04-09T08:53:32.459+0000] {logging_mixin.py:188} INFO - [2025-04-09T08:53:32.458+0000] {dag.py:3834} INFO - Setting next_dagrun for fetch_data_and_upload_to_gcs to None, run_after=None
[2025-04-09T08:53:32.483+0000] {processor.py:183} INFO - Processing /opt/airflow/dags/fetch_data_and_upload_to_gcs.py took 0.077 seconds
[2025-04-09T08:54:02.798+0000] {processor.py:161} INFO - Started process (PID=2067) to work on /opt/airflow/dags/fetch_data_and_upload_to_gcs.py
[2025-04-09T08:54:02.800+0000] {processor.py:830} INFO - Processing file /opt/airflow/dags/fetch_data_and_upload_to_gcs.py for tasks to queue
[2025-04-09T08:54:02.803+0000] {logging_mixin.py:188} INFO - [2025-04-09T08:54:02.803+0000] {dagbag.py:540} INFO - Filling up the DagBag from /opt/airflow/dags/fetch_data_and_upload_to_gcs.py
[2025-04-09T08:54:02.810+0000] {processor.py:840} INFO - DAG(s) 'fetch_data_and_upload_to_gcs' retrieved from /opt/airflow/dags/fetch_data_and_upload_to_gcs.py
[2025-04-09T08:54:02.833+0000] {logging_mixin.py:188} INFO - [2025-04-09T08:54:02.833+0000] {dag.py:3047} INFO - Sync 1 DAGs
[2025-04-09T08:54:02.850+0000] {logging_mixin.py:188} INFO - [2025-04-09T08:54:02.850+0000] {dag.py:3834} INFO - Setting next_dagrun for fetch_data_and_upload_to_gcs to None, run_after=None
[2025-04-09T08:54:02.873+0000] {processor.py:183} INFO - Processing /opt/airflow/dags/fetch_data_and_upload_to_gcs.py took 0.079 seconds
[2025-04-09T08:54:33.094+0000] {processor.py:161} INFO - Started process (PID=2129) to work on /opt/airflow/dags/fetch_data_and_upload_to_gcs.py
[2025-04-09T08:54:33.096+0000] {processor.py:830} INFO - Processing file /opt/airflow/dags/fetch_data_and_upload_to_gcs.py for tasks to queue
[2025-04-09T08:54:33.099+0000] {logging_mixin.py:188} INFO - [2025-04-09T08:54:33.099+0000] {dagbag.py:540} INFO - Filling up the DagBag from /opt/airflow/dags/fetch_data_and_upload_to_gcs.py
[2025-04-09T08:54:33.108+0000] {processor.py:840} INFO - DAG(s) 'fetch_data_and_upload_to_gcs' retrieved from /opt/airflow/dags/fetch_data_and_upload_to_gcs.py
[2025-04-09T08:54:33.322+0000] {logging_mixin.py:188} INFO - [2025-04-09T08:54:33.129+0000] {dag.py:3047} INFO - Sync 1 DAGs
[2025-04-09T08:54:33.342+0000] {logging_mixin.py:188} INFO - [2025-04-09T08:54:33.341+0000] {dag.py:3834} INFO - Setting next_dagrun for fetch_data_and_upload_to_gcs to None, run_after=None
[2025-04-09T08:54:33.366+0000] {processor.py:183} INFO - Processing /opt/airflow/dags/fetch_data_and_upload_to_gcs.py took 0.276 seconds
[2025-04-09T08:55:05.456+0000] {processor.py:161} INFO - Started process (PID=2192) to work on /opt/airflow/dags/fetch_data_and_upload_to_gcs.py
[2025-04-09T08:55:05.459+0000] {processor.py:830} INFO - Processing file /opt/airflow/dags/fetch_data_and_upload_to_gcs.py for tasks to queue
[2025-04-09T08:55:05.464+0000] {logging_mixin.py:188} INFO - [2025-04-09T08:55:05.463+0000] {dagbag.py:540} INFO - Filling up the DagBag from /opt/airflow/dags/fetch_data_and_upload_to_gcs.py
[2025-04-09T08:55:05.480+0000] {processor.py:840} INFO - DAG(s) 'fetch_data_and_upload_to_gcs' retrieved from /opt/airflow/dags/fetch_data_and_upload_to_gcs.py
[2025-04-09T08:55:05.530+0000] {logging_mixin.py:188} INFO - [2025-04-09T08:55:05.528+0000] {dag.py:3047} INFO - Sync 1 DAGs
[2025-04-09T08:55:05.853+0000] {logging_mixin.py:188} INFO - [2025-04-09T08:55:05.852+0000] {dag.py:3834} INFO - Setting next_dagrun for fetch_data_and_upload_to_gcs to None, run_after=None
[2025-04-09T08:55:05.891+0000] {processor.py:183} INFO - Processing /opt/airflow/dags/fetch_data_and_upload_to_gcs.py took 0.443 seconds
[2025-04-09T08:55:36.088+0000] {processor.py:161} INFO - Started process (PID=2254) to work on /opt/airflow/dags/fetch_data_and_upload_to_gcs.py
[2025-04-09T08:55:36.090+0000] {processor.py:830} INFO - Processing file /opt/airflow/dags/fetch_data_and_upload_to_gcs.py for tasks to queue
[2025-04-09T08:55:36.093+0000] {logging_mixin.py:188} INFO - [2025-04-09T08:55:36.092+0000] {dagbag.py:540} INFO - Filling up the DagBag from /opt/airflow/dags/fetch_data_and_upload_to_gcs.py
[2025-04-09T08:55:36.102+0000] {processor.py:840} INFO - DAG(s) 'fetch_data_and_upload_to_gcs' retrieved from /opt/airflow/dags/fetch_data_and_upload_to_gcs.py
[2025-04-09T08:55:36.134+0000] {logging_mixin.py:188} INFO - [2025-04-09T08:55:36.134+0000] {dag.py:3047} INFO - Sync 1 DAGs
[2025-04-09T08:55:36.355+0000] {logging_mixin.py:188} INFO - [2025-04-09T08:55:36.355+0000] {dag.py:3834} INFO - Setting next_dagrun for fetch_data_and_upload_to_gcs to None, run_after=None
[2025-04-09T08:55:36.383+0000] {processor.py:183} INFO - Processing /opt/airflow/dags/fetch_data_and_upload_to_gcs.py took 0.300 seconds
[2025-04-09T08:56:07.096+0000] {processor.py:161} INFO - Started process (PID=2316) to work on /opt/airflow/dags/fetch_data_and_upload_to_gcs.py
[2025-04-09T08:56:07.097+0000] {processor.py:830} INFO - Processing file /opt/airflow/dags/fetch_data_and_upload_to_gcs.py for tasks to queue
[2025-04-09T08:56:07.099+0000] {logging_mixin.py:188} INFO - [2025-04-09T08:56:07.099+0000] {dagbag.py:540} INFO - Filling up the DagBag from /opt/airflow/dags/fetch_data_and_upload_to_gcs.py
[2025-04-09T08:56:07.108+0000] {processor.py:840} INFO - DAG(s) 'fetch_data_and_upload_to_gcs' retrieved from /opt/airflow/dags/fetch_data_and_upload_to_gcs.py
[2025-04-09T08:56:07.132+0000] {logging_mixin.py:188} INFO - [2025-04-09T08:56:07.131+0000] {dag.py:3047} INFO - Sync 1 DAGs
[2025-04-09T08:56:07.147+0000] {logging_mixin.py:188} INFO - [2025-04-09T08:56:07.146+0000] {dag.py:3834} INFO - Setting next_dagrun for fetch_data_and_upload_to_gcs to None, run_after=None
[2025-04-09T08:56:07.176+0000] {processor.py:183} INFO - Processing /opt/airflow/dags/fetch_data_and_upload_to_gcs.py took 0.085 seconds
[2025-04-09T08:56:37.592+0000] {processor.py:161} INFO - Started process (PID=2384) to work on /opt/airflow/dags/fetch_data_and_upload_to_gcs.py
[2025-04-09T08:56:37.593+0000] {processor.py:830} INFO - Processing file /opt/airflow/dags/fetch_data_and_upload_to_gcs.py for tasks to queue
[2025-04-09T08:56:37.596+0000] {logging_mixin.py:188} INFO - [2025-04-09T08:56:37.595+0000] {dagbag.py:540} INFO - Filling up the DagBag from /opt/airflow/dags/fetch_data_and_upload_to_gcs.py
[2025-04-09T08:56:37.602+0000] {processor.py:840} INFO - DAG(s) 'fetch_data_and_upload_to_gcs' retrieved from /opt/airflow/dags/fetch_data_and_upload_to_gcs.py
[2025-04-09T08:56:37.627+0000] {logging_mixin.py:188} INFO - [2025-04-09T08:56:37.627+0000] {dag.py:3047} INFO - Sync 1 DAGs
[2025-04-09T08:56:37.649+0000] {logging_mixin.py:188} INFO - [2025-04-09T08:56:37.649+0000] {dag.py:3834} INFO - Setting next_dagrun for fetch_data_and_upload_to_gcs to None, run_after=None
[2025-04-09T08:56:37.688+0000] {processor.py:183} INFO - Processing /opt/airflow/dags/fetch_data_and_upload_to_gcs.py took 0.102 seconds
[2025-04-09T08:57:08.433+0000] {processor.py:161} INFO - Started process (PID=2446) to work on /opt/airflow/dags/fetch_data_and_upload_to_gcs.py
[2025-04-09T08:57:08.434+0000] {processor.py:830} INFO - Processing file /opt/airflow/dags/fetch_data_and_upload_to_gcs.py for tasks to queue
[2025-04-09T08:57:08.437+0000] {logging_mixin.py:188} INFO - [2025-04-09T08:57:08.436+0000] {dagbag.py:540} INFO - Filling up the DagBag from /opt/airflow/dags/fetch_data_and_upload_to_gcs.py
[2025-04-09T08:57:08.442+0000] {processor.py:840} INFO - DAG(s) 'fetch_data_and_upload_to_gcs' retrieved from /opt/airflow/dags/fetch_data_and_upload_to_gcs.py
[2025-04-09T08:57:08.465+0000] {logging_mixin.py:188} INFO - [2025-04-09T08:57:08.465+0000] {dag.py:3047} INFO - Sync 1 DAGs
[2025-04-09T08:57:08.476+0000] {logging_mixin.py:188} INFO - [2025-04-09T08:57:08.476+0000] {dag.py:3834} INFO - Setting next_dagrun for fetch_data_and_upload_to_gcs to None, run_after=None
[2025-04-09T08:57:08.501+0000] {processor.py:183} INFO - Processing /opt/airflow/dags/fetch_data_and_upload_to_gcs.py took 0.073 seconds
[2025-04-09T08:57:39.274+0000] {processor.py:161} INFO - Started process (PID=2508) to work on /opt/airflow/dags/fetch_data_and_upload_to_gcs.py
[2025-04-09T08:57:39.275+0000] {processor.py:830} INFO - Processing file /opt/airflow/dags/fetch_data_and_upload_to_gcs.py for tasks to queue
[2025-04-09T08:57:39.278+0000] {logging_mixin.py:188} INFO - [2025-04-09T08:57:39.277+0000] {dagbag.py:540} INFO - Filling up the DagBag from /opt/airflow/dags/fetch_data_and_upload_to_gcs.py
[2025-04-09T08:57:39.286+0000] {processor.py:840} INFO - DAG(s) 'fetch_data_and_upload_to_gcs' retrieved from /opt/airflow/dags/fetch_data_and_upload_to_gcs.py
[2025-04-09T08:57:39.311+0000] {logging_mixin.py:188} INFO - [2025-04-09T08:57:39.310+0000] {dag.py:3047} INFO - Sync 1 DAGs
[2025-04-09T08:57:39.326+0000] {logging_mixin.py:188} INFO - [2025-04-09T08:57:39.326+0000] {dag.py:3834} INFO - Setting next_dagrun for fetch_data_and_upload_to_gcs to None, run_after=None
[2025-04-09T08:57:39.351+0000] {processor.py:183} INFO - Processing /opt/airflow/dags/fetch_data_and_upload_to_gcs.py took 0.082 seconds
[2025-04-09T08:58:09.671+0000] {processor.py:161} INFO - Started process (PID=2570) to work on /opt/airflow/dags/fetch_data_and_upload_to_gcs.py
[2025-04-09T08:58:09.672+0000] {processor.py:830} INFO - Processing file /opt/airflow/dags/fetch_data_and_upload_to_gcs.py for tasks to queue
[2025-04-09T08:58:09.678+0000] {logging_mixin.py:188} INFO - [2025-04-09T08:58:09.676+0000] {dagbag.py:540} INFO - Filling up the DagBag from /opt/airflow/dags/fetch_data_and_upload_to_gcs.py
[2025-04-09T08:58:09.688+0000] {processor.py:840} INFO - DAG(s) 'fetch_data_and_upload_to_gcs' retrieved from /opt/airflow/dags/fetch_data_and_upload_to_gcs.py
[2025-04-09T08:58:09.723+0000] {logging_mixin.py:188} INFO - [2025-04-09T08:58:09.723+0000] {dag.py:3047} INFO - Sync 1 DAGs
[2025-04-09T08:58:09.741+0000] {logging_mixin.py:188} INFO - [2025-04-09T08:58:09.740+0000] {dag.py:3834} INFO - Setting next_dagrun for fetch_data_and_upload_to_gcs to None, run_after=None
[2025-04-09T08:58:09.770+0000] {processor.py:183} INFO - Processing /opt/airflow/dags/fetch_data_and_upload_to_gcs.py took 0.103 seconds
[2025-04-09T08:58:40.700+0000] {processor.py:161} INFO - Started process (PID=2632) to work on /opt/airflow/dags/fetch_data_and_upload_to_gcs.py
[2025-04-09T08:58:40.702+0000] {processor.py:830} INFO - Processing file /opt/airflow/dags/fetch_data_and_upload_to_gcs.py for tasks to queue
[2025-04-09T08:58:40.704+0000] {logging_mixin.py:188} INFO - [2025-04-09T08:58:40.704+0000] {dagbag.py:540} INFO - Filling up the DagBag from /opt/airflow/dags/fetch_data_and_upload_to_gcs.py
[2025-04-09T08:58:40.712+0000] {processor.py:840} INFO - DAG(s) 'fetch_data_and_upload_to_gcs' retrieved from /opt/airflow/dags/fetch_data_and_upload_to_gcs.py
[2025-04-09T08:58:40.735+0000] {logging_mixin.py:188} INFO - [2025-04-09T08:58:40.734+0000] {dag.py:3047} INFO - Sync 1 DAGs
[2025-04-09T08:58:40.749+0000] {logging_mixin.py:188} INFO - [2025-04-09T08:58:40.748+0000] {dag.py:3834} INFO - Setting next_dagrun for fetch_data_and_upload_to_gcs to None, run_after=None
[2025-04-09T08:58:40.772+0000] {processor.py:183} INFO - Processing /opt/airflow/dags/fetch_data_and_upload_to_gcs.py took 0.076 seconds
[2025-04-09T08:59:10.921+0000] {processor.py:161} INFO - Started process (PID=2694) to work on /opt/airflow/dags/fetch_data_and_upload_to_gcs.py
[2025-04-09T08:59:10.922+0000] {processor.py:830} INFO - Processing file /opt/airflow/dags/fetch_data_and_upload_to_gcs.py for tasks to queue
[2025-04-09T08:59:10.925+0000] {logging_mixin.py:188} INFO - [2025-04-09T08:59:10.924+0000] {dagbag.py:540} INFO - Filling up the DagBag from /opt/airflow/dags/fetch_data_and_upload_to_gcs.py
[2025-04-09T08:59:10.930+0000] {processor.py:840} INFO - DAG(s) 'fetch_data_and_upload_to_gcs' retrieved from /opt/airflow/dags/fetch_data_and_upload_to_gcs.py
[2025-04-09T08:59:10.951+0000] {logging_mixin.py:188} INFO - [2025-04-09T08:59:10.951+0000] {dag.py:3047} INFO - Sync 1 DAGs
[2025-04-09T08:59:10.965+0000] {logging_mixin.py:188} INFO - [2025-04-09T08:59:10.964+0000] {dag.py:3834} INFO - Setting next_dagrun for fetch_data_and_upload_to_gcs to None, run_after=None
[2025-04-09T08:59:10.985+0000] {processor.py:183} INFO - Processing /opt/airflow/dags/fetch_data_and_upload_to_gcs.py took 0.068 seconds
[2025-04-09T08:59:41.706+0000] {processor.py:161} INFO - Started process (PID=2756) to work on /opt/airflow/dags/fetch_data_and_upload_to_gcs.py
[2025-04-09T08:59:41.708+0000] {processor.py:830} INFO - Processing file /opt/airflow/dags/fetch_data_and_upload_to_gcs.py for tasks to queue
[2025-04-09T08:59:41.710+0000] {logging_mixin.py:188} INFO - [2025-04-09T08:59:41.710+0000] {dagbag.py:540} INFO - Filling up the DagBag from /opt/airflow/dags/fetch_data_and_upload_to_gcs.py
[2025-04-09T08:59:41.719+0000] {processor.py:840} INFO - DAG(s) 'fetch_data_and_upload_to_gcs' retrieved from /opt/airflow/dags/fetch_data_and_upload_to_gcs.py
[2025-04-09T08:59:41.747+0000] {logging_mixin.py:188} INFO - [2025-04-09T08:59:41.746+0000] {dag.py:3047} INFO - Sync 1 DAGs
[2025-04-09T08:59:41.766+0000] {logging_mixin.py:188} INFO - [2025-04-09T08:59:41.765+0000] {dag.py:3834} INFO - Setting next_dagrun for fetch_data_and_upload_to_gcs to None, run_after=None
[2025-04-09T08:59:41.794+0000] {processor.py:183} INFO - Processing /opt/airflow/dags/fetch_data_and_upload_to_gcs.py took 0.094 seconds
[2025-04-09T09:00:11.933+0000] {processor.py:161} INFO - Started process (PID=2818) to work on /opt/airflow/dags/fetch_data_and_upload_to_gcs.py
[2025-04-09T09:00:11.935+0000] {processor.py:830} INFO - Processing file /opt/airflow/dags/fetch_data_and_upload_to_gcs.py for tasks to queue
[2025-04-09T09:00:11.937+0000] {logging_mixin.py:188} INFO - [2025-04-09T09:00:11.937+0000] {dagbag.py:540} INFO - Filling up the DagBag from /opt/airflow/dags/fetch_data_and_upload_to_gcs.py
[2025-04-09T09:00:11.943+0000] {processor.py:840} INFO - DAG(s) 'fetch_data_and_upload_to_gcs' retrieved from /opt/airflow/dags/fetch_data_and_upload_to_gcs.py
[2025-04-09T09:00:11.965+0000] {logging_mixin.py:188} INFO - [2025-04-09T09:00:11.965+0000] {dag.py:3047} INFO - Sync 1 DAGs
[2025-04-09T09:00:11.979+0000] {logging_mixin.py:188} INFO - [2025-04-09T09:00:11.978+0000] {dag.py:3834} INFO - Setting next_dagrun for fetch_data_and_upload_to_gcs to None, run_after=None
[2025-04-09T09:00:12.000+0000] {processor.py:183} INFO - Processing /opt/airflow/dags/fetch_data_and_upload_to_gcs.py took 0.071 seconds
[2025-04-09T09:00:42.227+0000] {processor.py:161} INFO - Started process (PID=2880) to work on /opt/airflow/dags/fetch_data_and_upload_to_gcs.py
[2025-04-09T09:00:42.228+0000] {processor.py:830} INFO - Processing file /opt/airflow/dags/fetch_data_and_upload_to_gcs.py for tasks to queue
[2025-04-09T09:00:42.231+0000] {logging_mixin.py:188} INFO - [2025-04-09T09:00:42.230+0000] {dagbag.py:540} INFO - Filling up the DagBag from /opt/airflow/dags/fetch_data_and_upload_to_gcs.py
[2025-04-09T09:00:42.238+0000] {processor.py:840} INFO - DAG(s) 'fetch_data_and_upload_to_gcs' retrieved from /opt/airflow/dags/fetch_data_and_upload_to_gcs.py
[2025-04-09T09:00:42.261+0000] {logging_mixin.py:188} INFO - [2025-04-09T09:00:42.260+0000] {dag.py:3047} INFO - Sync 1 DAGs
[2025-04-09T09:00:42.274+0000] {logging_mixin.py:188} INFO - [2025-04-09T09:00:42.274+0000] {dag.py:3834} INFO - Setting next_dagrun for fetch_data_and_upload_to_gcs to None, run_after=None
[2025-04-09T09:00:42.296+0000] {processor.py:183} INFO - Processing /opt/airflow/dags/fetch_data_and_upload_to_gcs.py took 0.073 seconds
[2025-04-09T09:01:12.561+0000] {processor.py:161} INFO - Started process (PID=2942) to work on /opt/airflow/dags/fetch_data_and_upload_to_gcs.py
[2025-04-09T09:01:12.563+0000] {processor.py:830} INFO - Processing file /opt/airflow/dags/fetch_data_and_upload_to_gcs.py for tasks to queue
[2025-04-09T09:01:12.567+0000] {logging_mixin.py:188} INFO - [2025-04-09T09:01:12.566+0000] {dagbag.py:540} INFO - Filling up the DagBag from /opt/airflow/dags/fetch_data_and_upload_to_gcs.py
[2025-04-09T09:01:12.576+0000] {processor.py:840} INFO - DAG(s) 'fetch_data_and_upload_to_gcs' retrieved from /opt/airflow/dags/fetch_data_and_upload_to_gcs.py
[2025-04-09T09:01:12.606+0000] {logging_mixin.py:188} INFO - [2025-04-09T09:01:12.605+0000] {dag.py:3047} INFO - Sync 1 DAGs
[2025-04-09T09:01:12.626+0000] {logging_mixin.py:188} INFO - [2025-04-09T09:01:12.626+0000] {dag.py:3834} INFO - Setting next_dagrun for fetch_data_and_upload_to_gcs to None, run_after=None
[2025-04-09T09:01:12.658+0000] {processor.py:183} INFO - Processing /opt/airflow/dags/fetch_data_and_upload_to_gcs.py took 0.103 seconds
[2025-04-09T09:01:42.828+0000] {processor.py:161} INFO - Started process (PID=3010) to work on /opt/airflow/dags/fetch_data_and_upload_to_gcs.py
[2025-04-09T09:01:42.831+0000] {processor.py:830} INFO - Processing file /opt/airflow/dags/fetch_data_and_upload_to_gcs.py for tasks to queue
[2025-04-09T09:01:42.834+0000] {logging_mixin.py:188} INFO - [2025-04-09T09:01:42.833+0000] {dagbag.py:540} INFO - Filling up the DagBag from /opt/airflow/dags/fetch_data_and_upload_to_gcs.py
[2025-04-09T09:01:42.843+0000] {processor.py:840} INFO - DAG(s) 'fetch_data_and_upload_to_gcs' retrieved from /opt/airflow/dags/fetch_data_and_upload_to_gcs.py
[2025-04-09T09:01:42.871+0000] {logging_mixin.py:188} INFO - [2025-04-09T09:01:42.870+0000] {dag.py:3047} INFO - Sync 1 DAGs
[2025-04-09T09:01:42.888+0000] {logging_mixin.py:188} INFO - [2025-04-09T09:01:42.887+0000] {dag.py:3834} INFO - Setting next_dagrun for fetch_data_and_upload_to_gcs to None, run_after=None
[2025-04-09T09:01:42.917+0000] {processor.py:183} INFO - Processing /opt/airflow/dags/fetch_data_and_upload_to_gcs.py took 0.093 seconds
[2025-04-09T09:02:13.215+0000] {processor.py:161} INFO - Started process (PID=3072) to work on /opt/airflow/dags/fetch_data_and_upload_to_gcs.py
[2025-04-09T09:02:13.217+0000] {processor.py:830} INFO - Processing file /opt/airflow/dags/fetch_data_and_upload_to_gcs.py for tasks to queue
[2025-04-09T09:02:13.220+0000] {logging_mixin.py:188} INFO - [2025-04-09T09:02:13.219+0000] {dagbag.py:540} INFO - Filling up the DagBag from /opt/airflow/dags/fetch_data_and_upload_to_gcs.py
[2025-04-09T09:02:13.227+0000] {processor.py:840} INFO - DAG(s) 'fetch_data_and_upload_to_gcs' retrieved from /opt/airflow/dags/fetch_data_and_upload_to_gcs.py
[2025-04-09T09:02:13.250+0000] {logging_mixin.py:188} INFO - [2025-04-09T09:02:13.250+0000] {dag.py:3047} INFO - Sync 1 DAGs
[2025-04-09T09:02:13.264+0000] {logging_mixin.py:188} INFO - [2025-04-09T09:02:13.264+0000] {dag.py:3834} INFO - Setting next_dagrun for fetch_data_and_upload_to_gcs to None, run_after=None
[2025-04-09T09:02:13.289+0000] {processor.py:183} INFO - Processing /opt/airflow/dags/fetch_data_and_upload_to_gcs.py took 0.077 seconds
[2025-04-09T09:02:43.517+0000] {processor.py:161} INFO - Started process (PID=3134) to work on /opt/airflow/dags/fetch_data_and_upload_to_gcs.py
[2025-04-09T09:02:43.519+0000] {processor.py:830} INFO - Processing file /opt/airflow/dags/fetch_data_and_upload_to_gcs.py for tasks to queue
[2025-04-09T09:02:43.521+0000] {logging_mixin.py:188} INFO - [2025-04-09T09:02:43.521+0000] {dagbag.py:540} INFO - Filling up the DagBag from /opt/airflow/dags/fetch_data_and_upload_to_gcs.py
[2025-04-09T09:02:43.527+0000] {processor.py:840} INFO - DAG(s) 'fetch_data_and_upload_to_gcs' retrieved from /opt/airflow/dags/fetch_data_and_upload_to_gcs.py
[2025-04-09T09:02:43.547+0000] {logging_mixin.py:188} INFO - [2025-04-09T09:02:43.547+0000] {dag.py:3047} INFO - Sync 1 DAGs
[2025-04-09T09:02:43.563+0000] {logging_mixin.py:188} INFO - [2025-04-09T09:02:43.563+0000] {dag.py:3834} INFO - Setting next_dagrun for fetch_data_and_upload_to_gcs to None, run_after=None
[2025-04-09T09:02:43.589+0000] {processor.py:183} INFO - Processing /opt/airflow/dags/fetch_data_and_upload_to_gcs.py took 0.075 seconds
[2025-04-09T09:03:13.722+0000] {processor.py:161} INFO - Started process (PID=3196) to work on /opt/airflow/dags/fetch_data_and_upload_to_gcs.py
[2025-04-09T09:03:13.724+0000] {processor.py:830} INFO - Processing file /opt/airflow/dags/fetch_data_and_upload_to_gcs.py for tasks to queue
[2025-04-09T09:03:13.727+0000] {logging_mixin.py:188} INFO - [2025-04-09T09:03:13.726+0000] {dagbag.py:540} INFO - Filling up the DagBag from /opt/airflow/dags/fetch_data_and_upload_to_gcs.py
[2025-04-09T09:03:13.734+0000] {processor.py:840} INFO - DAG(s) 'fetch_data_and_upload_to_gcs' retrieved from /opt/airflow/dags/fetch_data_and_upload_to_gcs.py
[2025-04-09T09:03:13.756+0000] {logging_mixin.py:188} INFO - [2025-04-09T09:03:13.756+0000] {dag.py:3047} INFO - Sync 1 DAGs
[2025-04-09T09:03:13.770+0000] {logging_mixin.py:188} INFO - [2025-04-09T09:03:13.769+0000] {dag.py:3834} INFO - Setting next_dagrun for fetch_data_and_upload_to_gcs to None, run_after=None
[2025-04-09T09:03:13.790+0000] {processor.py:183} INFO - Processing /opt/airflow/dags/fetch_data_and_upload_to_gcs.py took 0.072 seconds
[2025-04-09T09:03:44.002+0000] {processor.py:161} INFO - Started process (PID=3258) to work on /opt/airflow/dags/fetch_data_and_upload_to_gcs.py
[2025-04-09T09:03:44.003+0000] {processor.py:830} INFO - Processing file /opt/airflow/dags/fetch_data_and_upload_to_gcs.py for tasks to queue
[2025-04-09T09:03:44.007+0000] {logging_mixin.py:188} INFO - [2025-04-09T09:03:44.006+0000] {dagbag.py:540} INFO - Filling up the DagBag from /opt/airflow/dags/fetch_data_and_upload_to_gcs.py
[2025-04-09T09:03:44.013+0000] {processor.py:840} INFO - DAG(s) 'fetch_data_and_upload_to_gcs' retrieved from /opt/airflow/dags/fetch_data_and_upload_to_gcs.py
[2025-04-09T09:03:44.037+0000] {logging_mixin.py:188} INFO - [2025-04-09T09:03:44.036+0000] {dag.py:3047} INFO - Sync 1 DAGs
[2025-04-09T09:03:44.051+0000] {logging_mixin.py:188} INFO - [2025-04-09T09:03:44.050+0000] {dag.py:3834} INFO - Setting next_dagrun for fetch_data_and_upload_to_gcs to None, run_after=None
[2025-04-09T09:03:44.072+0000] {processor.py:183} INFO - Processing /opt/airflow/dags/fetch_data_and_upload_to_gcs.py took 0.075 seconds
[2025-04-09T09:04:14.277+0000] {processor.py:161} INFO - Started process (PID=3320) to work on /opt/airflow/dags/fetch_data_and_upload_to_gcs.py
[2025-04-09T09:04:14.278+0000] {processor.py:830} INFO - Processing file /opt/airflow/dags/fetch_data_and_upload_to_gcs.py for tasks to queue
[2025-04-09T09:04:14.280+0000] {logging_mixin.py:188} INFO - [2025-04-09T09:04:14.280+0000] {dagbag.py:540} INFO - Filling up the DagBag from /opt/airflow/dags/fetch_data_and_upload_to_gcs.py
[2025-04-09T09:04:14.287+0000] {processor.py:840} INFO - DAG(s) 'fetch_data_and_upload_to_gcs' retrieved from /opt/airflow/dags/fetch_data_and_upload_to_gcs.py
[2025-04-09T09:04:14.314+0000] {logging_mixin.py:188} INFO - [2025-04-09T09:04:14.313+0000] {dag.py:3047} INFO - Sync 1 DAGs
[2025-04-09T09:04:14.330+0000] {logging_mixin.py:188} INFO - [2025-04-09T09:04:14.329+0000] {dag.py:3834} INFO - Setting next_dagrun for fetch_data_and_upload_to_gcs to None, run_after=None
[2025-04-09T09:04:14.354+0000] {processor.py:183} INFO - Processing /opt/airflow/dags/fetch_data_and_upload_to_gcs.py took 0.081 seconds
[2025-04-09T09:04:44.662+0000] {processor.py:161} INFO - Started process (PID=3382) to work on /opt/airflow/dags/fetch_data_and_upload_to_gcs.py
[2025-04-09T09:04:44.663+0000] {processor.py:830} INFO - Processing file /opt/airflow/dags/fetch_data_and_upload_to_gcs.py for tasks to queue
[2025-04-09T09:04:44.665+0000] {logging_mixin.py:188} INFO - [2025-04-09T09:04:44.665+0000] {dagbag.py:540} INFO - Filling up the DagBag from /opt/airflow/dags/fetch_data_and_upload_to_gcs.py
[2025-04-09T09:04:44.671+0000] {processor.py:840} INFO - DAG(s) 'fetch_data_and_upload_to_gcs' retrieved from /opt/airflow/dags/fetch_data_and_upload_to_gcs.py
[2025-04-09T09:04:44.694+0000] {logging_mixin.py:188} INFO - [2025-04-09T09:04:44.693+0000] {dag.py:3047} INFO - Sync 1 DAGs
[2025-04-09T09:04:44.706+0000] {logging_mixin.py:188} INFO - [2025-04-09T09:04:44.705+0000] {dag.py:3834} INFO - Setting next_dagrun for fetch_data_and_upload_to_gcs to None, run_after=None
[2025-04-09T09:04:44.727+0000] {processor.py:183} INFO - Processing /opt/airflow/dags/fetch_data_and_upload_to_gcs.py took 0.068 seconds
[2025-04-09T09:05:14.889+0000] {processor.py:161} INFO - Started process (PID=3444) to work on /opt/airflow/dags/fetch_data_and_upload_to_gcs.py
[2025-04-09T09:05:14.891+0000] {processor.py:830} INFO - Processing file /opt/airflow/dags/fetch_data_and_upload_to_gcs.py for tasks to queue
[2025-04-09T09:05:14.894+0000] {logging_mixin.py:188} INFO - [2025-04-09T09:05:14.894+0000] {dagbag.py:540} INFO - Filling up the DagBag from /opt/airflow/dags/fetch_data_and_upload_to_gcs.py
[2025-04-09T09:05:14.902+0000] {processor.py:840} INFO - DAG(s) 'fetch_data_and_upload_to_gcs' retrieved from /opt/airflow/dags/fetch_data_and_upload_to_gcs.py
[2025-04-09T09:05:14.931+0000] {logging_mixin.py:188} INFO - [2025-04-09T09:05:14.931+0000] {dag.py:3047} INFO - Sync 1 DAGs
[2025-04-09T09:05:14.948+0000] {logging_mixin.py:188} INFO - [2025-04-09T09:05:14.947+0000] {dag.py:3834} INFO - Setting next_dagrun for fetch_data_and_upload_to_gcs to None, run_after=None
[2025-04-09T09:05:14.975+0000] {processor.py:183} INFO - Processing /opt/airflow/dags/fetch_data_and_upload_to_gcs.py took 0.090 seconds
[2025-04-09T09:05:45.195+0000] {processor.py:161} INFO - Started process (PID=3506) to work on /opt/airflow/dags/fetch_data_and_upload_to_gcs.py
[2025-04-09T09:05:45.197+0000] {processor.py:830} INFO - Processing file /opt/airflow/dags/fetch_data_and_upload_to_gcs.py for tasks to queue
[2025-04-09T09:05:45.199+0000] {logging_mixin.py:188} INFO - [2025-04-09T09:05:45.198+0000] {dagbag.py:540} INFO - Filling up the DagBag from /opt/airflow/dags/fetch_data_and_upload_to_gcs.py
[2025-04-09T09:05:45.208+0000] {processor.py:840} INFO - DAG(s) 'fetch_data_and_upload_to_gcs' retrieved from /opt/airflow/dags/fetch_data_and_upload_to_gcs.py
[2025-04-09T09:05:45.236+0000] {logging_mixin.py:188} INFO - [2025-04-09T09:05:45.235+0000] {dag.py:3047} INFO - Sync 1 DAGs
[2025-04-09T09:05:45.249+0000] {logging_mixin.py:188} INFO - [2025-04-09T09:05:45.249+0000] {dag.py:3834} INFO - Setting next_dagrun for fetch_data_and_upload_to_gcs to None, run_after=None
[2025-04-09T09:05:45.279+0000] {processor.py:183} INFO - Processing /opt/airflow/dags/fetch_data_and_upload_to_gcs.py took 0.088 seconds
[2025-04-09T09:06:15.404+0000] {processor.py:161} INFO - Started process (PID=3567) to work on /opt/airflow/dags/fetch_data_and_upload_to_gcs.py
[2025-04-09T09:06:15.406+0000] {processor.py:830} INFO - Processing file /opt/airflow/dags/fetch_data_and_upload_to_gcs.py for tasks to queue
[2025-04-09T09:06:15.407+0000] {logging_mixin.py:188} INFO - [2025-04-09T09:06:15.406+0000] {dagbag.py:540} INFO - Filling up the DagBag from /opt/airflow/dags/fetch_data_and_upload_to_gcs.py
[2025-04-09T09:06:15.414+0000] {processor.py:840} INFO - DAG(s) 'fetch_data_and_upload_to_gcs' retrieved from /opt/airflow/dags/fetch_data_and_upload_to_gcs.py
[2025-04-09T09:06:15.439+0000] {logging_mixin.py:188} INFO - [2025-04-09T09:06:15.438+0000] {dag.py:3047} INFO - Sync 1 DAGs
[2025-04-09T09:06:15.456+0000] {logging_mixin.py:188} INFO - [2025-04-09T09:06:15.455+0000] {dag.py:3834} INFO - Setting next_dagrun for fetch_data_and_upload_to_gcs to None, run_after=None
[2025-04-09T09:06:15.480+0000] {processor.py:183} INFO - Processing /opt/airflow/dags/fetch_data_and_upload_to_gcs.py took 0.081 seconds
[2025-04-09T09:06:45.577+0000] {processor.py:161} INFO - Started process (PID=3626) to work on /opt/airflow/dags/fetch_data_and_upload_to_gcs.py
[2025-04-09T09:06:45.578+0000] {processor.py:830} INFO - Processing file /opt/airflow/dags/fetch_data_and_upload_to_gcs.py for tasks to queue
[2025-04-09T09:06:45.579+0000] {logging_mixin.py:188} INFO - [2025-04-09T09:06:45.578+0000] {dagbag.py:540} INFO - Filling up the DagBag from /opt/airflow/dags/fetch_data_and_upload_to_gcs.py
[2025-04-09T09:06:45.587+0000] {processor.py:840} INFO - DAG(s) 'fetch_data_and_upload_to_gcs' retrieved from /opt/airflow/dags/fetch_data_and_upload_to_gcs.py
[2025-04-09T09:06:45.610+0000] {logging_mixin.py:188} INFO - [2025-04-09T09:06:45.609+0000] {dag.py:3047} INFO - Sync 1 DAGs
[2025-04-09T09:06:45.624+0000] {logging_mixin.py:188} INFO - [2025-04-09T09:06:45.624+0000] {dag.py:3834} INFO - Setting next_dagrun for fetch_data_and_upload_to_gcs to None, run_after=None
[2025-04-09T09:06:45.649+0000] {processor.py:183} INFO - Processing /opt/airflow/dags/fetch_data_and_upload_to_gcs.py took 0.077 seconds
[2025-04-09T09:07:15.816+0000] {processor.py:161} INFO - Started process (PID=3693) to work on /opt/airflow/dags/fetch_data_and_upload_to_gcs.py
[2025-04-09T09:07:15.817+0000] {processor.py:830} INFO - Processing file /opt/airflow/dags/fetch_data_and_upload_to_gcs.py for tasks to queue
[2025-04-09T09:07:15.818+0000] {logging_mixin.py:188} INFO - [2025-04-09T09:07:15.818+0000] {dagbag.py:540} INFO - Filling up the DagBag from /opt/airflow/dags/fetch_data_and_upload_to_gcs.py
[2025-04-09T09:07:15.827+0000] {processor.py:840} INFO - DAG(s) 'fetch_data_and_upload_to_gcs' retrieved from /opt/airflow/dags/fetch_data_and_upload_to_gcs.py
[2025-04-09T09:07:15.850+0000] {logging_mixin.py:188} INFO - [2025-04-09T09:07:15.850+0000] {dag.py:3047} INFO - Sync 1 DAGs
[2025-04-09T09:07:15.866+0000] {logging_mixin.py:188} INFO - [2025-04-09T09:07:15.866+0000] {dag.py:3834} INFO - Setting next_dagrun for fetch_data_and_upload_to_gcs to None, run_after=None
[2025-04-09T09:07:15.895+0000] {processor.py:183} INFO - Processing /opt/airflow/dags/fetch_data_and_upload_to_gcs.py took 0.084 seconds
[2025-04-09T09:07:46.001+0000] {processor.py:161} INFO - Started process (PID=3748) to work on /opt/airflow/dags/fetch_data_and_upload_to_gcs.py
[2025-04-09T09:07:46.003+0000] {processor.py:830} INFO - Processing file /opt/airflow/dags/fetch_data_and_upload_to_gcs.py for tasks to queue
[2025-04-09T09:07:46.004+0000] {logging_mixin.py:188} INFO - [2025-04-09T09:07:46.004+0000] {dagbag.py:540} INFO - Filling up the DagBag from /opt/airflow/dags/fetch_data_and_upload_to_gcs.py
[2025-04-09T09:07:46.016+0000] {processor.py:840} INFO - DAG(s) 'fetch_data_and_upload_to_gcs' retrieved from /opt/airflow/dags/fetch_data_and_upload_to_gcs.py
[2025-04-09T09:07:46.048+0000] {logging_mixin.py:188} INFO - [2025-04-09T09:07:46.048+0000] {dag.py:3047} INFO - Sync 1 DAGs
[2025-04-09T09:07:46.068+0000] {logging_mixin.py:188} INFO - [2025-04-09T09:07:46.067+0000] {dag.py:3834} INFO - Setting next_dagrun for fetch_data_and_upload_to_gcs to None, run_after=None
[2025-04-09T09:07:46.102+0000] {processor.py:183} INFO - Processing /opt/airflow/dags/fetch_data_and_upload_to_gcs.py took 0.104 seconds
[2025-04-09T09:08:16.604+0000] {processor.py:161} INFO - Started process (PID=3810) to work on /opt/airflow/dags/fetch_data_and_upload_to_gcs.py
[2025-04-09T09:08:16.606+0000] {processor.py:830} INFO - Processing file /opt/airflow/dags/fetch_data_and_upload_to_gcs.py for tasks to queue
[2025-04-09T09:08:16.609+0000] {logging_mixin.py:188} INFO - [2025-04-09T09:08:16.608+0000] {dagbag.py:540} INFO - Filling up the DagBag from /opt/airflow/dags/fetch_data_and_upload_to_gcs.py
[2025-04-09T09:08:16.639+0000] {processor.py:840} INFO - DAG(s) 'fetch_data_and_upload_to_gcs' retrieved from /opt/airflow/dags/fetch_data_and_upload_to_gcs.py
[2025-04-09T09:08:16.670+0000] {logging_mixin.py:188} INFO - [2025-04-09T09:08:16.670+0000] {dag.py:3047} INFO - Sync 1 DAGs
[2025-04-09T09:08:16.688+0000] {logging_mixin.py:188} INFO - [2025-04-09T09:08:16.688+0000] {dag.py:3834} INFO - Setting next_dagrun for fetch_data_and_upload_to_gcs to None, run_after=None
[2025-04-09T09:08:16.713+0000] {processor.py:183} INFO - Processing /opt/airflow/dags/fetch_data_and_upload_to_gcs.py took 0.113 seconds
[2025-04-09T09:08:47.190+0000] {processor.py:161} INFO - Started process (PID=3872) to work on /opt/airflow/dags/fetch_data_and_upload_to_gcs.py
[2025-04-09T09:08:47.191+0000] {processor.py:830} INFO - Processing file /opt/airflow/dags/fetch_data_and_upload_to_gcs.py for tasks to queue
[2025-04-09T09:08:47.193+0000] {logging_mixin.py:188} INFO - [2025-04-09T09:08:47.193+0000] {dagbag.py:540} INFO - Filling up the DagBag from /opt/airflow/dags/fetch_data_and_upload_to_gcs.py
[2025-04-09T09:08:47.207+0000] {processor.py:840} INFO - DAG(s) 'fetch_data_and_upload_to_gcs' retrieved from /opt/airflow/dags/fetch_data_and_upload_to_gcs.py
[2025-04-09T09:08:47.233+0000] {logging_mixin.py:188} INFO - [2025-04-09T09:08:47.233+0000] {dag.py:3047} INFO - Sync 1 DAGs
[2025-04-09T09:08:47.246+0000] {logging_mixin.py:188} INFO - [2025-04-09T09:08:47.246+0000] {dag.py:3834} INFO - Setting next_dagrun for fetch_data_and_upload_to_gcs to None, run_after=None
[2025-04-09T09:08:47.271+0000] {processor.py:183} INFO - Processing /opt/airflow/dags/fetch_data_and_upload_to_gcs.py took 0.086 seconds
[2025-04-09T09:09:17.541+0000] {processor.py:161} INFO - Started process (PID=3934) to work on /opt/airflow/dags/fetch_data_and_upload_to_gcs.py
[2025-04-09T09:09:17.543+0000] {processor.py:830} INFO - Processing file /opt/airflow/dags/fetch_data_and_upload_to_gcs.py for tasks to queue
[2025-04-09T09:09:17.545+0000] {logging_mixin.py:188} INFO - [2025-04-09T09:09:17.545+0000] {dagbag.py:540} INFO - Filling up the DagBag from /opt/airflow/dags/fetch_data_and_upload_to_gcs.py
[2025-04-09T09:09:17.556+0000] {processor.py:840} INFO - DAG(s) 'fetch_data_and_upload_to_gcs' retrieved from /opt/airflow/dags/fetch_data_and_upload_to_gcs.py
[2025-04-09T09:09:17.582+0000] {logging_mixin.py:188} INFO - [2025-04-09T09:09:17.582+0000] {dag.py:3047} INFO - Sync 1 DAGs
[2025-04-09T09:09:17.595+0000] {logging_mixin.py:188} INFO - [2025-04-09T09:09:17.595+0000] {dag.py:3834} INFO - Setting next_dagrun for fetch_data_and_upload_to_gcs to None, run_after=None
[2025-04-09T09:09:17.623+0000] {processor.py:183} INFO - Processing /opt/airflow/dags/fetch_data_and_upload_to_gcs.py took 0.086 seconds
[2025-04-09T09:09:48.545+0000] {processor.py:161} INFO - Started process (PID=3996) to work on /opt/airflow/dags/fetch_data_and_upload_to_gcs.py
[2025-04-09T09:09:48.547+0000] {processor.py:830} INFO - Processing file /opt/airflow/dags/fetch_data_and_upload_to_gcs.py for tasks to queue
[2025-04-09T09:09:48.548+0000] {logging_mixin.py:188} INFO - [2025-04-09T09:09:48.547+0000] {dagbag.py:540} INFO - Filling up the DagBag from /opt/airflow/dags/fetch_data_and_upload_to_gcs.py
[2025-04-09T09:09:48.557+0000] {processor.py:840} INFO - DAG(s) 'fetch_data_and_upload_to_gcs' retrieved from /opt/airflow/dags/fetch_data_and_upload_to_gcs.py
[2025-04-09T09:09:48.581+0000] {logging_mixin.py:188} INFO - [2025-04-09T09:09:48.581+0000] {dag.py:3047} INFO - Sync 1 DAGs
[2025-04-09T09:09:48.598+0000] {logging_mixin.py:188} INFO - [2025-04-09T09:09:48.597+0000] {dag.py:3834} INFO - Setting next_dagrun for fetch_data_and_upload_to_gcs to None, run_after=None
[2025-04-09T09:09:48.626+0000] {processor.py:183} INFO - Processing /opt/airflow/dags/fetch_data_and_upload_to_gcs.py took 0.084 seconds
[2025-04-09T09:10:19.586+0000] {processor.py:161} INFO - Started process (PID=4058) to work on /opt/airflow/dags/fetch_data_and_upload_to_gcs.py
[2025-04-09T09:10:19.588+0000] {processor.py:830} INFO - Processing file /opt/airflow/dags/fetch_data_and_upload_to_gcs.py for tasks to queue
[2025-04-09T09:10:19.589+0000] {logging_mixin.py:188} INFO - [2025-04-09T09:10:19.589+0000] {dagbag.py:540} INFO - Filling up the DagBag from /opt/airflow/dags/fetch_data_and_upload_to_gcs.py
[2025-04-09T09:10:19.597+0000] {processor.py:840} INFO - DAG(s) 'fetch_data_and_upload_to_gcs' retrieved from /opt/airflow/dags/fetch_data_and_upload_to_gcs.py
[2025-04-09T09:10:19.626+0000] {logging_mixin.py:188} INFO - [2025-04-09T09:10:19.625+0000] {dag.py:3047} INFO - Sync 1 DAGs
[2025-04-09T09:10:19.639+0000] {logging_mixin.py:188} INFO - [2025-04-09T09:10:19.639+0000] {dag.py:3834} INFO - Setting next_dagrun for fetch_data_and_upload_to_gcs to None, run_after=None
[2025-04-09T09:10:19.667+0000] {processor.py:183} INFO - Processing /opt/airflow/dags/fetch_data_and_upload_to_gcs.py took 0.085 seconds
[2025-04-09T09:10:49.847+0000] {processor.py:161} INFO - Started process (PID=4120) to work on /opt/airflow/dags/fetch_data_and_upload_to_gcs.py
[2025-04-09T09:10:49.849+0000] {processor.py:830} INFO - Processing file /opt/airflow/dags/fetch_data_and_upload_to_gcs.py for tasks to queue
[2025-04-09T09:10:49.851+0000] {logging_mixin.py:188} INFO - [2025-04-09T09:10:49.850+0000] {dagbag.py:540} INFO - Filling up the DagBag from /opt/airflow/dags/fetch_data_and_upload_to_gcs.py
[2025-04-09T09:10:49.861+0000] {processor.py:840} INFO - DAG(s) 'fetch_data_and_upload_to_gcs' retrieved from /opt/airflow/dags/fetch_data_and_upload_to_gcs.py
[2025-04-09T09:10:49.893+0000] {logging_mixin.py:188} INFO - [2025-04-09T09:10:49.892+0000] {dag.py:3047} INFO - Sync 1 DAGs
[2025-04-09T09:10:49.910+0000] {logging_mixin.py:188} INFO - [2025-04-09T09:10:49.909+0000] {dag.py:3834} INFO - Setting next_dagrun for fetch_data_and_upload_to_gcs to None, run_after=None
[2025-04-09T09:10:49.936+0000] {processor.py:183} INFO - Processing /opt/airflow/dags/fetch_data_and_upload_to_gcs.py took 0.093 seconds
[2025-04-09T09:11:20.469+0000] {processor.py:161} INFO - Started process (PID=4182) to work on /opt/airflow/dags/fetch_data_and_upload_to_gcs.py
[2025-04-09T09:11:20.471+0000] {processor.py:830} INFO - Processing file /opt/airflow/dags/fetch_data_and_upload_to_gcs.py for tasks to queue
[2025-04-09T09:11:20.472+0000] {logging_mixin.py:188} INFO - [2025-04-09T09:11:20.472+0000] {dagbag.py:540} INFO - Filling up the DagBag from /opt/airflow/dags/fetch_data_and_upload_to_gcs.py
[2025-04-09T09:11:20.481+0000] {processor.py:840} INFO - DAG(s) 'fetch_data_and_upload_to_gcs' retrieved from /opt/airflow/dags/fetch_data_and_upload_to_gcs.py
[2025-04-09T09:11:20.509+0000] {logging_mixin.py:188} INFO - [2025-04-09T09:11:20.509+0000] {dag.py:3047} INFO - Sync 1 DAGs
[2025-04-09T09:11:20.524+0000] {logging_mixin.py:188} INFO - [2025-04-09T09:11:20.523+0000] {dag.py:3834} INFO - Setting next_dagrun for fetch_data_and_upload_to_gcs to None, run_after=None
[2025-04-09T09:11:20.551+0000] {processor.py:183} INFO - Processing /opt/airflow/dags/fetch_data_and_upload_to_gcs.py took 0.086 seconds
[2025-04-09T09:11:50.767+0000] {processor.py:161} INFO - Started process (PID=4242) to work on /opt/airflow/dags/fetch_data_and_upload_to_gcs.py
[2025-04-09T09:11:50.769+0000] {processor.py:830} INFO - Processing file /opt/airflow/dags/fetch_data_and_upload_to_gcs.py for tasks to queue
[2025-04-09T09:11:50.770+0000] {logging_mixin.py:188} INFO - [2025-04-09T09:11:50.770+0000] {dagbag.py:540} INFO - Filling up the DagBag from /opt/airflow/dags/fetch_data_and_upload_to_gcs.py
[2025-04-09T09:11:50.780+0000] {processor.py:840} INFO - DAG(s) 'fetch_data_and_upload_to_gcs' retrieved from /opt/airflow/dags/fetch_data_and_upload_to_gcs.py
[2025-04-09T09:11:50.808+0000] {logging_mixin.py:188} INFO - [2025-04-09T09:11:50.807+0000] {dag.py:3047} INFO - Sync 1 DAGs
[2025-04-09T09:11:50.827+0000] {logging_mixin.py:188} INFO - [2025-04-09T09:11:50.826+0000] {dag.py:3834} INFO - Setting next_dagrun for fetch_data_and_upload_to_gcs to None, run_after=None
[2025-04-09T09:11:50.859+0000] {processor.py:183} INFO - Processing /opt/airflow/dags/fetch_data_and_upload_to_gcs.py took 0.097 seconds
[2025-04-09T09:12:21.285+0000] {processor.py:161} INFO - Started process (PID=4308) to work on /opt/airflow/dags/fetch_data_and_upload_to_gcs.py
[2025-04-09T09:12:21.287+0000] {processor.py:830} INFO - Processing file /opt/airflow/dags/fetch_data_and_upload_to_gcs.py for tasks to queue
[2025-04-09T09:12:21.288+0000] {logging_mixin.py:188} INFO - [2025-04-09T09:12:21.287+0000] {dagbag.py:540} INFO - Filling up the DagBag from /opt/airflow/dags/fetch_data_and_upload_to_gcs.py
[2025-04-09T09:12:21.298+0000] {processor.py:840} INFO - DAG(s) 'fetch_data_and_upload_to_gcs' retrieved from /opt/airflow/dags/fetch_data_and_upload_to_gcs.py
[2025-04-09T09:12:21.324+0000] {logging_mixin.py:188} INFO - [2025-04-09T09:12:21.323+0000] {dag.py:3047} INFO - Sync 1 DAGs
[2025-04-09T09:12:21.338+0000] {logging_mixin.py:188} INFO - [2025-04-09T09:12:21.337+0000] {dag.py:3834} INFO - Setting next_dagrun for fetch_data_and_upload_to_gcs to None, run_after=None
[2025-04-09T09:12:21.362+0000] {processor.py:183} INFO - Processing /opt/airflow/dags/fetch_data_and_upload_to_gcs.py took 0.083 seconds
[2025-04-09T09:12:52.064+0000] {processor.py:161} INFO - Started process (PID=4370) to work on /opt/airflow/dags/fetch_data_and_upload_to_gcs.py
[2025-04-09T09:12:52.066+0000] {processor.py:830} INFO - Processing file /opt/airflow/dags/fetch_data_and_upload_to_gcs.py for tasks to queue
[2025-04-09T09:12:52.067+0000] {logging_mixin.py:188} INFO - [2025-04-09T09:12:52.066+0000] {dagbag.py:540} INFO - Filling up the DagBag from /opt/airflow/dags/fetch_data_and_upload_to_gcs.py
[2025-04-09T09:12:52.077+0000] {processor.py:840} INFO - DAG(s) 'fetch_data_and_upload_to_gcs' retrieved from /opt/airflow/dags/fetch_data_and_upload_to_gcs.py
[2025-04-09T09:12:52.103+0000] {logging_mixin.py:188} INFO - [2025-04-09T09:12:52.103+0000] {dag.py:3047} INFO - Sync 1 DAGs
[2025-04-09T09:12:52.118+0000] {logging_mixin.py:188} INFO - [2025-04-09T09:12:52.118+0000] {dag.py:3834} INFO - Setting next_dagrun for fetch_data_and_upload_to_gcs to None, run_after=None
[2025-04-09T09:12:52.147+0000] {processor.py:183} INFO - Processing /opt/airflow/dags/fetch_data_and_upload_to_gcs.py took 0.086 seconds
[2025-04-09T09:13:22.468+0000] {processor.py:161} INFO - Started process (PID=4432) to work on /opt/airflow/dags/fetch_data_and_upload_to_gcs.py
[2025-04-09T09:13:22.470+0000] {processor.py:830} INFO - Processing file /opt/airflow/dags/fetch_data_and_upload_to_gcs.py for tasks to queue
[2025-04-09T09:13:22.471+0000] {logging_mixin.py:188} INFO - [2025-04-09T09:13:22.471+0000] {dagbag.py:540} INFO - Filling up the DagBag from /opt/airflow/dags/fetch_data_and_upload_to_gcs.py
[2025-04-09T09:13:22.481+0000] {processor.py:840} INFO - DAG(s) 'fetch_data_and_upload_to_gcs' retrieved from /opt/airflow/dags/fetch_data_and_upload_to_gcs.py
[2025-04-09T09:13:22.521+0000] {logging_mixin.py:188} INFO - [2025-04-09T09:13:22.519+0000] {dag.py:3047} INFO - Sync 1 DAGs
[2025-04-09T09:13:22.546+0000] {logging_mixin.py:188} INFO - [2025-04-09T09:13:22.545+0000] {dag.py:3834} INFO - Setting next_dagrun for fetch_data_and_upload_to_gcs to None, run_after=None
[2025-04-09T09:13:22.582+0000] {processor.py:183} INFO - Processing /opt/airflow/dags/fetch_data_and_upload_to_gcs.py took 0.120 seconds
[2025-04-09T09:13:52.718+0000] {processor.py:161} INFO - Started process (PID=4494) to work on /opt/airflow/dags/fetch_data_and_upload_to_gcs.py
[2025-04-09T09:13:52.719+0000] {processor.py:830} INFO - Processing file /opt/airflow/dags/fetch_data_and_upload_to_gcs.py for tasks to queue
[2025-04-09T09:13:52.721+0000] {logging_mixin.py:188} INFO - [2025-04-09T09:13:52.720+0000] {dagbag.py:540} INFO - Filling up the DagBag from /opt/airflow/dags/fetch_data_and_upload_to_gcs.py
[2025-04-09T09:13:52.728+0000] {processor.py:840} INFO - DAG(s) 'fetch_data_and_upload_to_gcs' retrieved from /opt/airflow/dags/fetch_data_and_upload_to_gcs.py
[2025-04-09T09:13:52.754+0000] {logging_mixin.py:188} INFO - [2025-04-09T09:13:52.753+0000] {dag.py:3047} INFO - Sync 1 DAGs
[2025-04-09T09:13:52.769+0000] {logging_mixin.py:188} INFO - [2025-04-09T09:13:52.769+0000] {dag.py:3834} INFO - Setting next_dagrun for fetch_data_and_upload_to_gcs to None, run_after=None
[2025-04-09T09:13:52.792+0000] {processor.py:183} INFO - Processing /opt/airflow/dags/fetch_data_and_upload_to_gcs.py took 0.079 seconds
[2025-04-09T09:14:23.371+0000] {processor.py:161} INFO - Started process (PID=4554) to work on /opt/airflow/dags/fetch_data_and_upload_to_gcs.py
[2025-04-09T09:14:23.373+0000] {processor.py:830} INFO - Processing file /opt/airflow/dags/fetch_data_and_upload_to_gcs.py for tasks to queue
[2025-04-09T09:14:23.375+0000] {logging_mixin.py:188} INFO - [2025-04-09T09:14:23.374+0000] {dagbag.py:540} INFO - Filling up the DagBag from /opt/airflow/dags/fetch_data_and_upload_to_gcs.py
[2025-04-09T09:14:23.384+0000] {processor.py:840} INFO - DAG(s) 'fetch_data_and_upload_to_gcs' retrieved from /opt/airflow/dags/fetch_data_and_upload_to_gcs.py
[2025-04-09T09:14:23.409+0000] {logging_mixin.py:188} INFO - [2025-04-09T09:14:23.408+0000] {dag.py:3047} INFO - Sync 1 DAGs
[2025-04-09T09:14:23.423+0000] {logging_mixin.py:188} INFO - [2025-04-09T09:14:23.423+0000] {dag.py:3834} INFO - Setting next_dagrun for fetch_data_and_upload_to_gcs to None, run_after=None
[2025-04-09T09:14:23.452+0000] {processor.py:183} INFO - Processing /opt/airflow/dags/fetch_data_and_upload_to_gcs.py took 0.086 seconds
[2025-04-09T09:14:53.991+0000] {processor.py:161} INFO - Started process (PID=4616) to work on /opt/airflow/dags/fetch_data_and_upload_to_gcs.py
[2025-04-09T09:14:53.993+0000] {processor.py:830} INFO - Processing file /opt/airflow/dags/fetch_data_and_upload_to_gcs.py for tasks to queue
[2025-04-09T09:14:53.994+0000] {logging_mixin.py:188} INFO - [2025-04-09T09:14:53.993+0000] {dagbag.py:540} INFO - Filling up the DagBag from /opt/airflow/dags/fetch_data_and_upload_to_gcs.py
[2025-04-09T09:14:54.005+0000] {processor.py:840} INFO - DAG(s) 'fetch_data_and_upload_to_gcs' retrieved from /opt/airflow/dags/fetch_data_and_upload_to_gcs.py
[2025-04-09T09:14:54.031+0000] {logging_mixin.py:188} INFO - [2025-04-09T09:14:54.030+0000] {dag.py:3047} INFO - Sync 1 DAGs
[2025-04-09T09:14:54.051+0000] {logging_mixin.py:188} INFO - [2025-04-09T09:14:54.050+0000] {dag.py:3834} INFO - Setting next_dagrun for fetch_data_and_upload_to_gcs to None, run_after=None
[2025-04-09T09:14:54.079+0000] {processor.py:183} INFO - Processing /opt/airflow/dags/fetch_data_and_upload_to_gcs.py took 0.097 seconds
[2025-04-09T09:15:24.417+0000] {processor.py:161} INFO - Started process (PID=4678) to work on /opt/airflow/dags/fetch_data_and_upload_to_gcs.py
[2025-04-09T09:15:24.419+0000] {processor.py:830} INFO - Processing file /opt/airflow/dags/fetch_data_and_upload_to_gcs.py for tasks to queue
[2025-04-09T09:15:24.421+0000] {logging_mixin.py:188} INFO - [2025-04-09T09:15:24.421+0000] {dagbag.py:540} INFO - Filling up the DagBag from /opt/airflow/dags/fetch_data_and_upload_to_gcs.py
[2025-04-09T09:15:24.430+0000] {processor.py:840} INFO - DAG(s) 'fetch_data_and_upload_to_gcs' retrieved from /opt/airflow/dags/fetch_data_and_upload_to_gcs.py
[2025-04-09T09:15:24.455+0000] {logging_mixin.py:188} INFO - [2025-04-09T09:15:24.455+0000] {dag.py:3047} INFO - Sync 1 DAGs
[2025-04-09T09:15:24.469+0000] {logging_mixin.py:188} INFO - [2025-04-09T09:15:24.468+0000] {dag.py:3834} INFO - Setting next_dagrun for fetch_data_and_upload_to_gcs to None, run_after=None
[2025-04-09T09:15:24.499+0000] {processor.py:183} INFO - Processing /opt/airflow/dags/fetch_data_and_upload_to_gcs.py took 0.086 seconds
[2025-04-09T09:15:54.983+0000] {processor.py:161} INFO - Started process (PID=4740) to work on /opt/airflow/dags/fetch_data_and_upload_to_gcs.py
[2025-04-09T09:15:54.985+0000] {processor.py:830} INFO - Processing file /opt/airflow/dags/fetch_data_and_upload_to_gcs.py for tasks to queue
[2025-04-09T09:15:54.987+0000] {logging_mixin.py:188} INFO - [2025-04-09T09:15:54.986+0000] {dagbag.py:540} INFO - Filling up the DagBag from /opt/airflow/dags/fetch_data_and_upload_to_gcs.py
[2025-04-09T09:15:54.996+0000] {processor.py:840} INFO - DAG(s) 'fetch_data_and_upload_to_gcs' retrieved from /opt/airflow/dags/fetch_data_and_upload_to_gcs.py
[2025-04-09T09:15:55.023+0000] {logging_mixin.py:188} INFO - [2025-04-09T09:15:55.022+0000] {dag.py:3047} INFO - Sync 1 DAGs
[2025-04-09T09:15:55.038+0000] {logging_mixin.py:188} INFO - [2025-04-09T09:15:55.038+0000] {dag.py:3834} INFO - Setting next_dagrun for fetch_data_and_upload_to_gcs to None, run_after=None
[2025-04-09T09:15:55.068+0000] {processor.py:183} INFO - Processing /opt/airflow/dags/fetch_data_and_upload_to_gcs.py took 0.090 seconds
[2025-04-09T09:16:25.763+0000] {processor.py:161} INFO - Started process (PID=4802) to work on /opt/airflow/dags/fetch_data_and_upload_to_gcs.py
[2025-04-09T09:16:25.766+0000] {processor.py:830} INFO - Processing file /opt/airflow/dags/fetch_data_and_upload_to_gcs.py for tasks to queue
[2025-04-09T09:16:25.768+0000] {logging_mixin.py:188} INFO - [2025-04-09T09:16:25.767+0000] {dagbag.py:540} INFO - Filling up the DagBag from /opt/airflow/dags/fetch_data_and_upload_to_gcs.py
[2025-04-09T09:16:25.776+0000] {processor.py:840} INFO - DAG(s) 'fetch_data_and_upload_to_gcs' retrieved from /opt/airflow/dags/fetch_data_and_upload_to_gcs.py
[2025-04-09T09:16:25.805+0000] {logging_mixin.py:188} INFO - [2025-04-09T09:16:25.804+0000] {dag.py:3047} INFO - Sync 1 DAGs
[2025-04-09T09:16:25.820+0000] {logging_mixin.py:188} INFO - [2025-04-09T09:16:25.819+0000] {dag.py:3834} INFO - Setting next_dagrun for fetch_data_and_upload_to_gcs to None, run_after=None
[2025-04-09T09:16:25.844+0000] {processor.py:183} INFO - Processing /opt/airflow/dags/fetch_data_and_upload_to_gcs.py took 0.087 seconds
[2025-04-09T09:16:56.301+0000] {processor.py:161} INFO - Started process (PID=4864) to work on /opt/airflow/dags/fetch_data_and_upload_to_gcs.py
[2025-04-09T09:16:56.303+0000] {processor.py:830} INFO - Processing file /opt/airflow/dags/fetch_data_and_upload_to_gcs.py for tasks to queue
[2025-04-09T09:16:56.305+0000] {logging_mixin.py:188} INFO - [2025-04-09T09:16:56.304+0000] {dagbag.py:540} INFO - Filling up the DagBag from /opt/airflow/dags/fetch_data_and_upload_to_gcs.py
[2025-04-09T09:16:56.313+0000] {processor.py:840} INFO - DAG(s) 'fetch_data_and_upload_to_gcs' retrieved from /opt/airflow/dags/fetch_data_and_upload_to_gcs.py
[2025-04-09T09:16:56.337+0000] {logging_mixin.py:188} INFO - [2025-04-09T09:16:56.337+0000] {dag.py:3047} INFO - Sync 1 DAGs
[2025-04-09T09:16:56.351+0000] {logging_mixin.py:188} INFO - [2025-04-09T09:16:56.351+0000] {dag.py:3834} INFO - Setting next_dagrun for fetch_data_and_upload_to_gcs to None, run_after=None
[2025-04-09T09:16:56.375+0000] {processor.py:183} INFO - Processing /opt/airflow/dags/fetch_data_and_upload_to_gcs.py took 0.078 seconds
[2025-04-09T09:17:26.617+0000] {processor.py:161} INFO - Started process (PID=4926) to work on /opt/airflow/dags/fetch_data_and_upload_to_gcs.py
[2025-04-09T09:17:26.619+0000] {processor.py:830} INFO - Processing file /opt/airflow/dags/fetch_data_and_upload_to_gcs.py for tasks to queue
[2025-04-09T09:17:26.620+0000] {logging_mixin.py:188} INFO - [2025-04-09T09:17:26.620+0000] {dagbag.py:540} INFO - Filling up the DagBag from /opt/airflow/dags/fetch_data_and_upload_to_gcs.py
[2025-04-09T09:17:26.628+0000] {processor.py:840} INFO - DAG(s) 'fetch_data_and_upload_to_gcs' retrieved from /opt/airflow/dags/fetch_data_and_upload_to_gcs.py
[2025-04-09T09:17:26.653+0000] {logging_mixin.py:188} INFO - [2025-04-09T09:17:26.653+0000] {dag.py:3047} INFO - Sync 1 DAGs
[2025-04-09T09:17:26.667+0000] {logging_mixin.py:188} INFO - [2025-04-09T09:17:26.667+0000] {dag.py:3834} INFO - Setting next_dagrun for fetch_data_and_upload_to_gcs to None, run_after=None
[2025-04-09T09:17:26.696+0000] {processor.py:183} INFO - Processing /opt/airflow/dags/fetch_data_and_upload_to_gcs.py took 0.084 seconds
