[2025-04-09T08:37:49.451+0000] {processor.py:161} INFO - Started process (PID=65) to work on /opt/airflow/dags/load_csv_to_bq.py
[2025-04-09T08:37:49.454+0000] {processor.py:830} INFO - Processing file /opt/airflow/dags/load_csv_to_bq.py for tasks to queue
[2025-04-09T08:37:49.463+0000] {logging_mixin.py:188} INFO - [2025-04-09T08:37:49.462+0000] {dagbag.py:540} INFO - Filling up the DagBag from /opt/airflow/dags/load_csv_to_bq.py
[2025-04-09T08:37:49.499+0000] {processor.py:840} INFO - DAG(s) 'load_csv_to_bq' retrieved from /opt/airflow/dags/load_csv_to_bq.py
[2025-04-09T08:37:49.703+0000] {logging_mixin.py:188} INFO - [2025-04-09T08:37:49.702+0000] {dag.py:3047} INFO - Sync 1 DAGs
[2025-04-09T08:37:49.717+0000] {logging_mixin.py:188} INFO - [2025-04-09T08:37:49.717+0000] {dag.py:3834} INFO - Setting next_dagrun for load_csv_to_bq to None, run_after=None
[2025-04-09T08:37:49.751+0000] {processor.py:183} INFO - Processing /opt/airflow/dags/load_csv_to_bq.py took 0.309 seconds
[2025-04-09T08:38:20.061+0000] {processor.py:161} INFO - Started process (PID=127) to work on /opt/airflow/dags/load_csv_to_bq.py
[2025-04-09T08:38:20.063+0000] {processor.py:830} INFO - Processing file /opt/airflow/dags/load_csv_to_bq.py for tasks to queue
[2025-04-09T08:38:20.065+0000] {logging_mixin.py:188} INFO - [2025-04-09T08:38:20.064+0000] {dagbag.py:540} INFO - Filling up the DagBag from /opt/airflow/dags/load_csv_to_bq.py
[2025-04-09T08:38:20.076+0000] {processor.py:840} INFO - DAG(s) 'load_csv_to_bq' retrieved from /opt/airflow/dags/load_csv_to_bq.py
[2025-04-09T08:38:20.097+0000] {logging_mixin.py:188} INFO - [2025-04-09T08:38:20.097+0000] {dag.py:3047} INFO - Sync 1 DAGs
[2025-04-09T08:38:20.111+0000] {logging_mixin.py:188} INFO - [2025-04-09T08:38:20.111+0000] {dag.py:3834} INFO - Setting next_dagrun for load_csv_to_bq to None, run_after=None
[2025-04-09T08:38:20.135+0000] {processor.py:183} INFO - Processing /opt/airflow/dags/load_csv_to_bq.py took 0.077 seconds
[2025-04-09T08:38:50.554+0000] {processor.py:161} INFO - Started process (PID=189) to work on /opt/airflow/dags/load_csv_to_bq.py
[2025-04-09T08:38:50.555+0000] {processor.py:830} INFO - Processing file /opt/airflow/dags/load_csv_to_bq.py for tasks to queue
[2025-04-09T08:38:50.558+0000] {logging_mixin.py:188} INFO - [2025-04-09T08:38:50.557+0000] {dagbag.py:540} INFO - Filling up the DagBag from /opt/airflow/dags/load_csv_to_bq.py
[2025-04-09T08:38:50.571+0000] {processor.py:840} INFO - DAG(s) 'load_csv_to_bq' retrieved from /opt/airflow/dags/load_csv_to_bq.py
[2025-04-09T08:38:50.596+0000] {logging_mixin.py:188} INFO - [2025-04-09T08:38:50.595+0000] {dag.py:3047} INFO - Sync 1 DAGs
[2025-04-09T08:38:50.610+0000] {logging_mixin.py:188} INFO - [2025-04-09T08:38:50.610+0000] {dag.py:3834} INFO - Setting next_dagrun for load_csv_to_bq to None, run_after=None
[2025-04-09T08:38:50.637+0000] {processor.py:183} INFO - Processing /opt/airflow/dags/load_csv_to_bq.py took 0.087 seconds
[2025-04-09T08:39:21.046+0000] {processor.py:161} INFO - Started process (PID=251) to work on /opt/airflow/dags/load_csv_to_bq.py
[2025-04-09T08:39:21.047+0000] {processor.py:830} INFO - Processing file /opt/airflow/dags/load_csv_to_bq.py for tasks to queue
[2025-04-09T08:39:21.049+0000] {logging_mixin.py:188} INFO - [2025-04-09T08:39:21.049+0000] {dagbag.py:540} INFO - Filling up the DagBag from /opt/airflow/dags/load_csv_to_bq.py
[2025-04-09T08:39:21.061+0000] {processor.py:840} INFO - DAG(s) 'load_csv_to_bq' retrieved from /opt/airflow/dags/load_csv_to_bq.py
[2025-04-09T08:39:21.084+0000] {logging_mixin.py:188} INFO - [2025-04-09T08:39:21.084+0000] {dag.py:3047} INFO - Sync 1 DAGs
[2025-04-09T08:39:21.096+0000] {logging_mixin.py:188} INFO - [2025-04-09T08:39:21.096+0000] {dag.py:3834} INFO - Setting next_dagrun for load_csv_to_bq to None, run_after=None
[2025-04-09T08:39:21.122+0000] {processor.py:183} INFO - Processing /opt/airflow/dags/load_csv_to_bq.py took 0.080 seconds
[2025-04-09T08:39:51.706+0000] {processor.py:161} INFO - Started process (PID=313) to work on /opt/airflow/dags/load_csv_to_bq.py
[2025-04-09T08:39:51.708+0000] {processor.py:830} INFO - Processing file /opt/airflow/dags/load_csv_to_bq.py for tasks to queue
[2025-04-09T08:39:51.710+0000] {logging_mixin.py:188} INFO - [2025-04-09T08:39:51.710+0000] {dagbag.py:540} INFO - Filling up the DagBag from /opt/airflow/dags/load_csv_to_bq.py
[2025-04-09T08:39:51.721+0000] {processor.py:840} INFO - DAG(s) 'load_csv_to_bq' retrieved from /opt/airflow/dags/load_csv_to_bq.py
[2025-04-09T08:39:51.745+0000] {logging_mixin.py:188} INFO - [2025-04-09T08:39:51.744+0000] {dag.py:3047} INFO - Sync 1 DAGs
[2025-04-09T08:39:51.759+0000] {logging_mixin.py:188} INFO - [2025-04-09T08:39:51.759+0000] {dag.py:3834} INFO - Setting next_dagrun for load_csv_to_bq to None, run_after=None
[2025-04-09T08:39:51.783+0000] {processor.py:183} INFO - Processing /opt/airflow/dags/load_csv_to_bq.py took 0.079 seconds
[2025-04-09T08:40:21.850+0000] {processor.py:161} INFO - Started process (PID=375) to work on /opt/airflow/dags/load_csv_to_bq.py
[2025-04-09T08:40:21.852+0000] {processor.py:830} INFO - Processing file /opt/airflow/dags/load_csv_to_bq.py for tasks to queue
[2025-04-09T08:40:21.854+0000] {logging_mixin.py:188} INFO - [2025-04-09T08:40:21.853+0000] {dagbag.py:540} INFO - Filling up the DagBag from /opt/airflow/dags/load_csv_to_bq.py
[2025-04-09T08:40:21.866+0000] {processor.py:840} INFO - DAG(s) 'load_csv_to_bq' retrieved from /opt/airflow/dags/load_csv_to_bq.py
[2025-04-09T08:40:21.890+0000] {logging_mixin.py:188} INFO - [2025-04-09T08:40:21.889+0000] {dag.py:3047} INFO - Sync 1 DAGs
[2025-04-09T08:40:21.903+0000] {logging_mixin.py:188} INFO - [2025-04-09T08:40:21.903+0000] {dag.py:3834} INFO - Setting next_dagrun for load_csv_to_bq to None, run_after=None
[2025-04-09T08:40:21.931+0000] {processor.py:183} INFO - Processing /opt/airflow/dags/load_csv_to_bq.py took 0.086 seconds
[2025-04-09T08:40:51.988+0000] {processor.py:161} INFO - Started process (PID=437) to work on /opt/airflow/dags/load_csv_to_bq.py
[2025-04-09T08:40:51.990+0000] {processor.py:830} INFO - Processing file /opt/airflow/dags/load_csv_to_bq.py for tasks to queue
[2025-04-09T08:40:51.992+0000] {logging_mixin.py:188} INFO - [2025-04-09T08:40:51.992+0000] {dagbag.py:540} INFO - Filling up the DagBag from /opt/airflow/dags/load_csv_to_bq.py
[2025-04-09T08:40:52.004+0000] {processor.py:840} INFO - DAG(s) 'load_csv_to_bq' retrieved from /opt/airflow/dags/load_csv_to_bq.py
[2025-04-09T08:40:52.027+0000] {logging_mixin.py:188} INFO - [2025-04-09T08:40:52.027+0000] {dag.py:3047} INFO - Sync 1 DAGs
[2025-04-09T08:40:52.043+0000] {logging_mixin.py:188} INFO - [2025-04-09T08:40:52.043+0000] {dag.py:3834} INFO - Setting next_dagrun for load_csv_to_bq to None, run_after=None
[2025-04-09T08:40:52.068+0000] {processor.py:183} INFO - Processing /opt/airflow/dags/load_csv_to_bq.py took 0.086 seconds
[2025-04-09T08:41:22.430+0000] {processor.py:161} INFO - Started process (PID=499) to work on /opt/airflow/dags/load_csv_to_bq.py
[2025-04-09T08:41:22.432+0000] {processor.py:830} INFO - Processing file /opt/airflow/dags/load_csv_to_bq.py for tasks to queue
[2025-04-09T08:41:22.436+0000] {logging_mixin.py:188} INFO - [2025-04-09T08:41:22.435+0000] {dagbag.py:540} INFO - Filling up the DagBag from /opt/airflow/dags/load_csv_to_bq.py
[2025-04-09T08:41:22.451+0000] {processor.py:840} INFO - DAG(s) 'load_csv_to_bq' retrieved from /opt/airflow/dags/load_csv_to_bq.py
[2025-04-09T08:41:22.479+0000] {logging_mixin.py:188} INFO - [2025-04-09T08:41:22.478+0000] {dag.py:3047} INFO - Sync 1 DAGs
[2025-04-09T08:41:22.496+0000] {logging_mixin.py:188} INFO - [2025-04-09T08:41:22.496+0000] {dag.py:3834} INFO - Setting next_dagrun for load_csv_to_bq to None, run_after=None
[2025-04-09T08:41:22.526+0000] {processor.py:183} INFO - Processing /opt/airflow/dags/load_csv_to_bq.py took 0.102 seconds
[2025-04-09T08:41:52.855+0000] {processor.py:161} INFO - Started process (PID=561) to work on /opt/airflow/dags/load_csv_to_bq.py
[2025-04-09T08:41:52.857+0000] {processor.py:830} INFO - Processing file /opt/airflow/dags/load_csv_to_bq.py for tasks to queue
[2025-04-09T08:41:52.860+0000] {logging_mixin.py:188} INFO - [2025-04-09T08:41:52.859+0000] {dagbag.py:540} INFO - Filling up the DagBag from /opt/airflow/dags/load_csv_to_bq.py
[2025-04-09T08:41:52.875+0000] {processor.py:840} INFO - DAG(s) 'load_csv_to_bq' retrieved from /opt/airflow/dags/load_csv_to_bq.py
[2025-04-09T08:41:52.898+0000] {logging_mixin.py:188} INFO - [2025-04-09T08:41:52.898+0000] {dag.py:3047} INFO - Sync 1 DAGs
[2025-04-09T08:41:52.914+0000] {logging_mixin.py:188} INFO - [2025-04-09T08:41:52.914+0000] {dag.py:3834} INFO - Setting next_dagrun for load_csv_to_bq to None, run_after=None
[2025-04-09T08:41:52.941+0000] {processor.py:183} INFO - Processing /opt/airflow/dags/load_csv_to_bq.py took 0.092 seconds
[2025-04-09T08:42:23.356+0000] {processor.py:161} INFO - Started process (PID=623) to work on /opt/airflow/dags/load_csv_to_bq.py
[2025-04-09T08:42:23.358+0000] {processor.py:830} INFO - Processing file /opt/airflow/dags/load_csv_to_bq.py for tasks to queue
[2025-04-09T08:42:23.361+0000] {logging_mixin.py:188} INFO - [2025-04-09T08:42:23.360+0000] {dagbag.py:540} INFO - Filling up the DagBag from /opt/airflow/dags/load_csv_to_bq.py
[2025-04-09T08:42:23.373+0000] {processor.py:840} INFO - DAG(s) 'load_csv_to_bq' retrieved from /opt/airflow/dags/load_csv_to_bq.py
[2025-04-09T08:42:23.396+0000] {logging_mixin.py:188} INFO - [2025-04-09T08:42:23.395+0000] {dag.py:3047} INFO - Sync 1 DAGs
[2025-04-09T08:42:23.412+0000] {logging_mixin.py:188} INFO - [2025-04-09T08:42:23.412+0000] {dag.py:3834} INFO - Setting next_dagrun for load_csv_to_bq to None, run_after=None
[2025-04-09T08:42:23.439+0000] {processor.py:183} INFO - Processing /opt/airflow/dags/load_csv_to_bq.py took 0.087 seconds
[2025-04-09T08:42:54.205+0000] {processor.py:161} INFO - Started process (PID=685) to work on /opt/airflow/dags/load_csv_to_bq.py
[2025-04-09T08:42:54.206+0000] {processor.py:830} INFO - Processing file /opt/airflow/dags/load_csv_to_bq.py for tasks to queue
[2025-04-09T08:42:54.209+0000] {logging_mixin.py:188} INFO - [2025-04-09T08:42:54.209+0000] {dagbag.py:540} INFO - Filling up the DagBag from /opt/airflow/dags/load_csv_to_bq.py
[2025-04-09T08:42:54.222+0000] {processor.py:840} INFO - DAG(s) 'load_csv_to_bq' retrieved from /opt/airflow/dags/load_csv_to_bq.py
[2025-04-09T08:42:54.243+0000] {logging_mixin.py:188} INFO - [2025-04-09T08:42:54.242+0000] {dag.py:3047} INFO - Sync 1 DAGs
[2025-04-09T08:42:54.255+0000] {logging_mixin.py:188} INFO - [2025-04-09T08:42:54.255+0000] {dag.py:3834} INFO - Setting next_dagrun for load_csv_to_bq to None, run_after=None
[2025-04-09T08:42:54.277+0000] {processor.py:183} INFO - Processing /opt/airflow/dags/load_csv_to_bq.py took 0.076 seconds
[2025-04-09T08:43:24.359+0000] {processor.py:161} INFO - Started process (PID=747) to work on /opt/airflow/dags/load_csv_to_bq.py
[2025-04-09T08:43:24.360+0000] {processor.py:830} INFO - Processing file /opt/airflow/dags/load_csv_to_bq.py for tasks to queue
[2025-04-09T08:43:24.363+0000] {logging_mixin.py:188} INFO - [2025-04-09T08:43:24.363+0000] {dagbag.py:540} INFO - Filling up the DagBag from /opt/airflow/dags/load_csv_to_bq.py
[2025-04-09T08:43:24.375+0000] {processor.py:840} INFO - DAG(s) 'load_csv_to_bq' retrieved from /opt/airflow/dags/load_csv_to_bq.py
[2025-04-09T08:43:24.397+0000] {logging_mixin.py:188} INFO - [2025-04-09T08:43:24.397+0000] {dag.py:3047} INFO - Sync 1 DAGs
[2025-04-09T08:43:24.413+0000] {logging_mixin.py:188} INFO - [2025-04-09T08:43:24.413+0000] {dag.py:3834} INFO - Setting next_dagrun for load_csv_to_bq to None, run_after=None
[2025-04-09T08:43:24.440+0000] {processor.py:183} INFO - Processing /opt/airflow/dags/load_csv_to_bq.py took 0.086 seconds
[2025-04-09T08:43:54.529+0000] {processor.py:161} INFO - Started process (PID=809) to work on /opt/airflow/dags/load_csv_to_bq.py
[2025-04-09T08:43:54.531+0000] {processor.py:830} INFO - Processing file /opt/airflow/dags/load_csv_to_bq.py for tasks to queue
[2025-04-09T08:43:54.534+0000] {logging_mixin.py:188} INFO - [2025-04-09T08:43:54.533+0000] {dagbag.py:540} INFO - Filling up the DagBag from /opt/airflow/dags/load_csv_to_bq.py
[2025-04-09T08:43:54.545+0000] {processor.py:840} INFO - DAG(s) 'load_csv_to_bq' retrieved from /opt/airflow/dags/load_csv_to_bq.py
[2025-04-09T08:43:54.566+0000] {logging_mixin.py:188} INFO - [2025-04-09T08:43:54.566+0000] {dag.py:3047} INFO - Sync 1 DAGs
[2025-04-09T08:43:54.579+0000] {logging_mixin.py:188} INFO - [2025-04-09T08:43:54.579+0000] {dag.py:3834} INFO - Setting next_dagrun for load_csv_to_bq to None, run_after=None
[2025-04-09T08:43:54.604+0000] {processor.py:183} INFO - Processing /opt/airflow/dags/load_csv_to_bq.py took 0.079 seconds
[2025-04-09T08:44:24.664+0000] {processor.py:161} INFO - Started process (PID=871) to work on /opt/airflow/dags/load_csv_to_bq.py
[2025-04-09T08:44:24.665+0000] {processor.py:830} INFO - Processing file /opt/airflow/dags/load_csv_to_bq.py for tasks to queue
[2025-04-09T08:44:24.668+0000] {logging_mixin.py:188} INFO - [2025-04-09T08:44:24.668+0000] {dagbag.py:540} INFO - Filling up the DagBag from /opt/airflow/dags/load_csv_to_bq.py
[2025-04-09T08:44:24.679+0000] {processor.py:840} INFO - DAG(s) 'load_csv_to_bq' retrieved from /opt/airflow/dags/load_csv_to_bq.py
[2025-04-09T08:44:24.701+0000] {logging_mixin.py:188} INFO - [2025-04-09T08:44:24.700+0000] {dag.py:3047} INFO - Sync 1 DAGs
[2025-04-09T08:44:24.713+0000] {logging_mixin.py:188} INFO - [2025-04-09T08:44:24.713+0000] {dag.py:3834} INFO - Setting next_dagrun for load_csv_to_bq to None, run_after=None
[2025-04-09T08:44:24.736+0000] {processor.py:183} INFO - Processing /opt/airflow/dags/load_csv_to_bq.py took 0.076 seconds
[2025-04-09T08:44:55.811+0000] {processor.py:161} INFO - Started process (PID=933) to work on /opt/airflow/dags/load_csv_to_bq.py
[2025-04-09T08:44:55.812+0000] {processor.py:830} INFO - Processing file /opt/airflow/dags/load_csv_to_bq.py for tasks to queue
[2025-04-09T08:44:55.815+0000] {logging_mixin.py:188} INFO - [2025-04-09T08:44:55.815+0000] {dagbag.py:540} INFO - Filling up the DagBag from /opt/airflow/dags/load_csv_to_bq.py
[2025-04-09T08:44:55.826+0000] {processor.py:840} INFO - DAG(s) 'load_csv_to_bq' retrieved from /opt/airflow/dags/load_csv_to_bq.py
[2025-04-09T08:44:55.848+0000] {logging_mixin.py:188} INFO - [2025-04-09T08:44:55.848+0000] {dag.py:3047} INFO - Sync 1 DAGs
[2025-04-09T08:44:55.860+0000] {logging_mixin.py:188} INFO - [2025-04-09T08:44:55.860+0000] {dag.py:3834} INFO - Setting next_dagrun for load_csv_to_bq to None, run_after=None
[2025-04-09T08:44:55.881+0000] {processor.py:183} INFO - Processing /opt/airflow/dags/load_csv_to_bq.py took 0.074 seconds
[2025-04-09T08:45:26.220+0000] {processor.py:161} INFO - Started process (PID=995) to work on /opt/airflow/dags/load_csv_to_bq.py
[2025-04-09T08:45:26.221+0000] {processor.py:830} INFO - Processing file /opt/airflow/dags/load_csv_to_bq.py for tasks to queue
[2025-04-09T08:45:26.224+0000] {logging_mixin.py:188} INFO - [2025-04-09T08:45:26.223+0000] {dagbag.py:540} INFO - Filling up the DagBag from /opt/airflow/dags/load_csv_to_bq.py
[2025-04-09T08:45:26.240+0000] {processor.py:840} INFO - DAG(s) 'load_csv_to_bq' retrieved from /opt/airflow/dags/load_csv_to_bq.py
[2025-04-09T08:45:26.262+0000] {logging_mixin.py:188} INFO - [2025-04-09T08:45:26.262+0000] {dag.py:3047} INFO - Sync 1 DAGs
[2025-04-09T08:45:26.276+0000] {logging_mixin.py:188} INFO - [2025-04-09T08:45:26.276+0000] {dag.py:3834} INFO - Setting next_dagrun for load_csv_to_bq to None, run_after=None
[2025-04-09T08:45:26.299+0000] {processor.py:183} INFO - Processing /opt/airflow/dags/load_csv_to_bq.py took 0.085 seconds
[2025-04-09T08:45:56.435+0000] {processor.py:161} INFO - Started process (PID=1058) to work on /opt/airflow/dags/load_csv_to_bq.py
[2025-04-09T08:45:56.437+0000] {processor.py:830} INFO - Processing file /opt/airflow/dags/load_csv_to_bq.py for tasks to queue
[2025-04-09T08:45:56.440+0000] {logging_mixin.py:188} INFO - [2025-04-09T08:45:56.440+0000] {dagbag.py:540} INFO - Filling up the DagBag from /opt/airflow/dags/load_csv_to_bq.py
[2025-04-09T08:45:56.451+0000] {processor.py:840} INFO - DAG(s) 'load_csv_to_bq' retrieved from /opt/airflow/dags/load_csv_to_bq.py
[2025-04-09T08:45:56.474+0000] {logging_mixin.py:188} INFO - [2025-04-09T08:45:56.473+0000] {dag.py:3047} INFO - Sync 1 DAGs
[2025-04-09T08:45:56.488+0000] {logging_mixin.py:188} INFO - [2025-04-09T08:45:56.488+0000] {dag.py:3834} INFO - Setting next_dagrun for load_csv_to_bq to None, run_after=None
[2025-04-09T08:45:56.511+0000] {processor.py:183} INFO - Processing /opt/airflow/dags/load_csv_to_bq.py took 0.080 seconds
[2025-04-09T08:46:26.945+0000] {processor.py:161} INFO - Started process (PID=1125) to work on /opt/airflow/dags/load_csv_to_bq.py
[2025-04-09T08:46:26.947+0000] {processor.py:830} INFO - Processing file /opt/airflow/dags/load_csv_to_bq.py for tasks to queue
[2025-04-09T08:46:26.949+0000] {logging_mixin.py:188} INFO - [2025-04-09T08:46:26.949+0000] {dagbag.py:540} INFO - Filling up the DagBag from /opt/airflow/dags/load_csv_to_bq.py
[2025-04-09T08:46:26.960+0000] {processor.py:840} INFO - DAG(s) 'load_csv_to_bq' retrieved from /opt/airflow/dags/load_csv_to_bq.py
[2025-04-09T08:46:26.983+0000] {logging_mixin.py:188} INFO - [2025-04-09T08:46:26.982+0000] {dag.py:3047} INFO - Sync 1 DAGs
[2025-04-09T08:46:26.995+0000] {logging_mixin.py:188} INFO - [2025-04-09T08:46:26.995+0000] {dag.py:3834} INFO - Setting next_dagrun for load_csv_to_bq to None, run_after=None
[2025-04-09T08:46:27.018+0000] {processor.py:183} INFO - Processing /opt/airflow/dags/load_csv_to_bq.py took 0.077 seconds
[2025-04-09T08:46:57.785+0000] {processor.py:161} INFO - Started process (PID=1190) to work on /opt/airflow/dags/load_csv_to_bq.py
[2025-04-09T08:46:57.787+0000] {processor.py:830} INFO - Processing file /opt/airflow/dags/load_csv_to_bq.py for tasks to queue
[2025-04-09T08:46:57.790+0000] {logging_mixin.py:188} INFO - [2025-04-09T08:46:57.789+0000] {dagbag.py:540} INFO - Filling up the DagBag from /opt/airflow/dags/load_csv_to_bq.py
[2025-04-09T08:46:57.805+0000] {processor.py:840} INFO - DAG(s) 'load_csv_to_bq' retrieved from /opt/airflow/dags/load_csv_to_bq.py
[2025-04-09T08:46:57.840+0000] {logging_mixin.py:188} INFO - [2025-04-09T08:46:57.839+0000] {dag.py:3047} INFO - Sync 1 DAGs
[2025-04-09T08:46:57.860+0000] {logging_mixin.py:188} INFO - [2025-04-09T08:46:57.859+0000] {dag.py:3834} INFO - Setting next_dagrun for load_csv_to_bq to None, run_after=None
[2025-04-09T08:46:57.895+0000] {processor.py:183} INFO - Processing /opt/airflow/dags/load_csv_to_bq.py took 0.117 seconds
[2025-04-09T08:47:28.093+0000] {processor.py:161} INFO - Started process (PID=1264) to work on /opt/airflow/dags/load_csv_to_bq.py
[2025-04-09T08:47:28.095+0000] {processor.py:830} INFO - Processing file /opt/airflow/dags/load_csv_to_bq.py for tasks to queue
[2025-04-09T08:47:28.097+0000] {logging_mixin.py:188} INFO - [2025-04-09T08:47:28.097+0000] {dagbag.py:540} INFO - Filling up the DagBag from /opt/airflow/dags/load_csv_to_bq.py
[2025-04-09T08:47:28.107+0000] {processor.py:840} INFO - DAG(s) 'load_csv_to_bq' retrieved from /opt/airflow/dags/load_csv_to_bq.py
[2025-04-09T08:47:28.131+0000] {logging_mixin.py:188} INFO - [2025-04-09T08:47:28.130+0000] {dag.py:3047} INFO - Sync 1 DAGs
[2025-04-09T08:47:28.143+0000] {logging_mixin.py:188} INFO - [2025-04-09T08:47:28.143+0000] {dag.py:3834} INFO - Setting next_dagrun for load_csv_to_bq to None, run_after=None
[2025-04-09T08:47:28.169+0000] {processor.py:183} INFO - Processing /opt/airflow/dags/load_csv_to_bq.py took 0.080 seconds
[2025-04-09T08:47:58.742+0000] {processor.py:161} INFO - Started process (PID=1324) to work on /opt/airflow/dags/load_csv_to_bq.py
[2025-04-09T08:47:58.744+0000] {processor.py:830} INFO - Processing file /opt/airflow/dags/load_csv_to_bq.py for tasks to queue
[2025-04-09T08:47:58.747+0000] {logging_mixin.py:188} INFO - [2025-04-09T08:47:58.747+0000] {dagbag.py:540} INFO - Filling up the DagBag from /opt/airflow/dags/load_csv_to_bq.py
[2025-04-09T08:47:58.760+0000] {processor.py:840} INFO - DAG(s) 'load_csv_to_bq' retrieved from /opt/airflow/dags/load_csv_to_bq.py
[2025-04-09T08:47:56.278+0000] {logging_mixin.py:188} INFO - [2025-04-09T08:47:56.277+0000] {dag.py:3047} INFO - Sync 1 DAGs
[2025-04-09T08:47:56.294+0000] {logging_mixin.py:188} INFO - [2025-04-09T08:47:56.294+0000] {dag.py:3834} INFO - Setting next_dagrun for load_csv_to_bq to None, run_after=None
[2025-04-09T08:47:56.317+0000] {processor.py:183} INFO - Processing /opt/airflow/dags/load_csv_to_bq.py took 0.088 seconds
[2025-04-09T08:48:26.864+0000] {processor.py:161} INFO - Started process (PID=1368) to work on /opt/airflow/dags/load_csv_to_bq.py
[2025-04-09T08:48:26.865+0000] {processor.py:830} INFO - Processing file /opt/airflow/dags/load_csv_to_bq.py for tasks to queue
[2025-04-09T08:48:26.868+0000] {logging_mixin.py:188} INFO - [2025-04-09T08:48:26.868+0000] {dagbag.py:540} INFO - Filling up the DagBag from /opt/airflow/dags/load_csv_to_bq.py
[2025-04-09T08:48:26.882+0000] {processor.py:840} INFO - DAG(s) 'load_csv_to_bq' retrieved from /opt/airflow/dags/load_csv_to_bq.py
[2025-04-09T08:48:26.910+0000] {logging_mixin.py:188} INFO - [2025-04-09T08:48:26.910+0000] {dag.py:3047} INFO - Sync 1 DAGs
[2025-04-09T08:48:26.924+0000] {logging_mixin.py:188} INFO - [2025-04-09T08:48:26.924+0000] {dag.py:3834} INFO - Setting next_dagrun for load_csv_to_bq to None, run_after=None
[2025-04-09T08:48:26.959+0000] {processor.py:183} INFO - Processing /opt/airflow/dags/load_csv_to_bq.py took 0.099 seconds
[2025-04-09T08:48:57.111+0000] {processor.py:161} INFO - Started process (PID=1430) to work on /opt/airflow/dags/load_csv_to_bq.py
[2025-04-09T08:48:57.112+0000] {processor.py:830} INFO - Processing file /opt/airflow/dags/load_csv_to_bq.py for tasks to queue
[2025-04-09T08:48:57.114+0000] {logging_mixin.py:188} INFO - [2025-04-09T08:48:57.114+0000] {dagbag.py:540} INFO - Filling up the DagBag from /opt/airflow/dags/load_csv_to_bq.py
[2025-04-09T08:48:57.126+0000] {processor.py:840} INFO - DAG(s) 'load_csv_to_bq' retrieved from /opt/airflow/dags/load_csv_to_bq.py
[2025-04-09T08:48:57.152+0000] {logging_mixin.py:188} INFO - [2025-04-09T08:48:57.151+0000] {dag.py:3047} INFO - Sync 1 DAGs
[2025-04-09T08:48:57.164+0000] {logging_mixin.py:188} INFO - [2025-04-09T08:48:57.164+0000] {dag.py:3834} INFO - Setting next_dagrun for load_csv_to_bq to None, run_after=None
[2025-04-09T08:48:57.193+0000] {processor.py:183} INFO - Processing /opt/airflow/dags/load_csv_to_bq.py took 0.085 seconds
[2025-04-09T08:49:27.361+0000] {processor.py:161} INFO - Started process (PID=1492) to work on /opt/airflow/dags/load_csv_to_bq.py
[2025-04-09T08:49:27.362+0000] {processor.py:830} INFO - Processing file /opt/airflow/dags/load_csv_to_bq.py for tasks to queue
[2025-04-09T08:49:27.364+0000] {logging_mixin.py:188} INFO - [2025-04-09T08:49:27.364+0000] {dagbag.py:540} INFO - Filling up the DagBag from /opt/airflow/dags/load_csv_to_bq.py
[2025-04-09T08:49:27.380+0000] {processor.py:840} INFO - DAG(s) 'load_csv_to_bq' retrieved from /opt/airflow/dags/load_csv_to_bq.py
[2025-04-09T08:49:27.405+0000] {logging_mixin.py:188} INFO - [2025-04-09T08:49:27.404+0000] {dag.py:3047} INFO - Sync 1 DAGs
[2025-04-09T08:49:27.419+0000] {logging_mixin.py:188} INFO - [2025-04-09T08:49:27.418+0000] {dag.py:3834} INFO - Setting next_dagrun for load_csv_to_bq to None, run_after=None
[2025-04-09T08:49:27.447+0000] {processor.py:183} INFO - Processing /opt/airflow/dags/load_csv_to_bq.py took 0.089 seconds
[2025-04-09T08:49:57.990+0000] {processor.py:161} INFO - Started process (PID=1560) to work on /opt/airflow/dags/load_csv_to_bq.py
[2025-04-09T08:49:57.992+0000] {processor.py:830} INFO - Processing file /opt/airflow/dags/load_csv_to_bq.py for tasks to queue
[2025-04-09T08:49:57.995+0000] {logging_mixin.py:188} INFO - [2025-04-09T08:49:57.994+0000] {dagbag.py:540} INFO - Filling up the DagBag from /opt/airflow/dags/load_csv_to_bq.py
[2025-04-09T08:49:58.008+0000] {processor.py:840} INFO - DAG(s) 'load_csv_to_bq' retrieved from /opt/airflow/dags/load_csv_to_bq.py
[2025-04-09T08:49:58.049+0000] {logging_mixin.py:188} INFO - [2025-04-09T08:49:58.048+0000] {dag.py:3047} INFO - Sync 1 DAGs
[2025-04-09T08:49:58.070+0000] {logging_mixin.py:188} INFO - [2025-04-09T08:49:58.070+0000] {dag.py:3834} INFO - Setting next_dagrun for load_csv_to_bq to None, run_after=None
[2025-04-09T08:49:58.097+0000] {processor.py:183} INFO - Processing /opt/airflow/dags/load_csv_to_bq.py took 0.112 seconds
[2025-04-09T08:50:28.471+0000] {processor.py:161} INFO - Started process (PID=1626) to work on /opt/airflow/dags/load_csv_to_bq.py
[2025-04-09T08:50:28.473+0000] {processor.py:830} INFO - Processing file /opt/airflow/dags/load_csv_to_bq.py for tasks to queue
[2025-04-09T08:50:28.476+0000] {logging_mixin.py:188} INFO - [2025-04-09T08:50:28.475+0000] {dagbag.py:540} INFO - Filling up the DagBag from /opt/airflow/dags/load_csv_to_bq.py
[2025-04-09T08:50:28.492+0000] {processor.py:840} INFO - DAG(s) 'load_csv_to_bq' retrieved from /opt/airflow/dags/load_csv_to_bq.py
[2025-04-09T08:50:28.533+0000] {logging_mixin.py:188} INFO - [2025-04-09T08:50:28.532+0000] {dag.py:3047} INFO - Sync 1 DAGs
[2025-04-09T08:50:28.554+0000] {logging_mixin.py:188} INFO - [2025-04-09T08:50:28.554+0000] {dag.py:3834} INFO - Setting next_dagrun for load_csv_to_bq to None, run_after=None
[2025-04-09T08:50:28.591+0000] {processor.py:183} INFO - Processing /opt/airflow/dags/load_csv_to_bq.py took 0.124 seconds
[2025-04-09T08:50:58.894+0000] {processor.py:161} INFO - Started process (PID=1688) to work on /opt/airflow/dags/load_csv_to_bq.py
[2025-04-09T08:50:58.896+0000] {processor.py:830} INFO - Processing file /opt/airflow/dags/load_csv_to_bq.py for tasks to queue
[2025-04-09T08:50:58.898+0000] {logging_mixin.py:188} INFO - [2025-04-09T08:50:58.898+0000] {dagbag.py:540} INFO - Filling up the DagBag from /opt/airflow/dags/load_csv_to_bq.py
[2025-04-09T08:50:58.910+0000] {processor.py:840} INFO - DAG(s) 'load_csv_to_bq' retrieved from /opt/airflow/dags/load_csv_to_bq.py
[2025-04-09T08:50:58.934+0000] {logging_mixin.py:188} INFO - [2025-04-09T08:50:58.934+0000] {dag.py:3047} INFO - Sync 1 DAGs
[2025-04-09T08:50:58.948+0000] {logging_mixin.py:188} INFO - [2025-04-09T08:50:58.947+0000] {dag.py:3834} INFO - Setting next_dagrun for load_csv_to_bq to None, run_after=None
[2025-04-09T08:50:58.976+0000] {processor.py:183} INFO - Processing /opt/airflow/dags/load_csv_to_bq.py took 0.089 seconds
[2025-04-09T08:51:29.485+0000] {processor.py:161} INFO - Started process (PID=1750) to work on /opt/airflow/dags/load_csv_to_bq.py
[2025-04-09T08:51:29.487+0000] {processor.py:830} INFO - Processing file /opt/airflow/dags/load_csv_to_bq.py for tasks to queue
[2025-04-09T08:51:29.489+0000] {logging_mixin.py:188} INFO - [2025-04-09T08:51:29.489+0000] {dagbag.py:540} INFO - Filling up the DagBag from /opt/airflow/dags/load_csv_to_bq.py
[2025-04-09T08:51:29.502+0000] {processor.py:840} INFO - DAG(s) 'load_csv_to_bq' retrieved from /opt/airflow/dags/load_csv_to_bq.py
[2025-04-09T08:51:29.527+0000] {logging_mixin.py:188} INFO - [2025-04-09T08:51:29.527+0000] {dag.py:3047} INFO - Sync 1 DAGs
[2025-04-09T08:51:29.540+0000] {logging_mixin.py:188} INFO - [2025-04-09T08:51:29.540+0000] {dag.py:3834} INFO - Setting next_dagrun for load_csv_to_bq to None, run_after=None
[2025-04-09T08:51:29.568+0000] {processor.py:183} INFO - Processing /opt/airflow/dags/load_csv_to_bq.py took 0.088 seconds
[2025-04-09T08:52:00.311+0000] {processor.py:161} INFO - Started process (PID=1820) to work on /opt/airflow/dags/load_csv_to_bq.py
[2025-04-09T08:52:00.312+0000] {processor.py:830} INFO - Processing file /opt/airflow/dags/load_csv_to_bq.py for tasks to queue
[2025-04-09T08:52:00.315+0000] {logging_mixin.py:188} INFO - [2025-04-09T08:52:00.314+0000] {dagbag.py:540} INFO - Filling up the DagBag from /opt/airflow/dags/load_csv_to_bq.py
[2025-04-09T08:52:00.325+0000] {processor.py:840} INFO - DAG(s) 'load_csv_to_bq' retrieved from /opt/airflow/dags/load_csv_to_bq.py
[2025-04-09T08:52:00.347+0000] {logging_mixin.py:188} INFO - [2025-04-09T08:52:00.347+0000] {dag.py:3047} INFO - Sync 1 DAGs
[2025-04-09T08:52:00.360+0000] {logging_mixin.py:188} INFO - [2025-04-09T08:52:00.359+0000] {dag.py:3834} INFO - Setting next_dagrun for load_csv_to_bq to None, run_after=None
[2025-04-09T08:52:00.383+0000] {processor.py:183} INFO - Processing /opt/airflow/dags/load_csv_to_bq.py took 0.076 seconds
[2025-04-09T08:52:30.866+0000] {processor.py:161} INFO - Started process (PID=1882) to work on /opt/airflow/dags/load_csv_to_bq.py
[2025-04-09T08:52:30.868+0000] {processor.py:830} INFO - Processing file /opt/airflow/dags/load_csv_to_bq.py for tasks to queue
[2025-04-09T08:52:30.870+0000] {logging_mixin.py:188} INFO - [2025-04-09T08:52:30.870+0000] {dagbag.py:540} INFO - Filling up the DagBag from /opt/airflow/dags/load_csv_to_bq.py
[2025-04-09T08:52:30.881+0000] {processor.py:840} INFO - DAG(s) 'load_csv_to_bq' retrieved from /opt/airflow/dags/load_csv_to_bq.py
[2025-04-09T08:52:30.903+0000] {logging_mixin.py:188} INFO - [2025-04-09T08:52:30.903+0000] {dag.py:3047} INFO - Sync 1 DAGs
[2025-04-09T08:52:30.917+0000] {logging_mixin.py:188} INFO - [2025-04-09T08:52:30.917+0000] {dag.py:3834} INFO - Setting next_dagrun for load_csv_to_bq to None, run_after=None
[2025-04-09T08:52:30.942+0000] {processor.py:183} INFO - Processing /opt/airflow/dags/load_csv_to_bq.py took 0.081 seconds
[2025-04-09T08:53:01.465+0000] {processor.py:161} INFO - Started process (PID=1944) to work on /opt/airflow/dags/load_csv_to_bq.py
[2025-04-09T08:53:01.467+0000] {processor.py:830} INFO - Processing file /opt/airflow/dags/load_csv_to_bq.py for tasks to queue
[2025-04-09T08:53:01.469+0000] {logging_mixin.py:188} INFO - [2025-04-09T08:53:01.469+0000] {dagbag.py:540} INFO - Filling up the DagBag from /opt/airflow/dags/load_csv_to_bq.py
[2025-04-09T08:53:01.481+0000] {processor.py:840} INFO - DAG(s) 'load_csv_to_bq' retrieved from /opt/airflow/dags/load_csv_to_bq.py
[2025-04-09T08:53:01.504+0000] {logging_mixin.py:188} INFO - [2025-04-09T08:53:01.504+0000] {dag.py:3047} INFO - Sync 1 DAGs
[2025-04-09T08:53:01.516+0000] {logging_mixin.py:188} INFO - [2025-04-09T08:53:01.516+0000] {dag.py:3834} INFO - Setting next_dagrun for load_csv_to_bq to None, run_after=None
[2025-04-09T08:53:01.538+0000] {processor.py:183} INFO - Processing /opt/airflow/dags/load_csv_to_bq.py took 0.077 seconds
[2025-04-09T08:53:32.440+0000] {processor.py:161} INFO - Started process (PID=2006) to work on /opt/airflow/dags/load_csv_to_bq.py
[2025-04-09T08:53:32.442+0000] {processor.py:830} INFO - Processing file /opt/airflow/dags/load_csv_to_bq.py for tasks to queue
[2025-04-09T08:53:32.444+0000] {logging_mixin.py:188} INFO - [2025-04-09T08:53:32.444+0000] {dagbag.py:540} INFO - Filling up the DagBag from /opt/airflow/dags/load_csv_to_bq.py
[2025-04-09T08:53:32.455+0000] {processor.py:840} INFO - DAG(s) 'load_csv_to_bq' retrieved from /opt/airflow/dags/load_csv_to_bq.py
[2025-04-09T08:53:32.477+0000] {logging_mixin.py:188} INFO - [2025-04-09T08:53:32.477+0000] {dag.py:3047} INFO - Sync 1 DAGs
[2025-04-09T08:53:32.494+0000] {logging_mixin.py:188} INFO - [2025-04-09T08:53:32.494+0000] {dag.py:3834} INFO - Setting next_dagrun for load_csv_to_bq to None, run_after=None
[2025-04-09T08:53:32.518+0000] {processor.py:183} INFO - Processing /opt/airflow/dags/load_csv_to_bq.py took 0.082 seconds
[2025-04-09T08:54:02.822+0000] {processor.py:161} INFO - Started process (PID=2068) to work on /opt/airflow/dags/load_csv_to_bq.py
[2025-04-09T08:54:02.824+0000] {processor.py:830} INFO - Processing file /opt/airflow/dags/load_csv_to_bq.py for tasks to queue
[2025-04-09T08:54:02.826+0000] {logging_mixin.py:188} INFO - [2025-04-09T08:54:02.826+0000] {dagbag.py:540} INFO - Filling up the DagBag from /opt/airflow/dags/load_csv_to_bq.py
[2025-04-09T08:54:02.837+0000] {processor.py:840} INFO - DAG(s) 'load_csv_to_bq' retrieved from /opt/airflow/dags/load_csv_to_bq.py
[2025-04-09T08:54:02.860+0000] {logging_mixin.py:188} INFO - [2025-04-09T08:54:02.859+0000] {dag.py:3047} INFO - Sync 1 DAGs
[2025-04-09T08:54:02.872+0000] {logging_mixin.py:188} INFO - [2025-04-09T08:54:02.872+0000] {dag.py:3834} INFO - Setting next_dagrun for load_csv_to_bq to None, run_after=None
[2025-04-09T08:54:02.897+0000] {processor.py:183} INFO - Processing /opt/airflow/dags/load_csv_to_bq.py took 0.078 seconds
[2025-04-09T08:54:33.115+0000] {processor.py:161} INFO - Started process (PID=2130) to work on /opt/airflow/dags/load_csv_to_bq.py
[2025-04-09T08:54:33.116+0000] {processor.py:830} INFO - Processing file /opt/airflow/dags/load_csv_to_bq.py for tasks to queue
[2025-04-09T08:54:33.119+0000] {logging_mixin.py:188} INFO - [2025-04-09T08:54:33.118+0000] {dagbag.py:540} INFO - Filling up the DagBag from /opt/airflow/dags/load_csv_to_bq.py
[2025-04-09T08:54:33.130+0000] {processor.py:840} INFO - DAG(s) 'load_csv_to_bq' retrieved from /opt/airflow/dags/load_csv_to_bq.py
[2025-04-09T08:54:33.347+0000] {logging_mixin.py:188} INFO - [2025-04-09T08:54:33.347+0000] {dag.py:3047} INFO - Sync 1 DAGs
[2025-04-09T08:54:33.361+0000] {logging_mixin.py:188} INFO - [2025-04-09T08:54:33.360+0000] {dag.py:3834} INFO - Setting next_dagrun for load_csv_to_bq to None, run_after=None
[2025-04-09T08:54:33.388+0000] {processor.py:183} INFO - Processing /opt/airflow/dags/load_csv_to_bq.py took 0.278 seconds
[2025-04-09T08:55:05.755+0000] {processor.py:161} INFO - Started process (PID=2193) to work on /opt/airflow/dags/load_csv_to_bq.py
[2025-04-09T08:55:05.758+0000] {processor.py:830} INFO - Processing file /opt/airflow/dags/load_csv_to_bq.py for tasks to queue
[2025-04-09T08:55:05.763+0000] {logging_mixin.py:188} INFO - [2025-04-09T08:55:05.763+0000] {dagbag.py:540} INFO - Filling up the DagBag from /opt/airflow/dags/load_csv_to_bq.py
[2025-04-09T08:55:05.788+0000] {processor.py:840} INFO - DAG(s) 'load_csv_to_bq' retrieved from /opt/airflow/dags/load_csv_to_bq.py
[2025-04-09T08:55:05.838+0000] {logging_mixin.py:188} INFO - [2025-04-09T08:55:05.837+0000] {dag.py:3047} INFO - Sync 1 DAGs
[2025-04-09T08:55:06.135+0000] {logging_mixin.py:188} INFO - [2025-04-09T08:55:06.134+0000] {dag.py:3834} INFO - Setting next_dagrun for load_csv_to_bq to None, run_after=None
[2025-04-09T08:55:06.178+0000] {processor.py:183} INFO - Processing /opt/airflow/dags/load_csv_to_bq.py took 0.436 seconds
[2025-04-09T08:55:36.419+0000] {processor.py:161} INFO - Started process (PID=2255) to work on /opt/airflow/dags/load_csv_to_bq.py
[2025-04-09T08:55:36.421+0000] {processor.py:830} INFO - Processing file /opt/airflow/dags/load_csv_to_bq.py for tasks to queue
[2025-04-09T08:55:36.424+0000] {logging_mixin.py:188} INFO - [2025-04-09T08:55:36.424+0000] {dagbag.py:540} INFO - Filling up the DagBag from /opt/airflow/dags/load_csv_to_bq.py
[2025-04-09T08:55:36.439+0000] {processor.py:840} INFO - DAG(s) 'load_csv_to_bq' retrieved from /opt/airflow/dags/load_csv_to_bq.py
[2025-04-09T08:55:36.468+0000] {logging_mixin.py:188} INFO - [2025-04-09T08:55:36.467+0000] {dag.py:3047} INFO - Sync 1 DAGs
[2025-04-09T08:55:36.662+0000] {logging_mixin.py:188} INFO - [2025-04-09T08:55:36.662+0000] {dag.py:3834} INFO - Setting next_dagrun for load_csv_to_bq to None, run_after=None
[2025-04-09T08:55:36.689+0000] {processor.py:183} INFO - Processing /opt/airflow/dags/load_csv_to_bq.py took 0.275 seconds
[2025-04-09T08:56:07.206+0000] {processor.py:161} INFO - Started process (PID=2317) to work on /opt/airflow/dags/load_csv_to_bq.py
[2025-04-09T08:56:07.207+0000] {processor.py:830} INFO - Processing file /opt/airflow/dags/load_csv_to_bq.py for tasks to queue
[2025-04-09T08:56:07.211+0000] {logging_mixin.py:188} INFO - [2025-04-09T08:56:07.210+0000] {dagbag.py:540} INFO - Filling up the DagBag from /opt/airflow/dags/load_csv_to_bq.py
[2025-04-09T08:56:07.226+0000] {processor.py:840} INFO - DAG(s) 'load_csv_to_bq' retrieved from /opt/airflow/dags/load_csv_to_bq.py
[2025-04-09T08:56:07.249+0000] {logging_mixin.py:188} INFO - [2025-04-09T08:56:07.249+0000] {dag.py:3047} INFO - Sync 1 DAGs
[2025-04-09T08:56:07.264+0000] {logging_mixin.py:188} INFO - [2025-04-09T08:56:07.264+0000] {dag.py:3834} INFO - Setting next_dagrun for load_csv_to_bq to None, run_after=None
[2025-04-09T08:56:07.289+0000] {processor.py:183} INFO - Processing /opt/airflow/dags/load_csv_to_bq.py took 0.089 seconds
[2025-04-09T08:56:37.608+0000] {processor.py:161} INFO - Started process (PID=2385) to work on /opt/airflow/dags/load_csv_to_bq.py
[2025-04-09T08:56:37.610+0000] {processor.py:830} INFO - Processing file /opt/airflow/dags/load_csv_to_bq.py for tasks to queue
[2025-04-09T08:56:37.614+0000] {logging_mixin.py:188} INFO - [2025-04-09T08:56:37.614+0000] {dagbag.py:540} INFO - Filling up the DagBag from /opt/airflow/dags/load_csv_to_bq.py
[2025-04-09T08:56:37.626+0000] {processor.py:840} INFO - DAG(s) 'load_csv_to_bq' retrieved from /opt/airflow/dags/load_csv_to_bq.py
[2025-04-09T08:56:37.662+0000] {logging_mixin.py:188} INFO - [2025-04-09T08:56:37.661+0000] {dag.py:3047} INFO - Sync 1 DAGs
[2025-04-09T08:56:37.682+0000] {logging_mixin.py:188} INFO - [2025-04-09T08:56:37.682+0000] {dag.py:3834} INFO - Setting next_dagrun for load_csv_to_bq to None, run_after=None
[2025-04-09T08:56:37.712+0000] {processor.py:183} INFO - Processing /opt/airflow/dags/load_csv_to_bq.py took 0.109 seconds
[2025-04-09T08:57:08.522+0000] {processor.py:161} INFO - Started process (PID=2447) to work on /opt/airflow/dags/load_csv_to_bq.py
[2025-04-09T08:57:08.523+0000] {processor.py:830} INFO - Processing file /opt/airflow/dags/load_csv_to_bq.py for tasks to queue
[2025-04-09T08:57:08.526+0000] {logging_mixin.py:188} INFO - [2025-04-09T08:57:08.525+0000] {dagbag.py:540} INFO - Filling up the DagBag from /opt/airflow/dags/load_csv_to_bq.py
[2025-04-09T08:57:08.539+0000] {processor.py:840} INFO - DAG(s) 'load_csv_to_bq' retrieved from /opt/airflow/dags/load_csv_to_bq.py
[2025-04-09T08:57:08.562+0000] {logging_mixin.py:188} INFO - [2025-04-09T08:57:08.562+0000] {dag.py:3047} INFO - Sync 1 DAGs
[2025-04-09T08:57:08.579+0000] {logging_mixin.py:188} INFO - [2025-04-09T08:57:08.579+0000] {dag.py:3834} INFO - Setting next_dagrun for load_csv_to_bq to None, run_after=None
[2025-04-09T08:57:08.608+0000] {processor.py:183} INFO - Processing /opt/airflow/dags/load_csv_to_bq.py took 0.090 seconds
[2025-04-09T08:57:39.376+0000] {processor.py:161} INFO - Started process (PID=2509) to work on /opt/airflow/dags/load_csv_to_bq.py
[2025-04-09T08:57:39.378+0000] {processor.py:830} INFO - Processing file /opt/airflow/dags/load_csv_to_bq.py for tasks to queue
[2025-04-09T08:57:39.381+0000] {logging_mixin.py:188} INFO - [2025-04-09T08:57:39.380+0000] {dagbag.py:540} INFO - Filling up the DagBag from /opt/airflow/dags/load_csv_to_bq.py
[2025-04-09T08:57:39.395+0000] {processor.py:840} INFO - DAG(s) 'load_csv_to_bq' retrieved from /opt/airflow/dags/load_csv_to_bq.py
[2025-04-09T08:57:39.424+0000] {logging_mixin.py:188} INFO - [2025-04-09T08:57:39.424+0000] {dag.py:3047} INFO - Sync 1 DAGs
[2025-04-09T08:57:39.449+0000] {logging_mixin.py:188} INFO - [2025-04-09T08:57:39.448+0000] {dag.py:3834} INFO - Setting next_dagrun for load_csv_to_bq to None, run_after=None
[2025-04-09T08:57:39.476+0000] {processor.py:183} INFO - Processing /opt/airflow/dags/load_csv_to_bq.py took 0.105 seconds
[2025-04-09T08:58:09.698+0000] {processor.py:161} INFO - Started process (PID=2571) to work on /opt/airflow/dags/load_csv_to_bq.py
[2025-04-09T08:58:09.701+0000] {processor.py:830} INFO - Processing file /opt/airflow/dags/load_csv_to_bq.py for tasks to queue
[2025-04-09T08:58:09.705+0000] {logging_mixin.py:188} INFO - [2025-04-09T08:58:09.705+0000] {dagbag.py:540} INFO - Filling up the DagBag from /opt/airflow/dags/load_csv_to_bq.py
[2025-04-09T08:58:09.723+0000] {processor.py:840} INFO - DAG(s) 'load_csv_to_bq' retrieved from /opt/airflow/dags/load_csv_to_bq.py
[2025-04-09T08:58:09.749+0000] {logging_mixin.py:188} INFO - [2025-04-09T08:58:09.748+0000] {dag.py:3047} INFO - Sync 1 DAGs
[2025-04-09T08:58:09.767+0000] {logging_mixin.py:188} INFO - [2025-04-09T08:58:09.767+0000] {dag.py:3834} INFO - Setting next_dagrun for load_csv_to_bq to None, run_after=None
[2025-04-09T08:58:09.796+0000] {processor.py:183} INFO - Processing /opt/airflow/dags/load_csv_to_bq.py took 0.106 seconds
[2025-04-09T08:58:40.715+0000] {processor.py:161} INFO - Started process (PID=2633) to work on /opt/airflow/dags/load_csv_to_bq.py
[2025-04-09T08:58:40.717+0000] {processor.py:830} INFO - Processing file /opt/airflow/dags/load_csv_to_bq.py for tasks to queue
[2025-04-09T08:58:40.720+0000] {logging_mixin.py:188} INFO - [2025-04-09T08:58:40.720+0000] {dagbag.py:540} INFO - Filling up the DagBag from /opt/airflow/dags/load_csv_to_bq.py
[2025-04-09T08:58:40.731+0000] {processor.py:840} INFO - DAG(s) 'load_csv_to_bq' retrieved from /opt/airflow/dags/load_csv_to_bq.py
[2025-04-09T08:58:40.753+0000] {logging_mixin.py:188} INFO - [2025-04-09T08:58:40.753+0000] {dag.py:3047} INFO - Sync 1 DAGs
[2025-04-09T08:58:40.767+0000] {logging_mixin.py:188} INFO - [2025-04-09T08:58:40.767+0000] {dag.py:3834} INFO - Setting next_dagrun for load_csv_to_bq to None, run_after=None
[2025-04-09T08:58:40.789+0000] {processor.py:183} INFO - Processing /opt/airflow/dags/load_csv_to_bq.py took 0.079 seconds
[2025-04-09T08:59:11.007+0000] {processor.py:161} INFO - Started process (PID=2695) to work on /opt/airflow/dags/load_csv_to_bq.py
[2025-04-09T08:59:11.009+0000] {processor.py:830} INFO - Processing file /opt/airflow/dags/load_csv_to_bq.py for tasks to queue
[2025-04-09T08:59:11.013+0000] {logging_mixin.py:188} INFO - [2025-04-09T08:59:11.012+0000] {dagbag.py:540} INFO - Filling up the DagBag from /opt/airflow/dags/load_csv_to_bq.py
[2025-04-09T08:59:11.022+0000] {processor.py:840} INFO - DAG(s) 'load_csv_to_bq' retrieved from /opt/airflow/dags/load_csv_to_bq.py
[2025-04-09T08:59:11.047+0000] {logging_mixin.py:188} INFO - [2025-04-09T08:59:11.047+0000] {dag.py:3047} INFO - Sync 1 DAGs
[2025-04-09T08:59:11.062+0000] {logging_mixin.py:188} INFO - [2025-04-09T08:59:11.062+0000] {dag.py:3834} INFO - Setting next_dagrun for load_csv_to_bq to None, run_after=None
[2025-04-09T08:59:11.099+0000] {processor.py:183} INFO - Processing /opt/airflow/dags/load_csv_to_bq.py took 0.096 seconds
[2025-04-09T08:59:41.820+0000] {processor.py:161} INFO - Started process (PID=2757) to work on /opt/airflow/dags/load_csv_to_bq.py
[2025-04-09T08:59:41.822+0000] {processor.py:830} INFO - Processing file /opt/airflow/dags/load_csv_to_bq.py for tasks to queue
[2025-04-09T08:59:41.826+0000] {logging_mixin.py:188} INFO - [2025-04-09T08:59:41.825+0000] {dagbag.py:540} INFO - Filling up the DagBag from /opt/airflow/dags/load_csv_to_bq.py
[2025-04-09T08:59:41.839+0000] {processor.py:840} INFO - DAG(s) 'load_csv_to_bq' retrieved from /opt/airflow/dags/load_csv_to_bq.py
[2025-04-09T08:59:41.875+0000] {logging_mixin.py:188} INFO - [2025-04-09T08:59:41.874+0000] {dag.py:3047} INFO - Sync 1 DAGs
[2025-04-09T08:59:41.926+0000] {logging_mixin.py:188} INFO - [2025-04-09T08:59:41.926+0000] {dag.py:3834} INFO - Setting next_dagrun for load_csv_to_bq to None, run_after=None
[2025-04-09T08:59:41.981+0000] {processor.py:183} INFO - Processing /opt/airflow/dags/load_csv_to_bq.py took 0.167 seconds
[2025-04-09T09:00:12.022+0000] {processor.py:161} INFO - Started process (PID=2819) to work on /opt/airflow/dags/load_csv_to_bq.py
[2025-04-09T09:00:12.025+0000] {processor.py:830} INFO - Processing file /opt/airflow/dags/load_csv_to_bq.py for tasks to queue
[2025-04-09T09:00:12.027+0000] {logging_mixin.py:188} INFO - [2025-04-09T09:00:12.027+0000] {dagbag.py:540} INFO - Filling up the DagBag from /opt/airflow/dags/load_csv_to_bq.py
[2025-04-09T09:00:12.038+0000] {processor.py:840} INFO - DAG(s) 'load_csv_to_bq' retrieved from /opt/airflow/dags/load_csv_to_bq.py
[2025-04-09T09:00:12.064+0000] {logging_mixin.py:188} INFO - [2025-04-09T09:00:12.063+0000] {dag.py:3047} INFO - Sync 1 DAGs
[2025-04-09T09:00:12.078+0000] {logging_mixin.py:188} INFO - [2025-04-09T09:00:12.078+0000] {dag.py:3834} INFO - Setting next_dagrun for load_csv_to_bq to None, run_after=None
[2025-04-09T09:00:12.102+0000] {processor.py:183} INFO - Processing /opt/airflow/dags/load_csv_to_bq.py took 0.084 seconds
[2025-04-09T09:00:42.320+0000] {processor.py:161} INFO - Started process (PID=2881) to work on /opt/airflow/dags/load_csv_to_bq.py
[2025-04-09T09:00:42.322+0000] {processor.py:830} INFO - Processing file /opt/airflow/dags/load_csv_to_bq.py for tasks to queue
[2025-04-09T09:00:42.324+0000] {logging_mixin.py:188} INFO - [2025-04-09T09:00:42.324+0000] {dagbag.py:540} INFO - Filling up the DagBag from /opt/airflow/dags/load_csv_to_bq.py
[2025-04-09T09:00:42.335+0000] {processor.py:840} INFO - DAG(s) 'load_csv_to_bq' retrieved from /opt/airflow/dags/load_csv_to_bq.py
[2025-04-09T09:00:42.356+0000] {logging_mixin.py:188} INFO - [2025-04-09T09:00:42.356+0000] {dag.py:3047} INFO - Sync 1 DAGs
[2025-04-09T09:00:42.371+0000] {logging_mixin.py:188} INFO - [2025-04-09T09:00:42.371+0000] {dag.py:3834} INFO - Setting next_dagrun for load_csv_to_bq to None, run_after=None
[2025-04-09T09:00:42.395+0000] {processor.py:183} INFO - Processing /opt/airflow/dags/load_csv_to_bq.py took 0.081 seconds
[2025-04-09T09:01:12.588+0000] {processor.py:161} INFO - Started process (PID=2943) to work on /opt/airflow/dags/load_csv_to_bq.py
[2025-04-09T09:01:12.590+0000] {processor.py:830} INFO - Processing file /opt/airflow/dags/load_csv_to_bq.py for tasks to queue
[2025-04-09T09:01:12.594+0000] {logging_mixin.py:188} INFO - [2025-04-09T09:01:12.593+0000] {dagbag.py:540} INFO - Filling up the DagBag from /opt/airflow/dags/load_csv_to_bq.py
[2025-04-09T09:01:12.613+0000] {processor.py:840} INFO - DAG(s) 'load_csv_to_bq' retrieved from /opt/airflow/dags/load_csv_to_bq.py
[2025-04-09T09:01:12.647+0000] {logging_mixin.py:188} INFO - [2025-04-09T09:01:12.646+0000] {dag.py:3047} INFO - Sync 1 DAGs
[2025-04-09T09:01:12.667+0000] {logging_mixin.py:188} INFO - [2025-04-09T09:01:12.667+0000] {dag.py:3834} INFO - Setting next_dagrun for load_csv_to_bq to None, run_after=None
[2025-04-09T09:01:12.696+0000] {processor.py:183} INFO - Processing /opt/airflow/dags/load_csv_to_bq.py took 0.113 seconds
[2025-04-09T09:01:42.954+0000] {processor.py:161} INFO - Started process (PID=3011) to work on /opt/airflow/dags/load_csv_to_bq.py
[2025-04-09T09:01:42.956+0000] {processor.py:830} INFO - Processing file /opt/airflow/dags/load_csv_to_bq.py for tasks to queue
[2025-04-09T09:01:42.960+0000] {logging_mixin.py:188} INFO - [2025-04-09T09:01:42.960+0000] {dagbag.py:540} INFO - Filling up the DagBag from /opt/airflow/dags/load_csv_to_bq.py
[2025-04-09T09:01:42.975+0000] {processor.py:840} INFO - DAG(s) 'load_csv_to_bq' retrieved from /opt/airflow/dags/load_csv_to_bq.py
[2025-04-09T09:01:43.003+0000] {logging_mixin.py:188} INFO - [2025-04-09T09:01:43.002+0000] {dag.py:3047} INFO - Sync 1 DAGs
[2025-04-09T09:01:43.038+0000] {logging_mixin.py:188} INFO - [2025-04-09T09:01:43.037+0000] {dag.py:3834} INFO - Setting next_dagrun for load_csv_to_bq to None, run_after=None
[2025-04-09T09:01:43.080+0000] {processor.py:183} INFO - Processing /opt/airflow/dags/load_csv_to_bq.py took 0.131 seconds
[2025-04-09T09:02:13.314+0000] {processor.py:161} INFO - Started process (PID=3073) to work on /opt/airflow/dags/load_csv_to_bq.py
[2025-04-09T09:02:13.316+0000] {processor.py:830} INFO - Processing file /opt/airflow/dags/load_csv_to_bq.py for tasks to queue
[2025-04-09T09:02:13.318+0000] {logging_mixin.py:188} INFO - [2025-04-09T09:02:13.318+0000] {dagbag.py:540} INFO - Filling up the DagBag from /opt/airflow/dags/load_csv_to_bq.py
[2025-04-09T09:02:13.332+0000] {processor.py:840} INFO - DAG(s) 'load_csv_to_bq' retrieved from /opt/airflow/dags/load_csv_to_bq.py
[2025-04-09T09:02:13.361+0000] {logging_mixin.py:188} INFO - [2025-04-09T09:02:13.360+0000] {dag.py:3047} INFO - Sync 1 DAGs
[2025-04-09T09:02:13.381+0000] {logging_mixin.py:188} INFO - [2025-04-09T09:02:13.380+0000] {dag.py:3834} INFO - Setting next_dagrun for load_csv_to_bq to None, run_after=None
[2025-04-09T09:02:13.412+0000] {processor.py:183} INFO - Processing /opt/airflow/dags/load_csv_to_bq.py took 0.102 seconds
[2025-04-09T09:02:43.530+0000] {processor.py:161} INFO - Started process (PID=3135) to work on /opt/airflow/dags/load_csv_to_bq.py
[2025-04-09T09:02:43.532+0000] {processor.py:830} INFO - Processing file /opt/airflow/dags/load_csv_to_bq.py for tasks to queue
[2025-04-09T09:02:43.534+0000] {logging_mixin.py:188} INFO - [2025-04-09T09:02:43.533+0000] {dagbag.py:540} INFO - Filling up the DagBag from /opt/airflow/dags/load_csv_to_bq.py
[2025-04-09T09:02:43.544+0000] {processor.py:840} INFO - DAG(s) 'load_csv_to_bq' retrieved from /opt/airflow/dags/load_csv_to_bq.py
[2025-04-09T09:02:43.568+0000] {logging_mixin.py:188} INFO - [2025-04-09T09:02:43.568+0000] {dag.py:3047} INFO - Sync 1 DAGs
[2025-04-09T09:02:43.585+0000] {logging_mixin.py:188} INFO - [2025-04-09T09:02:43.585+0000] {dag.py:3834} INFO - Setting next_dagrun for load_csv_to_bq to None, run_after=None
[2025-04-09T09:02:43.613+0000] {processor.py:183} INFO - Processing /opt/airflow/dags/load_csv_to_bq.py took 0.087 seconds
[2025-04-09T09:03:13.811+0000] {processor.py:161} INFO - Started process (PID=3197) to work on /opt/airflow/dags/load_csv_to_bq.py
[2025-04-09T09:03:13.812+0000] {processor.py:830} INFO - Processing file /opt/airflow/dags/load_csv_to_bq.py for tasks to queue
[2025-04-09T09:03:13.815+0000] {logging_mixin.py:188} INFO - [2025-04-09T09:03:13.815+0000] {dagbag.py:540} INFO - Filling up the DagBag from /opt/airflow/dags/load_csv_to_bq.py
[2025-04-09T09:03:13.828+0000] {processor.py:840} INFO - DAG(s) 'load_csv_to_bq' retrieved from /opt/airflow/dags/load_csv_to_bq.py
[2025-04-09T09:03:13.849+0000] {logging_mixin.py:188} INFO - [2025-04-09T09:03:13.848+0000] {dag.py:3047} INFO - Sync 1 DAGs
[2025-04-09T09:03:13.860+0000] {logging_mixin.py:188} INFO - [2025-04-09T09:03:13.860+0000] {dag.py:3834} INFO - Setting next_dagrun for load_csv_to_bq to None, run_after=None
[2025-04-09T09:03:13.883+0000] {processor.py:183} INFO - Processing /opt/airflow/dags/load_csv_to_bq.py took 0.077 seconds
[2025-04-09T09:03:44.093+0000] {processor.py:161} INFO - Started process (PID=3259) to work on /opt/airflow/dags/load_csv_to_bq.py
[2025-04-09T09:03:44.095+0000] {processor.py:830} INFO - Processing file /opt/airflow/dags/load_csv_to_bq.py for tasks to queue
[2025-04-09T09:03:44.097+0000] {logging_mixin.py:188} INFO - [2025-04-09T09:03:44.097+0000] {dagbag.py:540} INFO - Filling up the DagBag from /opt/airflow/dags/load_csv_to_bq.py
[2025-04-09T09:03:44.107+0000] {processor.py:840} INFO - DAG(s) 'load_csv_to_bq' retrieved from /opt/airflow/dags/load_csv_to_bq.py
[2025-04-09T09:03:44.130+0000] {logging_mixin.py:188} INFO - [2025-04-09T09:03:44.130+0000] {dag.py:3047} INFO - Sync 1 DAGs
[2025-04-09T09:03:44.145+0000] {logging_mixin.py:188} INFO - [2025-04-09T09:03:44.145+0000] {dag.py:3834} INFO - Setting next_dagrun for load_csv_to_bq to None, run_after=None
[2025-04-09T09:03:44.170+0000] {processor.py:183} INFO - Processing /opt/airflow/dags/load_csv_to_bq.py took 0.081 seconds
[2025-04-09T09:04:14.293+0000] {processor.py:161} INFO - Started process (PID=3321) to work on /opt/airflow/dags/load_csv_to_bq.py
[2025-04-09T09:04:14.294+0000] {processor.py:830} INFO - Processing file /opt/airflow/dags/load_csv_to_bq.py for tasks to queue
[2025-04-09T09:04:14.296+0000] {logging_mixin.py:188} INFO - [2025-04-09T09:04:14.296+0000] {dagbag.py:540} INFO - Filling up the DagBag from /opt/airflow/dags/load_csv_to_bq.py
[2025-04-09T09:04:14.308+0000] {processor.py:840} INFO - DAG(s) 'load_csv_to_bq' retrieved from /opt/airflow/dags/load_csv_to_bq.py
[2025-04-09T09:04:14.334+0000] {logging_mixin.py:188} INFO - [2025-04-09T09:04:14.333+0000] {dag.py:3047} INFO - Sync 1 DAGs
[2025-04-09T09:04:14.349+0000] {logging_mixin.py:188} INFO - [2025-04-09T09:04:14.349+0000] {dag.py:3834} INFO - Setting next_dagrun for load_csv_to_bq to None, run_after=None
[2025-04-09T09:04:14.373+0000] {processor.py:183} INFO - Processing /opt/airflow/dags/load_csv_to_bq.py took 0.086 seconds
[2025-04-09T09:04:44.750+0000] {processor.py:161} INFO - Started process (PID=3383) to work on /opt/airflow/dags/load_csv_to_bq.py
[2025-04-09T09:04:44.751+0000] {processor.py:830} INFO - Processing file /opt/airflow/dags/load_csv_to_bq.py for tasks to queue
[2025-04-09T09:04:44.756+0000] {logging_mixin.py:188} INFO - [2025-04-09T09:04:44.755+0000] {dagbag.py:540} INFO - Filling up the DagBag from /opt/airflow/dags/load_csv_to_bq.py
[2025-04-09T09:04:44.770+0000] {processor.py:840} INFO - DAG(s) 'load_csv_to_bq' retrieved from /opt/airflow/dags/load_csv_to_bq.py
[2025-04-09T09:04:44.795+0000] {logging_mixin.py:188} INFO - [2025-04-09T09:04:44.794+0000] {dag.py:3047} INFO - Sync 1 DAGs
[2025-04-09T09:04:44.807+0000] {logging_mixin.py:188} INFO - [2025-04-09T09:04:44.807+0000] {dag.py:3834} INFO - Setting next_dagrun for load_csv_to_bq to None, run_after=None
[2025-04-09T09:04:44.830+0000] {processor.py:183} INFO - Processing /opt/airflow/dags/load_csv_to_bq.py took 0.085 seconds
[2025-04-09T09:05:14.995+0000] {processor.py:161} INFO - Started process (PID=3445) to work on /opt/airflow/dags/load_csv_to_bq.py
[2025-04-09T09:05:14.996+0000] {processor.py:830} INFO - Processing file /opt/airflow/dags/load_csv_to_bq.py for tasks to queue
[2025-04-09T09:05:15.000+0000] {logging_mixin.py:188} INFO - [2025-04-09T09:05:14.999+0000] {dagbag.py:540} INFO - Filling up the DagBag from /opt/airflow/dags/load_csv_to_bq.py
[2025-04-09T09:05:15.010+0000] {processor.py:840} INFO - DAG(s) 'load_csv_to_bq' retrieved from /opt/airflow/dags/load_csv_to_bq.py
[2025-04-09T09:05:15.033+0000] {logging_mixin.py:188} INFO - [2025-04-09T09:05:15.033+0000] {dag.py:3047} INFO - Sync 1 DAGs
[2025-04-09T09:05:15.049+0000] {logging_mixin.py:188} INFO - [2025-04-09T09:05:15.049+0000] {dag.py:3834} INFO - Setting next_dagrun for load_csv_to_bq to None, run_after=None
[2025-04-09T09:05:15.076+0000] {processor.py:183} INFO - Processing /opt/airflow/dags/load_csv_to_bq.py took 0.085 seconds
[2025-04-09T09:05:45.294+0000] {processor.py:161} INFO - Started process (PID=3507) to work on /opt/airflow/dags/load_csv_to_bq.py
[2025-04-09T09:05:45.296+0000] {processor.py:830} INFO - Processing file /opt/airflow/dags/load_csv_to_bq.py for tasks to queue
[2025-04-09T09:05:45.298+0000] {logging_mixin.py:188} INFO - [2025-04-09T09:05:45.297+0000] {dagbag.py:540} INFO - Filling up the DagBag from /opt/airflow/dags/load_csv_to_bq.py
[2025-04-09T09:05:45.309+0000] {processor.py:840} INFO - DAG(s) 'load_csv_to_bq' retrieved from /opt/airflow/dags/load_csv_to_bq.py
[2025-04-09T09:05:45.330+0000] {logging_mixin.py:188} INFO - [2025-04-09T09:05:45.329+0000] {dag.py:3047} INFO - Sync 1 DAGs
[2025-04-09T09:05:45.342+0000] {logging_mixin.py:188} INFO - [2025-04-09T09:05:45.342+0000] {dag.py:3834} INFO - Setting next_dagrun for load_csv_to_bq to None, run_after=None
[2025-04-09T09:05:45.367+0000] {processor.py:183} INFO - Processing /opt/airflow/dags/load_csv_to_bq.py took 0.077 seconds
[2025-04-09T09:06:15.411+0000] {processor.py:161} INFO - Started process (PID=3568) to work on /opt/airflow/dags/load_csv_to_bq.py
[2025-04-09T09:06:15.412+0000] {processor.py:830} INFO - Processing file /opt/airflow/dags/load_csv_to_bq.py for tasks to queue
[2025-04-09T09:06:15.413+0000] {logging_mixin.py:188} INFO - [2025-04-09T09:06:15.413+0000] {dagbag.py:540} INFO - Filling up the DagBag from /opt/airflow/dags/load_csv_to_bq.py
[2025-04-09T09:06:15.426+0000] {processor.py:840} INFO - DAG(s) 'load_csv_to_bq' retrieved from /opt/airflow/dags/load_csv_to_bq.py
[2025-04-09T09:06:15.450+0000] {logging_mixin.py:188} INFO - [2025-04-09T09:06:15.450+0000] {dag.py:3047} INFO - Sync 1 DAGs
[2025-04-09T09:06:15.464+0000] {logging_mixin.py:188} INFO - [2025-04-09T09:06:15.464+0000] {dag.py:3834} INFO - Setting next_dagrun for load_csv_to_bq to None, run_after=None
[2025-04-09T09:06:15.487+0000] {processor.py:183} INFO - Processing /opt/airflow/dags/load_csv_to_bq.py took 0.080 seconds
[2025-04-09T09:06:45.607+0000] {processor.py:161} INFO - Started process (PID=3627) to work on /opt/airflow/dags/load_csv_to_bq.py
[2025-04-09T09:06:45.608+0000] {processor.py:830} INFO - Processing file /opt/airflow/dags/load_csv_to_bq.py for tasks to queue
[2025-04-09T09:06:45.609+0000] {logging_mixin.py:188} INFO - [2025-04-09T09:06:45.609+0000] {dagbag.py:540} INFO - Filling up the DagBag from /opt/airflow/dags/load_csv_to_bq.py
[2025-04-09T09:06:45.621+0000] {processor.py:840} INFO - DAG(s) 'load_csv_to_bq' retrieved from /opt/airflow/dags/load_csv_to_bq.py
[2025-04-09T09:06:45.645+0000] {logging_mixin.py:188} INFO - [2025-04-09T09:06:45.645+0000] {dag.py:3047} INFO - Sync 1 DAGs
[2025-04-09T09:06:45.661+0000] {logging_mixin.py:188} INFO - [2025-04-09T09:06:45.660+0000] {dag.py:3834} INFO - Setting next_dagrun for load_csv_to_bq to None, run_after=None
[2025-04-09T09:06:45.685+0000] {processor.py:183} INFO - Processing /opt/airflow/dags/load_csv_to_bq.py took 0.083 seconds
[2025-04-09T09:07:15.837+0000] {processor.py:161} INFO - Started process (PID=3694) to work on /opt/airflow/dags/load_csv_to_bq.py
[2025-04-09T09:07:15.839+0000] {processor.py:830} INFO - Processing file /opt/airflow/dags/load_csv_to_bq.py for tasks to queue
[2025-04-09T09:07:15.840+0000] {logging_mixin.py:188} INFO - [2025-04-09T09:07:15.840+0000] {dagbag.py:540} INFO - Filling up the DagBag from /opt/airflow/dags/load_csv_to_bq.py
[2025-04-09T09:07:15.853+0000] {processor.py:840} INFO - DAG(s) 'load_csv_to_bq' retrieved from /opt/airflow/dags/load_csv_to_bq.py
[2025-04-09T09:07:15.879+0000] {logging_mixin.py:188} INFO - [2025-04-09T09:07:15.878+0000] {dag.py:3047} INFO - Sync 1 DAGs
[2025-04-09T09:07:15.895+0000] {logging_mixin.py:188} INFO - [2025-04-09T09:07:15.895+0000] {dag.py:3834} INFO - Setting next_dagrun for load_csv_to_bq to None, run_after=None
[2025-04-09T09:07:15.927+0000] {processor.py:183} INFO - Processing /opt/airflow/dags/load_csv_to_bq.py took 0.093 seconds
[2025-04-09T09:07:46.124+0000] {processor.py:161} INFO - Started process (PID=3749) to work on /opt/airflow/dags/load_csv_to_bq.py
[2025-04-09T09:07:46.125+0000] {processor.py:830} INFO - Processing file /opt/airflow/dags/load_csv_to_bq.py for tasks to queue
[2025-04-09T09:07:46.126+0000] {logging_mixin.py:188} INFO - [2025-04-09T09:07:46.126+0000] {dagbag.py:540} INFO - Filling up the DagBag from /opt/airflow/dags/load_csv_to_bq.py
[2025-04-09T09:07:46.140+0000] {processor.py:840} INFO - DAG(s) 'load_csv_to_bq' retrieved from /opt/airflow/dags/load_csv_to_bq.py
[2025-04-09T09:07:46.166+0000] {logging_mixin.py:188} INFO - [2025-04-09T09:07:46.165+0000] {dag.py:3047} INFO - Sync 1 DAGs
[2025-04-09T09:07:46.193+0000] {logging_mixin.py:188} INFO - [2025-04-09T09:07:46.193+0000] {dag.py:3834} INFO - Setting next_dagrun for load_csv_to_bq to None, run_after=None
[2025-04-09T09:07:46.222+0000] {processor.py:183} INFO - Processing /opt/airflow/dags/load_csv_to_bq.py took 0.102 seconds
[2025-04-09T09:08:16.727+0000] {processor.py:161} INFO - Started process (PID=3811) to work on /opt/airflow/dags/load_csv_to_bq.py
[2025-04-09T09:08:16.729+0000] {processor.py:830} INFO - Processing file /opt/airflow/dags/load_csv_to_bq.py for tasks to queue
[2025-04-09T09:08:16.730+0000] {logging_mixin.py:188} INFO - [2025-04-09T09:08:16.730+0000] {dagbag.py:540} INFO - Filling up the DagBag from /opt/airflow/dags/load_csv_to_bq.py
[2025-04-09T09:08:16.742+0000] {processor.py:840} INFO - DAG(s) 'load_csv_to_bq' retrieved from /opt/airflow/dags/load_csv_to_bq.py
[2025-04-09T09:08:16.776+0000] {logging_mixin.py:188} INFO - [2025-04-09T09:08:16.775+0000] {dag.py:3047} INFO - Sync 1 DAGs
[2025-04-09T09:08:16.799+0000] {logging_mixin.py:188} INFO - [2025-04-09T09:08:16.799+0000] {dag.py:3834} INFO - Setting next_dagrun for load_csv_to_bq to None, run_after=None
[2025-04-09T09:08:16.830+0000] {processor.py:183} INFO - Processing /opt/airflow/dags/load_csv_to_bq.py took 0.108 seconds
[2025-04-09T09:08:47.285+0000] {processor.py:161} INFO - Started process (PID=3873) to work on /opt/airflow/dags/load_csv_to_bq.py
[2025-04-09T09:08:47.287+0000] {processor.py:830} INFO - Processing file /opt/airflow/dags/load_csv_to_bq.py for tasks to queue
[2025-04-09T09:08:47.288+0000] {logging_mixin.py:188} INFO - [2025-04-09T09:08:47.287+0000] {dagbag.py:540} INFO - Filling up the DagBag from /opt/airflow/dags/load_csv_to_bq.py
[2025-04-09T09:08:47.299+0000] {processor.py:840} INFO - DAG(s) 'load_csv_to_bq' retrieved from /opt/airflow/dags/load_csv_to_bq.py
[2025-04-09T09:08:47.322+0000] {logging_mixin.py:188} INFO - [2025-04-09T09:08:47.321+0000] {dag.py:3047} INFO - Sync 1 DAGs
[2025-04-09T09:08:47.335+0000] {logging_mixin.py:188} INFO - [2025-04-09T09:08:47.334+0000] {dag.py:3834} INFO - Setting next_dagrun for load_csv_to_bq to None, run_after=None
[2025-04-09T09:08:47.356+0000] {processor.py:183} INFO - Processing /opt/airflow/dags/load_csv_to_bq.py took 0.075 seconds
[2025-04-09T09:09:17.656+0000] {processor.py:161} INFO - Started process (PID=3935) to work on /opt/airflow/dags/load_csv_to_bq.py
[2025-04-09T09:09:17.657+0000] {processor.py:830} INFO - Processing file /opt/airflow/dags/load_csv_to_bq.py for tasks to queue
[2025-04-09T09:09:17.659+0000] {logging_mixin.py:188} INFO - [2025-04-09T09:09:17.658+0000] {dagbag.py:540} INFO - Filling up the DagBag from /opt/airflow/dags/load_csv_to_bq.py
[2025-04-09T09:09:17.671+0000] {processor.py:840} INFO - DAG(s) 'load_csv_to_bq' retrieved from /opt/airflow/dags/load_csv_to_bq.py
[2025-04-09T09:09:17.694+0000] {logging_mixin.py:188} INFO - [2025-04-09T09:09:17.693+0000] {dag.py:3047} INFO - Sync 1 DAGs
[2025-04-09T09:09:17.706+0000] {logging_mixin.py:188} INFO - [2025-04-09T09:09:17.706+0000] {dag.py:3834} INFO - Setting next_dagrun for load_csv_to_bq to None, run_after=None
[2025-04-09T09:09:17.728+0000] {processor.py:183} INFO - Processing /opt/airflow/dags/load_csv_to_bq.py took 0.079 seconds
[2025-04-09T09:09:48.642+0000] {processor.py:161} INFO - Started process (PID=3997) to work on /opt/airflow/dags/load_csv_to_bq.py
[2025-04-09T09:09:48.643+0000] {processor.py:830} INFO - Processing file /opt/airflow/dags/load_csv_to_bq.py for tasks to queue
[2025-04-09T09:09:48.644+0000] {logging_mixin.py:188} INFO - [2025-04-09T09:09:48.644+0000] {dagbag.py:540} INFO - Filling up the DagBag from /opt/airflow/dags/load_csv_to_bq.py
[2025-04-09T09:09:48.657+0000] {processor.py:840} INFO - DAG(s) 'load_csv_to_bq' retrieved from /opt/airflow/dags/load_csv_to_bq.py
[2025-04-09T09:09:48.679+0000] {logging_mixin.py:188} INFO - [2025-04-09T09:09:48.679+0000] {dag.py:3047} INFO - Sync 1 DAGs
[2025-04-09T09:09:48.692+0000] {logging_mixin.py:188} INFO - [2025-04-09T09:09:48.692+0000] {dag.py:3834} INFO - Setting next_dagrun for load_csv_to_bq to None, run_after=None
[2025-04-09T09:09:48.712+0000] {processor.py:183} INFO - Processing /opt/airflow/dags/load_csv_to_bq.py took 0.074 seconds
[2025-04-09T09:10:19.686+0000] {processor.py:161} INFO - Started process (PID=4059) to work on /opt/airflow/dags/load_csv_to_bq.py
[2025-04-09T09:10:19.687+0000] {processor.py:830} INFO - Processing file /opt/airflow/dags/load_csv_to_bq.py for tasks to queue
[2025-04-09T09:10:19.688+0000] {logging_mixin.py:188} INFO - [2025-04-09T09:10:19.688+0000] {dagbag.py:540} INFO - Filling up the DagBag from /opt/airflow/dags/load_csv_to_bq.py
[2025-04-09T09:10:19.700+0000] {processor.py:840} INFO - DAG(s) 'load_csv_to_bq' retrieved from /opt/airflow/dags/load_csv_to_bq.py
[2025-04-09T09:10:19.722+0000] {logging_mixin.py:188} INFO - [2025-04-09T09:10:19.722+0000] {dag.py:3047} INFO - Sync 1 DAGs
[2025-04-09T09:10:19.736+0000] {logging_mixin.py:188} INFO - [2025-04-09T09:10:19.735+0000] {dag.py:3834} INFO - Setting next_dagrun for load_csv_to_bq to None, run_after=None
[2025-04-09T09:10:19.756+0000] {processor.py:183} INFO - Processing /opt/airflow/dags/load_csv_to_bq.py took 0.074 seconds
[2025-04-09T09:10:49.956+0000] {processor.py:161} INFO - Started process (PID=4121) to work on /opt/airflow/dags/load_csv_to_bq.py
[2025-04-09T09:10:49.958+0000] {processor.py:830} INFO - Processing file /opt/airflow/dags/load_csv_to_bq.py for tasks to queue
[2025-04-09T09:10:49.960+0000] {logging_mixin.py:188} INFO - [2025-04-09T09:10:49.959+0000] {dagbag.py:540} INFO - Filling up the DagBag from /opt/airflow/dags/load_csv_to_bq.py
[2025-04-09T09:10:49.971+0000] {processor.py:840} INFO - DAG(s) 'load_csv_to_bq' retrieved from /opt/airflow/dags/load_csv_to_bq.py
[2025-04-09T09:10:49.995+0000] {logging_mixin.py:188} INFO - [2025-04-09T09:10:49.994+0000] {dag.py:3047} INFO - Sync 1 DAGs
[2025-04-09T09:10:50.009+0000] {logging_mixin.py:188} INFO - [2025-04-09T09:10:50.008+0000] {dag.py:3834} INFO - Setting next_dagrun for load_csv_to_bq to None, run_after=None
[2025-04-09T09:10:50.034+0000] {processor.py:183} INFO - Processing /opt/airflow/dags/load_csv_to_bq.py took 0.082 seconds
[2025-04-09T09:11:20.567+0000] {processor.py:161} INFO - Started process (PID=4183) to work on /opt/airflow/dags/load_csv_to_bq.py
[2025-04-09T09:11:20.570+0000] {processor.py:830} INFO - Processing file /opt/airflow/dags/load_csv_to_bq.py for tasks to queue
[2025-04-09T09:11:20.571+0000] {logging_mixin.py:188} INFO - [2025-04-09T09:11:20.570+0000] {dagbag.py:540} INFO - Filling up the DagBag from /opt/airflow/dags/load_csv_to_bq.py
[2025-04-09T09:11:20.581+0000] {processor.py:840} INFO - DAG(s) 'load_csv_to_bq' retrieved from /opt/airflow/dags/load_csv_to_bq.py
[2025-04-09T09:11:20.604+0000] {logging_mixin.py:188} INFO - [2025-04-09T09:11:20.603+0000] {dag.py:3047} INFO - Sync 1 DAGs
[2025-04-09T09:11:20.618+0000] {logging_mixin.py:188} INFO - [2025-04-09T09:11:20.617+0000] {dag.py:3834} INFO - Setting next_dagrun for load_csv_to_bq to None, run_after=None
[2025-04-09T09:11:20.641+0000] {processor.py:183} INFO - Processing /opt/airflow/dags/load_csv_to_bq.py took 0.078 seconds
[2025-04-09T09:11:50.885+0000] {processor.py:161} INFO - Started process (PID=4243) to work on /opt/airflow/dags/load_csv_to_bq.py
[2025-04-09T09:11:50.887+0000] {processor.py:830} INFO - Processing file /opt/airflow/dags/load_csv_to_bq.py for tasks to queue
[2025-04-09T09:11:50.889+0000] {logging_mixin.py:188} INFO - [2025-04-09T09:11:50.888+0000] {dagbag.py:540} INFO - Filling up the DagBag from /opt/airflow/dags/load_csv_to_bq.py
[2025-04-09T09:11:50.904+0000] {processor.py:840} INFO - DAG(s) 'load_csv_to_bq' retrieved from /opt/airflow/dags/load_csv_to_bq.py
[2025-04-09T09:11:50.930+0000] {logging_mixin.py:188} INFO - [2025-04-09T09:11:50.929+0000] {dag.py:3047} INFO - Sync 1 DAGs
[2025-04-09T09:11:50.946+0000] {logging_mixin.py:188} INFO - [2025-04-09T09:11:50.945+0000] {dag.py:3834} INFO - Setting next_dagrun for load_csv_to_bq to None, run_after=None
[2025-04-09T09:11:50.968+0000] {processor.py:183} INFO - Processing /opt/airflow/dags/load_csv_to_bq.py took 0.088 seconds
[2025-04-09T09:12:21.379+0000] {processor.py:161} INFO - Started process (PID=4309) to work on /opt/airflow/dags/load_csv_to_bq.py
[2025-04-09T09:12:21.380+0000] {processor.py:830} INFO - Processing file /opt/airflow/dags/load_csv_to_bq.py for tasks to queue
[2025-04-09T09:12:21.381+0000] {logging_mixin.py:188} INFO - [2025-04-09T09:12:21.381+0000] {dagbag.py:540} INFO - Filling up the DagBag from /opt/airflow/dags/load_csv_to_bq.py
[2025-04-09T09:12:21.393+0000] {processor.py:840} INFO - DAG(s) 'load_csv_to_bq' retrieved from /opt/airflow/dags/load_csv_to_bq.py
[2025-04-09T09:12:21.416+0000] {logging_mixin.py:188} INFO - [2025-04-09T09:12:21.415+0000] {dag.py:3047} INFO - Sync 1 DAGs
[2025-04-09T09:12:21.430+0000] {logging_mixin.py:188} INFO - [2025-04-09T09:12:21.429+0000] {dag.py:3834} INFO - Setting next_dagrun for load_csv_to_bq to None, run_after=None
[2025-04-09T09:12:21.451+0000] {processor.py:183} INFO - Processing /opt/airflow/dags/load_csv_to_bq.py took 0.076 seconds
[2025-04-09T09:12:52.161+0000] {processor.py:161} INFO - Started process (PID=4371) to work on /opt/airflow/dags/load_csv_to_bq.py
[2025-04-09T09:12:52.162+0000] {processor.py:830} INFO - Processing file /opt/airflow/dags/load_csv_to_bq.py for tasks to queue
[2025-04-09T09:12:52.163+0000] {logging_mixin.py:188} INFO - [2025-04-09T09:12:52.163+0000] {dagbag.py:540} INFO - Filling up the DagBag from /opt/airflow/dags/load_csv_to_bq.py
[2025-04-09T09:12:52.176+0000] {processor.py:840} INFO - DAG(s) 'load_csv_to_bq' retrieved from /opt/airflow/dags/load_csv_to_bq.py
[2025-04-09T09:12:52.198+0000] {logging_mixin.py:188} INFO - [2025-04-09T09:12:52.198+0000] {dag.py:3047} INFO - Sync 1 DAGs
[2025-04-09T09:12:52.212+0000] {logging_mixin.py:188} INFO - [2025-04-09T09:12:52.211+0000] {dag.py:3834} INFO - Setting next_dagrun for load_csv_to_bq to None, run_after=None
[2025-04-09T09:12:52.232+0000] {processor.py:183} INFO - Processing /opt/airflow/dags/load_csv_to_bq.py took 0.076 seconds
[2025-04-09T09:13:22.604+0000] {processor.py:161} INFO - Started process (PID=4433) to work on /opt/airflow/dags/load_csv_to_bq.py
[2025-04-09T09:13:22.606+0000] {processor.py:830} INFO - Processing file /opt/airflow/dags/load_csv_to_bq.py for tasks to queue
[2025-04-09T09:13:22.607+0000] {logging_mixin.py:188} INFO - [2025-04-09T09:13:22.607+0000] {dagbag.py:540} INFO - Filling up the DagBag from /opt/airflow/dags/load_csv_to_bq.py
[2025-04-09T09:13:22.619+0000] {processor.py:840} INFO - DAG(s) 'load_csv_to_bq' retrieved from /opt/airflow/dags/load_csv_to_bq.py
[2025-04-09T09:13:22.642+0000] {logging_mixin.py:188} INFO - [2025-04-09T09:13:22.641+0000] {dag.py:3047} INFO - Sync 1 DAGs
[2025-04-09T09:13:22.655+0000] {logging_mixin.py:188} INFO - [2025-04-09T09:13:22.655+0000] {dag.py:3834} INFO - Setting next_dagrun for load_csv_to_bq to None, run_after=None
[2025-04-09T09:13:22.677+0000] {processor.py:183} INFO - Processing /opt/airflow/dags/load_csv_to_bq.py took 0.078 seconds
[2025-04-09T09:13:52.816+0000] {processor.py:161} INFO - Started process (PID=4495) to work on /opt/airflow/dags/load_csv_to_bq.py
[2025-04-09T09:13:52.818+0000] {processor.py:830} INFO - Processing file /opt/airflow/dags/load_csv_to_bq.py for tasks to queue
[2025-04-09T09:13:52.819+0000] {logging_mixin.py:188} INFO - [2025-04-09T09:13:52.818+0000] {dagbag.py:540} INFO - Filling up the DagBag from /opt/airflow/dags/load_csv_to_bq.py
[2025-04-09T09:13:52.834+0000] {processor.py:840} INFO - DAG(s) 'load_csv_to_bq' retrieved from /opt/airflow/dags/load_csv_to_bq.py
[2025-04-09T09:13:52.859+0000] {logging_mixin.py:188} INFO - [2025-04-09T09:13:52.859+0000] {dag.py:3047} INFO - Sync 1 DAGs
[2025-04-09T09:13:52.872+0000] {logging_mixin.py:188} INFO - [2025-04-09T09:13:52.872+0000] {dag.py:3834} INFO - Setting next_dagrun for load_csv_to_bq to None, run_after=None
[2025-04-09T09:13:52.907+0000] {processor.py:183} INFO - Processing /opt/airflow/dags/load_csv_to_bq.py took 0.095 seconds
[2025-04-09T09:14:23.471+0000] {processor.py:161} INFO - Started process (PID=4555) to work on /opt/airflow/dags/load_csv_to_bq.py
[2025-04-09T09:14:23.473+0000] {processor.py:830} INFO - Processing file /opt/airflow/dags/load_csv_to_bq.py for tasks to queue
[2025-04-09T09:14:23.474+0000] {logging_mixin.py:188} INFO - [2025-04-09T09:14:23.474+0000] {dagbag.py:540} INFO - Filling up the DagBag from /opt/airflow/dags/load_csv_to_bq.py
[2025-04-09T09:14:23.485+0000] {processor.py:840} INFO - DAG(s) 'load_csv_to_bq' retrieved from /opt/airflow/dags/load_csv_to_bq.py
[2025-04-09T09:14:23.508+0000] {logging_mixin.py:188} INFO - [2025-04-09T09:14:23.507+0000] {dag.py:3047} INFO - Sync 1 DAGs
[2025-04-09T09:14:23.521+0000] {logging_mixin.py:188} INFO - [2025-04-09T09:14:23.521+0000] {dag.py:3834} INFO - Setting next_dagrun for load_csv_to_bq to None, run_after=None
[2025-04-09T09:14:23.543+0000] {processor.py:183} INFO - Processing /opt/airflow/dags/load_csv_to_bq.py took 0.077 seconds
[2025-04-09T09:14:54.102+0000] {processor.py:161} INFO - Started process (PID=4617) to work on /opt/airflow/dags/load_csv_to_bq.py
[2025-04-09T09:14:54.103+0000] {processor.py:830} INFO - Processing file /opt/airflow/dags/load_csv_to_bq.py for tasks to queue
[2025-04-09T09:14:54.104+0000] {logging_mixin.py:188} INFO - [2025-04-09T09:14:54.104+0000] {dagbag.py:540} INFO - Filling up the DagBag from /opt/airflow/dags/load_csv_to_bq.py
[2025-04-09T09:14:54.117+0000] {processor.py:840} INFO - DAG(s) 'load_csv_to_bq' retrieved from /opt/airflow/dags/load_csv_to_bq.py
[2025-04-09T09:14:54.139+0000] {logging_mixin.py:188} INFO - [2025-04-09T09:14:54.138+0000] {dag.py:3047} INFO - Sync 1 DAGs
[2025-04-09T09:14:54.151+0000] {logging_mixin.py:188} INFO - [2025-04-09T09:14:54.151+0000] {dag.py:3834} INFO - Setting next_dagrun for load_csv_to_bq to None, run_after=None
[2025-04-09T09:14:54.172+0000] {processor.py:183} INFO - Processing /opt/airflow/dags/load_csv_to_bq.py took 0.075 seconds
[2025-04-09T09:15:24.517+0000] {processor.py:161} INFO - Started process (PID=4679) to work on /opt/airflow/dags/load_csv_to_bq.py
[2025-04-09T09:15:24.519+0000] {processor.py:830} INFO - Processing file /opt/airflow/dags/load_csv_to_bq.py for tasks to queue
[2025-04-09T09:15:24.521+0000] {logging_mixin.py:188} INFO - [2025-04-09T09:15:24.521+0000] {dagbag.py:540} INFO - Filling up the DagBag from /opt/airflow/dags/load_csv_to_bq.py
[2025-04-09T09:15:24.533+0000] {processor.py:840} INFO - DAG(s) 'load_csv_to_bq' retrieved from /opt/airflow/dags/load_csv_to_bq.py
[2025-04-09T09:15:24.554+0000] {logging_mixin.py:188} INFO - [2025-04-09T09:15:24.554+0000] {dag.py:3047} INFO - Sync 1 DAGs
[2025-04-09T09:15:24.567+0000] {logging_mixin.py:188} INFO - [2025-04-09T09:15:24.566+0000] {dag.py:3834} INFO - Setting next_dagrun for load_csv_to_bq to None, run_after=None
[2025-04-09T09:15:24.590+0000] {processor.py:183} INFO - Processing /opt/airflow/dags/load_csv_to_bq.py took 0.077 seconds
[2025-04-09T09:15:55.089+0000] {processor.py:161} INFO - Started process (PID=4741) to work on /opt/airflow/dags/load_csv_to_bq.py
[2025-04-09T09:15:55.091+0000] {processor.py:830} INFO - Processing file /opt/airflow/dags/load_csv_to_bq.py for tasks to queue
[2025-04-09T09:15:55.092+0000] {logging_mixin.py:188} INFO - [2025-04-09T09:15:55.091+0000] {dagbag.py:540} INFO - Filling up the DagBag from /opt/airflow/dags/load_csv_to_bq.py
[2025-04-09T09:15:55.103+0000] {processor.py:840} INFO - DAG(s) 'load_csv_to_bq' retrieved from /opt/airflow/dags/load_csv_to_bq.py
[2025-04-09T09:15:55.127+0000] {logging_mixin.py:188} INFO - [2025-04-09T09:15:55.126+0000] {dag.py:3047} INFO - Sync 1 DAGs
[2025-04-09T09:15:55.141+0000] {logging_mixin.py:188} INFO - [2025-04-09T09:15:55.141+0000] {dag.py:3834} INFO - Setting next_dagrun for load_csv_to_bq to None, run_after=None
[2025-04-09T09:15:55.163+0000] {processor.py:183} INFO - Processing /opt/airflow/dags/load_csv_to_bq.py took 0.078 seconds
[2025-04-09T09:16:25.860+0000] {processor.py:161} INFO - Started process (PID=4803) to work on /opt/airflow/dags/load_csv_to_bq.py
[2025-04-09T09:16:25.861+0000] {processor.py:830} INFO - Processing file /opt/airflow/dags/load_csv_to_bq.py for tasks to queue
[2025-04-09T09:16:25.862+0000] {logging_mixin.py:188} INFO - [2025-04-09T09:16:25.862+0000] {dagbag.py:540} INFO - Filling up the DagBag from /opt/airflow/dags/load_csv_to_bq.py
[2025-04-09T09:16:25.874+0000] {processor.py:840} INFO - DAG(s) 'load_csv_to_bq' retrieved from /opt/airflow/dags/load_csv_to_bq.py
[2025-04-09T09:16:25.896+0000] {logging_mixin.py:188} INFO - [2025-04-09T09:16:25.896+0000] {dag.py:3047} INFO - Sync 1 DAGs
[2025-04-09T09:16:25.911+0000] {logging_mixin.py:188} INFO - [2025-04-09T09:16:25.911+0000] {dag.py:3834} INFO - Setting next_dagrun for load_csv_to_bq to None, run_after=None
[2025-04-09T09:16:25.934+0000] {processor.py:183} INFO - Processing /opt/airflow/dags/load_csv_to_bq.py took 0.079 seconds
[2025-04-09T09:16:56.398+0000] {processor.py:161} INFO - Started process (PID=4865) to work on /opt/airflow/dags/load_csv_to_bq.py
[2025-04-09T09:16:56.399+0000] {processor.py:830} INFO - Processing file /opt/airflow/dags/load_csv_to_bq.py for tasks to queue
[2025-04-09T09:16:56.400+0000] {logging_mixin.py:188} INFO - [2025-04-09T09:16:56.400+0000] {dagbag.py:540} INFO - Filling up the DagBag from /opt/airflow/dags/load_csv_to_bq.py
[2025-04-09T09:16:56.414+0000] {processor.py:840} INFO - DAG(s) 'load_csv_to_bq' retrieved from /opt/airflow/dags/load_csv_to_bq.py
[2025-04-09T09:16:56.438+0000] {logging_mixin.py:188} INFO - [2025-04-09T09:16:56.437+0000] {dag.py:3047} INFO - Sync 1 DAGs
[2025-04-09T09:16:56.453+0000] {logging_mixin.py:188} INFO - [2025-04-09T09:16:56.453+0000] {dag.py:3834} INFO - Setting next_dagrun for load_csv_to_bq to None, run_after=None
[2025-04-09T09:16:56.481+0000] {processor.py:183} INFO - Processing /opt/airflow/dags/load_csv_to_bq.py took 0.088 seconds
[2025-04-09T09:17:26.715+0000] {processor.py:161} INFO - Started process (PID=4927) to work on /opt/airflow/dags/load_csv_to_bq.py
[2025-04-09T09:17:26.716+0000] {processor.py:830} INFO - Processing file /opt/airflow/dags/load_csv_to_bq.py for tasks to queue
[2025-04-09T09:17:26.718+0000] {logging_mixin.py:188} INFO - [2025-04-09T09:17:26.717+0000] {dagbag.py:540} INFO - Filling up the DagBag from /opt/airflow/dags/load_csv_to_bq.py
[2025-04-09T09:17:26.731+0000] {processor.py:840} INFO - DAG(s) 'load_csv_to_bq' retrieved from /opt/airflow/dags/load_csv_to_bq.py
[2025-04-09T09:17:26.754+0000] {logging_mixin.py:188} INFO - [2025-04-09T09:17:26.754+0000] {dag.py:3047} INFO - Sync 1 DAGs
[2025-04-09T09:17:26.769+0000] {logging_mixin.py:188} INFO - [2025-04-09T09:17:26.769+0000] {dag.py:3834} INFO - Setting next_dagrun for load_csv_to_bq to None, run_after=None
[2025-04-09T09:17:26.792+0000] {processor.py:183} INFO - Processing /opt/airflow/dags/load_csv_to_bq.py took 0.082 seconds
