[2025-04-09T08:37:47.925+0000] {processor.py:161} INFO - Started process (PID=53) to work on /opt/airflow/dags/step_five.py
[2025-04-09T08:37:47.927+0000] {processor.py:830} INFO - Processing file /opt/airflow/dags/step_five.py for tasks to queue
[2025-04-09T08:37:47.931+0000] {logging_mixin.py:188} INFO - [2025-04-09T08:37:47.930+0000] {dagbag.py:540} INFO - Filling up the DagBag from /opt/airflow/dags/step_five.py
[2025-04-09T08:37:47.959+0000] {processor.py:840} INFO - DAG(s) 'load_external_and_raw_data_to_bq' retrieved from /opt/airflow/dags/step_five.py
[2025-04-09T08:37:48.315+0000] {logging_mixin.py:188} INFO - [2025-04-09T08:37:48.314+0000] {dag.py:3047} INFO - Sync 1 DAGs
[2025-04-09T08:37:48.344+0000] {logging_mixin.py:188} INFO - [2025-04-09T08:37:48.343+0000] {dag.py:3834} INFO - Setting next_dagrun for load_external_and_raw_data_to_bq to None, run_after=None
[2025-04-09T08:37:48.389+0000] {processor.py:183} INFO - Processing /opt/airflow/dags/step_five.py took 0.473 seconds
[2025-04-09T08:38:18.846+0000] {processor.py:161} INFO - Started process (PID=115) to work on /opt/airflow/dags/step_five.py
[2025-04-09T08:38:18.848+0000] {processor.py:830} INFO - Processing file /opt/airflow/dags/step_five.py for tasks to queue
[2025-04-09T08:38:18.851+0000] {logging_mixin.py:188} INFO - [2025-04-09T08:38:18.850+0000] {dagbag.py:540} INFO - Filling up the DagBag from /opt/airflow/dags/step_five.py
[2025-04-09T08:38:18.857+0000] {processor.py:840} INFO - DAG(s) 'load_external_and_raw_data_to_bq' retrieved from /opt/airflow/dags/step_five.py
[2025-04-09T08:38:18.882+0000] {logging_mixin.py:188} INFO - [2025-04-09T08:38:18.881+0000] {dag.py:3047} INFO - Sync 1 DAGs
[2025-04-09T08:38:18.895+0000] {logging_mixin.py:188} INFO - [2025-04-09T08:38:18.895+0000] {dag.py:3834} INFO - Setting next_dagrun for load_external_and_raw_data_to_bq to None, run_after=None
[2025-04-09T08:38:18.921+0000] {processor.py:183} INFO - Processing /opt/airflow/dags/step_five.py took 0.079 seconds
[2025-04-09T08:38:49.186+0000] {processor.py:161} INFO - Started process (PID=177) to work on /opt/airflow/dags/step_five.py
[2025-04-09T08:38:49.188+0000] {processor.py:830} INFO - Processing file /opt/airflow/dags/step_five.py for tasks to queue
[2025-04-09T08:38:49.191+0000] {logging_mixin.py:188} INFO - [2025-04-09T08:38:49.190+0000] {dagbag.py:540} INFO - Filling up the DagBag from /opt/airflow/dags/step_five.py
[2025-04-09T08:38:49.200+0000] {processor.py:840} INFO - DAG(s) 'load_external_and_raw_data_to_bq' retrieved from /opt/airflow/dags/step_five.py
[2025-04-09T08:38:49.236+0000] {logging_mixin.py:188} INFO - [2025-04-09T08:38:49.235+0000] {dag.py:3047} INFO - Sync 1 DAGs
[2025-04-09T08:38:49.254+0000] {logging_mixin.py:188} INFO - [2025-04-09T08:38:49.253+0000] {dag.py:3834} INFO - Setting next_dagrun for load_external_and_raw_data_to_bq to None, run_after=None
[2025-04-09T08:38:49.287+0000] {processor.py:183} INFO - Processing /opt/airflow/dags/step_five.py took 0.107 seconds
[2025-04-09T08:39:19.822+0000] {processor.py:161} INFO - Started process (PID=245) to work on /opt/airflow/dags/step_five.py
[2025-04-09T08:39:19.823+0000] {processor.py:830} INFO - Processing file /opt/airflow/dags/step_five.py for tasks to queue
[2025-04-09T08:39:19.825+0000] {logging_mixin.py:188} INFO - [2025-04-09T08:39:19.825+0000] {dagbag.py:540} INFO - Filling up the DagBag from /opt/airflow/dags/step_five.py
[2025-04-09T08:39:19.833+0000] {processor.py:840} INFO - DAG(s) 'load_external_and_raw_data_to_bq' retrieved from /opt/airflow/dags/step_five.py
[2025-04-09T08:39:19.858+0000] {logging_mixin.py:188} INFO - [2025-04-09T08:39:19.857+0000] {dag.py:3047} INFO - Sync 1 DAGs
[2025-04-09T08:39:19.873+0000] {logging_mixin.py:188} INFO - [2025-04-09T08:39:19.873+0000] {dag.py:3834} INFO - Setting next_dagrun for load_external_and_raw_data_to_bq to None, run_after=None
[2025-04-09T08:39:19.897+0000] {processor.py:183} INFO - Processing /opt/airflow/dags/step_five.py took 0.079 seconds
[2025-04-09T08:39:50.469+0000] {processor.py:161} INFO - Started process (PID=307) to work on /opt/airflow/dags/step_five.py
[2025-04-09T08:39:50.471+0000] {processor.py:830} INFO - Processing file /opt/airflow/dags/step_five.py for tasks to queue
[2025-04-09T08:39:50.475+0000] {logging_mixin.py:188} INFO - [2025-04-09T08:39:50.474+0000] {dagbag.py:540} INFO - Filling up the DagBag from /opt/airflow/dags/step_five.py
[2025-04-09T08:39:50.482+0000] {processor.py:840} INFO - DAG(s) 'load_external_and_raw_data_to_bq' retrieved from /opt/airflow/dags/step_five.py
[2025-04-09T08:39:50.505+0000] {logging_mixin.py:188} INFO - [2025-04-09T08:39:50.504+0000] {dag.py:3047} INFO - Sync 1 DAGs
[2025-04-09T08:39:50.517+0000] {logging_mixin.py:188} INFO - [2025-04-09T08:39:50.517+0000] {dag.py:3834} INFO - Setting next_dagrun for load_external_and_raw_data_to_bq to None, run_after=None
[2025-04-09T08:39:50.546+0000] {processor.py:183} INFO - Processing /opt/airflow/dags/step_five.py took 0.081 seconds
[2025-04-09T08:40:20.584+0000] {processor.py:161} INFO - Started process (PID=369) to work on /opt/airflow/dags/step_five.py
[2025-04-09T08:40:20.586+0000] {processor.py:830} INFO - Processing file /opt/airflow/dags/step_five.py for tasks to queue
[2025-04-09T08:40:20.589+0000] {logging_mixin.py:188} INFO - [2025-04-09T08:40:20.589+0000] {dagbag.py:540} INFO - Filling up the DagBag from /opt/airflow/dags/step_five.py
[2025-04-09T08:40:20.601+0000] {processor.py:840} INFO - DAG(s) 'load_external_and_raw_data_to_bq' retrieved from /opt/airflow/dags/step_five.py
[2025-04-09T08:40:20.637+0000] {logging_mixin.py:188} INFO - [2025-04-09T08:40:20.636+0000] {dag.py:3047} INFO - Sync 1 DAGs
[2025-04-09T08:40:20.651+0000] {logging_mixin.py:188} INFO - [2025-04-09T08:40:20.651+0000] {dag.py:3834} INFO - Setting next_dagrun for load_external_and_raw_data_to_bq to None, run_after=None
[2025-04-09T08:40:20.679+0000] {processor.py:183} INFO - Processing /opt/airflow/dags/step_five.py took 0.099 seconds
[2025-04-09T08:40:51.650+0000] {processor.py:161} INFO - Started process (PID=431) to work on /opt/airflow/dags/step_five.py
[2025-04-09T08:40:51.652+0000] {processor.py:830} INFO - Processing file /opt/airflow/dags/step_five.py for tasks to queue
[2025-04-09T08:40:51.656+0000] {logging_mixin.py:188} INFO - [2025-04-09T08:40:51.656+0000] {dagbag.py:540} INFO - Filling up the DagBag from /opt/airflow/dags/step_five.py
[2025-04-09T08:40:51.663+0000] {processor.py:840} INFO - DAG(s) 'load_external_and_raw_data_to_bq' retrieved from /opt/airflow/dags/step_five.py
[2025-04-09T08:40:51.694+0000] {logging_mixin.py:188} INFO - [2025-04-09T08:40:51.694+0000] {dag.py:3047} INFO - Sync 1 DAGs
[2025-04-09T08:40:51.713+0000] {logging_mixin.py:188} INFO - [2025-04-09T08:40:51.712+0000] {dag.py:3834} INFO - Setting next_dagrun for load_external_and_raw_data_to_bq to None, run_after=None
[2025-04-09T08:40:51.746+0000] {processor.py:183} INFO - Processing /opt/airflow/dags/step_five.py took 0.100 seconds
[2025-04-09T08:41:22.103+0000] {processor.py:161} INFO - Started process (PID=493) to work on /opt/airflow/dags/step_five.py
[2025-04-09T08:41:22.106+0000] {processor.py:830} INFO - Processing file /opt/airflow/dags/step_five.py for tasks to queue
[2025-04-09T08:41:22.109+0000] {logging_mixin.py:188} INFO - [2025-04-09T08:41:22.109+0000] {dagbag.py:540} INFO - Filling up the DagBag from /opt/airflow/dags/step_five.py
[2025-04-09T08:41:22.118+0000] {processor.py:840} INFO - DAG(s) 'load_external_and_raw_data_to_bq' retrieved from /opt/airflow/dags/step_five.py
[2025-04-09T08:41:22.150+0000] {logging_mixin.py:188} INFO - [2025-04-09T08:41:22.150+0000] {dag.py:3047} INFO - Sync 1 DAGs
[2025-04-09T08:41:22.168+0000] {logging_mixin.py:188} INFO - [2025-04-09T08:41:22.167+0000] {dag.py:3834} INFO - Setting next_dagrun for load_external_and_raw_data_to_bq to None, run_after=None
[2025-04-09T08:41:22.197+0000] {processor.py:183} INFO - Processing /opt/airflow/dags/step_five.py took 0.098 seconds
[2025-04-09T08:41:52.534+0000] {processor.py:161} INFO - Started process (PID=555) to work on /opt/airflow/dags/step_five.py
[2025-04-09T08:41:52.536+0000] {processor.py:830} INFO - Processing file /opt/airflow/dags/step_five.py for tasks to queue
[2025-04-09T08:41:52.540+0000] {logging_mixin.py:188} INFO - [2025-04-09T08:41:52.540+0000] {dagbag.py:540} INFO - Filling up the DagBag from /opt/airflow/dags/step_five.py
[2025-04-09T08:41:52.550+0000] {processor.py:840} INFO - DAG(s) 'load_external_and_raw_data_to_bq' retrieved from /opt/airflow/dags/step_five.py
[2025-04-09T08:41:52.578+0000] {logging_mixin.py:188} INFO - [2025-04-09T08:41:52.577+0000] {dag.py:3047} INFO - Sync 1 DAGs
[2025-04-09T08:41:52.601+0000] {logging_mixin.py:188} INFO - [2025-04-09T08:41:52.600+0000] {dag.py:3834} INFO - Setting next_dagrun for load_external_and_raw_data_to_bq to None, run_after=None
[2025-04-09T08:41:52.631+0000] {processor.py:183} INFO - Processing /opt/airflow/dags/step_five.py took 0.105 seconds
[2025-04-09T08:42:23.063+0000] {processor.py:161} INFO - Started process (PID=617) to work on /opt/airflow/dags/step_five.py
[2025-04-09T08:42:23.065+0000] {processor.py:830} INFO - Processing file /opt/airflow/dags/step_five.py for tasks to queue
[2025-04-09T08:42:23.068+0000] {logging_mixin.py:188} INFO - [2025-04-09T08:42:23.067+0000] {dagbag.py:540} INFO - Filling up the DagBag from /opt/airflow/dags/step_five.py
[2025-04-09T08:42:23.074+0000] {processor.py:840} INFO - DAG(s) 'load_external_and_raw_data_to_bq' retrieved from /opt/airflow/dags/step_five.py
[2025-04-09T08:42:23.101+0000] {logging_mixin.py:188} INFO - [2025-04-09T08:42:23.101+0000] {dag.py:3047} INFO - Sync 1 DAGs
[2025-04-09T08:42:23.116+0000] {logging_mixin.py:188} INFO - [2025-04-09T08:42:23.115+0000] {dag.py:3834} INFO - Setting next_dagrun for load_external_and_raw_data_to_bq to None, run_after=None
[2025-04-09T08:42:23.141+0000] {processor.py:183} INFO - Processing /opt/airflow/dags/step_five.py took 0.082 seconds
[2025-04-09T08:42:53.891+0000] {processor.py:161} INFO - Started process (PID=679) to work on /opt/airflow/dags/step_five.py
[2025-04-09T08:42:53.893+0000] {processor.py:830} INFO - Processing file /opt/airflow/dags/step_five.py for tasks to queue
[2025-04-09T08:42:53.896+0000] {logging_mixin.py:188} INFO - [2025-04-09T08:42:53.896+0000] {dagbag.py:540} INFO - Filling up the DagBag from /opt/airflow/dags/step_five.py
[2025-04-09T08:42:53.905+0000] {processor.py:840} INFO - DAG(s) 'load_external_and_raw_data_to_bq' retrieved from /opt/airflow/dags/step_five.py
[2025-04-09T08:42:53.932+0000] {logging_mixin.py:188} INFO - [2025-04-09T08:42:53.931+0000] {dag.py:3047} INFO - Sync 1 DAGs
[2025-04-09T08:42:53.947+0000] {logging_mixin.py:188} INFO - [2025-04-09T08:42:53.947+0000] {dag.py:3834} INFO - Setting next_dagrun for load_external_and_raw_data_to_bq to None, run_after=None
[2025-04-09T08:42:53.971+0000] {processor.py:183} INFO - Processing /opt/airflow/dags/step_five.py took 0.084 seconds
[2025-04-09T08:43:24.060+0000] {processor.py:161} INFO - Started process (PID=741) to work on /opt/airflow/dags/step_five.py
[2025-04-09T08:43:24.062+0000] {processor.py:830} INFO - Processing file /opt/airflow/dags/step_five.py for tasks to queue
[2025-04-09T08:43:24.066+0000] {logging_mixin.py:188} INFO - [2025-04-09T08:43:24.065+0000] {dagbag.py:540} INFO - Filling up the DagBag from /opt/airflow/dags/step_five.py
[2025-04-09T08:43:24.073+0000] {processor.py:840} INFO - DAG(s) 'load_external_and_raw_data_to_bq' retrieved from /opt/airflow/dags/step_five.py
[2025-04-09T08:43:24.095+0000] {logging_mixin.py:188} INFO - [2025-04-09T08:43:24.095+0000] {dag.py:3047} INFO - Sync 1 DAGs
[2025-04-09T08:43:24.109+0000] {logging_mixin.py:188} INFO - [2025-04-09T08:43:24.109+0000] {dag.py:3834} INFO - Setting next_dagrun for load_external_and_raw_data_to_bq to None, run_after=None
[2025-04-09T08:43:24.132+0000] {processor.py:183} INFO - Processing /opt/airflow/dags/step_five.py took 0.076 seconds
[2025-04-09T08:43:54.230+0000] {processor.py:161} INFO - Started process (PID=803) to work on /opt/airflow/dags/step_five.py
[2025-04-09T08:43:54.232+0000] {processor.py:830} INFO - Processing file /opt/airflow/dags/step_five.py for tasks to queue
[2025-04-09T08:43:54.234+0000] {logging_mixin.py:188} INFO - [2025-04-09T08:43:54.234+0000] {dagbag.py:540} INFO - Filling up the DagBag from /opt/airflow/dags/step_five.py
[2025-04-09T08:43:54.241+0000] {processor.py:840} INFO - DAG(s) 'load_external_and_raw_data_to_bq' retrieved from /opt/airflow/dags/step_five.py
[2025-04-09T08:43:54.268+0000] {logging_mixin.py:188} INFO - [2025-04-09T08:43:54.268+0000] {dag.py:3047} INFO - Sync 1 DAGs
[2025-04-09T08:43:54.282+0000] {logging_mixin.py:188} INFO - [2025-04-09T08:43:54.282+0000] {dag.py:3834} INFO - Setting next_dagrun for load_external_and_raw_data_to_bq to None, run_after=None
[2025-04-09T08:43:54.310+0000] {processor.py:183} INFO - Processing /opt/airflow/dags/step_five.py took 0.084 seconds
[2025-04-09T08:44:24.386+0000] {processor.py:161} INFO - Started process (PID=865) to work on /opt/airflow/dags/step_five.py
[2025-04-09T08:44:24.388+0000] {processor.py:830} INFO - Processing file /opt/airflow/dags/step_five.py for tasks to queue
[2025-04-09T08:44:24.391+0000] {logging_mixin.py:188} INFO - [2025-04-09T08:44:24.391+0000] {dagbag.py:540} INFO - Filling up the DagBag from /opt/airflow/dags/step_five.py
[2025-04-09T08:44:24.400+0000] {processor.py:840} INFO - DAG(s) 'load_external_and_raw_data_to_bq' retrieved from /opt/airflow/dags/step_five.py
[2025-04-09T08:44:24.426+0000] {logging_mixin.py:188} INFO - [2025-04-09T08:44:24.426+0000] {dag.py:3047} INFO - Sync 1 DAGs
[2025-04-09T08:44:24.440+0000] {logging_mixin.py:188} INFO - [2025-04-09T08:44:24.440+0000] {dag.py:3834} INFO - Setting next_dagrun for load_external_and_raw_data_to_bq to None, run_after=None
[2025-04-09T08:44:24.463+0000] {processor.py:183} INFO - Processing /opt/airflow/dags/step_five.py took 0.081 seconds
[2025-04-09T08:44:55.461+0000] {processor.py:161} INFO - Started process (PID=927) to work on /opt/airflow/dags/step_five.py
[2025-04-09T08:44:55.463+0000] {processor.py:830} INFO - Processing file /opt/airflow/dags/step_five.py for tasks to queue
[2025-04-09T08:44:55.471+0000] {logging_mixin.py:188} INFO - [2025-04-09T08:44:55.469+0000] {dagbag.py:540} INFO - Filling up the DagBag from /opt/airflow/dags/step_five.py
[2025-04-09T08:44:55.483+0000] {processor.py:840} INFO - DAG(s) 'load_external_and_raw_data_to_bq' retrieved from /opt/airflow/dags/step_five.py
[2025-04-09T08:44:55.517+0000] {logging_mixin.py:188} INFO - [2025-04-09T08:44:55.516+0000] {dag.py:3047} INFO - Sync 1 DAGs
[2025-04-09T08:44:55.538+0000] {logging_mixin.py:188} INFO - [2025-04-09T08:44:55.538+0000] {dag.py:3834} INFO - Setting next_dagrun for load_external_and_raw_data_to_bq to None, run_after=None
[2025-04-09T08:44:55.570+0000] {processor.py:183} INFO - Processing /opt/airflow/dags/step_five.py took 0.115 seconds
[2025-04-09T08:45:25.920+0000] {processor.py:161} INFO - Started process (PID=989) to work on /opt/airflow/dags/step_five.py
[2025-04-09T08:45:25.922+0000] {processor.py:830} INFO - Processing file /opt/airflow/dags/step_five.py for tasks to queue
[2025-04-09T08:45:25.925+0000] {logging_mixin.py:188} INFO - [2025-04-09T08:45:25.925+0000] {dagbag.py:540} INFO - Filling up the DagBag from /opt/airflow/dags/step_five.py
[2025-04-09T08:45:25.933+0000] {processor.py:840} INFO - DAG(s) 'load_external_and_raw_data_to_bq' retrieved from /opt/airflow/dags/step_five.py
[2025-04-09T08:45:25.959+0000] {logging_mixin.py:188} INFO - [2025-04-09T08:45:25.958+0000] {dag.py:3047} INFO - Sync 1 DAGs
[2025-04-09T08:45:25.974+0000] {logging_mixin.py:188} INFO - [2025-04-09T08:45:25.973+0000] {dag.py:3834} INFO - Setting next_dagrun for load_external_and_raw_data_to_bq to None, run_after=None
[2025-04-09T08:45:26.000+0000] {processor.py:183} INFO - Processing /opt/airflow/dags/step_five.py took 0.085 seconds
[2025-04-09T08:45:56.113+0000] {processor.py:161} INFO - Started process (PID=1051) to work on /opt/airflow/dags/step_five.py
[2025-04-09T08:45:56.115+0000] {processor.py:830} INFO - Processing file /opt/airflow/dags/step_five.py for tasks to queue
[2025-04-09T08:45:56.119+0000] {logging_mixin.py:188} INFO - [2025-04-09T08:45:56.118+0000] {dagbag.py:540} INFO - Filling up the DagBag from /opt/airflow/dags/step_five.py
[2025-04-09T08:45:56.126+0000] {processor.py:840} INFO - DAG(s) 'load_external_and_raw_data_to_bq' retrieved from /opt/airflow/dags/step_five.py
[2025-04-09T08:45:56.151+0000] {logging_mixin.py:188} INFO - [2025-04-09T08:45:56.150+0000] {dag.py:3047} INFO - Sync 1 DAGs
[2025-04-09T08:45:56.168+0000] {logging_mixin.py:188} INFO - [2025-04-09T08:45:56.167+0000] {dag.py:3834} INFO - Setting next_dagrun for load_external_and_raw_data_to_bq to None, run_after=None
[2025-04-09T08:45:56.195+0000] {processor.py:183} INFO - Processing /opt/airflow/dags/step_five.py took 0.085 seconds
[2025-04-09T08:46:26.656+0000] {processor.py:161} INFO - Started process (PID=1119) to work on /opt/airflow/dags/step_five.py
[2025-04-09T08:46:26.657+0000] {processor.py:830} INFO - Processing file /opt/airflow/dags/step_five.py for tasks to queue
[2025-04-09T08:46:26.661+0000] {logging_mixin.py:188} INFO - [2025-04-09T08:46:26.660+0000] {dagbag.py:540} INFO - Filling up the DagBag from /opt/airflow/dags/step_five.py
[2025-04-09T08:46:26.669+0000] {processor.py:840} INFO - DAG(s) 'load_external_and_raw_data_to_bq' retrieved from /opt/airflow/dags/step_five.py
[2025-04-09T08:46:26.695+0000] {logging_mixin.py:188} INFO - [2025-04-09T08:46:26.694+0000] {dag.py:3047} INFO - Sync 1 DAGs
[2025-04-09T08:46:26.708+0000] {logging_mixin.py:188} INFO - [2025-04-09T08:46:26.708+0000] {dag.py:3834} INFO - Setting next_dagrun for load_external_and_raw_data_to_bq to None, run_after=None
[2025-04-09T08:46:26.735+0000] {processor.py:183} INFO - Processing /opt/airflow/dags/step_five.py took 0.083 seconds
[2025-04-09T08:46:56.936+0000] {processor.py:161} INFO - Started process (PID=1181) to work on /opt/airflow/dags/step_five.py
[2025-04-09T08:46:56.938+0000] {processor.py:830} INFO - Processing file /opt/airflow/dags/step_five.py for tasks to queue
[2025-04-09T08:46:56.941+0000] {logging_mixin.py:188} INFO - [2025-04-09T08:46:56.940+0000] {dagbag.py:540} INFO - Filling up the DagBag from /opt/airflow/dags/step_five.py
[2025-04-09T08:46:56.949+0000] {processor.py:840} INFO - DAG(s) 'load_external_and_raw_data_to_bq' retrieved from /opt/airflow/dags/step_five.py
[2025-04-09T08:46:56.980+0000] {logging_mixin.py:188} INFO - [2025-04-09T08:46:56.979+0000] {dag.py:3047} INFO - Sync 1 DAGs
[2025-04-09T08:46:57.015+0000] {logging_mixin.py:188} INFO - [2025-04-09T08:46:57.014+0000] {dag.py:3834} INFO - Setting next_dagrun for load_external_and_raw_data_to_bq to None, run_after=None
[2025-04-09T08:46:57.076+0000] {processor.py:183} INFO - Processing /opt/airflow/dags/step_five.py took 0.145 seconds
[2025-04-09T08:47:27.387+0000] {processor.py:161} INFO - Started process (PID=1252) to work on /opt/airflow/dags/step_five.py
[2025-04-09T08:47:27.388+0000] {processor.py:830} INFO - Processing file /opt/airflow/dags/step_five.py for tasks to queue
[2025-04-09T08:47:27.390+0000] {logging_mixin.py:188} INFO - [2025-04-09T08:47:27.390+0000] {dagbag.py:540} INFO - Filling up the DagBag from /opt/airflow/dags/step_five.py
[2025-04-09T08:47:27.397+0000] {processor.py:840} INFO - DAG(s) 'load_external_and_raw_data_to_bq' retrieved from /opt/airflow/dags/step_five.py
[2025-04-09T08:47:27.420+0000] {logging_mixin.py:188} INFO - [2025-04-09T08:47:27.419+0000] {dag.py:3047} INFO - Sync 1 DAGs
[2025-04-09T08:47:27.431+0000] {logging_mixin.py:188} INFO - [2025-04-09T08:47:27.431+0000] {dag.py:3834} INFO - Setting next_dagrun for load_external_and_raw_data_to_bq to None, run_after=None
[2025-04-09T08:47:27.453+0000] {processor.py:183} INFO - Processing /opt/airflow/dags/step_five.py took 0.070 seconds
[2025-04-09T08:47:57.647+0000] {processor.py:161} INFO - Started process (PID=1307) to work on /opt/airflow/dags/step_five.py
[2025-04-09T08:47:57.648+0000] {processor.py:830} INFO - Processing file /opt/airflow/dags/step_five.py for tasks to queue
[2025-04-09T08:47:57.650+0000] {logging_mixin.py:188} INFO - [2025-04-09T08:47:57.650+0000] {dagbag.py:540} INFO - Filling up the DagBag from /opt/airflow/dags/step_five.py
[2025-04-09T08:47:57.658+0000] {processor.py:840} INFO - DAG(s) 'load_external_and_raw_data_to_bq' retrieved from /opt/airflow/dags/step_five.py
[2025-04-09T08:47:57.683+0000] {logging_mixin.py:188} INFO - [2025-04-09T08:47:57.682+0000] {dag.py:3047} INFO - Sync 1 DAGs
[2025-04-09T08:47:57.696+0000] {logging_mixin.py:188} INFO - [2025-04-09T08:47:57.696+0000] {dag.py:3834} INFO - Setting next_dagrun for load_external_and_raw_data_to_bq to None, run_after=None
[2025-04-09T08:47:57.721+0000] {processor.py:183} INFO - Processing /opt/airflow/dags/step_five.py took 0.078 seconds
[2025-04-09T08:48:28.029+0000] {processor.py:161} INFO - Started process (PID=1380) to work on /opt/airflow/dags/step_five.py
[2025-04-09T08:48:28.032+0000] {processor.py:830} INFO - Processing file /opt/airflow/dags/step_five.py for tasks to queue
[2025-04-09T08:48:28.035+0000] {logging_mixin.py:188} INFO - [2025-04-09T08:48:28.035+0000] {dagbag.py:540} INFO - Filling up the DagBag from /opt/airflow/dags/step_five.py
[2025-04-09T08:48:28.047+0000] {processor.py:840} INFO - DAG(s) 'load_external_and_raw_data_to_bq' retrieved from /opt/airflow/dags/step_five.py
[2025-04-09T08:48:28.079+0000] {logging_mixin.py:188} INFO - [2025-04-09T08:48:28.079+0000] {dag.py:3047} INFO - Sync 1 DAGs
[2025-04-09T08:48:28.104+0000] {logging_mixin.py:188} INFO - [2025-04-09T08:48:28.103+0000] {dag.py:3834} INFO - Setting next_dagrun for load_external_and_raw_data_to_bq to None, run_after=None
[2025-04-09T08:48:28.151+0000] {processor.py:183} INFO - Processing /opt/airflow/dags/step_five.py took 0.131 seconds
[2025-04-09T08:48:58.311+0000] {processor.py:161} INFO - Started process (PID=1447) to work on /opt/airflow/dags/step_five.py
[2025-04-09T08:48:58.312+0000] {processor.py:830} INFO - Processing file /opt/airflow/dags/step_five.py for tasks to queue
[2025-04-09T08:48:58.315+0000] {logging_mixin.py:188} INFO - [2025-04-09T08:48:58.314+0000] {dagbag.py:540} INFO - Filling up the DagBag from /opt/airflow/dags/step_five.py
[2025-04-09T08:48:58.321+0000] {processor.py:840} INFO - DAG(s) 'load_external_and_raw_data_to_bq' retrieved from /opt/airflow/dags/step_five.py
[2025-04-09T08:48:58.343+0000] {logging_mixin.py:188} INFO - [2025-04-09T08:48:58.342+0000] {dag.py:3047} INFO - Sync 1 DAGs
[2025-04-09T08:48:58.355+0000] {logging_mixin.py:188} INFO - [2025-04-09T08:48:58.355+0000] {dag.py:3834} INFO - Setting next_dagrun for load_external_and_raw_data_to_bq to None, run_after=None
[2025-04-09T08:48:58.376+0000] {processor.py:183} INFO - Processing /opt/airflow/dags/step_five.py took 0.069 seconds
[2025-04-09T08:49:28.513+0000] {processor.py:161} INFO - Started process (PID=1503) to work on /opt/airflow/dags/step_five.py
[2025-04-09T08:49:28.514+0000] {processor.py:830} INFO - Processing file /opt/airflow/dags/step_five.py for tasks to queue
[2025-04-09T08:49:28.517+0000] {logging_mixin.py:188} INFO - [2025-04-09T08:49:28.516+0000] {dagbag.py:540} INFO - Filling up the DagBag from /opt/airflow/dags/step_five.py
[2025-04-09T08:49:28.523+0000] {processor.py:840} INFO - DAG(s) 'load_external_and_raw_data_to_bq' retrieved from /opt/airflow/dags/step_five.py
[2025-04-09T08:49:28.545+0000] {logging_mixin.py:188} INFO - [2025-04-09T08:49:28.545+0000] {dag.py:3047} INFO - Sync 1 DAGs
[2025-04-09T08:49:28.557+0000] {logging_mixin.py:188} INFO - [2025-04-09T08:49:28.557+0000] {dag.py:3834} INFO - Setting next_dagrun for load_external_and_raw_data_to_bq to None, run_after=None
[2025-04-09T08:49:28.582+0000] {processor.py:183} INFO - Processing /opt/airflow/dags/step_five.py took 0.073 seconds
[2025-04-09T08:49:58.610+0000] {processor.py:161} INFO - Started process (PID=1571) to work on /opt/airflow/dags/step_five.py
[2025-04-09T08:49:58.611+0000] {processor.py:830} INFO - Processing file /opt/airflow/dags/step_five.py for tasks to queue
[2025-04-09T08:49:58.614+0000] {logging_mixin.py:188} INFO - [2025-04-09T08:49:58.613+0000] {dagbag.py:540} INFO - Filling up the DagBag from /opt/airflow/dags/step_five.py
[2025-04-09T08:49:58.620+0000] {processor.py:840} INFO - DAG(s) 'load_external_and_raw_data_to_bq' retrieved from /opt/airflow/dags/step_five.py
[2025-04-09T08:49:58.654+0000] {logging_mixin.py:188} INFO - [2025-04-09T08:49:58.653+0000] {dag.py:3047} INFO - Sync 1 DAGs
[2025-04-09T08:49:58.674+0000] {logging_mixin.py:188} INFO - [2025-04-09T08:49:58.674+0000] {dag.py:3834} INFO - Setting next_dagrun for load_external_and_raw_data_to_bq to None, run_after=None
[2025-04-09T08:49:58.702+0000] {processor.py:183} INFO - Processing /opt/airflow/dags/step_five.py took 0.097 seconds
[2025-04-09T08:50:28.787+0000] {processor.py:161} INFO - Started process (PID=1629) to work on /opt/airflow/dags/step_five.py
[2025-04-09T08:50:28.790+0000] {processor.py:830} INFO - Processing file /opt/airflow/dags/step_five.py for tasks to queue
[2025-04-09T08:50:28.794+0000] {logging_mixin.py:188} INFO - [2025-04-09T08:50:28.793+0000] {dagbag.py:540} INFO - Filling up the DagBag from /opt/airflow/dags/step_five.py
[2025-04-09T08:50:28.805+0000] {processor.py:840} INFO - DAG(s) 'load_external_and_raw_data_to_bq' retrieved from /opt/airflow/dags/step_five.py
[2025-04-09T08:50:28.842+0000] {logging_mixin.py:188} INFO - [2025-04-09T08:50:28.842+0000] {dag.py:3047} INFO - Sync 1 DAGs
[2025-04-09T08:50:28.862+0000] {logging_mixin.py:188} INFO - [2025-04-09T08:50:28.861+0000] {dag.py:3834} INFO - Setting next_dagrun for load_external_and_raw_data_to_bq to None, run_after=None
[2025-04-09T08:50:28.888+0000] {processor.py:183} INFO - Processing /opt/airflow/dags/step_five.py took 0.108 seconds
[2025-04-09T08:50:59.515+0000] {processor.py:161} INFO - Started process (PID=1691) to work on /opt/airflow/dags/step_five.py
[2025-04-09T08:50:59.516+0000] {processor.py:830} INFO - Processing file /opt/airflow/dags/step_five.py for tasks to queue
[2025-04-09T08:50:59.519+0000] {logging_mixin.py:188} INFO - [2025-04-09T08:50:59.518+0000] {dagbag.py:540} INFO - Filling up the DagBag from /opt/airflow/dags/step_five.py
[2025-04-09T08:50:59.525+0000] {processor.py:840} INFO - DAG(s) 'load_external_and_raw_data_to_bq' retrieved from /opt/airflow/dags/step_five.py
[2025-04-09T08:50:59.552+0000] {logging_mixin.py:188} INFO - [2025-04-09T08:50:59.552+0000] {dag.py:3047} INFO - Sync 1 DAGs
[2025-04-09T08:50:59.567+0000] {logging_mixin.py:188} INFO - [2025-04-09T08:50:59.566+0000] {dag.py:3834} INFO - Setting next_dagrun for load_external_and_raw_data_to_bq to None, run_after=None
[2025-04-09T08:50:59.592+0000] {processor.py:183} INFO - Processing /opt/airflow/dags/step_five.py took 0.082 seconds
[2025-04-09T08:51:29.697+0000] {processor.py:161} INFO - Started process (PID=1759) to work on /opt/airflow/dags/step_five.py
[2025-04-09T08:51:29.699+0000] {processor.py:830} INFO - Processing file /opt/airflow/dags/step_five.py for tasks to queue
[2025-04-09T08:51:29.702+0000] {logging_mixin.py:188} INFO - [2025-04-09T08:51:29.702+0000] {dagbag.py:540} INFO - Filling up the DagBag from /opt/airflow/dags/step_five.py
[2025-04-09T08:51:29.710+0000] {processor.py:840} INFO - DAG(s) 'load_external_and_raw_data_to_bq' retrieved from /opt/airflow/dags/step_five.py
[2025-04-09T08:51:29.732+0000] {logging_mixin.py:188} INFO - [2025-04-09T08:51:29.732+0000] {dag.py:3047} INFO - Sync 1 DAGs
[2025-04-09T08:51:29.745+0000] {logging_mixin.py:188} INFO - [2025-04-09T08:51:29.744+0000] {dag.py:3834} INFO - Setting next_dagrun for load_external_and_raw_data_to_bq to None, run_after=None
[2025-04-09T08:51:29.764+0000] {processor.py:183} INFO - Processing /opt/airflow/dags/step_five.py took 0.071 seconds
[2025-04-09T08:52:00.185+0000] {processor.py:161} INFO - Started process (PID=1817) to work on /opt/airflow/dags/step_five.py
[2025-04-09T08:52:00.187+0000] {processor.py:830} INFO - Processing file /opt/airflow/dags/step_five.py for tasks to queue
[2025-04-09T08:52:00.189+0000] {logging_mixin.py:188} INFO - [2025-04-09T08:52:00.189+0000] {dagbag.py:540} INFO - Filling up the DagBag from /opt/airflow/dags/step_five.py
[2025-04-09T08:52:00.197+0000] {processor.py:840} INFO - DAG(s) 'load_external_and_raw_data_to_bq' retrieved from /opt/airflow/dags/step_five.py
[2025-04-09T08:52:00.223+0000] {logging_mixin.py:188} INFO - [2025-04-09T08:52:00.223+0000] {dag.py:3047} INFO - Sync 1 DAGs
[2025-04-09T08:52:00.237+0000] {logging_mixin.py:188} INFO - [2025-04-09T08:52:00.237+0000] {dag.py:3834} INFO - Setting next_dagrun for load_external_and_raw_data_to_bq to None, run_after=None
[2025-04-09T08:52:00.263+0000] {processor.py:183} INFO - Processing /opt/airflow/dags/step_five.py took 0.082 seconds
[2025-04-09T08:52:30.739+0000] {processor.py:161} INFO - Started process (PID=1879) to work on /opt/airflow/dags/step_five.py
[2025-04-09T08:52:30.741+0000] {processor.py:830} INFO - Processing file /opt/airflow/dags/step_five.py for tasks to queue
[2025-04-09T08:52:30.743+0000] {logging_mixin.py:188} INFO - [2025-04-09T08:52:30.743+0000] {dagbag.py:540} INFO - Filling up the DagBag from /opt/airflow/dags/step_five.py
[2025-04-09T08:52:30.750+0000] {processor.py:840} INFO - DAG(s) 'load_external_and_raw_data_to_bq' retrieved from /opt/airflow/dags/step_five.py
[2025-04-09T08:52:30.776+0000] {logging_mixin.py:188} INFO - [2025-04-09T08:52:30.775+0000] {dag.py:3047} INFO - Sync 1 DAGs
[2025-04-09T08:52:30.788+0000] {logging_mixin.py:188} INFO - [2025-04-09T08:52:30.788+0000] {dag.py:3834} INFO - Setting next_dagrun for load_external_and_raw_data_to_bq to None, run_after=None
[2025-04-09T08:52:30.816+0000] {processor.py:183} INFO - Processing /opt/airflow/dags/step_five.py took 0.080 seconds
[2025-04-09T08:53:01.344+0000] {processor.py:161} INFO - Started process (PID=1941) to work on /opt/airflow/dags/step_five.py
[2025-04-09T08:53:01.346+0000] {processor.py:830} INFO - Processing file /opt/airflow/dags/step_five.py for tasks to queue
[2025-04-09T08:53:01.348+0000] {logging_mixin.py:188} INFO - [2025-04-09T08:53:01.348+0000] {dagbag.py:540} INFO - Filling up the DagBag from /opt/airflow/dags/step_five.py
[2025-04-09T08:53:01.355+0000] {processor.py:840} INFO - DAG(s) 'load_external_and_raw_data_to_bq' retrieved from /opt/airflow/dags/step_five.py
[2025-04-09T08:53:01.380+0000] {logging_mixin.py:188} INFO - [2025-04-09T08:53:01.379+0000] {dag.py:3047} INFO - Sync 1 DAGs
[2025-04-09T08:53:01.392+0000] {logging_mixin.py:188} INFO - [2025-04-09T08:53:01.391+0000] {dag.py:3834} INFO - Setting next_dagrun for load_external_and_raw_data_to_bq to None, run_after=None
[2025-04-09T08:53:01.418+0000] {processor.py:183} INFO - Processing /opt/airflow/dags/step_five.py took 0.078 seconds
[2025-04-09T08:53:32.300+0000] {processor.py:161} INFO - Started process (PID=2003) to work on /opt/airflow/dags/step_five.py
[2025-04-09T08:53:32.302+0000] {processor.py:830} INFO - Processing file /opt/airflow/dags/step_five.py for tasks to queue
[2025-04-09T08:53:32.306+0000] {logging_mixin.py:188} INFO - [2025-04-09T08:53:32.305+0000] {dagbag.py:540} INFO - Filling up the DagBag from /opt/airflow/dags/step_five.py
[2025-04-09T08:53:32.315+0000] {processor.py:840} INFO - DAG(s) 'load_external_and_raw_data_to_bq' retrieved from /opt/airflow/dags/step_five.py
[2025-04-09T08:53:32.340+0000] {logging_mixin.py:188} INFO - [2025-04-09T08:53:32.339+0000] {dag.py:3047} INFO - Sync 1 DAGs
[2025-04-09T08:53:32.357+0000] {logging_mixin.py:188} INFO - [2025-04-09T08:53:32.356+0000] {dag.py:3834} INFO - Setting next_dagrun for load_external_and_raw_data_to_bq to None, run_after=None
[2025-04-09T08:53:32.387+0000] {processor.py:183} INFO - Processing /opt/airflow/dags/step_five.py took 0.093 seconds
[2025-04-09T08:54:02.695+0000] {processor.py:161} INFO - Started process (PID=2065) to work on /opt/airflow/dags/step_five.py
[2025-04-09T08:54:02.696+0000] {processor.py:830} INFO - Processing file /opt/airflow/dags/step_five.py for tasks to queue
[2025-04-09T08:54:02.699+0000] {logging_mixin.py:188} INFO - [2025-04-09T08:54:02.698+0000] {dagbag.py:540} INFO - Filling up the DagBag from /opt/airflow/dags/step_five.py
[2025-04-09T08:54:02.706+0000] {processor.py:840} INFO - DAG(s) 'load_external_and_raw_data_to_bq' retrieved from /opt/airflow/dags/step_five.py
[2025-04-09T08:54:02.734+0000] {logging_mixin.py:188} INFO - [2025-04-09T08:54:02.734+0000] {dag.py:3047} INFO - Sync 1 DAGs
[2025-04-09T08:54:02.748+0000] {logging_mixin.py:188} INFO - [2025-04-09T08:54:02.747+0000] {dag.py:3834} INFO - Setting next_dagrun for load_external_and_raw_data_to_bq to None, run_after=None
[2025-04-09T08:54:02.774+0000] {processor.py:183} INFO - Processing /opt/airflow/dags/step_five.py took 0.083 seconds
[2025-04-09T08:54:32.840+0000] {processor.py:161} INFO - Started process (PID=2127) to work on /opt/airflow/dags/step_five.py
[2025-04-09T08:54:32.842+0000] {processor.py:830} INFO - Processing file /opt/airflow/dags/step_five.py for tasks to queue
[2025-04-09T08:54:32.845+0000] {logging_mixin.py:188} INFO - [2025-04-09T08:54:32.844+0000] {dagbag.py:540} INFO - Filling up the DagBag from /opt/airflow/dags/step_five.py
[2025-04-09T08:54:32.851+0000] {processor.py:840} INFO - DAG(s) 'load_external_and_raw_data_to_bq' retrieved from /opt/airflow/dags/step_five.py
[2025-04-09T08:54:32.874+0000] {logging_mixin.py:188} INFO - [2025-04-09T08:54:32.873+0000] {dag.py:3047} INFO - Sync 1 DAGs
[2025-04-09T08:54:33.043+0000] {logging_mixin.py:188} INFO - [2025-04-09T08:54:33.043+0000] {dag.py:3834} INFO - Setting next_dagrun for load_external_and_raw_data_to_bq to None, run_after=None
[2025-04-09T08:54:33.068+0000] {processor.py:183} INFO - Processing /opt/airflow/dags/step_five.py took 0.231 seconds
[2025-04-09T08:55:04.676+0000] {processor.py:161} INFO - Started process (PID=2189) to work on /opt/airflow/dags/step_five.py
[2025-04-09T08:55:04.679+0000] {processor.py:830} INFO - Processing file /opt/airflow/dags/step_five.py for tasks to queue
[2025-04-09T08:55:04.684+0000] {logging_mixin.py:188} INFO - [2025-04-09T08:55:04.683+0000] {dagbag.py:540} INFO - Filling up the DagBag from /opt/airflow/dags/step_five.py
[2025-04-09T08:55:04.699+0000] {processor.py:840} INFO - DAG(s) 'load_external_and_raw_data_to_bq' retrieved from /opt/airflow/dags/step_five.py
[2025-04-09T08:55:04.741+0000] {logging_mixin.py:188} INFO - [2025-04-09T08:55:04.740+0000] {dag.py:3047} INFO - Sync 1 DAGs
[2025-04-09T08:55:05.079+0000] {logging_mixin.py:188} INFO - [2025-04-09T08:55:05.077+0000] {dag.py:3834} INFO - Setting next_dagrun for load_external_and_raw_data_to_bq to None, run_after=None
[2025-04-09T08:55:05.150+0000] {processor.py:183} INFO - Processing /opt/airflow/dags/step_five.py took 0.483 seconds
[2025-04-09T08:55:35.339+0000] {processor.py:161} INFO - Started process (PID=2251) to work on /opt/airflow/dags/step_five.py
[2025-04-09T08:55:35.342+0000] {processor.py:830} INFO - Processing file /opt/airflow/dags/step_five.py for tasks to queue
[2025-04-09T08:55:35.346+0000] {logging_mixin.py:188} INFO - [2025-04-09T08:55:35.345+0000] {dagbag.py:540} INFO - Filling up the DagBag from /opt/airflow/dags/step_five.py
[2025-04-09T08:55:35.359+0000] {processor.py:840} INFO - DAG(s) 'load_external_and_raw_data_to_bq' retrieved from /opt/airflow/dags/step_five.py
[2025-04-09T08:55:35.392+0000] {logging_mixin.py:188} INFO - [2025-04-09T08:55:35.391+0000] {dag.py:3047} INFO - Sync 1 DAGs
[2025-04-09T08:55:35.413+0000] {logging_mixin.py:188} INFO - [2025-04-09T08:55:35.413+0000] {dag.py:3834} INFO - Setting next_dagrun for load_external_and_raw_data_to_bq to None, run_after=None
[2025-04-09T08:55:35.677+0000] {processor.py:183} INFO - Processing /opt/airflow/dags/step_five.py took 0.348 seconds
[2025-04-09T08:56:05.728+0000] {processor.py:161} INFO - Started process (PID=2310) to work on /opt/airflow/dags/step_five.py
[2025-04-09T08:56:05.729+0000] {processor.py:830} INFO - Processing file /opt/airflow/dags/step_five.py for tasks to queue
[2025-04-09T08:56:05.732+0000] {logging_mixin.py:188} INFO - [2025-04-09T08:56:05.731+0000] {dagbag.py:540} INFO - Filling up the DagBag from /opt/airflow/dags/step_five.py
[2025-04-09T08:56:05.740+0000] {processor.py:840} INFO - DAG(s) 'load_external_and_raw_data_to_bq' retrieved from /opt/airflow/dags/step_five.py
[2025-04-09T08:56:05.775+0000] {logging_mixin.py:188} INFO - [2025-04-09T08:56:05.774+0000] {dag.py:3047} INFO - Sync 1 DAGs
[2025-04-09T08:56:05.792+0000] {logging_mixin.py:188} INFO - [2025-04-09T08:56:05.791+0000] {dag.py:3834} INFO - Setting next_dagrun for load_external_and_raw_data_to_bq to None, run_after=None
[2025-04-09T08:56:05.821+0000] {processor.py:183} INFO - Processing /opt/airflow/dags/step_five.py took 0.098 seconds
[2025-04-09T08:56:36.245+0000] {processor.py:161} INFO - Started process (PID=2378) to work on /opt/airflow/dags/step_five.py
[2025-04-09T08:56:36.247+0000] {processor.py:830} INFO - Processing file /opt/airflow/dags/step_five.py for tasks to queue
[2025-04-09T08:56:36.250+0000] {logging_mixin.py:188} INFO - [2025-04-09T08:56:36.249+0000] {dagbag.py:540} INFO - Filling up the DagBag from /opt/airflow/dags/step_five.py
[2025-04-09T08:56:36.259+0000] {processor.py:840} INFO - DAG(s) 'load_external_and_raw_data_to_bq' retrieved from /opt/airflow/dags/step_five.py
[2025-04-09T08:56:36.287+0000] {logging_mixin.py:188} INFO - [2025-04-09T08:56:36.286+0000] {dag.py:3047} INFO - Sync 1 DAGs
[2025-04-09T08:56:36.301+0000] {logging_mixin.py:188} INFO - [2025-04-09T08:56:36.301+0000] {dag.py:3834} INFO - Setting next_dagrun for load_external_and_raw_data_to_bq to None, run_after=None
[2025-04-09T08:56:36.330+0000] {processor.py:183} INFO - Processing /opt/airflow/dags/step_five.py took 0.089 seconds
[2025-04-09T08:57:06.940+0000] {processor.py:161} INFO - Started process (PID=2440) to work on /opt/airflow/dags/step_five.py
[2025-04-09T08:57:06.945+0000] {processor.py:830} INFO - Processing file /opt/airflow/dags/step_five.py for tasks to queue
[2025-04-09T08:57:06.949+0000] {logging_mixin.py:188} INFO - [2025-04-09T08:57:06.948+0000] {dagbag.py:540} INFO - Filling up the DagBag from /opt/airflow/dags/step_five.py
[2025-04-09T08:57:06.963+0000] {processor.py:840} INFO - DAG(s) 'load_external_and_raw_data_to_bq' retrieved from /opt/airflow/dags/step_five.py
[2025-04-09T08:57:07.003+0000] {logging_mixin.py:188} INFO - [2025-04-09T08:57:07.003+0000] {dag.py:3047} INFO - Sync 1 DAGs
[2025-04-09T08:57:07.028+0000] {logging_mixin.py:188} INFO - [2025-04-09T08:57:07.027+0000] {dag.py:3834} INFO - Setting next_dagrun for load_external_and_raw_data_to_bq to None, run_after=None
[2025-04-09T08:57:07.080+0000] {processor.py:183} INFO - Processing /opt/airflow/dags/step_five.py took 0.147 seconds
[2025-04-09T08:57:37.832+0000] {processor.py:161} INFO - Started process (PID=2502) to work on /opt/airflow/dags/step_five.py
[2025-04-09T08:57:37.835+0000] {processor.py:830} INFO - Processing file /opt/airflow/dags/step_five.py for tasks to queue
[2025-04-09T08:57:37.838+0000] {logging_mixin.py:188} INFO - [2025-04-09T08:57:37.837+0000] {dagbag.py:540} INFO - Filling up the DagBag from /opt/airflow/dags/step_five.py
[2025-04-09T08:57:37.846+0000] {processor.py:840} INFO - DAG(s) 'load_external_and_raw_data_to_bq' retrieved from /opt/airflow/dags/step_five.py
[2025-04-09T08:57:37.880+0000] {logging_mixin.py:188} INFO - [2025-04-09T08:57:37.879+0000] {dag.py:3047} INFO - Sync 1 DAGs
[2025-04-09T08:57:37.899+0000] {logging_mixin.py:188} INFO - [2025-04-09T08:57:37.899+0000] {dag.py:3834} INFO - Setting next_dagrun for load_external_and_raw_data_to_bq to None, run_after=None
[2025-04-09T08:57:37.941+0000] {processor.py:183} INFO - Processing /opt/airflow/dags/step_five.py took 0.114 seconds
[2025-04-09T08:58:08.320+0000] {processor.py:161} INFO - Started process (PID=2564) to work on /opt/airflow/dags/step_five.py
[2025-04-09T08:58:08.322+0000] {processor.py:830} INFO - Processing file /opt/airflow/dags/step_five.py for tasks to queue
[2025-04-09T08:58:08.325+0000] {logging_mixin.py:188} INFO - [2025-04-09T08:58:08.324+0000] {dagbag.py:540} INFO - Filling up the DagBag from /opt/airflow/dags/step_five.py
[2025-04-09T08:58:08.333+0000] {processor.py:840} INFO - DAG(s) 'load_external_and_raw_data_to_bq' retrieved from /opt/airflow/dags/step_five.py
[2025-04-09T08:58:08.360+0000] {logging_mixin.py:188} INFO - [2025-04-09T08:58:08.359+0000] {dag.py:3047} INFO - Sync 1 DAGs
[2025-04-09T08:58:08.374+0000] {logging_mixin.py:188} INFO - [2025-04-09T08:58:08.374+0000] {dag.py:3834} INFO - Setting next_dagrun for load_external_and_raw_data_to_bq to None, run_after=None
[2025-04-09T08:58:08.402+0000] {processor.py:183} INFO - Processing /opt/airflow/dags/step_five.py took 0.085 seconds
[2025-04-09T08:58:39.370+0000] {processor.py:161} INFO - Started process (PID=2626) to work on /opt/airflow/dags/step_five.py
[2025-04-09T08:58:39.372+0000] {processor.py:830} INFO - Processing file /opt/airflow/dags/step_five.py for tasks to queue
[2025-04-09T08:58:39.376+0000] {logging_mixin.py:188} INFO - [2025-04-09T08:58:39.376+0000] {dagbag.py:540} INFO - Filling up the DagBag from /opt/airflow/dags/step_five.py
[2025-04-09T08:58:39.385+0000] {processor.py:840} INFO - DAG(s) 'load_external_and_raw_data_to_bq' retrieved from /opt/airflow/dags/step_five.py
[2025-04-09T08:58:39.408+0000] {logging_mixin.py:188} INFO - [2025-04-09T08:58:39.408+0000] {dag.py:3047} INFO - Sync 1 DAGs
[2025-04-09T08:58:39.422+0000] {logging_mixin.py:188} INFO - [2025-04-09T08:58:39.422+0000] {dag.py:3834} INFO - Setting next_dagrun for load_external_and_raw_data_to_bq to None, run_after=None
[2025-04-09T08:58:39.448+0000] {processor.py:183} INFO - Processing /opt/airflow/dags/step_five.py took 0.083 seconds
[2025-04-09T08:59:09.564+0000] {processor.py:161} INFO - Started process (PID=2688) to work on /opt/airflow/dags/step_five.py
[2025-04-09T08:59:09.566+0000] {processor.py:830} INFO - Processing file /opt/airflow/dags/step_five.py for tasks to queue
[2025-04-09T08:59:09.569+0000] {logging_mixin.py:188} INFO - [2025-04-09T08:59:09.568+0000] {dagbag.py:540} INFO - Filling up the DagBag from /opt/airflow/dags/step_five.py
[2025-04-09T08:59:09.576+0000] {processor.py:840} INFO - DAG(s) 'load_external_and_raw_data_to_bq' retrieved from /opt/airflow/dags/step_five.py
[2025-04-09T08:59:09.598+0000] {logging_mixin.py:188} INFO - [2025-04-09T08:59:09.597+0000] {dag.py:3047} INFO - Sync 1 DAGs
[2025-04-09T08:59:09.612+0000] {logging_mixin.py:188} INFO - [2025-04-09T08:59:09.611+0000] {dag.py:3834} INFO - Setting next_dagrun for load_external_and_raw_data_to_bq to None, run_after=None
[2025-04-09T08:59:09.635+0000] {processor.py:183} INFO - Processing /opt/airflow/dags/step_five.py took 0.075 seconds
[2025-04-09T08:59:40.114+0000] {processor.py:161} INFO - Started process (PID=2750) to work on /opt/airflow/dags/step_five.py
[2025-04-09T08:59:40.117+0000] {processor.py:830} INFO - Processing file /opt/airflow/dags/step_five.py for tasks to queue
[2025-04-09T08:59:40.121+0000] {logging_mixin.py:188} INFO - [2025-04-09T08:59:40.121+0000] {dagbag.py:540} INFO - Filling up the DagBag from /opt/airflow/dags/step_five.py
[2025-04-09T08:59:40.137+0000] {processor.py:840} INFO - DAG(s) 'load_external_and_raw_data_to_bq' retrieved from /opt/airflow/dags/step_five.py
[2025-04-09T08:59:40.177+0000] {logging_mixin.py:188} INFO - [2025-04-09T08:59:40.176+0000] {dag.py:3047} INFO - Sync 1 DAGs
[2025-04-09T08:59:40.216+0000] {logging_mixin.py:188} INFO - [2025-04-09T08:59:40.215+0000] {dag.py:3834} INFO - Setting next_dagrun for load_external_and_raw_data_to_bq to None, run_after=None
[2025-04-09T08:59:40.271+0000] {processor.py:183} INFO - Processing /opt/airflow/dags/step_five.py took 0.166 seconds
[2025-04-09T09:00:10.328+0000] {processor.py:161} INFO - Started process (PID=2812) to work on /opt/airflow/dags/step_five.py
[2025-04-09T09:00:10.331+0000] {processor.py:830} INFO - Processing file /opt/airflow/dags/step_five.py for tasks to queue
[2025-04-09T09:00:10.334+0000] {logging_mixin.py:188} INFO - [2025-04-09T09:00:10.333+0000] {dagbag.py:540} INFO - Filling up the DagBag from /opt/airflow/dags/step_five.py
[2025-04-09T09:00:10.341+0000] {processor.py:840} INFO - DAG(s) 'load_external_and_raw_data_to_bq' retrieved from /opt/airflow/dags/step_five.py
[2025-04-09T09:00:10.372+0000] {logging_mixin.py:188} INFO - [2025-04-09T09:00:10.371+0000] {dag.py:3047} INFO - Sync 1 DAGs
[2025-04-09T09:00:10.389+0000] {logging_mixin.py:188} INFO - [2025-04-09T09:00:10.388+0000] {dag.py:3834} INFO - Setting next_dagrun for load_external_and_raw_data_to_bq to None, run_after=None
[2025-04-09T09:00:10.416+0000] {processor.py:183} INFO - Processing /opt/airflow/dags/step_five.py took 0.092 seconds
[2025-04-09T09:00:40.878+0000] {processor.py:161} INFO - Started process (PID=2874) to work on /opt/airflow/dags/step_five.py
[2025-04-09T09:00:40.880+0000] {processor.py:830} INFO - Processing file /opt/airflow/dags/step_five.py for tasks to queue
[2025-04-09T09:00:40.883+0000] {logging_mixin.py:188} INFO - [2025-04-09T09:00:40.882+0000] {dagbag.py:540} INFO - Filling up the DagBag from /opt/airflow/dags/step_five.py
[2025-04-09T09:00:40.889+0000] {processor.py:840} INFO - DAG(s) 'load_external_and_raw_data_to_bq' retrieved from /opt/airflow/dags/step_five.py
[2025-04-09T09:00:40.918+0000] {logging_mixin.py:188} INFO - [2025-04-09T09:00:40.917+0000] {dag.py:3047} INFO - Sync 1 DAGs
[2025-04-09T09:00:40.935+0000] {logging_mixin.py:188} INFO - [2025-04-09T09:00:40.934+0000] {dag.py:3834} INFO - Setting next_dagrun for load_external_and_raw_data_to_bq to None, run_after=None
[2025-04-09T09:00:40.966+0000] {processor.py:183} INFO - Processing /opt/airflow/dags/step_five.py took 0.093 seconds
[2025-04-09T09:01:11.058+0000] {processor.py:161} INFO - Started process (PID=2936) to work on /opt/airflow/dags/step_five.py
[2025-04-09T09:01:11.061+0000] {processor.py:830} INFO - Processing file /opt/airflow/dags/step_five.py for tasks to queue
[2025-04-09T09:01:11.065+0000] {logging_mixin.py:188} INFO - [2025-04-09T09:01:11.064+0000] {dagbag.py:540} INFO - Filling up the DagBag from /opt/airflow/dags/step_five.py
[2025-04-09T09:01:11.080+0000] {processor.py:840} INFO - DAG(s) 'load_external_and_raw_data_to_bq' retrieved from /opt/airflow/dags/step_five.py
[2025-04-09T09:01:11.121+0000] {logging_mixin.py:188} INFO - [2025-04-09T09:01:11.121+0000] {dag.py:3047} INFO - Sync 1 DAGs
[2025-04-09T09:01:11.149+0000] {logging_mixin.py:188} INFO - [2025-04-09T09:01:11.149+0000] {dag.py:3834} INFO - Setting next_dagrun for load_external_and_raw_data_to_bq to None, run_after=None
[2025-04-09T09:01:11.188+0000] {processor.py:183} INFO - Processing /opt/airflow/dags/step_five.py took 0.137 seconds
[2025-04-09T09:01:41.253+0000] {processor.py:161} INFO - Started process (PID=2997) to work on /opt/airflow/dags/step_five.py
[2025-04-09T09:01:41.255+0000] {processor.py:830} INFO - Processing file /opt/airflow/dags/step_five.py for tasks to queue
[2025-04-09T09:01:41.259+0000] {logging_mixin.py:188} INFO - [2025-04-09T09:01:41.259+0000] {dagbag.py:540} INFO - Filling up the DagBag from /opt/airflow/dags/step_five.py
[2025-04-09T09:01:41.271+0000] {processor.py:840} INFO - DAG(s) 'load_external_and_raw_data_to_bq' retrieved from /opt/airflow/dags/step_five.py
[2025-04-09T09:01:41.310+0000] {logging_mixin.py:188} INFO - [2025-04-09T09:01:41.309+0000] {dag.py:3047} INFO - Sync 1 DAGs
[2025-04-09T09:01:41.334+0000] {logging_mixin.py:188} INFO - [2025-04-09T09:01:41.334+0000] {dag.py:3834} INFO - Setting next_dagrun for load_external_and_raw_data_to_bq to None, run_after=None
[2025-04-09T09:01:41.372+0000] {processor.py:183} INFO - Processing /opt/airflow/dags/step_five.py took 0.125 seconds
[2025-04-09T09:02:11.399+0000] {processor.py:161} INFO - Started process (PID=3059) to work on /opt/airflow/dags/step_five.py
[2025-04-09T09:02:11.402+0000] {processor.py:830} INFO - Processing file /opt/airflow/dags/step_five.py for tasks to queue
[2025-04-09T09:02:11.404+0000] {logging_mixin.py:188} INFO - [2025-04-09T09:02:11.404+0000] {dagbag.py:540} INFO - Filling up the DagBag from /opt/airflow/dags/step_five.py
[2025-04-09T09:02:11.411+0000] {processor.py:840} INFO - DAG(s) 'load_external_and_raw_data_to_bq' retrieved from /opt/airflow/dags/step_five.py
[2025-04-09T09:02:11.440+0000] {logging_mixin.py:188} INFO - [2025-04-09T09:02:11.439+0000] {dag.py:3047} INFO - Sync 1 DAGs
[2025-04-09T09:02:11.455+0000] {logging_mixin.py:188} INFO - [2025-04-09T09:02:11.454+0000] {dag.py:3834} INFO - Setting next_dagrun for load_external_and_raw_data_to_bq to None, run_after=None
[2025-04-09T09:02:11.486+0000] {processor.py:183} INFO - Processing /opt/airflow/dags/step_five.py took 0.091 seconds
[2025-04-09T09:02:41.773+0000] {processor.py:161} INFO - Started process (PID=3121) to work on /opt/airflow/dags/step_five.py
[2025-04-09T09:02:41.775+0000] {processor.py:830} INFO - Processing file /opt/airflow/dags/step_five.py for tasks to queue
[2025-04-09T09:02:41.778+0000] {logging_mixin.py:188} INFO - [2025-04-09T09:02:41.777+0000] {dagbag.py:540} INFO - Filling up the DagBag from /opt/airflow/dags/step_five.py
[2025-04-09T09:02:41.785+0000] {processor.py:840} INFO - DAG(s) 'load_external_and_raw_data_to_bq' retrieved from /opt/airflow/dags/step_five.py
[2025-04-09T09:02:41.812+0000] {logging_mixin.py:188} INFO - [2025-04-09T09:02:41.812+0000] {dag.py:3047} INFO - Sync 1 DAGs
[2025-04-09T09:02:41.831+0000] {logging_mixin.py:188} INFO - [2025-04-09T09:02:41.830+0000] {dag.py:3834} INFO - Setting next_dagrun for load_external_and_raw_data_to_bq to None, run_after=None
[2025-04-09T09:02:41.860+0000] {processor.py:183} INFO - Processing /opt/airflow/dags/step_five.py took 0.092 seconds
[2025-04-09T09:03:11.957+0000] {processor.py:161} INFO - Started process (PID=3183) to work on /opt/airflow/dags/step_five.py
[2025-04-09T09:03:11.959+0000] {processor.py:830} INFO - Processing file /opt/airflow/dags/step_five.py for tasks to queue
[2025-04-09T09:03:11.962+0000] {logging_mixin.py:188} INFO - [2025-04-09T09:03:11.961+0000] {dagbag.py:540} INFO - Filling up the DagBag from /opt/airflow/dags/step_five.py
[2025-04-09T09:03:11.971+0000] {processor.py:840} INFO - DAG(s) 'load_external_and_raw_data_to_bq' retrieved from /opt/airflow/dags/step_five.py
[2025-04-09T09:03:11.997+0000] {logging_mixin.py:188} INFO - [2025-04-09T09:03:11.996+0000] {dag.py:3047} INFO - Sync 1 DAGs
[2025-04-09T09:03:12.010+0000] {logging_mixin.py:188} INFO - [2025-04-09T09:03:12.009+0000] {dag.py:3834} INFO - Setting next_dagrun for load_external_and_raw_data_to_bq to None, run_after=None
[2025-04-09T09:03:12.033+0000] {processor.py:183} INFO - Processing /opt/airflow/dags/step_five.py took 0.079 seconds
[2025-04-09T09:03:42.212+0000] {processor.py:161} INFO - Started process (PID=3245) to work on /opt/airflow/dags/step_five.py
[2025-04-09T09:03:42.214+0000] {processor.py:830} INFO - Processing file /opt/airflow/dags/step_five.py for tasks to queue
[2025-04-09T09:03:42.217+0000] {logging_mixin.py:188} INFO - [2025-04-09T09:03:42.217+0000] {dagbag.py:540} INFO - Filling up the DagBag from /opt/airflow/dags/step_five.py
[2025-04-09T09:03:42.226+0000] {processor.py:840} INFO - DAG(s) 'load_external_and_raw_data_to_bq' retrieved from /opt/airflow/dags/step_five.py
[2025-04-09T09:03:42.255+0000] {logging_mixin.py:188} INFO - [2025-04-09T09:03:42.254+0000] {dag.py:3047} INFO - Sync 1 DAGs
[2025-04-09T09:03:42.272+0000] {logging_mixin.py:188} INFO - [2025-04-09T09:03:42.272+0000] {dag.py:3834} INFO - Setting next_dagrun for load_external_and_raw_data_to_bq to None, run_after=None
[2025-04-09T09:03:42.298+0000] {processor.py:183} INFO - Processing /opt/airflow/dags/step_five.py took 0.092 seconds
[2025-04-09T09:04:12.524+0000] {processor.py:161} INFO - Started process (PID=3307) to work on /opt/airflow/dags/step_five.py
[2025-04-09T09:04:12.526+0000] {processor.py:830} INFO - Processing file /opt/airflow/dags/step_five.py for tasks to queue
[2025-04-09T09:04:12.529+0000] {logging_mixin.py:188} INFO - [2025-04-09T09:04:12.529+0000] {dagbag.py:540} INFO - Filling up the DagBag from /opt/airflow/dags/step_five.py
[2025-04-09T09:04:12.538+0000] {processor.py:840} INFO - DAG(s) 'load_external_and_raw_data_to_bq' retrieved from /opt/airflow/dags/step_five.py
[2025-04-09T09:04:12.567+0000] {logging_mixin.py:188} INFO - [2025-04-09T09:04:12.566+0000] {dag.py:3047} INFO - Sync 1 DAGs
[2025-04-09T09:04:12.582+0000] {logging_mixin.py:188} INFO - [2025-04-09T09:04:12.582+0000] {dag.py:3834} INFO - Setting next_dagrun for load_external_and_raw_data_to_bq to None, run_after=None
[2025-04-09T09:04:12.610+0000] {processor.py:183} INFO - Processing /opt/airflow/dags/step_five.py took 0.092 seconds
[2025-04-09T09:04:42.911+0000] {processor.py:161} INFO - Started process (PID=3369) to work on /opt/airflow/dags/step_five.py
[2025-04-09T09:04:42.913+0000] {processor.py:830} INFO - Processing file /opt/airflow/dags/step_five.py for tasks to queue
[2025-04-09T09:04:42.915+0000] {logging_mixin.py:188} INFO - [2025-04-09T09:04:42.915+0000] {dagbag.py:540} INFO - Filling up the DagBag from /opt/airflow/dags/step_five.py
[2025-04-09T09:04:42.923+0000] {processor.py:840} INFO - DAG(s) 'load_external_and_raw_data_to_bq' retrieved from /opt/airflow/dags/step_five.py
[2025-04-09T09:04:42.951+0000] {logging_mixin.py:188} INFO - [2025-04-09T09:04:42.950+0000] {dag.py:3047} INFO - Sync 1 DAGs
[2025-04-09T09:04:42.963+0000] {logging_mixin.py:188} INFO - [2025-04-09T09:04:42.963+0000] {dag.py:3834} INFO - Setting next_dagrun for load_external_and_raw_data_to_bq to None, run_after=None
[2025-04-09T09:04:42.986+0000] {processor.py:183} INFO - Processing /opt/airflow/dags/step_five.py took 0.079 seconds
[2025-04-09T09:05:13.140+0000] {processor.py:161} INFO - Started process (PID=3432) to work on /opt/airflow/dags/step_five.py
[2025-04-09T09:05:13.142+0000] {processor.py:830} INFO - Processing file /opt/airflow/dags/step_five.py for tasks to queue
[2025-04-09T09:05:13.146+0000] {logging_mixin.py:188} INFO - [2025-04-09T09:05:13.145+0000] {dagbag.py:540} INFO - Filling up the DagBag from /opt/airflow/dags/step_five.py
[2025-04-09T09:05:13.154+0000] {processor.py:840} INFO - DAG(s) 'load_external_and_raw_data_to_bq' retrieved from /opt/airflow/dags/step_five.py
[2025-04-09T09:05:13.184+0000] {logging_mixin.py:188} INFO - [2025-04-09T09:05:13.184+0000] {dag.py:3047} INFO - Sync 1 DAGs
[2025-04-09T09:05:13.200+0000] {logging_mixin.py:188} INFO - [2025-04-09T09:05:13.199+0000] {dag.py:3834} INFO - Setting next_dagrun for load_external_and_raw_data_to_bq to None, run_after=None
[2025-04-09T09:05:13.228+0000] {processor.py:183} INFO - Processing /opt/airflow/dags/step_five.py took 0.094 seconds
[2025-04-09T09:05:43.423+0000] {processor.py:161} INFO - Started process (PID=3494) to work on /opt/airflow/dags/step_five.py
[2025-04-09T09:05:43.425+0000] {processor.py:830} INFO - Processing file /opt/airflow/dags/step_five.py for tasks to queue
[2025-04-09T09:05:43.429+0000] {logging_mixin.py:188} INFO - [2025-04-09T09:05:43.429+0000] {dagbag.py:540} INFO - Filling up the DagBag from /opt/airflow/dags/step_five.py
[2025-04-09T09:05:43.439+0000] {processor.py:840} INFO - DAG(s) 'load_external_and_raw_data_to_bq' retrieved from /opt/airflow/dags/step_five.py
[2025-04-09T09:05:43.474+0000] {logging_mixin.py:188} INFO - [2025-04-09T09:05:43.473+0000] {dag.py:3047} INFO - Sync 1 DAGs
[2025-04-09T09:05:43.493+0000] {logging_mixin.py:188} INFO - [2025-04-09T09:05:43.493+0000] {dag.py:3834} INFO - Setting next_dagrun for load_external_and_raw_data_to_bq to None, run_after=None
[2025-04-09T09:05:43.528+0000] {processor.py:183} INFO - Processing /opt/airflow/dags/step_five.py took 0.110 seconds
[2025-04-09T09:06:13.589+0000] {processor.py:161} INFO - Started process (PID=3555) to work on /opt/airflow/dags/step_five.py
[2025-04-09T09:06:13.592+0000] {processor.py:830} INFO - Processing file /opt/airflow/dags/step_five.py for tasks to queue
[2025-04-09T09:06:13.594+0000] {logging_mixin.py:188} INFO - [2025-04-09T09:06:13.593+0000] {dagbag.py:540} INFO - Filling up the DagBag from /opt/airflow/dags/step_five.py
[2025-04-09T09:06:13.605+0000] {processor.py:840} INFO - DAG(s) 'load_external_and_raw_data_to_bq' retrieved from /opt/airflow/dags/step_five.py
[2025-04-09T09:06:13.634+0000] {logging_mixin.py:188} INFO - [2025-04-09T09:06:13.633+0000] {dag.py:3047} INFO - Sync 1 DAGs
[2025-04-09T09:06:13.650+0000] {logging_mixin.py:188} INFO - [2025-04-09T09:06:13.649+0000] {dag.py:3834} INFO - Setting next_dagrun for load_external_and_raw_data_to_bq to None, run_after=None
[2025-04-09T09:06:13.677+0000] {processor.py:183} INFO - Processing /opt/airflow/dags/step_five.py took 0.092 seconds
[2025-04-09T09:06:44.047+0000] {processor.py:161} INFO - Started process (PID=3616) to work on /opt/airflow/dags/step_five.py
[2025-04-09T09:06:44.049+0000] {processor.py:830} INFO - Processing file /opt/airflow/dags/step_five.py for tasks to queue
[2025-04-09T09:06:44.050+0000] {logging_mixin.py:188} INFO - [2025-04-09T09:06:44.050+0000] {dagbag.py:540} INFO - Filling up the DagBag from /opt/airflow/dags/step_five.py
[2025-04-09T09:06:44.058+0000] {processor.py:840} INFO - DAG(s) 'load_external_and_raw_data_to_bq' retrieved from /opt/airflow/dags/step_five.py
[2025-04-09T09:06:44.087+0000] {logging_mixin.py:188} INFO - [2025-04-09T09:06:44.086+0000] {dag.py:3047} INFO - Sync 1 DAGs
[2025-04-09T09:06:44.100+0000] {logging_mixin.py:188} INFO - [2025-04-09T09:06:44.100+0000] {dag.py:3834} INFO - Setting next_dagrun for load_external_and_raw_data_to_bq to None, run_after=None
[2025-04-09T09:06:44.129+0000] {processor.py:183} INFO - Processing /opt/airflow/dags/step_five.py took 0.086 seconds
[2025-04-09T09:07:14.198+0000] {processor.py:161} INFO - Started process (PID=3677) to work on /opt/airflow/dags/step_five.py
[2025-04-09T09:07:14.200+0000] {processor.py:830} INFO - Processing file /opt/airflow/dags/step_five.py for tasks to queue
[2025-04-09T09:07:14.201+0000] {logging_mixin.py:188} INFO - [2025-04-09T09:07:14.201+0000] {dagbag.py:540} INFO - Filling up the DagBag from /opt/airflow/dags/step_five.py
[2025-04-09T09:07:14.210+0000] {processor.py:840} INFO - DAG(s) 'load_external_and_raw_data_to_bq' retrieved from /opt/airflow/dags/step_five.py
[2025-04-09T09:07:14.239+0000] {logging_mixin.py:188} INFO - [2025-04-09T09:07:14.238+0000] {dag.py:3047} INFO - Sync 1 DAGs
[2025-04-09T09:07:14.253+0000] {logging_mixin.py:188} INFO - [2025-04-09T09:07:14.252+0000] {dag.py:3834} INFO - Setting next_dagrun for load_external_and_raw_data_to_bq to None, run_after=None
[2025-04-09T09:07:14.289+0000] {processor.py:183} INFO - Processing /opt/airflow/dags/step_five.py took 0.096 seconds
[2025-04-09T09:07:44.810+0000] {processor.py:161} INFO - Started process (PID=3744) to work on /opt/airflow/dags/step_five.py
[2025-04-09T09:07:44.812+0000] {processor.py:830} INFO - Processing file /opt/airflow/dags/step_five.py for tasks to queue
[2025-04-09T09:07:44.813+0000] {logging_mixin.py:188} INFO - [2025-04-09T09:07:44.812+0000] {dagbag.py:540} INFO - Filling up the DagBag from /opt/airflow/dags/step_five.py
[2025-04-09T09:07:44.824+0000] {processor.py:840} INFO - DAG(s) 'load_external_and_raw_data_to_bq' retrieved from /opt/airflow/dags/step_five.py
[2025-04-09T09:07:44.857+0000] {logging_mixin.py:188} INFO - [2025-04-09T09:07:44.856+0000] {dag.py:3047} INFO - Sync 1 DAGs
[2025-04-09T09:07:44.874+0000] {logging_mixin.py:188} INFO - [2025-04-09T09:07:44.873+0000] {dag.py:3834} INFO - Setting next_dagrun for load_external_and_raw_data_to_bq to None, run_after=None
[2025-04-09T09:07:44.912+0000] {processor.py:183} INFO - Processing /opt/airflow/dags/step_five.py took 0.107 seconds
[2025-04-09T09:08:15.460+0000] {processor.py:161} INFO - Started process (PID=3806) to work on /opt/airflow/dags/step_five.py
[2025-04-09T09:08:15.462+0000] {processor.py:830} INFO - Processing file /opt/airflow/dags/step_five.py for tasks to queue
[2025-04-09T09:08:15.463+0000] {logging_mixin.py:188} INFO - [2025-04-09T09:08:15.463+0000] {dagbag.py:540} INFO - Filling up the DagBag from /opt/airflow/dags/step_five.py
[2025-04-09T09:08:15.473+0000] {processor.py:840} INFO - DAG(s) 'load_external_and_raw_data_to_bq' retrieved from /opt/airflow/dags/step_five.py
[2025-04-09T09:08:15.501+0000] {logging_mixin.py:188} INFO - [2025-04-09T09:08:15.500+0000] {dag.py:3047} INFO - Sync 1 DAGs
[2025-04-09T09:08:15.514+0000] {logging_mixin.py:188} INFO - [2025-04-09T09:08:15.514+0000] {dag.py:3834} INFO - Setting next_dagrun for load_external_and_raw_data_to_bq to None, run_after=None
[2025-04-09T09:08:15.539+0000] {processor.py:183} INFO - Processing /opt/airflow/dags/step_five.py took 0.085 seconds
[2025-04-09T09:08:45.988+0000] {processor.py:161} INFO - Started process (PID=3868) to work on /opt/airflow/dags/step_five.py
[2025-04-09T09:08:45.992+0000] {processor.py:830} INFO - Processing file /opt/airflow/dags/step_five.py for tasks to queue
[2025-04-09T09:08:45.996+0000] {logging_mixin.py:188} INFO - [2025-04-09T09:08:45.994+0000] {dagbag.py:540} INFO - Filling up the DagBag from /opt/airflow/dags/step_five.py
[2025-04-09T09:08:46.005+0000] {processor.py:840} INFO - DAG(s) 'load_external_and_raw_data_to_bq' retrieved from /opt/airflow/dags/step_five.py
[2025-04-09T09:08:46.052+0000] {logging_mixin.py:188} INFO - [2025-04-09T09:08:46.051+0000] {dag.py:3047} INFO - Sync 1 DAGs
[2025-04-09T09:08:46.081+0000] {logging_mixin.py:188} INFO - [2025-04-09T09:08:46.080+0000] {dag.py:3834} INFO - Setting next_dagrun for load_external_and_raw_data_to_bq to None, run_after=None
[2025-04-09T09:08:46.106+0000] {processor.py:183} INFO - Processing /opt/airflow/dags/step_five.py took 0.123 seconds
[2025-04-09T09:09:16.389+0000] {processor.py:161} INFO - Started process (PID=3930) to work on /opt/airflow/dags/step_five.py
[2025-04-09T09:09:16.392+0000] {processor.py:830} INFO - Processing file /opt/airflow/dags/step_five.py for tasks to queue
[2025-04-09T09:09:16.393+0000] {logging_mixin.py:188} INFO - [2025-04-09T09:09:16.392+0000] {dagbag.py:540} INFO - Filling up the DagBag from /opt/airflow/dags/step_five.py
[2025-04-09T09:09:16.402+0000] {processor.py:840} INFO - DAG(s) 'load_external_and_raw_data_to_bq' retrieved from /opt/airflow/dags/step_five.py
[2025-04-09T09:09:16.430+0000] {logging_mixin.py:188} INFO - [2025-04-09T09:09:16.429+0000] {dag.py:3047} INFO - Sync 1 DAGs
[2025-04-09T09:09:16.443+0000] {logging_mixin.py:188} INFO - [2025-04-09T09:09:16.443+0000] {dag.py:3834} INFO - Setting next_dagrun for load_external_and_raw_data_to_bq to None, run_after=None
[2025-04-09T09:09:16.471+0000] {processor.py:183} INFO - Processing /opt/airflow/dags/step_five.py took 0.085 seconds
[2025-04-09T09:09:47.377+0000] {processor.py:161} INFO - Started process (PID=3992) to work on /opt/airflow/dags/step_five.py
[2025-04-09T09:09:47.380+0000] {processor.py:830} INFO - Processing file /opt/airflow/dags/step_five.py for tasks to queue
[2025-04-09T09:09:47.381+0000] {logging_mixin.py:188} INFO - [2025-04-09T09:09:47.380+0000] {dagbag.py:540} INFO - Filling up the DagBag from /opt/airflow/dags/step_five.py
[2025-04-09T09:09:47.394+0000] {processor.py:840} INFO - DAG(s) 'load_external_and_raw_data_to_bq' retrieved from /opt/airflow/dags/step_five.py
[2025-04-09T09:09:47.430+0000] {logging_mixin.py:188} INFO - [2025-04-09T09:09:47.429+0000] {dag.py:3047} INFO - Sync 1 DAGs
[2025-04-09T09:09:47.444+0000] {logging_mixin.py:188} INFO - [2025-04-09T09:09:47.444+0000] {dag.py:3834} INFO - Setting next_dagrun for load_external_and_raw_data_to_bq to None, run_after=None
[2025-04-09T09:09:47.471+0000] {processor.py:183} INFO - Processing /opt/airflow/dags/step_five.py took 0.102 seconds
[2025-04-09T09:10:18.430+0000] {processor.py:161} INFO - Started process (PID=4054) to work on /opt/airflow/dags/step_five.py
[2025-04-09T09:10:18.432+0000] {processor.py:830} INFO - Processing file /opt/airflow/dags/step_five.py for tasks to queue
[2025-04-09T09:10:18.433+0000] {logging_mixin.py:188} INFO - [2025-04-09T09:10:18.433+0000] {dagbag.py:540} INFO - Filling up the DagBag from /opt/airflow/dags/step_five.py
[2025-04-09T09:10:18.441+0000] {processor.py:840} INFO - DAG(s) 'load_external_and_raw_data_to_bq' retrieved from /opt/airflow/dags/step_five.py
[2025-04-09T09:10:18.468+0000] {logging_mixin.py:188} INFO - [2025-04-09T09:10:18.468+0000] {dag.py:3047} INFO - Sync 1 DAGs
[2025-04-09T09:10:18.482+0000] {logging_mixin.py:188} INFO - [2025-04-09T09:10:18.482+0000] {dag.py:3834} INFO - Setting next_dagrun for load_external_and_raw_data_to_bq to None, run_after=None
[2025-04-09T09:10:18.508+0000] {processor.py:183} INFO - Processing /opt/airflow/dags/step_five.py took 0.083 seconds
[2025-04-09T09:10:48.705+0000] {processor.py:161} INFO - Started process (PID=4116) to work on /opt/airflow/dags/step_five.py
[2025-04-09T09:10:48.707+0000] {processor.py:830} INFO - Processing file /opt/airflow/dags/step_five.py for tasks to queue
[2025-04-09T09:10:48.708+0000] {logging_mixin.py:188} INFO - [2025-04-09T09:10:48.707+0000] {dagbag.py:540} INFO - Filling up the DagBag from /opt/airflow/dags/step_five.py
[2025-04-09T09:10:48.716+0000] {processor.py:840} INFO - DAG(s) 'load_external_and_raw_data_to_bq' retrieved from /opt/airflow/dags/step_five.py
[2025-04-09T09:10:48.742+0000] {logging_mixin.py:188} INFO - [2025-04-09T09:10:48.741+0000] {dag.py:3047} INFO - Sync 1 DAGs
[2025-04-09T09:10:48.756+0000] {logging_mixin.py:188} INFO - [2025-04-09T09:10:48.756+0000] {dag.py:3834} INFO - Setting next_dagrun for load_external_and_raw_data_to_bq to None, run_after=None
[2025-04-09T09:10:48.781+0000] {processor.py:183} INFO - Processing /opt/airflow/dags/step_five.py took 0.081 seconds
[2025-04-09T09:11:19.288+0000] {processor.py:161} INFO - Started process (PID=4178) to work on /opt/airflow/dags/step_five.py
[2025-04-09T09:11:19.290+0000] {processor.py:830} INFO - Processing file /opt/airflow/dags/step_five.py for tasks to queue
[2025-04-09T09:11:19.291+0000] {logging_mixin.py:188} INFO - [2025-04-09T09:11:19.291+0000] {dagbag.py:540} INFO - Filling up the DagBag from /opt/airflow/dags/step_five.py
[2025-04-09T09:11:19.300+0000] {processor.py:840} INFO - DAG(s) 'load_external_and_raw_data_to_bq' retrieved from /opt/airflow/dags/step_five.py
[2025-04-09T09:11:19.326+0000] {logging_mixin.py:188} INFO - [2025-04-09T09:11:19.325+0000] {dag.py:3047} INFO - Sync 1 DAGs
[2025-04-09T09:11:19.346+0000] {logging_mixin.py:188} INFO - [2025-04-09T09:11:19.346+0000] {dag.py:3834} INFO - Setting next_dagrun for load_external_and_raw_data_to_bq to None, run_after=None
[2025-04-09T09:11:19.387+0000] {processor.py:183} INFO - Processing /opt/airflow/dags/step_five.py took 0.104 seconds
