[2025-04-09T08:37:48.609+0000] {processor.py:161} INFO - Started process (PID=56) to work on /opt/airflow/dags/step_two.py
[2025-04-09T08:37:48.610+0000] {processor.py:830} INFO - Processing file /opt/airflow/dags/step_two.py for tasks to queue
[2025-04-09T08:37:48.614+0000] {logging_mixin.py:188} INFO - [2025-04-09T08:37:48.613+0000] {dagbag.py:540} INFO - Filling up the DagBag from /opt/airflow/dags/step_two.py
[2025-04-09T08:37:48.637+0000] {processor.py:840} INFO - DAG(s) 'load_raw_data_to_bq' retrieved from /opt/airflow/dags/step_two.py
[2025-04-09T08:37:48.861+0000] {logging_mixin.py:188} INFO - [2025-04-09T08:37:48.861+0000] {dag.py:3047} INFO - Sync 1 DAGs
[2025-04-09T08:37:48.883+0000] {logging_mixin.py:188} INFO - [2025-04-09T08:37:48.882+0000] {dag.py:3834} INFO - Setting next_dagrun for load_raw_data_to_bq to None, run_after=None
[2025-04-09T08:37:48.918+0000] {processor.py:183} INFO - Processing /opt/airflow/dags/step_two.py took 0.315 seconds
[2025-04-09T08:38:18.960+0000] {processor.py:161} INFO - Started process (PID=118) to work on /opt/airflow/dags/step_two.py
[2025-04-09T08:38:18.961+0000] {processor.py:830} INFO - Processing file /opt/airflow/dags/step_two.py for tasks to queue
[2025-04-09T08:38:18.963+0000] {logging_mixin.py:188} INFO - [2025-04-09T08:38:18.963+0000] {dagbag.py:540} INFO - Filling up the DagBag from /opt/airflow/dags/step_two.py
[2025-04-09T08:38:18.971+0000] {processor.py:840} INFO - DAG(s) 'load_raw_data_to_bq' retrieved from /opt/airflow/dags/step_two.py
[2025-04-09T08:38:18.991+0000] {logging_mixin.py:188} INFO - [2025-04-09T08:38:18.991+0000] {dag.py:3047} INFO - Sync 1 DAGs
[2025-04-09T08:38:19.004+0000] {logging_mixin.py:188} INFO - [2025-04-09T08:38:19.004+0000] {dag.py:3834} INFO - Setting next_dagrun for load_raw_data_to_bq to None, run_after=None
[2025-04-09T08:38:19.026+0000] {processor.py:183} INFO - Processing /opt/airflow/dags/step_two.py took 0.069 seconds
[2025-04-09T08:38:49.367+0000] {processor.py:161} INFO - Started process (PID=180) to work on /opt/airflow/dags/step_two.py
[2025-04-09T08:38:49.369+0000] {processor.py:830} INFO - Processing file /opt/airflow/dags/step_two.py for tasks to queue
[2025-04-09T08:38:49.373+0000] {logging_mixin.py:188} INFO - [2025-04-09T08:38:49.372+0000] {dagbag.py:540} INFO - Filling up the DagBag from /opt/airflow/dags/step_two.py
[2025-04-09T08:38:49.384+0000] {processor.py:840} INFO - DAG(s) 'load_raw_data_to_bq' retrieved from /opt/airflow/dags/step_two.py
[2025-04-09T08:38:49.423+0000] {logging_mixin.py:188} INFO - [2025-04-09T08:38:49.422+0000] {dag.py:3047} INFO - Sync 1 DAGs
[2025-04-09T08:38:49.463+0000] {logging_mixin.py:188} INFO - [2025-04-09T08:38:49.463+0000] {dag.py:3834} INFO - Setting next_dagrun for load_raw_data_to_bq to None, run_after=None
[2025-04-09T08:38:49.510+0000] {processor.py:183} INFO - Processing /opt/airflow/dags/step_two.py took 0.149 seconds
[2025-04-09T08:39:19.936+0000] {processor.py:161} INFO - Started process (PID=248) to work on /opt/airflow/dags/step_two.py
[2025-04-09T08:39:19.938+0000] {processor.py:830} INFO - Processing file /opt/airflow/dags/step_two.py for tasks to queue
[2025-04-09T08:39:19.940+0000] {logging_mixin.py:188} INFO - [2025-04-09T08:39:19.940+0000] {dagbag.py:540} INFO - Filling up the DagBag from /opt/airflow/dags/step_two.py
[2025-04-09T08:39:19.947+0000] {processor.py:840} INFO - DAG(s) 'load_raw_data_to_bq' retrieved from /opt/airflow/dags/step_two.py
[2025-04-09T08:39:19.971+0000] {logging_mixin.py:188} INFO - [2025-04-09T08:39:19.970+0000] {dag.py:3047} INFO - Sync 1 DAGs
[2025-04-09T08:39:19.985+0000] {logging_mixin.py:188} INFO - [2025-04-09T08:39:19.985+0000] {dag.py:3834} INFO - Setting next_dagrun for load_raw_data_to_bq to None, run_after=None
[2025-04-09T08:39:20.010+0000] {processor.py:183} INFO - Processing /opt/airflow/dags/step_two.py took 0.077 seconds
[2025-04-09T08:39:50.587+0000] {processor.py:161} INFO - Started process (PID=310) to work on /opt/airflow/dags/step_two.py
[2025-04-09T08:39:50.589+0000] {processor.py:830} INFO - Processing file /opt/airflow/dags/step_two.py for tasks to queue
[2025-04-09T08:39:50.591+0000] {logging_mixin.py:188} INFO - [2025-04-09T08:39:50.591+0000] {dagbag.py:540} INFO - Filling up the DagBag from /opt/airflow/dags/step_two.py
[2025-04-09T08:39:50.597+0000] {processor.py:840} INFO - DAG(s) 'load_raw_data_to_bq' retrieved from /opt/airflow/dags/step_two.py
[2025-04-09T08:39:50.618+0000] {logging_mixin.py:188} INFO - [2025-04-09T08:39:50.617+0000] {dag.py:3047} INFO - Sync 1 DAGs
[2025-04-09T08:39:50.632+0000] {logging_mixin.py:188} INFO - [2025-04-09T08:39:50.632+0000] {dag.py:3834} INFO - Setting next_dagrun for load_raw_data_to_bq to None, run_after=None
[2025-04-09T08:39:50.656+0000] {processor.py:183} INFO - Processing /opt/airflow/dags/step_two.py took 0.072 seconds
[2025-04-09T08:40:20.725+0000] {processor.py:161} INFO - Started process (PID=372) to work on /opt/airflow/dags/step_two.py
[2025-04-09T08:40:20.726+0000] {processor.py:830} INFO - Processing file /opt/airflow/dags/step_two.py for tasks to queue
[2025-04-09T08:40:20.729+0000] {logging_mixin.py:188} INFO - [2025-04-09T08:40:20.729+0000] {dagbag.py:540} INFO - Filling up the DagBag from /opt/airflow/dags/step_two.py
[2025-04-09T08:40:20.736+0000] {processor.py:840} INFO - DAG(s) 'load_raw_data_to_bq' retrieved from /opt/airflow/dags/step_two.py
[2025-04-09T08:40:20.756+0000] {logging_mixin.py:188} INFO - [2025-04-09T08:40:20.756+0000] {dag.py:3047} INFO - Sync 1 DAGs
[2025-04-09T08:40:20.774+0000] {logging_mixin.py:188} INFO - [2025-04-09T08:40:20.773+0000] {dag.py:3834} INFO - Setting next_dagrun for load_raw_data_to_bq to None, run_after=None
[2025-04-09T08:40:20.805+0000] {processor.py:183} INFO - Processing /opt/airflow/dags/step_two.py took 0.083 seconds
[2025-04-09T08:40:51.795+0000] {processor.py:161} INFO - Started process (PID=434) to work on /opt/airflow/dags/step_two.py
[2025-04-09T08:40:51.797+0000] {processor.py:830} INFO - Processing file /opt/airflow/dags/step_two.py for tasks to queue
[2025-04-09T08:40:51.800+0000] {logging_mixin.py:188} INFO - [2025-04-09T08:40:51.800+0000] {dagbag.py:540} INFO - Filling up the DagBag from /opt/airflow/dags/step_two.py
[2025-04-09T08:40:51.808+0000] {processor.py:840} INFO - DAG(s) 'load_raw_data_to_bq' retrieved from /opt/airflow/dags/step_two.py
[2025-04-09T08:40:51.833+0000] {logging_mixin.py:188} INFO - [2025-04-09T08:40:51.832+0000] {dag.py:3047} INFO - Sync 1 DAGs
[2025-04-09T08:40:51.849+0000] {logging_mixin.py:188} INFO - [2025-04-09T08:40:51.849+0000] {dag.py:3834} INFO - Setting next_dagrun for load_raw_data_to_bq to None, run_after=None
[2025-04-09T08:40:51.879+0000] {processor.py:183} INFO - Processing /opt/airflow/dags/step_two.py took 0.088 seconds
[2025-04-09T08:41:22.241+0000] {processor.py:161} INFO - Started process (PID=496) to work on /opt/airflow/dags/step_two.py
[2025-04-09T08:41:22.242+0000] {processor.py:830} INFO - Processing file /opt/airflow/dags/step_two.py for tasks to queue
[2025-04-09T08:41:22.246+0000] {logging_mixin.py:188} INFO - [2025-04-09T08:41:22.245+0000] {dagbag.py:540} INFO - Filling up the DagBag from /opt/airflow/dags/step_two.py
[2025-04-09T08:41:22.254+0000] {processor.py:840} INFO - DAG(s) 'load_raw_data_to_bq' retrieved from /opt/airflow/dags/step_two.py
[2025-04-09T08:41:22.277+0000] {logging_mixin.py:188} INFO - [2025-04-09T08:41:22.276+0000] {dag.py:3047} INFO - Sync 1 DAGs
[2025-04-09T08:41:22.292+0000] {logging_mixin.py:188} INFO - [2025-04-09T08:41:22.292+0000] {dag.py:3834} INFO - Setting next_dagrun for load_raw_data_to_bq to None, run_after=None
[2025-04-09T08:41:22.318+0000] {processor.py:183} INFO - Processing /opt/airflow/dags/step_two.py took 0.082 seconds
[2025-04-09T08:41:52.677+0000] {processor.py:161} INFO - Started process (PID=558) to work on /opt/airflow/dags/step_two.py
[2025-04-09T08:41:52.678+0000] {processor.py:830} INFO - Processing file /opt/airflow/dags/step_two.py for tasks to queue
[2025-04-09T08:41:52.681+0000] {logging_mixin.py:188} INFO - [2025-04-09T08:41:52.680+0000] {dagbag.py:540} INFO - Filling up the DagBag from /opt/airflow/dags/step_two.py
[2025-04-09T08:41:52.687+0000] {processor.py:840} INFO - DAG(s) 'load_raw_data_to_bq' retrieved from /opt/airflow/dags/step_two.py
[2025-04-09T08:41:52.707+0000] {logging_mixin.py:188} INFO - [2025-04-09T08:41:52.707+0000] {dag.py:3047} INFO - Sync 1 DAGs
[2025-04-09T08:41:52.721+0000] {logging_mixin.py:188} INFO - [2025-04-09T08:41:52.721+0000] {dag.py:3834} INFO - Setting next_dagrun for load_raw_data_to_bq to None, run_after=None
[2025-04-09T08:41:52.743+0000] {processor.py:183} INFO - Processing /opt/airflow/dags/step_two.py took 0.070 seconds
[2025-04-09T08:42:23.189+0000] {processor.py:161} INFO - Started process (PID=620) to work on /opt/airflow/dags/step_two.py
[2025-04-09T08:42:23.191+0000] {processor.py:830} INFO - Processing file /opt/airflow/dags/step_two.py for tasks to queue
[2025-04-09T08:42:23.193+0000] {logging_mixin.py:188} INFO - [2025-04-09T08:42:23.193+0000] {dagbag.py:540} INFO - Filling up the DagBag from /opt/airflow/dags/step_two.py
[2025-04-09T08:42:23.200+0000] {processor.py:840} INFO - DAG(s) 'load_raw_data_to_bq' retrieved from /opt/airflow/dags/step_two.py
[2025-04-09T08:42:23.224+0000] {logging_mixin.py:188} INFO - [2025-04-09T08:42:23.223+0000] {dag.py:3047} INFO - Sync 1 DAGs
[2025-04-09T08:42:23.238+0000] {logging_mixin.py:188} INFO - [2025-04-09T08:42:23.238+0000] {dag.py:3834} INFO - Setting next_dagrun for load_raw_data_to_bq to None, run_after=None
[2025-04-09T08:42:23.263+0000] {processor.py:183} INFO - Processing /opt/airflow/dags/step_two.py took 0.078 seconds
[2025-04-09T08:42:54.020+0000] {processor.py:161} INFO - Started process (PID=682) to work on /opt/airflow/dags/step_two.py
[2025-04-09T08:42:54.021+0000] {processor.py:830} INFO - Processing file /opt/airflow/dags/step_two.py for tasks to queue
[2025-04-09T08:42:54.026+0000] {logging_mixin.py:188} INFO - [2025-04-09T08:42:54.023+0000] {dagbag.py:540} INFO - Filling up the DagBag from /opt/airflow/dags/step_two.py
[2025-04-09T08:42:54.033+0000] {processor.py:840} INFO - DAG(s) 'load_raw_data_to_bq' retrieved from /opt/airflow/dags/step_two.py
[2025-04-09T08:42:54.061+0000] {logging_mixin.py:188} INFO - [2025-04-09T08:42:54.060+0000] {dag.py:3047} INFO - Sync 1 DAGs
[2025-04-09T08:42:54.076+0000] {logging_mixin.py:188} INFO - [2025-04-09T08:42:54.075+0000] {dag.py:3834} INFO - Setting next_dagrun for load_raw_data_to_bq to None, run_after=None
[2025-04-09T08:42:54.102+0000] {processor.py:183} INFO - Processing /opt/airflow/dags/step_two.py took 0.087 seconds
[2025-04-09T08:43:24.182+0000] {processor.py:161} INFO - Started process (PID=744) to work on /opt/airflow/dags/step_two.py
[2025-04-09T08:43:24.183+0000] {processor.py:830} INFO - Processing file /opt/airflow/dags/step_two.py for tasks to queue
[2025-04-09T08:43:24.186+0000] {logging_mixin.py:188} INFO - [2025-04-09T08:43:24.185+0000] {dagbag.py:540} INFO - Filling up the DagBag from /opt/airflow/dags/step_two.py
[2025-04-09T08:43:24.195+0000] {processor.py:840} INFO - DAG(s) 'load_raw_data_to_bq' retrieved from /opt/airflow/dags/step_two.py
[2025-04-09T08:43:24.219+0000] {logging_mixin.py:188} INFO - [2025-04-09T08:43:24.219+0000] {dag.py:3047} INFO - Sync 1 DAGs
[2025-04-09T08:43:24.235+0000] {logging_mixin.py:188} INFO - [2025-04-09T08:43:24.235+0000] {dag.py:3834} INFO - Setting next_dagrun for load_raw_data_to_bq to None, run_after=None
[2025-04-09T08:43:24.260+0000] {processor.py:183} INFO - Processing /opt/airflow/dags/step_two.py took 0.082 seconds
[2025-04-09T08:43:54.358+0000] {processor.py:161} INFO - Started process (PID=806) to work on /opt/airflow/dags/step_two.py
[2025-04-09T08:43:54.359+0000] {processor.py:830} INFO - Processing file /opt/airflow/dags/step_two.py for tasks to queue
[2025-04-09T08:43:54.362+0000] {logging_mixin.py:188} INFO - [2025-04-09T08:43:54.361+0000] {dagbag.py:540} INFO - Filling up the DagBag from /opt/airflow/dags/step_two.py
[2025-04-09T08:43:54.368+0000] {processor.py:840} INFO - DAG(s) 'load_raw_data_to_bq' retrieved from /opt/airflow/dags/step_two.py
[2025-04-09T08:43:54.388+0000] {logging_mixin.py:188} INFO - [2025-04-09T08:43:54.388+0000] {dag.py:3047} INFO - Sync 1 DAGs
[2025-04-09T08:43:54.401+0000] {logging_mixin.py:188} INFO - [2025-04-09T08:43:54.401+0000] {dag.py:3834} INFO - Setting next_dagrun for load_raw_data_to_bq to None, run_after=None
[2025-04-09T08:43:54.426+0000] {processor.py:183} INFO - Processing /opt/airflow/dags/step_two.py took 0.073 seconds
[2025-04-09T08:44:24.509+0000] {processor.py:161} INFO - Started process (PID=868) to work on /opt/airflow/dags/step_two.py
[2025-04-09T08:44:24.511+0000] {processor.py:830} INFO - Processing file /opt/airflow/dags/step_two.py for tasks to queue
[2025-04-09T08:44:24.513+0000] {logging_mixin.py:188} INFO - [2025-04-09T08:44:24.513+0000] {dagbag.py:540} INFO - Filling up the DagBag from /opt/airflow/dags/step_two.py
[2025-04-09T08:44:24.520+0000] {processor.py:840} INFO - DAG(s) 'load_raw_data_to_bq' retrieved from /opt/airflow/dags/step_two.py
[2025-04-09T08:44:24.542+0000] {logging_mixin.py:188} INFO - [2025-04-09T08:44:24.541+0000] {dag.py:3047} INFO - Sync 1 DAGs
[2025-04-09T08:44:24.554+0000] {logging_mixin.py:188} INFO - [2025-04-09T08:44:24.554+0000] {dag.py:3834} INFO - Setting next_dagrun for load_raw_data_to_bq to None, run_after=None
[2025-04-09T08:44:24.576+0000] {processor.py:183} INFO - Processing /opt/airflow/dags/step_two.py took 0.071 seconds
[2025-04-09T08:44:55.622+0000] {processor.py:161} INFO - Started process (PID=930) to work on /opt/airflow/dags/step_two.py
[2025-04-09T08:44:55.624+0000] {processor.py:830} INFO - Processing file /opt/airflow/dags/step_two.py for tasks to queue
[2025-04-09T08:44:55.626+0000] {logging_mixin.py:188} INFO - [2025-04-09T08:44:55.625+0000] {dagbag.py:540} INFO - Filling up the DagBag from /opt/airflow/dags/step_two.py
[2025-04-09T08:44:55.633+0000] {processor.py:840} INFO - DAG(s) 'load_raw_data_to_bq' retrieved from /opt/airflow/dags/step_two.py
[2025-04-09T08:44:55.660+0000] {logging_mixin.py:188} INFO - [2025-04-09T08:44:55.660+0000] {dag.py:3047} INFO - Sync 1 DAGs
[2025-04-09T08:44:55.677+0000] {logging_mixin.py:188} INFO - [2025-04-09T08:44:55.677+0000] {dag.py:3834} INFO - Setting next_dagrun for load_raw_data_to_bq to None, run_after=None
[2025-04-09T08:44:55.705+0000] {processor.py:183} INFO - Processing /opt/airflow/dags/step_two.py took 0.089 seconds
[2025-04-09T08:45:26.043+0000] {processor.py:161} INFO - Started process (PID=992) to work on /opt/airflow/dags/step_two.py
[2025-04-09T08:45:26.044+0000] {processor.py:830} INFO - Processing file /opt/airflow/dags/step_two.py for tasks to queue
[2025-04-09T08:45:26.047+0000] {logging_mixin.py:188} INFO - [2025-04-09T08:45:26.046+0000] {dagbag.py:540} INFO - Filling up the DagBag from /opt/airflow/dags/step_two.py
[2025-04-09T08:45:26.053+0000] {processor.py:840} INFO - DAG(s) 'load_raw_data_to_bq' retrieved from /opt/airflow/dags/step_two.py
[2025-04-09T08:45:26.075+0000] {logging_mixin.py:188} INFO - [2025-04-09T08:45:26.075+0000] {dag.py:3047} INFO - Sync 1 DAGs
[2025-04-09T08:45:26.090+0000] {logging_mixin.py:188} INFO - [2025-04-09T08:45:26.089+0000] {dag.py:3834} INFO - Setting next_dagrun for load_raw_data_to_bq to None, run_after=None
[2025-04-09T08:45:26.113+0000] {processor.py:183} INFO - Processing /opt/airflow/dags/step_two.py took 0.074 seconds
[2025-04-09T08:45:56.240+0000] {processor.py:161} INFO - Started process (PID=1054) to work on /opt/airflow/dags/step_two.py
[2025-04-09T08:45:56.242+0000] {processor.py:830} INFO - Processing file /opt/airflow/dags/step_two.py for tasks to queue
[2025-04-09T08:45:56.244+0000] {logging_mixin.py:188} INFO - [2025-04-09T08:45:56.244+0000] {dagbag.py:540} INFO - Filling up the DagBag from /opt/airflow/dags/step_two.py
[2025-04-09T08:45:56.250+0000] {processor.py:840} INFO - DAG(s) 'load_raw_data_to_bq' retrieved from /opt/airflow/dags/step_two.py
[2025-04-09T08:45:56.273+0000] {logging_mixin.py:188} INFO - [2025-04-09T08:45:56.272+0000] {dag.py:3047} INFO - Sync 1 DAGs
[2025-04-09T08:45:56.287+0000] {logging_mixin.py:188} INFO - [2025-04-09T08:45:56.287+0000] {dag.py:3834} INFO - Setting next_dagrun for load_raw_data_to_bq to None, run_after=None
[2025-04-09T08:45:56.310+0000] {processor.py:183} INFO - Processing /opt/airflow/dags/step_two.py took 0.073 seconds
[2025-04-09T08:46:26.776+0000] {processor.py:161} INFO - Started process (PID=1122) to work on /opt/airflow/dags/step_two.py
[2025-04-09T08:46:26.778+0000] {processor.py:830} INFO - Processing file /opt/airflow/dags/step_two.py for tasks to queue
[2025-04-09T08:46:26.780+0000] {logging_mixin.py:188} INFO - [2025-04-09T08:46:26.780+0000] {dagbag.py:540} INFO - Filling up the DagBag from /opt/airflow/dags/step_two.py
[2025-04-09T08:46:26.787+0000] {processor.py:840} INFO - DAG(s) 'load_raw_data_to_bq' retrieved from /opt/airflow/dags/step_two.py
[2025-04-09T08:46:26.807+0000] {logging_mixin.py:188} INFO - [2025-04-09T08:46:26.806+0000] {dag.py:3047} INFO - Sync 1 DAGs
[2025-04-09T08:46:26.820+0000] {logging_mixin.py:188} INFO - [2025-04-09T08:46:26.820+0000] {dag.py:3834} INFO - Setting next_dagrun for load_raw_data_to_bq to None, run_after=None
[2025-04-09T08:46:26.846+0000] {processor.py:183} INFO - Processing /opt/airflow/dags/step_two.py took 0.073 seconds
[2025-04-09T08:46:57.194+0000] {processor.py:161} INFO - Started process (PID=1184) to work on /opt/airflow/dags/step_two.py
[2025-04-09T08:46:57.208+0000] {processor.py:830} INFO - Processing file /opt/airflow/dags/step_two.py for tasks to queue
[2025-04-09T08:46:57.213+0000] {logging_mixin.py:188} INFO - [2025-04-09T08:46:57.212+0000] {dagbag.py:540} INFO - Filling up the DagBag from /opt/airflow/dags/step_two.py
[2025-04-09T08:46:57.247+0000] {processor.py:840} INFO - DAG(s) 'load_raw_data_to_bq' retrieved from /opt/airflow/dags/step_two.py
[2025-04-09T08:46:57.313+0000] {logging_mixin.py:188} INFO - [2025-04-09T08:46:57.312+0000] {dag.py:3047} INFO - Sync 1 DAGs
[2025-04-09T08:46:57.360+0000] {logging_mixin.py:188} INFO - [2025-04-09T08:46:57.360+0000] {dag.py:3834} INFO - Setting next_dagrun for load_raw_data_to_bq to None, run_after=None
[2025-04-09T08:46:57.434+0000] {processor.py:183} INFO - Processing /opt/airflow/dags/step_two.py took 0.257 seconds
[2025-04-09T08:47:27.804+0000] {processor.py:161} INFO - Started process (PID=1259) to work on /opt/airflow/dags/step_two.py
[2025-04-09T08:47:27.806+0000] {processor.py:830} INFO - Processing file /opt/airflow/dags/step_two.py for tasks to queue
[2025-04-09T08:47:27.809+0000] {logging_mixin.py:188} INFO - [2025-04-09T08:47:27.808+0000] {dagbag.py:540} INFO - Filling up the DagBag from /opt/airflow/dags/step_two.py
[2025-04-09T08:47:27.815+0000] {processor.py:840} INFO - DAG(s) 'load_raw_data_to_bq' retrieved from /opt/airflow/dags/step_two.py
[2025-04-09T08:47:27.840+0000] {logging_mixin.py:188} INFO - [2025-04-09T08:47:27.840+0000] {dag.py:3047} INFO - Sync 1 DAGs
[2025-04-09T08:47:27.854+0000] {logging_mixin.py:188} INFO - [2025-04-09T08:47:27.854+0000] {dag.py:3834} INFO - Setting next_dagrun for load_raw_data_to_bq to None, run_after=None
[2025-04-09T08:47:27.882+0000] {processor.py:183} INFO - Processing /opt/airflow/dags/step_two.py took 0.083 seconds
[2025-04-09T08:47:58.584+0000] {processor.py:161} INFO - Started process (PID=1321) to work on /opt/airflow/dags/step_two.py
[2025-04-09T08:47:58.585+0000] {processor.py:830} INFO - Processing file /opt/airflow/dags/step_two.py for tasks to queue
[2025-04-09T08:47:58.588+0000] {logging_mixin.py:188} INFO - [2025-04-09T08:47:58.588+0000] {dagbag.py:540} INFO - Filling up the DagBag from /opt/airflow/dags/step_two.py
[2025-04-09T08:47:58.598+0000] {processor.py:840} INFO - DAG(s) 'load_raw_data_to_bq' retrieved from /opt/airflow/dags/step_two.py
[2025-04-09T08:47:58.634+0000] {logging_mixin.py:188} INFO - [2025-04-09T08:47:58.633+0000] {dag.py:3047} INFO - Sync 1 DAGs
[2025-04-09T08:47:58.658+0000] {logging_mixin.py:188} INFO - [2025-04-09T08:47:58.657+0000] {dag.py:3834} INFO - Setting next_dagrun for load_raw_data_to_bq to None, run_after=None
[2025-04-09T08:47:58.685+0000] {processor.py:183} INFO - Processing /opt/airflow/dags/step_two.py took 0.105 seconds
[2025-04-09T08:48:28.786+0000] {processor.py:161} INFO - Started process (PID=1393) to work on /opt/airflow/dags/step_two.py
[2025-04-09T08:48:28.788+0000] {processor.py:830} INFO - Processing file /opt/airflow/dags/step_two.py for tasks to queue
[2025-04-09T08:48:28.791+0000] {logging_mixin.py:188} INFO - [2025-04-09T08:48:28.791+0000] {dagbag.py:540} INFO - Filling up the DagBag from /opt/airflow/dags/step_two.py
[2025-04-09T08:48:28.803+0000] {processor.py:840} INFO - DAG(s) 'load_raw_data_to_bq' retrieved from /opt/airflow/dags/step_two.py
[2025-04-09T08:48:28.840+0000] {logging_mixin.py:188} INFO - [2025-04-09T08:48:28.839+0000] {dag.py:3047} INFO - Sync 1 DAGs
[2025-04-09T08:48:28.877+0000] {logging_mixin.py:188} INFO - [2025-04-09T08:48:28.877+0000] {dag.py:3834} INFO - Setting next_dagrun for load_raw_data_to_bq to None, run_after=None
[2025-04-09T08:48:28.932+0000] {processor.py:183} INFO - Processing /opt/airflow/dags/step_two.py took 0.150 seconds
[2025-04-09T08:48:59.149+0000] {processor.py:161} INFO - Started process (PID=1454) to work on /opt/airflow/dags/step_two.py
[2025-04-09T08:48:59.151+0000] {processor.py:830} INFO - Processing file /opt/airflow/dags/step_two.py for tasks to queue
[2025-04-09T08:48:59.154+0000] {logging_mixin.py:188} INFO - [2025-04-09T08:48:59.153+0000] {dagbag.py:540} INFO - Filling up the DagBag from /opt/airflow/dags/step_two.py
[2025-04-09T08:48:59.163+0000] {processor.py:840} INFO - DAG(s) 'load_raw_data_to_bq' retrieved from /opt/airflow/dags/step_two.py
[2025-04-09T08:48:59.187+0000] {logging_mixin.py:188} INFO - [2025-04-09T08:48:59.187+0000] {dag.py:3047} INFO - Sync 1 DAGs
[2025-04-09T08:48:59.200+0000] {logging_mixin.py:188} INFO - [2025-04-09T08:48:59.200+0000] {dag.py:3834} INFO - Setting next_dagrun for load_raw_data_to_bq to None, run_after=None
[2025-04-09T08:48:59.228+0000] {processor.py:183} INFO - Processing /opt/airflow/dags/step_two.py took 0.083 seconds
[2025-04-09T08:49:29.867+0000] {processor.py:161} INFO - Started process (PID=1516) to work on /opt/airflow/dags/step_two.py
[2025-04-09T08:49:29.869+0000] {processor.py:830} INFO - Processing file /opt/airflow/dags/step_two.py for tasks to queue
[2025-04-09T08:49:29.872+0000] {logging_mixin.py:188} INFO - [2025-04-09T08:49:29.872+0000] {dagbag.py:540} INFO - Filling up the DagBag from /opt/airflow/dags/step_two.py
[2025-04-09T08:49:29.880+0000] {processor.py:840} INFO - DAG(s) 'load_raw_data_to_bq' retrieved from /opt/airflow/dags/step_two.py
[2025-04-09T08:49:29.905+0000] {logging_mixin.py:188} INFO - [2025-04-09T08:49:29.904+0000] {dag.py:3047} INFO - Sync 1 DAGs
[2025-04-09T08:49:29.918+0000] {logging_mixin.py:188} INFO - [2025-04-09T08:49:29.918+0000] {dag.py:3834} INFO - Setting next_dagrun for load_raw_data_to_bq to None, run_after=None
[2025-04-09T08:49:29.944+0000] {processor.py:183} INFO - Processing /opt/airflow/dags/step_two.py took 0.082 seconds
[2025-04-09T08:50:00.017+0000] {processor.py:161} INFO - Started process (PID=1578) to work on /opt/airflow/dags/step_two.py
[2025-04-09T08:50:00.019+0000] {processor.py:830} INFO - Processing file /opt/airflow/dags/step_two.py for tasks to queue
[2025-04-09T08:50:00.023+0000] {logging_mixin.py:188} INFO - [2025-04-09T08:50:00.022+0000] {dagbag.py:540} INFO - Filling up the DagBag from /opt/airflow/dags/step_two.py
[2025-04-09T08:50:00.038+0000] {processor.py:840} INFO - DAG(s) 'load_raw_data_to_bq' retrieved from /opt/airflow/dags/step_two.py
[2025-04-09T08:50:00.085+0000] {logging_mixin.py:188} INFO - [2025-04-09T08:50:00.084+0000] {dag.py:3047} INFO - Sync 1 DAGs
[2025-04-09T08:50:00.114+0000] {logging_mixin.py:188} INFO - [2025-04-09T08:50:00.114+0000] {dag.py:3834} INFO - Setting next_dagrun for load_raw_data_to_bq to None, run_after=None
[2025-04-09T08:50:00.158+0000] {processor.py:183} INFO - Processing /opt/airflow/dags/step_two.py took 0.150 seconds
[2025-04-09T08:50:31.009+0000] {processor.py:161} INFO - Started process (PID=1640) to work on /opt/airflow/dags/step_two.py
[2025-04-09T08:50:31.011+0000] {processor.py:830} INFO - Processing file /opt/airflow/dags/step_two.py for tasks to queue
[2025-04-09T08:50:31.015+0000] {logging_mixin.py:188} INFO - [2025-04-09T08:50:31.014+0000] {dagbag.py:540} INFO - Filling up the DagBag from /opt/airflow/dags/step_two.py
[2025-04-09T08:50:31.024+0000] {processor.py:840} INFO - DAG(s) 'load_raw_data_to_bq' retrieved from /opt/airflow/dags/step_two.py
[2025-04-09T08:50:31.070+0000] {logging_mixin.py:188} INFO - [2025-04-09T08:50:31.069+0000] {dag.py:3047} INFO - Sync 1 DAGs
[2025-04-09T08:50:31.142+0000] {logging_mixin.py:188} INFO - [2025-04-09T08:50:31.142+0000] {dag.py:3834} INFO - Setting next_dagrun for load_raw_data_to_bq to None, run_after=None
[2025-04-09T08:50:31.223+0000] {processor.py:183} INFO - Processing /opt/airflow/dags/step_two.py took 0.223 seconds
[2025-04-09T08:51:01.381+0000] {processor.py:161} INFO - Started process (PID=1702) to work on /opt/airflow/dags/step_two.py
[2025-04-09T08:51:01.383+0000] {processor.py:830} INFO - Processing file /opt/airflow/dags/step_two.py for tasks to queue
[2025-04-09T08:51:01.385+0000] {logging_mixin.py:188} INFO - [2025-04-09T08:51:01.385+0000] {dagbag.py:540} INFO - Filling up the DagBag from /opt/airflow/dags/step_two.py
[2025-04-09T08:51:01.393+0000] {processor.py:840} INFO - DAG(s) 'load_raw_data_to_bq' retrieved from /opt/airflow/dags/step_two.py
[2025-04-09T08:51:01.420+0000] {logging_mixin.py:188} INFO - [2025-04-09T08:51:01.420+0000] {dag.py:3047} INFO - Sync 1 DAGs
[2025-04-09T08:51:01.433+0000] {logging_mixin.py:188} INFO - [2025-04-09T08:51:01.433+0000] {dag.py:3834} INFO - Setting next_dagrun for load_raw_data_to_bq to None, run_after=None
[2025-04-09T08:51:01.463+0000] {processor.py:183} INFO - Processing /opt/airflow/dags/step_two.py took 0.086 seconds
[2025-04-09T08:51:31.959+0000] {processor.py:161} INFO - Started process (PID=1770) to work on /opt/airflow/dags/step_two.py
[2025-04-09T08:51:31.961+0000] {processor.py:830} INFO - Processing file /opt/airflow/dags/step_two.py for tasks to queue
[2025-04-09T08:51:31.963+0000] {logging_mixin.py:188} INFO - [2025-04-09T08:51:31.963+0000] {dagbag.py:540} INFO - Filling up the DagBag from /opt/airflow/dags/step_two.py
[2025-04-09T08:51:31.970+0000] {processor.py:840} INFO - DAG(s) 'load_raw_data_to_bq' retrieved from /opt/airflow/dags/step_two.py
[2025-04-09T08:51:31.992+0000] {logging_mixin.py:188} INFO - [2025-04-09T08:51:31.992+0000] {dag.py:3047} INFO - Sync 1 DAGs
[2025-04-09T08:51:32.005+0000] {logging_mixin.py:188} INFO - [2025-04-09T08:51:32.005+0000] {dag.py:3834} INFO - Setting next_dagrun for load_raw_data_to_bq to None, run_after=None
[2025-04-09T08:51:32.032+0000] {processor.py:183} INFO - Processing /opt/airflow/dags/step_two.py took 0.077 seconds
[2025-04-09T08:52:02.204+0000] {processor.py:161} INFO - Started process (PID=1832) to work on /opt/airflow/dags/step_two.py
[2025-04-09T08:52:02.205+0000] {processor.py:830} INFO - Processing file /opt/airflow/dags/step_two.py for tasks to queue
[2025-04-09T08:52:02.208+0000] {logging_mixin.py:188} INFO - [2025-04-09T08:52:02.208+0000] {dagbag.py:540} INFO - Filling up the DagBag from /opt/airflow/dags/step_two.py
[2025-04-09T08:52:02.215+0000] {processor.py:840} INFO - DAG(s) 'load_raw_data_to_bq' retrieved from /opt/airflow/dags/step_two.py
[2025-04-09T08:52:02.240+0000] {logging_mixin.py:188} INFO - [2025-04-09T08:52:02.240+0000] {dag.py:3047} INFO - Sync 1 DAGs
[2025-04-09T08:52:02.254+0000] {logging_mixin.py:188} INFO - [2025-04-09T08:52:02.253+0000] {dag.py:3834} INFO - Setting next_dagrun for load_raw_data_to_bq to None, run_after=None
[2025-04-09T08:52:02.282+0000] {processor.py:183} INFO - Processing /opt/airflow/dags/step_two.py took 0.082 seconds
[2025-04-09T08:52:32.665+0000] {processor.py:161} INFO - Started process (PID=1894) to work on /opt/airflow/dags/step_two.py
[2025-04-09T08:52:32.667+0000] {processor.py:830} INFO - Processing file /opt/airflow/dags/step_two.py for tasks to queue
[2025-04-09T08:52:32.669+0000] {logging_mixin.py:188} INFO - [2025-04-09T08:52:32.669+0000] {dagbag.py:540} INFO - Filling up the DagBag from /opt/airflow/dags/step_two.py
[2025-04-09T08:52:32.676+0000] {processor.py:840} INFO - DAG(s) 'load_raw_data_to_bq' retrieved from /opt/airflow/dags/step_two.py
[2025-04-09T08:52:32.700+0000] {logging_mixin.py:188} INFO - [2025-04-09T08:52:32.700+0000] {dag.py:3047} INFO - Sync 1 DAGs
[2025-04-09T08:52:32.715+0000] {logging_mixin.py:188} INFO - [2025-04-09T08:52:32.714+0000] {dag.py:3834} INFO - Setting next_dagrun for load_raw_data_to_bq to None, run_after=None
[2025-04-09T08:52:32.743+0000] {processor.py:183} INFO - Processing /opt/airflow/dags/step_two.py took 0.082 seconds
[2025-04-09T08:53:03.191+0000] {processor.py:161} INFO - Started process (PID=1956) to work on /opt/airflow/dags/step_two.py
[2025-04-09T08:53:03.193+0000] {processor.py:830} INFO - Processing file /opt/airflow/dags/step_two.py for tasks to queue
[2025-04-09T08:53:03.195+0000] {logging_mixin.py:188} INFO - [2025-04-09T08:53:03.195+0000] {dagbag.py:540} INFO - Filling up the DagBag from /opt/airflow/dags/step_two.py
[2025-04-09T08:53:03.202+0000] {processor.py:840} INFO - DAG(s) 'load_raw_data_to_bq' retrieved from /opt/airflow/dags/step_two.py
[2025-04-09T08:53:03.227+0000] {logging_mixin.py:188} INFO - [2025-04-09T08:53:03.227+0000] {dag.py:3047} INFO - Sync 1 DAGs
[2025-04-09T08:53:03.241+0000] {logging_mixin.py:188} INFO - [2025-04-09T08:53:03.241+0000] {dag.py:3834} INFO - Setting next_dagrun for load_raw_data_to_bq to None, run_after=None
[2025-04-09T08:53:03.269+0000] {processor.py:183} INFO - Processing /opt/airflow/dags/step_two.py took 0.082 seconds
[2025-04-09T08:53:33.424+0000] {processor.py:161} INFO - Started process (PID=2018) to work on /opt/airflow/dags/step_two.py
[2025-04-09T08:53:33.425+0000] {processor.py:830} INFO - Processing file /opt/airflow/dags/step_two.py for tasks to queue
[2025-04-09T08:53:33.428+0000] {logging_mixin.py:188} INFO - [2025-04-09T08:53:33.428+0000] {dagbag.py:540} INFO - Filling up the DagBag from /opt/airflow/dags/step_two.py
[2025-04-09T08:53:33.436+0000] {processor.py:840} INFO - DAG(s) 'load_raw_data_to_bq' retrieved from /opt/airflow/dags/step_two.py
[2025-04-09T08:53:33.464+0000] {logging_mixin.py:188} INFO - [2025-04-09T08:53:33.463+0000] {dag.py:3047} INFO - Sync 1 DAGs
[2025-04-09T08:53:33.483+0000] {logging_mixin.py:188} INFO - [2025-04-09T08:53:33.482+0000] {dag.py:3834} INFO - Setting next_dagrun for load_raw_data_to_bq to None, run_after=None
[2025-04-09T08:53:33.507+0000] {processor.py:183} INFO - Processing /opt/airflow/dags/step_two.py took 0.088 seconds
[2025-04-09T08:54:03.719+0000] {processor.py:161} INFO - Started process (PID=2080) to work on /opt/airflow/dags/step_two.py
[2025-04-09T08:54:03.720+0000] {processor.py:830} INFO - Processing file /opt/airflow/dags/step_two.py for tasks to queue
[2025-04-09T08:54:03.723+0000] {logging_mixin.py:188} INFO - [2025-04-09T08:54:03.722+0000] {dagbag.py:540} INFO - Filling up the DagBag from /opt/airflow/dags/step_two.py
[2025-04-09T08:54:03.730+0000] {processor.py:840} INFO - DAG(s) 'load_raw_data_to_bq' retrieved from /opt/airflow/dags/step_two.py
[2025-04-09T08:54:03.752+0000] {logging_mixin.py:188} INFO - [2025-04-09T08:54:03.752+0000] {dag.py:3047} INFO - Sync 1 DAGs
[2025-04-09T08:54:03.766+0000] {logging_mixin.py:188} INFO - [2025-04-09T08:54:03.765+0000] {dag.py:3834} INFO - Setting next_dagrun for load_raw_data_to_bq to None, run_after=None
[2025-04-09T08:54:03.789+0000] {processor.py:183} INFO - Processing /opt/airflow/dags/step_two.py took 0.074 seconds
[2025-04-09T08:54:38.516+0000] {processor.py:161} INFO - Started process (PID=2141) to work on /opt/airflow/dags/step_two.py
[2025-04-09T08:54:38.519+0000] {processor.py:830} INFO - Processing file /opt/airflow/dags/step_two.py for tasks to queue
[2025-04-09T08:54:38.523+0000] {logging_mixin.py:188} INFO - [2025-04-09T08:54:38.522+0000] {dagbag.py:540} INFO - Filling up the DagBag from /opt/airflow/dags/step_two.py
[2025-04-09T08:54:38.533+0000] {processor.py:840} INFO - DAG(s) 'load_raw_data_to_bq' retrieved from /opt/airflow/dags/step_two.py
[2025-04-09T08:54:38.578+0000] {logging_mixin.py:188} INFO - [2025-04-09T08:54:38.577+0000] {dag.py:3047} INFO - Sync 1 DAGs
[2025-04-09T08:54:38.607+0000] {logging_mixin.py:188} INFO - [2025-04-09T08:54:38.606+0000] {dag.py:3834} INFO - Setting next_dagrun for load_raw_data_to_bq to None, run_after=None
[2025-04-09T08:54:38.660+0000] {processor.py:183} INFO - Processing /opt/airflow/dags/step_two.py took 0.151 seconds
[2025-04-09T08:55:08.964+0000] {processor.py:161} INFO - Started process (PID=2202) to work on /opt/airflow/dags/step_two.py
[2025-04-09T08:55:08.966+0000] {processor.py:830} INFO - Processing file /opt/airflow/dags/step_two.py for tasks to queue
[2025-04-09T08:55:08.969+0000] {logging_mixin.py:188} INFO - [2025-04-09T08:55:08.968+0000] {dagbag.py:540} INFO - Filling up the DagBag from /opt/airflow/dags/step_two.py
[2025-04-09T08:55:08.981+0000] {processor.py:840} INFO - DAG(s) 'load_raw_data_to_bq' retrieved from /opt/airflow/dags/step_two.py
[2025-04-09T08:55:09.017+0000] {logging_mixin.py:188} INFO - [2025-04-09T08:55:09.016+0000] {dag.py:3047} INFO - Sync 1 DAGs
[2025-04-09T08:55:09.263+0000] {logging_mixin.py:188} INFO - [2025-04-09T08:55:09.262+0000] {dag.py:3834} INFO - Setting next_dagrun for load_raw_data_to_bq to None, run_after=None
[2025-04-09T08:55:09.296+0000] {processor.py:183} INFO - Processing /opt/airflow/dags/step_two.py took 0.336 seconds
[2025-04-09T08:55:39.487+0000] {processor.py:161} INFO - Started process (PID=2264) to work on /opt/airflow/dags/step_two.py
[2025-04-09T08:55:39.490+0000] {processor.py:830} INFO - Processing file /opt/airflow/dags/step_two.py for tasks to queue
[2025-04-09T08:55:39.493+0000] {logging_mixin.py:188} INFO - [2025-04-09T08:55:39.492+0000] {dagbag.py:540} INFO - Filling up the DagBag from /opt/airflow/dags/step_two.py
[2025-04-09T08:55:39.505+0000] {processor.py:840} INFO - DAG(s) 'load_raw_data_to_bq' retrieved from /opt/airflow/dags/step_two.py
[2025-04-09T08:55:39.540+0000] {logging_mixin.py:188} INFO - [2025-04-09T08:55:39.539+0000] {dag.py:3047} INFO - Sync 1 DAGs
[2025-04-09T08:55:39.802+0000] {logging_mixin.py:188} INFO - [2025-04-09T08:55:39.801+0000] {dag.py:3834} INFO - Setting next_dagrun for load_raw_data_to_bq to None, run_after=None
[2025-04-09T08:55:39.834+0000] {processor.py:183} INFO - Processing /opt/airflow/dags/step_two.py took 0.353 seconds
[2025-04-09T08:56:10.706+0000] {processor.py:161} INFO - Started process (PID=2332) to work on /opt/airflow/dags/step_two.py
[2025-04-09T08:56:10.708+0000] {processor.py:830} INFO - Processing file /opt/airflow/dags/step_two.py for tasks to queue
[2025-04-09T08:56:10.710+0000] {logging_mixin.py:188} INFO - [2025-04-09T08:56:10.710+0000] {dagbag.py:540} INFO - Filling up the DagBag from /opt/airflow/dags/step_two.py
[2025-04-09T08:56:10.719+0000] {processor.py:840} INFO - DAG(s) 'load_raw_data_to_bq' retrieved from /opt/airflow/dags/step_two.py
[2025-04-09T08:56:10.749+0000] {logging_mixin.py:188} INFO - [2025-04-09T08:56:10.748+0000] {dag.py:3047} INFO - Sync 1 DAGs
[2025-04-09T08:56:10.765+0000] {logging_mixin.py:188} INFO - [2025-04-09T08:56:10.765+0000] {dag.py:3834} INFO - Setting next_dagrun for load_raw_data_to_bq to None, run_after=None
[2025-04-09T08:56:10.794+0000] {processor.py:183} INFO - Processing /opt/airflow/dags/step_two.py took 0.092 seconds
[2025-04-09T08:56:41.013+0000] {processor.py:161} INFO - Started process (PID=2394) to work on /opt/airflow/dags/step_two.py
[2025-04-09T08:56:41.014+0000] {processor.py:830} INFO - Processing file /opt/airflow/dags/step_two.py for tasks to queue
[2025-04-09T08:56:41.018+0000] {logging_mixin.py:188} INFO - [2025-04-09T08:56:41.016+0000] {dagbag.py:540} INFO - Filling up the DagBag from /opt/airflow/dags/step_two.py
[2025-04-09T08:56:41.031+0000] {processor.py:840} INFO - DAG(s) 'load_raw_data_to_bq' retrieved from /opt/airflow/dags/step_two.py
[2025-04-09T08:56:41.092+0000] {logging_mixin.py:188} INFO - [2025-04-09T08:56:41.080+0000] {dag.py:3047} INFO - Sync 1 DAGs
[2025-04-09T08:56:41.150+0000] {logging_mixin.py:188} INFO - [2025-04-09T08:56:41.149+0000] {dag.py:3834} INFO - Setting next_dagrun for load_raw_data_to_bq to None, run_after=None
[2025-04-09T08:56:41.192+0000] {processor.py:183} INFO - Processing /opt/airflow/dags/step_two.py took 0.183 seconds
[2025-04-09T08:57:12.084+0000] {processor.py:161} INFO - Started process (PID=2456) to work on /opt/airflow/dags/step_two.py
[2025-04-09T08:57:12.086+0000] {processor.py:830} INFO - Processing file /opt/airflow/dags/step_two.py for tasks to queue
[2025-04-09T08:57:12.090+0000] {logging_mixin.py:188} INFO - [2025-04-09T08:57:12.089+0000] {dagbag.py:540} INFO - Filling up the DagBag from /opt/airflow/dags/step_two.py
[2025-04-09T08:57:12.100+0000] {processor.py:840} INFO - DAG(s) 'load_raw_data_to_bq' retrieved from /opt/airflow/dags/step_two.py
[2025-04-09T08:57:12.127+0000] {logging_mixin.py:188} INFO - [2025-04-09T08:57:12.126+0000] {dag.py:3047} INFO - Sync 1 DAGs
[2025-04-09T08:57:12.142+0000] {logging_mixin.py:188} INFO - [2025-04-09T08:57:12.142+0000] {dag.py:3834} INFO - Setting next_dagrun for load_raw_data_to_bq to None, run_after=None
[2025-04-09T08:57:12.171+0000] {processor.py:183} INFO - Processing /opt/airflow/dags/step_two.py took 0.091 seconds
[2025-04-09T08:57:42.906+0000] {processor.py:161} INFO - Started process (PID=2518) to work on /opt/airflow/dags/step_two.py
[2025-04-09T08:57:42.908+0000] {processor.py:830} INFO - Processing file /opt/airflow/dags/step_two.py for tasks to queue
[2025-04-09T08:57:42.911+0000] {logging_mixin.py:188} INFO - [2025-04-09T08:57:42.911+0000] {dagbag.py:540} INFO - Filling up the DagBag from /opt/airflow/dags/step_two.py
[2025-04-09T08:57:42.921+0000] {processor.py:840} INFO - DAG(s) 'load_raw_data_to_bq' retrieved from /opt/airflow/dags/step_two.py
[2025-04-09T08:57:42.948+0000] {logging_mixin.py:188} INFO - [2025-04-09T08:57:42.947+0000] {dag.py:3047} INFO - Sync 1 DAGs
[2025-04-09T08:57:42.965+0000] {logging_mixin.py:188} INFO - [2025-04-09T08:57:42.964+0000] {dag.py:3834} INFO - Setting next_dagrun for load_raw_data_to_bq to None, run_after=None
[2025-04-09T08:57:42.994+0000] {processor.py:183} INFO - Processing /opt/airflow/dags/step_two.py took 0.097 seconds
[2025-04-09T08:58:13.254+0000] {processor.py:161} INFO - Started process (PID=2580) to work on /opt/airflow/dags/step_two.py
[2025-04-09T08:58:13.258+0000] {processor.py:830} INFO - Processing file /opt/airflow/dags/step_two.py for tasks to queue
[2025-04-09T08:58:13.262+0000] {logging_mixin.py:188} INFO - [2025-04-09T08:58:13.261+0000] {dagbag.py:540} INFO - Filling up the DagBag from /opt/airflow/dags/step_two.py
[2025-04-09T08:58:13.273+0000] {processor.py:840} INFO - DAG(s) 'load_raw_data_to_bq' retrieved from /opt/airflow/dags/step_two.py
[2025-04-09T08:58:13.300+0000] {logging_mixin.py:188} INFO - [2025-04-09T08:58:13.299+0000] {dag.py:3047} INFO - Sync 1 DAGs
[2025-04-09T08:58:13.313+0000] {logging_mixin.py:188} INFO - [2025-04-09T08:58:13.313+0000] {dag.py:3834} INFO - Setting next_dagrun for load_raw_data_to_bq to None, run_after=None
[2025-04-09T08:58:13.335+0000] {processor.py:183} INFO - Processing /opt/airflow/dags/step_two.py took 0.086 seconds
[2025-04-09T08:58:44.276+0000] {processor.py:161} INFO - Started process (PID=2642) to work on /opt/airflow/dags/step_two.py
[2025-04-09T08:58:44.278+0000] {processor.py:830} INFO - Processing file /opt/airflow/dags/step_two.py for tasks to queue
[2025-04-09T08:58:44.282+0000] {logging_mixin.py:188} INFO - [2025-04-09T08:58:44.281+0000] {dagbag.py:540} INFO - Filling up the DagBag from /opt/airflow/dags/step_two.py
[2025-04-09T08:58:44.289+0000] {processor.py:840} INFO - DAG(s) 'load_raw_data_to_bq' retrieved from /opt/airflow/dags/step_two.py
[2025-04-09T08:58:44.315+0000] {logging_mixin.py:188} INFO - [2025-04-09T08:58:44.315+0000] {dag.py:3047} INFO - Sync 1 DAGs
[2025-04-09T08:58:44.330+0000] {logging_mixin.py:188} INFO - [2025-04-09T08:58:44.330+0000] {dag.py:3834} INFO - Setting next_dagrun for load_raw_data_to_bq to None, run_after=None
[2025-04-09T08:58:44.359+0000] {processor.py:183} INFO - Processing /opt/airflow/dags/step_two.py took 0.086 seconds
[2025-04-09T08:59:14.528+0000] {processor.py:161} INFO - Started process (PID=2704) to work on /opt/airflow/dags/step_two.py
[2025-04-09T08:59:14.530+0000] {processor.py:830} INFO - Processing file /opt/airflow/dags/step_two.py for tasks to queue
[2025-04-09T08:59:14.533+0000] {logging_mixin.py:188} INFO - [2025-04-09T08:59:14.532+0000] {dagbag.py:540} INFO - Filling up the DagBag from /opt/airflow/dags/step_two.py
[2025-04-09T08:59:14.543+0000] {processor.py:840} INFO - DAG(s) 'load_raw_data_to_bq' retrieved from /opt/airflow/dags/step_two.py
[2025-04-09T08:59:14.579+0000] {logging_mixin.py:188} INFO - [2025-04-09T08:59:14.579+0000] {dag.py:3047} INFO - Sync 1 DAGs
[2025-04-09T08:59:14.595+0000] {logging_mixin.py:188} INFO - [2025-04-09T08:59:14.595+0000] {dag.py:3834} INFO - Setting next_dagrun for load_raw_data_to_bq to None, run_after=None
[2025-04-09T08:59:14.621+0000] {processor.py:183} INFO - Processing /opt/airflow/dags/step_two.py took 0.099 seconds
[2025-04-09T08:59:44.780+0000] {processor.py:161} INFO - Started process (PID=2766) to work on /opt/airflow/dags/step_two.py
[2025-04-09T08:59:44.781+0000] {processor.py:830} INFO - Processing file /opt/airflow/dags/step_two.py for tasks to queue
[2025-04-09T08:59:44.785+0000] {logging_mixin.py:188} INFO - [2025-04-09T08:59:44.784+0000] {dagbag.py:540} INFO - Filling up the DagBag from /opt/airflow/dags/step_two.py
[2025-04-09T08:59:44.796+0000] {processor.py:840} INFO - DAG(s) 'load_raw_data_to_bq' retrieved from /opt/airflow/dags/step_two.py
[2025-04-09T08:59:44.831+0000] {logging_mixin.py:188} INFO - [2025-04-09T08:59:44.830+0000] {dag.py:3047} INFO - Sync 1 DAGs
[2025-04-09T08:59:44.870+0000] {logging_mixin.py:188} INFO - [2025-04-09T08:59:44.869+0000] {dag.py:3834} INFO - Setting next_dagrun for load_raw_data_to_bq to None, run_after=None
[2025-04-09T08:59:44.914+0000] {processor.py:183} INFO - Processing /opt/airflow/dags/step_two.py took 0.140 seconds
[2025-04-09T09:00:15.259+0000] {processor.py:161} INFO - Started process (PID=2824) to work on /opt/airflow/dags/step_two.py
[2025-04-09T09:00:15.262+0000] {processor.py:830} INFO - Processing file /opt/airflow/dags/step_two.py for tasks to queue
[2025-04-09T09:00:15.264+0000] {logging_mixin.py:188} INFO - [2025-04-09T09:00:15.264+0000] {dagbag.py:540} INFO - Filling up the DagBag from /opt/airflow/dags/step_two.py
[2025-04-09T09:00:15.274+0000] {processor.py:840} INFO - DAG(s) 'load_raw_data_to_bq' retrieved from /opt/airflow/dags/step_two.py
[2025-04-09T09:00:15.304+0000] {logging_mixin.py:188} INFO - [2025-04-09T09:00:15.303+0000] {dag.py:3047} INFO - Sync 1 DAGs
[2025-04-09T09:00:15.321+0000] {logging_mixin.py:188} INFO - [2025-04-09T09:00:15.320+0000] {dag.py:3834} INFO - Setting next_dagrun for load_raw_data_to_bq to None, run_after=None
[2025-04-09T09:00:15.345+0000] {processor.py:183} INFO - Processing /opt/airflow/dags/step_two.py took 0.091 seconds
[2025-04-09T09:00:45.547+0000] {processor.py:161} INFO - Started process (PID=2886) to work on /opt/airflow/dags/step_two.py
[2025-04-09T09:00:45.550+0000] {processor.py:830} INFO - Processing file /opt/airflow/dags/step_two.py for tasks to queue
[2025-04-09T09:00:45.552+0000] {logging_mixin.py:188} INFO - [2025-04-09T09:00:45.552+0000] {dagbag.py:540} INFO - Filling up the DagBag from /opt/airflow/dags/step_two.py
[2025-04-09T09:00:45.563+0000] {processor.py:840} INFO - DAG(s) 'load_raw_data_to_bq' retrieved from /opt/airflow/dags/step_two.py
[2025-04-09T09:00:45.590+0000] {logging_mixin.py:188} INFO - [2025-04-09T09:00:45.589+0000] {dag.py:3047} INFO - Sync 1 DAGs
[2025-04-09T09:00:45.604+0000] {logging_mixin.py:188} INFO - [2025-04-09T09:00:45.603+0000] {dag.py:3834} INFO - Setting next_dagrun for load_raw_data_to_bq to None, run_after=None
[2025-04-09T09:00:45.628+0000] {processor.py:183} INFO - Processing /opt/airflow/dags/step_two.py took 0.086 seconds
[2025-04-09T09:01:16.026+0000] {processor.py:161} INFO - Started process (PID=2954) to work on /opt/airflow/dags/step_two.py
[2025-04-09T09:01:16.029+0000] {processor.py:830} INFO - Processing file /opt/airflow/dags/step_two.py for tasks to queue
[2025-04-09T09:01:16.033+0000] {logging_mixin.py:188} INFO - [2025-04-09T09:01:16.033+0000] {dagbag.py:540} INFO - Filling up the DagBag from /opt/airflow/dags/step_two.py
[2025-04-09T09:01:16.047+0000] {processor.py:840} INFO - DAG(s) 'load_raw_data_to_bq' retrieved from /opt/airflow/dags/step_two.py
[2025-04-09T09:01:16.085+0000] {logging_mixin.py:188} INFO - [2025-04-09T09:01:16.084+0000] {dag.py:3047} INFO - Sync 1 DAGs
[2025-04-09T09:01:16.113+0000] {logging_mixin.py:188} INFO - [2025-04-09T09:01:16.112+0000] {dag.py:3834} INFO - Setting next_dagrun for load_raw_data_to_bq to None, run_after=None
[2025-04-09T09:01:16.158+0000] {processor.py:183} INFO - Processing /opt/airflow/dags/step_two.py took 0.139 seconds
[2025-04-09T09:01:46.293+0000] {processor.py:161} INFO - Started process (PID=3016) to work on /opt/airflow/dags/step_two.py
[2025-04-09T09:01:46.295+0000] {processor.py:830} INFO - Processing file /opt/airflow/dags/step_two.py for tasks to queue
[2025-04-09T09:01:46.299+0000] {logging_mixin.py:188} INFO - [2025-04-09T09:01:46.298+0000] {dagbag.py:540} INFO - Filling up the DagBag from /opt/airflow/dags/step_two.py
[2025-04-09T09:01:46.308+0000] {processor.py:840} INFO - DAG(s) 'load_raw_data_to_bq' retrieved from /opt/airflow/dags/step_two.py
[2025-04-09T09:01:46.339+0000] {logging_mixin.py:188} INFO - [2025-04-09T09:01:46.338+0000] {dag.py:3047} INFO - Sync 1 DAGs
[2025-04-09T09:01:46.355+0000] {logging_mixin.py:188} INFO - [2025-04-09T09:01:46.355+0000] {dag.py:3834} INFO - Setting next_dagrun for load_raw_data_to_bq to None, run_after=None
[2025-04-09T09:01:46.382+0000] {processor.py:183} INFO - Processing /opt/airflow/dags/step_two.py took 0.093 seconds
[2025-04-09T09:02:16.619+0000] {processor.py:161} INFO - Started process (PID=3078) to work on /opt/airflow/dags/step_two.py
[2025-04-09T09:02:16.622+0000] {processor.py:830} INFO - Processing file /opt/airflow/dags/step_two.py for tasks to queue
[2025-04-09T09:02:16.632+0000] {logging_mixin.py:188} INFO - [2025-04-09T09:02:16.631+0000] {dagbag.py:540} INFO - Filling up the DagBag from /opt/airflow/dags/step_two.py
[2025-04-09T09:02:16.643+0000] {processor.py:840} INFO - DAG(s) 'load_raw_data_to_bq' retrieved from /opt/airflow/dags/step_two.py
[2025-04-09T09:02:16.675+0000] {logging_mixin.py:188} INFO - [2025-04-09T09:02:16.675+0000] {dag.py:3047} INFO - Sync 1 DAGs
[2025-04-09T09:02:16.694+0000] {logging_mixin.py:188} INFO - [2025-04-09T09:02:16.694+0000] {dag.py:3834} INFO - Setting next_dagrun for load_raw_data_to_bq to None, run_after=None
[2025-04-09T09:02:16.724+0000] {processor.py:183} INFO - Processing /opt/airflow/dags/step_two.py took 0.109 seconds
[2025-04-09T09:02:46.794+0000] {processor.py:161} INFO - Started process (PID=3140) to work on /opt/airflow/dags/step_two.py
[2025-04-09T09:02:46.797+0000] {processor.py:830} INFO - Processing file /opt/airflow/dags/step_two.py for tasks to queue
[2025-04-09T09:02:46.800+0000] {logging_mixin.py:188} INFO - [2025-04-09T09:02:46.799+0000] {dagbag.py:540} INFO - Filling up the DagBag from /opt/airflow/dags/step_two.py
[2025-04-09T09:02:46.808+0000] {processor.py:840} INFO - DAG(s) 'load_raw_data_to_bq' retrieved from /opt/airflow/dags/step_two.py
[2025-04-09T09:02:46.838+0000] {logging_mixin.py:188} INFO - [2025-04-09T09:02:46.837+0000] {dag.py:3047} INFO - Sync 1 DAGs
[2025-04-09T09:02:46.853+0000] {logging_mixin.py:188} INFO - [2025-04-09T09:02:46.853+0000] {dag.py:3834} INFO - Setting next_dagrun for load_raw_data_to_bq to None, run_after=None
[2025-04-09T09:02:46.883+0000] {processor.py:183} INFO - Processing /opt/airflow/dags/step_two.py took 0.094 seconds
[2025-04-09T09:03:17.026+0000] {processor.py:161} INFO - Started process (PID=3202) to work on /opt/airflow/dags/step_two.py
[2025-04-09T09:03:17.028+0000] {processor.py:830} INFO - Processing file /opt/airflow/dags/step_two.py for tasks to queue
[2025-04-09T09:03:17.031+0000] {logging_mixin.py:188} INFO - [2025-04-09T09:03:17.030+0000] {dagbag.py:540} INFO - Filling up the DagBag from /opt/airflow/dags/step_two.py
[2025-04-09T09:03:17.037+0000] {processor.py:840} INFO - DAG(s) 'load_raw_data_to_bq' retrieved from /opt/airflow/dags/step_two.py
[2025-04-09T09:03:17.060+0000] {logging_mixin.py:188} INFO - [2025-04-09T09:03:17.060+0000] {dag.py:3047} INFO - Sync 1 DAGs
[2025-04-09T09:03:17.075+0000] {logging_mixin.py:188} INFO - [2025-04-09T09:03:17.075+0000] {dag.py:3834} INFO - Setting next_dagrun for load_raw_data_to_bq to None, run_after=None
[2025-04-09T09:03:17.100+0000] {processor.py:183} INFO - Processing /opt/airflow/dags/step_two.py took 0.079 seconds
[2025-04-09T09:03:47.307+0000] {processor.py:161} INFO - Started process (PID=3264) to work on /opt/airflow/dags/step_two.py
[2025-04-09T09:03:47.309+0000] {processor.py:830} INFO - Processing file /opt/airflow/dags/step_two.py for tasks to queue
[2025-04-09T09:03:47.312+0000] {logging_mixin.py:188} INFO - [2025-04-09T09:03:47.311+0000] {dagbag.py:540} INFO - Filling up the DagBag from /opt/airflow/dags/step_two.py
[2025-04-09T09:03:47.321+0000] {processor.py:840} INFO - DAG(s) 'load_raw_data_to_bq' retrieved from /opt/airflow/dags/step_two.py
[2025-04-09T09:03:47.348+0000] {logging_mixin.py:188} INFO - [2025-04-09T09:03:47.348+0000] {dag.py:3047} INFO - Sync 1 DAGs
[2025-04-09T09:03:47.366+0000] {logging_mixin.py:188} INFO - [2025-04-09T09:03:47.365+0000] {dag.py:3834} INFO - Setting next_dagrun for load_raw_data_to_bq to None, run_after=None
[2025-04-09T09:03:47.396+0000] {processor.py:183} INFO - Processing /opt/airflow/dags/step_two.py took 0.093 seconds
[2025-04-09T09:04:17.531+0000] {processor.py:161} INFO - Started process (PID=3326) to work on /opt/airflow/dags/step_two.py
[2025-04-09T09:04:17.533+0000] {processor.py:830} INFO - Processing file /opt/airflow/dags/step_two.py for tasks to queue
[2025-04-09T09:04:17.535+0000] {logging_mixin.py:188} INFO - [2025-04-09T09:04:17.535+0000] {dagbag.py:540} INFO - Filling up the DagBag from /opt/airflow/dags/step_two.py
[2025-04-09T09:04:17.545+0000] {processor.py:840} INFO - DAG(s) 'load_raw_data_to_bq' retrieved from /opt/airflow/dags/step_two.py
[2025-04-09T09:04:17.575+0000] {logging_mixin.py:188} INFO - [2025-04-09T09:04:17.574+0000] {dag.py:3047} INFO - Sync 1 DAGs
[2025-04-09T09:04:17.595+0000] {logging_mixin.py:188} INFO - [2025-04-09T09:04:17.594+0000] {dag.py:3834} INFO - Setting next_dagrun for load_raw_data_to_bq to None, run_after=None
[2025-04-09T09:04:17.628+0000] {processor.py:183} INFO - Processing /opt/airflow/dags/step_two.py took 0.102 seconds
[2025-04-09T09:04:47.962+0000] {processor.py:161} INFO - Started process (PID=3388) to work on /opt/airflow/dags/step_two.py
[2025-04-09T09:04:47.964+0000] {processor.py:830} INFO - Processing file /opt/airflow/dags/step_two.py for tasks to queue
[2025-04-09T09:04:47.966+0000] {logging_mixin.py:188} INFO - [2025-04-09T09:04:47.966+0000] {dagbag.py:540} INFO - Filling up the DagBag from /opt/airflow/dags/step_two.py
[2025-04-09T09:04:47.974+0000] {processor.py:840} INFO - DAG(s) 'load_raw_data_to_bq' retrieved from /opt/airflow/dags/step_two.py
[2025-04-09T09:04:48.001+0000] {logging_mixin.py:188} INFO - [2025-04-09T09:04:48.000+0000] {dag.py:3047} INFO - Sync 1 DAGs
[2025-04-09T09:04:48.014+0000] {logging_mixin.py:188} INFO - [2025-04-09T09:04:48.014+0000] {dag.py:3834} INFO - Setting next_dagrun for load_raw_data_to_bq to None, run_after=None
[2025-04-09T09:04:48.039+0000] {processor.py:183} INFO - Processing /opt/airflow/dags/step_two.py took 0.081 seconds
[2025-04-09T09:05:18.366+0000] {processor.py:161} INFO - Started process (PID=3450) to work on /opt/airflow/dags/step_two.py
[2025-04-09T09:05:18.368+0000] {processor.py:830} INFO - Processing file /opt/airflow/dags/step_two.py for tasks to queue
[2025-04-09T09:05:18.371+0000] {logging_mixin.py:188} INFO - [2025-04-09T09:05:18.371+0000] {dagbag.py:540} INFO - Filling up the DagBag from /opt/airflow/dags/step_two.py
[2025-04-09T09:05:18.377+0000] {processor.py:840} INFO - DAG(s) 'load_raw_data_to_bq' retrieved from /opt/airflow/dags/step_two.py
[2025-04-09T09:05:18.405+0000] {logging_mixin.py:188} INFO - [2025-04-09T09:05:18.404+0000] {dag.py:3047} INFO - Sync 1 DAGs
[2025-04-09T09:05:18.420+0000] {logging_mixin.py:188} INFO - [2025-04-09T09:05:18.420+0000] {dag.py:3834} INFO - Setting next_dagrun for load_raw_data_to_bq to None, run_after=None
[2025-04-09T09:05:18.454+0000] {processor.py:183} INFO - Processing /opt/airflow/dags/step_two.py took 0.093 seconds
[2025-04-09T09:05:48.523+0000] {processor.py:161} INFO - Started process (PID=3512) to work on /opt/airflow/dags/step_two.py
[2025-04-09T09:05:48.525+0000] {processor.py:830} INFO - Processing file /opt/airflow/dags/step_two.py for tasks to queue
[2025-04-09T09:05:48.530+0000] {logging_mixin.py:188} INFO - [2025-04-09T09:05:48.529+0000] {dagbag.py:540} INFO - Filling up the DagBag from /opt/airflow/dags/step_two.py
[2025-04-09T09:05:48.537+0000] {processor.py:840} INFO - DAG(s) 'load_raw_data_to_bq' retrieved from /opt/airflow/dags/step_two.py
[2025-04-09T09:05:48.566+0000] {logging_mixin.py:188} INFO - [2025-04-09T09:05:48.566+0000] {dag.py:3047} INFO - Sync 1 DAGs
[2025-04-09T09:05:48.583+0000] {logging_mixin.py:188} INFO - [2025-04-09T09:05:48.582+0000] {dag.py:3834} INFO - Setting next_dagrun for load_raw_data_to_bq to None, run_after=None
[2025-04-09T09:05:48.608+0000] {processor.py:183} INFO - Processing /opt/airflow/dags/step_two.py took 0.090 seconds
[2025-04-09T09:06:18.742+0000] {processor.py:161} INFO - Started process (PID=3573) to work on /opt/airflow/dags/step_two.py
[2025-04-09T09:06:18.746+0000] {processor.py:830} INFO - Processing file /opt/airflow/dags/step_two.py for tasks to queue
[2025-04-09T09:06:18.748+0000] {logging_mixin.py:188} INFO - [2025-04-09T09:06:18.748+0000] {dagbag.py:540} INFO - Filling up the DagBag from /opt/airflow/dags/step_two.py
[2025-04-09T09:06:18.761+0000] {processor.py:840} INFO - DAG(s) 'load_raw_data_to_bq' retrieved from /opt/airflow/dags/step_two.py
[2025-04-09T09:06:18.788+0000] {logging_mixin.py:188} INFO - [2025-04-09T09:06:18.788+0000] {dag.py:3047} INFO - Sync 1 DAGs
[2025-04-09T09:06:18.804+0000] {logging_mixin.py:188} INFO - [2025-04-09T09:06:18.803+0000] {dag.py:3834} INFO - Setting next_dagrun for load_raw_data_to_bq to None, run_after=None
[2025-04-09T09:06:18.837+0000] {processor.py:183} INFO - Processing /opt/airflow/dags/step_two.py took 0.102 seconds
[2025-04-09T09:06:49.077+0000] {processor.py:161} INFO - Started process (PID=3640) to work on /opt/airflow/dags/step_two.py
[2025-04-09T09:06:49.080+0000] {processor.py:830} INFO - Processing file /opt/airflow/dags/step_two.py for tasks to queue
[2025-04-09T09:06:49.081+0000] {logging_mixin.py:188} INFO - [2025-04-09T09:06:49.080+0000] {dagbag.py:540} INFO - Filling up the DagBag from /opt/airflow/dags/step_two.py
[2025-04-09T09:06:49.092+0000] {processor.py:840} INFO - DAG(s) 'load_raw_data_to_bq' retrieved from /opt/airflow/dags/step_two.py
[2025-04-09T09:06:49.122+0000] {logging_mixin.py:188} INFO - [2025-04-09T09:06:49.122+0000] {dag.py:3047} INFO - Sync 1 DAGs
[2025-04-09T09:06:49.138+0000] {logging_mixin.py:188} INFO - [2025-04-09T09:06:49.137+0000] {dag.py:3834} INFO - Setting next_dagrun for load_raw_data_to_bq to None, run_after=None
[2025-04-09T09:06:49.165+0000] {processor.py:183} INFO - Processing /opt/airflow/dags/step_two.py took 0.092 seconds
[2025-04-09T09:07:19.436+0000] {processor.py:161} INFO - Started process (PID=3701) to work on /opt/airflow/dags/step_two.py
[2025-04-09T09:07:19.439+0000] {processor.py:830} INFO - Processing file /opt/airflow/dags/step_two.py for tasks to queue
[2025-04-09T09:07:19.441+0000] {logging_mixin.py:188} INFO - [2025-04-09T09:07:19.440+0000] {dagbag.py:540} INFO - Filling up the DagBag from /opt/airflow/dags/step_two.py
[2025-04-09T09:07:19.451+0000] {processor.py:840} INFO - DAG(s) 'load_raw_data_to_bq' retrieved from /opt/airflow/dags/step_two.py
[2025-04-09T09:07:19.481+0000] {logging_mixin.py:188} INFO - [2025-04-09T09:07:19.480+0000] {dag.py:3047} INFO - Sync 1 DAGs
[2025-04-09T09:07:19.499+0000] {logging_mixin.py:188} INFO - [2025-04-09T09:07:19.498+0000] {dag.py:3834} INFO - Setting next_dagrun for load_raw_data_to_bq to None, run_after=None
[2025-04-09T09:07:19.527+0000] {processor.py:183} INFO - Processing /opt/airflow/dags/step_two.py took 0.096 seconds
[2025-04-09T09:07:50.258+0000] {processor.py:161} INFO - Started process (PID=3763) to work on /opt/airflow/dags/step_two.py
[2025-04-09T09:07:50.260+0000] {processor.py:830} INFO - Processing file /opt/airflow/dags/step_two.py for tasks to queue
[2025-04-09T09:07:50.261+0000] {logging_mixin.py:188} INFO - [2025-04-09T09:07:50.261+0000] {dagbag.py:540} INFO - Filling up the DagBag from /opt/airflow/dags/step_two.py
[2025-04-09T09:07:50.269+0000] {processor.py:840} INFO - DAG(s) 'load_raw_data_to_bq' retrieved from /opt/airflow/dags/step_two.py
[2025-04-09T09:07:50.298+0000] {logging_mixin.py:188} INFO - [2025-04-09T09:07:50.298+0000] {dag.py:3047} INFO - Sync 1 DAGs
[2025-04-09T09:07:50.321+0000] {logging_mixin.py:188} INFO - [2025-04-09T09:07:50.320+0000] {dag.py:3834} INFO - Setting next_dagrun for load_raw_data_to_bq to None, run_after=None
[2025-04-09T09:07:50.354+0000] {processor.py:183} INFO - Processing /opt/airflow/dags/step_two.py took 0.101 seconds
[2025-04-09T09:08:20.695+0000] {processor.py:161} INFO - Started process (PID=3825) to work on /opt/airflow/dags/step_two.py
[2025-04-09T09:08:20.698+0000] {processor.py:830} INFO - Processing file /opt/airflow/dags/step_two.py for tasks to queue
[2025-04-09T09:08:20.700+0000] {logging_mixin.py:188} INFO - [2025-04-09T09:08:20.699+0000] {dagbag.py:540} INFO - Filling up the DagBag from /opt/airflow/dags/step_two.py
[2025-04-09T09:08:20.708+0000] {processor.py:840} INFO - DAG(s) 'load_raw_data_to_bq' retrieved from /opt/airflow/dags/step_two.py
[2025-04-09T09:08:20.735+0000] {logging_mixin.py:188} INFO - [2025-04-09T09:08:20.734+0000] {dag.py:3047} INFO - Sync 1 DAGs
[2025-04-09T09:08:20.750+0000] {logging_mixin.py:188} INFO - [2025-04-09T09:08:20.750+0000] {dag.py:3834} INFO - Setting next_dagrun for load_raw_data_to_bq to None, run_after=None
[2025-04-09T09:08:20.780+0000] {processor.py:183} INFO - Processing /opt/airflow/dags/step_two.py took 0.089 seconds
[2025-04-09T09:08:51.115+0000] {processor.py:161} INFO - Started process (PID=3887) to work on /opt/airflow/dags/step_two.py
[2025-04-09T09:08:51.117+0000] {processor.py:830} INFO - Processing file /opt/airflow/dags/step_two.py for tasks to queue
[2025-04-09T09:08:51.119+0000] {logging_mixin.py:188} INFO - [2025-04-09T09:08:51.118+0000] {dagbag.py:540} INFO - Filling up the DagBag from /opt/airflow/dags/step_two.py
[2025-04-09T09:08:51.128+0000] {processor.py:840} INFO - DAG(s) 'load_raw_data_to_bq' retrieved from /opt/airflow/dags/step_two.py
[2025-04-09T09:08:51.156+0000] {logging_mixin.py:188} INFO - [2025-04-09T09:08:51.155+0000] {dag.py:3047} INFO - Sync 1 DAGs
[2025-04-09T09:08:51.169+0000] {logging_mixin.py:188} INFO - [2025-04-09T09:08:51.169+0000] {dag.py:3834} INFO - Setting next_dagrun for load_raw_data_to_bq to None, run_after=None
[2025-04-09T09:08:51.196+0000] {processor.py:183} INFO - Processing /opt/airflow/dags/step_two.py took 0.085 seconds
[2025-04-09T09:09:21.629+0000] {processor.py:161} INFO - Started process (PID=3949) to work on /opt/airflow/dags/step_two.py
[2025-04-09T09:09:21.630+0000] {processor.py:830} INFO - Processing file /opt/airflow/dags/step_two.py for tasks to queue
[2025-04-09T09:09:21.631+0000] {logging_mixin.py:188} INFO - [2025-04-09T09:09:21.631+0000] {dagbag.py:540} INFO - Filling up the DagBag from /opt/airflow/dags/step_two.py
[2025-04-09T09:09:21.640+0000] {processor.py:840} INFO - DAG(s) 'load_raw_data_to_bq' retrieved from /opt/airflow/dags/step_two.py
[2025-04-09T09:09:21.667+0000] {logging_mixin.py:188} INFO - [2025-04-09T09:09:21.666+0000] {dag.py:3047} INFO - Sync 1 DAGs
[2025-04-09T09:09:21.680+0000] {logging_mixin.py:188} INFO - [2025-04-09T09:09:21.680+0000] {dag.py:3834} INFO - Setting next_dagrun for load_raw_data_to_bq to None, run_after=None
[2025-04-09T09:09:21.704+0000] {processor.py:183} INFO - Processing /opt/airflow/dags/step_two.py took 0.080 seconds
[2025-04-09T09:09:51.785+0000] {processor.py:161} INFO - Started process (PID=4011) to work on /opt/airflow/dags/step_two.py
[2025-04-09T09:09:51.788+0000] {processor.py:830} INFO - Processing file /opt/airflow/dags/step_two.py for tasks to queue
[2025-04-09T09:09:51.790+0000] {logging_mixin.py:188} INFO - [2025-04-09T09:09:51.789+0000] {dagbag.py:540} INFO - Filling up the DagBag from /opt/airflow/dags/step_two.py
[2025-04-09T09:09:51.803+0000] {processor.py:840} INFO - DAG(s) 'load_raw_data_to_bq' retrieved from /opt/airflow/dags/step_two.py
[2025-04-09T09:09:51.841+0000] {logging_mixin.py:188} INFO - [2025-04-09T09:09:51.840+0000] {dag.py:3047} INFO - Sync 1 DAGs
[2025-04-09T09:09:51.857+0000] {logging_mixin.py:188} INFO - [2025-04-09T09:09:51.857+0000] {dag.py:3834} INFO - Setting next_dagrun for load_raw_data_to_bq to None, run_after=None
[2025-04-09T09:09:51.885+0000] {processor.py:183} INFO - Processing /opt/airflow/dags/step_two.py took 0.105 seconds
[2025-04-09T09:10:21.932+0000] {processor.py:161} INFO - Started process (PID=4073) to work on /opt/airflow/dags/step_two.py
[2025-04-09T09:10:21.935+0000] {processor.py:830} INFO - Processing file /opt/airflow/dags/step_two.py for tasks to queue
[2025-04-09T09:10:21.937+0000] {logging_mixin.py:188} INFO - [2025-04-09T09:10:21.936+0000] {dagbag.py:540} INFO - Filling up the DagBag from /opt/airflow/dags/step_two.py
[2025-04-09T09:10:21.947+0000] {processor.py:840} INFO - DAG(s) 'load_raw_data_to_bq' retrieved from /opt/airflow/dags/step_two.py
[2025-04-09T09:10:21.972+0000] {logging_mixin.py:188} INFO - [2025-04-09T09:10:21.971+0000] {dag.py:3047} INFO - Sync 1 DAGs
[2025-04-09T09:10:21.988+0000] {logging_mixin.py:188} INFO - [2025-04-09T09:10:21.987+0000] {dag.py:3834} INFO - Setting next_dagrun for load_raw_data_to_bq to None, run_after=None
[2025-04-09T09:10:22.012+0000] {processor.py:183} INFO - Processing /opt/airflow/dags/step_two.py took 0.084 seconds
[2025-04-09T09:10:52.091+0000] {processor.py:161} INFO - Started process (PID=4135) to work on /opt/airflow/dags/step_two.py
[2025-04-09T09:10:52.094+0000] {processor.py:830} INFO - Processing file /opt/airflow/dags/step_two.py for tasks to queue
[2025-04-09T09:10:52.098+0000] {logging_mixin.py:188} INFO - [2025-04-09T09:10:52.096+0000] {dagbag.py:540} INFO - Filling up the DagBag from /opt/airflow/dags/step_two.py
[2025-04-09T09:10:52.115+0000] {processor.py:840} INFO - DAG(s) 'load_raw_data_to_bq' retrieved from /opt/airflow/dags/step_two.py
[2025-04-09T09:10:52.156+0000] {logging_mixin.py:188} INFO - [2025-04-09T09:10:52.155+0000] {dag.py:3047} INFO - Sync 1 DAGs
[2025-04-09T09:10:52.185+0000] {logging_mixin.py:188} INFO - [2025-04-09T09:10:52.185+0000] {dag.py:3834} INFO - Setting next_dagrun for load_raw_data_to_bq to None, run_after=None
[2025-04-09T09:10:52.229+0000] {processor.py:183} INFO - Processing /opt/airflow/dags/step_two.py took 0.144 seconds
[2025-04-09T09:11:22.478+0000] {processor.py:161} INFO - Started process (PID=4196) to work on /opt/airflow/dags/step_two.py
[2025-04-09T09:11:22.480+0000] {processor.py:830} INFO - Processing file /opt/airflow/dags/step_two.py for tasks to queue
[2025-04-09T09:11:22.481+0000] {logging_mixin.py:188} INFO - [2025-04-09T09:11:22.480+0000] {dagbag.py:540} INFO - Filling up the DagBag from /opt/airflow/dags/step_two.py
[2025-04-09T09:11:22.491+0000] {processor.py:840} INFO - DAG(s) 'load_raw_data_to_bq' retrieved from /opt/airflow/dags/step_two.py
[2025-04-09T09:11:22.524+0000] {logging_mixin.py:188} INFO - [2025-04-09T09:11:22.523+0000] {dag.py:3047} INFO - Sync 1 DAGs
[2025-04-09T09:11:22.543+0000] {logging_mixin.py:188} INFO - [2025-04-09T09:11:22.543+0000] {dag.py:3834} INFO - Setting next_dagrun for load_raw_data_to_bq to None, run_after=None
[2025-04-09T09:11:22.573+0000] {processor.py:183} INFO - Processing /opt/airflow/dags/step_two.py took 0.099 seconds
[2025-04-09T09:11:52.895+0000] {processor.py:161} INFO - Started process (PID=4256) to work on /opt/airflow/dags/step_two.py
[2025-04-09T09:11:52.897+0000] {processor.py:830} INFO - Processing file /opt/airflow/dags/step_two.py for tasks to queue
[2025-04-09T09:11:52.899+0000] {logging_mixin.py:188} INFO - [2025-04-09T09:11:52.898+0000] {dagbag.py:540} INFO - Filling up the DagBag from /opt/airflow/dags/step_two.py
[2025-04-09T09:11:52.910+0000] {processor.py:840} INFO - DAG(s) 'load_raw_data_to_bq' retrieved from /opt/airflow/dags/step_two.py
[2025-04-09T09:11:52.941+0000] {logging_mixin.py:188} INFO - [2025-04-09T09:11:52.940+0000] {dag.py:3047} INFO - Sync 1 DAGs
[2025-04-09T09:11:52.959+0000] {logging_mixin.py:188} INFO - [2025-04-09T09:11:52.959+0000] {dag.py:3834} INFO - Setting next_dagrun for load_raw_data_to_bq to None, run_after=None
[2025-04-09T09:11:52.991+0000] {processor.py:183} INFO - Processing /opt/airflow/dags/step_two.py took 0.100 seconds
[2025-04-09T09:12:23.355+0000] {processor.py:161} INFO - Started process (PID=4322) to work on /opt/airflow/dags/step_two.py
[2025-04-09T09:12:23.358+0000] {processor.py:830} INFO - Processing file /opt/airflow/dags/step_two.py for tasks to queue
[2025-04-09T09:12:23.359+0000] {logging_mixin.py:188} INFO - [2025-04-09T09:12:23.359+0000] {dagbag.py:540} INFO - Filling up the DagBag from /opt/airflow/dags/step_two.py
[2025-04-09T09:12:23.367+0000] {processor.py:840} INFO - DAG(s) 'load_raw_data_to_bq' retrieved from /opt/airflow/dags/step_two.py
[2025-04-09T09:12:23.396+0000] {logging_mixin.py:188} INFO - [2025-04-09T09:12:23.395+0000] {dag.py:3047} INFO - Sync 1 DAGs
[2025-04-09T09:12:23.408+0000] {logging_mixin.py:188} INFO - [2025-04-09T09:12:23.408+0000] {dag.py:3834} INFO - Setting next_dagrun for load_raw_data_to_bq to None, run_after=None
[2025-04-09T09:12:23.434+0000] {processor.py:183} INFO - Processing /opt/airflow/dags/step_two.py took 0.082 seconds
[2025-04-09T09:12:54.016+0000] {processor.py:161} INFO - Started process (PID=4384) to work on /opt/airflow/dags/step_two.py
[2025-04-09T09:12:54.018+0000] {processor.py:830} INFO - Processing file /opt/airflow/dags/step_two.py for tasks to queue
[2025-04-09T09:12:54.019+0000] {logging_mixin.py:188} INFO - [2025-04-09T09:12:54.019+0000] {dagbag.py:540} INFO - Filling up the DagBag from /opt/airflow/dags/step_two.py
[2025-04-09T09:12:54.028+0000] {processor.py:840} INFO - DAG(s) 'load_raw_data_to_bq' retrieved from /opt/airflow/dags/step_two.py
[2025-04-09T09:12:54.054+0000] {logging_mixin.py:188} INFO - [2025-04-09T09:12:54.053+0000] {dag.py:3047} INFO - Sync 1 DAGs
[2025-04-09T09:12:54.069+0000] {logging_mixin.py:188} INFO - [2025-04-09T09:12:54.069+0000] {dag.py:3834} INFO - Setting next_dagrun for load_raw_data_to_bq to None, run_after=None
[2025-04-09T09:12:54.098+0000] {processor.py:183} INFO - Processing /opt/airflow/dags/step_two.py took 0.086 seconds
[2025-04-09T09:13:24.458+0000] {processor.py:161} INFO - Started process (PID=4446) to work on /opt/airflow/dags/step_two.py
[2025-04-09T09:13:24.460+0000] {processor.py:830} INFO - Processing file /opt/airflow/dags/step_two.py for tasks to queue
[2025-04-09T09:13:24.461+0000] {logging_mixin.py:188} INFO - [2025-04-09T09:13:24.460+0000] {dagbag.py:540} INFO - Filling up the DagBag from /opt/airflow/dags/step_two.py
[2025-04-09T09:13:24.470+0000] {processor.py:840} INFO - DAG(s) 'load_raw_data_to_bq' retrieved from /opt/airflow/dags/step_two.py
[2025-04-09T09:13:24.500+0000] {logging_mixin.py:188} INFO - [2025-04-09T09:13:24.499+0000] {dag.py:3047} INFO - Sync 1 DAGs
[2025-04-09T09:13:24.515+0000] {logging_mixin.py:188} INFO - [2025-04-09T09:13:24.515+0000] {dag.py:3834} INFO - Setting next_dagrun for load_raw_data_to_bq to None, run_after=None
[2025-04-09T09:13:24.544+0000] {processor.py:183} INFO - Processing /opt/airflow/dags/step_two.py took 0.093 seconds
[2025-04-09T09:13:54.863+0000] {processor.py:161} INFO - Started process (PID=4508) to work on /opt/airflow/dags/step_two.py
[2025-04-09T09:13:54.865+0000] {processor.py:830} INFO - Processing file /opt/airflow/dags/step_two.py for tasks to queue
[2025-04-09T09:13:54.867+0000] {logging_mixin.py:188} INFO - [2025-04-09T09:13:54.866+0000] {dagbag.py:540} INFO - Filling up the DagBag from /opt/airflow/dags/step_two.py
[2025-04-09T09:13:54.879+0000] {processor.py:840} INFO - DAG(s) 'load_raw_data_to_bq' retrieved from /opt/airflow/dags/step_two.py
[2025-04-09T09:13:54.915+0000] {logging_mixin.py:188} INFO - [2025-04-09T09:13:54.914+0000] {dag.py:3047} INFO - Sync 1 DAGs
[2025-04-09T09:13:54.937+0000] {logging_mixin.py:188} INFO - [2025-04-09T09:13:54.937+0000] {dag.py:3834} INFO - Setting next_dagrun for load_raw_data_to_bq to None, run_after=None
[2025-04-09T09:13:54.977+0000] {processor.py:183} INFO - Processing /opt/airflow/dags/step_two.py took 0.121 seconds
[2025-04-09T09:14:25.796+0000] {processor.py:161} INFO - Started process (PID=4570) to work on /opt/airflow/dags/step_two.py
[2025-04-09T09:14:25.798+0000] {processor.py:830} INFO - Processing file /opt/airflow/dags/step_two.py for tasks to queue
[2025-04-09T09:14:25.801+0000] {logging_mixin.py:188} INFO - [2025-04-09T09:14:25.800+0000] {dagbag.py:540} INFO - Filling up the DagBag from /opt/airflow/dags/step_two.py
[2025-04-09T09:14:25.814+0000] {processor.py:840} INFO - DAG(s) 'load_raw_data_to_bq' retrieved from /opt/airflow/dags/step_two.py
[2025-04-09T09:14:25.849+0000] {logging_mixin.py:188} INFO - [2025-04-09T09:14:25.848+0000] {dag.py:3047} INFO - Sync 1 DAGs
[2025-04-09T09:14:25.872+0000] {logging_mixin.py:188} INFO - [2025-04-09T09:14:25.872+0000] {dag.py:3834} INFO - Setting next_dagrun for load_raw_data_to_bq to None, run_after=None
[2025-04-09T09:14:25.914+0000] {processor.py:183} INFO - Processing /opt/airflow/dags/step_two.py took 0.126 seconds
[2025-04-09T09:14:56.061+0000] {processor.py:161} INFO - Started process (PID=4632) to work on /opt/airflow/dags/step_two.py
[2025-04-09T09:14:56.063+0000] {processor.py:830} INFO - Processing file /opt/airflow/dags/step_two.py for tasks to queue
[2025-04-09T09:14:56.065+0000] {logging_mixin.py:188} INFO - [2025-04-09T09:14:56.064+0000] {dagbag.py:540} INFO - Filling up the DagBag from /opt/airflow/dags/step_two.py
[2025-04-09T09:14:56.074+0000] {processor.py:840} INFO - DAG(s) 'load_raw_data_to_bq' retrieved from /opt/airflow/dags/step_two.py
[2025-04-09T09:14:56.102+0000] {logging_mixin.py:188} INFO - [2025-04-09T09:14:56.100+0000] {dag.py:3047} INFO - Sync 1 DAGs
[2025-04-09T09:14:56.115+0000] {logging_mixin.py:188} INFO - [2025-04-09T09:14:56.115+0000] {dag.py:3834} INFO - Setting next_dagrun for load_raw_data_to_bq to None, run_after=None
[2025-04-09T09:14:56.143+0000] {processor.py:183} INFO - Processing /opt/airflow/dags/step_two.py took 0.087 seconds
[2025-04-09T09:15:26.487+0000] {processor.py:161} INFO - Started process (PID=4694) to work on /opt/airflow/dags/step_two.py
[2025-04-09T09:15:26.490+0000] {processor.py:830} INFO - Processing file /opt/airflow/dags/step_two.py for tasks to queue
[2025-04-09T09:15:26.492+0000] {logging_mixin.py:188} INFO - [2025-04-09T09:15:26.491+0000] {dagbag.py:540} INFO - Filling up the DagBag from /opt/airflow/dags/step_two.py
[2025-04-09T09:15:26.503+0000] {processor.py:840} INFO - DAG(s) 'load_raw_data_to_bq' retrieved from /opt/airflow/dags/step_two.py
[2025-04-09T09:15:26.529+0000] {logging_mixin.py:188} INFO - [2025-04-09T09:15:26.528+0000] {dag.py:3047} INFO - Sync 1 DAGs
[2025-04-09T09:15:26.545+0000] {logging_mixin.py:188} INFO - [2025-04-09T09:15:26.544+0000] {dag.py:3834} INFO - Setting next_dagrun for load_raw_data_to_bq to None, run_after=None
[2025-04-09T09:15:26.577+0000] {processor.py:183} INFO - Processing /opt/airflow/dags/step_two.py took 0.094 seconds
[2025-04-09T09:15:57.227+0000] {processor.py:161} INFO - Started process (PID=4756) to work on /opt/airflow/dags/step_two.py
[2025-04-09T09:15:57.229+0000] {processor.py:830} INFO - Processing file /opt/airflow/dags/step_two.py for tasks to queue
[2025-04-09T09:15:57.230+0000] {logging_mixin.py:188} INFO - [2025-04-09T09:15:57.230+0000] {dagbag.py:540} INFO - Filling up the DagBag from /opt/airflow/dags/step_two.py
[2025-04-09T09:15:57.239+0000] {processor.py:840} INFO - DAG(s) 'load_raw_data_to_bq' retrieved from /opt/airflow/dags/step_two.py
[2025-04-09T09:15:57.266+0000] {logging_mixin.py:188} INFO - [2025-04-09T09:15:57.265+0000] {dag.py:3047} INFO - Sync 1 DAGs
[2025-04-09T09:15:57.294+0000] {logging_mixin.py:188} INFO - [2025-04-09T09:15:57.291+0000] {dag.py:3834} INFO - Setting next_dagrun for load_raw_data_to_bq to None, run_after=None
[2025-04-09T09:15:57.332+0000] {processor.py:183} INFO - Processing /opt/airflow/dags/step_two.py took 0.110 seconds
[2025-04-09T09:16:27.822+0000] {processor.py:161} INFO - Started process (PID=4818) to work on /opt/airflow/dags/step_two.py
[2025-04-09T09:16:27.825+0000] {processor.py:830} INFO - Processing file /opt/airflow/dags/step_two.py for tasks to queue
[2025-04-09T09:16:27.826+0000] {logging_mixin.py:188} INFO - [2025-04-09T09:16:27.826+0000] {dagbag.py:540} INFO - Filling up the DagBag from /opt/airflow/dags/step_two.py
[2025-04-09T09:16:27.837+0000] {processor.py:840} INFO - DAG(s) 'load_raw_data_to_bq' retrieved from /opt/airflow/dags/step_two.py
[2025-04-09T09:16:27.865+0000] {logging_mixin.py:188} INFO - [2025-04-09T09:16:27.864+0000] {dag.py:3047} INFO - Sync 1 DAGs
[2025-04-09T09:16:27.884+0000] {logging_mixin.py:188} INFO - [2025-04-09T09:16:27.884+0000] {dag.py:3834} INFO - Setting next_dagrun for load_raw_data_to_bq to None, run_after=None
[2025-04-09T09:16:27.915+0000] {processor.py:183} INFO - Processing /opt/airflow/dags/step_two.py took 0.099 seconds
[2025-04-09T09:16:58.420+0000] {processor.py:161} INFO - Started process (PID=4880) to work on /opt/airflow/dags/step_two.py
[2025-04-09T09:16:58.423+0000] {processor.py:830} INFO - Processing file /opt/airflow/dags/step_two.py for tasks to queue
[2025-04-09T09:16:58.424+0000] {logging_mixin.py:188} INFO - [2025-04-09T09:16:58.423+0000] {dagbag.py:540} INFO - Filling up the DagBag from /opt/airflow/dags/step_two.py
[2025-04-09T09:16:58.432+0000] {processor.py:840} INFO - DAG(s) 'load_raw_data_to_bq' retrieved from /opt/airflow/dags/step_two.py
[2025-04-09T09:16:58.459+0000] {logging_mixin.py:188} INFO - [2025-04-09T09:16:58.458+0000] {dag.py:3047} INFO - Sync 1 DAGs
[2025-04-09T09:16:58.472+0000] {logging_mixin.py:188} INFO - [2025-04-09T09:16:58.472+0000] {dag.py:3834} INFO - Setting next_dagrun for load_raw_data_to_bq to None, run_after=None
[2025-04-09T09:16:58.504+0000] {processor.py:183} INFO - Processing /opt/airflow/dags/step_two.py took 0.089 seconds
[2025-04-09T09:17:28.725+0000] {processor.py:161} INFO - Started process (PID=4948) to work on /opt/airflow/dags/step_two.py
[2025-04-09T09:17:28.727+0000] {processor.py:830} INFO - Processing file /opt/airflow/dags/step_two.py for tasks to queue
[2025-04-09T09:17:28.729+0000] {logging_mixin.py:188} INFO - [2025-04-09T09:17:28.728+0000] {dagbag.py:540} INFO - Filling up the DagBag from /opt/airflow/dags/step_two.py
[2025-04-09T09:17:28.737+0000] {processor.py:840} INFO - DAG(s) 'load_raw_data_to_bq' retrieved from /opt/airflow/dags/step_two.py
[2025-04-09T09:17:28.764+0000] {logging_mixin.py:188} INFO - [2025-04-09T09:17:28.764+0000] {dag.py:3047} INFO - Sync 1 DAGs
[2025-04-09T09:17:28.776+0000] {logging_mixin.py:188} INFO - [2025-04-09T09:17:28.776+0000] {dag.py:3834} INFO - Setting next_dagrun for load_raw_data_to_bq to None, run_after=None
[2025-04-09T09:17:28.803+0000] {processor.py:183} INFO - Processing /opt/airflow/dags/step_two.py took 0.082 seconds
