[2025-04-09T08:37:47.956+0000] {processor.py:161} INFO - Started process (PID=54) to work on /opt/airflow/dags/step_one.py
[2025-04-09T08:37:47.958+0000] {processor.py:830} INFO - Processing file /opt/airflow/dags/step_one.py for tasks to queue
[2025-04-09T08:37:47.963+0000] {logging_mixin.py:188} INFO - [2025-04-09T08:37:47.962+0000] {dagbag.py:540} INFO - Filling up the DagBag from /opt/airflow/dags/step_one.py
[2025-04-09T08:37:48.010+0000] {logging_mixin.py:188} INFO - [2025-04-09T08:37:48.009+0000] {connection.py:269} WARNING - Connection schemes (type: google_cloud_platform) shall not contain '_' according to RFC3986.
[2025-04-09T08:37:48.020+0000] {logging_mixin.py:188} INFO - [2025-04-09T08:37:48.020+0000] {base.py:83} INFO - Using connection ID 'google_cloud_default' for task execution.
[2025-04-09T08:37:48.035+0000] {processor.py:840} INFO - DAG(s) 'fetch_filtered_data_and_upload_to_gcs' retrieved from /opt/airflow/dags/step_one.py
[2025-04-09T08:37:48.310+0000] {logging_mixin.py:188} INFO - [2025-04-09T08:37:48.310+0000] {dag.py:3047} INFO - Sync 1 DAGs
[2025-04-09T08:37:48.344+0000] {logging_mixin.py:188} INFO - [2025-04-09T08:37:48.343+0000] {dag.py:3834} INFO - Setting next_dagrun for fetch_filtered_data_and_upload_to_gcs to None, run_after=None
[2025-04-09T08:37:48.385+0000] {processor.py:183} INFO - Processing /opt/airflow/dags/step_one.py took 0.439 seconds
[2025-04-09T08:38:18.853+0000] {processor.py:161} INFO - Started process (PID=116) to work on /opt/airflow/dags/step_one.py
[2025-04-09T08:38:18.854+0000] {processor.py:830} INFO - Processing file /opt/airflow/dags/step_one.py for tasks to queue
[2025-04-09T08:38:18.856+0000] {logging_mixin.py:188} INFO - [2025-04-09T08:38:18.856+0000] {dagbag.py:540} INFO - Filling up the DagBag from /opt/airflow/dags/step_one.py
[2025-04-09T08:38:18.881+0000] {logging_mixin.py:188} INFO - [2025-04-09T08:38:18.880+0000] {connection.py:269} WARNING - Connection schemes (type: google_cloud_platform) shall not contain '_' according to RFC3986.
[2025-04-09T08:38:18.885+0000] {logging_mixin.py:188} INFO - [2025-04-09T08:38:18.884+0000] {base.py:83} INFO - Using connection ID 'google_cloud_default' for task execution.
[2025-04-09T08:38:18.888+0000] {processor.py:840} INFO - DAG(s) 'fetch_filtered_data_and_upload_to_gcs' retrieved from /opt/airflow/dags/step_one.py
[2025-04-09T08:38:18.900+0000] {logging_mixin.py:188} INFO - [2025-04-09T08:38:18.899+0000] {dag.py:3047} INFO - Sync 1 DAGs
[2025-04-09T08:38:18.913+0000] {logging_mixin.py:188} INFO - [2025-04-09T08:38:18.912+0000] {dag.py:3834} INFO - Setting next_dagrun for fetch_filtered_data_and_upload_to_gcs to None, run_after=None
[2025-04-09T08:38:18.939+0000] {processor.py:183} INFO - Processing /opt/airflow/dags/step_one.py took 0.090 seconds
[2025-04-09T08:38:49.196+0000] {processor.py:161} INFO - Started process (PID=178) to work on /opt/airflow/dags/step_one.py
[2025-04-09T08:38:49.197+0000] {processor.py:830} INFO - Processing file /opt/airflow/dags/step_one.py for tasks to queue
[2025-04-09T08:38:49.201+0000] {logging_mixin.py:188} INFO - [2025-04-09T08:38:49.200+0000] {dagbag.py:540} INFO - Filling up the DagBag from /opt/airflow/dags/step_one.py
[2025-04-09T08:38:49.234+0000] {logging_mixin.py:188} INFO - [2025-04-09T08:38:49.234+0000] {connection.py:269} WARNING - Connection schemes (type: google_cloud_platform) shall not contain '_' according to RFC3986.
[2025-04-09T08:38:49.240+0000] {logging_mixin.py:188} INFO - [2025-04-09T08:38:49.240+0000] {base.py:83} INFO - Using connection ID 'google_cloud_default' for task execution.
[2025-04-09T08:38:49.244+0000] {processor.py:840} INFO - DAG(s) 'fetch_filtered_data_and_upload_to_gcs' retrieved from /opt/airflow/dags/step_one.py
[2025-04-09T08:38:49.262+0000] {logging_mixin.py:188} INFO - [2025-04-09T08:38:49.262+0000] {dag.py:3047} INFO - Sync 1 DAGs
[2025-04-09T08:38:49.282+0000] {logging_mixin.py:188} INFO - [2025-04-09T08:38:49.282+0000] {dag.py:3834} INFO - Setting next_dagrun for fetch_filtered_data_and_upload_to_gcs to None, run_after=None
[2025-04-09T08:38:49.321+0000] {processor.py:183} INFO - Processing /opt/airflow/dags/step_one.py took 0.131 seconds
[2025-04-09T08:39:19.829+0000] {processor.py:161} INFO - Started process (PID=246) to work on /opt/airflow/dags/step_one.py
[2025-04-09T08:39:19.831+0000] {processor.py:830} INFO - Processing file /opt/airflow/dags/step_one.py for tasks to queue
[2025-04-09T08:39:19.833+0000] {logging_mixin.py:188} INFO - [2025-04-09T08:39:19.833+0000] {dagbag.py:540} INFO - Filling up the DagBag from /opt/airflow/dags/step_one.py
[2025-04-09T08:39:19.858+0000] {logging_mixin.py:188} INFO - [2025-04-09T08:39:19.858+0000] {connection.py:269} WARNING - Connection schemes (type: google_cloud_platform) shall not contain '_' according to RFC3986.
[2025-04-09T08:39:19.863+0000] {logging_mixin.py:188} INFO - [2025-04-09T08:39:19.863+0000] {base.py:83} INFO - Using connection ID 'google_cloud_default' for task execution.
[2025-04-09T08:39:19.867+0000] {processor.py:840} INFO - DAG(s) 'fetch_filtered_data_and_upload_to_gcs' retrieved from /opt/airflow/dags/step_one.py
[2025-04-09T08:39:19.878+0000] {logging_mixin.py:188} INFO - [2025-04-09T08:39:19.878+0000] {dag.py:3047} INFO - Sync 1 DAGs
[2025-04-09T08:39:19.890+0000] {logging_mixin.py:188} INFO - [2025-04-09T08:39:19.890+0000] {dag.py:3834} INFO - Setting next_dagrun for fetch_filtered_data_and_upload_to_gcs to None, run_after=None
[2025-04-09T08:39:19.913+0000] {processor.py:183} INFO - Processing /opt/airflow/dags/step_one.py took 0.089 seconds
[2025-04-09T08:39:50.478+0000] {processor.py:161} INFO - Started process (PID=308) to work on /opt/airflow/dags/step_one.py
[2025-04-09T08:39:50.479+0000] {processor.py:830} INFO - Processing file /opt/airflow/dags/step_one.py for tasks to queue
[2025-04-09T08:39:50.481+0000] {logging_mixin.py:188} INFO - [2025-04-09T08:39:50.481+0000] {dagbag.py:540} INFO - Filling up the DagBag from /opt/airflow/dags/step_one.py
[2025-04-09T08:39:50.503+0000] {logging_mixin.py:188} INFO - [2025-04-09T08:39:50.503+0000] {connection.py:269} WARNING - Connection schemes (type: google_cloud_platform) shall not contain '_' according to RFC3986.
[2025-04-09T08:39:50.507+0000] {logging_mixin.py:188} INFO - [2025-04-09T08:39:50.507+0000] {base.py:83} INFO - Using connection ID 'google_cloud_default' for task execution.
[2025-04-09T08:39:50.510+0000] {processor.py:840} INFO - DAG(s) 'fetch_filtered_data_and_upload_to_gcs' retrieved from /opt/airflow/dags/step_one.py
[2025-04-09T08:39:50.524+0000] {logging_mixin.py:188} INFO - [2025-04-09T08:39:50.523+0000] {dag.py:3047} INFO - Sync 1 DAGs
[2025-04-09T08:39:50.540+0000] {logging_mixin.py:188} INFO - [2025-04-09T08:39:50.540+0000] {dag.py:3834} INFO - Setting next_dagrun for fetch_filtered_data_and_upload_to_gcs to None, run_after=None
[2025-04-09T08:39:50.565+0000] {processor.py:183} INFO - Processing /opt/airflow/dags/step_one.py took 0.092 seconds
[2025-04-09T08:40:20.606+0000] {processor.py:161} INFO - Started process (PID=370) to work on /opt/airflow/dags/step_one.py
[2025-04-09T08:40:20.608+0000] {processor.py:830} INFO - Processing file /opt/airflow/dags/step_one.py for tasks to queue
[2025-04-09T08:40:20.614+0000] {logging_mixin.py:188} INFO - [2025-04-09T08:40:20.614+0000] {dagbag.py:540} INFO - Filling up the DagBag from /opt/airflow/dags/step_one.py
[2025-04-09T08:40:20.644+0000] {logging_mixin.py:188} INFO - [2025-04-09T08:40:20.644+0000] {connection.py:269} WARNING - Connection schemes (type: google_cloud_platform) shall not contain '_' according to RFC3986.
[2025-04-09T08:40:20.648+0000] {logging_mixin.py:188} INFO - [2025-04-09T08:40:20.648+0000] {base.py:83} INFO - Using connection ID 'google_cloud_default' for task execution.
[2025-04-09T08:40:20.652+0000] {processor.py:840} INFO - DAG(s) 'fetch_filtered_data_and_upload_to_gcs' retrieved from /opt/airflow/dags/step_one.py
[2025-04-09T08:40:20.669+0000] {logging_mixin.py:188} INFO - [2025-04-09T08:40:20.669+0000] {dag.py:3047} INFO - Sync 1 DAGs
[2025-04-09T08:40:20.684+0000] {logging_mixin.py:188} INFO - [2025-04-09T08:40:20.684+0000] {dag.py:3834} INFO - Setting next_dagrun for fetch_filtered_data_and_upload_to_gcs to None, run_after=None
[2025-04-09T08:40:20.704+0000] {processor.py:183} INFO - Processing /opt/airflow/dags/step_one.py took 0.104 seconds
[2025-04-09T08:40:51.659+0000] {processor.py:161} INFO - Started process (PID=432) to work on /opt/airflow/dags/step_one.py
[2025-04-09T08:40:51.660+0000] {processor.py:830} INFO - Processing file /opt/airflow/dags/step_one.py for tasks to queue
[2025-04-09T08:40:51.663+0000] {logging_mixin.py:188} INFO - [2025-04-09T08:40:51.662+0000] {dagbag.py:540} INFO - Filling up the DagBag from /opt/airflow/dags/step_one.py
[2025-04-09T08:40:51.691+0000] {logging_mixin.py:188} INFO - [2025-04-09T08:40:51.691+0000] {connection.py:269} WARNING - Connection schemes (type: google_cloud_platform) shall not contain '_' according to RFC3986.
[2025-04-09T08:40:51.696+0000] {logging_mixin.py:188} INFO - [2025-04-09T08:40:51.696+0000] {base.py:83} INFO - Using connection ID 'google_cloud_default' for task execution.
[2025-04-09T08:40:51.701+0000] {processor.py:840} INFO - DAG(s) 'fetch_filtered_data_and_upload_to_gcs' retrieved from /opt/airflow/dags/step_one.py
[2025-04-09T08:40:51.715+0000] {logging_mixin.py:188} INFO - [2025-04-09T08:40:51.715+0000] {dag.py:3047} INFO - Sync 1 DAGs
[2025-04-09T08:40:51.736+0000] {logging_mixin.py:188} INFO - [2025-04-09T08:40:51.735+0000] {dag.py:3834} INFO - Setting next_dagrun for fetch_filtered_data_and_upload_to_gcs to None, run_after=None
[2025-04-09T08:40:51.765+0000] {processor.py:183} INFO - Processing /opt/airflow/dags/step_one.py took 0.110 seconds
[2025-04-09T08:41:22.114+0000] {processor.py:161} INFO - Started process (PID=494) to work on /opt/airflow/dags/step_one.py
[2025-04-09T08:41:22.115+0000] {processor.py:830} INFO - Processing file /opt/airflow/dags/step_one.py for tasks to queue
[2025-04-09T08:41:22.118+0000] {logging_mixin.py:188} INFO - [2025-04-09T08:41:22.117+0000] {dagbag.py:540} INFO - Filling up the DagBag from /opt/airflow/dags/step_one.py
[2025-04-09T08:41:22.148+0000] {logging_mixin.py:188} INFO - [2025-04-09T08:41:22.147+0000] {connection.py:269} WARNING - Connection schemes (type: google_cloud_platform) shall not contain '_' according to RFC3986.
[2025-04-09T08:41:22.152+0000] {logging_mixin.py:188} INFO - [2025-04-09T08:41:22.151+0000] {base.py:83} INFO - Using connection ID 'google_cloud_default' for task execution.
[2025-04-09T08:41:22.155+0000] {processor.py:840} INFO - DAG(s) 'fetch_filtered_data_and_upload_to_gcs' retrieved from /opt/airflow/dags/step_one.py
[2025-04-09T08:41:22.170+0000] {logging_mixin.py:188} INFO - [2025-04-09T08:41:22.170+0000] {dag.py:3047} INFO - Sync 1 DAGs
[2025-04-09T08:41:22.188+0000] {logging_mixin.py:188} INFO - [2025-04-09T08:41:22.187+0000] {dag.py:3834} INFO - Setting next_dagrun for fetch_filtered_data_and_upload_to_gcs to None, run_after=None
[2025-04-09T08:41:22.215+0000] {processor.py:183} INFO - Processing /opt/airflow/dags/step_one.py took 0.106 seconds
[2025-04-09T08:41:52.544+0000] {processor.py:161} INFO - Started process (PID=556) to work on /opt/airflow/dags/step_one.py
[2025-04-09T08:41:52.546+0000] {processor.py:830} INFO - Processing file /opt/airflow/dags/step_one.py for tasks to queue
[2025-04-09T08:41:52.551+0000] {logging_mixin.py:188} INFO - [2025-04-09T08:41:52.550+0000] {dagbag.py:540} INFO - Filling up the DagBag from /opt/airflow/dags/step_one.py
[2025-04-09T08:41:52.578+0000] {logging_mixin.py:188} INFO - [2025-04-09T08:41:52.578+0000] {connection.py:269} WARNING - Connection schemes (type: google_cloud_platform) shall not contain '_' according to RFC3986.
[2025-04-09T08:41:52.587+0000] {logging_mixin.py:188} INFO - [2025-04-09T08:41:52.586+0000] {base.py:83} INFO - Using connection ID 'google_cloud_default' for task execution.
[2025-04-09T08:41:52.594+0000] {processor.py:840} INFO - DAG(s) 'fetch_filtered_data_and_upload_to_gcs' retrieved from /opt/airflow/dags/step_one.py
[2025-04-09T08:41:52.609+0000] {logging_mixin.py:188} INFO - [2025-04-09T08:41:52.609+0000] {dag.py:3047} INFO - Sync 1 DAGs
[2025-04-09T08:41:52.627+0000] {logging_mixin.py:188} INFO - [2025-04-09T08:41:52.627+0000] {dag.py:3834} INFO - Setting next_dagrun for fetch_filtered_data_and_upload_to_gcs to None, run_after=None
[2025-04-09T08:41:52.652+0000] {processor.py:183} INFO - Processing /opt/airflow/dags/step_one.py took 0.112 seconds
[2025-04-09T08:42:23.070+0000] {processor.py:161} INFO - Started process (PID=618) to work on /opt/airflow/dags/step_one.py
[2025-04-09T08:42:23.072+0000] {processor.py:830} INFO - Processing file /opt/airflow/dags/step_one.py for tasks to queue
[2025-04-09T08:42:23.074+0000] {logging_mixin.py:188} INFO - [2025-04-09T08:42:23.074+0000] {dagbag.py:540} INFO - Filling up the DagBag from /opt/airflow/dags/step_one.py
[2025-04-09T08:42:23.100+0000] {logging_mixin.py:188} INFO - [2025-04-09T08:42:23.100+0000] {connection.py:269} WARNING - Connection schemes (type: google_cloud_platform) shall not contain '_' according to RFC3986.
[2025-04-09T08:42:23.104+0000] {logging_mixin.py:188} INFO - [2025-04-09T08:42:23.104+0000] {base.py:83} INFO - Using connection ID 'google_cloud_default' for task execution.
[2025-04-09T08:42:23.107+0000] {processor.py:840} INFO - DAG(s) 'fetch_filtered_data_and_upload_to_gcs' retrieved from /opt/airflow/dags/step_one.py
[2025-04-09T08:42:23.120+0000] {logging_mixin.py:188} INFO - [2025-04-09T08:42:23.120+0000] {dag.py:3047} INFO - Sync 1 DAGs
[2025-04-09T08:42:23.134+0000] {logging_mixin.py:188} INFO - [2025-04-09T08:42:23.133+0000] {dag.py:3834} INFO - Setting next_dagrun for fetch_filtered_data_and_upload_to_gcs to None, run_after=None
[2025-04-09T08:42:23.164+0000] {processor.py:183} INFO - Processing /opt/airflow/dags/step_one.py took 0.097 seconds
[2025-04-09T08:42:53.902+0000] {processor.py:161} INFO - Started process (PID=680) to work on /opt/airflow/dags/step_one.py
[2025-04-09T08:42:53.903+0000] {processor.py:830} INFO - Processing file /opt/airflow/dags/step_one.py for tasks to queue
[2025-04-09T08:42:53.907+0000] {logging_mixin.py:188} INFO - [2025-04-09T08:42:53.906+0000] {dagbag.py:540} INFO - Filling up the DagBag from /opt/airflow/dags/step_one.py
[2025-04-09T08:42:53.932+0000] {logging_mixin.py:188} INFO - [2025-04-09T08:42:53.932+0000] {connection.py:269} WARNING - Connection schemes (type: google_cloud_platform) shall not contain '_' according to RFC3986.
[2025-04-09T08:42:53.936+0000] {logging_mixin.py:188} INFO - [2025-04-09T08:42:53.936+0000] {base.py:83} INFO - Using connection ID 'google_cloud_default' for task execution.
[2025-04-09T08:42:53.941+0000] {processor.py:840} INFO - DAG(s) 'fetch_filtered_data_and_upload_to_gcs' retrieved from /opt/airflow/dags/step_one.py
[2025-04-09T08:42:53.954+0000] {logging_mixin.py:188} INFO - [2025-04-09T08:42:53.953+0000] {dag.py:3047} INFO - Sync 1 DAGs
[2025-04-09T08:42:53.968+0000] {logging_mixin.py:188} INFO - [2025-04-09T08:42:53.968+0000] {dag.py:3834} INFO - Setting next_dagrun for fetch_filtered_data_and_upload_to_gcs to None, run_after=None
[2025-04-09T08:42:53.993+0000] {processor.py:183} INFO - Processing /opt/airflow/dags/step_one.py took 0.097 seconds
[2025-04-09T08:43:24.069+0000] {processor.py:161} INFO - Started process (PID=742) to work on /opt/airflow/dags/step_one.py
[2025-04-09T08:43:24.071+0000] {processor.py:830} INFO - Processing file /opt/airflow/dags/step_one.py for tasks to queue
[2025-04-09T08:43:24.073+0000] {logging_mixin.py:188} INFO - [2025-04-09T08:43:24.072+0000] {dagbag.py:540} INFO - Filling up the DagBag from /opt/airflow/dags/step_one.py
[2025-04-09T08:43:24.094+0000] {logging_mixin.py:188} INFO - [2025-04-09T08:43:24.094+0000] {connection.py:269} WARNING - Connection schemes (type: google_cloud_platform) shall not contain '_' according to RFC3986.
[2025-04-09T08:43:24.099+0000] {logging_mixin.py:188} INFO - [2025-04-09T08:43:24.098+0000] {base.py:83} INFO - Using connection ID 'google_cloud_default' for task execution.
[2025-04-09T08:43:24.103+0000] {processor.py:840} INFO - DAG(s) 'fetch_filtered_data_and_upload_to_gcs' retrieved from /opt/airflow/dags/step_one.py
[2025-04-09T08:43:24.115+0000] {logging_mixin.py:188} INFO - [2025-04-09T08:43:24.114+0000] {dag.py:3047} INFO - Sync 1 DAGs
[2025-04-09T08:43:24.130+0000] {logging_mixin.py:188} INFO - [2025-04-09T08:43:24.130+0000] {dag.py:3834} INFO - Setting next_dagrun for fetch_filtered_data_and_upload_to_gcs to None, run_after=None
[2025-04-09T08:43:24.157+0000] {processor.py:183} INFO - Processing /opt/airflow/dags/step_one.py took 0.092 seconds
[2025-04-09T08:43:54.237+0000] {processor.py:161} INFO - Started process (PID=804) to work on /opt/airflow/dags/step_one.py
[2025-04-09T08:43:54.239+0000] {processor.py:830} INFO - Processing file /opt/airflow/dags/step_one.py for tasks to queue
[2025-04-09T08:43:54.241+0000] {logging_mixin.py:188} INFO - [2025-04-09T08:43:54.240+0000] {dagbag.py:540} INFO - Filling up the DagBag from /opt/airflow/dags/step_one.py
[2025-04-09T08:43:54.267+0000] {logging_mixin.py:188} INFO - [2025-04-09T08:43:54.267+0000] {connection.py:269} WARNING - Connection schemes (type: google_cloud_platform) shall not contain '_' according to RFC3986.
[2025-04-09T08:43:54.271+0000] {logging_mixin.py:188} INFO - [2025-04-09T08:43:54.271+0000] {base.py:83} INFO - Using connection ID 'google_cloud_default' for task execution.
[2025-04-09T08:43:54.274+0000] {processor.py:840} INFO - DAG(s) 'fetch_filtered_data_and_upload_to_gcs' retrieved from /opt/airflow/dags/step_one.py
[2025-04-09T08:43:54.287+0000] {logging_mixin.py:188} INFO - [2025-04-09T08:43:54.287+0000] {dag.py:3047} INFO - Sync 1 DAGs
[2025-04-09T08:43:54.304+0000] {logging_mixin.py:188} INFO - [2025-04-09T08:43:54.303+0000] {dag.py:3834} INFO - Setting next_dagrun for fetch_filtered_data_and_upload_to_gcs to None, run_after=None
[2025-04-09T08:43:54.330+0000] {processor.py:183} INFO - Processing /opt/airflow/dags/step_one.py took 0.096 seconds
[2025-04-09T08:44:24.394+0000] {processor.py:161} INFO - Started process (PID=866) to work on /opt/airflow/dags/step_one.py
[2025-04-09T08:44:24.395+0000] {processor.py:830} INFO - Processing file /opt/airflow/dags/step_one.py for tasks to queue
[2025-04-09T08:44:24.399+0000] {logging_mixin.py:188} INFO - [2025-04-09T08:44:24.398+0000] {dagbag.py:540} INFO - Filling up the DagBag from /opt/airflow/dags/step_one.py
[2025-04-09T08:44:24.425+0000] {logging_mixin.py:188} INFO - [2025-04-09T08:44:24.425+0000] {connection.py:269} WARNING - Connection schemes (type: google_cloud_platform) shall not contain '_' according to RFC3986.
[2025-04-09T08:44:24.429+0000] {logging_mixin.py:188} INFO - [2025-04-09T08:44:24.429+0000] {base.py:83} INFO - Using connection ID 'google_cloud_default' for task execution.
[2025-04-09T08:44:24.432+0000] {processor.py:840} INFO - DAG(s) 'fetch_filtered_data_and_upload_to_gcs' retrieved from /opt/airflow/dags/step_one.py
[2025-04-09T08:44:24.444+0000] {logging_mixin.py:188} INFO - [2025-04-09T08:44:24.444+0000] {dag.py:3047} INFO - Sync 1 DAGs
[2025-04-09T08:44:24.457+0000] {logging_mixin.py:188} INFO - [2025-04-09T08:44:24.457+0000] {dag.py:3834} INFO - Setting next_dagrun for fetch_filtered_data_and_upload_to_gcs to None, run_after=None
[2025-04-09T08:44:24.485+0000] {processor.py:183} INFO - Processing /opt/airflow/dags/step_one.py took 0.095 seconds
[2025-04-09T08:44:55.473+0000] {processor.py:161} INFO - Started process (PID=928) to work on /opt/airflow/dags/step_one.py
[2025-04-09T08:44:55.476+0000] {processor.py:830} INFO - Processing file /opt/airflow/dags/step_one.py for tasks to queue
[2025-04-09T08:44:55.480+0000] {logging_mixin.py:188} INFO - [2025-04-09T08:44:55.479+0000] {dagbag.py:540} INFO - Filling up the DagBag from /opt/airflow/dags/step_one.py
[2025-04-09T08:44:55.511+0000] {logging_mixin.py:188} INFO - [2025-04-09T08:44:55.510+0000] {connection.py:269} WARNING - Connection schemes (type: google_cloud_platform) shall not contain '_' according to RFC3986.
[2025-04-09T08:44:55.518+0000] {logging_mixin.py:188} INFO - [2025-04-09T08:44:55.518+0000] {base.py:83} INFO - Using connection ID 'google_cloud_default' for task execution.
[2025-04-09T08:44:55.525+0000] {processor.py:840} INFO - DAG(s) 'fetch_filtered_data_and_upload_to_gcs' retrieved from /opt/airflow/dags/step_one.py
[2025-04-09T08:44:55.542+0000] {logging_mixin.py:188} INFO - [2025-04-09T08:44:55.541+0000] {dag.py:3047} INFO - Sync 1 DAGs
[2025-04-09T08:44:55.559+0000] {logging_mixin.py:188} INFO - [2025-04-09T08:44:55.559+0000] {dag.py:3834} INFO - Setting next_dagrun for fetch_filtered_data_and_upload_to_gcs to None, run_after=None
[2025-04-09T08:44:55.591+0000] {processor.py:183} INFO - Processing /opt/airflow/dags/step_one.py took 0.126 seconds
[2025-04-09T08:45:25.927+0000] {processor.py:161} INFO - Started process (PID=990) to work on /opt/airflow/dags/step_one.py
[2025-04-09T08:45:25.929+0000] {processor.py:830} INFO - Processing file /opt/airflow/dags/step_one.py for tasks to queue
[2025-04-09T08:45:25.931+0000] {logging_mixin.py:188} INFO - [2025-04-09T08:45:25.931+0000] {dagbag.py:540} INFO - Filling up the DagBag from /opt/airflow/dags/step_one.py
[2025-04-09T08:45:25.956+0000] {logging_mixin.py:188} INFO - [2025-04-09T08:45:25.956+0000] {connection.py:269} WARNING - Connection schemes (type: google_cloud_platform) shall not contain '_' according to RFC3986.
[2025-04-09T08:45:25.961+0000] {logging_mixin.py:188} INFO - [2025-04-09T08:45:25.960+0000] {base.py:83} INFO - Using connection ID 'google_cloud_default' for task execution.
[2025-04-09T08:45:25.964+0000] {processor.py:840} INFO - DAG(s) 'fetch_filtered_data_and_upload_to_gcs' retrieved from /opt/airflow/dags/step_one.py
[2025-04-09T08:45:25.978+0000] {logging_mixin.py:188} INFO - [2025-04-09T08:45:25.978+0000] {dag.py:3047} INFO - Sync 1 DAGs
[2025-04-09T08:45:25.993+0000] {logging_mixin.py:188} INFO - [2025-04-09T08:45:25.992+0000] {dag.py:3834} INFO - Setting next_dagrun for fetch_filtered_data_and_upload_to_gcs to None, run_after=None
[2025-04-09T08:45:26.019+0000] {processor.py:183} INFO - Processing /opt/airflow/dags/step_one.py took 0.096 seconds
[2025-04-09T08:45:56.121+0000] {processor.py:161} INFO - Started process (PID=1052) to work on /opt/airflow/dags/step_one.py
[2025-04-09T08:45:56.123+0000] {processor.py:830} INFO - Processing file /opt/airflow/dags/step_one.py for tasks to queue
[2025-04-09T08:45:56.125+0000] {logging_mixin.py:188} INFO - [2025-04-09T08:45:56.125+0000] {dagbag.py:540} INFO - Filling up the DagBag from /opt/airflow/dags/step_one.py
[2025-04-09T08:45:56.149+0000] {logging_mixin.py:188} INFO - [2025-04-09T08:45:56.148+0000] {connection.py:269} WARNING - Connection schemes (type: google_cloud_platform) shall not contain '_' according to RFC3986.
[2025-04-09T08:45:56.154+0000] {logging_mixin.py:188} INFO - [2025-04-09T08:45:56.153+0000] {base.py:83} INFO - Using connection ID 'google_cloud_default' for task execution.
[2025-04-09T08:45:56.158+0000] {processor.py:840} INFO - DAG(s) 'fetch_filtered_data_and_upload_to_gcs' retrieved from /opt/airflow/dags/step_one.py
[2025-04-09T08:45:56.171+0000] {logging_mixin.py:188} INFO - [2025-04-09T08:45:56.171+0000] {dag.py:3047} INFO - Sync 1 DAGs
[2025-04-09T08:45:56.185+0000] {logging_mixin.py:188} INFO - [2025-04-09T08:45:56.184+0000] {dag.py:3834} INFO - Setting next_dagrun for fetch_filtered_data_and_upload_to_gcs to None, run_after=None
[2025-04-09T08:45:56.212+0000] {processor.py:183} INFO - Processing /opt/airflow/dags/step_one.py took 0.095 seconds
[2025-04-09T08:46:26.666+0000] {processor.py:161} INFO - Started process (PID=1120) to work on /opt/airflow/dags/step_one.py
[2025-04-09T08:46:26.668+0000] {processor.py:830} INFO - Processing file /opt/airflow/dags/step_one.py for tasks to queue
[2025-04-09T08:46:26.670+0000] {logging_mixin.py:188} INFO - [2025-04-09T08:46:26.670+0000] {dagbag.py:540} INFO - Filling up the DagBag from /opt/airflow/dags/step_one.py
[2025-04-09T08:46:26.695+0000] {logging_mixin.py:188} INFO - [2025-04-09T08:46:26.694+0000] {connection.py:269} WARNING - Connection schemes (type: google_cloud_platform) shall not contain '_' according to RFC3986.
[2025-04-09T08:46:26.699+0000] {logging_mixin.py:188} INFO - [2025-04-09T08:46:26.698+0000] {base.py:83} INFO - Using connection ID 'google_cloud_default' for task execution.
[2025-04-09T08:46:26.702+0000] {processor.py:840} INFO - DAG(s) 'fetch_filtered_data_and_upload_to_gcs' retrieved from /opt/airflow/dags/step_one.py
[2025-04-09T08:46:26.714+0000] {logging_mixin.py:188} INFO - [2025-04-09T08:46:26.714+0000] {dag.py:3047} INFO - Sync 1 DAGs
[2025-04-09T08:46:26.728+0000] {logging_mixin.py:188} INFO - [2025-04-09T08:46:26.728+0000] {dag.py:3834} INFO - Setting next_dagrun for fetch_filtered_data_and_upload_to_gcs to None, run_after=None
[2025-04-09T08:46:26.754+0000] {processor.py:183} INFO - Processing /opt/airflow/dags/step_one.py took 0.094 seconds
[2025-04-09T08:46:56.947+0000] {processor.py:161} INFO - Started process (PID=1182) to work on /opt/airflow/dags/step_one.py
[2025-04-09T08:46:56.949+0000] {processor.py:830} INFO - Processing file /opt/airflow/dags/step_one.py for tasks to queue
[2025-04-09T08:46:56.952+0000] {logging_mixin.py:188} INFO - [2025-04-09T08:46:56.951+0000] {dagbag.py:540} INFO - Filling up the DagBag from /opt/airflow/dags/step_one.py
[2025-04-09T08:46:56.981+0000] {logging_mixin.py:188} INFO - [2025-04-09T08:46:56.980+0000] {connection.py:269} WARNING - Connection schemes (type: google_cloud_platform) shall not contain '_' according to RFC3986.
[2025-04-09T08:46:56.991+0000] {logging_mixin.py:188} INFO - [2025-04-09T08:46:56.990+0000] {base.py:83} INFO - Using connection ID 'google_cloud_default' for task execution.
[2025-04-09T08:46:56.998+0000] {processor.py:840} INFO - DAG(s) 'fetch_filtered_data_and_upload_to_gcs' retrieved from /opt/airflow/dags/step_one.py
[2025-04-09T08:46:57.036+0000] {logging_mixin.py:188} INFO - [2025-04-09T08:46:57.035+0000] {dag.py:3047} INFO - Sync 1 DAGs
[2025-04-09T08:46:57.072+0000] {logging_mixin.py:188} INFO - [2025-04-09T08:46:57.071+0000] {dag.py:3834} INFO - Setting next_dagrun for fetch_filtered_data_and_upload_to_gcs to None, run_after=None
[2025-04-09T08:46:57.117+0000] {processor.py:183} INFO - Processing /opt/airflow/dags/step_one.py took 0.174 seconds
[2025-04-09T08:47:27.394+0000] {processor.py:161} INFO - Started process (PID=1253) to work on /opt/airflow/dags/step_one.py
[2025-04-09T08:47:27.395+0000] {processor.py:830} INFO - Processing file /opt/airflow/dags/step_one.py for tasks to queue
[2025-04-09T08:47:27.398+0000] {logging_mixin.py:188} INFO - [2025-04-09T08:47:27.397+0000] {dagbag.py:540} INFO - Filling up the DagBag from /opt/airflow/dags/step_one.py
[2025-04-09T08:47:27.421+0000] {logging_mixin.py:188} INFO - [2025-04-09T08:47:27.420+0000] {connection.py:269} WARNING - Connection schemes (type: google_cloud_platform) shall not contain '_' according to RFC3986.
[2025-04-09T08:47:27.425+0000] {logging_mixin.py:188} INFO - [2025-04-09T08:47:27.424+0000] {base.py:83} INFO - Using connection ID 'google_cloud_default' for task execution.
[2025-04-09T08:47:27.428+0000] {processor.py:840} INFO - DAG(s) 'fetch_filtered_data_and_upload_to_gcs' retrieved from /opt/airflow/dags/step_one.py
[2025-04-09T08:47:27.438+0000] {logging_mixin.py:188} INFO - [2025-04-09T08:47:27.438+0000] {dag.py:3047} INFO - Sync 1 DAGs
[2025-04-09T08:47:27.451+0000] {logging_mixin.py:188} INFO - [2025-04-09T08:47:27.450+0000] {dag.py:3834} INFO - Setting next_dagrun for fetch_filtered_data_and_upload_to_gcs to None, run_after=None
[2025-04-09T08:47:27.473+0000] {processor.py:183} INFO - Processing /opt/airflow/dags/step_one.py took 0.084 seconds
[2025-04-09T08:47:57.655+0000] {processor.py:161} INFO - Started process (PID=1308) to work on /opt/airflow/dags/step_one.py
[2025-04-09T08:47:57.656+0000] {processor.py:830} INFO - Processing file /opt/airflow/dags/step_one.py for tasks to queue
[2025-04-09T08:47:57.659+0000] {logging_mixin.py:188} INFO - [2025-04-09T08:47:57.658+0000] {dagbag.py:540} INFO - Filling up the DagBag from /opt/airflow/dags/step_one.py
[2025-04-09T08:47:57.684+0000] {logging_mixin.py:188} INFO - [2025-04-09T08:47:57.683+0000] {connection.py:269} WARNING - Connection schemes (type: google_cloud_platform) shall not contain '_' according to RFC3986.
[2025-04-09T08:47:57.688+0000] {logging_mixin.py:188} INFO - [2025-04-09T08:47:57.687+0000] {base.py:83} INFO - Using connection ID 'google_cloud_default' for task execution.
[2025-04-09T08:47:57.691+0000] {processor.py:840} INFO - DAG(s) 'fetch_filtered_data_and_upload_to_gcs' retrieved from /opt/airflow/dags/step_one.py
[2025-04-09T08:47:57.704+0000] {logging_mixin.py:188} INFO - [2025-04-09T08:47:57.703+0000] {dag.py:3047} INFO - Sync 1 DAGs
[2025-04-09T08:47:57.719+0000] {logging_mixin.py:188} INFO - [2025-04-09T08:47:57.719+0000] {dag.py:3834} INFO - Setting next_dagrun for fetch_filtered_data_and_upload_to_gcs to None, run_after=None
[2025-04-09T08:47:57.745+0000] {processor.py:183} INFO - Processing /opt/airflow/dags/step_one.py took 0.095 seconds
[2025-04-09T08:48:28.180+0000] {processor.py:161} INFO - Started process (PID=1381) to work on /opt/airflow/dags/step_one.py
[2025-04-09T08:48:28.182+0000] {processor.py:830} INFO - Processing file /opt/airflow/dags/step_one.py for tasks to queue
[2025-04-09T08:48:28.184+0000] {logging_mixin.py:188} INFO - [2025-04-09T08:48:28.184+0000] {dagbag.py:540} INFO - Filling up the DagBag from /opt/airflow/dags/step_one.py
[2025-04-09T08:48:28.208+0000] {logging_mixin.py:188} INFO - [2025-04-09T08:48:28.208+0000] {connection.py:269} WARNING - Connection schemes (type: google_cloud_platform) shall not contain '_' according to RFC3986.
[2025-04-09T08:48:28.213+0000] {logging_mixin.py:188} INFO - [2025-04-09T08:48:28.213+0000] {base.py:83} INFO - Using connection ID 'google_cloud_default' for task execution.
[2025-04-09T08:48:28.216+0000] {processor.py:840} INFO - DAG(s) 'fetch_filtered_data_and_upload_to_gcs' retrieved from /opt/airflow/dags/step_one.py
[2025-04-09T08:48:28.230+0000] {logging_mixin.py:188} INFO - [2025-04-09T08:48:28.230+0000] {dag.py:3047} INFO - Sync 1 DAGs
[2025-04-09T08:48:28.245+0000] {logging_mixin.py:188} INFO - [2025-04-09T08:48:28.245+0000] {dag.py:3834} INFO - Setting next_dagrun for fetch_filtered_data_and_upload_to_gcs to None, run_after=None
[2025-04-09T08:48:28.270+0000] {processor.py:183} INFO - Processing /opt/airflow/dags/step_one.py took 0.096 seconds
[2025-04-09T08:48:58.348+0000] {processor.py:161} INFO - Started process (PID=1448) to work on /opt/airflow/dags/step_one.py
[2025-04-09T08:48:58.349+0000] {processor.py:830} INFO - Processing file /opt/airflow/dags/step_one.py for tasks to queue
[2025-04-09T08:48:58.351+0000] {logging_mixin.py:188} INFO - [2025-04-09T08:48:58.351+0000] {dagbag.py:540} INFO - Filling up the DagBag from /opt/airflow/dags/step_one.py
[2025-04-09T08:48:58.373+0000] {logging_mixin.py:188} INFO - [2025-04-09T08:48:58.373+0000] {connection.py:269} WARNING - Connection schemes (type: google_cloud_platform) shall not contain '_' according to RFC3986.
[2025-04-09T08:48:58.377+0000] {logging_mixin.py:188} INFO - [2025-04-09T08:48:58.377+0000] {base.py:83} INFO - Using connection ID 'google_cloud_default' for task execution.
[2025-04-09T08:48:58.382+0000] {processor.py:840} INFO - DAG(s) 'fetch_filtered_data_and_upload_to_gcs' retrieved from /opt/airflow/dags/step_one.py
[2025-04-09T08:48:58.394+0000] {logging_mixin.py:188} INFO - [2025-04-09T08:48:58.394+0000] {dag.py:3047} INFO - Sync 1 DAGs
[2025-04-09T08:48:58.406+0000] {logging_mixin.py:188} INFO - [2025-04-09T08:48:58.406+0000] {dag.py:3834} INFO - Setting next_dagrun for fetch_filtered_data_and_upload_to_gcs to None, run_after=None
[2025-04-09T08:48:58.426+0000] {processor.py:183} INFO - Processing /opt/airflow/dags/step_one.py took 0.083 seconds
[2025-04-09T08:49:28.521+0000] {processor.py:161} INFO - Started process (PID=1504) to work on /opt/airflow/dags/step_one.py
[2025-04-09T08:49:28.522+0000] {processor.py:830} INFO - Processing file /opt/airflow/dags/step_one.py for tasks to queue
[2025-04-09T08:49:28.524+0000] {logging_mixin.py:188} INFO - [2025-04-09T08:49:28.524+0000] {dagbag.py:540} INFO - Filling up the DagBag from /opt/airflow/dags/step_one.py
[2025-04-09T08:49:28.546+0000] {logging_mixin.py:188} INFO - [2025-04-09T08:49:28.546+0000] {connection.py:269} WARNING - Connection schemes (type: google_cloud_platform) shall not contain '_' according to RFC3986.
[2025-04-09T08:49:28.550+0000] {logging_mixin.py:188} INFO - [2025-04-09T08:49:28.550+0000] {base.py:83} INFO - Using connection ID 'google_cloud_default' for task execution.
[2025-04-09T08:49:28.553+0000] {processor.py:840} INFO - DAG(s) 'fetch_filtered_data_and_upload_to_gcs' retrieved from /opt/airflow/dags/step_one.py
[2025-04-09T08:49:28.565+0000] {logging_mixin.py:188} INFO - [2025-04-09T08:49:28.564+0000] {dag.py:3047} INFO - Sync 1 DAGs
[2025-04-09T08:49:28.579+0000] {logging_mixin.py:188} INFO - [2025-04-09T08:49:28.578+0000] {dag.py:3834} INFO - Setting next_dagrun for fetch_filtered_data_and_upload_to_gcs to None, run_after=None
[2025-04-09T08:49:28.604+0000] {processor.py:183} INFO - Processing /opt/airflow/dags/step_one.py took 0.087 seconds
[2025-04-09T08:49:58.728+0000] {processor.py:161} INFO - Started process (PID=1572) to work on /opt/airflow/dags/step_one.py
[2025-04-09T08:49:58.729+0000] {processor.py:830} INFO - Processing file /opt/airflow/dags/step_one.py for tasks to queue
[2025-04-09T08:49:58.733+0000] {logging_mixin.py:188} INFO - [2025-04-09T08:49:58.732+0000] {dagbag.py:540} INFO - Filling up the DagBag from /opt/airflow/dags/step_one.py
[2025-04-09T08:49:58.753+0000] {logging_mixin.py:188} INFO - [2025-04-09T08:49:58.753+0000] {connection.py:269} WARNING - Connection schemes (type: google_cloud_platform) shall not contain '_' according to RFC3986.
[2025-04-09T08:49:58.757+0000] {logging_mixin.py:188} INFO - [2025-04-09T08:49:58.757+0000] {base.py:83} INFO - Using connection ID 'google_cloud_default' for task execution.
[2025-04-09T08:49:58.761+0000] {processor.py:840} INFO - DAG(s) 'fetch_filtered_data_and_upload_to_gcs' retrieved from /opt/airflow/dags/step_one.py
[2025-04-09T08:49:58.774+0000] {logging_mixin.py:188} INFO - [2025-04-09T08:49:58.774+0000] {dag.py:3047} INFO - Sync 1 DAGs
[2025-04-09T08:49:58.790+0000] {logging_mixin.py:188} INFO - [2025-04-09T08:49:58.789+0000] {dag.py:3834} INFO - Setting next_dagrun for fetch_filtered_data_and_upload_to_gcs to None, run_after=None
[2025-04-09T08:49:58.816+0000] {processor.py:183} INFO - Processing /opt/airflow/dags/step_one.py took 0.093 seconds
[2025-04-09T08:50:29.224+0000] {processor.py:161} INFO - Started process (PID=1634) to work on /opt/airflow/dags/step_one.py
[2025-04-09T08:50:29.226+0000] {processor.py:830} INFO - Processing file /opt/airflow/dags/step_one.py for tasks to queue
[2025-04-09T08:50:29.229+0000] {logging_mixin.py:188} INFO - [2025-04-09T08:50:29.228+0000] {dagbag.py:540} INFO - Filling up the DagBag from /opt/airflow/dags/step_one.py
[2025-04-09T08:50:29.271+0000] {logging_mixin.py:188} INFO - [2025-04-09T08:50:29.271+0000] {connection.py:269} WARNING - Connection schemes (type: google_cloud_platform) shall not contain '_' according to RFC3986.
[2025-04-09T08:50:29.278+0000] {logging_mixin.py:188} INFO - [2025-04-09T08:50:29.277+0000] {base.py:83} INFO - Using connection ID 'google_cloud_default' for task execution.
[2025-04-09T08:50:29.284+0000] {processor.py:840} INFO - DAG(s) 'fetch_filtered_data_and_upload_to_gcs' retrieved from /opt/airflow/dags/step_one.py
[2025-04-09T08:50:29.313+0000] {logging_mixin.py:188} INFO - [2025-04-09T08:50:29.312+0000] {dag.py:3047} INFO - Sync 1 DAGs
[2025-04-09T08:50:29.345+0000] {logging_mixin.py:188} INFO - [2025-04-09T08:50:29.344+0000] {dag.py:3834} INFO - Setting next_dagrun for fetch_filtered_data_and_upload_to_gcs to None, run_after=None
[2025-04-09T08:50:29.402+0000] {processor.py:183} INFO - Processing /opt/airflow/dags/step_one.py took 0.184 seconds
[2025-04-09T08:50:59.522+0000] {processor.py:161} INFO - Started process (PID=1692) to work on /opt/airflow/dags/step_one.py
[2025-04-09T08:50:59.524+0000] {processor.py:830} INFO - Processing file /opt/airflow/dags/step_one.py for tasks to queue
[2025-04-09T08:50:59.526+0000] {logging_mixin.py:188} INFO - [2025-04-09T08:50:59.526+0000] {dagbag.py:540} INFO - Filling up the DagBag from /opt/airflow/dags/step_one.py
[2025-04-09T08:50:59.553+0000] {logging_mixin.py:188} INFO - [2025-04-09T08:50:59.552+0000] {connection.py:269} WARNING - Connection schemes (type: google_cloud_platform) shall not contain '_' according to RFC3986.
[2025-04-09T08:50:59.557+0000] {logging_mixin.py:188} INFO - [2025-04-09T08:50:59.557+0000] {base.py:83} INFO - Using connection ID 'google_cloud_default' for task execution.
[2025-04-09T08:50:59.560+0000] {processor.py:840} INFO - DAG(s) 'fetch_filtered_data_and_upload_to_gcs' retrieved from /opt/airflow/dags/step_one.py
[2025-04-09T08:50:59.573+0000] {logging_mixin.py:188} INFO - [2025-04-09T08:50:59.573+0000] {dag.py:3047} INFO - Sync 1 DAGs
[2025-04-09T08:50:59.587+0000] {logging_mixin.py:188} INFO - [2025-04-09T08:50:59.586+0000] {dag.py:3834} INFO - Setting next_dagrun for fetch_filtered_data_and_upload_to_gcs to None, run_after=None
[2025-04-09T08:50:59.613+0000] {processor.py:183} INFO - Processing /opt/airflow/dags/step_one.py took 0.095 seconds
[2025-04-09T08:51:29.785+0000] {processor.py:161} INFO - Started process (PID=1760) to work on /opt/airflow/dags/step_one.py
[2025-04-09T08:51:29.786+0000] {processor.py:830} INFO - Processing file /opt/airflow/dags/step_one.py for tasks to queue
[2025-04-09T08:51:29.788+0000] {logging_mixin.py:188} INFO - [2025-04-09T08:51:29.788+0000] {dagbag.py:540} INFO - Filling up the DagBag from /opt/airflow/dags/step_one.py
[2025-04-09T08:51:29.810+0000] {logging_mixin.py:188} INFO - [2025-04-09T08:51:29.810+0000] {connection.py:269} WARNING - Connection schemes (type: google_cloud_platform) shall not contain '_' according to RFC3986.
[2025-04-09T08:51:29.814+0000] {logging_mixin.py:188} INFO - [2025-04-09T08:51:29.814+0000] {base.py:83} INFO - Using connection ID 'google_cloud_default' for task execution.
[2025-04-09T08:51:29.817+0000] {processor.py:840} INFO - DAG(s) 'fetch_filtered_data_and_upload_to_gcs' retrieved from /opt/airflow/dags/step_one.py
[2025-04-09T08:51:29.828+0000] {logging_mixin.py:188} INFO - [2025-04-09T08:51:29.828+0000] {dag.py:3047} INFO - Sync 1 DAGs
[2025-04-09T08:51:29.841+0000] {logging_mixin.py:188} INFO - [2025-04-09T08:51:29.840+0000] {dag.py:3834} INFO - Setting next_dagrun for fetch_filtered_data_and_upload_to_gcs to None, run_after=None
[2025-04-09T08:51:29.862+0000] {processor.py:183} INFO - Processing /opt/airflow/dags/step_one.py took 0.081 seconds
[2025-04-09T08:52:00.193+0000] {processor.py:161} INFO - Started process (PID=1818) to work on /opt/airflow/dags/step_one.py
[2025-04-09T08:52:00.195+0000] {processor.py:830} INFO - Processing file /opt/airflow/dags/step_one.py for tasks to queue
[2025-04-09T08:52:00.197+0000] {logging_mixin.py:188} INFO - [2025-04-09T08:52:00.197+0000] {dagbag.py:540} INFO - Filling up the DagBag from /opt/airflow/dags/step_one.py
[2025-04-09T08:52:00.223+0000] {logging_mixin.py:188} INFO - [2025-04-09T08:52:00.223+0000] {connection.py:269} WARNING - Connection schemes (type: google_cloud_platform) shall not contain '_' according to RFC3986.
[2025-04-09T08:52:00.227+0000] {logging_mixin.py:188} INFO - [2025-04-09T08:52:00.227+0000] {base.py:83} INFO - Using connection ID 'google_cloud_default' for task execution.
[2025-04-09T08:52:00.231+0000] {processor.py:840} INFO - DAG(s) 'fetch_filtered_data_and_upload_to_gcs' retrieved from /opt/airflow/dags/step_one.py
[2025-04-09T08:52:00.242+0000] {logging_mixin.py:188} INFO - [2025-04-09T08:52:00.242+0000] {dag.py:3047} INFO - Sync 1 DAGs
[2025-04-09T08:52:00.256+0000] {logging_mixin.py:188} INFO - [2025-04-09T08:52:00.256+0000] {dag.py:3834} INFO - Setting next_dagrun for fetch_filtered_data_and_upload_to_gcs to None, run_after=None
[2025-04-09T08:52:00.285+0000] {processor.py:183} INFO - Processing /opt/airflow/dags/step_one.py took 0.096 seconds
[2025-04-09T08:52:30.747+0000] {processor.py:161} INFO - Started process (PID=1880) to work on /opt/airflow/dags/step_one.py
[2025-04-09T08:52:30.749+0000] {processor.py:830} INFO - Processing file /opt/airflow/dags/step_one.py for tasks to queue
[2025-04-09T08:52:30.751+0000] {logging_mixin.py:188} INFO - [2025-04-09T08:52:30.751+0000] {dagbag.py:540} INFO - Filling up the DagBag from /opt/airflow/dags/step_one.py
[2025-04-09T08:52:30.777+0000] {logging_mixin.py:188} INFO - [2025-04-09T08:52:30.777+0000] {connection.py:269} WARNING - Connection schemes (type: google_cloud_platform) shall not contain '_' according to RFC3986.
[2025-04-09T08:52:30.781+0000] {logging_mixin.py:188} INFO - [2025-04-09T08:52:30.781+0000] {base.py:83} INFO - Using connection ID 'google_cloud_default' for task execution.
[2025-04-09T08:52:30.784+0000] {processor.py:840} INFO - DAG(s) 'fetch_filtered_data_and_upload_to_gcs' retrieved from /opt/airflow/dags/step_one.py
[2025-04-09T08:52:30.796+0000] {logging_mixin.py:188} INFO - [2025-04-09T08:52:30.796+0000] {dag.py:3047} INFO - Sync 1 DAGs
[2025-04-09T08:52:30.810+0000] {logging_mixin.py:188} INFO - [2025-04-09T08:52:30.810+0000] {dag.py:3834} INFO - Setting next_dagrun for fetch_filtered_data_and_upload_to_gcs to None, run_after=None
[2025-04-09T08:52:30.839+0000] {processor.py:183} INFO - Processing /opt/airflow/dags/step_one.py took 0.096 seconds
[2025-04-09T08:53:01.351+0000] {processor.py:161} INFO - Started process (PID=1942) to work on /opt/airflow/dags/step_one.py
[2025-04-09T08:53:01.353+0000] {processor.py:830} INFO - Processing file /opt/airflow/dags/step_one.py for tasks to queue
[2025-04-09T08:53:01.355+0000] {logging_mixin.py:188} INFO - [2025-04-09T08:53:01.355+0000] {dagbag.py:540} INFO - Filling up the DagBag from /opt/airflow/dags/step_one.py
[2025-04-09T08:53:01.381+0000] {logging_mixin.py:188} INFO - [2025-04-09T08:53:01.381+0000] {connection.py:269} WARNING - Connection schemes (type: google_cloud_platform) shall not contain '_' according to RFC3986.
[2025-04-09T08:53:01.385+0000] {logging_mixin.py:188} INFO - [2025-04-09T08:53:01.384+0000] {base.py:83} INFO - Using connection ID 'google_cloud_default' for task execution.
[2025-04-09T08:53:01.388+0000] {processor.py:840} INFO - DAG(s) 'fetch_filtered_data_and_upload_to_gcs' retrieved from /opt/airflow/dags/step_one.py
[2025-04-09T08:53:01.400+0000] {logging_mixin.py:188} INFO - [2025-04-09T08:53:01.400+0000] {dag.py:3047} INFO - Sync 1 DAGs
[2025-04-09T08:53:01.414+0000] {logging_mixin.py:188} INFO - [2025-04-09T08:53:01.414+0000] {dag.py:3834} INFO - Setting next_dagrun for fetch_filtered_data_and_upload_to_gcs to None, run_after=None
[2025-04-09T08:53:01.441+0000] {processor.py:183} INFO - Processing /opt/airflow/dags/step_one.py took 0.093 seconds
[2025-04-09T08:53:32.314+0000] {processor.py:161} INFO - Started process (PID=2004) to work on /opt/airflow/dags/step_one.py
[2025-04-09T08:53:32.315+0000] {processor.py:830} INFO - Processing file /opt/airflow/dags/step_one.py for tasks to queue
[2025-04-09T08:53:32.318+0000] {logging_mixin.py:188} INFO - [2025-04-09T08:53:32.318+0000] {dagbag.py:540} INFO - Filling up the DagBag from /opt/airflow/dags/step_one.py
[2025-04-09T08:53:32.345+0000] {logging_mixin.py:188} INFO - [2025-04-09T08:53:32.345+0000] {connection.py:269} WARNING - Connection schemes (type: google_cloud_platform) shall not contain '_' according to RFC3986.
[2025-04-09T08:53:32.351+0000] {logging_mixin.py:188} INFO - [2025-04-09T08:53:32.351+0000] {base.py:83} INFO - Using connection ID 'google_cloud_default' for task execution.
[2025-04-09T08:53:32.356+0000] {processor.py:840} INFO - DAG(s) 'fetch_filtered_data_and_upload_to_gcs' retrieved from /opt/airflow/dags/step_one.py
[2025-04-09T08:53:32.372+0000] {logging_mixin.py:188} INFO - [2025-04-09T08:53:32.372+0000] {dag.py:3047} INFO - Sync 1 DAGs
[2025-04-09T08:53:32.389+0000] {logging_mixin.py:188} INFO - [2025-04-09T08:53:32.388+0000] {dag.py:3834} INFO - Setting next_dagrun for fetch_filtered_data_and_upload_to_gcs to None, run_after=None
[2025-04-09T08:53:32.414+0000] {processor.py:183} INFO - Processing /opt/airflow/dags/step_one.py took 0.105 seconds
[2025-04-09T08:54:02.703+0000] {processor.py:161} INFO - Started process (PID=2066) to work on /opt/airflow/dags/step_one.py
[2025-04-09T08:54:02.705+0000] {processor.py:830} INFO - Processing file /opt/airflow/dags/step_one.py for tasks to queue
[2025-04-09T08:54:02.708+0000] {logging_mixin.py:188} INFO - [2025-04-09T08:54:02.707+0000] {dagbag.py:540} INFO - Filling up the DagBag from /opt/airflow/dags/step_one.py
[2025-04-09T08:54:02.735+0000] {logging_mixin.py:188} INFO - [2025-04-09T08:54:02.735+0000] {connection.py:269} WARNING - Connection schemes (type: google_cloud_platform) shall not contain '_' according to RFC3986.
[2025-04-09T08:54:02.739+0000] {logging_mixin.py:188} INFO - [2025-04-09T08:54:02.739+0000] {base.py:83} INFO - Using connection ID 'google_cloud_default' for task execution.
[2025-04-09T08:54:02.743+0000] {processor.py:840} INFO - DAG(s) 'fetch_filtered_data_and_upload_to_gcs' retrieved from /opt/airflow/dags/step_one.py
[2025-04-09T08:54:02.756+0000] {logging_mixin.py:188} INFO - [2025-04-09T08:54:02.756+0000] {dag.py:3047} INFO - Sync 1 DAGs
[2025-04-09T08:54:02.770+0000] {logging_mixin.py:188} INFO - [2025-04-09T08:54:02.770+0000] {dag.py:3834} INFO - Setting next_dagrun for fetch_filtered_data_and_upload_to_gcs to None, run_after=None
[2025-04-09T08:54:02.796+0000] {processor.py:183} INFO - Processing /opt/airflow/dags/step_one.py took 0.097 seconds
[2025-04-09T08:54:32.848+0000] {processor.py:161} INFO - Started process (PID=2128) to work on /opt/airflow/dags/step_one.py
[2025-04-09T08:54:32.849+0000] {processor.py:830} INFO - Processing file /opt/airflow/dags/step_one.py for tasks to queue
[2025-04-09T08:54:32.852+0000] {logging_mixin.py:188} INFO - [2025-04-09T08:54:32.851+0000] {dagbag.py:540} INFO - Filling up the DagBag from /opt/airflow/dags/step_one.py
[2025-04-09T08:54:32.873+0000] {logging_mixin.py:188} INFO - [2025-04-09T08:54:32.873+0000] {connection.py:269} WARNING - Connection schemes (type: google_cloud_platform) shall not contain '_' according to RFC3986.
[2025-04-09T08:54:32.877+0000] {logging_mixin.py:188} INFO - [2025-04-09T08:54:32.877+0000] {base.py:83} INFO - Using connection ID 'google_cloud_default' for task execution.
[2025-04-09T08:54:32.881+0000] {processor.py:840} INFO - DAG(s) 'fetch_filtered_data_and_upload_to_gcs' retrieved from /opt/airflow/dags/step_one.py
[2025-04-09T08:54:33.049+0000] {logging_mixin.py:188} INFO - [2025-04-09T08:54:33.049+0000] {dag.py:3047} INFO - Sync 1 DAGs
[2025-04-09T08:54:33.061+0000] {logging_mixin.py:188} INFO - [2025-04-09T08:54:33.061+0000] {dag.py:3834} INFO - Setting next_dagrun for fetch_filtered_data_and_upload_to_gcs to None, run_after=None
[2025-04-09T08:54:33.085+0000] {processor.py:183} INFO - Processing /opt/airflow/dags/step_one.py took 0.241 seconds
[2025-04-09T08:55:04.860+0000] {processor.py:161} INFO - Started process (PID=2190) to work on /opt/airflow/dags/step_one.py
[2025-04-09T08:55:04.863+0000] {processor.py:830} INFO - Processing file /opt/airflow/dags/step_one.py for tasks to queue
[2025-04-09T08:55:04.868+0000] {logging_mixin.py:188} INFO - [2025-04-09T08:55:04.867+0000] {dagbag.py:540} INFO - Filling up the DagBag from /opt/airflow/dags/step_one.py
[2025-04-09T08:55:04.922+0000] {logging_mixin.py:188} INFO - [2025-04-09T08:55:04.922+0000] {connection.py:269} WARNING - Connection schemes (type: google_cloud_platform) shall not contain '_' according to RFC3986.
[2025-04-09T08:55:04.933+0000] {logging_mixin.py:188} INFO - [2025-04-09T08:55:04.932+0000] {base.py:83} INFO - Using connection ID 'google_cloud_default' for task execution.
[2025-04-09T08:55:04.941+0000] {processor.py:840} INFO - DAG(s) 'fetch_filtered_data_and_upload_to_gcs' retrieved from /opt/airflow/dags/step_one.py
[2025-04-09T08:55:05.300+0000] {logging_mixin.py:188} INFO - [2025-04-09T08:55:05.296+0000] {dag.py:3047} INFO - Sync 1 DAGs
[2025-04-09T08:55:05.339+0000] {logging_mixin.py:188} INFO - [2025-04-09T08:55:05.338+0000] {dag.py:3834} INFO - Setting next_dagrun for fetch_filtered_data_and_upload_to_gcs to None, run_after=None
[2025-04-09T08:55:05.403+0000] {processor.py:183} INFO - Processing /opt/airflow/dags/step_one.py took 0.550 seconds
[2025-04-09T08:55:35.718+0000] {processor.py:161} INFO - Started process (PID=2252) to work on /opt/airflow/dags/step_one.py
[2025-04-09T08:55:35.720+0000] {processor.py:830} INFO - Processing file /opt/airflow/dags/step_one.py for tasks to queue
[2025-04-09T08:55:35.723+0000] {logging_mixin.py:188} INFO - [2025-04-09T08:55:35.723+0000] {dagbag.py:540} INFO - Filling up the DagBag from /opt/airflow/dags/step_one.py
[2025-04-09T08:55:35.754+0000] {logging_mixin.py:188} INFO - [2025-04-09T08:55:35.753+0000] {connection.py:269} WARNING - Connection schemes (type: google_cloud_platform) shall not contain '_' according to RFC3986.
[2025-04-09T08:55:35.760+0000] {logging_mixin.py:188} INFO - [2025-04-09T08:55:35.759+0000] {base.py:83} INFO - Using connection ID 'google_cloud_default' for task execution.
[2025-04-09T08:55:35.765+0000] {processor.py:840} INFO - DAG(s) 'fetch_filtered_data_and_upload_to_gcs' retrieved from /opt/airflow/dags/step_one.py
[2025-04-09T08:55:35.781+0000] {logging_mixin.py:188} INFO - [2025-04-09T08:55:35.781+0000] {dag.py:3047} INFO - Sync 1 DAGs
[2025-04-09T08:55:36.012+0000] {logging_mixin.py:188} INFO - [2025-04-09T08:55:36.012+0000] {dag.py:3834} INFO - Setting next_dagrun for fetch_filtered_data_and_upload_to_gcs to None, run_after=None
[2025-04-09T08:55:36.039+0000] {processor.py:183} INFO - Processing /opt/airflow/dags/step_one.py took 0.329 seconds
[2025-04-09T08:56:06.979+0000] {processor.py:161} INFO - Started process (PID=2314) to work on /opt/airflow/dags/step_one.py
[2025-04-09T08:56:06.982+0000] {processor.py:830} INFO - Processing file /opt/airflow/dags/step_one.py for tasks to queue
[2025-04-09T08:56:06.984+0000] {logging_mixin.py:188} INFO - [2025-04-09T08:56:06.984+0000] {dagbag.py:540} INFO - Filling up the DagBag from /opt/airflow/dags/step_one.py
[2025-04-09T08:56:07.016+0000] {logging_mixin.py:188} INFO - [2025-04-09T08:56:07.015+0000] {connection.py:269} WARNING - Connection schemes (type: google_cloud_platform) shall not contain '_' according to RFC3986.
[2025-04-09T08:56:07.020+0000] {logging_mixin.py:188} INFO - [2025-04-09T08:56:07.020+0000] {base.py:83} INFO - Using connection ID 'google_cloud_default' for task execution.
[2025-04-09T08:56:07.024+0000] {processor.py:840} INFO - DAG(s) 'fetch_filtered_data_and_upload_to_gcs' retrieved from /opt/airflow/dags/step_one.py
[2025-04-09T08:56:07.036+0000] {logging_mixin.py:188} INFO - [2025-04-09T08:56:07.036+0000] {dag.py:3047} INFO - Sync 1 DAGs
[2025-04-09T08:56:07.051+0000] {logging_mixin.py:188} INFO - [2025-04-09T08:56:07.051+0000] {dag.py:3834} INFO - Setting next_dagrun for fetch_filtered_data_and_upload_to_gcs to None, run_after=None
[2025-04-09T08:56:07.078+0000] {processor.py:183} INFO - Processing /opt/airflow/dags/step_one.py took 0.102 seconds
[2025-04-09T08:56:37.475+0000] {processor.py:161} INFO - Started process (PID=2382) to work on /opt/airflow/dags/step_one.py
[2025-04-09T08:56:37.477+0000] {processor.py:830} INFO - Processing file /opt/airflow/dags/step_one.py for tasks to queue
[2025-04-09T08:56:37.480+0000] {logging_mixin.py:188} INFO - [2025-04-09T08:56:37.480+0000] {dagbag.py:540} INFO - Filling up the DagBag from /opt/airflow/dags/step_one.py
[2025-04-09T08:56:37.510+0000] {logging_mixin.py:188} INFO - [2025-04-09T08:56:37.509+0000] {connection.py:269} WARNING - Connection schemes (type: google_cloud_platform) shall not contain '_' according to RFC3986.
[2025-04-09T08:56:37.515+0000] {logging_mixin.py:188} INFO - [2025-04-09T08:56:37.515+0000] {base.py:83} INFO - Using connection ID 'google_cloud_default' for task execution.
[2025-04-09T08:56:37.520+0000] {processor.py:840} INFO - DAG(s) 'fetch_filtered_data_and_upload_to_gcs' retrieved from /opt/airflow/dags/step_one.py
[2025-04-09T08:56:37.533+0000] {logging_mixin.py:188} INFO - [2025-04-09T08:56:37.533+0000] {dag.py:3047} INFO - Sync 1 DAGs
[2025-04-09T08:56:37.546+0000] {logging_mixin.py:188} INFO - [2025-04-09T08:56:37.546+0000] {dag.py:3834} INFO - Setting next_dagrun for fetch_filtered_data_and_upload_to_gcs to None, run_after=None
[2025-04-09T08:56:37.575+0000] {processor.py:183} INFO - Processing /opt/airflow/dags/step_one.py took 0.104 seconds
[2025-04-09T08:57:08.317+0000] {processor.py:161} INFO - Started process (PID=2444) to work on /opt/airflow/dags/step_one.py
[2025-04-09T08:57:08.319+0000] {processor.py:830} INFO - Processing file /opt/airflow/dags/step_one.py for tasks to queue
[2025-04-09T08:57:08.322+0000] {logging_mixin.py:188} INFO - [2025-04-09T08:57:08.321+0000] {dagbag.py:540} INFO - Filling up the DagBag from /opt/airflow/dags/step_one.py
[2025-04-09T08:57:08.347+0000] {logging_mixin.py:188} INFO - [2025-04-09T08:57:08.346+0000] {connection.py:269} WARNING - Connection schemes (type: google_cloud_platform) shall not contain '_' according to RFC3986.
[2025-04-09T08:57:08.351+0000] {logging_mixin.py:188} INFO - [2025-04-09T08:57:08.351+0000] {base.py:83} INFO - Using connection ID 'google_cloud_default' for task execution.
[2025-04-09T08:57:08.355+0000] {processor.py:840} INFO - DAG(s) 'fetch_filtered_data_and_upload_to_gcs' retrieved from /opt/airflow/dags/step_one.py
[2025-04-09T08:57:08.369+0000] {logging_mixin.py:188} INFO - [2025-04-09T08:57:08.368+0000] {dag.py:3047} INFO - Sync 1 DAGs
[2025-04-09T08:57:08.384+0000] {logging_mixin.py:188} INFO - [2025-04-09T08:57:08.383+0000] {dag.py:3834} INFO - Setting next_dagrun for fetch_filtered_data_and_upload_to_gcs to None, run_after=None
[2025-04-09T08:57:08.416+0000] {processor.py:183} INFO - Processing /opt/airflow/dags/step_one.py took 0.104 seconds
[2025-04-09T08:57:39.162+0000] {processor.py:161} INFO - Started process (PID=2506) to work on /opt/airflow/dags/step_one.py
[2025-04-09T08:57:39.164+0000] {processor.py:830} INFO - Processing file /opt/airflow/dags/step_one.py for tasks to queue
[2025-04-09T08:57:39.167+0000] {logging_mixin.py:188} INFO - [2025-04-09T08:57:39.166+0000] {dagbag.py:540} INFO - Filling up the DagBag from /opt/airflow/dags/step_one.py
[2025-04-09T08:57:39.193+0000] {logging_mixin.py:188} INFO - [2025-04-09T08:57:39.193+0000] {connection.py:269} WARNING - Connection schemes (type: google_cloud_platform) shall not contain '_' according to RFC3986.
[2025-04-09T08:57:39.198+0000] {logging_mixin.py:188} INFO - [2025-04-09T08:57:39.198+0000] {base.py:83} INFO - Using connection ID 'google_cloud_default' for task execution.
[2025-04-09T08:57:39.202+0000] {processor.py:840} INFO - DAG(s) 'fetch_filtered_data_and_upload_to_gcs' retrieved from /opt/airflow/dags/step_one.py
[2025-04-09T08:57:39.215+0000] {logging_mixin.py:188} INFO - [2025-04-09T08:57:39.214+0000] {dag.py:3047} INFO - Sync 1 DAGs
[2025-04-09T08:57:39.229+0000] {logging_mixin.py:188} INFO - [2025-04-09T08:57:39.229+0000] {dag.py:3834} INFO - Setting next_dagrun for fetch_filtered_data_and_upload_to_gcs to None, run_after=None
[2025-04-09T08:57:39.257+0000] {processor.py:183} INFO - Processing /opt/airflow/dags/step_one.py took 0.099 seconds
[2025-04-09T08:58:09.541+0000] {processor.py:161} INFO - Started process (PID=2568) to work on /opt/airflow/dags/step_one.py
[2025-04-09T08:58:09.544+0000] {processor.py:830} INFO - Processing file /opt/airflow/dags/step_one.py for tasks to queue
[2025-04-09T08:58:09.546+0000] {logging_mixin.py:188} INFO - [2025-04-09T08:58:09.546+0000] {dagbag.py:540} INFO - Filling up the DagBag from /opt/airflow/dags/step_one.py
[2025-04-09T08:58:09.577+0000] {logging_mixin.py:188} INFO - [2025-04-09T08:58:09.576+0000] {connection.py:269} WARNING - Connection schemes (type: google_cloud_platform) shall not contain '_' according to RFC3986.
[2025-04-09T08:58:09.582+0000] {logging_mixin.py:188} INFO - [2025-04-09T08:58:09.582+0000] {base.py:83} INFO - Using connection ID 'google_cloud_default' for task execution.
[2025-04-09T08:58:09.588+0000] {processor.py:840} INFO - DAG(s) 'fetch_filtered_data_and_upload_to_gcs' retrieved from /opt/airflow/dags/step_one.py
[2025-04-09T08:58:09.601+0000] {logging_mixin.py:188} INFO - [2025-04-09T08:58:09.601+0000] {dag.py:3047} INFO - Sync 1 DAGs
[2025-04-09T08:58:09.618+0000] {logging_mixin.py:188} INFO - [2025-04-09T08:58:09.617+0000] {dag.py:3834} INFO - Setting next_dagrun for fetch_filtered_data_and_upload_to_gcs to None, run_after=None
[2025-04-09T08:58:09.659+0000] {processor.py:183} INFO - Processing /opt/airflow/dags/step_one.py took 0.125 seconds
[2025-04-09T08:58:40.590+0000] {processor.py:161} INFO - Started process (PID=2630) to work on /opt/airflow/dags/step_one.py
[2025-04-09T08:58:40.592+0000] {processor.py:830} INFO - Processing file /opt/airflow/dags/step_one.py for tasks to queue
[2025-04-09T08:58:40.595+0000] {logging_mixin.py:188} INFO - [2025-04-09T08:58:40.594+0000] {dagbag.py:540} INFO - Filling up the DagBag from /opt/airflow/dags/step_one.py
[2025-04-09T08:58:40.624+0000] {logging_mixin.py:188} INFO - [2025-04-09T08:58:40.623+0000] {connection.py:269} WARNING - Connection schemes (type: google_cloud_platform) shall not contain '_' according to RFC3986.
[2025-04-09T08:58:40.628+0000] {logging_mixin.py:188} INFO - [2025-04-09T08:58:40.628+0000] {base.py:83} INFO - Using connection ID 'google_cloud_default' for task execution.
[2025-04-09T08:58:40.632+0000] {processor.py:840} INFO - DAG(s) 'fetch_filtered_data_and_upload_to_gcs' retrieved from /opt/airflow/dags/step_one.py
[2025-04-09T08:58:40.643+0000] {logging_mixin.py:188} INFO - [2025-04-09T08:58:40.643+0000] {dag.py:3047} INFO - Sync 1 DAGs
[2025-04-09T08:58:40.657+0000] {logging_mixin.py:188} INFO - [2025-04-09T08:58:40.657+0000] {dag.py:3834} INFO - Setting next_dagrun for fetch_filtered_data_and_upload_to_gcs to None, run_after=None
[2025-04-09T08:58:40.685+0000] {processor.py:183} INFO - Processing /opt/airflow/dags/step_one.py took 0.099 seconds
[2025-04-09T08:59:10.809+0000] {processor.py:161} INFO - Started process (PID=2692) to work on /opt/airflow/dags/step_one.py
[2025-04-09T08:59:10.811+0000] {processor.py:830} INFO - Processing file /opt/airflow/dags/step_one.py for tasks to queue
[2025-04-09T08:59:10.816+0000] {logging_mixin.py:188} INFO - [2025-04-09T08:59:10.816+0000] {dagbag.py:540} INFO - Filling up the DagBag from /opt/airflow/dags/step_one.py
[2025-04-09T08:59:10.846+0000] {logging_mixin.py:188} INFO - [2025-04-09T08:59:10.846+0000] {connection.py:269} WARNING - Connection schemes (type: google_cloud_platform) shall not contain '_' according to RFC3986.
[2025-04-09T08:59:10.851+0000] {logging_mixin.py:188} INFO - [2025-04-09T08:59:10.850+0000] {base.py:83} INFO - Using connection ID 'google_cloud_default' for task execution.
[2025-04-09T08:59:10.854+0000] {processor.py:840} INFO - DAG(s) 'fetch_filtered_data_and_upload_to_gcs' retrieved from /opt/airflow/dags/step_one.py
[2025-04-09T08:59:10.868+0000] {logging_mixin.py:188} INFO - [2025-04-09T08:59:10.867+0000] {dag.py:3047} INFO - Sync 1 DAGs
[2025-04-09T08:59:10.881+0000] {logging_mixin.py:188} INFO - [2025-04-09T08:59:10.880+0000] {dag.py:3834} INFO - Setting next_dagrun for fetch_filtered_data_and_upload_to_gcs to None, run_after=None
[2025-04-09T08:59:10.907+0000] {processor.py:183} INFO - Processing /opt/airflow/dags/step_one.py took 0.102 seconds
[2025-04-09T08:59:41.521+0000] {processor.py:161} INFO - Started process (PID=2754) to work on /opt/airflow/dags/step_one.py
[2025-04-09T08:59:41.525+0000] {processor.py:830} INFO - Processing file /opt/airflow/dags/step_one.py for tasks to queue
[2025-04-09T08:59:41.532+0000] {logging_mixin.py:188} INFO - [2025-04-09T08:59:41.531+0000] {dagbag.py:540} INFO - Filling up the DagBag from /opt/airflow/dags/step_one.py
[2025-04-09T08:59:41.583+0000] {logging_mixin.py:188} INFO - [2025-04-09T08:59:41.582+0000] {connection.py:269} WARNING - Connection schemes (type: google_cloud_platform) shall not contain '_' according to RFC3986.
[2025-04-09T08:59:41.590+0000] {logging_mixin.py:188} INFO - [2025-04-09T08:59:41.590+0000] {base.py:83} INFO - Using connection ID 'google_cloud_default' for task execution.
[2025-04-09T08:59:41.598+0000] {processor.py:840} INFO - DAG(s) 'fetch_filtered_data_and_upload_to_gcs' retrieved from /opt/airflow/dags/step_one.py
[2025-04-09T08:59:41.624+0000] {logging_mixin.py:188} INFO - [2025-04-09T08:59:41.623+0000] {dag.py:3047} INFO - Sync 1 DAGs
[2025-04-09T08:59:41.651+0000] {logging_mixin.py:188} INFO - [2025-04-09T08:59:41.650+0000] {dag.py:3834} INFO - Setting next_dagrun for fetch_filtered_data_and_upload_to_gcs to None, run_after=None
[2025-04-09T08:59:41.684+0000] {processor.py:183} INFO - Processing /opt/airflow/dags/step_one.py took 0.169 seconds
[2025-04-09T09:00:11.821+0000] {processor.py:161} INFO - Started process (PID=2816) to work on /opt/airflow/dags/step_one.py
[2025-04-09T09:00:11.823+0000] {processor.py:830} INFO - Processing file /opt/airflow/dags/step_one.py for tasks to queue
[2025-04-09T09:00:11.826+0000] {logging_mixin.py:188} INFO - [2025-04-09T09:00:11.825+0000] {dagbag.py:540} INFO - Filling up the DagBag from /opt/airflow/dags/step_one.py
[2025-04-09T09:00:11.855+0000] {logging_mixin.py:188} INFO - [2025-04-09T09:00:11.855+0000] {connection.py:269} WARNING - Connection schemes (type: google_cloud_platform) shall not contain '_' according to RFC3986.
[2025-04-09T09:00:11.860+0000] {logging_mixin.py:188} INFO - [2025-04-09T09:00:11.860+0000] {base.py:83} INFO - Using connection ID 'google_cloud_default' for task execution.
[2025-04-09T09:00:11.864+0000] {processor.py:840} INFO - DAG(s) 'fetch_filtered_data_and_upload_to_gcs' retrieved from /opt/airflow/dags/step_one.py
[2025-04-09T09:00:11.877+0000] {logging_mixin.py:188} INFO - [2025-04-09T09:00:11.877+0000] {dag.py:3047} INFO - Sync 1 DAGs
[2025-04-09T09:00:11.890+0000] {logging_mixin.py:188} INFO - [2025-04-09T09:00:11.890+0000] {dag.py:3834} INFO - Setting next_dagrun for fetch_filtered_data_and_upload_to_gcs to None, run_after=None
[2025-04-09T09:00:11.917+0000] {processor.py:183} INFO - Processing /opt/airflow/dags/step_one.py took 0.100 seconds
[2025-04-09T09:00:42.113+0000] {processor.py:161} INFO - Started process (PID=2878) to work on /opt/airflow/dags/step_one.py
[2025-04-09T09:00:42.116+0000] {processor.py:830} INFO - Processing file /opt/airflow/dags/step_one.py for tasks to queue
[2025-04-09T09:00:42.119+0000] {logging_mixin.py:188} INFO - [2025-04-09T09:00:42.118+0000] {dagbag.py:540} INFO - Filling up the DagBag from /opt/airflow/dags/step_one.py
[2025-04-09T09:00:42.146+0000] {logging_mixin.py:188} INFO - [2025-04-09T09:00:42.145+0000] {connection.py:269} WARNING - Connection schemes (type: google_cloud_platform) shall not contain '_' according to RFC3986.
[2025-04-09T09:00:42.150+0000] {logging_mixin.py:188} INFO - [2025-04-09T09:00:42.150+0000] {base.py:83} INFO - Using connection ID 'google_cloud_default' for task execution.
[2025-04-09T09:00:42.153+0000] {processor.py:840} INFO - DAG(s) 'fetch_filtered_data_and_upload_to_gcs' retrieved from /opt/airflow/dags/step_one.py
[2025-04-09T09:00:42.167+0000] {logging_mixin.py:188} INFO - [2025-04-09T09:00:42.167+0000] {dag.py:3047} INFO - Sync 1 DAGs
[2025-04-09T09:00:42.182+0000] {logging_mixin.py:188} INFO - [2025-04-09T09:00:42.181+0000] {dag.py:3834} INFO - Setting next_dagrun for fetch_filtered_data_and_upload_to_gcs to None, run_after=None
[2025-04-09T09:00:42.208+0000] {processor.py:183} INFO - Processing /opt/airflow/dags/step_one.py took 0.100 seconds
[2025-04-09T09:01:12.407+0000] {processor.py:161} INFO - Started process (PID=2940) to work on /opt/airflow/dags/step_one.py
[2025-04-09T09:01:12.410+0000] {processor.py:830} INFO - Processing file /opt/airflow/dags/step_one.py for tasks to queue
[2025-04-09T09:01:12.413+0000] {logging_mixin.py:188} INFO - [2025-04-09T09:01:12.412+0000] {dagbag.py:540} INFO - Filling up the DagBag from /opt/airflow/dags/step_one.py
[2025-04-09T09:01:12.461+0000] {logging_mixin.py:188} INFO - [2025-04-09T09:01:12.460+0000] {connection.py:269} WARNING - Connection schemes (type: google_cloud_platform) shall not contain '_' according to RFC3986.
[2025-04-09T09:01:12.470+0000] {logging_mixin.py:188} INFO - [2025-04-09T09:01:12.469+0000] {base.py:83} INFO - Using connection ID 'google_cloud_default' for task execution.
[2025-04-09T09:01:12.476+0000] {processor.py:840} INFO - DAG(s) 'fetch_filtered_data_and_upload_to_gcs' retrieved from /opt/airflow/dags/step_one.py
[2025-04-09T09:01:12.498+0000] {logging_mixin.py:188} INFO - [2025-04-09T09:01:12.498+0000] {dag.py:3047} INFO - Sync 1 DAGs
[2025-04-09T09:01:12.521+0000] {logging_mixin.py:188} INFO - [2025-04-09T09:01:12.520+0000] {dag.py:3834} INFO - Setting next_dagrun for fetch_filtered_data_and_upload_to_gcs to None, run_after=None
[2025-04-09T09:01:12.550+0000] {processor.py:183} INFO - Processing /opt/airflow/dags/step_one.py took 0.148 seconds
[2025-04-09T09:01:42.642+0000] {processor.py:161} INFO - Started process (PID=3008) to work on /opt/airflow/dags/step_one.py
[2025-04-09T09:01:42.644+0000] {processor.py:830} INFO - Processing file /opt/airflow/dags/step_one.py for tasks to queue
[2025-04-09T09:01:42.647+0000] {logging_mixin.py:188} INFO - [2025-04-09T09:01:42.646+0000] {dagbag.py:540} INFO - Filling up the DagBag from /opt/airflow/dags/step_one.py
[2025-04-09T09:01:42.674+0000] {logging_mixin.py:188} INFO - [2025-04-09T09:01:42.674+0000] {connection.py:269} WARNING - Connection schemes (type: google_cloud_platform) shall not contain '_' according to RFC3986.
[2025-04-09T09:01:42.679+0000] {logging_mixin.py:188} INFO - [2025-04-09T09:01:42.679+0000] {base.py:83} INFO - Using connection ID 'google_cloud_default' for task execution.
[2025-04-09T09:01:42.683+0000] {processor.py:840} INFO - DAG(s) 'fetch_filtered_data_and_upload_to_gcs' retrieved from /opt/airflow/dags/step_one.py
[2025-04-09T09:01:42.707+0000] {logging_mixin.py:188} INFO - [2025-04-09T09:01:42.707+0000] {dag.py:3047} INFO - Sync 1 DAGs
[2025-04-09T09:01:42.769+0000] {logging_mixin.py:188} INFO - [2025-04-09T09:01:42.768+0000] {dag.py:3834} INFO - Setting next_dagrun for fetch_filtered_data_and_upload_to_gcs to None, run_after=None
[2025-04-09T09:01:42.804+0000] {processor.py:183} INFO - Processing /opt/airflow/dags/step_one.py took 0.166 seconds
[2025-04-09T09:02:13.105+0000] {processor.py:161} INFO - Started process (PID=3070) to work on /opt/airflow/dags/step_one.py
[2025-04-09T09:02:13.108+0000] {processor.py:830} INFO - Processing file /opt/airflow/dags/step_one.py for tasks to queue
[2025-04-09T09:02:13.111+0000] {logging_mixin.py:188} INFO - [2025-04-09T09:02:13.110+0000] {dagbag.py:540} INFO - Filling up the DagBag from /opt/airflow/dags/step_one.py
[2025-04-09T09:02:13.139+0000] {logging_mixin.py:188} INFO - [2025-04-09T09:02:13.139+0000] {connection.py:269} WARNING - Connection schemes (type: google_cloud_platform) shall not contain '_' according to RFC3986.
[2025-04-09T09:02:13.144+0000] {logging_mixin.py:188} INFO - [2025-04-09T09:02:13.144+0000] {base.py:83} INFO - Using connection ID 'google_cloud_default' for task execution.
[2025-04-09T09:02:13.147+0000] {processor.py:840} INFO - DAG(s) 'fetch_filtered_data_and_upload_to_gcs' retrieved from /opt/airflow/dags/step_one.py
[2025-04-09T09:02:13.160+0000] {logging_mixin.py:188} INFO - [2025-04-09T09:02:13.159+0000] {dag.py:3047} INFO - Sync 1 DAGs
[2025-04-09T09:02:13.173+0000] {logging_mixin.py:188} INFO - [2025-04-09T09:02:13.172+0000] {dag.py:3834} INFO - Setting next_dagrun for fetch_filtered_data_and_upload_to_gcs to None, run_after=None
[2025-04-09T09:02:13.198+0000] {processor.py:183} INFO - Processing /opt/airflow/dags/step_one.py took 0.098 seconds
[2025-04-09T09:02:43.411+0000] {processor.py:161} INFO - Started process (PID=3132) to work on /opt/airflow/dags/step_one.py
[2025-04-09T09:02:43.414+0000] {processor.py:830} INFO - Processing file /opt/airflow/dags/step_one.py for tasks to queue
[2025-04-09T09:02:43.416+0000] {logging_mixin.py:188} INFO - [2025-04-09T09:02:43.416+0000] {dagbag.py:540} INFO - Filling up the DagBag from /opt/airflow/dags/step_one.py
[2025-04-09T09:02:43.444+0000] {logging_mixin.py:188} INFO - [2025-04-09T09:02:43.444+0000] {connection.py:269} WARNING - Connection schemes (type: google_cloud_platform) shall not contain '_' according to RFC3986.
[2025-04-09T09:02:43.449+0000] {logging_mixin.py:188} INFO - [2025-04-09T09:02:43.448+0000] {base.py:83} INFO - Using connection ID 'google_cloud_default' for task execution.
[2025-04-09T09:02:43.452+0000] {processor.py:840} INFO - DAG(s) 'fetch_filtered_data_and_upload_to_gcs' retrieved from /opt/airflow/dags/step_one.py
[2025-04-09T09:02:43.465+0000] {logging_mixin.py:188} INFO - [2025-04-09T09:02:43.465+0000] {dag.py:3047} INFO - Sync 1 DAGs
[2025-04-09T09:02:43.478+0000] {logging_mixin.py:188} INFO - [2025-04-09T09:02:43.478+0000] {dag.py:3834} INFO - Setting next_dagrun for fetch_filtered_data_and_upload_to_gcs to None, run_after=None
[2025-04-09T09:02:43.505+0000] {processor.py:183} INFO - Processing /opt/airflow/dags/step_one.py took 0.098 seconds
[2025-04-09T09:03:13.605+0000] {processor.py:161} INFO - Started process (PID=3194) to work on /opt/airflow/dags/step_one.py
[2025-04-09T09:03:13.607+0000] {processor.py:830} INFO - Processing file /opt/airflow/dags/step_one.py for tasks to queue
[2025-04-09T09:03:13.611+0000] {logging_mixin.py:188} INFO - [2025-04-09T09:03:13.610+0000] {dagbag.py:540} INFO - Filling up the DagBag from /opt/airflow/dags/step_one.py
[2025-04-09T09:03:13.640+0000] {logging_mixin.py:188} INFO - [2025-04-09T09:03:13.639+0000] {connection.py:269} WARNING - Connection schemes (type: google_cloud_platform) shall not contain '_' according to RFC3986.
[2025-04-09T09:03:13.644+0000] {logging_mixin.py:188} INFO - [2025-04-09T09:03:13.644+0000] {base.py:83} INFO - Using connection ID 'google_cloud_default' for task execution.
[2025-04-09T09:03:13.649+0000] {processor.py:840} INFO - DAG(s) 'fetch_filtered_data_and_upload_to_gcs' retrieved from /opt/airflow/dags/step_one.py
[2025-04-09T09:03:13.664+0000] {logging_mixin.py:188} INFO - [2025-04-09T09:03:13.663+0000] {dag.py:3047} INFO - Sync 1 DAGs
[2025-04-09T09:03:13.678+0000] {logging_mixin.py:188} INFO - [2025-04-09T09:03:13.678+0000] {dag.py:3834} INFO - Setting next_dagrun for fetch_filtered_data_and_upload_to_gcs to None, run_after=None
[2025-04-09T09:03:13.705+0000] {processor.py:183} INFO - Processing /opt/airflow/dags/step_one.py took 0.104 seconds
[2025-04-09T09:03:43.882+0000] {processor.py:161} INFO - Started process (PID=3256) to work on /opt/airflow/dags/step_one.py
[2025-04-09T09:03:43.884+0000] {processor.py:830} INFO - Processing file /opt/airflow/dags/step_one.py for tasks to queue
[2025-04-09T09:03:43.886+0000] {logging_mixin.py:188} INFO - [2025-04-09T09:03:43.886+0000] {dagbag.py:540} INFO - Filling up the DagBag from /opt/airflow/dags/step_one.py
[2025-04-09T09:03:43.912+0000] {logging_mixin.py:188} INFO - [2025-04-09T09:03:43.911+0000] {connection.py:269} WARNING - Connection schemes (type: google_cloud_platform) shall not contain '_' according to RFC3986.
[2025-04-09T09:03:43.916+0000] {logging_mixin.py:188} INFO - [2025-04-09T09:03:43.915+0000] {base.py:83} INFO - Using connection ID 'google_cloud_default' for task execution.
[2025-04-09T09:03:43.920+0000] {processor.py:840} INFO - DAG(s) 'fetch_filtered_data_and_upload_to_gcs' retrieved from /opt/airflow/dags/step_one.py
[2025-04-09T09:03:43.933+0000] {logging_mixin.py:188} INFO - [2025-04-09T09:03:43.932+0000] {dag.py:3047} INFO - Sync 1 DAGs
[2025-04-09T09:03:43.949+0000] {logging_mixin.py:188} INFO - [2025-04-09T09:03:43.948+0000] {dag.py:3834} INFO - Setting next_dagrun for fetch_filtered_data_and_upload_to_gcs to None, run_after=None
[2025-04-09T09:03:43.979+0000] {processor.py:183} INFO - Processing /opt/airflow/dags/step_one.py took 0.101 seconds
[2025-04-09T09:04:14.176+0000] {processor.py:161} INFO - Started process (PID=3318) to work on /opt/airflow/dags/step_one.py
[2025-04-09T09:04:14.178+0000] {processor.py:830} INFO - Processing file /opt/airflow/dags/step_one.py for tasks to queue
[2025-04-09T09:04:14.180+0000] {logging_mixin.py:188} INFO - [2025-04-09T09:04:14.179+0000] {dagbag.py:540} INFO - Filling up the DagBag from /opt/airflow/dags/step_one.py
[2025-04-09T09:04:14.207+0000] {logging_mixin.py:188} INFO - [2025-04-09T09:04:14.206+0000] {connection.py:269} WARNING - Connection schemes (type: google_cloud_platform) shall not contain '_' according to RFC3986.
[2025-04-09T09:04:14.210+0000] {logging_mixin.py:188} INFO - [2025-04-09T09:04:14.210+0000] {base.py:83} INFO - Using connection ID 'google_cloud_default' for task execution.
[2025-04-09T09:04:14.214+0000] {processor.py:840} INFO - DAG(s) 'fetch_filtered_data_and_upload_to_gcs' retrieved from /opt/airflow/dags/step_one.py
[2025-04-09T09:04:14.227+0000] {logging_mixin.py:188} INFO - [2025-04-09T09:04:14.227+0000] {dag.py:3047} INFO - Sync 1 DAGs
[2025-04-09T09:04:14.240+0000] {logging_mixin.py:188} INFO - [2025-04-09T09:04:14.240+0000] {dag.py:3834} INFO - Setting next_dagrun for fetch_filtered_data_and_upload_to_gcs to None, run_after=None
[2025-04-09T09:04:14.265+0000] {processor.py:183} INFO - Processing /opt/airflow/dags/step_one.py took 0.093 seconds
[2025-04-09T09:04:44.551+0000] {processor.py:161} INFO - Started process (PID=3380) to work on /opt/airflow/dags/step_one.py
[2025-04-09T09:04:44.553+0000] {processor.py:830} INFO - Processing file /opt/airflow/dags/step_one.py for tasks to queue
[2025-04-09T09:04:44.556+0000] {logging_mixin.py:188} INFO - [2025-04-09T09:04:44.555+0000] {dagbag.py:540} INFO - Filling up the DagBag from /opt/airflow/dags/step_one.py
[2025-04-09T09:04:44.583+0000] {logging_mixin.py:188} INFO - [2025-04-09T09:04:44.583+0000] {connection.py:269} WARNING - Connection schemes (type: google_cloud_platform) shall not contain '_' according to RFC3986.
[2025-04-09T09:04:44.589+0000] {logging_mixin.py:188} INFO - [2025-04-09T09:04:44.588+0000] {base.py:83} INFO - Using connection ID 'google_cloud_default' for task execution.
[2025-04-09T09:04:44.592+0000] {processor.py:840} INFO - DAG(s) 'fetch_filtered_data_and_upload_to_gcs' retrieved from /opt/airflow/dags/step_one.py
[2025-04-09T09:04:44.604+0000] {logging_mixin.py:188} INFO - [2025-04-09T09:04:44.604+0000] {dag.py:3047} INFO - Sync 1 DAGs
[2025-04-09T09:04:44.617+0000] {logging_mixin.py:188} INFO - [2025-04-09T09:04:44.617+0000] {dag.py:3834} INFO - Setting next_dagrun for fetch_filtered_data_and_upload_to_gcs to None, run_after=None
[2025-04-09T09:04:44.645+0000] {processor.py:183} INFO - Processing /opt/airflow/dags/step_one.py took 0.099 seconds
[2025-04-09T09:05:10.889+0000] {processor.py:161} INFO - Started process (PID=3431) to work on /opt/airflow/dags/step_one.py
[2025-04-09T09:05:10.891+0000] {processor.py:830} INFO - Processing file /opt/airflow/dags/step_one.py for tasks to queue
[2025-04-09T09:05:10.894+0000] {logging_mixin.py:188} INFO - [2025-04-09T09:05:10.893+0000] {dagbag.py:540} INFO - Filling up the DagBag from /opt/airflow/dags/step_one.py
[2025-04-09T09:05:10.924+0000] {logging_mixin.py:188} INFO - [2025-04-09T09:05:10.924+0000] {connection.py:269} WARNING - Connection schemes (type: google_cloud_platform) shall not contain '_' according to RFC3986.
[2025-04-09T09:05:10.929+0000] {logging_mixin.py:188} INFO - [2025-04-09T09:05:10.928+0000] {base.py:83} INFO - Using connection ID 'google_cloud_default' for task execution.
[2025-04-09T09:05:10.934+0000] {processor.py:840} INFO - DAG(s) 'fetch_filtered_data_and_upload_to_gcs' retrieved from /opt/airflow/dags/step_one.py
[2025-04-09T09:05:11.053+0000] {logging_mixin.py:188} INFO - [2025-04-09T09:05:11.053+0000] {dag.py:3047} INFO - Sync 1 DAGs
[2025-04-09T09:05:11.067+0000] {logging_mixin.py:188} INFO - [2025-04-09T09:05:11.066+0000] {dag.py:3834} INFO - Setting next_dagrun for fetch_filtered_data_and_upload_to_gcs to None, run_after=None
[2025-04-09T09:05:11.103+0000] {processor.py:183} INFO - Processing /opt/airflow/dags/step_one.py took 0.217 seconds
[2025-04-09T09:05:41.387+0000] {processor.py:161} INFO - Started process (PID=3493) to work on /opt/airflow/dags/step_one.py
[2025-04-09T09:05:41.389+0000] {processor.py:830} INFO - Processing file /opt/airflow/dags/step_one.py for tasks to queue
[2025-04-09T09:05:41.392+0000] {logging_mixin.py:188} INFO - [2025-04-09T09:05:41.392+0000] {dagbag.py:540} INFO - Filling up the DagBag from /opt/airflow/dags/step_one.py
[2025-04-09T09:05:41.419+0000] {logging_mixin.py:188} INFO - [2025-04-09T09:05:41.419+0000] {connection.py:269} WARNING - Connection schemes (type: google_cloud_platform) shall not contain '_' according to RFC3986.
[2025-04-09T09:05:41.423+0000] {logging_mixin.py:188} INFO - [2025-04-09T09:05:41.423+0000] {base.py:83} INFO - Using connection ID 'google_cloud_default' for task execution.
[2025-04-09T09:05:41.427+0000] {processor.py:840} INFO - DAG(s) 'fetch_filtered_data_and_upload_to_gcs' retrieved from /opt/airflow/dags/step_one.py
[2025-04-09T09:05:41.442+0000] {logging_mixin.py:188} INFO - [2025-04-09T09:05:41.442+0000] {dag.py:3047} INFO - Sync 1 DAGs
[2025-04-09T09:05:41.455+0000] {logging_mixin.py:188} INFO - [2025-04-09T09:05:41.455+0000] {dag.py:3834} INFO - Setting next_dagrun for fetch_filtered_data_and_upload_to_gcs to None, run_after=None
[2025-04-09T09:05:41.483+0000] {processor.py:183} INFO - Processing /opt/airflow/dags/step_one.py took 0.101 seconds
