[2025-04-09T08:37:48.617+0000] {processor.py:161} INFO - Started process (PID=57) to work on /opt/airflow/dags/step_four.py
[2025-04-09T08:37:48.618+0000] {processor.py:830} INFO - Processing file /opt/airflow/dags/step_four.py for tasks to queue
[2025-04-09T08:37:48.623+0000] {logging_mixin.py:188} INFO - [2025-04-09T08:37:48.622+0000] {dagbag.py:540} INFO - Filling up the DagBag from /opt/airflow/dags/step_four.py
[2025-04-09T08:37:48.645+0000] {processor.py:840} INFO - DAG(s) 'clean_and_move_to_final_table' retrieved from /opt/airflow/dags/step_four.py
[2025-04-09T08:37:48.870+0000] {logging_mixin.py:188} INFO - [2025-04-09T08:37:48.869+0000] {dag.py:3047} INFO - Sync 1 DAGs
[2025-04-09T08:37:48.894+0000] {logging_mixin.py:188} INFO - [2025-04-09T08:37:48.893+0000] {dag.py:3834} INFO - Setting next_dagrun for clean_and_move_to_final_table to None, run_after=None
[2025-04-09T08:37:48.930+0000] {processor.py:183} INFO - Processing /opt/airflow/dags/step_four.py took 0.320 seconds
[2025-04-09T08:38:19.027+0000] {processor.py:161} INFO - Started process (PID=119) to work on /opt/airflow/dags/step_four.py
[2025-04-09T08:38:19.029+0000] {processor.py:830} INFO - Processing file /opt/airflow/dags/step_four.py for tasks to queue
[2025-04-09T08:38:19.032+0000] {logging_mixin.py:188} INFO - [2025-04-09T08:38:19.031+0000] {dagbag.py:540} INFO - Filling up the DagBag from /opt/airflow/dags/step_four.py
[2025-04-09T08:38:19.043+0000] {processor.py:840} INFO - DAG(s) 'clean_and_move_to_final_table' retrieved from /opt/airflow/dags/step_four.py
[2025-04-09T08:38:19.065+0000] {logging_mixin.py:188} INFO - [2025-04-09T08:38:19.065+0000] {dag.py:3047} INFO - Sync 1 DAGs
[2025-04-09T08:38:19.080+0000] {logging_mixin.py:188} INFO - [2025-04-09T08:38:19.080+0000] {dag.py:3834} INFO - Setting next_dagrun for clean_and_move_to_final_table to None, run_after=None
[2025-04-09T08:38:19.104+0000] {processor.py:183} INFO - Processing /opt/airflow/dags/step_four.py took 0.080 seconds
[2025-04-09T08:38:49.499+0000] {processor.py:161} INFO - Started process (PID=187) to work on /opt/airflow/dags/step_four.py
[2025-04-09T08:38:49.503+0000] {processor.py:830} INFO - Processing file /opt/airflow/dags/step_four.py for tasks to queue
[2025-04-09T08:38:49.510+0000] {logging_mixin.py:188} INFO - [2025-04-09T08:38:49.509+0000] {dagbag.py:540} INFO - Filling up the DagBag from /opt/airflow/dags/step_four.py
[2025-04-09T08:38:49.521+0000] {processor.py:840} INFO - DAG(s) 'clean_and_move_to_final_table' retrieved from /opt/airflow/dags/step_four.py
[2025-04-09T08:38:49.558+0000] {logging_mixin.py:188} INFO - [2025-04-09T08:38:49.558+0000] {dag.py:3047} INFO - Sync 1 DAGs
[2025-04-09T08:38:49.586+0000] {logging_mixin.py:188} INFO - [2025-04-09T08:38:49.586+0000] {dag.py:3834} INFO - Setting next_dagrun for clean_and_move_to_final_table to None, run_after=None
[2025-04-09T08:38:49.664+0000] {processor.py:183} INFO - Processing /opt/airflow/dags/step_four.py took 0.171 seconds
[2025-04-09T08:39:20.011+0000] {processor.py:161} INFO - Started process (PID=249) to work on /opt/airflow/dags/step_four.py
[2025-04-09T08:39:20.012+0000] {processor.py:830} INFO - Processing file /opt/airflow/dags/step_four.py for tasks to queue
[2025-04-09T08:39:20.016+0000] {logging_mixin.py:188} INFO - [2025-04-09T08:39:20.015+0000] {dagbag.py:540} INFO - Filling up the DagBag from /opt/airflow/dags/step_four.py
[2025-04-09T08:39:20.023+0000] {processor.py:840} INFO - DAG(s) 'clean_and_move_to_final_table' retrieved from /opt/airflow/dags/step_four.py
[2025-04-09T08:39:20.042+0000] {logging_mixin.py:188} INFO - [2025-04-09T08:39:20.042+0000] {dag.py:3047} INFO - Sync 1 DAGs
[2025-04-09T08:39:20.053+0000] {logging_mixin.py:188} INFO - [2025-04-09T08:39:20.053+0000] {dag.py:3834} INFO - Setting next_dagrun for clean_and_move_to_final_table to None, run_after=None
[2025-04-09T08:39:20.073+0000] {processor.py:183} INFO - Processing /opt/airflow/dags/step_four.py took 0.066 seconds
[2025-04-09T08:39:50.658+0000] {processor.py:161} INFO - Started process (PID=311) to work on /opt/airflow/dags/step_four.py
[2025-04-09T08:39:50.659+0000] {processor.py:830} INFO - Processing file /opt/airflow/dags/step_four.py for tasks to queue
[2025-04-09T08:39:50.662+0000] {logging_mixin.py:188} INFO - [2025-04-09T08:39:50.662+0000] {dagbag.py:540} INFO - Filling up the DagBag from /opt/airflow/dags/step_four.py
[2025-04-09T08:39:50.669+0000] {processor.py:840} INFO - DAG(s) 'clean_and_move_to_final_table' retrieved from /opt/airflow/dags/step_four.py
[2025-04-09T08:39:50.689+0000] {logging_mixin.py:188} INFO - [2025-04-09T08:39:50.689+0000] {dag.py:3047} INFO - Sync 1 DAGs
[2025-04-09T08:39:50.703+0000] {logging_mixin.py:188} INFO - [2025-04-09T08:39:50.703+0000] {dag.py:3834} INFO - Setting next_dagrun for clean_and_move_to_final_table to None, run_after=None
[2025-04-09T08:39:50.724+0000] {processor.py:183} INFO - Processing /opt/airflow/dags/step_four.py took 0.070 seconds
[2025-04-09T08:40:20.798+0000] {processor.py:161} INFO - Started process (PID=373) to work on /opt/airflow/dags/step_four.py
[2025-04-09T08:40:20.799+0000] {processor.py:830} INFO - Processing file /opt/airflow/dags/step_four.py for tasks to queue
[2025-04-09T08:40:20.803+0000] {logging_mixin.py:188} INFO - [2025-04-09T08:40:20.802+0000] {dagbag.py:540} INFO - Filling up the DagBag from /opt/airflow/dags/step_four.py
[2025-04-09T08:40:20.813+0000] {processor.py:840} INFO - DAG(s) 'clean_and_move_to_final_table' retrieved from /opt/airflow/dags/step_four.py
[2025-04-09T08:40:20.838+0000] {logging_mixin.py:188} INFO - [2025-04-09T08:40:20.837+0000] {dag.py:3047} INFO - Sync 1 DAGs
[2025-04-09T08:40:20.860+0000] {logging_mixin.py:188} INFO - [2025-04-09T08:40:20.859+0000] {dag.py:3834} INFO - Setting next_dagrun for clean_and_move_to_final_table to None, run_after=None
[2025-04-09T08:40:20.899+0000] {processor.py:183} INFO - Processing /opt/airflow/dags/step_four.py took 0.106 seconds
[2025-04-09T08:40:51.878+0000] {processor.py:161} INFO - Started process (PID=435) to work on /opt/airflow/dags/step_four.py
[2025-04-09T08:40:51.880+0000] {processor.py:830} INFO - Processing file /opt/airflow/dags/step_four.py for tasks to queue
[2025-04-09T08:40:51.883+0000] {logging_mixin.py:188} INFO - [2025-04-09T08:40:51.882+0000] {dagbag.py:540} INFO - Filling up the DagBag from /opt/airflow/dags/step_four.py
[2025-04-09T08:40:51.890+0000] {processor.py:840} INFO - DAG(s) 'clean_and_move_to_final_table' retrieved from /opt/airflow/dags/step_four.py
[2025-04-09T08:40:51.917+0000] {logging_mixin.py:188} INFO - [2025-04-09T08:40:51.916+0000] {dag.py:3047} INFO - Sync 1 DAGs
[2025-04-09T08:40:51.931+0000] {logging_mixin.py:188} INFO - [2025-04-09T08:40:51.931+0000] {dag.py:3834} INFO - Setting next_dagrun for clean_and_move_to_final_table to None, run_after=None
[2025-04-09T08:40:51.959+0000] {processor.py:183} INFO - Processing /opt/airflow/dags/step_four.py took 0.085 seconds
[2025-04-09T08:41:22.317+0000] {processor.py:161} INFO - Started process (PID=497) to work on /opt/airflow/dags/step_four.py
[2025-04-09T08:41:22.319+0000] {processor.py:830} INFO - Processing file /opt/airflow/dags/step_four.py for tasks to queue
[2025-04-09T08:41:22.323+0000] {logging_mixin.py:188} INFO - [2025-04-09T08:41:22.322+0000] {dagbag.py:540} INFO - Filling up the DagBag from /opt/airflow/dags/step_four.py
[2025-04-09T08:41:22.330+0000] {processor.py:840} INFO - DAG(s) 'clean_and_move_to_final_table' retrieved from /opt/airflow/dags/step_four.py
[2025-04-09T08:41:22.356+0000] {logging_mixin.py:188} INFO - [2025-04-09T08:41:22.355+0000] {dag.py:3047} INFO - Sync 1 DAGs
[2025-04-09T08:41:22.374+0000] {logging_mixin.py:188} INFO - [2025-04-09T08:41:22.373+0000] {dag.py:3834} INFO - Setting next_dagrun for clean_and_move_to_final_table to None, run_after=None
[2025-04-09T08:41:22.403+0000] {processor.py:183} INFO - Processing /opt/airflow/dags/step_four.py took 0.090 seconds
[2025-04-09T08:41:52.746+0000] {processor.py:161} INFO - Started process (PID=559) to work on /opt/airflow/dags/step_four.py
[2025-04-09T08:41:52.748+0000] {processor.py:830} INFO - Processing file /opt/airflow/dags/step_four.py for tasks to queue
[2025-04-09T08:41:52.750+0000] {logging_mixin.py:188} INFO - [2025-04-09T08:41:52.750+0000] {dagbag.py:540} INFO - Filling up the DagBag from /opt/airflow/dags/step_four.py
[2025-04-09T08:41:52.757+0000] {processor.py:840} INFO - DAG(s) 'clean_and_move_to_final_table' retrieved from /opt/airflow/dags/step_four.py
[2025-04-09T08:41:52.783+0000] {logging_mixin.py:188} INFO - [2025-04-09T08:41:52.782+0000] {dag.py:3047} INFO - Sync 1 DAGs
[2025-04-09T08:41:52.800+0000] {logging_mixin.py:188} INFO - [2025-04-09T08:41:52.800+0000] {dag.py:3834} INFO - Setting next_dagrun for clean_and_move_to_final_table to None, run_after=None
[2025-04-09T08:41:52.828+0000] {processor.py:183} INFO - Processing /opt/airflow/dags/step_four.py took 0.086 seconds
[2025-04-09T08:42:23.262+0000] {processor.py:161} INFO - Started process (PID=621) to work on /opt/airflow/dags/step_four.py
[2025-04-09T08:42:23.264+0000] {processor.py:830} INFO - Processing file /opt/airflow/dags/step_four.py for tasks to queue
[2025-04-09T08:42:23.267+0000] {logging_mixin.py:188} INFO - [2025-04-09T08:42:23.266+0000] {dagbag.py:540} INFO - Filling up the DagBag from /opt/airflow/dags/step_four.py
[2025-04-09T08:42:23.273+0000] {processor.py:840} INFO - DAG(s) 'clean_and_move_to_final_table' retrieved from /opt/airflow/dags/step_four.py
[2025-04-09T08:42:23.296+0000] {logging_mixin.py:188} INFO - [2025-04-09T08:42:23.295+0000] {dag.py:3047} INFO - Sync 1 DAGs
[2025-04-09T08:42:23.310+0000] {logging_mixin.py:188} INFO - [2025-04-09T08:42:23.310+0000] {dag.py:3834} INFO - Setting next_dagrun for clean_and_move_to_final_table to None, run_after=None
[2025-04-09T08:42:23.332+0000] {processor.py:183} INFO - Processing /opt/airflow/dags/step_four.py took 0.074 seconds
[2025-04-09T08:42:54.093+0000] {processor.py:161} INFO - Started process (PID=683) to work on /opt/airflow/dags/step_four.py
[2025-04-09T08:42:54.095+0000] {processor.py:830} INFO - Processing file /opt/airflow/dags/step_four.py for tasks to queue
[2025-04-09T08:42:54.099+0000] {logging_mixin.py:188} INFO - [2025-04-09T08:42:54.098+0000] {dagbag.py:540} INFO - Filling up the DagBag from /opt/airflow/dags/step_four.py
[2025-04-09T08:42:54.107+0000] {processor.py:840} INFO - DAG(s) 'clean_and_move_to_final_table' retrieved from /opt/airflow/dags/step_four.py
[2025-04-09T08:42:54.135+0000] {logging_mixin.py:188} INFO - [2025-04-09T08:42:54.134+0000] {dag.py:3047} INFO - Sync 1 DAGs
[2025-04-09T08:42:54.156+0000] {logging_mixin.py:188} INFO - [2025-04-09T08:42:54.155+0000] {dag.py:3834} INFO - Setting next_dagrun for clean_and_move_to_final_table to None, run_after=None
[2025-04-09T08:42:54.182+0000] {processor.py:183} INFO - Processing /opt/airflow/dags/step_four.py took 0.094 seconds
[2025-04-09T08:43:24.258+0000] {processor.py:161} INFO - Started process (PID=745) to work on /opt/airflow/dags/step_four.py
[2025-04-09T08:43:24.260+0000] {processor.py:830} INFO - Processing file /opt/airflow/dags/step_four.py for tasks to queue
[2025-04-09T08:43:24.263+0000] {logging_mixin.py:188} INFO - [2025-04-09T08:43:24.263+0000] {dagbag.py:540} INFO - Filling up the DagBag from /opt/airflow/dags/step_four.py
[2025-04-09T08:43:24.272+0000] {processor.py:840} INFO - DAG(s) 'clean_and_move_to_final_table' retrieved from /opt/airflow/dags/step_four.py
[2025-04-09T08:43:24.293+0000] {logging_mixin.py:188} INFO - [2025-04-09T08:43:24.293+0000] {dag.py:3047} INFO - Sync 1 DAGs
[2025-04-09T08:43:24.308+0000] {logging_mixin.py:188} INFO - [2025-04-09T08:43:24.308+0000] {dag.py:3834} INFO - Setting next_dagrun for clean_and_move_to_final_table to None, run_after=None
[2025-04-09T08:43:24.332+0000] {processor.py:183} INFO - Processing /opt/airflow/dags/step_four.py took 0.078 seconds
[2025-04-09T08:43:54.432+0000] {processor.py:161} INFO - Started process (PID=807) to work on /opt/airflow/dags/step_four.py
[2025-04-09T08:43:54.433+0000] {processor.py:830} INFO - Processing file /opt/airflow/dags/step_four.py for tasks to queue
[2025-04-09T08:43:54.436+0000] {logging_mixin.py:188} INFO - [2025-04-09T08:43:54.436+0000] {dagbag.py:540} INFO - Filling up the DagBag from /opt/airflow/dags/step_four.py
[2025-04-09T08:43:54.445+0000] {processor.py:840} INFO - DAG(s) 'clean_and_move_to_final_table' retrieved from /opt/airflow/dags/step_four.py
[2025-04-09T08:43:54.468+0000] {logging_mixin.py:188} INFO - [2025-04-09T08:43:54.468+0000] {dag.py:3047} INFO - Sync 1 DAGs
[2025-04-09T08:43:54.482+0000] {logging_mixin.py:188} INFO - [2025-04-09T08:43:54.482+0000] {dag.py:3834} INFO - Setting next_dagrun for clean_and_move_to_final_table to None, run_after=None
[2025-04-09T08:43:54.505+0000] {processor.py:183} INFO - Processing /opt/airflow/dags/step_four.py took 0.078 seconds
[2025-04-09T08:44:24.577+0000] {processor.py:161} INFO - Started process (PID=869) to work on /opt/airflow/dags/step_four.py
[2025-04-09T08:44:24.579+0000] {processor.py:830} INFO - Processing file /opt/airflow/dags/step_four.py for tasks to queue
[2025-04-09T08:44:24.582+0000] {logging_mixin.py:188} INFO - [2025-04-09T08:44:24.581+0000] {dagbag.py:540} INFO - Filling up the DagBag from /opt/airflow/dags/step_four.py
[2025-04-09T08:44:24.588+0000] {processor.py:840} INFO - DAG(s) 'clean_and_move_to_final_table' retrieved from /opt/airflow/dags/step_four.py
[2025-04-09T08:44:24.607+0000] {logging_mixin.py:188} INFO - [2025-04-09T08:44:24.607+0000] {dag.py:3047} INFO - Sync 1 DAGs
[2025-04-09T08:44:24.620+0000] {logging_mixin.py:188} INFO - [2025-04-09T08:44:24.619+0000] {dag.py:3834} INFO - Setting next_dagrun for clean_and_move_to_final_table to None, run_after=None
[2025-04-09T08:44:24.641+0000] {processor.py:183} INFO - Processing /opt/airflow/dags/step_four.py took 0.067 seconds
[2025-04-09T08:44:55.710+0000] {processor.py:161} INFO - Started process (PID=931) to work on /opt/airflow/dags/step_four.py
[2025-04-09T08:44:55.712+0000] {processor.py:830} INFO - Processing file /opt/airflow/dags/step_four.py for tasks to queue
[2025-04-09T08:44:55.715+0000] {logging_mixin.py:188} INFO - [2025-04-09T08:44:55.715+0000] {dagbag.py:540} INFO - Filling up the DagBag from /opt/airflow/dags/step_four.py
[2025-04-09T08:44:55.724+0000] {processor.py:840} INFO - DAG(s) 'clean_and_move_to_final_table' retrieved from /opt/airflow/dags/step_four.py
[2025-04-09T08:44:55.747+0000] {logging_mixin.py:188} INFO - [2025-04-09T08:44:55.746+0000] {dag.py:3047} INFO - Sync 1 DAGs
[2025-04-09T08:44:55.760+0000] {logging_mixin.py:188} INFO - [2025-04-09T08:44:55.760+0000] {dag.py:3834} INFO - Setting next_dagrun for clean_and_move_to_final_table to None, run_after=None
[2025-04-09T08:44:55.785+0000] {processor.py:183} INFO - Processing /opt/airflow/dags/step_four.py took 0.079 seconds
[2025-04-09T08:45:26.118+0000] {processor.py:161} INFO - Started process (PID=993) to work on /opt/airflow/dags/step_four.py
[2025-04-09T08:45:26.120+0000] {processor.py:830} INFO - Processing file /opt/airflow/dags/step_four.py for tasks to queue
[2025-04-09T08:45:26.123+0000] {logging_mixin.py:188} INFO - [2025-04-09T08:45:26.122+0000] {dagbag.py:540} INFO - Filling up the DagBag from /opt/airflow/dags/step_four.py
[2025-04-09T08:45:26.131+0000] {processor.py:840} INFO - DAG(s) 'clean_and_move_to_final_table' retrieved from /opt/airflow/dags/step_four.py
[2025-04-09T08:45:26.152+0000] {logging_mixin.py:188} INFO - [2025-04-09T08:45:26.152+0000] {dag.py:3047} INFO - Sync 1 DAGs
[2025-04-09T08:45:26.168+0000] {logging_mixin.py:188} INFO - [2025-04-09T08:45:26.168+0000] {dag.py:3834} INFO - Setting next_dagrun for clean_and_move_to_final_table to None, run_after=None
[2025-04-09T08:45:26.194+0000] {processor.py:183} INFO - Processing /opt/airflow/dags/step_four.py took 0.080 seconds
[2025-04-09T08:45:56.318+0000] {processor.py:161} INFO - Started process (PID=1055) to work on /opt/airflow/dags/step_four.py
[2025-04-09T08:45:56.320+0000] {processor.py:830} INFO - Processing file /opt/airflow/dags/step_four.py for tasks to queue
[2025-04-09T08:45:56.322+0000] {logging_mixin.py:188} INFO - [2025-04-09T08:45:56.321+0000] {dagbag.py:540} INFO - Filling up the DagBag from /opt/airflow/dags/step_four.py
[2025-04-09T08:45:56.328+0000] {processor.py:840} INFO - DAG(s) 'clean_and_move_to_final_table' retrieved from /opt/airflow/dags/step_four.py
[2025-04-09T08:45:56.350+0000] {logging_mixin.py:188} INFO - [2025-04-09T08:45:56.349+0000] {dag.py:3047} INFO - Sync 1 DAGs
[2025-04-09T08:45:56.363+0000] {logging_mixin.py:188} INFO - [2025-04-09T08:45:56.363+0000] {dag.py:3834} INFO - Setting next_dagrun for clean_and_move_to_final_table to None, run_after=None
[2025-04-09T08:45:56.385+0000] {processor.py:183} INFO - Processing /opt/airflow/dags/step_four.py took 0.072 seconds
[2025-04-09T08:46:26.848+0000] {processor.py:161} INFO - Started process (PID=1123) to work on /opt/airflow/dags/step_four.py
[2025-04-09T08:46:26.850+0000] {processor.py:830} INFO - Processing file /opt/airflow/dags/step_four.py for tasks to queue
[2025-04-09T08:46:26.852+0000] {logging_mixin.py:188} INFO - [2025-04-09T08:46:26.852+0000] {dagbag.py:540} INFO - Filling up the DagBag from /opt/airflow/dags/step_four.py
[2025-04-09T08:46:26.859+0000] {processor.py:840} INFO - DAG(s) 'clean_and_move_to_final_table' retrieved from /opt/airflow/dags/step_four.py
[2025-04-09T08:46:26.881+0000] {logging_mixin.py:188} INFO - [2025-04-09T08:46:26.881+0000] {dag.py:3047} INFO - Sync 1 DAGs
[2025-04-09T08:46:26.897+0000] {logging_mixin.py:188} INFO - [2025-04-09T08:46:26.897+0000] {dag.py:3834} INFO - Setting next_dagrun for clean_and_move_to_final_table to None, run_after=None
[2025-04-09T08:46:26.919+0000] {processor.py:183} INFO - Processing /opt/airflow/dags/step_four.py took 0.076 seconds
[2025-04-09T08:46:57.656+0000] {processor.py:161} INFO - Started process (PID=1188) to work on /opt/airflow/dags/step_four.py
[2025-04-09T08:46:57.658+0000] {processor.py:830} INFO - Processing file /opt/airflow/dags/step_four.py for tasks to queue
[2025-04-09T08:46:57.661+0000] {logging_mixin.py:188} INFO - [2025-04-09T08:46:57.660+0000] {dagbag.py:540} INFO - Filling up the DagBag from /opt/airflow/dags/step_four.py
[2025-04-09T08:46:57.673+0000] {processor.py:840} INFO - DAG(s) 'clean_and_move_to_final_table' retrieved from /opt/airflow/dags/step_four.py
[2025-04-09T08:46:57.704+0000] {logging_mixin.py:188} INFO - [2025-04-09T08:46:57.704+0000] {dag.py:3047} INFO - Sync 1 DAGs
[2025-04-09T08:46:57.722+0000] {logging_mixin.py:188} INFO - [2025-04-09T08:46:57.722+0000] {dag.py:3834} INFO - Setting next_dagrun for clean_and_move_to_final_table to None, run_after=None
[2025-04-09T08:46:57.753+0000] {processor.py:183} INFO - Processing /opt/airflow/dags/step_four.py took 0.103 seconds
[2025-04-09T08:47:27.920+0000] {processor.py:161} INFO - Started process (PID=1262) to work on /opt/airflow/dags/step_four.py
[2025-04-09T08:47:27.922+0000] {processor.py:830} INFO - Processing file /opt/airflow/dags/step_four.py for tasks to queue
[2025-04-09T08:47:27.925+0000] {logging_mixin.py:188} INFO - [2025-04-09T08:47:27.924+0000] {dagbag.py:540} INFO - Filling up the DagBag from /opt/airflow/dags/step_four.py
[2025-04-09T08:47:27.933+0000] {processor.py:840} INFO - DAG(s) 'clean_and_move_to_final_table' retrieved from /opt/airflow/dags/step_four.py
[2025-04-09T08:47:27.955+0000] {logging_mixin.py:188} INFO - [2025-04-09T08:47:27.955+0000] {dag.py:3047} INFO - Sync 1 DAGs
[2025-04-09T08:47:27.967+0000] {logging_mixin.py:188} INFO - [2025-04-09T08:47:27.967+0000] {dag.py:3834} INFO - Setting next_dagrun for clean_and_move_to_final_table to None, run_after=None
[2025-04-09T08:47:27.989+0000] {processor.py:183} INFO - Processing /opt/airflow/dags/step_four.py took 0.073 seconds
[2025-04-09T08:47:58.617+0000] {processor.py:161} INFO - Started process (PID=1322) to work on /opt/airflow/dags/step_four.py
[2025-04-09T08:47:58.618+0000] {processor.py:830} INFO - Processing file /opt/airflow/dags/step_four.py for tasks to queue
[2025-04-09T08:47:58.622+0000] {logging_mixin.py:188} INFO - [2025-04-09T08:47:58.621+0000] {dagbag.py:540} INFO - Filling up the DagBag from /opt/airflow/dags/step_four.py
[2025-04-09T08:47:58.634+0000] {processor.py:840} INFO - DAG(s) 'clean_and_move_to_final_table' retrieved from /opt/airflow/dags/step_four.py
[2025-04-09T08:47:58.667+0000] {logging_mixin.py:188} INFO - [2025-04-09T08:47:58.666+0000] {dag.py:3047} INFO - Sync 1 DAGs
[2025-04-09T08:47:58.683+0000] {logging_mixin.py:188} INFO - [2025-04-09T08:47:58.683+0000] {dag.py:3834} INFO - Setting next_dagrun for clean_and_move_to_final_table to None, run_after=None
[2025-04-09T08:47:58.710+0000] {processor.py:183} INFO - Processing /opt/airflow/dags/step_four.py took 0.100 seconds
[2025-04-09T08:48:28.956+0000] {processor.py:161} INFO - Started process (PID=1394) to work on /opt/airflow/dags/step_four.py
[2025-04-09T08:48:28.958+0000] {processor.py:830} INFO - Processing file /opt/airflow/dags/step_four.py for tasks to queue
[2025-04-09T08:48:28.962+0000] {logging_mixin.py:188} INFO - [2025-04-09T08:48:28.962+0000] {dagbag.py:540} INFO - Filling up the DagBag from /opt/airflow/dags/step_four.py
[2025-04-09T08:48:28.978+0000] {processor.py:840} INFO - DAG(s) 'clean_and_move_to_final_table' retrieved from /opt/airflow/dags/step_four.py
[2025-04-09T08:48:29.017+0000] {logging_mixin.py:188} INFO - [2025-04-09T08:48:29.016+0000] {dag.py:3047} INFO - Sync 1 DAGs
[2025-04-09T08:48:29.034+0000] {logging_mixin.py:188} INFO - [2025-04-09T08:48:29.034+0000] {dag.py:3834} INFO - Setting next_dagrun for clean_and_move_to_final_table to None, run_after=None
[2025-04-09T08:48:29.073+0000] {processor.py:183} INFO - Processing /opt/airflow/dags/step_four.py took 0.126 seconds
[2025-04-09T08:48:59.250+0000] {processor.py:161} INFO - Started process (PID=1455) to work on /opt/airflow/dags/step_four.py
[2025-04-09T08:48:59.252+0000] {processor.py:830} INFO - Processing file /opt/airflow/dags/step_four.py for tasks to queue
[2025-04-09T08:48:59.254+0000] {logging_mixin.py:188} INFO - [2025-04-09T08:48:59.254+0000] {dagbag.py:540} INFO - Filling up the DagBag from /opt/airflow/dags/step_four.py
[2025-04-09T08:48:59.261+0000] {processor.py:840} INFO - DAG(s) 'clean_and_move_to_final_table' retrieved from /opt/airflow/dags/step_four.py
[2025-04-09T08:48:59.283+0000] {logging_mixin.py:188} INFO - [2025-04-09T08:48:59.283+0000] {dag.py:3047} INFO - Sync 1 DAGs
[2025-04-09T08:48:59.298+0000] {logging_mixin.py:188} INFO - [2025-04-09T08:48:59.297+0000] {dag.py:3834} INFO - Setting next_dagrun for clean_and_move_to_final_table to None, run_after=None
[2025-04-09T08:48:59.319+0000] {processor.py:183} INFO - Processing /opt/airflow/dags/step_four.py took 0.074 seconds
[2025-04-09T08:49:29.960+0000] {processor.py:161} INFO - Started process (PID=1517) to work on /opt/airflow/dags/step_four.py
[2025-04-09T08:49:29.962+0000] {processor.py:830} INFO - Processing file /opt/airflow/dags/step_four.py for tasks to queue
[2025-04-09T08:49:29.965+0000] {logging_mixin.py:188} INFO - [2025-04-09T08:49:29.964+0000] {dagbag.py:540} INFO - Filling up the DagBag from /opt/airflow/dags/step_four.py
[2025-04-09T08:49:29.972+0000] {processor.py:840} INFO - DAG(s) 'clean_and_move_to_final_table' retrieved from /opt/airflow/dags/step_four.py
[2025-04-09T08:49:29.995+0000] {logging_mixin.py:188} INFO - [2025-04-09T08:49:29.995+0000] {dag.py:3047} INFO - Sync 1 DAGs
[2025-04-09T08:49:30.009+0000] {logging_mixin.py:188} INFO - [2025-04-09T08:49:30.008+0000] {dag.py:3834} INFO - Setting next_dagrun for clean_and_move_to_final_table to None, run_after=None
[2025-04-09T08:49:30.038+0000] {processor.py:183} INFO - Processing /opt/airflow/dags/step_four.py took 0.081 seconds
[2025-04-09T08:50:00.192+0000] {processor.py:161} INFO - Started process (PID=1579) to work on /opt/airflow/dags/step_four.py
[2025-04-09T08:50:00.195+0000] {processor.py:830} INFO - Processing file /opt/airflow/dags/step_four.py for tasks to queue
[2025-04-09T08:50:00.202+0000] {logging_mixin.py:188} INFO - [2025-04-09T08:50:00.200+0000] {dagbag.py:540} INFO - Filling up the DagBag from /opt/airflow/dags/step_four.py
[2025-04-09T08:50:00.216+0000] {processor.py:840} INFO - DAG(s) 'clean_and_move_to_final_table' retrieved from /opt/airflow/dags/step_four.py
[2025-04-09T08:50:00.293+0000] {logging_mixin.py:188} INFO - [2025-04-09T08:50:00.291+0000] {dag.py:3047} INFO - Sync 1 DAGs
[2025-04-09T08:50:00.337+0000] {logging_mixin.py:188} INFO - [2025-04-09T08:50:00.337+0000] {dag.py:3834} INFO - Setting next_dagrun for clean_and_move_to_final_table to None, run_after=None
[2025-04-09T08:50:00.409+0000] {processor.py:183} INFO - Processing /opt/airflow/dags/step_four.py took 0.228 seconds
[2025-04-09T08:50:31.297+0000] {processor.py:161} INFO - Started process (PID=1641) to work on /opt/airflow/dags/step_four.py
[2025-04-09T08:50:31.305+0000] {processor.py:830} INFO - Processing file /opt/airflow/dags/step_four.py for tasks to queue
[2025-04-09T08:50:31.310+0000] {logging_mixin.py:188} INFO - [2025-04-09T08:50:31.309+0000] {dagbag.py:540} INFO - Filling up the DagBag from /opt/airflow/dags/step_four.py
[2025-04-09T08:50:31.325+0000] {processor.py:840} INFO - DAG(s) 'clean_and_move_to_final_table' retrieved from /opt/airflow/dags/step_four.py
[2025-04-09T08:50:31.370+0000] {logging_mixin.py:188} INFO - [2025-04-09T08:50:31.369+0000] {dag.py:3047} INFO - Sync 1 DAGs
[2025-04-09T08:50:31.397+0000] {logging_mixin.py:188} INFO - [2025-04-09T08:50:31.397+0000] {dag.py:3834} INFO - Setting next_dagrun for clean_and_move_to_final_table to None, run_after=None
[2025-04-09T08:50:31.428+0000] {processor.py:183} INFO - Processing /opt/airflow/dags/step_four.py took 0.140 seconds
[2025-04-09T08:51:01.481+0000] {processor.py:161} INFO - Started process (PID=1703) to work on /opt/airflow/dags/step_four.py
[2025-04-09T08:51:01.483+0000] {processor.py:830} INFO - Processing file /opt/airflow/dags/step_four.py for tasks to queue
[2025-04-09T08:51:01.485+0000] {logging_mixin.py:188} INFO - [2025-04-09T08:51:01.485+0000] {dagbag.py:540} INFO - Filling up the DagBag from /opt/airflow/dags/step_four.py
[2025-04-09T08:51:01.492+0000] {processor.py:840} INFO - DAG(s) 'clean_and_move_to_final_table' retrieved from /opt/airflow/dags/step_four.py
[2025-04-09T08:51:01.513+0000] {logging_mixin.py:188} INFO - [2025-04-09T08:51:01.512+0000] {dag.py:3047} INFO - Sync 1 DAGs
[2025-04-09T08:51:01.525+0000] {logging_mixin.py:188} INFO - [2025-04-09T08:51:01.525+0000] {dag.py:3834} INFO - Setting next_dagrun for clean_and_move_to_final_table to None, run_after=None
[2025-04-09T08:51:01.548+0000] {processor.py:183} INFO - Processing /opt/airflow/dags/step_four.py took 0.071 seconds
[2025-04-09T08:51:32.045+0000] {processor.py:161} INFO - Started process (PID=1771) to work on /opt/airflow/dags/step_four.py
[2025-04-09T08:51:32.047+0000] {processor.py:830} INFO - Processing file /opt/airflow/dags/step_four.py for tasks to queue
[2025-04-09T08:51:32.049+0000] {logging_mixin.py:188} INFO - [2025-04-09T08:51:32.049+0000] {dagbag.py:540} INFO - Filling up the DagBag from /opt/airflow/dags/step_four.py
[2025-04-09T08:51:32.056+0000] {processor.py:840} INFO - DAG(s) 'clean_and_move_to_final_table' retrieved from /opt/airflow/dags/step_four.py
[2025-04-09T08:51:32.075+0000] {logging_mixin.py:188} INFO - [2025-04-09T08:51:32.075+0000] {dag.py:3047} INFO - Sync 1 DAGs
[2025-04-09T08:51:32.087+0000] {logging_mixin.py:188} INFO - [2025-04-09T08:51:32.087+0000] {dag.py:3834} INFO - Setting next_dagrun for clean_and_move_to_final_table to None, run_after=None
[2025-04-09T08:51:32.107+0000] {processor.py:183} INFO - Processing /opt/airflow/dags/step_four.py took 0.066 seconds
[2025-04-09T08:52:02.299+0000] {processor.py:161} INFO - Started process (PID=1833) to work on /opt/airflow/dags/step_four.py
[2025-04-09T08:52:02.300+0000] {processor.py:830} INFO - Processing file /opt/airflow/dags/step_four.py for tasks to queue
[2025-04-09T08:52:02.302+0000] {logging_mixin.py:188} INFO - [2025-04-09T08:52:02.302+0000] {dagbag.py:540} INFO - Filling up the DagBag from /opt/airflow/dags/step_four.py
[2025-04-09T08:52:02.308+0000] {processor.py:840} INFO - DAG(s) 'clean_and_move_to_final_table' retrieved from /opt/airflow/dags/step_four.py
[2025-04-09T08:52:02.328+0000] {logging_mixin.py:188} INFO - [2025-04-09T08:52:02.327+0000] {dag.py:3047} INFO - Sync 1 DAGs
[2025-04-09T08:52:02.339+0000] {logging_mixin.py:188} INFO - [2025-04-09T08:52:02.339+0000] {dag.py:3834} INFO - Setting next_dagrun for clean_and_move_to_final_table to None, run_after=None
[2025-04-09T08:52:02.360+0000] {processor.py:183} INFO - Processing /opt/airflow/dags/step_four.py took 0.065 seconds
[2025-04-09T08:52:32.760+0000] {processor.py:161} INFO - Started process (PID=1895) to work on /opt/airflow/dags/step_four.py
[2025-04-09T08:52:32.762+0000] {processor.py:830} INFO - Processing file /opt/airflow/dags/step_four.py for tasks to queue
[2025-04-09T08:52:32.764+0000] {logging_mixin.py:188} INFO - [2025-04-09T08:52:32.763+0000] {dagbag.py:540} INFO - Filling up the DagBag from /opt/airflow/dags/step_four.py
[2025-04-09T08:52:32.771+0000] {processor.py:840} INFO - DAG(s) 'clean_and_move_to_final_table' retrieved from /opt/airflow/dags/step_four.py
[2025-04-09T08:52:32.793+0000] {logging_mixin.py:188} INFO - [2025-04-09T08:52:32.793+0000] {dag.py:3047} INFO - Sync 1 DAGs
[2025-04-09T08:52:32.806+0000] {logging_mixin.py:188} INFO - [2025-04-09T08:52:32.806+0000] {dag.py:3834} INFO - Setting next_dagrun for clean_and_move_to_final_table to None, run_after=None
[2025-04-09T08:52:32.827+0000] {processor.py:183} INFO - Processing /opt/airflow/dags/step_four.py took 0.070 seconds
[2025-04-09T08:53:03.286+0000] {processor.py:161} INFO - Started process (PID=1957) to work on /opt/airflow/dags/step_four.py
[2025-04-09T08:53:03.288+0000] {processor.py:830} INFO - Processing file /opt/airflow/dags/step_four.py for tasks to queue
[2025-04-09T08:53:03.290+0000] {logging_mixin.py:188} INFO - [2025-04-09T08:53:03.290+0000] {dagbag.py:540} INFO - Filling up the DagBag from /opt/airflow/dags/step_four.py
[2025-04-09T08:53:03.296+0000] {processor.py:840} INFO - DAG(s) 'clean_and_move_to_final_table' retrieved from /opt/airflow/dags/step_four.py
[2025-04-09T08:53:03.319+0000] {logging_mixin.py:188} INFO - [2025-04-09T08:53:03.319+0000] {dag.py:3047} INFO - Sync 1 DAGs
[2025-04-09T08:53:03.330+0000] {logging_mixin.py:188} INFO - [2025-04-09T08:53:03.330+0000] {dag.py:3834} INFO - Setting next_dagrun for clean_and_move_to_final_table to None, run_after=None
[2025-04-09T08:53:03.352+0000] {processor.py:183} INFO - Processing /opt/airflow/dags/step_four.py took 0.070 seconds
[2025-04-09T08:53:33.444+0000] {processor.py:161} INFO - Started process (PID=2019) to work on /opt/airflow/dags/step_four.py
[2025-04-09T08:53:33.446+0000] {processor.py:830} INFO - Processing file /opt/airflow/dags/step_four.py for tasks to queue
[2025-04-09T08:53:33.449+0000] {logging_mixin.py:188} INFO - [2025-04-09T08:53:33.448+0000] {dagbag.py:540} INFO - Filling up the DagBag from /opt/airflow/dags/step_four.py
[2025-04-09T08:53:33.456+0000] {processor.py:840} INFO - DAG(s) 'clean_and_move_to_final_table' retrieved from /opt/airflow/dags/step_four.py
[2025-04-09T08:53:33.480+0000] {logging_mixin.py:188} INFO - [2025-04-09T08:53:33.479+0000] {dag.py:3047} INFO - Sync 1 DAGs
[2025-04-09T08:53:33.492+0000] {logging_mixin.py:188} INFO - [2025-04-09T08:53:33.492+0000] {dag.py:3834} INFO - Setting next_dagrun for clean_and_move_to_final_table to None, run_after=None
[2025-04-09T08:53:33.519+0000] {processor.py:183} INFO - Processing /opt/airflow/dags/step_four.py took 0.080 seconds
[2025-04-09T08:54:03.797+0000] {processor.py:161} INFO - Started process (PID=2081) to work on /opt/airflow/dags/step_four.py
[2025-04-09T08:54:03.799+0000] {processor.py:830} INFO - Processing file /opt/airflow/dags/step_four.py for tasks to queue
[2025-04-09T08:54:03.803+0000] {logging_mixin.py:188} INFO - [2025-04-09T08:54:03.802+0000] {dagbag.py:540} INFO - Filling up the DagBag from /opt/airflow/dags/step_four.py
[2025-04-09T08:54:03.809+0000] {processor.py:840} INFO - DAG(s) 'clean_and_move_to_final_table' retrieved from /opt/airflow/dags/step_four.py
[2025-04-09T08:54:03.830+0000] {logging_mixin.py:188} INFO - [2025-04-09T08:54:03.830+0000] {dag.py:3047} INFO - Sync 1 DAGs
[2025-04-09T08:54:03.843+0000] {logging_mixin.py:188} INFO - [2025-04-09T08:54:03.843+0000] {dag.py:3834} INFO - Setting next_dagrun for clean_and_move_to_final_table to None, run_after=None
[2025-04-09T08:54:03.864+0000] {processor.py:183} INFO - Processing /opt/airflow/dags/step_four.py took 0.071 seconds
[2025-04-09T08:54:38.528+0000] {processor.py:161} INFO - Started process (PID=2142) to work on /opt/airflow/dags/step_four.py
[2025-04-09T08:54:38.530+0000] {processor.py:830} INFO - Processing file /opt/airflow/dags/step_four.py for tasks to queue
[2025-04-09T08:54:38.534+0000] {logging_mixin.py:188} INFO - [2025-04-09T08:54:38.533+0000] {dagbag.py:540} INFO - Filling up the DagBag from /opt/airflow/dags/step_four.py
[2025-04-09T08:54:38.549+0000] {processor.py:840} INFO - DAG(s) 'clean_and_move_to_final_table' retrieved from /opt/airflow/dags/step_four.py
[2025-04-09T08:54:38.590+0000] {logging_mixin.py:188} INFO - [2025-04-09T08:54:38.589+0000] {dag.py:3047} INFO - Sync 1 DAGs
[2025-04-09T08:54:38.621+0000] {logging_mixin.py:188} INFO - [2025-04-09T08:54:38.621+0000] {dag.py:3834} INFO - Setting next_dagrun for clean_and_move_to_final_table to None, run_after=None
[2025-04-09T08:54:38.674+0000] {processor.py:183} INFO - Processing /opt/airflow/dags/step_four.py took 0.153 seconds
[2025-04-09T08:55:08.973+0000] {processor.py:161} INFO - Started process (PID=2203) to work on /opt/airflow/dags/step_four.py
[2025-04-09T08:55:08.975+0000] {processor.py:830} INFO - Processing file /opt/airflow/dags/step_four.py for tasks to queue
[2025-04-09T08:55:08.979+0000] {logging_mixin.py:188} INFO - [2025-04-09T08:55:08.978+0000] {dagbag.py:540} INFO - Filling up the DagBag from /opt/airflow/dags/step_four.py
[2025-04-09T08:55:08.991+0000] {processor.py:840} INFO - DAG(s) 'clean_and_move_to_final_table' retrieved from /opt/airflow/dags/step_four.py
[2025-04-09T08:55:09.026+0000] {logging_mixin.py:188} INFO - [2025-04-09T08:55:09.026+0000] {dag.py:3047} INFO - Sync 1 DAGs
[2025-04-09T08:55:09.271+0000] {logging_mixin.py:188} INFO - [2025-04-09T08:55:09.270+0000] {dag.py:3834} INFO - Setting next_dagrun for clean_and_move_to_final_table to None, run_after=None
[2025-04-09T08:55:09.307+0000] {processor.py:183} INFO - Processing /opt/airflow/dags/step_four.py took 0.340 seconds
[2025-04-09T08:55:39.873+0000] {processor.py:161} INFO - Started process (PID=2265) to work on /opt/airflow/dags/step_four.py
[2025-04-09T08:55:39.876+0000] {processor.py:830} INFO - Processing file /opt/airflow/dags/step_four.py for tasks to queue
[2025-04-09T08:55:39.879+0000] {logging_mixin.py:188} INFO - [2025-04-09T08:55:39.878+0000] {dagbag.py:540} INFO - Filling up the DagBag from /opt/airflow/dags/step_four.py
[2025-04-09T08:55:39.890+0000] {processor.py:840} INFO - DAG(s) 'clean_and_move_to_final_table' retrieved from /opt/airflow/dags/step_four.py
[2025-04-09T08:55:39.928+0000] {logging_mixin.py:188} INFO - [2025-04-09T08:55:39.927+0000] {dag.py:3047} INFO - Sync 1 DAGs
[2025-04-09T08:55:40.175+0000] {logging_mixin.py:188} INFO - [2025-04-09T08:55:40.174+0000] {dag.py:3834} INFO - Setting next_dagrun for clean_and_move_to_final_table to None, run_after=None
[2025-04-09T08:55:40.209+0000] {processor.py:183} INFO - Processing /opt/airflow/dags/step_four.py took 0.342 seconds
[2025-04-09T08:56:10.712+0000] {processor.py:161} INFO - Started process (PID=2333) to work on /opt/airflow/dags/step_four.py
[2025-04-09T08:56:10.714+0000] {processor.py:830} INFO - Processing file /opt/airflow/dags/step_four.py for tasks to queue
[2025-04-09T08:56:10.718+0000] {logging_mixin.py:188} INFO - [2025-04-09T08:56:10.717+0000] {dagbag.py:540} INFO - Filling up the DagBag from /opt/airflow/dags/step_four.py
[2025-04-09T08:56:10.725+0000] {processor.py:840} INFO - DAG(s) 'clean_and_move_to_final_table' retrieved from /opt/airflow/dags/step_four.py
[2025-04-09T08:56:10.754+0000] {logging_mixin.py:188} INFO - [2025-04-09T08:56:10.754+0000] {dag.py:3047} INFO - Sync 1 DAGs
[2025-04-09T08:56:10.769+0000] {logging_mixin.py:188} INFO - [2025-04-09T08:56:10.769+0000] {dag.py:3834} INFO - Setting next_dagrun for clean_and_move_to_final_table to None, run_after=None
[2025-04-09T08:56:10.798+0000] {processor.py:183} INFO - Processing /opt/airflow/dags/step_four.py took 0.089 seconds
[2025-04-09T08:56:41.022+0000] {processor.py:161} INFO - Started process (PID=2395) to work on /opt/airflow/dags/step_four.py
[2025-04-09T08:56:41.024+0000] {processor.py:830} INFO - Processing file /opt/airflow/dags/step_four.py for tasks to queue
[2025-04-09T08:56:41.034+0000] {logging_mixin.py:188} INFO - [2025-04-09T08:56:41.033+0000] {dagbag.py:540} INFO - Filling up the DagBag from /opt/airflow/dags/step_four.py
[2025-04-09T08:56:41.045+0000] {processor.py:840} INFO - DAG(s) 'clean_and_move_to_final_table' retrieved from /opt/airflow/dags/step_four.py
[2025-04-09T08:56:41.122+0000] {logging_mixin.py:188} INFO - [2025-04-09T08:56:41.121+0000] {dag.py:3047} INFO - Sync 1 DAGs
[2025-04-09T08:56:41.156+0000] {logging_mixin.py:188} INFO - [2025-04-09T08:56:41.156+0000] {dag.py:3834} INFO - Setting next_dagrun for clean_and_move_to_final_table to None, run_after=None
[2025-04-09T08:56:41.201+0000] {processor.py:183} INFO - Processing /opt/airflow/dags/step_four.py took 0.185 seconds
[2025-04-09T08:57:12.097+0000] {processor.py:161} INFO - Started process (PID=2457) to work on /opt/airflow/dags/step_four.py
[2025-04-09T08:57:12.099+0000] {processor.py:830} INFO - Processing file /opt/airflow/dags/step_four.py for tasks to queue
[2025-04-09T08:57:12.102+0000] {logging_mixin.py:188} INFO - [2025-04-09T08:57:12.101+0000] {dagbag.py:540} INFO - Filling up the DagBag from /opt/airflow/dags/step_four.py
[2025-04-09T08:57:12.109+0000] {processor.py:840} INFO - DAG(s) 'clean_and_move_to_final_table' retrieved from /opt/airflow/dags/step_four.py
[2025-04-09T08:57:12.135+0000] {logging_mixin.py:188} INFO - [2025-04-09T08:57:12.134+0000] {dag.py:3047} INFO - Sync 1 DAGs
[2025-04-09T08:57:12.151+0000] {logging_mixin.py:188} INFO - [2025-04-09T08:57:12.150+0000] {dag.py:3834} INFO - Setting next_dagrun for clean_and_move_to_final_table to None, run_after=None
[2025-04-09T08:57:12.182+0000] {processor.py:183} INFO - Processing /opt/airflow/dags/step_four.py took 0.091 seconds
[2025-04-09T08:57:42.904+0000] {processor.py:161} INFO - Started process (PID=2519) to work on /opt/airflow/dags/step_four.py
[2025-04-09T08:57:42.906+0000] {processor.py:830} INFO - Processing file /opt/airflow/dags/step_four.py for tasks to queue
[2025-04-09T08:57:42.910+0000] {logging_mixin.py:188} INFO - [2025-04-09T08:57:42.909+0000] {dagbag.py:540} INFO - Filling up the DagBag from /opt/airflow/dags/step_four.py
[2025-04-09T08:57:42.920+0000] {processor.py:840} INFO - DAG(s) 'clean_and_move_to_final_table' retrieved from /opt/airflow/dags/step_four.py
[2025-04-09T08:57:42.948+0000] {logging_mixin.py:188} INFO - [2025-04-09T08:57:42.947+0000] {dag.py:3047} INFO - Sync 1 DAGs
[2025-04-09T08:57:42.965+0000] {logging_mixin.py:188} INFO - [2025-04-09T08:57:42.965+0000] {dag.py:3834} INFO - Setting next_dagrun for clean_and_move_to_final_table to None, run_after=None
[2025-04-09T08:57:42.995+0000] {processor.py:183} INFO - Processing /opt/airflow/dags/step_four.py took 0.098 seconds
[2025-04-09T08:58:13.260+0000] {processor.py:161} INFO - Started process (PID=2581) to work on /opt/airflow/dags/step_four.py
[2025-04-09T08:58:13.262+0000] {processor.py:830} INFO - Processing file /opt/airflow/dags/step_four.py for tasks to queue
[2025-04-09T08:58:13.267+0000] {logging_mixin.py:188} INFO - [2025-04-09T08:58:13.266+0000] {dagbag.py:540} INFO - Filling up the DagBag from /opt/airflow/dags/step_four.py
[2025-04-09T08:58:13.277+0000] {processor.py:840} INFO - DAG(s) 'clean_and_move_to_final_table' retrieved from /opt/airflow/dags/step_four.py
[2025-04-09T08:58:13.300+0000] {logging_mixin.py:188} INFO - [2025-04-09T08:58:13.299+0000] {dag.py:3047} INFO - Sync 1 DAGs
[2025-04-09T08:58:13.313+0000] {logging_mixin.py:188} INFO - [2025-04-09T08:58:13.313+0000] {dag.py:3834} INFO - Setting next_dagrun for clean_and_move_to_final_table to None, run_after=None
[2025-04-09T08:58:13.335+0000] {processor.py:183} INFO - Processing /opt/airflow/dags/step_four.py took 0.078 seconds
[2025-04-09T08:58:44.283+0000] {processor.py:161} INFO - Started process (PID=2643) to work on /opt/airflow/dags/step_four.py
[2025-04-09T08:58:44.285+0000] {processor.py:830} INFO - Processing file /opt/airflow/dags/step_four.py for tasks to queue
[2025-04-09T08:58:44.288+0000] {logging_mixin.py:188} INFO - [2025-04-09T08:58:44.288+0000] {dagbag.py:540} INFO - Filling up the DagBag from /opt/airflow/dags/step_four.py
[2025-04-09T08:58:44.295+0000] {processor.py:840} INFO - DAG(s) 'clean_and_move_to_final_table' retrieved from /opt/airflow/dags/step_four.py
[2025-04-09T08:58:44.321+0000] {logging_mixin.py:188} INFO - [2025-04-09T08:58:44.321+0000] {dag.py:3047} INFO - Sync 1 DAGs
[2025-04-09T08:58:44.337+0000] {logging_mixin.py:188} INFO - [2025-04-09T08:58:44.336+0000] {dag.py:3834} INFO - Setting next_dagrun for clean_and_move_to_final_table to None, run_after=None
[2025-04-09T08:58:44.365+0000] {processor.py:183} INFO - Processing /opt/airflow/dags/step_four.py took 0.086 seconds
[2025-04-09T08:59:14.535+0000] {processor.py:161} INFO - Started process (PID=2705) to work on /opt/airflow/dags/step_four.py
[2025-04-09T08:59:14.539+0000] {processor.py:830} INFO - Processing file /opt/airflow/dags/step_four.py for tasks to queue
[2025-04-09T08:59:14.543+0000] {logging_mixin.py:188} INFO - [2025-04-09T08:59:14.542+0000] {dagbag.py:540} INFO - Filling up the DagBag from /opt/airflow/dags/step_four.py
[2025-04-09T08:59:14.554+0000] {processor.py:840} INFO - DAG(s) 'clean_and_move_to_final_table' retrieved from /opt/airflow/dags/step_four.py
[2025-04-09T08:59:14.585+0000] {logging_mixin.py:188} INFO - [2025-04-09T08:59:14.584+0000] {dag.py:3047} INFO - Sync 1 DAGs
[2025-04-09T08:59:14.600+0000] {logging_mixin.py:188} INFO - [2025-04-09T08:59:14.599+0000] {dag.py:3834} INFO - Setting next_dagrun for clean_and_move_to_final_table to None, run_after=None
[2025-04-09T08:59:14.625+0000] {processor.py:183} INFO - Processing /opt/airflow/dags/step_four.py took 0.093 seconds
[2025-04-09T08:59:44.807+0000] {processor.py:161} INFO - Started process (PID=2767) to work on /opt/airflow/dags/step_four.py
[2025-04-09T08:59:44.810+0000] {processor.py:830} INFO - Processing file /opt/airflow/dags/step_four.py for tasks to queue
[2025-04-09T08:59:44.813+0000] {logging_mixin.py:188} INFO - [2025-04-09T08:59:44.812+0000] {dagbag.py:540} INFO - Filling up the DagBag from /opt/airflow/dags/step_four.py
[2025-04-09T08:59:44.823+0000] {processor.py:840} INFO - DAG(s) 'clean_and_move_to_final_table' retrieved from /opt/airflow/dags/step_four.py
[2025-04-09T08:59:44.879+0000] {logging_mixin.py:188} INFO - [2025-04-09T08:59:44.877+0000] {dag.py:3047} INFO - Sync 1 DAGs
[2025-04-09T08:59:44.909+0000] {logging_mixin.py:188} INFO - [2025-04-09T08:59:44.909+0000] {dag.py:3834} INFO - Setting next_dagrun for clean_and_move_to_final_table to None, run_after=None
[2025-04-09T08:59:44.956+0000] {processor.py:183} INFO - Processing /opt/airflow/dags/step_four.py took 0.157 seconds
[2025-04-09T09:00:15.268+0000] {processor.py:161} INFO - Started process (PID=2825) to work on /opt/airflow/dags/step_four.py
[2025-04-09T09:00:15.270+0000] {processor.py:830} INFO - Processing file /opt/airflow/dags/step_four.py for tasks to queue
[2025-04-09T09:00:15.273+0000] {logging_mixin.py:188} INFO - [2025-04-09T09:00:15.273+0000] {dagbag.py:540} INFO - Filling up the DagBag from /opt/airflow/dags/step_four.py
[2025-04-09T09:00:15.283+0000] {processor.py:840} INFO - DAG(s) 'clean_and_move_to_final_table' retrieved from /opt/airflow/dags/step_four.py
[2025-04-09T09:00:15.311+0000] {logging_mixin.py:188} INFO - [2025-04-09T09:00:15.310+0000] {dag.py:3047} INFO - Sync 1 DAGs
[2025-04-09T09:00:15.326+0000] {logging_mixin.py:188} INFO - [2025-04-09T09:00:15.326+0000] {dag.py:3834} INFO - Setting next_dagrun for clean_and_move_to_final_table to None, run_after=None
[2025-04-09T09:00:15.354+0000] {processor.py:183} INFO - Processing /opt/airflow/dags/step_four.py took 0.091 seconds
[2025-04-09T09:00:45.554+0000] {processor.py:161} INFO - Started process (PID=2887) to work on /opt/airflow/dags/step_four.py
[2025-04-09T09:00:45.556+0000] {processor.py:830} INFO - Processing file /opt/airflow/dags/step_four.py for tasks to queue
[2025-04-09T09:00:45.561+0000] {logging_mixin.py:188} INFO - [2025-04-09T09:00:45.561+0000] {dagbag.py:540} INFO - Filling up the DagBag from /opt/airflow/dags/step_four.py
[2025-04-09T09:00:45.570+0000] {processor.py:840} INFO - DAG(s) 'clean_and_move_to_final_table' retrieved from /opt/airflow/dags/step_four.py
[2025-04-09T09:00:45.596+0000] {logging_mixin.py:188} INFO - [2025-04-09T09:00:45.595+0000] {dag.py:3047} INFO - Sync 1 DAGs
[2025-04-09T09:00:45.609+0000] {logging_mixin.py:188} INFO - [2025-04-09T09:00:45.609+0000] {dag.py:3834} INFO - Setting next_dagrun for clean_and_move_to_final_table to None, run_after=None
[2025-04-09T09:00:45.638+0000] {processor.py:183} INFO - Processing /opt/airflow/dags/step_four.py took 0.087 seconds
[2025-04-09T09:01:16.035+0000] {processor.py:161} INFO - Started process (PID=2955) to work on /opt/airflow/dags/step_four.py
[2025-04-09T09:01:16.037+0000] {processor.py:830} INFO - Processing file /opt/airflow/dags/step_four.py for tasks to queue
[2025-04-09T09:01:16.045+0000] {logging_mixin.py:188} INFO - [2025-04-09T09:01:16.044+0000] {dagbag.py:540} INFO - Filling up the DagBag from /opt/airflow/dags/step_four.py
[2025-04-09T09:01:16.059+0000] {processor.py:840} INFO - DAG(s) 'clean_and_move_to_final_table' retrieved from /opt/airflow/dags/step_four.py
[2025-04-09T09:01:16.095+0000] {logging_mixin.py:188} INFO - [2025-04-09T09:01:16.093+0000] {dag.py:3047} INFO - Sync 1 DAGs
[2025-04-09T09:01:16.127+0000] {logging_mixin.py:188} INFO - [2025-04-09T09:01:16.127+0000] {dag.py:3834} INFO - Setting next_dagrun for clean_and_move_to_final_table to None, run_after=None
[2025-04-09T09:01:16.173+0000] {processor.py:183} INFO - Processing /opt/airflow/dags/step_four.py took 0.143 seconds
[2025-04-09T09:01:46.304+0000] {processor.py:161} INFO - Started process (PID=3017) to work on /opt/airflow/dags/step_four.py
[2025-04-09T09:01:46.305+0000] {processor.py:830} INFO - Processing file /opt/airflow/dags/step_four.py for tasks to queue
[2025-04-09T09:01:46.309+0000] {logging_mixin.py:188} INFO - [2025-04-09T09:01:46.308+0000] {dagbag.py:540} INFO - Filling up the DagBag from /opt/airflow/dags/step_four.py
[2025-04-09T09:01:46.320+0000] {processor.py:840} INFO - DAG(s) 'clean_and_move_to_final_table' retrieved from /opt/airflow/dags/step_four.py
[2025-04-09T09:01:46.348+0000] {logging_mixin.py:188} INFO - [2025-04-09T09:01:46.348+0000] {dag.py:3047} INFO - Sync 1 DAGs
[2025-04-09T09:01:46.364+0000] {logging_mixin.py:188} INFO - [2025-04-09T09:01:46.364+0000] {dag.py:3834} INFO - Setting next_dagrun for clean_and_move_to_final_table to None, run_after=None
[2025-04-09T09:01:46.390+0000] {processor.py:183} INFO - Processing /opt/airflow/dags/step_four.py took 0.093 seconds
[2025-04-09T09:02:16.636+0000] {processor.py:161} INFO - Started process (PID=3079) to work on /opt/airflow/dags/step_four.py
[2025-04-09T09:02:16.638+0000] {processor.py:830} INFO - Processing file /opt/airflow/dags/step_four.py for tasks to queue
[2025-04-09T09:02:16.641+0000] {logging_mixin.py:188} INFO - [2025-04-09T09:02:16.640+0000] {dagbag.py:540} INFO - Filling up the DagBag from /opt/airflow/dags/step_four.py
[2025-04-09T09:02:16.651+0000] {processor.py:840} INFO - DAG(s) 'clean_and_move_to_final_table' retrieved from /opt/airflow/dags/step_four.py
[2025-04-09T09:02:16.678+0000] {logging_mixin.py:188} INFO - [2025-04-09T09:02:16.678+0000] {dag.py:3047} INFO - Sync 1 DAGs
[2025-04-09T09:02:16.696+0000] {logging_mixin.py:188} INFO - [2025-04-09T09:02:16.696+0000] {dag.py:3834} INFO - Setting next_dagrun for clean_and_move_to_final_table to None, run_after=None
[2025-04-09T09:02:16.726+0000] {processor.py:183} INFO - Processing /opt/airflow/dags/step_four.py took 0.094 seconds
[2025-04-09T09:02:46.800+0000] {processor.py:161} INFO - Started process (PID=3141) to work on /opt/airflow/dags/step_four.py
[2025-04-09T09:02:46.802+0000] {processor.py:830} INFO - Processing file /opt/airflow/dags/step_four.py for tasks to queue
[2025-04-09T09:02:46.805+0000] {logging_mixin.py:188} INFO - [2025-04-09T09:02:46.804+0000] {dagbag.py:540} INFO - Filling up the DagBag from /opt/airflow/dags/step_four.py
[2025-04-09T09:02:46.814+0000] {processor.py:840} INFO - DAG(s) 'clean_and_move_to_final_table' retrieved from /opt/airflow/dags/step_four.py
[2025-04-09T09:02:46.842+0000] {logging_mixin.py:188} INFO - [2025-04-09T09:02:46.841+0000] {dag.py:3047} INFO - Sync 1 DAGs
[2025-04-09T09:02:46.856+0000] {logging_mixin.py:188} INFO - [2025-04-09T09:02:46.856+0000] {dag.py:3834} INFO - Setting next_dagrun for clean_and_move_to_final_table to None, run_after=None
[2025-04-09T09:02:46.885+0000] {processor.py:183} INFO - Processing /opt/airflow/dags/step_four.py took 0.090 seconds
[2025-04-09T09:03:17.033+0000] {processor.py:161} INFO - Started process (PID=3203) to work on /opt/airflow/dags/step_four.py
[2025-04-09T09:03:17.034+0000] {processor.py:830} INFO - Processing file /opt/airflow/dags/step_four.py for tasks to queue
[2025-04-09T09:03:17.037+0000] {logging_mixin.py:188} INFO - [2025-04-09T09:03:17.036+0000] {dagbag.py:540} INFO - Filling up the DagBag from /opt/airflow/dags/step_four.py
[2025-04-09T09:03:17.043+0000] {processor.py:840} INFO - DAG(s) 'clean_and_move_to_final_table' retrieved from /opt/airflow/dags/step_four.py
[2025-04-09T09:03:17.068+0000] {logging_mixin.py:188} INFO - [2025-04-09T09:03:17.067+0000] {dag.py:3047} INFO - Sync 1 DAGs
[2025-04-09T09:03:17.082+0000] {logging_mixin.py:188} INFO - [2025-04-09T09:03:17.082+0000] {dag.py:3834} INFO - Setting next_dagrun for clean_and_move_to_final_table to None, run_after=None
[2025-04-09T09:03:17.106+0000] {processor.py:183} INFO - Processing /opt/airflow/dags/step_four.py took 0.077 seconds
[2025-04-09T09:03:47.316+0000] {processor.py:161} INFO - Started process (PID=3265) to work on /opt/airflow/dags/step_four.py
[2025-04-09T09:03:47.318+0000] {processor.py:830} INFO - Processing file /opt/airflow/dags/step_four.py for tasks to queue
[2025-04-09T09:03:47.322+0000] {logging_mixin.py:188} INFO - [2025-04-09T09:03:47.321+0000] {dagbag.py:540} INFO - Filling up the DagBag from /opt/airflow/dags/step_four.py
[2025-04-09T09:03:47.331+0000] {processor.py:840} INFO - DAG(s) 'clean_and_move_to_final_table' retrieved from /opt/airflow/dags/step_four.py
[2025-04-09T09:03:47.356+0000] {logging_mixin.py:188} INFO - [2025-04-09T09:03:47.356+0000] {dag.py:3047} INFO - Sync 1 DAGs
[2025-04-09T09:03:47.375+0000] {logging_mixin.py:188} INFO - [2025-04-09T09:03:47.375+0000] {dag.py:3834} INFO - Setting next_dagrun for clean_and_move_to_final_table to None, run_after=None
[2025-04-09T09:03:47.406+0000] {processor.py:183} INFO - Processing /opt/airflow/dags/step_four.py took 0.095 seconds
[2025-04-09T09:04:17.538+0000] {processor.py:161} INFO - Started process (PID=3327) to work on /opt/airflow/dags/step_four.py
[2025-04-09T09:04:17.540+0000] {processor.py:830} INFO - Processing file /opt/airflow/dags/step_four.py for tasks to queue
[2025-04-09T09:04:17.543+0000] {logging_mixin.py:188} INFO - [2025-04-09T09:04:17.543+0000] {dagbag.py:540} INFO - Filling up the DagBag from /opt/airflow/dags/step_four.py
[2025-04-09T09:04:17.554+0000] {processor.py:840} INFO - DAG(s) 'clean_and_move_to_final_table' retrieved from /opt/airflow/dags/step_four.py
[2025-04-09T09:04:17.585+0000] {logging_mixin.py:188} INFO - [2025-04-09T09:04:17.585+0000] {dag.py:3047} INFO - Sync 1 DAGs
[2025-04-09T09:04:17.603+0000] {logging_mixin.py:188} INFO - [2025-04-09T09:04:17.602+0000] {dag.py:3834} INFO - Setting next_dagrun for clean_and_move_to_final_table to None, run_after=None
[2025-04-09T09:04:17.636+0000] {processor.py:183} INFO - Processing /opt/airflow/dags/step_four.py took 0.102 seconds
[2025-04-09T09:04:47.971+0000] {processor.py:161} INFO - Started process (PID=3389) to work on /opt/airflow/dags/step_four.py
[2025-04-09T09:04:47.973+0000] {processor.py:830} INFO - Processing file /opt/airflow/dags/step_four.py for tasks to queue
[2025-04-09T09:04:47.976+0000] {logging_mixin.py:188} INFO - [2025-04-09T09:04:47.975+0000] {dagbag.py:540} INFO - Filling up the DagBag from /opt/airflow/dags/step_four.py
[2025-04-09T09:04:47.985+0000] {processor.py:840} INFO - DAG(s) 'clean_and_move_to_final_table' retrieved from /opt/airflow/dags/step_four.py
[2025-04-09T09:04:48.010+0000] {logging_mixin.py:188} INFO - [2025-04-09T09:04:48.009+0000] {dag.py:3047} INFO - Sync 1 DAGs
[2025-04-09T09:04:48.022+0000] {logging_mixin.py:188} INFO - [2025-04-09T09:04:48.022+0000] {dag.py:3834} INFO - Setting next_dagrun for clean_and_move_to_final_table to None, run_after=None
[2025-04-09T09:04:48.049+0000] {processor.py:183} INFO - Processing /opt/airflow/dags/step_four.py took 0.082 seconds
[2025-04-09T09:05:18.375+0000] {processor.py:161} INFO - Started process (PID=3451) to work on /opt/airflow/dags/step_four.py
[2025-04-09T09:05:18.376+0000] {processor.py:830} INFO - Processing file /opt/airflow/dags/step_four.py for tasks to queue
[2025-04-09T09:05:18.379+0000] {logging_mixin.py:188} INFO - [2025-04-09T09:05:18.379+0000] {dagbag.py:540} INFO - Filling up the DagBag from /opt/airflow/dags/step_four.py
[2025-04-09T09:05:18.388+0000] {processor.py:840} INFO - DAG(s) 'clean_and_move_to_final_table' retrieved from /opt/airflow/dags/step_four.py
[2025-04-09T09:05:18.417+0000] {logging_mixin.py:188} INFO - [2025-04-09T09:05:18.416+0000] {dag.py:3047} INFO - Sync 1 DAGs
[2025-04-09T09:05:18.439+0000] {logging_mixin.py:188} INFO - [2025-04-09T09:05:18.438+0000] {dag.py:3834} INFO - Setting next_dagrun for clean_and_move_to_final_table to None, run_after=None
[2025-04-09T09:05:18.475+0000] {processor.py:183} INFO - Processing /opt/airflow/dags/step_four.py took 0.105 seconds
[2025-04-09T09:05:48.533+0000] {processor.py:161} INFO - Started process (PID=3513) to work on /opt/airflow/dags/step_four.py
[2025-04-09T09:05:48.535+0000] {processor.py:830} INFO - Processing file /opt/airflow/dags/step_four.py for tasks to queue
[2025-04-09T09:05:48.539+0000] {logging_mixin.py:188} INFO - [2025-04-09T09:05:48.538+0000] {dagbag.py:540} INFO - Filling up the DagBag from /opt/airflow/dags/step_four.py
[2025-04-09T09:05:48.546+0000] {processor.py:840} INFO - DAG(s) 'clean_and_move_to_final_table' retrieved from /opt/airflow/dags/step_four.py
[2025-04-09T09:05:48.575+0000] {logging_mixin.py:188} INFO - [2025-04-09T09:05:48.574+0000] {dag.py:3047} INFO - Sync 1 DAGs
[2025-04-09T09:05:48.588+0000] {logging_mixin.py:188} INFO - [2025-04-09T09:05:48.588+0000] {dag.py:3834} INFO - Setting next_dagrun for clean_and_move_to_final_table to None, run_after=None
[2025-04-09T09:05:48.614+0000] {processor.py:183} INFO - Processing /opt/airflow/dags/step_four.py took 0.087 seconds
[2025-04-09T09:06:18.756+0000] {processor.py:161} INFO - Started process (PID=3574) to work on /opt/airflow/dags/step_four.py
[2025-04-09T09:06:18.758+0000] {processor.py:830} INFO - Processing file /opt/airflow/dags/step_four.py for tasks to queue
[2025-04-09T09:06:18.760+0000] {logging_mixin.py:188} INFO - [2025-04-09T09:06:18.759+0000] {dagbag.py:540} INFO - Filling up the DagBag from /opt/airflow/dags/step_four.py
[2025-04-09T09:06:18.771+0000] {processor.py:840} INFO - DAG(s) 'clean_and_move_to_final_table' retrieved from /opt/airflow/dags/step_four.py
[2025-04-09T09:06:18.797+0000] {logging_mixin.py:188} INFO - [2025-04-09T09:06:18.797+0000] {dag.py:3047} INFO - Sync 1 DAGs
[2025-04-09T09:06:18.812+0000] {logging_mixin.py:188} INFO - [2025-04-09T09:06:18.812+0000] {dag.py:3834} INFO - Setting next_dagrun for clean_and_move_to_final_table to None, run_after=None
[2025-04-09T09:06:18.844+0000] {processor.py:183} INFO - Processing /opt/airflow/dags/step_four.py took 0.097 seconds
[2025-04-09T09:06:49.088+0000] {processor.py:161} INFO - Started process (PID=3641) to work on /opt/airflow/dags/step_four.py
[2025-04-09T09:06:49.090+0000] {processor.py:830} INFO - Processing file /opt/airflow/dags/step_four.py for tasks to queue
[2025-04-09T09:06:49.092+0000] {logging_mixin.py:188} INFO - [2025-04-09T09:06:49.091+0000] {dagbag.py:540} INFO - Filling up the DagBag from /opt/airflow/dags/step_four.py
[2025-04-09T09:06:49.101+0000] {processor.py:840} INFO - DAG(s) 'clean_and_move_to_final_table' retrieved from /opt/airflow/dags/step_four.py
[2025-04-09T09:06:49.130+0000] {logging_mixin.py:188} INFO - [2025-04-09T09:06:49.129+0000] {dag.py:3047} INFO - Sync 1 DAGs
[2025-04-09T09:06:49.144+0000] {logging_mixin.py:188} INFO - [2025-04-09T09:06:49.144+0000] {dag.py:3834} INFO - Setting next_dagrun for clean_and_move_to_final_table to None, run_after=None
[2025-04-09T09:06:49.172+0000] {processor.py:183} INFO - Processing /opt/airflow/dags/step_four.py took 0.090 seconds
[2025-04-09T09:07:19.445+0000] {processor.py:161} INFO - Started process (PID=3702) to work on /opt/airflow/dags/step_four.py
[2025-04-09T09:07:19.446+0000] {processor.py:830} INFO - Processing file /opt/airflow/dags/step_four.py for tasks to queue
[2025-04-09T09:07:19.448+0000] {logging_mixin.py:188} INFO - [2025-04-09T09:07:19.447+0000] {dagbag.py:540} INFO - Filling up the DagBag from /opt/airflow/dags/step_four.py
[2025-04-09T09:07:19.457+0000] {processor.py:840} INFO - DAG(s) 'clean_and_move_to_final_table' retrieved from /opt/airflow/dags/step_four.py
[2025-04-09T09:07:19.486+0000] {logging_mixin.py:188} INFO - [2025-04-09T09:07:19.486+0000] {dag.py:3047} INFO - Sync 1 DAGs
[2025-04-09T09:07:19.503+0000] {logging_mixin.py:188} INFO - [2025-04-09T09:07:19.503+0000] {dag.py:3834} INFO - Setting next_dagrun for clean_and_move_to_final_table to None, run_after=None
[2025-04-09T09:07:19.534+0000] {processor.py:183} INFO - Processing /opt/airflow/dags/step_four.py took 0.094 seconds
[2025-04-09T09:07:50.264+0000] {processor.py:161} INFO - Started process (PID=3764) to work on /opt/airflow/dags/step_four.py
[2025-04-09T09:07:50.266+0000] {processor.py:830} INFO - Processing file /opt/airflow/dags/step_four.py for tasks to queue
[2025-04-09T09:07:50.267+0000] {logging_mixin.py:188} INFO - [2025-04-09T09:07:50.266+0000] {dagbag.py:540} INFO - Filling up the DagBag from /opt/airflow/dags/step_four.py
[2025-04-09T09:07:50.278+0000] {processor.py:840} INFO - DAG(s) 'clean_and_move_to_final_table' retrieved from /opt/airflow/dags/step_four.py
[2025-04-09T09:07:50.305+0000] {logging_mixin.py:188} INFO - [2025-04-09T09:07:50.304+0000] {dag.py:3047} INFO - Sync 1 DAGs
[2025-04-09T09:07:50.325+0000] {logging_mixin.py:188} INFO - [2025-04-09T09:07:50.325+0000] {dag.py:3834} INFO - Setting next_dagrun for clean_and_move_to_final_table to None, run_after=None
[2025-04-09T09:07:50.357+0000] {processor.py:183} INFO - Processing /opt/airflow/dags/step_four.py took 0.097 seconds
[2025-04-09T09:08:20.704+0000] {processor.py:161} INFO - Started process (PID=3826) to work on /opt/airflow/dags/step_four.py
[2025-04-09T09:08:20.705+0000] {processor.py:830} INFO - Processing file /opt/airflow/dags/step_four.py for tasks to queue
[2025-04-09T09:08:20.706+0000] {logging_mixin.py:188} INFO - [2025-04-09T09:08:20.706+0000] {dagbag.py:540} INFO - Filling up the DagBag from /opt/airflow/dags/step_four.py
[2025-04-09T09:08:20.715+0000] {processor.py:840} INFO - DAG(s) 'clean_and_move_to_final_table' retrieved from /opt/airflow/dags/step_four.py
[2025-04-09T09:08:20.742+0000] {logging_mixin.py:188} INFO - [2025-04-09T09:08:20.741+0000] {dag.py:3047} INFO - Sync 1 DAGs
[2025-04-09T09:08:20.760+0000] {logging_mixin.py:188} INFO - [2025-04-09T09:08:20.760+0000] {dag.py:3834} INFO - Setting next_dagrun for clean_and_move_to_final_table to None, run_after=None
[2025-04-09T09:08:20.794+0000] {processor.py:183} INFO - Processing /opt/airflow/dags/step_four.py took 0.096 seconds
[2025-04-09T09:08:51.122+0000] {processor.py:161} INFO - Started process (PID=3888) to work on /opt/airflow/dags/step_four.py
[2025-04-09T09:08:51.124+0000] {processor.py:830} INFO - Processing file /opt/airflow/dags/step_four.py for tasks to queue
[2025-04-09T09:08:51.125+0000] {logging_mixin.py:188} INFO - [2025-04-09T09:08:51.124+0000] {dagbag.py:540} INFO - Filling up the DagBag from /opt/airflow/dags/step_four.py
[2025-04-09T09:08:51.133+0000] {processor.py:840} INFO - DAG(s) 'clean_and_move_to_final_table' retrieved from /opt/airflow/dags/step_four.py
[2025-04-09T09:08:51.159+0000] {logging_mixin.py:188} INFO - [2025-04-09T09:08:51.159+0000] {dag.py:3047} INFO - Sync 1 DAGs
[2025-04-09T09:08:51.173+0000] {logging_mixin.py:188} INFO - [2025-04-09T09:08:51.173+0000] {dag.py:3834} INFO - Setting next_dagrun for clean_and_move_to_final_table to None, run_after=None
[2025-04-09T09:08:51.201+0000] {processor.py:183} INFO - Processing /opt/airflow/dags/step_four.py took 0.084 seconds
[2025-04-09T09:09:21.635+0000] {processor.py:161} INFO - Started process (PID=3950) to work on /opt/airflow/dags/step_four.py
[2025-04-09T09:09:21.636+0000] {processor.py:830} INFO - Processing file /opt/airflow/dags/step_four.py for tasks to queue
[2025-04-09T09:09:21.638+0000] {logging_mixin.py:188} INFO - [2025-04-09T09:09:21.637+0000] {dagbag.py:540} INFO - Filling up the DagBag from /opt/airflow/dags/step_four.py
[2025-04-09T09:09:21.647+0000] {processor.py:840} INFO - DAG(s) 'clean_and_move_to_final_table' retrieved from /opt/airflow/dags/step_four.py
[2025-04-09T09:09:21.674+0000] {logging_mixin.py:188} INFO - [2025-04-09T09:09:21.673+0000] {dag.py:3047} INFO - Sync 1 DAGs
[2025-04-09T09:09:21.686+0000] {logging_mixin.py:188} INFO - [2025-04-09T09:09:21.686+0000] {dag.py:3834} INFO - Setting next_dagrun for clean_and_move_to_final_table to None, run_after=None
[2025-04-09T09:09:21.713+0000] {processor.py:183} INFO - Processing /opt/airflow/dags/step_four.py took 0.082 seconds
[2025-04-09T09:09:51.796+0000] {processor.py:161} INFO - Started process (PID=4012) to work on /opt/airflow/dags/step_four.py
[2025-04-09T09:09:51.798+0000] {processor.py:830} INFO - Processing file /opt/airflow/dags/step_four.py for tasks to queue
[2025-04-09T09:09:51.799+0000] {logging_mixin.py:188} INFO - [2025-04-09T09:09:51.799+0000] {dagbag.py:540} INFO - Filling up the DagBag from /opt/airflow/dags/step_four.py
[2025-04-09T09:09:51.814+0000] {processor.py:840} INFO - DAG(s) 'clean_and_move_to_final_table' retrieved from /opt/airflow/dags/step_four.py
[2025-04-09T09:09:51.847+0000] {logging_mixin.py:188} INFO - [2025-04-09T09:09:51.846+0000] {dag.py:3047} INFO - Sync 1 DAGs
[2025-04-09T09:09:51.863+0000] {logging_mixin.py:188} INFO - [2025-04-09T09:09:51.863+0000] {dag.py:3834} INFO - Setting next_dagrun for clean_and_move_to_final_table to None, run_after=None
[2025-04-09T09:09:51.892+0000] {processor.py:183} INFO - Processing /opt/airflow/dags/step_four.py took 0.103 seconds
[2025-04-09T09:10:21.942+0000] {processor.py:161} INFO - Started process (PID=4074) to work on /opt/airflow/dags/step_four.py
[2025-04-09T09:10:21.944+0000] {processor.py:830} INFO - Processing file /opt/airflow/dags/step_four.py for tasks to queue
[2025-04-09T09:10:21.945+0000] {logging_mixin.py:188} INFO - [2025-04-09T09:10:21.944+0000] {dagbag.py:540} INFO - Filling up the DagBag from /opt/airflow/dags/step_four.py
[2025-04-09T09:10:21.953+0000] {processor.py:840} INFO - DAG(s) 'clean_and_move_to_final_table' retrieved from /opt/airflow/dags/step_four.py
[2025-04-09T09:10:21.979+0000] {logging_mixin.py:188} INFO - [2025-04-09T09:10:21.978+0000] {dag.py:3047} INFO - Sync 1 DAGs
[2025-04-09T09:10:21.994+0000] {logging_mixin.py:188} INFO - [2025-04-09T09:10:21.994+0000] {dag.py:3834} INFO - Setting next_dagrun for clean_and_move_to_final_table to None, run_after=None
[2025-04-09T09:10:22.019+0000] {processor.py:183} INFO - Processing /opt/airflow/dags/step_four.py took 0.083 seconds
[2025-04-09T09:10:52.106+0000] {processor.py:161} INFO - Started process (PID=4136) to work on /opt/airflow/dags/step_four.py
[2025-04-09T09:10:52.111+0000] {processor.py:830} INFO - Processing file /opt/airflow/dags/step_four.py for tasks to queue
[2025-04-09T09:10:52.113+0000] {logging_mixin.py:188} INFO - [2025-04-09T09:10:52.113+0000] {dagbag.py:540} INFO - Filling up the DagBag from /opt/airflow/dags/step_four.py
[2025-04-09T09:10:52.127+0000] {processor.py:840} INFO - DAG(s) 'clean_and_move_to_final_table' retrieved from /opt/airflow/dags/step_four.py
[2025-04-09T09:10:52.164+0000] {logging_mixin.py:188} INFO - [2025-04-09T09:10:52.163+0000] {dag.py:3047} INFO - Sync 1 DAGs
[2025-04-09T09:10:52.201+0000] {logging_mixin.py:188} INFO - [2025-04-09T09:10:52.198+0000] {dag.py:3834} INFO - Setting next_dagrun for clean_and_move_to_final_table to None, run_after=None
[2025-04-09T09:10:52.257+0000] {processor.py:183} INFO - Processing /opt/airflow/dags/step_four.py took 0.158 seconds
[2025-04-09T09:11:22.486+0000] {processor.py:161} INFO - Started process (PID=4197) to work on /opt/airflow/dags/step_four.py
[2025-04-09T09:11:22.488+0000] {processor.py:830} INFO - Processing file /opt/airflow/dags/step_four.py for tasks to queue
[2025-04-09T09:11:22.489+0000] {logging_mixin.py:188} INFO - [2025-04-09T09:11:22.489+0000] {dagbag.py:540} INFO - Filling up the DagBag from /opt/airflow/dags/step_four.py
[2025-04-09T09:11:22.500+0000] {processor.py:840} INFO - DAG(s) 'clean_and_move_to_final_table' retrieved from /opt/airflow/dags/step_four.py
[2025-04-09T09:11:22.530+0000] {logging_mixin.py:188} INFO - [2025-04-09T09:11:22.530+0000] {dag.py:3047} INFO - Sync 1 DAGs
[2025-04-09T09:11:22.550+0000] {logging_mixin.py:188} INFO - [2025-04-09T09:11:22.550+0000] {dag.py:3834} INFO - Setting next_dagrun for clean_and_move_to_final_table to None, run_after=None
[2025-04-09T09:11:22.581+0000] {processor.py:183} INFO - Processing /opt/airflow/dags/step_four.py took 0.100 seconds
[2025-04-09T09:11:52.904+0000] {processor.py:161} INFO - Started process (PID=4257) to work on /opt/airflow/dags/step_four.py
[2025-04-09T09:11:52.906+0000] {processor.py:830} INFO - Processing file /opt/airflow/dags/step_four.py for tasks to queue
[2025-04-09T09:11:52.908+0000] {logging_mixin.py:188} INFO - [2025-04-09T09:11:52.907+0000] {dagbag.py:540} INFO - Filling up the DagBag from /opt/airflow/dags/step_four.py
[2025-04-09T09:11:52.918+0000] {processor.py:840} INFO - DAG(s) 'clean_and_move_to_final_table' retrieved from /opt/airflow/dags/step_four.py
[2025-04-09T09:11:52.946+0000] {logging_mixin.py:188} INFO - [2025-04-09T09:11:52.946+0000] {dag.py:3047} INFO - Sync 1 DAGs
[2025-04-09T09:11:52.964+0000] {logging_mixin.py:188} INFO - [2025-04-09T09:11:52.964+0000] {dag.py:3834} INFO - Setting next_dagrun for clean_and_move_to_final_table to None, run_after=None
[2025-04-09T09:11:52.999+0000] {processor.py:183} INFO - Processing /opt/airflow/dags/step_four.py took 0.100 seconds
[2025-04-09T09:12:23.362+0000] {processor.py:161} INFO - Started process (PID=4323) to work on /opt/airflow/dags/step_four.py
[2025-04-09T09:12:23.364+0000] {processor.py:830} INFO - Processing file /opt/airflow/dags/step_four.py for tasks to queue
[2025-04-09T09:12:23.366+0000] {logging_mixin.py:188} INFO - [2025-04-09T09:12:23.365+0000] {dagbag.py:540} INFO - Filling up the DagBag from /opt/airflow/dags/step_four.py
[2025-04-09T09:12:23.375+0000] {processor.py:840} INFO - DAG(s) 'clean_and_move_to_final_table' retrieved from /opt/airflow/dags/step_four.py
[2025-04-09T09:12:23.402+0000] {logging_mixin.py:188} INFO - [2025-04-09T09:12:23.402+0000] {dag.py:3047} INFO - Sync 1 DAGs
[2025-04-09T09:12:23.416+0000] {logging_mixin.py:188} INFO - [2025-04-09T09:12:23.416+0000] {dag.py:3834} INFO - Setting next_dagrun for clean_and_move_to_final_table to None, run_after=None
[2025-04-09T09:12:23.441+0000] {processor.py:183} INFO - Processing /opt/airflow/dags/step_four.py took 0.083 seconds
[2025-04-09T09:12:54.023+0000] {processor.py:161} INFO - Started process (PID=4385) to work on /opt/airflow/dags/step_four.py
[2025-04-09T09:12:54.024+0000] {processor.py:830} INFO - Processing file /opt/airflow/dags/step_four.py for tasks to queue
[2025-04-09T09:12:54.026+0000] {logging_mixin.py:188} INFO - [2025-04-09T09:12:54.025+0000] {dagbag.py:540} INFO - Filling up the DagBag from /opt/airflow/dags/step_four.py
[2025-04-09T09:12:54.034+0000] {processor.py:840} INFO - DAG(s) 'clean_and_move_to_final_table' retrieved from /opt/airflow/dags/step_four.py
[2025-04-09T09:12:54.060+0000] {logging_mixin.py:188} INFO - [2025-04-09T09:12:54.060+0000] {dag.py:3047} INFO - Sync 1 DAGs
[2025-04-09T09:12:54.077+0000] {logging_mixin.py:188} INFO - [2025-04-09T09:12:54.076+0000] {dag.py:3834} INFO - Setting next_dagrun for clean_and_move_to_final_table to None, run_after=None
[2025-04-09T09:12:54.107+0000] {processor.py:183} INFO - Processing /opt/airflow/dags/step_four.py took 0.088 seconds
[2025-04-09T09:13:24.465+0000] {processor.py:161} INFO - Started process (PID=4447) to work on /opt/airflow/dags/step_four.py
[2025-04-09T09:13:24.467+0000] {processor.py:830} INFO - Processing file /opt/airflow/dags/step_four.py for tasks to queue
[2025-04-09T09:13:24.468+0000] {logging_mixin.py:188} INFO - [2025-04-09T09:13:24.468+0000] {dagbag.py:540} INFO - Filling up the DagBag from /opt/airflow/dags/step_four.py
[2025-04-09T09:13:24.478+0000] {processor.py:840} INFO - DAG(s) 'clean_and_move_to_final_table' retrieved from /opt/airflow/dags/step_four.py
[2025-04-09T09:13:24.507+0000] {logging_mixin.py:188} INFO - [2025-04-09T09:13:24.507+0000] {dag.py:3047} INFO - Sync 1 DAGs
[2025-04-09T09:13:24.524+0000] {logging_mixin.py:188} INFO - [2025-04-09T09:13:24.523+0000] {dag.py:3834} INFO - Setting next_dagrun for clean_and_move_to_final_table to None, run_after=None
[2025-04-09T09:13:24.553+0000] {processor.py:183} INFO - Processing /opt/airflow/dags/step_four.py took 0.093 seconds
[2025-04-09T09:13:54.872+0000] {processor.py:161} INFO - Started process (PID=4509) to work on /opt/airflow/dags/step_four.py
[2025-04-09T09:13:54.875+0000] {processor.py:830} INFO - Processing file /opt/airflow/dags/step_four.py for tasks to queue
[2025-04-09T09:13:54.877+0000] {logging_mixin.py:188} INFO - [2025-04-09T09:13:54.876+0000] {dagbag.py:540} INFO - Filling up the DagBag from /opt/airflow/dags/step_four.py
[2025-04-09T09:13:54.890+0000] {processor.py:840} INFO - DAG(s) 'clean_and_move_to_final_table' retrieved from /opt/airflow/dags/step_four.py
[2025-04-09T09:13:54.924+0000] {logging_mixin.py:188} INFO - [2025-04-09T09:13:54.923+0000] {dag.py:3047} INFO - Sync 1 DAGs
[2025-04-09T09:13:54.947+0000] {logging_mixin.py:188} INFO - [2025-04-09T09:13:54.947+0000] {dag.py:3834} INFO - Setting next_dagrun for clean_and_move_to_final_table to None, run_after=None
[2025-04-09T09:13:54.994+0000] {processor.py:183} INFO - Processing /opt/airflow/dags/step_four.py took 0.128 seconds
[2025-04-09T09:14:25.805+0000] {processor.py:161} INFO - Started process (PID=4571) to work on /opt/airflow/dags/step_four.py
[2025-04-09T09:14:25.807+0000] {processor.py:830} INFO - Processing file /opt/airflow/dags/step_four.py for tasks to queue
[2025-04-09T09:14:25.810+0000] {logging_mixin.py:188} INFO - [2025-04-09T09:14:25.809+0000] {dagbag.py:540} INFO - Filling up the DagBag from /opt/airflow/dags/step_four.py
[2025-04-09T09:14:25.822+0000] {processor.py:840} INFO - DAG(s) 'clean_and_move_to_final_table' retrieved from /opt/airflow/dags/step_four.py
[2025-04-09T09:14:25.859+0000] {logging_mixin.py:188} INFO - [2025-04-09T09:14:25.857+0000] {dag.py:3047} INFO - Sync 1 DAGs
[2025-04-09T09:14:25.884+0000] {logging_mixin.py:188} INFO - [2025-04-09T09:14:25.884+0000] {dag.py:3834} INFO - Setting next_dagrun for clean_and_move_to_final_table to None, run_after=None
[2025-04-09T09:14:25.921+0000] {processor.py:183} INFO - Processing /opt/airflow/dags/step_four.py took 0.123 seconds
[2025-04-09T09:14:56.069+0000] {processor.py:161} INFO - Started process (PID=4633) to work on /opt/airflow/dags/step_four.py
[2025-04-09T09:14:56.071+0000] {processor.py:830} INFO - Processing file /opt/airflow/dags/step_four.py for tasks to queue
[2025-04-09T09:14:56.072+0000] {logging_mixin.py:188} INFO - [2025-04-09T09:14:56.071+0000] {dagbag.py:540} INFO - Filling up the DagBag from /opt/airflow/dags/step_four.py
[2025-04-09T09:14:56.080+0000] {processor.py:840} INFO - DAG(s) 'clean_and_move_to_final_table' retrieved from /opt/airflow/dags/step_four.py
[2025-04-09T09:14:56.108+0000] {logging_mixin.py:188} INFO - [2025-04-09T09:14:56.108+0000] {dag.py:3047} INFO - Sync 1 DAGs
[2025-04-09T09:14:56.124+0000] {logging_mixin.py:188} INFO - [2025-04-09T09:14:56.124+0000] {dag.py:3834} INFO - Setting next_dagrun for clean_and_move_to_final_table to None, run_after=None
[2025-04-09T09:14:56.151+0000] {processor.py:183} INFO - Processing /opt/airflow/dags/step_four.py took 0.088 seconds
[2025-04-09T09:15:26.497+0000] {processor.py:161} INFO - Started process (PID=4695) to work on /opt/airflow/dags/step_four.py
[2025-04-09T09:15:26.499+0000] {processor.py:830} INFO - Processing file /opt/airflow/dags/step_four.py for tasks to queue
[2025-04-09T09:15:26.501+0000] {logging_mixin.py:188} INFO - [2025-04-09T09:15:26.500+0000] {dagbag.py:540} INFO - Filling up the DagBag from /opt/airflow/dags/step_four.py
[2025-04-09T09:15:26.509+0000] {processor.py:840} INFO - DAG(s) 'clean_and_move_to_final_table' retrieved from /opt/airflow/dags/step_four.py
[2025-04-09T09:15:26.535+0000] {logging_mixin.py:188} INFO - [2025-04-09T09:15:26.534+0000] {dag.py:3047} INFO - Sync 1 DAGs
[2025-04-09T09:15:26.553+0000] {logging_mixin.py:188} INFO - [2025-04-09T09:15:26.553+0000] {dag.py:3834} INFO - Setting next_dagrun for clean_and_move_to_final_table to None, run_after=None
[2025-04-09T09:15:26.582+0000] {processor.py:183} INFO - Processing /opt/airflow/dags/step_four.py took 0.091 seconds
[2025-04-09T09:15:57.234+0000] {processor.py:161} INFO - Started process (PID=4757) to work on /opt/airflow/dags/step_four.py
[2025-04-09T09:15:57.235+0000] {processor.py:830} INFO - Processing file /opt/airflow/dags/step_four.py for tasks to queue
[2025-04-09T09:15:57.236+0000] {logging_mixin.py:188} INFO - [2025-04-09T09:15:57.236+0000] {dagbag.py:540} INFO - Filling up the DagBag from /opt/airflow/dags/step_four.py
[2025-04-09T09:15:57.245+0000] {processor.py:840} INFO - DAG(s) 'clean_and_move_to_final_table' retrieved from /opt/airflow/dags/step_four.py
[2025-04-09T09:15:57.275+0000] {logging_mixin.py:188} INFO - [2025-04-09T09:15:57.274+0000] {dag.py:3047} INFO - Sync 1 DAGs
[2025-04-09T09:15:57.303+0000] {logging_mixin.py:188} INFO - [2025-04-09T09:15:57.302+0000] {dag.py:3834} INFO - Setting next_dagrun for clean_and_move_to_final_table to None, run_after=None
[2025-04-09T09:15:57.339+0000] {processor.py:183} INFO - Processing /opt/airflow/dags/step_four.py took 0.109 seconds
[2025-04-09T09:16:27.828+0000] {processor.py:161} INFO - Started process (PID=4819) to work on /opt/airflow/dags/step_four.py
[2025-04-09T09:16:27.830+0000] {processor.py:830} INFO - Processing file /opt/airflow/dags/step_four.py for tasks to queue
[2025-04-09T09:16:27.832+0000] {logging_mixin.py:188} INFO - [2025-04-09T09:16:27.831+0000] {dagbag.py:540} INFO - Filling up the DagBag from /opt/airflow/dags/step_four.py
[2025-04-09T09:16:27.844+0000] {processor.py:840} INFO - DAG(s) 'clean_and_move_to_final_table' retrieved from /opt/airflow/dags/step_four.py
[2025-04-09T09:16:27.871+0000] {logging_mixin.py:188} INFO - [2025-04-09T09:16:27.870+0000] {dag.py:3047} INFO - Sync 1 DAGs
[2025-04-09T09:16:27.892+0000] {logging_mixin.py:188} INFO - [2025-04-09T09:16:27.892+0000] {dag.py:3834} INFO - Setting next_dagrun for clean_and_move_to_final_table to None, run_after=None
[2025-04-09T09:16:27.922+0000] {processor.py:183} INFO - Processing /opt/airflow/dags/step_four.py took 0.099 seconds
[2025-04-09T09:16:58.427+0000] {processor.py:161} INFO - Started process (PID=4881) to work on /opt/airflow/dags/step_four.py
[2025-04-09T09:16:58.429+0000] {processor.py:830} INFO - Processing file /opt/airflow/dags/step_four.py for tasks to queue
[2025-04-09T09:16:58.430+0000] {logging_mixin.py:188} INFO - [2025-04-09T09:16:58.429+0000] {dagbag.py:540} INFO - Filling up the DagBag from /opt/airflow/dags/step_four.py
[2025-04-09T09:16:58.439+0000] {processor.py:840} INFO - DAG(s) 'clean_and_move_to_final_table' retrieved from /opt/airflow/dags/step_four.py
[2025-04-09T09:16:58.463+0000] {logging_mixin.py:188} INFO - [2025-04-09T09:16:58.462+0000] {dag.py:3047} INFO - Sync 1 DAGs
[2025-04-09T09:16:58.478+0000] {logging_mixin.py:188} INFO - [2025-04-09T09:16:58.477+0000] {dag.py:3834} INFO - Setting next_dagrun for clean_and_move_to_final_table to None, run_after=None
[2025-04-09T09:16:58.508+0000] {processor.py:183} INFO - Processing /opt/airflow/dags/step_four.py took 0.086 seconds
[2025-04-09T09:17:28.732+0000] {processor.py:161} INFO - Started process (PID=4949) to work on /opt/airflow/dags/step_four.py
[2025-04-09T09:17:28.734+0000] {processor.py:830} INFO - Processing file /opt/airflow/dags/step_four.py for tasks to queue
[2025-04-09T09:17:28.735+0000] {logging_mixin.py:188} INFO - [2025-04-09T09:17:28.735+0000] {dagbag.py:540} INFO - Filling up the DagBag from /opt/airflow/dags/step_four.py
[2025-04-09T09:17:28.744+0000] {processor.py:840} INFO - DAG(s) 'clean_and_move_to_final_table' retrieved from /opt/airflow/dags/step_four.py
[2025-04-09T09:17:28.769+0000] {logging_mixin.py:188} INFO - [2025-04-09T09:17:28.768+0000] {dag.py:3047} INFO - Sync 1 DAGs
[2025-04-09T09:17:28.781+0000] {logging_mixin.py:188} INFO - [2025-04-09T09:17:28.781+0000] {dag.py:3834} INFO - Setting next_dagrun for clean_and_move_to_final_table to None, run_after=None
[2025-04-09T09:17:28.807+0000] {processor.py:183} INFO - Processing /opt/airflow/dags/step_four.py took 0.079 seconds
